[2023-10-01 06:11:53,785] {taskinstance.py:851} INFO - Dependencies all met for <TaskInstance: our_fourth_dag_v4.first_task 2021-09-26T00:00:00+00:00 [queued]>
[2023-10-01 06:11:54,093] {taskinstance.py:851} INFO - Dependencies all met for <TaskInstance: our_fourth_dag_v4.first_task 2021-09-26T00:00:00+00:00 [queued]>
[2023-10-01 06:11:54,120] {taskinstance.py:1042} INFO - 
--------------------------------------------------------------------------------
[2023-10-01 06:11:54,132] {taskinstance.py:1043} INFO - Starting attempt 1 of 6
[2023-10-01 06:11:54,138] {taskinstance.py:1044} INFO - 
--------------------------------------------------------------------------------
[2023-10-01 06:11:54,373] {taskinstance.py:1063} INFO - Executing <Task(BashOperator): first_task> on 2021-09-26T00:00:00+00:00
[2023-10-01 06:11:54,445] {standard_task_runner.py:52} INFO - Started process 4727 to run task
[2023-10-01 06:11:54,595] {standard_task_runner.py:76} INFO - Running: ['airflow', 'tasks', 'run', 'our_fourth_dag_v4', 'first_task', '2021-09-26T00:00:00+00:00', '--job-id', '600', '--pool', 'default_pool', '--raw', '--subdir', 'DAGS_FOLDER/our_fourth_dag.py', '--cfg-path', '/tmp/tmpr8vzc7bh', '--error-file', '/tmp/tmpyoq9w32i']
[2023-10-01 06:11:54,671] {standard_task_runner.py:77} INFO - Job 600: Subtask first_task
[2023-10-01 06:11:55,291] {logging_mixin.py:104} INFO - Running <TaskInstance: our_fourth_dag_v4.first_task 2021-09-26T00:00:00+00:00 [running]> on host d4ed655215d1
[2023-10-01 06:11:56,059] {taskinstance.py:1257} INFO - Exporting the following env vars:
AIRFLOW_CTX_DAG_OWNER=svastikkka
AIRFLOW_CTX_DAG_ID=our_fourth_dag_v4
AIRFLOW_CTX_TASK_ID=first_task
AIRFLOW_CTX_EXECUTION_DATE=2021-09-26T00:00:00+00:00
AIRFLOW_CTX_DAG_RUN_ID=scheduled__2021-09-26T00:00:00+00:00
[2023-10-01 06:11:56,085] {bash.py:135} INFO - Tmp dir root location: 
 /tmp
[2023-10-01 06:11:56,093] {bash.py:158} INFO - Running command: echo hello world, this is the first task!
[2023-10-01 06:11:56,304] {bash.py:169} INFO - Output:
[2023-10-01 06:11:56,366] {bash.py:173} INFO - hello world, this is the first task!
[2023-10-01 06:11:56,381] {bash.py:177} INFO - Command exited with return code 0
[2023-10-01 06:11:56,902] {taskinstance.py:1166} INFO - Marking task as SUCCESS. dag_id=our_fourth_dag_v4, task_id=first_task, execution_date=20210926T000000, start_date=20231001T061153, end_date=20231001T061156
[2023-10-01 06:11:57,461] {taskinstance.py:1220} INFO - 2 downstream tasks scheduled from follow-on schedule check
[2023-10-01 06:11:57,680] {local_task_job.py:146} INFO - Task exited with return code 0
