[2023-10-01 06:18:16,070] {taskinstance.py:851} INFO - Dependencies all met for <TaskInstance: our_fourth_dag_v4.second_task 2021-12-14T00:00:00+00:00 [queued]>
[2023-10-01 06:18:16,352] {taskinstance.py:851} INFO - Dependencies all met for <TaskInstance: our_fourth_dag_v4.second_task 2021-12-14T00:00:00+00:00 [queued]>
[2023-10-01 06:18:16,354] {taskinstance.py:1042} INFO - 
--------------------------------------------------------------------------------
[2023-10-01 06:18:16,370] {taskinstance.py:1043} INFO - Starting attempt 1 of 6
[2023-10-01 06:18:16,371] {taskinstance.py:1044} INFO - 
--------------------------------------------------------------------------------
[2023-10-01 06:18:16,529] {taskinstance.py:1063} INFO - Executing <Task(BashOperator): second_task> on 2021-12-14T00:00:00+00:00
[2023-10-01 06:18:16,545] {standard_task_runner.py:52} INFO - Started process 5986 to run task
[2023-10-01 06:18:16,631] {standard_task_runner.py:76} INFO - Running: ['airflow', 'tasks', 'run', 'our_fourth_dag_v4', 'second_task', '2021-12-14T00:00:00+00:00', '--job-id', '847', '--pool', 'default_pool', '--raw', '--subdir', 'DAGS_FOLDER/our_fourth_dag.py', '--cfg-path', '/tmp/tmp9ghd1nzq', '--error-file', '/tmp/tmp5le1982k']
[2023-10-01 06:18:16,693] {standard_task_runner.py:77} INFO - Job 847: Subtask second_task
[2023-10-01 06:18:17,201] {logging_mixin.py:104} INFO - Running <TaskInstance: our_fourth_dag_v4.second_task 2021-12-14T00:00:00+00:00 [running]> on host d4ed655215d1
[2023-10-01 06:18:17,762] {taskinstance.py:1257} INFO - Exporting the following env vars:
AIRFLOW_CTX_DAG_OWNER=svastikkka
AIRFLOW_CTX_DAG_ID=our_fourth_dag_v4
AIRFLOW_CTX_TASK_ID=second_task
AIRFLOW_CTX_EXECUTION_DATE=2021-12-14T00:00:00+00:00
AIRFLOW_CTX_DAG_RUN_ID=scheduled__2021-12-14T00:00:00+00:00
[2023-10-01 06:18:17,764] {bash.py:135} INFO - Tmp dir root location: 
 /tmp
[2023-10-01 06:18:17,767] {bash.py:158} INFO - Running command: echo hey, I am task2 and will be running after task1!
[2023-10-01 06:18:17,956] {bash.py:169} INFO - Output:
[2023-10-01 06:18:18,004] {bash.py:173} INFO - hey, I am task2 and will be running after task1!
[2023-10-01 06:18:18,007] {bash.py:177} INFO - Command exited with return code 0
[2023-10-01 06:18:18,287] {taskinstance.py:1166} INFO - Marking task as SUCCESS. dag_id=our_fourth_dag_v4, task_id=second_task, execution_date=20211214T000000, start_date=20231001T061816, end_date=20231001T061818
[2023-10-01 06:18:18,458] {taskinstance.py:1220} INFO - 0 downstream tasks scheduled from follow-on schedule check
[2023-10-01 06:18:18,536] {local_task_job.py:146} INFO - Task exited with return code 0
