[2023-10-01 06:07:56,520] {taskinstance.py:851} INFO - Dependencies all met for <TaskInstance: our_fourth_dag_v4.first_task 2021-08-08T00:00:00+00:00 [queued]>
[2023-10-01 06:08:00,251] {taskinstance.py:851} INFO - Dependencies all met for <TaskInstance: our_fourth_dag_v4.first_task 2021-08-08T00:00:00+00:00 [queued]>
[2023-10-01 06:08:00,256] {taskinstance.py:1042} INFO - 
--------------------------------------------------------------------------------
[2023-10-01 06:08:00,258] {taskinstance.py:1043} INFO - Starting attempt 1 of 6
[2023-10-01 06:08:00,262] {taskinstance.py:1044} INFO - 
--------------------------------------------------------------------------------
[2023-10-01 06:08:01,147] {taskinstance.py:1063} INFO - Executing <Task(BashOperator): first_task> on 2021-08-08T00:00:00+00:00
[2023-10-01 06:08:01,419] {standard_task_runner.py:52} INFO - Started process 3962 to run task
[2023-10-01 06:08:02,281] {standard_task_runner.py:76} INFO - Running: ['airflow', 'tasks', 'run', 'our_fourth_dag_v4', 'first_task', '2021-08-08T00:00:00+00:00', '--job-id', '449', '--pool', 'default_pool', '--raw', '--subdir', 'DAGS_FOLDER/our_fourth_dag.py', '--cfg-path', '/tmp/tmpeko2nah5', '--error-file', '/tmp/tmp5w0n2dgi']
[2023-10-01 06:08:02,843] {standard_task_runner.py:77} INFO - Job 449: Subtask first_task
[2023-10-01 06:08:07,661] {logging_mixin.py:104} INFO - Running <TaskInstance: our_fourth_dag_v4.first_task 2021-08-08T00:00:00+00:00 [running]> on host d4ed655215d1
[2023-10-01 06:08:09,708] {taskinstance.py:1257} INFO - Exporting the following env vars:
AIRFLOW_CTX_DAG_OWNER=svastikkka
AIRFLOW_CTX_DAG_ID=our_fourth_dag_v4
AIRFLOW_CTX_TASK_ID=first_task
AIRFLOW_CTX_EXECUTION_DATE=2021-08-08T00:00:00+00:00
AIRFLOW_CTX_DAG_RUN_ID=scheduled__2021-08-08T00:00:00+00:00
[2023-10-01 06:08:09,772] {bash.py:135} INFO - Tmp dir root location: 
 /tmp
[2023-10-01 06:08:09,825] {bash.py:158} INFO - Running command: echo hello world, this is the first task!
[2023-10-01 06:08:10,271] {bash.py:169} INFO - Output:
[2023-10-01 06:08:10,367] {bash.py:173} INFO - hello world, this is the first task!
[2023-10-01 06:08:10,386] {bash.py:177} INFO - Command exited with return code 0
[2023-10-01 06:08:10,819] {taskinstance.py:1166} INFO - Marking task as SUCCESS. dag_id=our_fourth_dag_v4, task_id=first_task, execution_date=20210808T000000, start_date=20231001T060757, end_date=20231001T060810
[2023-10-01 06:08:12,750] {taskinstance.py:1220} INFO - 2 downstream tasks scheduled from follow-on schedule check
[2023-10-01 06:08:13,489] {local_task_job.py:146} INFO - Task exited with return code 0
