[2023-10-01 05:03:40,198] {taskinstance.py:851} INFO - Dependencies all met for <TaskInstance: our_first_dag_v1.first_task 2021-10-03T00:00:00+00:00 [queued]>
[2023-10-01 05:03:40,322] {taskinstance.py:851} INFO - Dependencies all met for <TaskInstance: our_first_dag_v1.first_task 2021-10-03T00:00:00+00:00 [queued]>
[2023-10-01 05:03:40,336] {taskinstance.py:1042} INFO - 
--------------------------------------------------------------------------------
[2023-10-01 05:03:40,347] {taskinstance.py:1043} INFO - Starting attempt 1 of 6
[2023-10-01 05:03:40,349] {taskinstance.py:1044} INFO - 
--------------------------------------------------------------------------------
[2023-10-01 05:03:40,446] {taskinstance.py:1063} INFO - Executing <Task(BashOperator): first_task> on 2021-10-03T00:00:00+00:00
[2023-10-01 05:03:40,469] {standard_task_runner.py:52} INFO - Started process 1220 to run task
[2023-10-01 05:03:40,522] {standard_task_runner.py:76} INFO - Running: ['airflow', 'tasks', 'run', 'our_first_dag_v1', 'first_task', '2021-10-03T00:00:00+00:00', '--job-id', '157', '--pool', 'default_pool', '--raw', '--subdir', 'DAGS_FOLDER/our_first_dag.py', '--cfg-path', '/tmp/tmpqdhfczfl', '--error-file', '/tmp/tmps41pn66k']
[2023-10-01 05:03:40,534] {standard_task_runner.py:77} INFO - Job 157: Subtask first_task
[2023-10-01 05:03:41,019] {logging_mixin.py:104} INFO - Running <TaskInstance: our_first_dag_v1.first_task 2021-10-03T00:00:00+00:00 [running]> on host c25e1f8124bc
[2023-10-01 05:03:41,439] {taskinstance.py:1257} INFO - Exporting the following env vars:
AIRFLOW_CTX_DAG_OWNER=coder2j
AIRFLOW_CTX_DAG_ID=our_first_dag_v1
AIRFLOW_CTX_TASK_ID=first_task
AIRFLOW_CTX_EXECUTION_DATE=2021-10-03T00:00:00+00:00
AIRFLOW_CTX_DAG_RUN_ID=scheduled__2021-10-03T00:00:00+00:00
[2023-10-01 05:03:41,453] {bash.py:135} INFO - Tmp dir root location: 
 /tmp
[2023-10-01 05:03:41,465] {bash.py:158} INFO - Running command: echo hello world, this is the first task!
[2023-10-01 05:03:41,616] {bash.py:169} INFO - Output:
[2023-10-01 05:03:41,638] {bash.py:173} INFO - hello world, this is the first task!
[2023-10-01 05:03:41,640] {bash.py:177} INFO - Command exited with return code 0
[2023-10-01 05:03:41,854] {taskinstance.py:1166} INFO - Marking task as SUCCESS. dag_id=our_first_dag_v1, task_id=first_task, execution_date=20211003T000000, start_date=20231001T050340, end_date=20231001T050341
[2023-10-01 05:03:42,047] {taskinstance.py:1220} INFO - 0 downstream tasks scheduled from follow-on schedule check
[2023-10-01 05:03:42,175] {local_task_job.py:146} INFO - Task exited with return code 0
[2023-10-01 05:19:51,925] {taskinstance.py:851} INFO - Dependencies all met for <TaskInstance: our_first_dag_v1.first_task 2021-10-03T00:00:00+00:00 [queued]>
[2023-10-01 05:19:52,084] {taskinstance.py:851} INFO - Dependencies all met for <TaskInstance: our_first_dag_v1.first_task 2021-10-03T00:00:00+00:00 [queued]>
[2023-10-01 05:19:52,085] {taskinstance.py:1042} INFO - 
--------------------------------------------------------------------------------
[2023-10-01 05:19:52,086] {taskinstance.py:1043} INFO - Starting attempt 1 of 6
[2023-10-01 05:19:52,089] {taskinstance.py:1044} INFO - 
--------------------------------------------------------------------------------
[2023-10-01 05:19:52,145] {taskinstance.py:1063} INFO - Executing <Task(BashOperator): first_task> on 2021-10-03T00:00:00+00:00
[2023-10-01 05:19:52,177] {standard_task_runner.py:52} INFO - Started process 451 to run task
[2023-10-01 05:19:52,231] {standard_task_runner.py:76} INFO - Running: ['airflow', 'tasks', 'run', 'our_first_dag_v1', 'first_task', '2021-10-03T00:00:00+00:00', '--job-id', '67', '--pool', 'default_pool', '--raw', '--subdir', 'DAGS_FOLDER/our_first_dag.py', '--cfg-path', '/tmp/tmpq_psvz5q', '--error-file', '/tmp/tmpfym23t4y']
[2023-10-01 05:19:52,254] {standard_task_runner.py:77} INFO - Job 67: Subtask first_task
[2023-10-01 05:19:52,658] {logging_mixin.py:104} INFO - Running <TaskInstance: our_first_dag_v1.first_task 2021-10-03T00:00:00+00:00 [running]> on host d4ed655215d1
[2023-10-01 05:19:53,063] {taskinstance.py:1257} INFO - Exporting the following env vars:
AIRFLOW_CTX_DAG_OWNER=coder2j
AIRFLOW_CTX_DAG_ID=our_first_dag_v1
AIRFLOW_CTX_TASK_ID=first_task
AIRFLOW_CTX_EXECUTION_DATE=2021-10-03T00:00:00+00:00
AIRFLOW_CTX_DAG_RUN_ID=scheduled__2021-10-03T00:00:00+00:00
[2023-10-01 05:19:53,067] {bash.py:135} INFO - Tmp dir root location: 
 /tmp
[2023-10-01 05:19:53,070] {bash.py:158} INFO - Running command: echo hello world, this is the first task!
[2023-10-01 05:19:53,198] {bash.py:169} INFO - Output:
[2023-10-01 05:19:53,239] {bash.py:173} INFO - hello world, this is the first task!
[2023-10-01 05:19:53,244] {bash.py:177} INFO - Command exited with return code 0
[2023-10-01 05:19:53,424] {taskinstance.py:1166} INFO - Marking task as SUCCESS. dag_id=our_first_dag_v1, task_id=first_task, execution_date=20211003T000000, start_date=20231001T051951, end_date=20231001T051953
[2023-10-01 05:19:53,836] {taskinstance.py:1220} INFO - 0 downstream tasks scheduled from follow-on schedule check
[2023-10-01 05:19:53,933] {local_task_job.py:146} INFO - Task exited with return code 0
