[2023-10-01 05:57:59,882] {taskinstance.py:851} INFO - Dependencies all met for <TaskInstance: our_third_dag_v3.thrid_task 2021-09-01T00:00:00+00:00 [queued]>
[2023-10-01 05:58:01,263] {taskinstance.py:851} INFO - Dependencies all met for <TaskInstance: our_third_dag_v3.thrid_task 2021-09-01T00:00:00+00:00 [queued]>
[2023-10-01 05:58:01,317] {taskinstance.py:1042} INFO - 
--------------------------------------------------------------------------------
[2023-10-01 05:58:01,323] {taskinstance.py:1043} INFO - Starting attempt 1 of 6
[2023-10-01 05:58:01,328] {taskinstance.py:1044} INFO - 
--------------------------------------------------------------------------------
[2023-10-01 05:58:02,539] {taskinstance.py:1063} INFO - Executing <Task(BashOperator): thrid_task> on 2021-09-01T00:00:00+00:00
[2023-10-01 05:58:02,821] {standard_task_runner.py:52} INFO - Started process 2769 to run task
[2023-10-01 05:58:03,114] {standard_task_runner.py:76} INFO - Running: ['airflow', 'tasks', 'run', 'our_third_dag_v3', 'thrid_task', '2021-09-01T00:00:00+00:00', '--job-id', '253', '--pool', 'default_pool', '--raw', '--subdir', 'DAGS_FOLDER/our_third_dag.py', '--cfg-path', '/tmp/tmppsgfqofz', '--error-file', '/tmp/tmpyo9iefma']
[2023-10-01 05:58:03,244] {standard_task_runner.py:77} INFO - Job 253: Subtask thrid_task
[2023-10-01 05:58:05,828] {logging_mixin.py:104} INFO - Running <TaskInstance: our_third_dag_v3.thrid_task 2021-09-01T00:00:00+00:00 [running]> on host d4ed655215d1
[2023-10-01 05:58:08,229] {taskinstance.py:1257} INFO - Exporting the following env vars:
AIRFLOW_CTX_DAG_OWNER=coder2j
AIRFLOW_CTX_DAG_ID=our_third_dag_v3
AIRFLOW_CTX_TASK_ID=thrid_task
AIRFLOW_CTX_EXECUTION_DATE=2021-09-01T00:00:00+00:00
AIRFLOW_CTX_DAG_RUN_ID=scheduled__2021-09-01T00:00:00+00:00
[2023-10-01 05:58:08,236] {bash.py:135} INFO - Tmp dir root location: 
 /tmp
[2023-10-01 05:58:08,292] {bash.py:158} INFO - Running command: echo hey, I am task3 and will be running after task1 at the same time as task2!
[2023-10-01 05:58:08,759] {bash.py:169} INFO - Output:
[2023-10-01 05:58:08,848] {bash.py:173} INFO - hey, I am task3 and will be running after task1 at the same time as task2!
[2023-10-01 05:58:08,852] {bash.py:177} INFO - Command exited with return code 0
[2023-10-01 05:58:09,729] {taskinstance.py:1166} INFO - Marking task as SUCCESS. dag_id=our_third_dag_v3, task_id=thrid_task, execution_date=20210901T000000, start_date=20231001T055759, end_date=20231001T055809
[2023-10-01 05:58:11,754] {taskinstance.py:1220} INFO - 0 downstream tasks scheduled from follow-on schedule check
[2023-10-01 05:58:15,809] {local_task_job.py:146} INFO - Task exited with return code 0
