[2023-10-01 05:59:28,292] {taskinstance.py:851} INFO - Dependencies all met for <TaskInstance: our_third_dag_v3.second_task 2021-09-15T00:00:00+00:00 [queued]>
[2023-10-01 05:59:28,594] {taskinstance.py:851} INFO - Dependencies all met for <TaskInstance: our_third_dag_v3.second_task 2021-09-15T00:00:00+00:00 [queued]>
[2023-10-01 05:59:28,597] {taskinstance.py:1042} INFO - 
--------------------------------------------------------------------------------
[2023-10-01 05:59:28,599] {taskinstance.py:1043} INFO - Starting attempt 1 of 6
[2023-10-01 05:59:28,601] {taskinstance.py:1044} INFO - 
--------------------------------------------------------------------------------
[2023-10-01 05:59:28,726] {taskinstance.py:1063} INFO - Executing <Task(BashOperator): second_task> on 2021-09-15T00:00:00+00:00
[2023-10-01 05:59:28,852] {standard_task_runner.py:52} INFO - Started process 2976 to run task
[2023-10-01 05:59:29,051] {standard_task_runner.py:76} INFO - Running: ['airflow', 'tasks', 'run', 'our_third_dag_v3', 'second_task', '2021-09-15T00:00:00+00:00', '--job-id', '295', '--pool', 'default_pool', '--raw', '--subdir', 'DAGS_FOLDER/our_third_dag.py', '--cfg-path', '/tmp/tmp62y41_6y', '--error-file', '/tmp/tmp22dmu6wy']
[2023-10-01 05:59:29,209] {standard_task_runner.py:77} INFO - Job 295: Subtask second_task
[2023-10-01 05:59:30,716] {logging_mixin.py:104} INFO - Running <TaskInstance: our_third_dag_v3.second_task 2021-09-15T00:00:00+00:00 [running]> on host d4ed655215d1
[2023-10-01 05:59:32,159] {taskinstance.py:1257} INFO - Exporting the following env vars:
AIRFLOW_CTX_DAG_OWNER=coder2j
AIRFLOW_CTX_DAG_ID=our_third_dag_v3
AIRFLOW_CTX_TASK_ID=second_task
AIRFLOW_CTX_EXECUTION_DATE=2021-09-15T00:00:00+00:00
AIRFLOW_CTX_DAG_RUN_ID=scheduled__2021-09-15T00:00:00+00:00
[2023-10-01 05:59:32,173] {bash.py:135} INFO - Tmp dir root location: 
 /tmp
[2023-10-01 05:59:32,178] {bash.py:158} INFO - Running command: echo hey, I am task2 and will be running after task1!
[2023-10-01 05:59:32,839] {bash.py:169} INFO - Output:
[2023-10-01 05:59:33,013] {bash.py:173} INFO - hey, I am task2 and will be running after task1!
[2023-10-01 05:59:33,048] {bash.py:177} INFO - Command exited with return code 0
[2023-10-01 05:59:33,766] {taskinstance.py:1166} INFO - Marking task as SUCCESS. dag_id=our_third_dag_v3, task_id=second_task, execution_date=20210915T000000, start_date=20231001T055928, end_date=20231001T055933
[2023-10-01 05:59:35,382] {local_task_job.py:188} WARNING - State of this instance has been externally set to success. Terminating instance.
[2023-10-01 05:59:36,035] {taskinstance.py:1220} INFO - 0 downstream tasks scheduled from follow-on schedule check
[2023-10-01 05:59:36,159] {process_utils.py:100} INFO - Sending Signals.SIGTERM to GPID 2976
[2023-10-01 05:59:36,282] {process_utils.py:66} INFO - Process psutil.Process(pid=2976, status='terminated', exitcode=0, started='05:59:28') (2976) terminated with exit code 0
