[2023-10-01 06:54:54,220] {taskinstance.py:851} INFO - Dependencies all met for <TaskInstance: our_sixth_dag_v6.greet 2021-11-04T00:00:00+00:00 [queued]>
[2023-10-01 06:54:54,490] {taskinstance.py:851} INFO - Dependencies all met for <TaskInstance: our_sixth_dag_v6.greet 2021-11-04T00:00:00+00:00 [queued]>
[2023-10-01 06:54:54,494] {taskinstance.py:1042} INFO - 
--------------------------------------------------------------------------------
[2023-10-01 06:54:54,497] {taskinstance.py:1043} INFO - Starting attempt 1 of 6
[2023-10-01 06:54:54,501] {taskinstance.py:1044} INFO - 
--------------------------------------------------------------------------------
[2023-10-01 06:54:54,674] {taskinstance.py:1063} INFO - Executing <Task(PythonOperator): greet> on 2021-11-04T00:00:00+00:00
[2023-10-01 06:54:54,717] {standard_task_runner.py:52} INFO - Started process 11182 to run task
[2023-10-01 06:54:54,824] {standard_task_runner.py:76} INFO - Running: ['airflow', 'tasks', 'run', 'our_sixth_dag_v6', 'greet', '2021-11-04T00:00:00+00:00', '--job-id', '1253', '--pool', 'default_pool', '--raw', '--subdir', 'DAGS_FOLDER/our_sixth_dag.py', '--cfg-path', '/tmp/tmpgsdo861a', '--error-file', '/tmp/tmpj8vcghyf']
[2023-10-01 06:54:54,880] {standard_task_runner.py:77} INFO - Job 1253: Subtask greet
[2023-10-01 06:54:55,572] {logging_mixin.py:104} INFO - Running <TaskInstance: our_sixth_dag_v6.greet 2021-11-04T00:00:00+00:00 [running]> on host d4ed655215d1
[2023-10-01 06:54:56,232] {taskinstance.py:1257} INFO - Exporting the following env vars:
AIRFLOW_CTX_DAG_OWNER=svastikkka
AIRFLOW_CTX_DAG_ID=our_sixth_dag_v6
AIRFLOW_CTX_TASK_ID=greet
AIRFLOW_CTX_EXECUTION_DATE=2021-11-04T00:00:00+00:00
AIRFLOW_CTX_DAG_RUN_ID=scheduled__2021-11-04T00:00:00+00:00
[2023-10-01 06:54:56,345] {logging_mixin.py:104} INFO - Hello My name is Manshu and I am 20 years old.
[2023-10-01 06:54:56,347] {python.py:118} INFO - Done. Returned value was: None
[2023-10-01 06:54:56,462] {taskinstance.py:1166} INFO - Marking task as SUCCESS. dag_id=our_sixth_dag_v6, task_id=greet, execution_date=20211104T000000, start_date=20231001T065454, end_date=20231001T065456
[2023-10-01 06:54:59,203] {taskinstance.py:1220} INFO - 0 downstream tasks scheduled from follow-on schedule check
[2023-10-01 06:54:59,543] {local_task_job.py:146} INFO - Task exited with return code 0
