[2023-10-01 05:03:14,588] {taskinstance.py:851} INFO - Dependencies all met for <TaskInstance: our_first_dag_v1.first_task 2021-09-18T00:00:00+00:00 [queued]>
[2023-10-01 05:03:14,751] {taskinstance.py:851} INFO - Dependencies all met for <TaskInstance: our_first_dag_v1.first_task 2021-09-18T00:00:00+00:00 [queued]>
[2023-10-01 05:03:14,756] {taskinstance.py:1042} INFO - 
--------------------------------------------------------------------------------
[2023-10-01 05:03:14,775] {taskinstance.py:1043} INFO - Starting attempt 1 of 6
[2023-10-01 05:03:14,781] {taskinstance.py:1044} INFO - 
--------------------------------------------------------------------------------
[2023-10-01 05:03:15,072] {taskinstance.py:1063} INFO - Executing <Task(BashOperator): first_task> on 2021-09-18T00:00:00+00:00
[2023-10-01 05:03:15,082] {standard_task_runner.py:52} INFO - Started process 1164 to run task
[2023-10-01 05:03:15,124] {standard_task_runner.py:76} INFO - Running: ['airflow', 'tasks', 'run', 'our_first_dag_v1', 'first_task', '2021-09-18T00:00:00+00:00', '--job-id', '142', '--pool', 'default_pool', '--raw', '--subdir', 'DAGS_FOLDER/our_first_dag.py', '--cfg-path', '/tmp/tmpc23ixe8y', '--error-file', '/tmp/tmpkivpbxdn']
[2023-10-01 05:03:15,131] {standard_task_runner.py:77} INFO - Job 142: Subtask first_task
[2023-10-01 05:03:15,633] {logging_mixin.py:104} INFO - Running <TaskInstance: our_first_dag_v1.first_task 2021-09-18T00:00:00+00:00 [running]> on host c25e1f8124bc
[2023-10-01 05:03:16,371] {taskinstance.py:1257} INFO - Exporting the following env vars:
AIRFLOW_CTX_DAG_OWNER=coder2j
AIRFLOW_CTX_DAG_ID=our_first_dag_v1
AIRFLOW_CTX_TASK_ID=first_task
AIRFLOW_CTX_EXECUTION_DATE=2021-09-18T00:00:00+00:00
AIRFLOW_CTX_DAG_RUN_ID=scheduled__2021-09-18T00:00:00+00:00
[2023-10-01 05:03:16,374] {bash.py:135} INFO - Tmp dir root location: 
 /tmp
[2023-10-01 05:03:16,395] {bash.py:158} INFO - Running command: echo hello world, this is the first task!
[2023-10-01 05:03:16,568] {bash.py:169} INFO - Output:
[2023-10-01 05:03:16,585] {bash.py:173} INFO - hello world, this is the first task!
[2023-10-01 05:03:16,588] {bash.py:177} INFO - Command exited with return code 0
[2023-10-01 05:03:16,889] {taskinstance.py:1166} INFO - Marking task as SUCCESS. dag_id=our_first_dag_v1, task_id=first_task, execution_date=20210918T000000, start_date=20231001T050314, end_date=20231001T050316
[2023-10-01 05:03:17,311] {taskinstance.py:1220} INFO - 0 downstream tasks scheduled from follow-on schedule check
[2023-10-01 05:03:17,394] {local_task_job.py:146} INFO - Task exited with return code 0
[2023-10-01 05:19:33,002] {taskinstance.py:851} INFO - Dependencies all met for <TaskInstance: our_first_dag_v1.first_task 2021-09-18T00:00:00+00:00 [queued]>
[2023-10-01 05:19:33,148] {taskinstance.py:851} INFO - Dependencies all met for <TaskInstance: our_first_dag_v1.first_task 2021-09-18T00:00:00+00:00 [queued]>
[2023-10-01 05:19:33,150] {taskinstance.py:1042} INFO - 
--------------------------------------------------------------------------------
[2023-10-01 05:19:33,151] {taskinstance.py:1043} INFO - Starting attempt 1 of 6
[2023-10-01 05:19:33,153] {taskinstance.py:1044} INFO - 
--------------------------------------------------------------------------------
[2023-10-01 05:19:33,211] {taskinstance.py:1063} INFO - Executing <Task(BashOperator): first_task> on 2021-09-18T00:00:00+00:00
[2023-10-01 05:19:33,224] {standard_task_runner.py:52} INFO - Started process 399 to run task
[2023-10-01 05:19:33,262] {standard_task_runner.py:76} INFO - Running: ['airflow', 'tasks', 'run', 'our_first_dag_v1', 'first_task', '2021-09-18T00:00:00+00:00', '--job-id', '52', '--pool', 'default_pool', '--raw', '--subdir', 'DAGS_FOLDER/our_first_dag.py', '--cfg-path', '/tmp/tmpxkujkza5', '--error-file', '/tmp/tmpfpavh38x']
[2023-10-01 05:19:33,275] {standard_task_runner.py:77} INFO - Job 52: Subtask first_task
[2023-10-01 05:19:33,652] {logging_mixin.py:104} INFO - Running <TaskInstance: our_first_dag_v1.first_task 2021-09-18T00:00:00+00:00 [running]> on host d4ed655215d1
[2023-10-01 05:19:34,174] {taskinstance.py:1257} INFO - Exporting the following env vars:
AIRFLOW_CTX_DAG_OWNER=coder2j
AIRFLOW_CTX_DAG_ID=our_first_dag_v1
AIRFLOW_CTX_TASK_ID=first_task
AIRFLOW_CTX_EXECUTION_DATE=2021-09-18T00:00:00+00:00
AIRFLOW_CTX_DAG_RUN_ID=scheduled__2021-09-18T00:00:00+00:00
[2023-10-01 05:19:34,195] {bash.py:135} INFO - Tmp dir root location: 
 /tmp
[2023-10-01 05:19:34,233] {bash.py:158} INFO - Running command: echo hello world, this is the first task!
[2023-10-01 05:19:34,388] {bash.py:169} INFO - Output:
[2023-10-01 05:19:34,401] {bash.py:173} INFO - hello world, this is the first task!
[2023-10-01 05:19:34,419] {bash.py:177} INFO - Command exited with return code 0
[2023-10-01 05:19:34,540] {taskinstance.py:1166} INFO - Marking task as SUCCESS. dag_id=our_first_dag_v1, task_id=first_task, execution_date=20210918T000000, start_date=20231001T051933, end_date=20231001T051934
[2023-10-01 05:19:34,738] {taskinstance.py:1220} INFO - 0 downstream tasks scheduled from follow-on schedule check
[2023-10-01 05:19:34,846] {local_task_job.py:146} INFO - Task exited with return code 0
