[2023-10-01 07:38:41,524] {taskinstance.py:851} INFO - Dependencies all met for <TaskInstance: our_seventh_dag_v7.greet 2021-09-08T00:00:00+00:00 [queued]>
[2023-10-01 07:38:41,908] {taskinstance.py:851} INFO - Dependencies all met for <TaskInstance: our_seventh_dag_v7.greet 2021-09-08T00:00:00+00:00 [queued]>
[2023-10-01 07:38:41,916] {taskinstance.py:1042} INFO - 
--------------------------------------------------------------------------------
[2023-10-01 07:38:41,921] {taskinstance.py:1043} INFO - Starting attempt 1 of 6
[2023-10-01 07:38:41,927] {taskinstance.py:1044} INFO - 
--------------------------------------------------------------------------------
[2023-10-01 07:38:42,172] {taskinstance.py:1063} INFO - Executing <Task(PythonOperator): greet> on 2021-09-08T00:00:00+00:00
[2023-10-01 07:38:42,307] {standard_task_runner.py:52} INFO - Started process 18592 to run task
[2023-10-01 07:38:42,367] {standard_task_runner.py:76} INFO - Running: ['airflow', 'tasks', 'run', 'our_seventh_dag_v7', 'greet', '2021-09-08T00:00:00+00:00', '--job-id', '1419', '--pool', 'default_pool', '--raw', '--subdir', 'DAGS_FOLDER/our_seventh_dag.py', '--cfg-path', '/tmp/tmp6p_q70kw', '--error-file', '/tmp/tmp2040ryd7']
[2023-10-01 07:38:42,446] {standard_task_runner.py:77} INFO - Job 1419: Subtask greet
[2023-10-01 07:38:42,982] {logging_mixin.py:104} INFO - Running <TaskInstance: our_seventh_dag_v7.greet 2021-09-08T00:00:00+00:00 [running]> on host d4ed655215d1
[2023-10-01 07:38:43,588] {taskinstance.py:1257} INFO - Exporting the following env vars:
AIRFLOW_CTX_DAG_OWNER=svastikkka
AIRFLOW_CTX_DAG_ID=our_seventh_dag_v7
AIRFLOW_CTX_TASK_ID=greet
AIRFLOW_CTX_EXECUTION_DATE=2021-09-08T00:00:00+00:00
AIRFLOW_CTX_DAG_RUN_ID=scheduled__2021-09-08T00:00:00+00:00
[2023-10-01 07:38:43,735] {logging_mixin.py:104} INFO - Hello My name is Manshu Sharma and I am 26 years old.
[2023-10-01 07:38:43,753] {python.py:118} INFO - Done. Returned value was: None
[2023-10-01 07:38:43,933] {taskinstance.py:1166} INFO - Marking task as SUCCESS. dag_id=our_seventh_dag_v7, task_id=greet, execution_date=20210908T000000, start_date=20231001T073841, end_date=20231001T073843
[2023-10-01 07:38:45,903] {taskinstance.py:1220} INFO - 0 downstream tasks scheduled from follow-on schedule check
[2023-10-01 07:38:45,971] {local_task_job.py:146} INFO - Task exited with return code 0
