[2023-10-01 05:56:08,641] {taskinstance.py:851} INFO - Dependencies all met for <TaskInstance: our_third_dag_v3.first_task 2021-08-24T00:00:00+00:00 [queued]>
[2023-10-01 05:56:08,957] {taskinstance.py:851} INFO - Dependencies all met for <TaskInstance: our_third_dag_v3.first_task 2021-08-24T00:00:00+00:00 [queued]>
[2023-10-01 05:56:08,961] {taskinstance.py:1042} INFO - 
--------------------------------------------------------------------------------
[2023-10-01 05:56:08,967] {taskinstance.py:1043} INFO - Starting attempt 1 of 6
[2023-10-01 05:56:08,974] {taskinstance.py:1044} INFO - 
--------------------------------------------------------------------------------
[2023-10-01 05:56:09,366] {taskinstance.py:1063} INFO - Executing <Task(BashOperator): first_task> on 2021-08-24T00:00:00+00:00
[2023-10-01 05:56:09,643] {standard_task_runner.py:52} INFO - Started process 2591 to run task
[2023-10-01 05:56:09,893] {standard_task_runner.py:76} INFO - Running: ['airflow', 'tasks', 'run', 'our_third_dag_v3', 'first_task', '2021-08-24T00:00:00+00:00', '--job-id', '221', '--pool', 'default_pool', '--raw', '--subdir', 'DAGS_FOLDER/our_third_dag.py', '--cfg-path', '/tmp/tmplsdtp9ur', '--error-file', '/tmp/tmpfpck71eh']
[2023-10-01 05:56:10,062] {standard_task_runner.py:77} INFO - Job 221: Subtask first_task
[2023-10-01 05:56:12,174] {logging_mixin.py:104} INFO - Running <TaskInstance: our_third_dag_v3.first_task 2021-08-24T00:00:00+00:00 [running]> on host d4ed655215d1
[2023-10-01 05:56:13,282] {taskinstance.py:1257} INFO - Exporting the following env vars:
AIRFLOW_CTX_DAG_OWNER=coder2j
AIRFLOW_CTX_DAG_ID=our_third_dag_v3
AIRFLOW_CTX_TASK_ID=first_task
AIRFLOW_CTX_EXECUTION_DATE=2021-08-24T00:00:00+00:00
AIRFLOW_CTX_DAG_RUN_ID=scheduled__2021-08-24T00:00:00+00:00
[2023-10-01 05:56:13,303] {bash.py:135} INFO - Tmp dir root location: 
 /tmp
[2023-10-01 05:56:13,317] {bash.py:158} INFO - Running command: echo hello world, this is the first task!
[2023-10-01 05:56:13,531] {bash.py:169} INFO - Output:
[2023-10-01 05:56:13,571] {bash.py:173} INFO - hello world, this is the first task!
[2023-10-01 05:56:13,640] {bash.py:177} INFO - Command exited with return code 0
[2023-10-01 05:56:14,603] {taskinstance.py:1166} INFO - Marking task as SUCCESS. dag_id=our_third_dag_v3, task_id=first_task, execution_date=20210824T000000, start_date=20231001T055608, end_date=20231001T055614
[2023-10-01 05:56:15,541] {local_task_job.py:188} WARNING - State of this instance has been externally set to success. Terminating instance.
[2023-10-01 05:56:15,655] {process_utils.py:100} INFO - Sending Signals.SIGTERM to GPID 2591
[2023-10-01 05:56:15,751] {taskinstance.py:1239} ERROR - Received SIGTERM. Terminating subprocesses.
[2023-10-01 05:56:15,784] {bash.py:185} INFO - Sending SIGTERM signal to bash process group
[2023-10-01 05:56:16,179] {process_utils.py:66} INFO - Process psutil.Process(pid=2591, status='terminated', exitcode=1, started='05:56:08') (2591) terminated with exit code 1
