[2023-10-01 06:18:29,178] {taskinstance.py:851} INFO - Dependencies all met for <TaskInstance: our_fourth_dag_v4.thrid_task 2021-12-18T00:00:00+00:00 [queued]>
[2023-10-01 06:18:29,386] {taskinstance.py:851} INFO - Dependencies all met for <TaskInstance: our_fourth_dag_v4.thrid_task 2021-12-18T00:00:00+00:00 [queued]>
[2023-10-01 06:18:29,389] {taskinstance.py:1042} INFO - 
--------------------------------------------------------------------------------
[2023-10-01 06:18:29,394] {taskinstance.py:1043} INFO - Starting attempt 1 of 6
[2023-10-01 06:18:29,402] {taskinstance.py:1044} INFO - 
--------------------------------------------------------------------------------
[2023-10-01 06:18:29,566] {taskinstance.py:1063} INFO - Executing <Task(BashOperator): thrid_task> on 2021-12-18T00:00:00+00:00
[2023-10-01 06:18:29,630] {standard_task_runner.py:52} INFO - Started process 6045 to run task
[2023-10-01 06:18:29,715] {standard_task_runner.py:76} INFO - Running: ['airflow', 'tasks', 'run', 'our_fourth_dag_v4', 'thrid_task', '2021-12-18T00:00:00+00:00', '--job-id', '861', '--pool', 'default_pool', '--raw', '--subdir', 'DAGS_FOLDER/our_fourth_dag.py', '--cfg-path', '/tmp/tmplb2jygof', '--error-file', '/tmp/tmp9kp0ssuq']
[2023-10-01 06:18:29,790] {standard_task_runner.py:77} INFO - Job 861: Subtask thrid_task
[2023-10-01 06:18:30,564] {logging_mixin.py:104} INFO - Running <TaskInstance: our_fourth_dag_v4.thrid_task 2021-12-18T00:00:00+00:00 [running]> on host d4ed655215d1
[2023-10-01 06:18:31,434] {taskinstance.py:1257} INFO - Exporting the following env vars:
AIRFLOW_CTX_DAG_OWNER=svastikkka
AIRFLOW_CTX_DAG_ID=our_fourth_dag_v4
AIRFLOW_CTX_TASK_ID=thrid_task
AIRFLOW_CTX_EXECUTION_DATE=2021-12-18T00:00:00+00:00
AIRFLOW_CTX_DAG_RUN_ID=scheduled__2021-12-18T00:00:00+00:00
[2023-10-01 06:18:31,444] {bash.py:135} INFO - Tmp dir root location: 
 /tmp
[2023-10-01 06:18:31,475] {bash.py:158} INFO - Running command: echo hey, I am task3 and will be running after task1 at the same time as task2!
[2023-10-01 06:18:31,655] {bash.py:169} INFO - Output:
[2023-10-01 06:18:31,715] {bash.py:173} INFO - hey, I am task3 and will be running after task1 at the same time as task2!
[2023-10-01 06:18:31,717] {bash.py:177} INFO - Command exited with return code 0
[2023-10-01 06:18:32,118] {taskinstance.py:1166} INFO - Marking task as SUCCESS. dag_id=our_fourth_dag_v4, task_id=thrid_task, execution_date=20211218T000000, start_date=20231001T061829, end_date=20231001T061832
[2023-10-01 06:18:32,491] {taskinstance.py:1220} INFO - 0 downstream tasks scheduled from follow-on schedule check
[2023-10-01 06:18:32,624] {local_task_job.py:146} INFO - Task exited with return code 0
