[2023-10-01 06:02:35,400] {taskinstance.py:851} INFO - Dependencies all met for <TaskInstance: our_third_dag_v3.thrid_task 2021-10-18T00:00:00+00:00 [queued]>
[2023-10-01 06:02:35,746] {taskinstance.py:851} INFO - Dependencies all met for <TaskInstance: our_third_dag_v3.thrid_task 2021-10-18T00:00:00+00:00 [queued]>
[2023-10-01 06:02:35,760] {taskinstance.py:1042} INFO - 
--------------------------------------------------------------------------------
[2023-10-01 06:02:35,768] {taskinstance.py:1043} INFO - Starting attempt 1 of 6
[2023-10-01 06:02:35,786] {taskinstance.py:1044} INFO - 
--------------------------------------------------------------------------------
[2023-10-01 06:02:36,085] {taskinstance.py:1063} INFO - Executing <Task(BashOperator): thrid_task> on 2021-10-18T00:00:00+00:00
[2023-10-01 06:02:36,100] {standard_task_runner.py:52} INFO - Started process 3454 to run task
[2023-10-01 06:02:36,417] {standard_task_runner.py:76} INFO - Running: ['airflow', 'tasks', 'run', 'our_third_dag_v3', 'thrid_task', '2021-10-18T00:00:00+00:00', '--job-id', '400', '--pool', 'default_pool', '--raw', '--subdir', 'DAGS_FOLDER/our_third_dag.py', '--cfg-path', '/tmp/tmp2d6swydl', '--error-file', '/tmp/tmpwgxpreu8']
[2023-10-01 06:02:36,598] {standard_task_runner.py:77} INFO - Job 400: Subtask thrid_task
[2023-10-01 06:02:37,796] {logging_mixin.py:104} INFO - Running <TaskInstance: our_third_dag_v3.thrid_task 2021-10-18T00:00:00+00:00 [running]> on host d4ed655215d1
[2023-10-01 06:02:38,323] {taskinstance.py:1257} INFO - Exporting the following env vars:
AIRFLOW_CTX_DAG_OWNER=coder2j
AIRFLOW_CTX_DAG_ID=our_third_dag_v3
AIRFLOW_CTX_TASK_ID=thrid_task
AIRFLOW_CTX_EXECUTION_DATE=2021-10-18T00:00:00+00:00
AIRFLOW_CTX_DAG_RUN_ID=scheduled__2021-10-18T00:00:00+00:00
[2023-10-01 06:02:38,330] {bash.py:135} INFO - Tmp dir root location: 
 /tmp
[2023-10-01 06:02:38,344] {bash.py:158} INFO - Running command: echo hey, I am task3 and will be running after task1 at the same time as task2!
[2023-10-01 06:02:38,439] {bash.py:169} INFO - Output:
[2023-10-01 06:02:38,510] {bash.py:173} INFO - hey, I am task3 and will be running after task1 at the same time as task2!
[2023-10-01 06:02:38,525] {bash.py:177} INFO - Command exited with return code 0
[2023-10-01 06:02:38,811] {taskinstance.py:1166} INFO - Marking task as SUCCESS. dag_id=our_third_dag_v3, task_id=thrid_task, execution_date=20211018T000000, start_date=20231001T060235, end_date=20231001T060238
[2023-10-01 06:02:39,563] {taskinstance.py:1220} INFO - 0 downstream tasks scheduled from follow-on schedule check
[2023-10-01 06:02:39,820] {local_task_job.py:146} INFO - Task exited with return code 0
