[2023-10-01 10:14:17,110] {taskinstance.py:851} INFO - Dependencies all met for <TaskInstance: postgres_v2.create_postgres_connection 2021-07-30T00:00:00+00:00 [queued]>
[2023-10-01 10:14:19,210] {taskinstance.py:851} INFO - Dependencies all met for <TaskInstance: postgres_v2.create_postgres_connection 2021-07-30T00:00:00+00:00 [queued]>
[2023-10-01 10:14:19,214] {taskinstance.py:1042} INFO - 
--------------------------------------------------------------------------------
[2023-10-01 10:14:19,219] {taskinstance.py:1043} INFO - Starting attempt 1 of 6
[2023-10-01 10:14:19,227] {taskinstance.py:1044} INFO - 
--------------------------------------------------------------------------------
[2023-10-01 10:14:19,710] {taskinstance.py:1063} INFO - Executing <Task(PostgresOperator): create_postgres_connection> on 2021-07-30T00:00:00+00:00
[2023-10-01 10:14:20,117] {standard_task_runner.py:52} INFO - Started process 47704 to run task
[2023-10-01 10:14:20,502] {standard_task_runner.py:76} INFO - Running: ['airflow', 'tasks', 'run', 'postgres_v2', 'create_postgres_connection', '2021-07-30T00:00:00+00:00', '--job-id', '2701', '--pool', 'default_pool', '--raw', '--subdir', 'DAGS_FOLDER/postgresql_example_2.py', '--cfg-path', '/tmp/tmpq37w8pe9', '--error-file', '/tmp/tmpdgm91hv6']
[2023-10-01 10:14:20,736] {standard_task_runner.py:77} INFO - Job 2701: Subtask create_postgres_connection
[2023-10-01 10:14:31,989] {logging_mixin.py:104} INFO - Running <TaskInstance: postgres_v2.create_postgres_connection 2021-07-30T00:00:00+00:00 [running]> on host d4ed655215d1
[2023-10-01 10:14:37,841] {taskinstance.py:1257} INFO - Exporting the following env vars:
AIRFLOW_CTX_DAG_OWNER=svastikkka
AIRFLOW_CTX_DAG_ID=postgres_v2
AIRFLOW_CTX_TASK_ID=create_postgres_connection
AIRFLOW_CTX_EXECUTION_DATE=2021-07-30T00:00:00+00:00
AIRFLOW_CTX_DAG_RUN_ID=scheduled__2021-07-30T00:00:00+00:00
[2023-10-01 10:14:37,862] {postgres.py:69} INFO - Executing: create table if not exists dags_run(
        dt  date,
        dag_id character varying,
        primary key (dt,dag_id)
        )
[2023-10-01 10:14:38,519] {base.py:74} INFO - Using connection to: id: posgres_testing. Host: host.docker.internal, Port: 5432, Schema: testing, Login: airflow, Password: XXXXXXXX, extra: None
[2023-10-01 10:14:40,815] {dbapi.py:180} INFO - Running statement: create table if not exists dags_run(
        dt  date,
        dag_id character varying,
        primary key (dt,dag_id)
        ), parameters: None
[2023-10-01 10:14:41,126] {dbapi.py:186} INFO - Rows affected: -1
[2023-10-01 10:14:41,383] {postgres.py:73} INFO - NOTICE:  relation "dags_run" already exists, skipping

[2023-10-01 10:14:51,500] {taskinstance.py:1166} INFO - Marking task as SUCCESS. dag_id=postgres_v2, task_id=create_postgres_connection, execution_date=20210730T000000, start_date=20231001T101418, end_date=20231001T101451
[2023-10-01 10:15:00,398] {taskinstance.py:1220} INFO - 1 downstream tasks scheduled from follow-on schedule check
[2023-10-01 10:15:02,953] {local_task_job.py:146} INFO - Task exited with return code 0
