[2023-10-01 06:08:58,979] {taskinstance.py:851} INFO - Dependencies all met for <TaskInstance: our_fourth_dag_v4.thrid_task 2021-08-10T00:00:00+00:00 [queued]>
[2023-10-01 06:08:59,210] {taskinstance.py:851} INFO - Dependencies all met for <TaskInstance: our_fourth_dag_v4.thrid_task 2021-08-10T00:00:00+00:00 [queued]>
[2023-10-01 06:08:59,213] {taskinstance.py:1042} INFO - 
--------------------------------------------------------------------------------
[2023-10-01 06:08:59,215] {taskinstance.py:1043} INFO - Starting attempt 1 of 6
[2023-10-01 06:08:59,218] {taskinstance.py:1044} INFO - 
--------------------------------------------------------------------------------
[2023-10-01 06:08:59,365] {taskinstance.py:1063} INFO - Executing <Task(BashOperator): thrid_task> on 2021-08-10T00:00:00+00:00
[2023-10-01 06:08:59,411] {standard_task_runner.py:52} INFO - Started process 4081 to run task
[2023-10-01 06:08:59,536] {standard_task_runner.py:76} INFO - Running: ['airflow', 'tasks', 'run', 'our_fourth_dag_v4', 'thrid_task', '2021-08-10T00:00:00+00:00', '--job-id', '469', '--pool', 'default_pool', '--raw', '--subdir', 'DAGS_FOLDER/our_fourth_dag.py', '--cfg-path', '/tmp/tmpopx73jmq', '--error-file', '/tmp/tmp2rcsutbb']
[2023-10-01 06:08:59,604] {standard_task_runner.py:77} INFO - Job 469: Subtask thrid_task
[2023-10-01 06:09:00,999] {logging_mixin.py:104} INFO - Running <TaskInstance: our_fourth_dag_v4.thrid_task 2021-08-10T00:00:00+00:00 [running]> on host d4ed655215d1
[2023-10-01 06:09:01,581] {taskinstance.py:1257} INFO - Exporting the following env vars:
AIRFLOW_CTX_DAG_OWNER=svastikkka
AIRFLOW_CTX_DAG_ID=our_fourth_dag_v4
AIRFLOW_CTX_TASK_ID=thrid_task
AIRFLOW_CTX_EXECUTION_DATE=2021-08-10T00:00:00+00:00
AIRFLOW_CTX_DAG_RUN_ID=scheduled__2021-08-10T00:00:00+00:00
[2023-10-01 06:09:01,599] {bash.py:135} INFO - Tmp dir root location: 
 /tmp
[2023-10-01 06:09:01,620] {bash.py:158} INFO - Running command: echo hey, I am task3 and will be running after task1 at the same time as task2!
[2023-10-01 06:09:01,691] {bash.py:169} INFO - Output:
[2023-10-01 06:09:01,758] {bash.py:173} INFO - hey, I am task3 and will be running after task1 at the same time as task2!
[2023-10-01 06:09:01,763] {bash.py:177} INFO - Command exited with return code 0
[2023-10-01 06:09:01,865] {taskinstance.py:1166} INFO - Marking task as SUCCESS. dag_id=our_fourth_dag_v4, task_id=thrid_task, execution_date=20210810T000000, start_date=20231001T060859, end_date=20231001T060901
[2023-10-01 06:09:02,106] {taskinstance.py:1220} INFO - 0 downstream tasks scheduled from follow-on schedule check
[2023-10-01 06:09:02,275] {local_task_job.py:146} INFO - Task exited with return code 0
