[2023-10-01 08:08:54,606] {taskinstance.py:851} INFO - Dependencies all met for <TaskInstance: our_eight_dag_v8.get_age 2021-08-17T00:00:00+00:00 [queued]>
[2023-10-01 08:08:55,913] {taskinstance.py:851} INFO - Dependencies all met for <TaskInstance: our_eight_dag_v8.get_age 2021-08-17T00:00:00+00:00 [queued]>
[2023-10-01 08:08:55,927] {taskinstance.py:1042} INFO - 
--------------------------------------------------------------------------------
[2023-10-01 08:08:55,930] {taskinstance.py:1043} INFO - Starting attempt 1 of 6
[2023-10-01 08:08:55,934] {taskinstance.py:1044} INFO - 
--------------------------------------------------------------------------------
[2023-10-01 08:08:56,909] {taskinstance.py:1063} INFO - Executing <Task(PythonOperator): get_age> on 2021-08-17T00:00:00+00:00
[2023-10-01 08:08:57,003] {standard_task_runner.py:52} INFO - Started process 24895 to run task
[2023-10-01 08:08:57,446] {standard_task_runner.py:76} INFO - Running: ['airflow', 'tasks', 'run', 'our_eight_dag_v8', 'get_age', '2021-08-17T00:00:00+00:00', '--job-id', '2479', '--pool', 'default_pool', '--raw', '--subdir', 'DAGS_FOLDER/our_eight_dag.py', '--cfg-path', '/tmp/tmpb3t52znr', '--error-file', '/tmp/tmp2peepxca']
[2023-10-01 08:08:57,634] {standard_task_runner.py:77} INFO - Job 2479: Subtask get_age
[2023-10-01 08:08:59,415] {logging_mixin.py:104} INFO - Running <TaskInstance: our_eight_dag_v8.get_age 2021-08-17T00:00:00+00:00 [running]> on host d4ed655215d1
[2023-10-01 08:09:01,040] {taskinstance.py:1257} INFO - Exporting the following env vars:
AIRFLOW_CTX_DAG_OWNER=svastikkka
AIRFLOW_CTX_DAG_ID=our_eight_dag_v8
AIRFLOW_CTX_TASK_ID=get_age
AIRFLOW_CTX_EXECUTION_DATE=2021-08-17T00:00:00+00:00
AIRFLOW_CTX_DAG_RUN_ID=scheduled__2021-08-17T00:00:00+00:00
[2023-10-01 08:09:01,868] {python.py:118} INFO - Done. Returned value was: None
[2023-10-01 08:09:02,078] {taskinstance.py:1166} INFO - Marking task as SUCCESS. dag_id=our_eight_dag_v8, task_id=get_age, execution_date=20210817T000000, start_date=20231001T080854, end_date=20231001T080902
[2023-10-01 08:09:02,832] {local_task_job.py:188} WARNING - State of this instance has been externally set to success. Terminating instance.
[2023-10-01 08:09:02,938] {process_utils.py:100} INFO - Sending Signals.SIGTERM to GPID 24895
[2023-10-01 08:09:03,520] {taskinstance.py:1239} ERROR - Received SIGTERM. Terminating subprocesses.
[2023-10-01 08:09:04,149] {process_utils.py:66} INFO - Process psutil.Process(pid=24895, status='terminated', exitcode=1, started='08:08:56') (24895) terminated with exit code 1
