[2023-10-01 06:28:15,351] {taskinstance.py:851} INFO - Dependencies all met for <TaskInstance: our_fifth_dag_v5.greet 2021-08-02T00:00:00+00:00 [queued]>
[2023-10-01 06:28:15,652] {taskinstance.py:851} INFO - Dependencies all met for <TaskInstance: our_fifth_dag_v5.greet 2021-08-02T00:00:00+00:00 [queued]>
[2023-10-01 06:28:15,666] {taskinstance.py:1042} INFO - 
--------------------------------------------------------------------------------
[2023-10-01 06:28:15,668] {taskinstance.py:1043} INFO - Starting attempt 1 of 6
[2023-10-01 06:28:15,670] {taskinstance.py:1044} INFO - 
--------------------------------------------------------------------------------
[2023-10-01 06:28:15,918] {taskinstance.py:1063} INFO - Executing <Task(PythonOperator): greet> on 2021-08-02T00:00:00+00:00
[2023-10-01 06:28:16,096] {standard_task_runner.py:52} INFO - Started process 7263 to run task
[2023-10-01 06:28:16,328] {standard_task_runner.py:76} INFO - Running: ['airflow', 'tasks', 'run', 'our_fifth_dag_v5', 'greet', '2021-08-02T00:00:00+00:00', '--job-id', '1023', '--pool', 'default_pool', '--raw', '--subdir', 'DAGS_FOLDER/our_fifth_dag.py', '--cfg-path', '/tmp/tmpumy2bsxz', '--error-file', '/tmp/tmpok0fhlo3']
[2023-10-01 06:28:16,540] {standard_task_runner.py:77} INFO - Job 1023: Subtask greet
[2023-10-01 06:28:17,819] {logging_mixin.py:104} INFO - Running <TaskInstance: our_fifth_dag_v5.greet 2021-08-02T00:00:00+00:00 [running]> on host d4ed655215d1
[2023-10-01 06:28:19,231] {taskinstance.py:1257} INFO - Exporting the following env vars:
AIRFLOW_CTX_DAG_OWNER=coder2j
AIRFLOW_CTX_DAG_ID=our_fifth_dag_v5
AIRFLOW_CTX_TASK_ID=greet
AIRFLOW_CTX_EXECUTION_DATE=2021-08-02T00:00:00+00:00
AIRFLOW_CTX_DAG_RUN_ID=scheduled__2021-08-02T00:00:00+00:00
[2023-10-01 06:28:19,362] {logging_mixin.py:104} INFO - Hello how are you
[2023-10-01 06:28:19,366] {python.py:118} INFO - Done. Returned value was: None
[2023-10-01 06:28:19,968] {taskinstance.py:1166} INFO - Marking task as SUCCESS. dag_id=our_fifth_dag_v5, task_id=greet, execution_date=20210802T000000, start_date=20231001T062815, end_date=20231001T062819
[2023-10-01 06:28:21,038] {taskinstance.py:1220} INFO - 0 downstream tasks scheduled from follow-on schedule check
[2023-10-01 06:28:21,745] {local_task_job.py:146} INFO - Task exited with return code 0
