[2023-10-01 08:07:42,364] {taskinstance.py:851} INFO - Dependencies all met for <TaskInstance: our_eight_dag_v8.get_age 2021-08-08T00:00:00+00:00 [queued]>
[2023-10-01 08:07:43,628] {taskinstance.py:851} INFO - Dependencies all met for <TaskInstance: our_eight_dag_v8.get_age 2021-08-08T00:00:00+00:00 [queued]>
[2023-10-01 08:07:43,648] {taskinstance.py:1042} INFO - 
--------------------------------------------------------------------------------
[2023-10-01 08:07:43,651] {taskinstance.py:1043} INFO - Starting attempt 1 of 6
[2023-10-01 08:07:43,653] {taskinstance.py:1044} INFO - 
--------------------------------------------------------------------------------
[2023-10-01 08:07:44,597] {taskinstance.py:1063} INFO - Executing <Task(PythonOperator): get_age> on 2021-08-08T00:00:00+00:00
[2023-10-01 08:07:45,060] {standard_task_runner.py:52} INFO - Started process 24726 to run task
[2023-10-01 08:07:45,652] {standard_task_runner.py:76} INFO - Running: ['airflow', 'tasks', 'run', 'our_eight_dag_v8', 'get_age', '2021-08-08T00:00:00+00:00', '--job-id', '2455', '--pool', 'default_pool', '--raw', '--subdir', 'DAGS_FOLDER/our_eight_dag.py', '--cfg-path', '/tmp/tmp_aafecdy', '--error-file', '/tmp/tmpfwgbs14m']
[2023-10-01 08:07:45,886] {standard_task_runner.py:77} INFO - Job 2455: Subtask get_age
[2023-10-01 08:07:49,117] {logging_mixin.py:104} INFO - Running <TaskInstance: our_eight_dag_v8.get_age 2021-08-08T00:00:00+00:00 [running]> on host d4ed655215d1
[2023-10-01 08:07:50,998] {taskinstance.py:1257} INFO - Exporting the following env vars:
AIRFLOW_CTX_DAG_OWNER=svastikkka
AIRFLOW_CTX_DAG_ID=our_eight_dag_v8
AIRFLOW_CTX_TASK_ID=get_age
AIRFLOW_CTX_EXECUTION_DATE=2021-08-08T00:00:00+00:00
AIRFLOW_CTX_DAG_RUN_ID=scheduled__2021-08-08T00:00:00+00:00
[2023-10-01 08:07:51,629] {python.py:118} INFO - Done. Returned value was: None
[2023-10-01 08:07:51,738] {taskinstance.py:1166} INFO - Marking task as SUCCESS. dag_id=our_eight_dag_v8, task_id=get_age, execution_date=20210808T000000, start_date=20231001T080742, end_date=20231001T080751
[2023-10-01 08:07:52,210] {local_task_job.py:188} WARNING - State of this instance has been externally set to success. Terminating instance.
[2023-10-01 08:07:52,465] {process_utils.py:100} INFO - Sending Signals.SIGTERM to GPID 24726
[2023-10-01 08:07:52,482] {taskinstance.py:1239} ERROR - Received SIGTERM. Terminating subprocesses.
[2023-10-01 08:07:53,152] {process_utils.py:66} INFO - Process psutil.Process(pid=24726, status='terminated', exitcode=1, started='08:07:44') (24726) terminated with exit code 1
