[2023-10-01 05:06:00,044] {taskinstance.py:851} INFO - Dependencies all met for <TaskInstance: our_first_dag_v1.first_task 2022-01-14T00:00:00+00:00 [queued]>
[2023-10-01 05:06:00,166] {taskinstance.py:851} INFO - Dependencies all met for <TaskInstance: our_first_dag_v1.first_task 2022-01-14T00:00:00+00:00 [queued]>
[2023-10-01 05:06:00,174] {taskinstance.py:1042} INFO - 
--------------------------------------------------------------------------------
[2023-10-01 05:06:00,176] {taskinstance.py:1043} INFO - Starting attempt 1 of 6
[2023-10-01 05:06:00,205] {taskinstance.py:1044} INFO - 
--------------------------------------------------------------------------------
[2023-10-01 05:06:00,316] {taskinstance.py:1063} INFO - Executing <Task(BashOperator): first_task> on 2022-01-14T00:00:00+00:00
[2023-10-01 05:06:00,354] {standard_task_runner.py:52} INFO - Started process 1588 to run task
[2023-10-01 05:06:00,443] {standard_task_runner.py:76} INFO - Running: ['airflow', 'tasks', 'run', 'our_first_dag_v1', 'first_task', '2022-01-14T00:00:00+00:00', '--job-id', '260', '--pool', 'default_pool', '--raw', '--subdir', 'DAGS_FOLDER/our_first_dag.py', '--cfg-path', '/tmp/tmp59qjtmc8', '--error-file', '/tmp/tmp28j0a807']
[2023-10-01 05:06:00,514] {standard_task_runner.py:77} INFO - Job 260: Subtask first_task
[2023-10-01 05:06:01,163] {logging_mixin.py:104} INFO - Running <TaskInstance: our_first_dag_v1.first_task 2022-01-14T00:00:00+00:00 [running]> on host c25e1f8124bc
[2023-10-01 05:06:01,482] {taskinstance.py:1257} INFO - Exporting the following env vars:
AIRFLOW_CTX_DAG_OWNER=coder2j
AIRFLOW_CTX_DAG_ID=our_first_dag_v1
AIRFLOW_CTX_TASK_ID=first_task
AIRFLOW_CTX_EXECUTION_DATE=2022-01-14T00:00:00+00:00
AIRFLOW_CTX_DAG_RUN_ID=scheduled__2022-01-14T00:00:00+00:00
[2023-10-01 05:06:01,485] {bash.py:135} INFO - Tmp dir root location: 
 /tmp
[2023-10-01 05:06:01,507] {bash.py:158} INFO - Running command: echo hello world, this is the first task!
[2023-10-01 05:06:01,617] {bash.py:169} INFO - Output:
[2023-10-01 05:06:01,640] {bash.py:173} INFO - hello world, this is the first task!
[2023-10-01 05:06:01,647] {bash.py:177} INFO - Command exited with return code 0
[2023-10-01 05:06:01,794] {taskinstance.py:1166} INFO - Marking task as SUCCESS. dag_id=our_first_dag_v1, task_id=first_task, execution_date=20220114T000000, start_date=20231001T050600, end_date=20231001T050601
[2023-10-01 05:06:01,983] {taskinstance.py:1220} INFO - 0 downstream tasks scheduled from follow-on schedule check
[2023-10-01 05:06:02,132] {local_task_job.py:146} INFO - Task exited with return code 0
