[2023-10-01 06:17:20,972] {taskinstance.py:851} INFO - Dependencies all met for <TaskInstance: our_fourth_dag_v4.first_task 2021-11-30T00:00:00+00:00 [queued]>
[2023-10-01 06:17:21,344] {taskinstance.py:851} INFO - Dependencies all met for <TaskInstance: our_fourth_dag_v4.first_task 2021-11-30T00:00:00+00:00 [queued]>
[2023-10-01 06:17:21,346] {taskinstance.py:1042} INFO - 
--------------------------------------------------------------------------------
[2023-10-01 06:17:21,348] {taskinstance.py:1043} INFO - Starting attempt 1 of 6
[2023-10-01 06:17:21,352] {taskinstance.py:1044} INFO - 
--------------------------------------------------------------------------------
[2023-10-01 06:17:21,515] {taskinstance.py:1063} INFO - Executing <Task(BashOperator): first_task> on 2021-11-30T00:00:00+00:00
[2023-10-01 06:17:21,587] {standard_task_runner.py:52} INFO - Started process 5741 to run task
[2023-10-01 06:17:21,706] {standard_task_runner.py:76} INFO - Running: ['airflow', 'tasks', 'run', 'our_fourth_dag_v4', 'first_task', '2021-11-30T00:00:00+00:00', '--job-id', '794', '--pool', 'default_pool', '--raw', '--subdir', 'DAGS_FOLDER/our_fourth_dag.py', '--cfg-path', '/tmp/tmp2orb8t76', '--error-file', '/tmp/tmpxzbcqpok']
[2023-10-01 06:17:21,779] {standard_task_runner.py:77} INFO - Job 794: Subtask first_task
[2023-10-01 06:17:22,778] {logging_mixin.py:104} INFO - Running <TaskInstance: our_fourth_dag_v4.first_task 2021-11-30T00:00:00+00:00 [running]> on host d4ed655215d1
[2023-10-01 06:17:24,834] {taskinstance.py:1257} INFO - Exporting the following env vars:
AIRFLOW_CTX_DAG_OWNER=svastikkka
AIRFLOW_CTX_DAG_ID=our_fourth_dag_v4
AIRFLOW_CTX_TASK_ID=first_task
AIRFLOW_CTX_EXECUTION_DATE=2021-11-30T00:00:00+00:00
AIRFLOW_CTX_DAG_RUN_ID=scheduled__2021-11-30T00:00:00+00:00
[2023-10-01 06:17:24,904] {bash.py:135} INFO - Tmp dir root location: 
 /tmp
[2023-10-01 06:17:24,993] {bash.py:158} INFO - Running command: echo hello world, this is the first task!
[2023-10-01 06:17:25,393] {bash.py:169} INFO - Output:
[2023-10-01 06:17:25,460] {bash.py:173} INFO - hello world, this is the first task!
[2023-10-01 06:17:25,482] {bash.py:177} INFO - Command exited with return code 0
[2023-10-01 06:17:25,850] {taskinstance.py:1166} INFO - Marking task as SUCCESS. dag_id=our_fourth_dag_v4, task_id=first_task, execution_date=20211130T000000, start_date=20231001T061721, end_date=20231001T061725
[2023-10-01 06:17:27,257] {local_task_job.py:188} WARNING - State of this instance has been externally set to success. Terminating instance.
[2023-10-01 06:17:27,478] {process_utils.py:100} INFO - Sending Signals.SIGTERM to GPID 5741
[2023-10-01 06:17:27,526] {taskinstance.py:1239} ERROR - Received SIGTERM. Terminating subprocesses.
[2023-10-01 06:17:27,528] {bash.py:185} INFO - Sending SIGTERM signal to bash process group
[2023-10-01 06:17:27,850] {process_utils.py:66} INFO - Process psutil.Process(pid=5741, status='terminated', exitcode=1, started='06:17:21') (5741) terminated with exit code 1
