[2023-10-01 05:33:29,769] {taskinstance.py:851} INFO - Dependencies all met for <TaskInstance: our_second_dag_v2.first_task 2021-08-13T00:00:00+00:00 [queued]>
[2023-10-01 05:33:30,060] {taskinstance.py:851} INFO - Dependencies all met for <TaskInstance: our_second_dag_v2.first_task 2021-08-13T00:00:00+00:00 [queued]>
[2023-10-01 05:33:30,073] {taskinstance.py:1042} INFO - 
--------------------------------------------------------------------------------
[2023-10-01 05:33:30,075] {taskinstance.py:1043} INFO - Starting attempt 1 of 6
[2023-10-01 05:33:30,081] {taskinstance.py:1044} INFO - 
--------------------------------------------------------------------------------
[2023-10-01 05:33:30,283] {taskinstance.py:1063} INFO - Executing <Task(BashOperator): first_task> on 2021-08-13T00:00:00+00:00
[2023-10-01 05:33:30,343] {standard_task_runner.py:52} INFO - Started process 1162 to run task
[2023-10-01 05:33:30,518] {standard_task_runner.py:76} INFO - Running: ['airflow', 'tasks', 'run', 'our_second_dag_v2', 'first_task', '2021-08-13T00:00:00+00:00', '--job-id', '140', '--pool', 'default_pool', '--raw', '--subdir', 'DAGS_FOLDER/our_second_dag.py', '--cfg-path', '/tmp/tmpcso4row5', '--error-file', '/tmp/tmp5olqy2d5']
[2023-10-01 05:33:30,619] {standard_task_runner.py:77} INFO - Job 140: Subtask first_task
[2023-10-01 05:33:31,290] {logging_mixin.py:104} INFO - Running <TaskInstance: our_second_dag_v2.first_task 2021-08-13T00:00:00+00:00 [running]> on host d4ed655215d1
[2023-10-01 05:33:31,797] {taskinstance.py:1257} INFO - Exporting the following env vars:
AIRFLOW_CTX_DAG_OWNER=coder2j
AIRFLOW_CTX_DAG_ID=our_second_dag_v2
AIRFLOW_CTX_TASK_ID=first_task
AIRFLOW_CTX_EXECUTION_DATE=2021-08-13T00:00:00+00:00
AIRFLOW_CTX_DAG_RUN_ID=scheduled__2021-08-13T00:00:00+00:00
[2023-10-01 05:33:31,821] {bash.py:135} INFO - Tmp dir root location: 
 /tmp
[2023-10-01 05:33:31,863] {bash.py:158} INFO - Running command: echo hello world, this is the first task!
[2023-10-01 05:33:31,950] {bash.py:169} INFO - Output:
[2023-10-01 05:33:31,979] {bash.py:173} INFO - hello world, this is the first task!
[2023-10-01 05:33:31,993] {bash.py:177} INFO - Command exited with return code 0
[2023-10-01 05:33:32,415] {taskinstance.py:1166} INFO - Marking task as SUCCESS. dag_id=our_second_dag_v2, task_id=first_task, execution_date=20210813T000000, start_date=20231001T053329, end_date=20231001T053332
[2023-10-01 05:33:35,339] {taskinstance.py:1220} INFO - 1 downstream tasks scheduled from follow-on schedule check
[2023-10-01 05:33:37,030] {local_task_job.py:146} INFO - Task exited with return code 0
