[2023-10-01 07:57:59,875] {taskinstance.py:851} INFO - Dependencies all met for <TaskInstance: our_seventh_dag_v7.get_name 2023-01-06T00:00:00+00:00 [queued]>
[2023-10-01 07:58:00,205] {taskinstance.py:851} INFO - Dependencies all met for <TaskInstance: our_seventh_dag_v7.get_name 2023-01-06T00:00:00+00:00 [queued]>
[2023-10-01 07:58:00,207] {taskinstance.py:1042} INFO - 
--------------------------------------------------------------------------------
[2023-10-01 07:58:00,209] {taskinstance.py:1043} INFO - Starting attempt 1 of 6
[2023-10-01 07:58:00,211] {taskinstance.py:1044} INFO - 
--------------------------------------------------------------------------------
[2023-10-01 07:58:00,471] {taskinstance.py:1063} INFO - Executing <Task(PythonOperator): get_name> on 2023-01-06T00:00:00+00:00
[2023-10-01 07:58:00,544] {standard_task_runner.py:52} INFO - Started process 23667 to run task
[2023-10-01 07:58:00,642] {standard_task_runner.py:76} INFO - Running: ['airflow', 'tasks', 'run', 'our_seventh_dag_v7', 'get_name', '2023-01-06T00:00:00+00:00', '--job-id', '2382', '--pool', 'default_pool', '--raw', '--subdir', 'DAGS_FOLDER/our_seventh_dag.py', '--cfg-path', '/tmp/tmpaa_4lzra', '--error-file', '/tmp/tmpaho_5u7j']
[2023-10-01 07:58:00,701] {standard_task_runner.py:77} INFO - Job 2382: Subtask get_name
[2023-10-01 07:58:02,122] {logging_mixin.py:104} INFO - Running <TaskInstance: our_seventh_dag_v7.get_name 2023-01-06T00:00:00+00:00 [running]> on host d4ed655215d1
[2023-10-01 07:58:03,290] {taskinstance.py:1257} INFO - Exporting the following env vars:
AIRFLOW_CTX_DAG_OWNER=svastikkka
AIRFLOW_CTX_DAG_ID=our_seventh_dag_v7
AIRFLOW_CTX_TASK_ID=get_name
AIRFLOW_CTX_EXECUTION_DATE=2023-01-06T00:00:00+00:00
AIRFLOW_CTX_DAG_RUN_ID=scheduled__2023-01-06T00:00:00+00:00
[2023-10-01 07:58:03,982] {python.py:118} INFO - Done. Returned value was: None
[2023-10-01 07:58:04,139] {taskinstance.py:1166} INFO - Marking task as SUCCESS. dag_id=our_seventh_dag_v7, task_id=get_name, execution_date=20230106T000000, start_date=20231001T075759, end_date=20231001T075804
[2023-10-01 07:58:05,893] {local_task_job.py:188} WARNING - State of this instance has been externally set to success. Terminating instance.
[2023-10-01 07:58:05,960] {process_utils.py:100} INFO - Sending Signals.SIGTERM to GPID 23667
[2023-10-01 07:58:06,872] {taskinstance.py:1239} ERROR - Received SIGTERM. Terminating subprocesses.
[2023-10-01 07:58:07,319] {process_utils.py:66} INFO - Process psutil.Process(pid=23667, status='terminated', exitcode=1, started='07:58:00') (23667) terminated with exit code 1
