[2023-10-01 09:52:33,134] {taskinstance.py:851} INFO - Dependencies all met for <TaskInstance: postgres_v1.create_postgres_connection 2021-08-10T00:00:00+00:00 [queued]>
[2023-10-01 09:52:33,786] {taskinstance.py:851} INFO - Dependencies all met for <TaskInstance: postgres_v1.create_postgres_connection 2021-08-10T00:00:00+00:00 [queued]>
[2023-10-01 09:52:33,789] {taskinstance.py:1042} INFO - 
--------------------------------------------------------------------------------
[2023-10-01 09:52:33,791] {taskinstance.py:1043} INFO - Starting attempt 5 of 6
[2023-10-01 09:52:33,794] {taskinstance.py:1044} INFO - 
--------------------------------------------------------------------------------
[2023-10-01 09:52:33,977] {taskinstance.py:1063} INFO - Executing <Task(PostgresOperator): create_postgres_connection> on 2021-08-10T00:00:00+00:00
[2023-10-01 09:52:34,386] {standard_task_runner.py:52} INFO - Started process 42738 to run task
[2023-10-01 09:52:34,805] {standard_task_runner.py:76} INFO - Running: ['airflow', 'tasks', 'run', 'postgres_v1', 'create_postgres_connection', '2021-08-10T00:00:00+00:00', '--job-id', '2605', '--pool', 'default_pool', '--raw', '--subdir', 'DAGS_FOLDER/1_postgresql.py', '--cfg-path', '/tmp/tmprlif3zye', '--error-file', '/tmp/tmpj1i_3bui']
[2023-10-01 09:52:34,873] {standard_task_runner.py:77} INFO - Job 2605: Subtask create_postgres_connection
[2023-10-01 09:52:38,813] {logging_mixin.py:104} INFO - Running <TaskInstance: postgres_v1.create_postgres_connection 2021-08-10T00:00:00+00:00 [running]> on host d4ed655215d1
[2023-10-01 09:52:45,351] {taskinstance.py:1257} INFO - Exporting the following env vars:
AIRFLOW_CTX_DAG_OWNER=svastikkka
AIRFLOW_CTX_DAG_ID=postgres_v1
AIRFLOW_CTX_TASK_ID=create_postgres_connection
AIRFLOW_CTX_EXECUTION_DATE=2021-08-10T00:00:00+00:00
AIRFLOW_CTX_DAG_RUN_ID=scheduled__2021-08-10T00:00:00+00:00
[2023-10-01 09:52:45,401] {postgres.py:69} INFO - Executing: create table if not exists dags_run(
        dt  date,
        dag_id character varying,
        primary key (dt,dag_id)
        )
[2023-10-01 09:52:46,747] {base.py:74} INFO - Using connection to: id: posgres_testing. Host: host.docker.internal, Port: 5432, Schema: testing, Login: airflow, Password: XXXXXXXX, extra: None
[2023-10-01 09:52:47,124] {dbapi.py:180} INFO - Running statement: create table if not exists dags_run(
        dt  date,
        dag_id character varying,
        primary key (dt,dag_id)
        ), parameters: None
[2023-10-01 09:52:48,224] {dbapi.py:186} INFO - Rows affected: -1
[2023-10-01 09:52:49,075] {postgres.py:73} INFO - NOTICE:  relation "dags_run" already exists, skipping

[2023-10-01 09:52:56,512] {taskinstance.py:1166} INFO - Marking task as SUCCESS. dag_id=postgres_v1, task_id=create_postgres_connection, execution_date=20210810T000000, start_date=20231001T095233, end_date=20231001T095256
[2023-10-01 09:52:58,658] {local_task_job.py:188} WARNING - State of this instance has been externally set to success. Terminating instance.
[2023-10-01 09:52:58,975] {process_utils.py:100} INFO - Sending Signals.SIGTERM to GPID 42738
[2023-10-01 09:53:02,318] {taskinstance.py:1239} ERROR - Received SIGTERM. Terminating subprocesses.
[2023-10-01 09:53:05,295] {process_utils.py:66} INFO - Process psutil.Process(pid=42738, status='terminated', exitcode=1, started='09:52:33') (42738) terminated with exit code 1
