[2023-10-01 07:56:40,516] {scheduler_job.py:182} INFO - Started process (PID=23396) to work on /opt/airflow/dags/our_seventh_dag copy.py
[2023-10-01 07:56:40,721] {scheduler_job.py:629} INFO - Processing file /opt/airflow/dags/our_seventh_dag copy.py for tasks to queue
[2023-10-01 07:56:40,963] {logging_mixin.py:104} INFO - [2023-10-01 07:56:40,874] {dagbag.py:448} INFO - Filling up the DagBag from /opt/airflow/dags/our_seventh_dag copy.py
[2023-10-01 07:56:41,009] {scheduler_job.py:641} WARNING - No viable dags retrieved from /opt/airflow/dags/our_seventh_dag copy.py
[2023-10-01 07:56:41,023] {scheduler_job.py:190} INFO - Processing /opt/airflow/dags/our_seventh_dag copy.py took 0.558 seconds
[2023-10-01 07:56:52,365] {scheduler_job.py:182} INFO - Started process (PID=23445) to work on /opt/airflow/dags/our_seventh_dag copy.py
[2023-10-01 07:56:52,386] {scheduler_job.py:629} INFO - Processing file /opt/airflow/dags/our_seventh_dag copy.py for tasks to queue
[2023-10-01 07:56:52,413] {logging_mixin.py:104} INFO - [2023-10-01 07:56:52,412] {dagbag.py:448} INFO - Filling up the DagBag from /opt/airflow/dags/our_seventh_dag copy.py
[2023-10-01 07:56:52,442] {scheduler_job.py:641} WARNING - No viable dags retrieved from /opt/airflow/dags/our_seventh_dag copy.py
[2023-10-01 07:56:52,447] {scheduler_job.py:190} INFO - Processing /opt/airflow/dags/our_seventh_dag copy.py took 0.210 seconds
[2023-10-01 07:57:11,067] {scheduler_job.py:182} INFO - Started process (PID=23497) to work on /opt/airflow/dags/our_seventh_dag copy.py
[2023-10-01 07:57:11,134] {scheduler_job.py:629} INFO - Processing file /opt/airflow/dags/our_seventh_dag copy.py for tasks to queue
[2023-10-01 07:57:11,355] {logging_mixin.py:104} INFO - [2023-10-01 07:57:11,274] {dagbag.py:448} INFO - Filling up the DagBag from /opt/airflow/dags/our_seventh_dag copy.py
[2023-10-01 07:57:11,374] {scheduler_job.py:641} WARNING - No viable dags retrieved from /opt/airflow/dags/our_seventh_dag copy.py
[2023-10-01 07:57:11,377] {scheduler_job.py:190} INFO - Processing /opt/airflow/dags/our_seventh_dag copy.py took 0.671 seconds
[2023-10-01 07:57:22,991] {scheduler_job.py:182} INFO - Started process (PID=23547) to work on /opt/airflow/dags/our_seventh_dag copy.py
[2023-10-01 07:57:23,019] {scheduler_job.py:629} INFO - Processing file /opt/airflow/dags/our_seventh_dag copy.py for tasks to queue
[2023-10-01 07:57:23,052] {logging_mixin.py:104} INFO - [2023-10-01 07:57:23,052] {dagbag.py:448} INFO - Filling up the DagBag from /opt/airflow/dags/our_seventh_dag copy.py
[2023-10-01 07:57:23,075] {scheduler_job.py:641} WARNING - No viable dags retrieved from /opt/airflow/dags/our_seventh_dag copy.py
[2023-10-01 07:57:23,080] {scheduler_job.py:190} INFO - Processing /opt/airflow/dags/our_seventh_dag copy.py took 0.182 seconds
[2023-10-01 07:57:40,332] {scheduler_job.py:182} INFO - Started process (PID=23590) to work on /opt/airflow/dags/our_seventh_dag copy.py
[2023-10-01 07:57:40,422] {scheduler_job.py:629} INFO - Processing file /opt/airflow/dags/our_seventh_dag copy.py for tasks to queue
[2023-10-01 07:57:40,544] {logging_mixin.py:104} INFO - [2023-10-01 07:57:40,499] {dagbag.py:448} INFO - Filling up the DagBag from /opt/airflow/dags/our_seventh_dag copy.py
[2023-10-01 07:57:40,559] {scheduler_job.py:641} WARNING - No viable dags retrieved from /opt/airflow/dags/our_seventh_dag copy.py
[2023-10-01 07:57:40,563] {scheduler_job.py:190} INFO - Processing /opt/airflow/dags/our_seventh_dag copy.py took 0.504 seconds
[2023-10-01 07:57:52,178] {scheduler_job.py:182} INFO - Started process (PID=23633) to work on /opt/airflow/dags/our_seventh_dag copy.py
[2023-10-01 07:57:52,195] {scheduler_job.py:629} INFO - Processing file /opt/airflow/dags/our_seventh_dag copy.py for tasks to queue
[2023-10-01 07:57:52,285] {logging_mixin.py:104} INFO - [2023-10-01 07:57:52,259] {dagbag.py:448} INFO - Filling up the DagBag from /opt/airflow/dags/our_seventh_dag copy.py
[2023-10-01 07:57:52,310] {scheduler_job.py:641} WARNING - No viable dags retrieved from /opt/airflow/dags/our_seventh_dag copy.py
[2023-10-01 07:57:52,339] {scheduler_job.py:190} INFO - Processing /opt/airflow/dags/our_seventh_dag copy.py took 0.216 seconds
[2023-10-01 07:58:04,837] {scheduler_job.py:182} INFO - Started process (PID=23682) to work on /opt/airflow/dags/our_seventh_dag copy.py
[2023-10-01 07:58:04,868] {scheduler_job.py:629} INFO - Processing file /opt/airflow/dags/our_seventh_dag copy.py for tasks to queue
[2023-10-01 07:58:04,881] {logging_mixin.py:104} INFO - [2023-10-01 07:58:04,878] {dagbag.py:448} INFO - Filling up the DagBag from /opt/airflow/dags/our_seventh_dag copy.py
[2023-10-01 07:58:04,890] {scheduler_job.py:641} WARNING - No viable dags retrieved from /opt/airflow/dags/our_seventh_dag copy.py
[2023-10-01 07:58:04,900] {scheduler_job.py:190} INFO - Processing /opt/airflow/dags/our_seventh_dag copy.py took 0.101 seconds
[2023-10-01 07:58:19,253] {scheduler_job.py:182} INFO - Started process (PID=23727) to work on /opt/airflow/dags/our_seventh_dag copy.py
[2023-10-01 07:58:19,292] {scheduler_job.py:629} INFO - Processing file /opt/airflow/dags/our_seventh_dag copy.py for tasks to queue
[2023-10-01 07:58:19,326] {logging_mixin.py:104} INFO - [2023-10-01 07:58:19,318] {dagbag.py:448} INFO - Filling up the DagBag from /opt/airflow/dags/our_seventh_dag copy.py
[2023-10-01 07:58:19,344] {scheduler_job.py:641} WARNING - No viable dags retrieved from /opt/airflow/dags/our_seventh_dag copy.py
[2023-10-01 07:58:19,395] {scheduler_job.py:190} INFO - Processing /opt/airflow/dags/our_seventh_dag copy.py took 0.175 seconds
[2023-10-01 07:58:31,854] {scheduler_job.py:182} INFO - Started process (PID=23774) to work on /opt/airflow/dags/our_seventh_dag copy.py
[2023-10-01 07:58:31,891] {scheduler_job.py:629} INFO - Processing file /opt/airflow/dags/our_seventh_dag copy.py for tasks to queue
[2023-10-01 07:58:31,894] {logging_mixin.py:104} INFO - [2023-10-01 07:58:31,893] {dagbag.py:448} INFO - Filling up the DagBag from /opt/airflow/dags/our_seventh_dag copy.py
[2023-10-01 07:58:31,922] {scheduler_job.py:641} WARNING - No viable dags retrieved from /opt/airflow/dags/our_seventh_dag copy.py
[2023-10-01 07:58:31,933] {scheduler_job.py:190} INFO - Processing /opt/airflow/dags/our_seventh_dag copy.py took 0.229 seconds
[2023-10-01 07:58:43,830] {scheduler_job.py:182} INFO - Started process (PID=23828) to work on /opt/airflow/dags/our_seventh_dag copy.py
[2023-10-01 07:58:43,921] {scheduler_job.py:629} INFO - Processing file /opt/airflow/dags/our_seventh_dag copy.py for tasks to queue
[2023-10-01 07:58:43,953] {logging_mixin.py:104} INFO - [2023-10-01 07:58:43,953] {dagbag.py:448} INFO - Filling up the DagBag from /opt/airflow/dags/our_seventh_dag copy.py
[2023-10-01 07:58:43,991] {scheduler_job.py:641} WARNING - No viable dags retrieved from /opt/airflow/dags/our_seventh_dag copy.py
[2023-10-01 07:58:44,013] {scheduler_job.py:190} INFO - Processing /opt/airflow/dags/our_seventh_dag copy.py took 0.255 seconds
[2023-10-01 07:59:07,688] {scheduler_job.py:182} INFO - Started process (PID=23885) to work on /opt/airflow/dags/our_seventh_dag copy.py
[2023-10-01 07:59:07,804] {scheduler_job.py:629} INFO - Processing file /opt/airflow/dags/our_seventh_dag copy.py for tasks to queue
[2023-10-01 07:59:07,837] {logging_mixin.py:104} INFO - [2023-10-01 07:59:07,837] {dagbag.py:448} INFO - Filling up the DagBag from /opt/airflow/dags/our_seventh_dag copy.py
[2023-10-01 07:59:07,865] {scheduler_job.py:641} WARNING - No viable dags retrieved from /opt/airflow/dags/our_seventh_dag copy.py
[2023-10-01 07:59:07,960] {scheduler_job.py:190} INFO - Processing /opt/airflow/dags/our_seventh_dag copy.py took 0.410 seconds
[2023-10-01 07:59:25,398] {scheduler_job.py:182} INFO - Started process (PID=23935) to work on /opt/airflow/dags/our_seventh_dag copy.py
[2023-10-01 07:59:25,920] {scheduler_job.py:629} INFO - Processing file /opt/airflow/dags/our_seventh_dag copy.py for tasks to queue
[2023-10-01 07:59:25,994] {logging_mixin.py:104} INFO - [2023-10-01 07:59:25,993] {dagbag.py:448} INFO - Filling up the DagBag from /opt/airflow/dags/our_seventh_dag copy.py
[2023-10-01 07:59:26,067] {scheduler_job.py:641} WARNING - No viable dags retrieved from /opt/airflow/dags/our_seventh_dag copy.py
[2023-10-01 07:59:26,096] {scheduler_job.py:190} INFO - Processing /opt/airflow/dags/our_seventh_dag copy.py took 0.802 seconds
[2023-10-01 07:59:39,039] {scheduler_job.py:182} INFO - Started process (PID=23978) to work on /opt/airflow/dags/our_seventh_dag copy.py
[2023-10-01 07:59:39,132] {scheduler_job.py:629} INFO - Processing file /opt/airflow/dags/our_seventh_dag copy.py for tasks to queue
[2023-10-01 07:59:39,152] {logging_mixin.py:104} INFO - [2023-10-01 07:59:39,152] {dagbag.py:448} INFO - Filling up the DagBag from /opt/airflow/dags/our_seventh_dag copy.py
[2023-10-01 07:59:39,170] {scheduler_job.py:641} WARNING - No viable dags retrieved from /opt/airflow/dags/our_seventh_dag copy.py
[2023-10-01 07:59:39,203] {scheduler_job.py:190} INFO - Processing /opt/airflow/dags/our_seventh_dag copy.py took 0.328 seconds
[2023-10-01 08:00:06,586] {scheduler_job.py:182} INFO - Started process (PID=24031) to work on /opt/airflow/dags/our_seventh_dag copy.py
[2023-10-01 08:00:06,778] {scheduler_job.py:629} INFO - Processing file /opt/airflow/dags/our_seventh_dag copy.py for tasks to queue
[2023-10-01 08:00:06,940] {logging_mixin.py:104} INFO - [2023-10-01 08:00:06,887] {dagbag.py:448} INFO - Filling up the DagBag from /opt/airflow/dags/our_seventh_dag copy.py
[2023-10-01 08:00:06,955] {scheduler_job.py:641} WARNING - No viable dags retrieved from /opt/airflow/dags/our_seventh_dag copy.py
[2023-10-01 08:00:06,998] {scheduler_job.py:190} INFO - Processing /opt/airflow/dags/our_seventh_dag copy.py took 0.680 seconds
[2023-10-01 08:00:22,334] {scheduler_job.py:182} INFO - Started process (PID=24069) to work on /opt/airflow/dags/our_seventh_dag copy.py
[2023-10-01 08:00:22,430] {scheduler_job.py:629} INFO - Processing file /opt/airflow/dags/our_seventh_dag copy.py for tasks to queue
[2023-10-01 08:00:22,488] {logging_mixin.py:104} INFO - [2023-10-01 08:00:22,469] {dagbag.py:448} INFO - Filling up the DagBag from /opt/airflow/dags/our_seventh_dag copy.py
[2023-10-01 08:00:22,550] {scheduler_job.py:641} WARNING - No viable dags retrieved from /opt/airflow/dags/our_seventh_dag copy.py
[2023-10-01 08:00:22,583] {scheduler_job.py:190} INFO - Processing /opt/airflow/dags/our_seventh_dag copy.py took 0.675 seconds
[2023-10-01 08:00:38,560] {scheduler_job.py:182} INFO - Started process (PID=24113) to work on /opt/airflow/dags/our_seventh_dag copy.py
[2023-10-01 08:00:38,583] {scheduler_job.py:629} INFO - Processing file /opt/airflow/dags/our_seventh_dag copy.py for tasks to queue
[2023-10-01 08:00:38,591] {logging_mixin.py:104} INFO - [2023-10-01 08:00:38,591] {dagbag.py:448} INFO - Filling up the DagBag from /opt/airflow/dags/our_seventh_dag copy.py
[2023-10-01 08:00:38,598] {scheduler_job.py:641} WARNING - No viable dags retrieved from /opt/airflow/dags/our_seventh_dag copy.py
[2023-10-01 08:00:38,614] {scheduler_job.py:190} INFO - Processing /opt/airflow/dags/our_seventh_dag copy.py took 0.073 seconds
[2023-10-01 08:00:48,937] {scheduler_job.py:182} INFO - Started process (PID=24147) to work on /opt/airflow/dags/our_seventh_dag copy.py
[2023-10-01 08:00:48,945] {scheduler_job.py:629} INFO - Processing file /opt/airflow/dags/our_seventh_dag copy.py for tasks to queue
[2023-10-01 08:00:48,952] {logging_mixin.py:104} INFO - [2023-10-01 08:00:48,951] {dagbag.py:448} INFO - Filling up the DagBag from /opt/airflow/dags/our_seventh_dag copy.py
[2023-10-01 08:00:48,973] {scheduler_job.py:641} WARNING - No viable dags retrieved from /opt/airflow/dags/our_seventh_dag copy.py
[2023-10-01 08:00:48,977] {scheduler_job.py:190} INFO - Processing /opt/airflow/dags/our_seventh_dag copy.py took 0.090 seconds
[2023-10-01 08:01:00,186] {scheduler_job.py:182} INFO - Started process (PID=24187) to work on /opt/airflow/dags/our_seventh_dag copy.py
[2023-10-01 08:01:00,196] {scheduler_job.py:629} INFO - Processing file /opt/airflow/dags/our_seventh_dag copy.py for tasks to queue
[2023-10-01 08:01:00,228] {logging_mixin.py:104} INFO - [2023-10-01 08:01:00,226] {dagbag.py:448} INFO - Filling up the DagBag from /opt/airflow/dags/our_seventh_dag copy.py
[2023-10-01 08:01:00,251] {scheduler_job.py:641} WARNING - No viable dags retrieved from /opt/airflow/dags/our_seventh_dag copy.py
[2023-10-01 08:01:00,273] {scheduler_job.py:190} INFO - Processing /opt/airflow/dags/our_seventh_dag copy.py took 0.102 seconds
[2023-10-01 08:01:10,518] {scheduler_job.py:182} INFO - Started process (PID=24225) to work on /opt/airflow/dags/our_seventh_dag copy.py
[2023-10-01 08:01:10,534] {scheduler_job.py:629} INFO - Processing file /opt/airflow/dags/our_seventh_dag copy.py for tasks to queue
[2023-10-01 08:01:10,543] {logging_mixin.py:104} INFO - [2023-10-01 08:01:10,541] {dagbag.py:448} INFO - Filling up the DagBag from /opt/airflow/dags/our_seventh_dag copy.py
[2023-10-01 08:01:10,554] {scheduler_job.py:641} WARNING - No viable dags retrieved from /opt/airflow/dags/our_seventh_dag copy.py
[2023-10-01 08:01:10,560] {scheduler_job.py:190} INFO - Processing /opt/airflow/dags/our_seventh_dag copy.py took 0.053 seconds
[2023-10-01 08:01:20,941] {scheduler_job.py:182} INFO - Started process (PID=24265) to work on /opt/airflow/dags/our_seventh_dag copy.py
[2023-10-01 08:01:20,960] {scheduler_job.py:629} INFO - Processing file /opt/airflow/dags/our_seventh_dag copy.py for tasks to queue
[2023-10-01 08:01:20,975] {logging_mixin.py:104} INFO - [2023-10-01 08:01:20,975] {dagbag.py:448} INFO - Filling up the DagBag from /opt/airflow/dags/our_seventh_dag copy.py
[2023-10-01 08:01:21,000] {scheduler_job.py:641} WARNING - No viable dags retrieved from /opt/airflow/dags/our_seventh_dag copy.py
[2023-10-01 08:01:21,003] {scheduler_job.py:190} INFO - Processing /opt/airflow/dags/our_seventh_dag copy.py took 0.100 seconds
