[2023-10-01 06:29:58,572] {taskinstance.py:851} INFO - Dependencies all met for <TaskInstance: our_fifth_dag_v5.greet 2021-09-06T00:00:00+00:00 [queued]>
[2023-10-01 06:29:59,481] {taskinstance.py:851} INFO - Dependencies all met for <TaskInstance: our_fifth_dag_v5.greet 2021-09-06T00:00:00+00:00 [queued]>
[2023-10-01 06:29:59,484] {taskinstance.py:1042} INFO - 
--------------------------------------------------------------------------------
[2023-10-01 06:29:59,486] {taskinstance.py:1043} INFO - Starting attempt 1 of 6
[2023-10-01 06:29:59,490] {taskinstance.py:1044} INFO - 
--------------------------------------------------------------------------------
[2023-10-01 06:29:59,627] {taskinstance.py:1063} INFO - Executing <Task(PythonOperator): greet> on 2021-09-06T00:00:00+00:00
[2023-10-01 06:29:59,732] {standard_task_runner.py:52} INFO - Started process 7507 to run task
[2023-10-01 06:29:59,874] {standard_task_runner.py:76} INFO - Running: ['airflow', 'tasks', 'run', 'our_fifth_dag_v5', 'greet', '2021-09-06T00:00:00+00:00', '--job-id', '1058', '--pool', 'default_pool', '--raw', '--subdir', 'DAGS_FOLDER/our_fifth_dag.py', '--cfg-path', '/tmp/tmpkof6p4v3', '--error-file', '/tmp/tmp4ic3mrd9']
[2023-10-01 06:29:59,971] {standard_task_runner.py:77} INFO - Job 1058: Subtask greet
[2023-10-01 06:30:00,960] {logging_mixin.py:104} INFO - Running <TaskInstance: our_fifth_dag_v5.greet 2021-09-06T00:00:00+00:00 [running]> on host d4ed655215d1
[2023-10-01 06:30:01,821] {taskinstance.py:1257} INFO - Exporting the following env vars:
AIRFLOW_CTX_DAG_OWNER=coder2j
AIRFLOW_CTX_DAG_ID=our_fifth_dag_v5
AIRFLOW_CTX_TASK_ID=greet
AIRFLOW_CTX_EXECUTION_DATE=2021-09-06T00:00:00+00:00
AIRFLOW_CTX_DAG_RUN_ID=scheduled__2021-09-06T00:00:00+00:00
[2023-10-01 06:30:01,827] {logging_mixin.py:104} INFO - Hello how are you
[2023-10-01 06:30:01,830] {python.py:118} INFO - Done. Returned value was: None
[2023-10-01 06:30:02,175] {taskinstance.py:1166} INFO - Marking task as SUCCESS. dag_id=our_fifth_dag_v5, task_id=greet, execution_date=20210906T000000, start_date=20231001T062958, end_date=20231001T063002
[2023-10-01 06:30:02,669] {taskinstance.py:1220} INFO - 0 downstream tasks scheduled from follow-on schedule check
[2023-10-01 06:30:02,741] {local_task_job.py:146} INFO - Task exited with return code 0
