[2023-10-01 06:11:49,824] {taskinstance.py:851} INFO - Dependencies all met for <TaskInstance: our_fourth_dag_v4.second_task 2021-09-21T00:00:00+00:00 [queued]>
[2023-10-01 06:11:50,036] {taskinstance.py:851} INFO - Dependencies all met for <TaskInstance: our_fourth_dag_v4.second_task 2021-09-21T00:00:00+00:00 [queued]>
[2023-10-01 06:11:50,038] {taskinstance.py:1042} INFO - 
--------------------------------------------------------------------------------
[2023-10-01 06:11:50,040] {taskinstance.py:1043} INFO - Starting attempt 1 of 6
[2023-10-01 06:11:50,044] {taskinstance.py:1044} INFO - 
--------------------------------------------------------------------------------
[2023-10-01 06:11:50,152] {taskinstance.py:1063} INFO - Executing <Task(BashOperator): second_task> on 2021-09-21T00:00:00+00:00
[2023-10-01 06:11:50,203] {standard_task_runner.py:52} INFO - Started process 4712 to run task
[2023-10-01 06:11:50,287] {standard_task_runner.py:76} INFO - Running: ['airflow', 'tasks', 'run', 'our_fourth_dag_v4', 'second_task', '2021-09-21T00:00:00+00:00', '--job-id', '596', '--pool', 'default_pool', '--raw', '--subdir', 'DAGS_FOLDER/our_fourth_dag.py', '--cfg-path', '/tmp/tmpovdor3hy', '--error-file', '/tmp/tmpqzztb72p']
[2023-10-01 06:11:50,402] {standard_task_runner.py:77} INFO - Job 596: Subtask second_task
[2023-10-01 06:11:51,138] {logging_mixin.py:104} INFO - Running <TaskInstance: our_fourth_dag_v4.second_task 2021-09-21T00:00:00+00:00 [running]> on host d4ed655215d1
[2023-10-01 06:11:51,923] {taskinstance.py:1257} INFO - Exporting the following env vars:
AIRFLOW_CTX_DAG_OWNER=svastikkka
AIRFLOW_CTX_DAG_ID=our_fourth_dag_v4
AIRFLOW_CTX_TASK_ID=second_task
AIRFLOW_CTX_EXECUTION_DATE=2021-09-21T00:00:00+00:00
AIRFLOW_CTX_DAG_RUN_ID=scheduled__2021-09-21T00:00:00+00:00
[2023-10-01 06:11:51,949] {bash.py:135} INFO - Tmp dir root location: 
 /tmp
[2023-10-01 06:11:51,967] {bash.py:158} INFO - Running command: echo hey, I am task2 and will be running after task1!
[2023-10-01 06:11:52,181] {bash.py:169} INFO - Output:
[2023-10-01 06:11:52,205] {bash.py:173} INFO - hey, I am task2 and will be running after task1!
[2023-10-01 06:11:52,227] {bash.py:177} INFO - Command exited with return code 0
[2023-10-01 06:11:52,587] {taskinstance.py:1166} INFO - Marking task as SUCCESS. dag_id=our_fourth_dag_v4, task_id=second_task, execution_date=20210921T000000, start_date=20231001T061149, end_date=20231001T061152
[2023-10-01 06:11:54,013] {taskinstance.py:1220} INFO - 0 downstream tasks scheduled from follow-on schedule check
[2023-10-01 06:11:54,213] {local_task_job.py:146} INFO - Task exited with return code 0
