[2023-10-01 06:28:25,765] {taskinstance.py:851} INFO - Dependencies all met for <TaskInstance: our_fifth_dag_v5.greet 2021-08-07T00:00:00+00:00 [queued]>
[2023-10-01 06:28:25,913] {taskinstance.py:851} INFO - Dependencies all met for <TaskInstance: our_fifth_dag_v5.greet 2021-08-07T00:00:00+00:00 [queued]>
[2023-10-01 06:28:25,916] {taskinstance.py:1042} INFO - 
--------------------------------------------------------------------------------
[2023-10-01 06:28:25,919] {taskinstance.py:1043} INFO - Starting attempt 1 of 6
[2023-10-01 06:28:25,922] {taskinstance.py:1044} INFO - 
--------------------------------------------------------------------------------
[2023-10-01 06:28:26,018] {taskinstance.py:1063} INFO - Executing <Task(PythonOperator): greet> on 2021-08-07T00:00:00+00:00
[2023-10-01 06:28:26,087] {standard_task_runner.py:52} INFO - Started process 7290 to run task
[2023-10-01 06:28:26,126] {standard_task_runner.py:76} INFO - Running: ['airflow', 'tasks', 'run', 'our_fifth_dag_v5', 'greet', '2021-08-07T00:00:00+00:00', '--job-id', '1028', '--pool', 'default_pool', '--raw', '--subdir', 'DAGS_FOLDER/our_fifth_dag.py', '--cfg-path', '/tmp/tmpi3hu3kp9', '--error-file', '/tmp/tmpn_gkfil7']
[2023-10-01 06:28:26,153] {standard_task_runner.py:77} INFO - Job 1028: Subtask greet
[2023-10-01 06:28:26,467] {logging_mixin.py:104} INFO - Running <TaskInstance: our_fifth_dag_v5.greet 2021-08-07T00:00:00+00:00 [running]> on host d4ed655215d1
[2023-10-01 06:28:26,882] {taskinstance.py:1257} INFO - Exporting the following env vars:
AIRFLOW_CTX_DAG_OWNER=coder2j
AIRFLOW_CTX_DAG_ID=our_fifth_dag_v5
AIRFLOW_CTX_TASK_ID=greet
AIRFLOW_CTX_EXECUTION_DATE=2021-08-07T00:00:00+00:00
AIRFLOW_CTX_DAG_RUN_ID=scheduled__2021-08-07T00:00:00+00:00
[2023-10-01 06:28:26,897] {logging_mixin.py:104} INFO - Hello how are you
[2023-10-01 06:28:26,923] {python.py:118} INFO - Done. Returned value was: None
[2023-10-01 06:28:26,997] {taskinstance.py:1166} INFO - Marking task as SUCCESS. dag_id=our_fifth_dag_v5, task_id=greet, execution_date=20210807T000000, start_date=20231001T062825, end_date=20231001T062826
[2023-10-01 06:28:27,193] {taskinstance.py:1220} INFO - 0 downstream tasks scheduled from follow-on schedule check
[2023-10-01 06:28:27,294] {local_task_job.py:146} INFO - Task exited with return code 0
