[2023-10-01 05:05:20,232] {taskinstance.py:851} INFO - Dependencies all met for <TaskInstance: our_first_dag_v1.first_task 2021-12-16T00:00:00+00:00 [queued]>
[2023-10-01 05:05:20,390] {taskinstance.py:851} INFO - Dependencies all met for <TaskInstance: our_first_dag_v1.first_task 2021-12-16T00:00:00+00:00 [queued]>
[2023-10-01 05:05:20,392] {taskinstance.py:1042} INFO - 
--------------------------------------------------------------------------------
[2023-10-01 05:05:20,393] {taskinstance.py:1043} INFO - Starting attempt 1 of 6
[2023-10-01 05:05:20,395] {taskinstance.py:1044} INFO - 
--------------------------------------------------------------------------------
[2023-10-01 05:05:20,456] {taskinstance.py:1063} INFO - Executing <Task(BashOperator): first_task> on 2021-12-16T00:00:00+00:00
[2023-10-01 05:05:20,501] {standard_task_runner.py:52} INFO - Started process 1481 to run task
[2023-10-01 05:05:20,517] {standard_task_runner.py:76} INFO - Running: ['airflow', 'tasks', 'run', 'our_first_dag_v1', 'first_task', '2021-12-16T00:00:00+00:00', '--job-id', '231', '--pool', 'default_pool', '--raw', '--subdir', 'DAGS_FOLDER/our_first_dag.py', '--cfg-path', '/tmp/tmpj4rdd071', '--error-file', '/tmp/tmp4ax6peal']
[2023-10-01 05:05:20,573] {standard_task_runner.py:77} INFO - Job 231: Subtask first_task
[2023-10-01 05:05:21,263] {logging_mixin.py:104} INFO - Running <TaskInstance: our_first_dag_v1.first_task 2021-12-16T00:00:00+00:00 [running]> on host c25e1f8124bc
[2023-10-01 05:05:21,562] {taskinstance.py:1257} INFO - Exporting the following env vars:
AIRFLOW_CTX_DAG_OWNER=coder2j
AIRFLOW_CTX_DAG_ID=our_first_dag_v1
AIRFLOW_CTX_TASK_ID=first_task
AIRFLOW_CTX_EXECUTION_DATE=2021-12-16T00:00:00+00:00
AIRFLOW_CTX_DAG_RUN_ID=scheduled__2021-12-16T00:00:00+00:00
[2023-10-01 05:05:21,565] {bash.py:135} INFO - Tmp dir root location: 
 /tmp
[2023-10-01 05:05:21,569] {bash.py:158} INFO - Running command: echo hello world, this is the first task!
[2023-10-01 05:05:21,701] {bash.py:169} INFO - Output:
[2023-10-01 05:05:21,718] {bash.py:173} INFO - hello world, this is the first task!
[2023-10-01 05:05:21,721] {bash.py:177} INFO - Command exited with return code 0
[2023-10-01 05:05:21,891] {taskinstance.py:1166} INFO - Marking task as SUCCESS. dag_id=our_first_dag_v1, task_id=first_task, execution_date=20211216T000000, start_date=20231001T050520, end_date=20231001T050521
[2023-10-01 05:05:22,032] {taskinstance.py:1220} INFO - 0 downstream tasks scheduled from follow-on schedule check
[2023-10-01 05:05:22,239] {local_task_job.py:146} INFO - Task exited with return code 0
