[2023-10-01 06:13:18,614] {taskinstance.py:851} INFO - Dependencies all met for <TaskInstance: our_fourth_dag_v4.first_task 2021-10-13T00:00:00+00:00 [queued]>
[2023-10-01 06:13:19,145] {taskinstance.py:851} INFO - Dependencies all met for <TaskInstance: our_fourth_dag_v4.first_task 2021-10-13T00:00:00+00:00 [queued]>
[2023-10-01 06:13:19,150] {taskinstance.py:1042} INFO - 
--------------------------------------------------------------------------------
[2023-10-01 06:13:19,152] {taskinstance.py:1043} INFO - Starting attempt 1 of 6
[2023-10-01 06:13:19,162] {taskinstance.py:1044} INFO - 
--------------------------------------------------------------------------------
[2023-10-01 06:13:19,322] {taskinstance.py:1063} INFO - Executing <Task(BashOperator): first_task> on 2021-10-13T00:00:00+00:00
[2023-10-01 06:13:19,359] {standard_task_runner.py:52} INFO - Started process 4991 to run task
[2023-10-01 06:13:20,524] {standard_task_runner.py:76} INFO - Running: ['airflow', 'tasks', 'run', 'our_fourth_dag_v4', 'first_task', '2021-10-13T00:00:00+00:00', '--job-id', '651', '--pool', 'default_pool', '--raw', '--subdir', 'DAGS_FOLDER/our_fourth_dag.py', '--cfg-path', '/tmp/tmpa6n8jdf5', '--error-file', '/tmp/tmplt853s30']
[2023-10-01 06:13:20,765] {standard_task_runner.py:77} INFO - Job 651: Subtask first_task
[2023-10-01 06:13:22,029] {logging_mixin.py:104} INFO - Running <TaskInstance: our_fourth_dag_v4.first_task 2021-10-13T00:00:00+00:00 [running]> on host d4ed655215d1
[2023-10-01 06:13:22,506] {taskinstance.py:1257} INFO - Exporting the following env vars:
AIRFLOW_CTX_DAG_OWNER=svastikkka
AIRFLOW_CTX_DAG_ID=our_fourth_dag_v4
AIRFLOW_CTX_TASK_ID=first_task
AIRFLOW_CTX_EXECUTION_DATE=2021-10-13T00:00:00+00:00
AIRFLOW_CTX_DAG_RUN_ID=scheduled__2021-10-13T00:00:00+00:00
[2023-10-01 06:13:22,526] {bash.py:135} INFO - Tmp dir root location: 
 /tmp
[2023-10-01 06:13:22,539] {bash.py:158} INFO - Running command: echo hello world, this is the first task!
[2023-10-01 06:13:22,772] {bash.py:169} INFO - Output:
[2023-10-01 06:13:22,881] {bash.py:173} INFO - hello world, this is the first task!
[2023-10-01 06:13:22,901] {bash.py:177} INFO - Command exited with return code 0
[2023-10-01 06:13:23,197] {taskinstance.py:1166} INFO - Marking task as SUCCESS. dag_id=our_fourth_dag_v4, task_id=first_task, execution_date=20211013T000000, start_date=20231001T061318, end_date=20231001T061323
[2023-10-01 06:13:24,866] {taskinstance.py:1220} INFO - 0 downstream tasks scheduled from follow-on schedule check
[2023-10-01 06:13:25,037] {local_task_job.py:146} INFO - Task exited with return code 0
