[2023-10-01 07:41:49,073] {taskinstance.py:851} INFO - Dependencies all met for <TaskInstance: our_seventh_dag_v7.greet 2021-11-14T00:00:00+00:00 [queued]>
[2023-10-01 07:41:49,257] {taskinstance.py:851} INFO - Dependencies all met for <TaskInstance: our_seventh_dag_v7.greet 2021-11-14T00:00:00+00:00 [queued]>
[2023-10-01 07:41:49,262] {taskinstance.py:1042} INFO - 
--------------------------------------------------------------------------------
[2023-10-01 07:41:49,272] {taskinstance.py:1043} INFO - Starting attempt 1 of 6
[2023-10-01 07:41:49,277] {taskinstance.py:1044} INFO - 
--------------------------------------------------------------------------------
[2023-10-01 07:41:49,450] {taskinstance.py:1063} INFO - Executing <Task(PythonOperator): greet> on 2021-11-14T00:00:00+00:00
[2023-10-01 07:41:49,472] {standard_task_runner.py:52} INFO - Started process 19372 to run task
[2023-10-01 07:41:49,640] {standard_task_runner.py:76} INFO - Running: ['airflow', 'tasks', 'run', 'our_seventh_dag_v7', 'greet', '2021-11-14T00:00:00+00:00', '--job-id', '1553', '--pool', 'default_pool', '--raw', '--subdir', 'DAGS_FOLDER/our_seventh_dag.py', '--cfg-path', '/tmp/tmpw8bj_3bz', '--error-file', '/tmp/tmpmbub6ech']
[2023-10-01 07:41:49,692] {standard_task_runner.py:77} INFO - Job 1553: Subtask greet
[2023-10-01 07:41:50,332] {logging_mixin.py:104} INFO - Running <TaskInstance: our_seventh_dag_v7.greet 2021-11-14T00:00:00+00:00 [running]> on host d4ed655215d1
[2023-10-01 07:41:50,954] {taskinstance.py:1257} INFO - Exporting the following env vars:
AIRFLOW_CTX_DAG_OWNER=svastikkka
AIRFLOW_CTX_DAG_ID=our_seventh_dag_v7
AIRFLOW_CTX_TASK_ID=greet
AIRFLOW_CTX_EXECUTION_DATE=2021-11-14T00:00:00+00:00
AIRFLOW_CTX_DAG_RUN_ID=scheduled__2021-11-14T00:00:00+00:00
[2023-10-01 07:41:51,099] {logging_mixin.py:104} INFO - Hello My name is Manshu Sharma and I am 26 years old.
[2023-10-01 07:41:51,119] {python.py:118} INFO - Done. Returned value was: None
[2023-10-01 07:41:51,225] {taskinstance.py:1166} INFO - Marking task as SUCCESS. dag_id=our_seventh_dag_v7, task_id=greet, execution_date=20211114T000000, start_date=20231001T074149, end_date=20231001T074151
[2023-10-01 07:41:51,497] {taskinstance.py:1220} INFO - 0 downstream tasks scheduled from follow-on schedule check
[2023-10-01 07:41:51,572] {local_task_job.py:146} INFO - Task exited with return code 0
