[2023-10-01 09:17:35,803] {taskinstance.py:851} INFO - Dependencies all met for <TaskInstance: cron.first_task 2021-08-10T00:00:00+00:00 [queued]>
[2023-10-01 09:17:36,115] {taskinstance.py:851} INFO - Dependencies all met for <TaskInstance: cron.first_task 2021-08-10T00:00:00+00:00 [queued]>
[2023-10-01 09:17:36,117] {taskinstance.py:1042} INFO - 
--------------------------------------------------------------------------------
[2023-10-01 09:17:36,123] {taskinstance.py:1043} INFO - Starting attempt 1 of 6
[2023-10-01 09:17:36,131] {taskinstance.py:1044} INFO - 
--------------------------------------------------------------------------------
[2023-10-01 09:17:36,195] {taskinstance.py:1063} INFO - Executing <Task(BashOperator): first_task> on 2021-08-10T00:00:00+00:00
[2023-10-01 09:17:36,286] {standard_task_runner.py:52} INFO - Started process 34437 to run task
[2023-10-01 09:17:36,347] {standard_task_runner.py:76} INFO - Running: ['airflow', 'tasks', 'run', 'cron', 'first_task', '2021-08-10T00:00:00+00:00', '--job-id', '2502', '--pool', 'default_pool', '--raw', '--subdir', 'DAGS_FOLDER/cron.py', '--cfg-path', '/tmp/tmp2xpxspcv', '--error-file', '/tmp/tmpf3plfisj']
[2023-10-01 09:17:36,403] {standard_task_runner.py:77} INFO - Job 2502: Subtask first_task
[2023-10-01 09:17:37,367] {logging_mixin.py:104} INFO - Running <TaskInstance: cron.first_task 2021-08-10T00:00:00+00:00 [running]> on host d4ed655215d1
[2023-10-01 09:17:39,234] {taskinstance.py:1257} INFO - Exporting the following env vars:
AIRFLOW_CTX_DAG_OWNER=svastikkka
AIRFLOW_CTX_DAG_ID=cron
AIRFLOW_CTX_TASK_ID=first_task
AIRFLOW_CTX_EXECUTION_DATE=2021-08-10T00:00:00+00:00
AIRFLOW_CTX_DAG_RUN_ID=scheduled__2021-08-10T00:00:00+00:00
[2023-10-01 09:17:39,400] {bash.py:135} INFO - Tmp dir root location: 
 /tmp
[2023-10-01 09:17:39,464] {bash.py:158} INFO - Running command: echo hello world, this is the first task!
[2023-10-01 09:17:40,420] {bash.py:169} INFO - Output:
[2023-10-01 09:17:40,538] {bash.py:173} INFO - hello world, this is the first task!
[2023-10-01 09:17:40,701] {bash.py:177} INFO - Command exited with return code 0
[2023-10-01 09:17:42,785] {taskinstance.py:1166} INFO - Marking task as SUCCESS. dag_id=cron, task_id=first_task, execution_date=20210810T000000, start_date=20231001T091735, end_date=20231001T091742
[2023-10-01 09:17:44,325] {taskinstance.py:1220} INFO - 0 downstream tasks scheduled from follow-on schedule check
[2023-10-01 09:17:44,570] {local_task_job.py:146} INFO - Task exited with return code 0
