[2023-10-01 09:47:15,358] {taskinstance.py:851} INFO - Dependencies all met for <TaskInstance: postgres_v1.create_postgres_connection 2021-08-01T00:00:00+00:00 [queued]>
[2023-10-01 09:47:15,488] {taskinstance.py:851} INFO - Dependencies all met for <TaskInstance: postgres_v1.create_postgres_connection 2021-08-01T00:00:00+00:00 [queued]>
[2023-10-01 09:47:15,490] {taskinstance.py:1042} INFO - 
--------------------------------------------------------------------------------
[2023-10-01 09:47:15,492] {taskinstance.py:1043} INFO - Starting attempt 3 of 6
[2023-10-01 09:47:15,495] {taskinstance.py:1044} INFO - 
--------------------------------------------------------------------------------
[2023-10-01 09:47:15,542] {taskinstance.py:1063} INFO - Executing <Task(PostgresOperator): create_postgres_connection> on 2021-08-01T00:00:00+00:00
[2023-10-01 09:47:15,559] {standard_task_runner.py:52} INFO - Started process 41375 to run task
[2023-10-01 09:47:15,727] {standard_task_runner.py:76} INFO - Running: ['airflow', 'tasks', 'run', 'postgres_v1', 'create_postgres_connection', '2021-08-01T00:00:00+00:00', '--job-id', '2556', '--pool', 'default_pool', '--raw', '--subdir', 'DAGS_FOLDER/1_postgresql.py', '--cfg-path', '/tmp/tmp4jquugtk', '--error-file', '/tmp/tmp9gc1l2uf']
[2023-10-01 09:47:15,769] {standard_task_runner.py:77} INFO - Job 2556: Subtask create_postgres_connection
[2023-10-01 09:47:16,348] {logging_mixin.py:104} INFO - Running <TaskInstance: postgres_v1.create_postgres_connection 2021-08-01T00:00:00+00:00 [running]> on host d4ed655215d1
[2023-10-01 09:47:16,776] {taskinstance.py:1257} INFO - Exporting the following env vars:
AIRFLOW_CTX_DAG_OWNER=svastikkka
AIRFLOW_CTX_DAG_ID=postgres_v1
AIRFLOW_CTX_TASK_ID=create_postgres_connection
AIRFLOW_CTX_EXECUTION_DATE=2021-08-01T00:00:00+00:00
AIRFLOW_CTX_DAG_RUN_ID=scheduled__2021-08-01T00:00:00+00:00
[2023-10-01 09:47:16,794] {postgres.py:69} INFO - Executing: create table if not exists dags_run(
        dt  date,
        dag_id character varying,
        primary key (dt,dag_id)
        )
[2023-10-01 09:47:16,894] {base.py:74} INFO - Using connection to: id: posgres_testing. Host: host.docker.internal, Port: 5432, Schema: testing, Login: airflow, Password: XXXXXXXX, extra: None
[2023-10-01 09:47:16,969] {taskinstance.py:1455} ERROR - FATAL:  database "testing" does not exist
Traceback (most recent call last):
  File "/home/airflow/.local/lib/python3.6/site-packages/airflow/models/taskinstance.py", line 1112, in _run_raw_task
    self._prepare_and_execute_task_with_callbacks(context, task)
  File "/home/airflow/.local/lib/python3.6/site-packages/airflow/models/taskinstance.py", line 1285, in _prepare_and_execute_task_with_callbacks
    result = self._execute_task(context, task_copy)
  File "/home/airflow/.local/lib/python3.6/site-packages/airflow/models/taskinstance.py", line 1315, in _execute_task
    result = task_copy.execute(context=context)
  File "/home/airflow/.local/lib/python3.6/site-packages/airflow/providers/postgres/operators/postgres.py", line 71, in execute
    self.hook.run(self.sql, self.autocommit, parameters=self.parameters)
  File "/home/airflow/.local/lib/python3.6/site-packages/airflow/hooks/dbapi.py", line 173, in run
    with closing(self.get_conn()) as conn:
  File "/home/airflow/.local/lib/python3.6/site-packages/airflow/providers/postgres/hooks/postgres.py", line 108, in get_conn
    self.conn = psycopg2.connect(**conn_args)
  File "/home/airflow/.local/lib/python3.6/site-packages/psycopg2/__init__.py", line 127, in connect
    conn = _connect(dsn, connection_factory=connection_factory, **kwasync)
psycopg2.OperationalError: FATAL:  database "testing" does not exist

[2023-10-01 09:47:16,995] {taskinstance.py:1503} INFO - Marking task as UP_FOR_RETRY. dag_id=postgres_v1, task_id=create_postgres_connection, execution_date=20210801T000000, start_date=20231001T094715, end_date=20231001T094716
[2023-10-01 09:47:17,175] {local_task_job.py:146} INFO - Task exited with return code 1
