[2023-10-01 06:10:18,468] {taskinstance.py:851} INFO - Dependencies all met for <TaskInstance: our_fourth_dag_v4.first_task 2021-08-29T00:00:00+00:00 [queued]>
[2023-10-01 06:10:18,700] {taskinstance.py:851} INFO - Dependencies all met for <TaskInstance: our_fourth_dag_v4.first_task 2021-08-29T00:00:00+00:00 [queued]>
[2023-10-01 06:10:18,701] {taskinstance.py:1042} INFO - 
--------------------------------------------------------------------------------
[2023-10-01 06:10:18,703] {taskinstance.py:1043} INFO - Starting attempt 1 of 6
[2023-10-01 06:10:18,704] {taskinstance.py:1044} INFO - 
--------------------------------------------------------------------------------
[2023-10-01 06:10:18,882] {taskinstance.py:1063} INFO - Executing <Task(BashOperator): first_task> on 2021-08-29T00:00:00+00:00
[2023-10-01 06:10:18,945] {standard_task_runner.py:52} INFO - Started process 4330 to run task
[2023-10-01 06:10:19,067] {standard_task_runner.py:76} INFO - Running: ['airflow', 'tasks', 'run', 'our_fourth_dag_v4', 'first_task', '2021-08-29T00:00:00+00:00', '--job-id', '515', '--pool', 'default_pool', '--raw', '--subdir', 'DAGS_FOLDER/our_fourth_dag.py', '--cfg-path', '/tmp/tmp6t5d6ih5', '--error-file', '/tmp/tmpdlp6yj2j']
[2023-10-01 06:10:19,132] {standard_task_runner.py:77} INFO - Job 515: Subtask first_task
[2023-10-01 06:10:19,764] {logging_mixin.py:104} INFO - Running <TaskInstance: our_fourth_dag_v4.first_task 2021-08-29T00:00:00+00:00 [running]> on host d4ed655215d1
[2023-10-01 06:10:21,215] {taskinstance.py:1257} INFO - Exporting the following env vars:
AIRFLOW_CTX_DAG_OWNER=svastikkka
AIRFLOW_CTX_DAG_ID=our_fourth_dag_v4
AIRFLOW_CTX_TASK_ID=first_task
AIRFLOW_CTX_EXECUTION_DATE=2021-08-29T00:00:00+00:00
AIRFLOW_CTX_DAG_RUN_ID=scheduled__2021-08-29T00:00:00+00:00
[2023-10-01 06:10:21,262] {bash.py:135} INFO - Tmp dir root location: 
 /tmp
[2023-10-01 06:10:21,348] {bash.py:158} INFO - Running command: echo hello world, this is the first task!
[2023-10-01 06:10:21,565] {bash.py:169} INFO - Output:
[2023-10-01 06:10:21,586] {bash.py:173} INFO - hello world, this is the first task!
[2023-10-01 06:10:21,672] {bash.py:177} INFO - Command exited with return code 0
[2023-10-01 06:10:22,137] {taskinstance.py:1166} INFO - Marking task as SUCCESS. dag_id=our_fourth_dag_v4, task_id=first_task, execution_date=20210829T000000, start_date=20231001T061018, end_date=20231001T061022
[2023-10-01 06:10:24,627] {local_task_job.py:188} WARNING - State of this instance has been externally set to success. Terminating instance.
[2023-10-01 06:10:24,746] {taskinstance.py:1220} INFO - 0 downstream tasks scheduled from follow-on schedule check
[2023-10-01 06:10:24,893] {process_utils.py:100} INFO - Sending Signals.SIGTERM to GPID 4330
[2023-10-01 06:10:24,945] {taskinstance.py:1239} ERROR - Received SIGTERM. Terminating subprocesses.
[2023-10-01 06:10:24,972] {bash.py:185} INFO - Sending SIGTERM signal to bash process group
[2023-10-01 06:10:25,311] {process_utils.py:66} INFO - Process psutil.Process(pid=4330, status='terminated', exitcode=0, started='06:10:18') (4330) terminated with exit code 0
