[2023-10-01 07:40:31,866] {taskinstance.py:851} INFO - Dependencies all met for <TaskInstance: our_seventh_dag_v7.get_name 2021-10-19T00:00:00+00:00 [queued]>
[2023-10-01 07:40:31,928] {taskinstance.py:851} INFO - Dependencies all met for <TaskInstance: our_seventh_dag_v7.get_name 2021-10-19T00:00:00+00:00 [queued]>
[2023-10-01 07:40:31,930] {taskinstance.py:1042} INFO - 
--------------------------------------------------------------------------------
[2023-10-01 07:40:31,933] {taskinstance.py:1043} INFO - Starting attempt 1 of 6
[2023-10-01 07:40:31,936] {taskinstance.py:1044} INFO - 
--------------------------------------------------------------------------------
[2023-10-01 07:40:31,996] {taskinstance.py:1063} INFO - Executing <Task(PythonOperator): get_name> on 2021-10-19T00:00:00+00:00
[2023-10-01 07:40:32,007] {standard_task_runner.py:52} INFO - Started process 19026 to run task
[2023-10-01 07:40:32,064] {standard_task_runner.py:76} INFO - Running: ['airflow', 'tasks', 'run', 'our_seventh_dag_v7', 'get_name', '2021-10-19T00:00:00+00:00', '--job-id', '1494', '--pool', 'default_pool', '--raw', '--subdir', 'DAGS_FOLDER/our_seventh_dag.py', '--cfg-path', '/tmp/tmpqoz7yk44', '--error-file', '/tmp/tmphbnoqdua']
[2023-10-01 07:40:32,084] {standard_task_runner.py:77} INFO - Job 1494: Subtask get_name
[2023-10-01 07:40:32,370] {logging_mixin.py:104} INFO - Running <TaskInstance: our_seventh_dag_v7.get_name 2021-10-19T00:00:00+00:00 [running]> on host d4ed655215d1
[2023-10-01 07:40:32,707] {taskinstance.py:1257} INFO - Exporting the following env vars:
AIRFLOW_CTX_DAG_OWNER=svastikkka
AIRFLOW_CTX_DAG_ID=our_seventh_dag_v7
AIRFLOW_CTX_TASK_ID=get_name
AIRFLOW_CTX_EXECUTION_DATE=2021-10-19T00:00:00+00:00
AIRFLOW_CTX_DAG_RUN_ID=scheduled__2021-10-19T00:00:00+00:00
[2023-10-01 07:40:32,920] {python.py:118} INFO - Done. Returned value was: None
[2023-10-01 07:40:32,961] {taskinstance.py:1166} INFO - Marking task as SUCCESS. dag_id=our_seventh_dag_v7, task_id=get_name, execution_date=20211019T000000, start_date=20231001T074031, end_date=20231001T074032
[2023-10-01 07:40:37,894] {local_task_job.py:188} WARNING - State of this instance has been externally set to success. Terminating instance.
[2023-10-01 07:40:37,904] {process_utils.py:100} INFO - Sending Signals.SIGTERM to GPID 19026
[2023-10-01 07:40:40,270] {taskinstance.py:1239} ERROR - Received SIGTERM. Terminating subprocesses.
[2023-10-01 07:40:41,330] {process_utils.py:66} INFO - Process psutil.Process(pid=19026, status='terminated', exitcode=1, started='07:40:31') (19026) terminated with exit code 1
