[2023-10-01 06:17:15,050] {taskinstance.py:851} INFO - Dependencies all met for <TaskInstance: our_fourth_dag_v4.thrid_task 2021-11-25T00:00:00+00:00 [queued]>
[2023-10-01 06:17:15,194] {taskinstance.py:851} INFO - Dependencies all met for <TaskInstance: our_fourth_dag_v4.thrid_task 2021-11-25T00:00:00+00:00 [queued]>
[2023-10-01 06:17:15,215] {taskinstance.py:1042} INFO - 
--------------------------------------------------------------------------------
[2023-10-01 06:17:15,217] {taskinstance.py:1043} INFO - Starting attempt 1 of 6
[2023-10-01 06:17:15,218] {taskinstance.py:1044} INFO - 
--------------------------------------------------------------------------------
[2023-10-01 06:17:15,295] {taskinstance.py:1063} INFO - Executing <Task(BashOperator): thrid_task> on 2021-11-25T00:00:00+00:00
[2023-10-01 06:17:15,320] {standard_task_runner.py:52} INFO - Started process 5714 to run task
[2023-10-01 06:17:15,399] {standard_task_runner.py:76} INFO - Running: ['airflow', 'tasks', 'run', 'our_fourth_dag_v4', 'thrid_task', '2021-11-25T00:00:00+00:00', '--job-id', '790', '--pool', 'default_pool', '--raw', '--subdir', 'DAGS_FOLDER/our_fourth_dag.py', '--cfg-path', '/tmp/tmp2tw3xxt_', '--error-file', '/tmp/tmpvx5n_rmn']
[2023-10-01 06:17:15,475] {standard_task_runner.py:77} INFO - Job 790: Subtask thrid_task
[2023-10-01 06:17:16,735] {logging_mixin.py:104} INFO - Running <TaskInstance: our_fourth_dag_v4.thrid_task 2021-11-25T00:00:00+00:00 [running]> on host d4ed655215d1
[2023-10-01 06:17:18,504] {taskinstance.py:1257} INFO - Exporting the following env vars:
AIRFLOW_CTX_DAG_OWNER=svastikkka
AIRFLOW_CTX_DAG_ID=our_fourth_dag_v4
AIRFLOW_CTX_TASK_ID=thrid_task
AIRFLOW_CTX_EXECUTION_DATE=2021-11-25T00:00:00+00:00
AIRFLOW_CTX_DAG_RUN_ID=scheduled__2021-11-25T00:00:00+00:00
[2023-10-01 06:17:18,515] {bash.py:135} INFO - Tmp dir root location: 
 /tmp
[2023-10-01 06:17:18,532] {bash.py:158} INFO - Running command: echo hey, I am task3 and will be running after task1 at the same time as task2!
[2023-10-01 06:17:18,676] {bash.py:169} INFO - Output:
[2023-10-01 06:17:18,700] {bash.py:173} INFO - hey, I am task3 and will be running after task1 at the same time as task2!
[2023-10-01 06:17:18,704] {bash.py:177} INFO - Command exited with return code 0
[2023-10-01 06:17:18,887] {taskinstance.py:1166} INFO - Marking task as SUCCESS. dag_id=our_fourth_dag_v4, task_id=thrid_task, execution_date=20211125T000000, start_date=20231001T061715, end_date=20231001T061718
[2023-10-01 06:17:19,193] {taskinstance.py:1220} INFO - 0 downstream tasks scheduled from follow-on schedule check
[2023-10-01 06:17:19,355] {local_task_job.py:146} INFO - Task exited with return code 0
