[2023-10-01 06:14:38,149] {taskinstance.py:851} INFO - Dependencies all met for <TaskInstance: our_fourth_dag_v4.second_task 2021-10-22T00:00:00+00:00 [queued]>
[2023-10-01 06:14:38,442] {taskinstance.py:851} INFO - Dependencies all met for <TaskInstance: our_fourth_dag_v4.second_task 2021-10-22T00:00:00+00:00 [queued]>
[2023-10-01 06:14:38,444] {taskinstance.py:1042} INFO - 
--------------------------------------------------------------------------------
[2023-10-01 06:14:38,450] {taskinstance.py:1043} INFO - Starting attempt 1 of 6
[2023-10-01 06:14:38,461] {taskinstance.py:1044} INFO - 
--------------------------------------------------------------------------------
[2023-10-01 06:14:38,668] {taskinstance.py:1063} INFO - Executing <Task(BashOperator): second_task> on 2021-10-22T00:00:00+00:00
[2023-10-01 06:14:38,763] {standard_task_runner.py:52} INFO - Started process 5209 to run task
[2023-10-01 06:14:38,827] {standard_task_runner.py:76} INFO - Running: ['airflow', 'tasks', 'run', 'our_fourth_dag_v4', 'second_task', '2021-10-22T00:00:00+00:00', '--job-id', '689', '--pool', 'default_pool', '--raw', '--subdir', 'DAGS_FOLDER/our_fourth_dag.py', '--cfg-path', '/tmp/tmpsbgkyslk', '--error-file', '/tmp/tmp0zecvjrp']
[2023-10-01 06:14:38,927] {standard_task_runner.py:77} INFO - Job 689: Subtask second_task
[2023-10-01 06:14:40,700] {logging_mixin.py:104} INFO - Running <TaskInstance: our_fourth_dag_v4.second_task 2021-10-22T00:00:00+00:00 [running]> on host d4ed655215d1
[2023-10-01 06:14:44,506] {taskinstance.py:1257} INFO - Exporting the following env vars:
AIRFLOW_CTX_DAG_OWNER=svastikkka
AIRFLOW_CTX_DAG_ID=our_fourth_dag_v4
AIRFLOW_CTX_TASK_ID=second_task
AIRFLOW_CTX_EXECUTION_DATE=2021-10-22T00:00:00+00:00
AIRFLOW_CTX_DAG_RUN_ID=scheduled__2021-10-22T00:00:00+00:00
[2023-10-01 06:14:44,545] {bash.py:135} INFO - Tmp dir root location: 
 /tmp
[2023-10-01 06:14:44,603] {bash.py:158} INFO - Running command: echo hey, I am task2 and will be running after task1!
[2023-10-01 06:14:44,985] {bash.py:169} INFO - Output:
[2023-10-01 06:14:45,075] {bash.py:173} INFO - hey, I am task2 and will be running after task1!
[2023-10-01 06:14:45,107] {bash.py:177} INFO - Command exited with return code 0
[2023-10-01 06:14:45,564] {taskinstance.py:1166} INFO - Marking task as SUCCESS. dag_id=our_fourth_dag_v4, task_id=second_task, execution_date=20211022T000000, start_date=20231001T061438, end_date=20231001T061445
[2023-10-01 06:14:47,033] {taskinstance.py:1220} INFO - 0 downstream tasks scheduled from follow-on schedule check
[2023-10-01 06:14:47,129] {local_task_job.py:146} INFO - Task exited with return code 0
