[2023-10-01 07:55:11,244] {taskinstance.py:851} INFO - Dependencies all met for <TaskInstance: our_seventh_dag_v7.get_name 2022-12-10T00:00:00+00:00 [queued]>
[2023-10-01 07:55:11,499] {taskinstance.py:851} INFO - Dependencies all met for <TaskInstance: our_seventh_dag_v7.get_name 2022-12-10T00:00:00+00:00 [queued]>
[2023-10-01 07:55:11,510] {taskinstance.py:1042} INFO - 
--------------------------------------------------------------------------------
[2023-10-01 07:55:11,515] {taskinstance.py:1043} INFO - Starting attempt 1 of 6
[2023-10-01 07:55:11,519] {taskinstance.py:1044} INFO - 
--------------------------------------------------------------------------------
[2023-10-01 07:55:11,633] {taskinstance.py:1063} INFO - Executing <Task(PythonOperator): get_name> on 2022-12-10T00:00:00+00:00
[2023-10-01 07:55:11,668] {standard_task_runner.py:52} INFO - Started process 23222 to run task
[2023-10-01 07:55:11,765] {standard_task_runner.py:76} INFO - Running: ['airflow', 'tasks', 'run', 'our_seventh_dag_v7', 'get_name', '2022-12-10T00:00:00+00:00', '--job-id', '2328', '--pool', 'default_pool', '--raw', '--subdir', 'DAGS_FOLDER/our_seventh_dag.py', '--cfg-path', '/tmp/tmp70l45qwb', '--error-file', '/tmp/tmpitwpa3v8']
[2023-10-01 07:55:11,836] {standard_task_runner.py:77} INFO - Job 2328: Subtask get_name
[2023-10-01 07:55:18,262] {logging_mixin.py:104} INFO - Running <TaskInstance: our_seventh_dag_v7.get_name 2022-12-10T00:00:00+00:00 [running]> on host d4ed655215d1
[2023-10-01 07:55:21,908] {taskinstance.py:1257} INFO - Exporting the following env vars:
AIRFLOW_CTX_DAG_OWNER=svastikkka
AIRFLOW_CTX_DAG_ID=our_seventh_dag_v7
AIRFLOW_CTX_TASK_ID=get_name
AIRFLOW_CTX_EXECUTION_DATE=2022-12-10T00:00:00+00:00
AIRFLOW_CTX_DAG_RUN_ID=scheduled__2022-12-10T00:00:00+00:00
[2023-10-01 07:55:22,683] {python.py:118} INFO - Done. Returned value was: None
[2023-10-01 07:55:23,035] {taskinstance.py:1166} INFO - Marking task as SUCCESS. dag_id=our_seventh_dag_v7, task_id=get_name, execution_date=20221210T000000, start_date=20231001T075511, end_date=20231001T075523
[2023-10-01 07:55:28,837] {taskinstance.py:1220} INFO - 0 downstream tasks scheduled from follow-on schedule check
[2023-10-01 07:55:28,785] {local_task_job.py:188} WARNING - State of this instance has been externally set to success. Terminating instance.
[2023-10-01 07:55:29,370] {process_utils.py:100} INFO - Sending Signals.SIGTERM to GPID 23222
[2023-10-01 07:55:29,405] {process_utils.py:66} INFO - Process psutil.Process(pid=23222, status='terminated', exitcode=0, started='07:55:11') (23222) terminated with exit code 0
