[2023-10-01 05:02:09,608] {taskinstance.py:851} INFO - Dependencies all met for <TaskInstance: our_first_dag_v1.first_task 2021-08-05T00:00:00+00:00 [queued]>
[2023-10-01 05:02:09,818] {taskinstance.py:851} INFO - Dependencies all met for <TaskInstance: our_first_dag_v1.first_task 2021-08-05T00:00:00+00:00 [queued]>
[2023-10-01 05:02:09,825] {taskinstance.py:1042} INFO - 
--------------------------------------------------------------------------------
[2023-10-01 05:02:09,830] {taskinstance.py:1043} INFO - Starting attempt 1 of 6
[2023-10-01 05:02:09,831] {taskinstance.py:1044} INFO - 
--------------------------------------------------------------------------------
[2023-10-01 05:02:09,942] {taskinstance.py:1063} INFO - Executing <Task(BashOperator): first_task> on 2021-08-05T00:00:00+00:00
[2023-10-01 05:02:09,962] {standard_task_runner.py:52} INFO - Started process 1009 to run task
[2023-10-01 05:02:10,008] {standard_task_runner.py:76} INFO - Running: ['airflow', 'tasks', 'run', 'our_first_dag_v1', 'first_task', '2021-08-05T00:00:00+00:00', '--job-id', '98', '--pool', 'default_pool', '--raw', '--subdir', 'DAGS_FOLDER/our_first_dag.py', '--cfg-path', '/tmp/tmps7vlp4jy', '--error-file', '/tmp/tmpl1zed6fd']
[2023-10-01 05:02:10,031] {standard_task_runner.py:77} INFO - Job 98: Subtask first_task
[2023-10-01 05:02:10,706] {logging_mixin.py:104} INFO - Running <TaskInstance: our_first_dag_v1.first_task 2021-08-05T00:00:00+00:00 [running]> on host c25e1f8124bc
[2023-10-01 05:02:11,082] {taskinstance.py:1257} INFO - Exporting the following env vars:
AIRFLOW_CTX_DAG_OWNER=coder2j
AIRFLOW_CTX_DAG_ID=our_first_dag_v1
AIRFLOW_CTX_TASK_ID=first_task
AIRFLOW_CTX_EXECUTION_DATE=2021-08-05T00:00:00+00:00
AIRFLOW_CTX_DAG_RUN_ID=scheduled__2021-08-05T00:00:00+00:00
[2023-10-01 05:02:11,118] {bash.py:135} INFO - Tmp dir root location: 
 /tmp
[2023-10-01 05:02:11,151] {bash.py:158} INFO - Running command: echo hello world, this is the first task!
[2023-10-01 05:02:11,268] {bash.py:169} INFO - Output:
[2023-10-01 05:02:11,299] {bash.py:173} INFO - hello world, this is the first task!
[2023-10-01 05:02:11,318] {bash.py:177} INFO - Command exited with return code 0
[2023-10-01 05:02:11,560] {taskinstance.py:1166} INFO - Marking task as SUCCESS. dag_id=our_first_dag_v1, task_id=first_task, execution_date=20210805T000000, start_date=20231001T050209, end_date=20231001T050211
[2023-10-01 05:02:11,820] {taskinstance.py:1220} INFO - 0 downstream tasks scheduled from follow-on schedule check
[2023-10-01 05:02:11,973] {local_task_job.py:146} INFO - Task exited with return code 0
[2023-10-01 05:17:57,568] {taskinstance.py:851} INFO - Dependencies all met for <TaskInstance: our_first_dag_v1.first_task 2021-08-05T00:00:00+00:00 [queued]>
[2023-10-01 05:17:58,004] {taskinstance.py:851} INFO - Dependencies all met for <TaskInstance: our_first_dag_v1.first_task 2021-08-05T00:00:00+00:00 [queued]>
[2023-10-01 05:17:58,019] {taskinstance.py:1042} INFO - 
--------------------------------------------------------------------------------
[2023-10-01 05:17:58,028] {taskinstance.py:1043} INFO - Starting attempt 1 of 6
[2023-10-01 05:17:58,043] {taskinstance.py:1044} INFO - 
--------------------------------------------------------------------------------
[2023-10-01 05:17:58,385] {taskinstance.py:1063} INFO - Executing <Task(BashOperator): first_task> on 2021-08-05T00:00:00+00:00
[2023-10-01 05:17:58,579] {standard_task_runner.py:52} INFO - Started process 230 to run task
[2023-10-01 05:17:58,725] {standard_task_runner.py:76} INFO - Running: ['airflow', 'tasks', 'run', 'our_first_dag_v1', 'first_task', '2021-08-05T00:00:00+00:00', '--job-id', '4', '--pool', 'default_pool', '--raw', '--subdir', 'DAGS_FOLDER/our_first_dag.py', '--cfg-path', '/tmp/tmpp7st01ln', '--error-file', '/tmp/tmpdv5y6zen']
[2023-10-01 05:17:58,843] {standard_task_runner.py:77} INFO - Job 4: Subtask first_task
[2023-10-01 05:18:00,735] {logging_mixin.py:104} INFO - Running <TaskInstance: our_first_dag_v1.first_task 2021-08-05T00:00:00+00:00 [running]> on host d4ed655215d1
[2023-10-01 05:18:10,197] {taskinstance.py:1257} INFO - Exporting the following env vars:
AIRFLOW_CTX_DAG_OWNER=coder2j
AIRFLOW_CTX_DAG_ID=our_first_dag_v1
AIRFLOW_CTX_TASK_ID=first_task
AIRFLOW_CTX_EXECUTION_DATE=2021-08-05T00:00:00+00:00
AIRFLOW_CTX_DAG_RUN_ID=scheduled__2021-08-05T00:00:00+00:00
[2023-10-01 05:18:10,205] {bash.py:135} INFO - Tmp dir root location: 
 /tmp
[2023-10-01 05:18:10,208] {bash.py:158} INFO - Running command: echo hello world, this is the first task!
[2023-10-01 05:18:10,555] {bash.py:169} INFO - Output:
[2023-10-01 05:18:10,896] {bash.py:173} INFO - hello world, this is the first task!
[2023-10-01 05:18:10,913] {bash.py:177} INFO - Command exited with return code 0
[2023-10-01 05:18:15,031] {taskinstance.py:1166} INFO - Marking task as SUCCESS. dag_id=our_first_dag_v1, task_id=first_task, execution_date=20210805T000000, start_date=20231001T051757, end_date=20231001T051815
[2023-10-01 05:18:16,725] {taskinstance.py:1220} INFO - 0 downstream tasks scheduled from follow-on schedule check
[2023-10-01 05:18:17,026] {local_task_job.py:188} WARNING - State of this instance has been externally set to success. Terminating instance.
[2023-10-01 05:18:17,199] {process_utils.py:100} INFO - Sending Signals.SIGTERM to GPID 230
[2023-10-01 05:18:17,431] {process_utils.py:66} INFO - Process psutil.Process(pid=230, status='terminated', exitcode=0, started='05:17:58') (230) terminated with exit code 0
