[2023-10-01 10:06:26,044] {taskinstance.py:851} INFO - Dependencies all met for <TaskInstance: postgres_v1.insert_into_table 2021-08-29T00:00:00+00:00 [queued]>
[2023-10-01 10:06:26,338] {taskinstance.py:851} INFO - Dependencies all met for <TaskInstance: postgres_v1.insert_into_table 2021-08-29T00:00:00+00:00 [queued]>
[2023-10-01 10:06:26,342] {taskinstance.py:1042} INFO - 
--------------------------------------------------------------------------------
[2023-10-01 10:06:26,344] {taskinstance.py:1043} INFO - Starting attempt 4 of 6
[2023-10-01 10:06:26,349] {taskinstance.py:1044} INFO - 
--------------------------------------------------------------------------------
[2023-10-01 10:06:26,535] {taskinstance.py:1063} INFO - Executing <Task(PostgresOperator): insert_into_table> on 2021-08-29T00:00:00+00:00
[2023-10-01 10:06:26,640] {standard_task_runner.py:52} INFO - Started process 45875 to run task
[2023-10-01 10:06:26,806] {standard_task_runner.py:76} INFO - Running: ['airflow', 'tasks', 'run', 'postgres_v1', 'insert_into_table', '2021-08-29T00:00:00+00:00', '--job-id', '2685', '--pool', 'default_pool', '--raw', '--subdir', 'DAGS_FOLDER/1_postgresql.py', '--cfg-path', '/tmp/tmpilcoe2s8', '--error-file', '/tmp/tmpx27z_r5v']
[2023-10-01 10:06:26,936] {standard_task_runner.py:77} INFO - Job 2685: Subtask insert_into_table
[2023-10-01 10:06:28,293] {logging_mixin.py:104} INFO - Running <TaskInstance: postgres_v1.insert_into_table 2021-08-29T00:00:00+00:00 [running]> on host d4ed655215d1
[2023-10-01 10:06:28,952] {taskinstance.py:1257} INFO - Exporting the following env vars:
AIRFLOW_CTX_DAG_OWNER=svastikkka
AIRFLOW_CTX_DAG_ID=postgres_v1
AIRFLOW_CTX_TASK_ID=insert_into_table
AIRFLOW_CTX_EXECUTION_DATE=2021-08-29T00:00:00+00:00
AIRFLOW_CTX_DAG_RUN_ID=scheduled__2021-08-29T00:00:00+00:00
[2023-10-01 10:06:28,966] {postgres.py:69} INFO - Executing: 
            insert into dags_run (dt, dag_id) values ('2021-08-29', 'postgres_v1')
        
[2023-10-01 10:06:29,089] {base.py:74} INFO - Using connection to: id: posgres_testing. Host: host.docker.internal, Port: 5432, Schema: testing, Login: airflow, Password: XXXXXXXX, extra: None
[2023-10-01 10:06:29,136] {dbapi.py:180} INFO - Running statement: 
            insert into dags_run (dt, dag_id) values ('2021-08-29', 'postgres_v1')
        , parameters: None
[2023-10-01 10:06:29,154] {dbapi.py:186} INFO - Rows affected: 1
[2023-10-01 10:06:29,433] {taskinstance.py:1166} INFO - Marking task as SUCCESS. dag_id=postgres_v1, task_id=insert_into_table, execution_date=20210829T000000, start_date=20231001T100626, end_date=20231001T100629
[2023-10-01 10:06:30,128] {taskinstance.py:1220} INFO - 0 downstream tasks scheduled from follow-on schedule check
[2023-10-01 10:06:30,301] {local_task_job.py:146} INFO - Task exited with return code 0
