[2023-10-01 06:35:38,498] {taskinstance.py:851} INFO - Dependencies all met for <TaskInstance: our_fifth_dag_v5.greet 2021-10-04T00:00:00+00:00 [queued]>
[2023-10-01 06:35:38,526] {taskinstance.py:851} INFO - Dependencies all met for <TaskInstance: our_fifth_dag_v5.greet 2021-10-04T00:00:00+00:00 [queued]>
[2023-10-01 06:35:38,527] {taskinstance.py:1042} INFO - 
--------------------------------------------------------------------------------
[2023-10-01 06:35:38,529] {taskinstance.py:1043} INFO - Starting attempt 1 of 6
[2023-10-01 06:35:38,531] {taskinstance.py:1044} INFO - 
--------------------------------------------------------------------------------
[2023-10-01 06:35:38,555] {taskinstance.py:1063} INFO - Executing <Task(PythonOperator): greet> on 2021-10-04T00:00:00+00:00
[2023-10-01 06:35:38,561] {standard_task_runner.py:52} INFO - Started process 8366 to run task
[2023-10-01 06:35:38,571] {standard_task_runner.py:76} INFO - Running: ['airflow', 'tasks', 'run', 'our_fifth_dag_v5', 'greet', '2021-10-04T00:00:00+00:00', '--job-id', '1086', '--pool', 'default_pool', '--raw', '--subdir', 'DAGS_FOLDER/our_fifth_dag.py', '--cfg-path', '/tmp/tmpdjovq6fu', '--error-file', '/tmp/tmpoq0pqhlh']
[2023-10-01 06:35:38,578] {standard_task_runner.py:77} INFO - Job 1086: Subtask greet
[2023-10-01 06:35:38,663] {logging_mixin.py:104} INFO - Running <TaskInstance: our_fifth_dag_v5.greet 2021-10-04T00:00:00+00:00 [running]> on host d4ed655215d1
[2023-10-01 06:35:38,813] {taskinstance.py:1257} INFO - Exporting the following env vars:
AIRFLOW_CTX_DAG_OWNER=coder2j
AIRFLOW_CTX_DAG_ID=our_fifth_dag_v5
AIRFLOW_CTX_TASK_ID=greet
AIRFLOW_CTX_EXECUTION_DATE=2021-10-04T00:00:00+00:00
AIRFLOW_CTX_DAG_RUN_ID=scheduled__2021-10-04T00:00:00+00:00
[2023-10-01 06:35:38,816] {logging_mixin.py:104} INFO - Hello My name is Anshu and I am 20 years old.
[2023-10-01 06:35:38,818] {python.py:118} INFO - Done. Returned value was: None
[2023-10-01 06:35:38,847] {taskinstance.py:1166} INFO - Marking task as SUCCESS. dag_id=our_fifth_dag_v5, task_id=greet, execution_date=20211004T000000, start_date=20231001T063538, end_date=20231001T063538
[2023-10-01 06:35:38,903] {taskinstance.py:1220} INFO - 0 downstream tasks scheduled from follow-on schedule check
[2023-10-01 06:35:38,942] {local_task_job.py:146} INFO - Task exited with return code 0
