[2023-10-01 06:56:36,952] {taskinstance.py:851} INFO - Dependencies all met for <TaskInstance: our_sixth_dag_v6.greet 2021-11-28T00:00:00+00:00 [queued]>
[2023-10-01 06:56:37,184] {taskinstance.py:851} INFO - Dependencies all met for <TaskInstance: our_sixth_dag_v6.greet 2021-11-28T00:00:00+00:00 [queued]>
[2023-10-01 06:56:37,186] {taskinstance.py:1042} INFO - 
--------------------------------------------------------------------------------
[2023-10-01 06:56:37,188] {taskinstance.py:1043} INFO - Starting attempt 1 of 6
[2023-10-01 06:56:37,190] {taskinstance.py:1044} INFO - 
--------------------------------------------------------------------------------
[2023-10-01 06:56:37,275] {taskinstance.py:1063} INFO - Executing <Task(PythonOperator): greet> on 2021-11-28T00:00:00+00:00
[2023-10-01 06:56:37,311] {standard_task_runner.py:52} INFO - Started process 11474 to run task
[2023-10-01 06:56:37,391] {standard_task_runner.py:76} INFO - Running: ['airflow', 'tasks', 'run', 'our_sixth_dag_v6', 'greet', '2021-11-28T00:00:00+00:00', '--job-id', '1301', '--pool', 'default_pool', '--raw', '--subdir', 'DAGS_FOLDER/our_sixth_dag.py', '--cfg-path', '/tmp/tmp3xkm1anz', '--error-file', '/tmp/tmplx9dzfom']
[2023-10-01 06:56:37,427] {standard_task_runner.py:77} INFO - Job 1301: Subtask greet
[2023-10-01 06:56:38,129] {logging_mixin.py:104} INFO - Running <TaskInstance: our_sixth_dag_v6.greet 2021-11-28T00:00:00+00:00 [running]> on host d4ed655215d1
[2023-10-01 06:56:39,290] {taskinstance.py:1257} INFO - Exporting the following env vars:
AIRFLOW_CTX_DAG_OWNER=svastikkka
AIRFLOW_CTX_DAG_ID=our_sixth_dag_v6
AIRFLOW_CTX_TASK_ID=greet
AIRFLOW_CTX_EXECUTION_DATE=2021-11-28T00:00:00+00:00
AIRFLOW_CTX_DAG_RUN_ID=scheduled__2021-11-28T00:00:00+00:00
[2023-10-01 06:56:39,473] {logging_mixin.py:104} INFO - Hello My name is Manshu and I am 26 years old.
[2023-10-01 06:56:39,475] {python.py:118} INFO - Done. Returned value was: None
[2023-10-01 06:56:39,572] {taskinstance.py:1166} INFO - Marking task as SUCCESS. dag_id=our_sixth_dag_v6, task_id=greet, execution_date=20211128T000000, start_date=20231001T065636, end_date=20231001T065639
[2023-10-01 06:56:40,835] {taskinstance.py:1220} INFO - 0 downstream tasks scheduled from follow-on schedule check
[2023-10-01 06:56:41,012] {local_task_job.py:146} INFO - Task exited with return code 0
