[2023-10-01 07:44:00,669] {taskinstance.py:851} INFO - Dependencies all met for <TaskInstance: our_seventh_dag_v7.greet 2022-01-17T00:00:00+00:00 [queued]>
[2023-10-01 07:44:01,154] {taskinstance.py:851} INFO - Dependencies all met for <TaskInstance: our_seventh_dag_v7.greet 2022-01-17T00:00:00+00:00 [queued]>
[2023-10-01 07:44:01,157] {taskinstance.py:1042} INFO - 
--------------------------------------------------------------------------------
[2023-10-01 07:44:01,167] {taskinstance.py:1043} INFO - Starting attempt 1 of 6
[2023-10-01 07:44:01,169] {taskinstance.py:1044} INFO - 
--------------------------------------------------------------------------------
[2023-10-01 07:44:01,268] {taskinstance.py:1063} INFO - Executing <Task(PythonOperator): greet> on 2022-01-17T00:00:00+00:00
[2023-10-01 07:44:01,338] {standard_task_runner.py:52} INFO - Started process 20006 to run task
[2023-10-01 07:44:01,433] {standard_task_runner.py:76} INFO - Running: ['airflow', 'tasks', 'run', 'our_seventh_dag_v7', 'greet', '2022-01-17T00:00:00+00:00', '--job-id', '1682', '--pool', 'default_pool', '--raw', '--subdir', 'DAGS_FOLDER/our_seventh_dag.py', '--cfg-path', '/tmp/tmpasz01oob', '--error-file', '/tmp/tmp3q3_8uxl']
[2023-10-01 07:44:01,475] {standard_task_runner.py:77} INFO - Job 1682: Subtask greet
[2023-10-01 07:44:02,128] {logging_mixin.py:104} INFO - Running <TaskInstance: our_seventh_dag_v7.greet 2022-01-17T00:00:00+00:00 [running]> on host d4ed655215d1
[2023-10-01 07:44:03,127] {taskinstance.py:1257} INFO - Exporting the following env vars:
AIRFLOW_CTX_DAG_OWNER=svastikkka
AIRFLOW_CTX_DAG_ID=our_seventh_dag_v7
AIRFLOW_CTX_TASK_ID=greet
AIRFLOW_CTX_EXECUTION_DATE=2022-01-17T00:00:00+00:00
AIRFLOW_CTX_DAG_RUN_ID=scheduled__2022-01-17T00:00:00+00:00
[2023-10-01 07:44:03,227] {logging_mixin.py:104} INFO - Hello My name is Manshu Sharma and I am 26 years old.
[2023-10-01 07:44:03,233] {python.py:118} INFO - Done. Returned value was: None
[2023-10-01 07:44:03,303] {taskinstance.py:1166} INFO - Marking task as SUCCESS. dag_id=our_seventh_dag_v7, task_id=greet, execution_date=20220117T000000, start_date=20231001T074400, end_date=20231001T074403
[2023-10-01 07:44:03,714] {taskinstance.py:1220} INFO - 0 downstream tasks scheduled from follow-on schedule check
[2023-10-01 07:44:03,782] {local_task_job.py:146} INFO - Task exited with return code 0
