[2023-10-01 07:53:35,528] {taskinstance.py:851} INFO - Dependencies all met for <TaskInstance: our_seventh_dag_v7.greet 2022-10-22T00:00:00+00:00 [queued]>
[2023-10-01 07:53:35,754] {taskinstance.py:851} INFO - Dependencies all met for <TaskInstance: our_seventh_dag_v7.greet 2022-10-22T00:00:00+00:00 [queued]>
[2023-10-01 07:53:35,765] {taskinstance.py:1042} INFO - 
--------------------------------------------------------------------------------
[2023-10-01 07:53:35,770] {taskinstance.py:1043} INFO - Starting attempt 1 of 6
[2023-10-01 07:53:35,776] {taskinstance.py:1044} INFO - 
--------------------------------------------------------------------------------
[2023-10-01 07:53:35,920] {taskinstance.py:1063} INFO - Executing <Task(PythonOperator): greet> on 2022-10-22T00:00:00+00:00
[2023-10-01 07:53:36,018] {standard_task_runner.py:52} INFO - Started process 22764 to run task
[2023-10-01 07:53:36,133] {standard_task_runner.py:76} INFO - Running: ['airflow', 'tasks', 'run', 'our_seventh_dag_v7', 'greet', '2022-10-22T00:00:00+00:00', '--job-id', '2238', '--pool', 'default_pool', '--raw', '--subdir', 'DAGS_FOLDER/our_seventh_dag.py', '--cfg-path', '/tmp/tmp2tuucytw', '--error-file', '/tmp/tmphsuqivwl']
[2023-10-01 07:53:36,175] {standard_task_runner.py:77} INFO - Job 2238: Subtask greet
[2023-10-01 07:53:36,725] {logging_mixin.py:104} INFO - Running <TaskInstance: our_seventh_dag_v7.greet 2022-10-22T00:00:00+00:00 [running]> on host d4ed655215d1
[2023-10-01 07:53:37,327] {taskinstance.py:1257} INFO - Exporting the following env vars:
AIRFLOW_CTX_DAG_OWNER=svastikkka
AIRFLOW_CTX_DAG_ID=our_seventh_dag_v7
AIRFLOW_CTX_TASK_ID=greet
AIRFLOW_CTX_EXECUTION_DATE=2022-10-22T00:00:00+00:00
AIRFLOW_CTX_DAG_RUN_ID=scheduled__2022-10-22T00:00:00+00:00
[2023-10-01 07:53:37,524] {logging_mixin.py:104} INFO - Hello My name is Manshu Sharma and I am 26 years old.
[2023-10-01 07:53:37,548] {python.py:118} INFO - Done. Returned value was: None
[2023-10-01 07:53:37,696] {taskinstance.py:1166} INFO - Marking task as SUCCESS. dag_id=our_seventh_dag_v7, task_id=greet, execution_date=20221022T000000, start_date=20231001T075335, end_date=20231001T075337
[2023-10-01 07:53:38,836] {taskinstance.py:1220} INFO - 0 downstream tasks scheduled from follow-on schedule check
[2023-10-01 07:53:38,934] {local_task_job.py:146} INFO - Task exited with return code 0
