[2023-10-01 04:58:27,585] {taskinstance.py:851} INFO - Dependencies all met for <TaskInstance: our_first_dag_v5.first_task 2021-08-12T00:00:00+00:00 [queued]>
[2023-10-01 04:58:28,101] {taskinstance.py:851} INFO - Dependencies all met for <TaskInstance: our_first_dag_v5.first_task 2021-08-12T00:00:00+00:00 [queued]>
[2023-10-01 04:58:28,103] {taskinstance.py:1042} INFO - 
--------------------------------------------------------------------------------
[2023-10-01 04:58:28,107] {taskinstance.py:1043} INFO - Starting attempt 1 of 6
[2023-10-01 04:58:28,112] {taskinstance.py:1044} INFO - 
--------------------------------------------------------------------------------
[2023-10-01 04:58:28,222] {taskinstance.py:1063} INFO - Executing <Task(BashOperator): first_task> on 2021-08-12T00:00:00+00:00
[2023-10-01 04:58:28,386] {standard_task_runner.py:52} INFO - Started process 688 to run task
[2023-10-01 04:58:28,491] {standard_task_runner.py:76} INFO - Running: ['airflow', 'tasks', 'run', 'our_first_dag_v5', 'first_task', '2021-08-12T00:00:00+00:00', '--job-id', '22', '--pool', 'default_pool', '--raw', '--subdir', 'DAGS_FOLDER/our_first_dag.py', '--cfg-path', '/tmp/tmpjz93k9jn', '--error-file', '/tmp/tmpfxkpbhnf']
[2023-10-01 04:58:28,695] {standard_task_runner.py:77} INFO - Job 22: Subtask first_task
[2023-10-01 04:58:29,619] {logging_mixin.py:104} INFO - Running <TaskInstance: our_first_dag_v5.first_task 2021-08-12T00:00:00+00:00 [running]> on host c25e1f8124bc
[2023-10-01 04:58:30,738] {taskinstance.py:1257} INFO - Exporting the following env vars:
AIRFLOW_CTX_DAG_OWNER=coder2j
AIRFLOW_CTX_DAG_ID=our_first_dag_v5
AIRFLOW_CTX_TASK_ID=first_task
AIRFLOW_CTX_EXECUTION_DATE=2021-08-12T00:00:00+00:00
AIRFLOW_CTX_DAG_RUN_ID=scheduled__2021-08-12T00:00:00+00:00
[2023-10-01 04:58:30,743] {bash.py:135} INFO - Tmp dir root location: 
 /tmp
[2023-10-01 04:58:30,762] {bash.py:158} INFO - Running command: echo hello world, this is the first task!
[2023-10-01 04:58:31,222] {bash.py:169} INFO - Output:
[2023-10-01 04:58:31,307] {bash.py:173} INFO - hello world, this is the first task!
[2023-10-01 04:58:31,337] {bash.py:177} INFO - Command exited with return code 0
[2023-10-01 04:58:31,614] {taskinstance.py:1166} INFO - Marking task as SUCCESS. dag_id=our_first_dag_v5, task_id=first_task, execution_date=20210812T000000, start_date=20231001T045827, end_date=20231001T045831
[2023-10-01 04:58:32,050] {taskinstance.py:1220} INFO - 0 downstream tasks scheduled from follow-on schedule check
[2023-10-01 04:58:32,248] {local_task_job.py:146} INFO - Task exited with return code 0
