[2023-10-01 05:04:02,082] {taskinstance.py:851} INFO - Dependencies all met for <TaskInstance: our_first_dag_v1.first_task 2021-10-19T00:00:00+00:00 [queued]>
[2023-10-01 05:04:02,406] {taskinstance.py:851} INFO - Dependencies all met for <TaskInstance: our_first_dag_v1.first_task 2021-10-19T00:00:00+00:00 [queued]>
[2023-10-01 05:04:02,410] {taskinstance.py:1042} INFO - 
--------------------------------------------------------------------------------
[2023-10-01 05:04:02,412] {taskinstance.py:1043} INFO - Starting attempt 1 of 6
[2023-10-01 05:04:02,420] {taskinstance.py:1044} INFO - 
--------------------------------------------------------------------------------
[2023-10-01 05:04:02,483] {taskinstance.py:1063} INFO - Executing <Task(BashOperator): first_task> on 2021-10-19T00:00:00+00:00
[2023-10-01 05:04:02,507] {standard_task_runner.py:52} INFO - Started process 1277 to run task
[2023-10-01 05:04:02,645] {standard_task_runner.py:76} INFO - Running: ['airflow', 'tasks', 'run', 'our_first_dag_v1', 'first_task', '2021-10-19T00:00:00+00:00', '--job-id', '174', '--pool', 'default_pool', '--raw', '--subdir', 'DAGS_FOLDER/our_first_dag.py', '--cfg-path', '/tmp/tmp03_jxrg6', '--error-file', '/tmp/tmpvb2tzdyp']
[2023-10-01 05:04:02,713] {standard_task_runner.py:77} INFO - Job 174: Subtask first_task
[2023-10-01 05:04:03,336] {logging_mixin.py:104} INFO - Running <TaskInstance: our_first_dag_v1.first_task 2021-10-19T00:00:00+00:00 [running]> on host c25e1f8124bc
[2023-10-01 05:04:03,916] {taskinstance.py:1257} INFO - Exporting the following env vars:
AIRFLOW_CTX_DAG_OWNER=coder2j
AIRFLOW_CTX_DAG_ID=our_first_dag_v1
AIRFLOW_CTX_TASK_ID=first_task
AIRFLOW_CTX_EXECUTION_DATE=2021-10-19T00:00:00+00:00
AIRFLOW_CTX_DAG_RUN_ID=scheduled__2021-10-19T00:00:00+00:00
[2023-10-01 05:04:03,919] {bash.py:135} INFO - Tmp dir root location: 
 /tmp
[2023-10-01 05:04:03,927] {bash.py:158} INFO - Running command: echo hello world, this is the first task!
[2023-10-01 05:04:04,037] {bash.py:169} INFO - Output:
[2023-10-01 05:04:04,052] {bash.py:173} INFO - hello world, this is the first task!
[2023-10-01 05:04:04,066] {bash.py:177} INFO - Command exited with return code 0
[2023-10-01 05:04:04,333] {taskinstance.py:1166} INFO - Marking task as SUCCESS. dag_id=our_first_dag_v1, task_id=first_task, execution_date=20211019T000000, start_date=20231001T050402, end_date=20231001T050404
[2023-10-01 05:04:04,716] {taskinstance.py:1220} INFO - 0 downstream tasks scheduled from follow-on schedule check
[2023-10-01 05:04:04,884] {local_task_job.py:146} INFO - Task exited with return code 0
[2023-10-01 05:20:09,252] {taskinstance.py:851} INFO - Dependencies all met for <TaskInstance: our_first_dag_v1.first_task 2021-10-19T00:00:00+00:00 [queued]>
[2023-10-01 05:20:09,351] {taskinstance.py:851} INFO - Dependencies all met for <TaskInstance: our_first_dag_v1.first_task 2021-10-19T00:00:00+00:00 [queued]>
[2023-10-01 05:20:09,357] {taskinstance.py:1042} INFO - 
--------------------------------------------------------------------------------
[2023-10-01 05:20:09,373] {taskinstance.py:1043} INFO - Starting attempt 1 of 6
[2023-10-01 05:20:09,374] {taskinstance.py:1044} INFO - 
--------------------------------------------------------------------------------
[2023-10-01 05:20:09,516] {taskinstance.py:1063} INFO - Executing <Task(BashOperator): first_task> on 2021-10-19T00:00:00+00:00
[2023-10-01 05:20:09,544] {standard_task_runner.py:52} INFO - Started process 509 to run task
[2023-10-01 05:20:09,615] {standard_task_runner.py:76} INFO - Running: ['airflow', 'tasks', 'run', 'our_first_dag_v1', 'first_task', '2021-10-19T00:00:00+00:00', '--job-id', '83', '--pool', 'default_pool', '--raw', '--subdir', 'DAGS_FOLDER/our_first_dag.py', '--cfg-path', '/tmp/tmplcsa00m4', '--error-file', '/tmp/tmpz4c0_5cu']
[2023-10-01 05:20:09,622] {standard_task_runner.py:77} INFO - Job 83: Subtask first_task
[2023-10-01 05:20:09,827] {logging_mixin.py:104} INFO - Running <TaskInstance: our_first_dag_v1.first_task 2021-10-19T00:00:00+00:00 [running]> on host d4ed655215d1
[2023-10-01 05:20:10,054] {taskinstance.py:1257} INFO - Exporting the following env vars:
AIRFLOW_CTX_DAG_OWNER=coder2j
AIRFLOW_CTX_DAG_ID=our_first_dag_v1
AIRFLOW_CTX_TASK_ID=first_task
AIRFLOW_CTX_EXECUTION_DATE=2021-10-19T00:00:00+00:00
AIRFLOW_CTX_DAG_RUN_ID=scheduled__2021-10-19T00:00:00+00:00
[2023-10-01 05:20:10,058] {bash.py:135} INFO - Tmp dir root location: 
 /tmp
[2023-10-01 05:20:10,063] {bash.py:158} INFO - Running command: echo hello world, this is the first task!
[2023-10-01 05:20:10,135] {bash.py:169} INFO - Output:
[2023-10-01 05:20:10,157] {bash.py:173} INFO - hello world, this is the first task!
[2023-10-01 05:20:10,177] {bash.py:177} INFO - Command exited with return code 0
[2023-10-01 05:20:10,309] {taskinstance.py:1166} INFO - Marking task as SUCCESS. dag_id=our_first_dag_v1, task_id=first_task, execution_date=20211019T000000, start_date=20231001T052009, end_date=20231001T052010
[2023-10-01 05:20:10,519] {taskinstance.py:1220} INFO - 0 downstream tasks scheduled from follow-on schedule check
[2023-10-01 05:20:10,588] {local_task_job.py:146} INFO - Task exited with return code 0
