[2023-10-01 06:54:02,271] {taskinstance.py:851} INFO - Dependencies all met for <TaskInstance: our_sixth_dag_v6.greet 2021-10-20T00:00:00+00:00 [queued]>
[2023-10-01 06:54:02,549] {taskinstance.py:851} INFO - Dependencies all met for <TaskInstance: our_sixth_dag_v6.greet 2021-10-20T00:00:00+00:00 [queued]>
[2023-10-01 06:54:02,560] {taskinstance.py:1042} INFO - 
--------------------------------------------------------------------------------
[2023-10-01 06:54:02,562] {taskinstance.py:1043} INFO - Starting attempt 1 of 6
[2023-10-01 06:54:02,564] {taskinstance.py:1044} INFO - 
--------------------------------------------------------------------------------
[2023-10-01 06:54:02,776] {taskinstance.py:1063} INFO - Executing <Task(PythonOperator): greet> on 2021-10-20T00:00:00+00:00
[2023-10-01 06:54:02,859] {standard_task_runner.py:52} INFO - Started process 11002 to run task
[2023-10-01 06:54:03,003] {standard_task_runner.py:76} INFO - Running: ['airflow', 'tasks', 'run', 'our_sixth_dag_v6', 'greet', '2021-10-20T00:00:00+00:00', '--job-id', '1222', '--pool', 'default_pool', '--raw', '--subdir', 'DAGS_FOLDER/our_sixth_dag.py', '--cfg-path', '/tmp/tmpn94hegty', '--error-file', '/tmp/tmps3b7dmtw']
[2023-10-01 06:54:03,081] {standard_task_runner.py:77} INFO - Job 1222: Subtask greet
[2023-10-01 06:54:03,563] {logging_mixin.py:104} INFO - Running <TaskInstance: our_sixth_dag_v6.greet 2021-10-20T00:00:00+00:00 [running]> on host d4ed655215d1
[2023-10-01 06:54:04,115] {taskinstance.py:1257} INFO - Exporting the following env vars:
AIRFLOW_CTX_DAG_OWNER=svastikkka
AIRFLOW_CTX_DAG_ID=our_sixth_dag_v6
AIRFLOW_CTX_TASK_ID=greet
AIRFLOW_CTX_EXECUTION_DATE=2021-10-20T00:00:00+00:00
AIRFLOW_CTX_DAG_RUN_ID=scheduled__2021-10-20T00:00:00+00:00
[2023-10-01 06:54:04,192] {logging_mixin.py:104} INFO - Hello My name is Manshu and I am 20 years old.
[2023-10-01 06:54:04,196] {python.py:118} INFO - Done. Returned value was: None
[2023-10-01 06:54:04,317] {taskinstance.py:1166} INFO - Marking task as SUCCESS. dag_id=our_sixth_dag_v6, task_id=greet, execution_date=20211020T000000, start_date=20231001T065402, end_date=20231001T065404
[2023-10-01 06:54:04,612] {taskinstance.py:1220} INFO - 0 downstream tasks scheduled from follow-on schedule check
[2023-10-01 06:54:04,698] {local_task_job.py:146} INFO - Task exited with return code 0
