[2023-10-01 05:03:48,456] {taskinstance.py:851} INFO - Dependencies all met for <TaskInstance: our_first_dag_v1.first_task 2021-10-10T00:00:00+00:00 [queued]>
[2023-10-01 05:03:48,583] {taskinstance.py:851} INFO - Dependencies all met for <TaskInstance: our_first_dag_v1.first_task 2021-10-10T00:00:00+00:00 [queued]>
[2023-10-01 05:03:48,586] {taskinstance.py:1042} INFO - 
--------------------------------------------------------------------------------
[2023-10-01 05:03:48,590] {taskinstance.py:1043} INFO - Starting attempt 1 of 6
[2023-10-01 05:03:48,598] {taskinstance.py:1044} INFO - 
--------------------------------------------------------------------------------
[2023-10-01 05:03:48,658] {taskinstance.py:1063} INFO - Executing <Task(BashOperator): first_task> on 2021-10-10T00:00:00+00:00
[2023-10-01 05:03:48,685] {standard_task_runner.py:52} INFO - Started process 1244 to run task
[2023-10-01 05:03:48,781] {standard_task_runner.py:76} INFO - Running: ['airflow', 'tasks', 'run', 'our_first_dag_v1', 'first_task', '2021-10-10T00:00:00+00:00', '--job-id', '164', '--pool', 'default_pool', '--raw', '--subdir', 'DAGS_FOLDER/our_first_dag.py', '--cfg-path', '/tmp/tmpghu9m_fh', '--error-file', '/tmp/tmptyfcn4jw']
[2023-10-01 05:03:48,808] {standard_task_runner.py:77} INFO - Job 164: Subtask first_task
[2023-10-01 05:03:49,355] {logging_mixin.py:104} INFO - Running <TaskInstance: our_first_dag_v1.first_task 2021-10-10T00:00:00+00:00 [running]> on host c25e1f8124bc
[2023-10-01 05:03:49,604] {taskinstance.py:1257} INFO - Exporting the following env vars:
AIRFLOW_CTX_DAG_OWNER=coder2j
AIRFLOW_CTX_DAG_ID=our_first_dag_v1
AIRFLOW_CTX_TASK_ID=first_task
AIRFLOW_CTX_EXECUTION_DATE=2021-10-10T00:00:00+00:00
AIRFLOW_CTX_DAG_RUN_ID=scheduled__2021-10-10T00:00:00+00:00
[2023-10-01 05:03:49,606] {bash.py:135} INFO - Tmp dir root location: 
 /tmp
[2023-10-01 05:03:49,611] {bash.py:158} INFO - Running command: echo hello world, this is the first task!
[2023-10-01 05:03:49,689] {bash.py:169} INFO - Output:
[2023-10-01 05:03:49,701] {bash.py:173} INFO - hello world, this is the first task!
[2023-10-01 05:03:49,711] {bash.py:177} INFO - Command exited with return code 0
[2023-10-01 05:03:49,802] {taskinstance.py:1166} INFO - Marking task as SUCCESS. dag_id=our_first_dag_v1, task_id=first_task, execution_date=20211010T000000, start_date=20231001T050348, end_date=20231001T050349
[2023-10-01 05:03:50,412] {taskinstance.py:1220} INFO - 0 downstream tasks scheduled from follow-on schedule check
[2023-10-01 05:03:50,589] {local_task_job.py:146} INFO - Task exited with return code 0
[2023-10-01 05:19:59,448] {taskinstance.py:851} INFO - Dependencies all met for <TaskInstance: our_first_dag_v1.first_task 2021-10-10T00:00:00+00:00 [queued]>
[2023-10-01 05:19:59,602] {taskinstance.py:851} INFO - Dependencies all met for <TaskInstance: our_first_dag_v1.first_task 2021-10-10T00:00:00+00:00 [queued]>
[2023-10-01 05:19:59,610] {taskinstance.py:1042} INFO - 
--------------------------------------------------------------------------------
[2023-10-01 05:19:59,650] {taskinstance.py:1043} INFO - Starting attempt 1 of 6
[2023-10-01 05:19:59,653] {taskinstance.py:1044} INFO - 
--------------------------------------------------------------------------------
[2023-10-01 05:19:59,752] {taskinstance.py:1063} INFO - Executing <Task(BashOperator): first_task> on 2021-10-10T00:00:00+00:00
[2023-10-01 05:19:59,778] {standard_task_runner.py:52} INFO - Started process 476 to run task
[2023-10-01 05:19:59,895] {standard_task_runner.py:76} INFO - Running: ['airflow', 'tasks', 'run', 'our_first_dag_v1', 'first_task', '2021-10-10T00:00:00+00:00', '--job-id', '74', '--pool', 'default_pool', '--raw', '--subdir', 'DAGS_FOLDER/our_first_dag.py', '--cfg-path', '/tmp/tmpzp11wmgb', '--error-file', '/tmp/tmpm8489m7u']
[2023-10-01 05:19:59,963] {standard_task_runner.py:77} INFO - Job 74: Subtask first_task
[2023-10-01 05:20:01,070] {logging_mixin.py:104} INFO - Running <TaskInstance: our_first_dag_v1.first_task 2021-10-10T00:00:00+00:00 [running]> on host d4ed655215d1
[2023-10-01 05:20:01,538] {taskinstance.py:1257} INFO - Exporting the following env vars:
AIRFLOW_CTX_DAG_OWNER=coder2j
AIRFLOW_CTX_DAG_ID=our_first_dag_v1
AIRFLOW_CTX_TASK_ID=first_task
AIRFLOW_CTX_EXECUTION_DATE=2021-10-10T00:00:00+00:00
AIRFLOW_CTX_DAG_RUN_ID=scheduled__2021-10-10T00:00:00+00:00
[2023-10-01 05:20:01,546] {bash.py:135} INFO - Tmp dir root location: 
 /tmp
[2023-10-01 05:20:01,552] {bash.py:158} INFO - Running command: echo hello world, this is the first task!
[2023-10-01 05:20:01,686] {bash.py:169} INFO - Output:
[2023-10-01 05:20:01,745] {bash.py:173} INFO - hello world, this is the first task!
[2023-10-01 05:20:01,759] {bash.py:177} INFO - Command exited with return code 0
[2023-10-01 05:20:02,097] {taskinstance.py:1166} INFO - Marking task as SUCCESS. dag_id=our_first_dag_v1, task_id=first_task, execution_date=20211010T000000, start_date=20231001T051959, end_date=20231001T052002
[2023-10-01 05:20:02,585] {taskinstance.py:1220} INFO - 0 downstream tasks scheduled from follow-on schedule check
[2023-10-01 05:20:02,724] {local_task_job.py:146} INFO - Task exited with return code 0
