[2023-10-01 05:03:30,508] {taskinstance.py:851} INFO - Dependencies all met for <TaskInstance: our_first_dag_v1.first_task 2021-09-26T00:00:00+00:00 [queued]>
[2023-10-01 05:03:30,652] {taskinstance.py:851} INFO - Dependencies all met for <TaskInstance: our_first_dag_v1.first_task 2021-09-26T00:00:00+00:00 [queued]>
[2023-10-01 05:03:30,654] {taskinstance.py:1042} INFO - 
--------------------------------------------------------------------------------
[2023-10-01 05:03:30,658] {taskinstance.py:1043} INFO - Starting attempt 1 of 6
[2023-10-01 05:03:30,660] {taskinstance.py:1044} INFO - 
--------------------------------------------------------------------------------
[2023-10-01 05:03:30,736] {taskinstance.py:1063} INFO - Executing <Task(BashOperator): first_task> on 2021-09-26T00:00:00+00:00
[2023-10-01 05:03:30,861] {standard_task_runner.py:52} INFO - Started process 1195 to run task
[2023-10-01 05:03:31,078] {standard_task_runner.py:76} INFO - Running: ['airflow', 'tasks', 'run', 'our_first_dag_v1', 'first_task', '2021-09-26T00:00:00+00:00', '--job-id', '150', '--pool', 'default_pool', '--raw', '--subdir', 'DAGS_FOLDER/our_first_dag.py', '--cfg-path', '/tmp/tmp7few_tkb', '--error-file', '/tmp/tmpe4nc3gqp']
[2023-10-01 05:03:31,193] {standard_task_runner.py:77} INFO - Job 150: Subtask first_task
[2023-10-01 05:03:31,800] {logging_mixin.py:104} INFO - Running <TaskInstance: our_first_dag_v1.first_task 2021-09-26T00:00:00+00:00 [running]> on host c25e1f8124bc
[2023-10-01 05:03:32,563] {taskinstance.py:1257} INFO - Exporting the following env vars:
AIRFLOW_CTX_DAG_OWNER=coder2j
AIRFLOW_CTX_DAG_ID=our_first_dag_v1
AIRFLOW_CTX_TASK_ID=first_task
AIRFLOW_CTX_EXECUTION_DATE=2021-09-26T00:00:00+00:00
AIRFLOW_CTX_DAG_RUN_ID=scheduled__2021-09-26T00:00:00+00:00
[2023-10-01 05:03:32,570] {bash.py:135} INFO - Tmp dir root location: 
 /tmp
[2023-10-01 05:03:32,577] {bash.py:158} INFO - Running command: echo hello world, this is the first task!
[2023-10-01 05:03:32,796] {bash.py:169} INFO - Output:
[2023-10-01 05:03:32,838] {bash.py:173} INFO - hello world, this is the first task!
[2023-10-01 05:03:32,843] {bash.py:177} INFO - Command exited with return code 0
[2023-10-01 05:03:33,931] {taskinstance.py:1166} INFO - Marking task as SUCCESS. dag_id=our_first_dag_v1, task_id=first_task, execution_date=20210926T000000, start_date=20231001T050330, end_date=20231001T050333
[2023-10-01 05:03:34,201] {taskinstance.py:1220} INFO - 0 downstream tasks scheduled from follow-on schedule check
[2023-10-01 05:03:34,354] {local_task_job.py:146} INFO - Task exited with return code 0
[2023-10-01 05:19:43,926] {taskinstance.py:851} INFO - Dependencies all met for <TaskInstance: our_first_dag_v1.first_task 2021-09-26T00:00:00+00:00 [queued]>
[2023-10-01 05:19:44,050] {taskinstance.py:851} INFO - Dependencies all met for <TaskInstance: our_first_dag_v1.first_task 2021-09-26T00:00:00+00:00 [queued]>
[2023-10-01 05:19:44,058] {taskinstance.py:1042} INFO - 
--------------------------------------------------------------------------------
[2023-10-01 05:19:44,060] {taskinstance.py:1043} INFO - Starting attempt 1 of 6
[2023-10-01 05:19:44,062] {taskinstance.py:1044} INFO - 
--------------------------------------------------------------------------------
[2023-10-01 05:19:44,151] {taskinstance.py:1063} INFO - Executing <Task(BashOperator): first_task> on 2021-09-26T00:00:00+00:00
[2023-10-01 05:19:44,168] {standard_task_runner.py:52} INFO - Started process 429 to run task
[2023-10-01 05:19:44,235] {standard_task_runner.py:76} INFO - Running: ['airflow', 'tasks', 'run', 'our_first_dag_v1', 'first_task', '2021-09-26T00:00:00+00:00', '--job-id', '60', '--pool', 'default_pool', '--raw', '--subdir', 'DAGS_FOLDER/our_first_dag.py', '--cfg-path', '/tmp/tmp2637mpz2', '--error-file', '/tmp/tmponx8bls5']
[2023-10-01 05:19:44,255] {standard_task_runner.py:77} INFO - Job 60: Subtask first_task
[2023-10-01 05:19:44,977] {logging_mixin.py:104} INFO - Running <TaskInstance: our_first_dag_v1.first_task 2021-09-26T00:00:00+00:00 [running]> on host d4ed655215d1
[2023-10-01 05:19:45,345] {taskinstance.py:1257} INFO - Exporting the following env vars:
AIRFLOW_CTX_DAG_OWNER=coder2j
AIRFLOW_CTX_DAG_ID=our_first_dag_v1
AIRFLOW_CTX_TASK_ID=first_task
AIRFLOW_CTX_EXECUTION_DATE=2021-09-26T00:00:00+00:00
AIRFLOW_CTX_DAG_RUN_ID=scheduled__2021-09-26T00:00:00+00:00
[2023-10-01 05:19:45,349] {bash.py:135} INFO - Tmp dir root location: 
 /tmp
[2023-10-01 05:19:45,355] {bash.py:158} INFO - Running command: echo hello world, this is the first task!
[2023-10-01 05:19:45,495] {bash.py:169} INFO - Output:
[2023-10-01 05:19:45,499] {bash.py:173} INFO - hello world, this is the first task!
[2023-10-01 05:19:45,501] {bash.py:177} INFO - Command exited with return code 0
[2023-10-01 05:19:45,694] {taskinstance.py:1166} INFO - Marking task as SUCCESS. dag_id=our_first_dag_v1, task_id=first_task, execution_date=20210926T000000, start_date=20231001T051943, end_date=20231001T051945
[2023-10-01 05:19:46,310] {taskinstance.py:1220} INFO - 0 downstream tasks scheduled from follow-on schedule check
[2023-10-01 05:19:46,390] {local_task_job.py:146} INFO - Task exited with return code 0
