[2023-10-01 07:57:37,811] {taskinstance.py:851} INFO - Dependencies all met for <TaskInstance: our_seventh_dag_v7.get_name 2023-01-01T00:00:00+00:00 [queued]>
[2023-10-01 07:57:38,170] {taskinstance.py:851} INFO - Dependencies all met for <TaskInstance: our_seventh_dag_v7.get_name 2023-01-01T00:00:00+00:00 [queued]>
[2023-10-01 07:57:38,177] {taskinstance.py:1042} INFO - 
--------------------------------------------------------------------------------
[2023-10-01 07:57:38,184] {taskinstance.py:1043} INFO - Starting attempt 1 of 6
[2023-10-01 07:57:38,194] {taskinstance.py:1044} INFO - 
--------------------------------------------------------------------------------
[2023-10-01 07:57:38,410] {taskinstance.py:1063} INFO - Executing <Task(PythonOperator): get_name> on 2023-01-01T00:00:00+00:00
[2023-10-01 07:57:38,617] {standard_task_runner.py:52} INFO - Started process 23582 to run task
[2023-10-01 07:57:38,861] {standard_task_runner.py:76} INFO - Running: ['airflow', 'tasks', 'run', 'our_seventh_dag_v7', 'get_name', '2023-01-01T00:00:00+00:00', '--job-id', '2372', '--pool', 'default_pool', '--raw', '--subdir', 'DAGS_FOLDER/our_seventh_dag.py', '--cfg-path', '/tmp/tmp8aq3q0vq', '--error-file', '/tmp/tmpu4_6__by']
[2023-10-01 07:57:39,040] {standard_task_runner.py:77} INFO - Job 2372: Subtask get_name
[2023-10-01 07:57:40,882] {logging_mixin.py:104} INFO - Running <TaskInstance: our_seventh_dag_v7.get_name 2023-01-01T00:00:00+00:00 [running]> on host d4ed655215d1
[2023-10-01 07:57:42,276] {taskinstance.py:1257} INFO - Exporting the following env vars:
AIRFLOW_CTX_DAG_OWNER=svastikkka
AIRFLOW_CTX_DAG_ID=our_seventh_dag_v7
AIRFLOW_CTX_TASK_ID=get_name
AIRFLOW_CTX_EXECUTION_DATE=2023-01-01T00:00:00+00:00
AIRFLOW_CTX_DAG_RUN_ID=scheduled__2023-01-01T00:00:00+00:00
[2023-10-01 07:57:42,815] {python.py:118} INFO - Done. Returned value was: None
[2023-10-01 07:57:43,037] {taskinstance.py:1166} INFO - Marking task as SUCCESS. dag_id=our_seventh_dag_v7, task_id=get_name, execution_date=20230101T000000, start_date=20231001T075737, end_date=20231001T075743
[2023-10-01 07:57:44,317] {taskinstance.py:1220} INFO - 0 downstream tasks scheduled from follow-on schedule check
[2023-10-01 07:57:45,278] {local_task_job.py:146} INFO - Task exited with return code 0
