[2023-10-01 17:28:50,206] {taskinstance.py:851} INFO - Dependencies all met for <TaskInstance: backup_postgres.list_backup_directory 2023-10-01T17:28:28.396518+00:00 [queued]>
[2023-10-01 17:28:50,357] {taskinstance.py:851} INFO - Dependencies all met for <TaskInstance: backup_postgres.list_backup_directory 2023-10-01T17:28:28.396518+00:00 [queued]>
[2023-10-01 17:28:50,360] {taskinstance.py:1042} INFO - 
--------------------------------------------------------------------------------
[2023-10-01 17:28:50,367] {taskinstance.py:1043} INFO - Starting attempt 1 of 6
[2023-10-01 17:28:50,370] {taskinstance.py:1044} INFO - 
--------------------------------------------------------------------------------
[2023-10-01 17:28:50,456] {taskinstance.py:1063} INFO - Executing <Task(BashOperator): list_backup_directory> on 2023-10-01T17:28:28.396518+00:00
[2023-10-01 17:28:50,514] {standard_task_runner.py:52} INFO - Started process 4119 to run task
[2023-10-01 17:28:50,602] {standard_task_runner.py:76} INFO - Running: ['airflow', 'tasks', 'run', 'backup_postgres', 'list_backup_directory', '2023-10-01T17:28:28.396518+00:00', '--job-id', '13', '--pool', 'default_pool', '--raw', '--subdir', 'DAGS_FOLDER/backup_postgres.py', '--cfg-path', '/tmp/tmpq4u8tdi3', '--error-file', '/tmp/tmpep95xahl']
[2023-10-01 17:28:50,651] {standard_task_runner.py:77} INFO - Job 13: Subtask list_backup_directory
[2023-10-01 17:28:51,290] {logging_mixin.py:104} INFO - Running <TaskInstance: backup_postgres.list_backup_directory 2023-10-01T17:28:28.396518+00:00 [running]> on host c1a95d6e7033
[2023-10-01 17:28:51,913] {taskinstance.py:1257} INFO - Exporting the following env vars:
AIRFLOW_CTX_DAG_OWNER=svastikkka
AIRFLOW_CTX_DAG_ID=backup_postgres
AIRFLOW_CTX_TASK_ID=list_backup_directory
AIRFLOW_CTX_EXECUTION_DATE=2023-10-01T17:28:28.396518+00:00
AIRFLOW_CTX_DAG_RUN_ID=manual__2023-10-01T17:28:28.396518+00:00
[2023-10-01 17:28:51,923] {bash.py:135} INFO - Tmp dir root location: 
 /tmp
[2023-10-01 17:28:51,931] {bash.py:158} INFO - Running command: ls -l /tmp
[2023-10-01 17:28:52,135] {bash.py:169} INFO - Output:
[2023-10-01 17:28:52,185] {bash.py:173} INFO - total 124
[2023-10-01 17:28:52,187] {bash.py:173} INFO - drwx------ 2 default root   4096 Oct  1 17:28 airflowtmpf2l8esqk
[2023-10-01 17:28:52,189] {bash.py:173} INFO - -rw-r--r-- 1 default root 115449 Oct  1 17:28 backup.sql
[2023-10-01 17:28:52,193] {bash.py:173} INFO - drwx------ 2 default root   4096 Oct  1 17:15 pymp-v8b88c_g
[2023-10-01 17:28:52,196] {bash.py:173} INFO - -rw------- 1 default root      0 Oct  1 17:28 tmp2o2le_lo
[2023-10-01 17:28:52,198] {bash.py:173} INFO - -rw------- 1 default root      0 Oct  1 17:28 tmpep95xahl
[2023-10-01 17:28:52,202] {bash.py:177} INFO - Command exited with return code 0
[2023-10-01 17:28:52,448] {taskinstance.py:1166} INFO - Marking task as SUCCESS. dag_id=backup_postgres, task_id=list_backup_directory, execution_date=20231001T172828, start_date=20231001T172850, end_date=20231001T172852
[2023-10-01 17:28:52,746] {taskinstance.py:1220} INFO - 0 downstream tasks scheduled from follow-on schedule check
[2023-10-01 17:28:52,901] {local_task_job.py:146} INFO - Task exited with return code 0
