[2023-10-01 06:30:04,216] {taskinstance.py:851} INFO - Dependencies all met for <TaskInstance: our_fifth_dag_v5.greet 2021-09-08T00:00:00+00:00 [queued]>
[2023-10-01 06:30:04,399] {taskinstance.py:851} INFO - Dependencies all met for <TaskInstance: our_fifth_dag_v5.greet 2021-09-08T00:00:00+00:00 [queued]>
[2023-10-01 06:30:04,400] {taskinstance.py:1042} INFO - 
--------------------------------------------------------------------------------
[2023-10-01 06:30:04,402] {taskinstance.py:1043} INFO - Starting attempt 1 of 6
[2023-10-01 06:30:04,407] {taskinstance.py:1044} INFO - 
--------------------------------------------------------------------------------
[2023-10-01 06:30:04,512] {taskinstance.py:1063} INFO - Executing <Task(PythonOperator): greet> on 2021-09-08T00:00:00+00:00
[2023-10-01 06:30:04,534] {standard_task_runner.py:52} INFO - Started process 7521 to run task
[2023-10-01 06:30:04,582] {standard_task_runner.py:76} INFO - Running: ['airflow', 'tasks', 'run', 'our_fifth_dag_v5', 'greet', '2021-09-08T00:00:00+00:00', '--job-id', '1060', '--pool', 'default_pool', '--raw', '--subdir', 'DAGS_FOLDER/our_fifth_dag.py', '--cfg-path', '/tmp/tmp6fv7ejim', '--error-file', '/tmp/tmp1xe7joef']
[2023-10-01 06:30:04,614] {standard_task_runner.py:77} INFO - Job 1060: Subtask greet
[2023-10-01 06:30:04,944] {logging_mixin.py:104} INFO - Running <TaskInstance: our_fifth_dag_v5.greet 2021-09-08T00:00:00+00:00 [running]> on host d4ed655215d1
[2023-10-01 06:30:05,234] {taskinstance.py:1257} INFO - Exporting the following env vars:
AIRFLOW_CTX_DAG_OWNER=coder2j
AIRFLOW_CTX_DAG_ID=our_fifth_dag_v5
AIRFLOW_CTX_TASK_ID=greet
AIRFLOW_CTX_EXECUTION_DATE=2021-09-08T00:00:00+00:00
AIRFLOW_CTX_DAG_RUN_ID=scheduled__2021-09-08T00:00:00+00:00
[2023-10-01 06:30:05,237] {logging_mixin.py:104} INFO - Hello how are you
[2023-10-01 06:30:05,247] {python.py:118} INFO - Done. Returned value was: None
[2023-10-01 06:30:05,302] {taskinstance.py:1166} INFO - Marking task as SUCCESS. dag_id=our_fifth_dag_v5, task_id=greet, execution_date=20210908T000000, start_date=20231001T063004, end_date=20231001T063005
[2023-10-01 06:30:05,612] {taskinstance.py:1220} INFO - 0 downstream tasks scheduled from follow-on schedule check
[2023-10-01 06:30:05,716] {local_task_job.py:146} INFO - Task exited with return code 0
