[2023-10-01 05:33:17,388] {taskinstance.py:851} INFO - Dependencies all met for <TaskInstance: our_second_dag_v2.second_task 2021-08-07T00:00:00+00:00 [queued]>
[2023-10-01 05:33:17,579] {taskinstance.py:851} INFO - Dependencies all met for <TaskInstance: our_second_dag_v2.second_task 2021-08-07T00:00:00+00:00 [queued]>
[2023-10-01 05:33:17,585] {taskinstance.py:1042} INFO - 
--------------------------------------------------------------------------------
[2023-10-01 05:33:17,601] {taskinstance.py:1043} INFO - Starting attempt 1 of 6
[2023-10-01 05:33:17,613] {taskinstance.py:1044} INFO - 
--------------------------------------------------------------------------------
[2023-10-01 05:33:18,028] {taskinstance.py:1063} INFO - Executing <Task(BashOperator): second_task> on 2021-08-07T00:00:00+00:00
[2023-10-01 05:33:18,152] {standard_task_runner.py:52} INFO - Started process 1134 to run task
[2023-10-01 05:33:18,306] {standard_task_runner.py:76} INFO - Running: ['airflow', 'tasks', 'run', 'our_second_dag_v2', 'second_task', '2021-08-07T00:00:00+00:00', '--job-id', '134', '--pool', 'default_pool', '--raw', '--subdir', 'DAGS_FOLDER/our_second_dag.py', '--cfg-path', '/tmp/tmpl3qxtq_s', '--error-file', '/tmp/tmp79_hsmmt']
[2023-10-01 05:33:18,418] {standard_task_runner.py:77} INFO - Job 134: Subtask second_task
[2023-10-01 05:33:20,553] {logging_mixin.py:104} INFO - Running <TaskInstance: our_second_dag_v2.second_task 2021-08-07T00:00:00+00:00 [running]> on host d4ed655215d1
[2023-10-01 05:33:22,427] {taskinstance.py:1257} INFO - Exporting the following env vars:
AIRFLOW_CTX_DAG_OWNER=coder2j
AIRFLOW_CTX_DAG_ID=our_second_dag_v2
AIRFLOW_CTX_TASK_ID=second_task
AIRFLOW_CTX_EXECUTION_DATE=2021-08-07T00:00:00+00:00
AIRFLOW_CTX_DAG_RUN_ID=scheduled__2021-08-07T00:00:00+00:00
[2023-10-01 05:33:22,540] {bash.py:135} INFO - Tmp dir root location: 
 /tmp
[2023-10-01 05:33:22,606] {bash.py:158} INFO - Running command: echo hey, I am task2 and will be running after task1!
[2023-10-01 05:33:23,144] {bash.py:169} INFO - Output:
[2023-10-01 05:33:23,190] {bash.py:173} INFO - hey, I am task2 and will be running after task1!
[2023-10-01 05:33:23,197] {bash.py:177} INFO - Command exited with return code 0
[2023-10-01 05:33:23,494] {taskinstance.py:1166} INFO - Marking task as SUCCESS. dag_id=our_second_dag_v2, task_id=second_task, execution_date=20210807T000000, start_date=20231001T053317, end_date=20231001T053323
[2023-10-01 05:33:26,182] {taskinstance.py:1220} INFO - 0 downstream tasks scheduled from follow-on schedule check
[2023-10-01 05:33:26,507] {local_task_job.py:146} INFO - Task exited with return code 0
