[2023-10-01 10:06:13,425] {taskinstance.py:851} INFO - Dependencies all met for <TaskInstance: postgres_v1.insert_into_table 2021-08-25T00:00:00+00:00 [queued]>
[2023-10-01 10:06:13,621] {taskinstance.py:851} INFO - Dependencies all met for <TaskInstance: postgres_v1.insert_into_table 2021-08-25T00:00:00+00:00 [queued]>
[2023-10-01 10:06:13,623] {taskinstance.py:1042} INFO - 
--------------------------------------------------------------------------------
[2023-10-01 10:06:13,625] {taskinstance.py:1043} INFO - Starting attempt 4 of 6
[2023-10-01 10:06:13,628] {taskinstance.py:1044} INFO - 
--------------------------------------------------------------------------------
[2023-10-01 10:06:13,744] {taskinstance.py:1063} INFO - Executing <Task(PostgresOperator): insert_into_table> on 2021-08-25T00:00:00+00:00
[2023-10-01 10:06:13,768] {standard_task_runner.py:52} INFO - Started process 45814 to run task
[2023-10-01 10:06:13,819] {standard_task_runner.py:76} INFO - Running: ['airflow', 'tasks', 'run', 'postgres_v1', 'insert_into_table', '2021-08-25T00:00:00+00:00', '--job-id', '2677', '--pool', 'default_pool', '--raw', '--subdir', 'DAGS_FOLDER/1_postgresql.py', '--cfg-path', '/tmp/tmpy87hc4la', '--error-file', '/tmp/tmptdttd02n']
[2023-10-01 10:06:13,870] {standard_task_runner.py:77} INFO - Job 2677: Subtask insert_into_table
[2023-10-01 10:06:14,375] {logging_mixin.py:104} INFO - Running <TaskInstance: postgres_v1.insert_into_table 2021-08-25T00:00:00+00:00 [running]> on host d4ed655215d1
[2023-10-01 10:06:14,764] {taskinstance.py:1257} INFO - Exporting the following env vars:
AIRFLOW_CTX_DAG_OWNER=svastikkka
AIRFLOW_CTX_DAG_ID=postgres_v1
AIRFLOW_CTX_TASK_ID=insert_into_table
AIRFLOW_CTX_EXECUTION_DATE=2021-08-25T00:00:00+00:00
AIRFLOW_CTX_DAG_RUN_ID=scheduled__2021-08-25T00:00:00+00:00
[2023-10-01 10:06:14,778] {postgres.py:69} INFO - Executing: 
            insert into dags_run (dt, dag_id) values ('2021-08-25', 'postgres_v1')
        
[2023-10-01 10:06:14,822] {base.py:74} INFO - Using connection to: id: posgres_testing. Host: host.docker.internal, Port: 5432, Schema: testing, Login: airflow, Password: XXXXXXXX, extra: None
[2023-10-01 10:06:14,895] {dbapi.py:180} INFO - Running statement: 
            insert into dags_run (dt, dag_id) values ('2021-08-25', 'postgres_v1')
        , parameters: None
[2023-10-01 10:06:14,920] {dbapi.py:186} INFO - Rows affected: 1
[2023-10-01 10:06:15,019] {taskinstance.py:1166} INFO - Marking task as SUCCESS. dag_id=postgres_v1, task_id=insert_into_table, execution_date=20210825T000000, start_date=20231001T100613, end_date=20231001T100615
[2023-10-01 10:06:15,374] {taskinstance.py:1220} INFO - 0 downstream tasks scheduled from follow-on schedule check
[2023-10-01 10:06:15,446] {local_task_job.py:146} INFO - Task exited with return code 0
