[2023-10-01 06:52:17,216] {taskinstance.py:851} INFO - Dependencies all met for <TaskInstance: our_sixth_dag_v6.greet 2021-09-16T00:00:00+00:00 [queued]>
[2023-10-01 06:52:18,212] {taskinstance.py:851} INFO - Dependencies all met for <TaskInstance: our_sixth_dag_v6.greet 2021-09-16T00:00:00+00:00 [queued]>
[2023-10-01 06:52:18,219] {taskinstance.py:1042} INFO - 
--------------------------------------------------------------------------------
[2023-10-01 06:52:18,221] {taskinstance.py:1043} INFO - Starting attempt 1 of 6
[2023-10-01 06:52:18,222] {taskinstance.py:1044} INFO - 
--------------------------------------------------------------------------------
[2023-10-01 06:52:18,386] {taskinstance.py:1063} INFO - Executing <Task(PythonOperator): greet> on 2021-09-16T00:00:00+00:00
[2023-10-01 06:52:18,601] {standard_task_runner.py:52} INFO - Started process 10622 to run task
[2023-10-01 06:52:18,667] {standard_task_runner.py:76} INFO - Running: ['airflow', 'tasks', 'run', 'our_sixth_dag_v6', 'greet', '2021-09-16T00:00:00+00:00', '--job-id', '1154', '--pool', 'default_pool', '--raw', '--subdir', 'DAGS_FOLDER/our_sixth_dag.py', '--cfg-path', '/tmp/tmp1wc1312d', '--error-file', '/tmp/tmpk4jshom4']
[2023-10-01 06:52:18,811] {standard_task_runner.py:77} INFO - Job 1154: Subtask greet
[2023-10-01 06:52:19,641] {logging_mixin.py:104} INFO - Running <TaskInstance: our_sixth_dag_v6.greet 2021-09-16T00:00:00+00:00 [running]> on host d4ed655215d1
[2023-10-01 06:52:22,767] {taskinstance.py:1257} INFO - Exporting the following env vars:
AIRFLOW_CTX_DAG_OWNER=svastikkka
AIRFLOW_CTX_DAG_ID=our_sixth_dag_v6
AIRFLOW_CTX_TASK_ID=greet
AIRFLOW_CTX_EXECUTION_DATE=2021-09-16T00:00:00+00:00
AIRFLOW_CTX_DAG_RUN_ID=scheduled__2021-09-16T00:00:00+00:00
[2023-10-01 06:52:23,379] {logging_mixin.py:104} INFO - Hello My name is Manshu and I am 20 years old.
[2023-10-01 06:52:23,382] {python.py:118} INFO - Done. Returned value was: None
[2023-10-01 06:52:23,835] {taskinstance.py:1166} INFO - Marking task as SUCCESS. dag_id=our_sixth_dag_v6, task_id=greet, execution_date=20210916T000000, start_date=20231001T065217, end_date=20231001T065223
[2023-10-01 06:52:24,338] {taskinstance.py:1220} INFO - 0 downstream tasks scheduled from follow-on schedule check
[2023-10-01 06:52:24,530] {local_task_job.py:188} WARNING - State of this instance has been externally set to success. Terminating instance.
[2023-10-01 06:52:24,718] {process_utils.py:100} INFO - Sending Signals.SIGTERM to GPID 10622
[2023-10-01 06:52:24,740] {process_utils.py:66} INFO - Process psutil.Process(pid=10622, status='terminated', exitcode=0, started='06:52:17') (10622) terminated with exit code 0
