[2023-10-01 06:03:08,355] {taskinstance.py:851} INFO - Dependencies all met for <TaskInstance: our_third_dag_v3.second_task 2021-10-25T00:00:00+00:00 [queued]>
[2023-10-01 06:03:08,680] {taskinstance.py:851} INFO - Dependencies all met for <TaskInstance: our_third_dag_v3.second_task 2021-10-25T00:00:00+00:00 [queued]>
[2023-10-01 06:03:08,682] {taskinstance.py:1042} INFO - 
--------------------------------------------------------------------------------
[2023-10-01 06:03:08,685] {taskinstance.py:1043} INFO - Starting attempt 1 of 6
[2023-10-01 06:03:08,687] {taskinstance.py:1044} INFO - 
--------------------------------------------------------------------------------
[2023-10-01 06:03:09,228] {taskinstance.py:1063} INFO - Executing <Task(BashOperator): second_task> on 2021-10-25T00:00:00+00:00
[2023-10-01 06:03:10,438] {standard_task_runner.py:52} INFO - Started process 3544 to run task
[2023-10-01 06:03:10,938] {standard_task_runner.py:76} INFO - Running: ['airflow', 'tasks', 'run', 'our_third_dag_v3', 'second_task', '2021-10-25T00:00:00+00:00', '--job-id', '417', '--pool', 'default_pool', '--raw', '--subdir', 'DAGS_FOLDER/our_third_dag.py', '--cfg-path', '/tmp/tmp_qwabtm8', '--error-file', '/tmp/tmpnxujnj1k']
[2023-10-01 06:03:12,203] {standard_task_runner.py:77} INFO - Job 417: Subtask second_task
[2023-10-01 06:03:26,626] {logging_mixin.py:104} INFO - Running <TaskInstance: our_third_dag_v3.second_task 2021-10-25T00:00:00+00:00 [running]> on host d4ed655215d1
[2023-10-01 06:03:28,498] {taskinstance.py:1257} INFO - Exporting the following env vars:
AIRFLOW_CTX_DAG_OWNER=coder2j
AIRFLOW_CTX_DAG_ID=our_third_dag_v3
AIRFLOW_CTX_TASK_ID=second_task
AIRFLOW_CTX_EXECUTION_DATE=2021-10-25T00:00:00+00:00
AIRFLOW_CTX_DAG_RUN_ID=scheduled__2021-10-25T00:00:00+00:00
[2023-10-01 06:03:28,515] {bash.py:135} INFO - Tmp dir root location: 
 /tmp
[2023-10-01 06:03:28,549] {bash.py:158} INFO - Running command: echo hey, I am task2 and will be running after task1!
[2023-10-01 06:03:28,850] {bash.py:169} INFO - Output:
[2023-10-01 06:03:28,904] {bash.py:173} INFO - hey, I am task2 and will be running after task1!
[2023-10-01 06:03:28,907] {bash.py:177} INFO - Command exited with return code 0
[2023-10-01 06:03:29,320] {taskinstance.py:1166} INFO - Marking task as SUCCESS. dag_id=our_third_dag_v3, task_id=second_task, execution_date=20211025T000000, start_date=20231001T060308, end_date=20231001T060329
[2023-10-01 06:03:32,583] {local_task_job.py:188} WARNING - State of this instance has been externally set to success. Terminating instance.
[2023-10-01 06:03:32,818] {taskinstance.py:1220} INFO - 0 downstream tasks scheduled from follow-on schedule check
[2023-10-01 06:03:32,850] {process_utils.py:100} INFO - Sending Signals.SIGTERM to GPID 3544
[2023-10-01 06:03:33,181] {process_utils.py:66} INFO - Process psutil.Process(pid=3544, status='terminated', exitcode=0, started='06:03:08') (3544) terminated with exit code 0
