[2023-10-01 06:55:34,974] {taskinstance.py:851} INFO - Dependencies all met for <TaskInstance: our_sixth_dag_v6.get_name 2021-11-19T00:00:00+00:00 [queued]>
[2023-10-01 06:55:35,278] {taskinstance.py:851} INFO - Dependencies all met for <TaskInstance: our_sixth_dag_v6.get_name 2021-11-19T00:00:00+00:00 [queued]>
[2023-10-01 06:55:35,280] {taskinstance.py:1042} INFO - 
--------------------------------------------------------------------------------
[2023-10-01 06:55:35,287] {taskinstance.py:1043} INFO - Starting attempt 1 of 6
[2023-10-01 06:55:35,289] {taskinstance.py:1044} INFO - 
--------------------------------------------------------------------------------
[2023-10-01 06:55:35,436] {taskinstance.py:1063} INFO - Executing <Task(PythonOperator): get_name> on 2021-11-19T00:00:00+00:00
[2023-10-01 06:55:35,454] {standard_task_runner.py:52} INFO - Started process 11308 to run task
[2023-10-01 06:55:35,632] {standard_task_runner.py:76} INFO - Running: ['airflow', 'tasks', 'run', 'our_sixth_dag_v6', 'get_name', '2021-11-19T00:00:00+00:00', '--job-id', '1275', '--pool', 'default_pool', '--raw', '--subdir', 'DAGS_FOLDER/our_sixth_dag.py', '--cfg-path', '/tmp/tmpofdix4if', '--error-file', '/tmp/tmp8fqwizwu']
[2023-10-01 06:55:35,766] {standard_task_runner.py:77} INFO - Job 1275: Subtask get_name
[2023-10-01 06:55:38,185] {logging_mixin.py:104} INFO - Running <TaskInstance: our_sixth_dag_v6.get_name 2021-11-19T00:00:00+00:00 [running]> on host d4ed655215d1
[2023-10-01 06:55:39,541] {taskinstance.py:1257} INFO - Exporting the following env vars:
AIRFLOW_CTX_DAG_OWNER=svastikkka
AIRFLOW_CTX_DAG_ID=our_sixth_dag_v6
AIRFLOW_CTX_TASK_ID=get_name
AIRFLOW_CTX_EXECUTION_DATE=2021-11-19T00:00:00+00:00
AIRFLOW_CTX_DAG_RUN_ID=scheduled__2021-11-19T00:00:00+00:00
[2023-10-01 06:55:39,600] {python.py:118} INFO - Done. Returned value was: Manshu
[2023-10-01 06:55:40,257] {taskinstance.py:1166} INFO - Marking task as SUCCESS. dag_id=our_sixth_dag_v6, task_id=get_name, execution_date=20211119T000000, start_date=20231001T065535, end_date=20231001T065540
[2023-10-01 06:55:44,630] {local_task_job.py:188} WARNING - State of this instance has been externally set to success. Terminating instance.
[2023-10-01 06:55:44,649] {taskinstance.py:1220} INFO - 1 downstream tasks scheduled from follow-on schedule check
[2023-10-01 06:55:44,663] {process_utils.py:100} INFO - Sending Signals.SIGTERM to GPID 11308
[2023-10-01 06:55:44,718] {process_utils.py:66} INFO - Process psutil.Process(pid=11308, status='terminated', exitcode=0, started='06:55:34') (11308) terminated with exit code 0
