[2023-10-01 07:33:42,264] {taskinstance.py:851} INFO - Dependencies all met for <TaskInstance: our_seventh_dag_v7.get_name 2021-08-05T00:00:00+00:00 [queued]>
[2023-10-01 07:33:44,741] {taskinstance.py:851} INFO - Dependencies all met for <TaskInstance: our_seventh_dag_v7.get_name 2021-08-05T00:00:00+00:00 [queued]>
[2023-10-01 07:33:44,743] {taskinstance.py:1042} INFO - 
--------------------------------------------------------------------------------
[2023-10-01 07:33:44,746] {taskinstance.py:1043} INFO - Starting attempt 1 of 6
[2023-10-01 07:33:44,747] {taskinstance.py:1044} INFO - 
--------------------------------------------------------------------------------
[2023-10-01 07:33:45,594] {taskinstance.py:1063} INFO - Executing <Task(PythonOperator): get_name> on 2021-08-05T00:00:00+00:00
[2023-10-01 07:33:49,893] {standard_task_runner.py:52} INFO - Started process 17846 to run task
[2023-10-01 07:33:51,980] {standard_task_runner.py:76} INFO - Running: ['airflow', 'tasks', 'run', 'our_seventh_dag_v7', 'get_name', '2021-08-05T00:00:00+00:00', '--job-id', '1330', '--pool', 'default_pool', '--raw', '--subdir', 'DAGS_FOLDER/our_seventh_dag.py', '--cfg-path', '/tmp/tmpzvady3rl', '--error-file', '/tmp/tmpjl2u0rbd']
[2023-10-01 07:33:52,326] {standard_task_runner.py:77} INFO - Job 1330: Subtask get_name
[2023-10-01 07:33:55,530] {logging_mixin.py:104} INFO - Running <TaskInstance: our_seventh_dag_v7.get_name 2021-08-05T00:00:00+00:00 [running]> on host d4ed655215d1
[2023-10-01 07:33:58,625] {taskinstance.py:1257} INFO - Exporting the following env vars:
AIRFLOW_CTX_DAG_OWNER=svastikkka
AIRFLOW_CTX_DAG_ID=our_seventh_dag_v7
AIRFLOW_CTX_TASK_ID=get_name
AIRFLOW_CTX_EXECUTION_DATE=2021-08-05T00:00:00+00:00
AIRFLOW_CTX_DAG_RUN_ID=scheduled__2021-08-05T00:00:00+00:00
[2023-10-01 07:33:59,354] {python.py:118} INFO - Done. Returned value was: None
[2023-10-01 07:33:59,716] {taskinstance.py:1166} INFO - Marking task as SUCCESS. dag_id=our_seventh_dag_v7, task_id=get_name, execution_date=20210805T000000, start_date=20231001T073343, end_date=20231001T073359
[2023-10-01 07:34:04,933] {taskinstance.py:1220} INFO - 1 downstream tasks scheduled from follow-on schedule check
[2023-10-01 07:34:06,426] {local_task_job.py:188} WARNING - State of this instance has been externally set to success. Terminating instance.
[2023-10-01 07:34:06,501] {process_utils.py:100} INFO - Sending Signals.SIGTERM to GPID 17846
[2023-10-01 07:34:06,592] {process_utils.py:66} INFO - Process psutil.Process(pid=17846, status='terminated', exitcode=0, started='07:33:49') (17846) terminated with exit code 0
