[2023-10-01 17:28:50,111] {taskinstance.py:851} INFO - Dependencies all met for <TaskInstance: backup_postgres.check_backup_path 2023-10-01T17:28:28.396518+00:00 [queued]>
[2023-10-01 17:28:50,257] {taskinstance.py:851} INFO - Dependencies all met for <TaskInstance: backup_postgres.check_backup_path 2023-10-01T17:28:28.396518+00:00 [queued]>
[2023-10-01 17:28:50,261] {taskinstance.py:1042} INFO - 
--------------------------------------------------------------------------------
[2023-10-01 17:28:50,264] {taskinstance.py:1043} INFO - Starting attempt 1 of 6
[2023-10-01 17:28:50,266] {taskinstance.py:1044} INFO - 
--------------------------------------------------------------------------------
[2023-10-01 17:28:50,354] {taskinstance.py:1063} INFO - Executing <Task(BashOperator): check_backup_path> on 2023-10-01T17:28:28.396518+00:00
[2023-10-01 17:28:50,424] {standard_task_runner.py:52} INFO - Started process 4115 to run task
[2023-10-01 17:28:50,471] {standard_task_runner.py:76} INFO - Running: ['airflow', 'tasks', 'run', 'backup_postgres', 'check_backup_path', '2023-10-01T17:28:28.396518+00:00', '--job-id', '12', '--pool', 'default_pool', '--raw', '--subdir', 'DAGS_FOLDER/backup_postgres.py', '--cfg-path', '/tmp/tmpdsrptkxy', '--error-file', '/tmp/tmp2o2le_lo']
[2023-10-01 17:28:50,495] {standard_task_runner.py:77} INFO - Job 12: Subtask check_backup_path
[2023-10-01 17:28:50,788] {logging_mixin.py:104} INFO - Running <TaskInstance: backup_postgres.check_backup_path 2023-10-01T17:28:28.396518+00:00 [running]> on host c1a95d6e7033
[2023-10-01 17:28:51,345] {taskinstance.py:1257} INFO - Exporting the following env vars:
AIRFLOW_CTX_DAG_OWNER=svastikkka
AIRFLOW_CTX_DAG_ID=backup_postgres
AIRFLOW_CTX_TASK_ID=check_backup_path
AIRFLOW_CTX_EXECUTION_DATE=2023-10-01T17:28:28.396518+00:00
AIRFLOW_CTX_DAG_RUN_ID=manual__2023-10-01T17:28:28.396518+00:00
[2023-10-01 17:28:51,364] {bash.py:135} INFO - Tmp dir root location: 
 /tmp
[2023-10-01 17:28:51,411] {bash.py:158} INFO - Running command: pwd
[2023-10-01 17:28:51,484] {bash.py:169} INFO - Output:
[2023-10-01 17:28:51,545] {bash.py:173} INFO - /tmp/airflowtmpt9e5ysj_
[2023-10-01 17:28:51,556] {bash.py:177} INFO - Command exited with return code 0
[2023-10-01 17:28:51,936] {taskinstance.py:1166} INFO - Marking task as SUCCESS. dag_id=backup_postgres, task_id=check_backup_path, execution_date=20231001T172828, start_date=20231001T172850, end_date=20231001T172851
[2023-10-01 17:28:52,151] {taskinstance.py:1220} INFO - 0 downstream tasks scheduled from follow-on schedule check
[2023-10-01 17:28:52,252] {local_task_job.py:146} INFO - Task exited with return code 0
