[2023-10-01 05:03:47,520] {taskinstance.py:851} INFO - Dependencies all met for <TaskInstance: our_first_dag_v1.first_task 2021-10-09T00:00:00+00:00 [queued]>
[2023-10-01 05:03:47,637] {taskinstance.py:851} INFO - Dependencies all met for <TaskInstance: our_first_dag_v1.first_task 2021-10-09T00:00:00+00:00 [queued]>
[2023-10-01 05:03:47,639] {taskinstance.py:1042} INFO - 
--------------------------------------------------------------------------------
[2023-10-01 05:03:47,641] {taskinstance.py:1043} INFO - Starting attempt 1 of 6
[2023-10-01 05:03:47,643] {taskinstance.py:1044} INFO - 
--------------------------------------------------------------------------------
[2023-10-01 05:03:47,747] {taskinstance.py:1063} INFO - Executing <Task(BashOperator): first_task> on 2021-10-09T00:00:00+00:00
[2023-10-01 05:03:47,792] {standard_task_runner.py:52} INFO - Started process 1238 to run task
[2023-10-01 05:03:47,910] {standard_task_runner.py:76} INFO - Running: ['airflow', 'tasks', 'run', 'our_first_dag_v1', 'first_task', '2021-10-09T00:00:00+00:00', '--job-id', '163', '--pool', 'default_pool', '--raw', '--subdir', 'DAGS_FOLDER/our_first_dag.py', '--cfg-path', '/tmp/tmp9fd9pn_m', '--error-file', '/tmp/tmp_yz5j0dv']
[2023-10-01 05:03:48,036] {standard_task_runner.py:77} INFO - Job 163: Subtask first_task
[2023-10-01 05:03:48,520] {logging_mixin.py:104} INFO - Running <TaskInstance: our_first_dag_v1.first_task 2021-10-09T00:00:00+00:00 [running]> on host c25e1f8124bc
[2023-10-01 05:03:48,741] {taskinstance.py:1257} INFO - Exporting the following env vars:
AIRFLOW_CTX_DAG_OWNER=coder2j
AIRFLOW_CTX_DAG_ID=our_first_dag_v1
AIRFLOW_CTX_TASK_ID=first_task
AIRFLOW_CTX_EXECUTION_DATE=2021-10-09T00:00:00+00:00
AIRFLOW_CTX_DAG_RUN_ID=scheduled__2021-10-09T00:00:00+00:00
[2023-10-01 05:03:48,743] {bash.py:135} INFO - Tmp dir root location: 
 /tmp
[2023-10-01 05:03:48,748] {bash.py:158} INFO - Running command: echo hello world, this is the first task!
[2023-10-01 05:03:48,844] {bash.py:169} INFO - Output:
[2023-10-01 05:03:48,877] {bash.py:173} INFO - hello world, this is the first task!
[2023-10-01 05:03:48,890] {bash.py:177} INFO - Command exited with return code 0
[2023-10-01 05:03:48,998] {taskinstance.py:1166} INFO - Marking task as SUCCESS. dag_id=our_first_dag_v1, task_id=first_task, execution_date=20211009T000000, start_date=20231001T050347, end_date=20231001T050348
[2023-10-01 05:03:49,108] {taskinstance.py:1220} INFO - 0 downstream tasks scheduled from follow-on schedule check
[2023-10-01 05:03:49,222] {local_task_job.py:146} INFO - Task exited with return code 0
[2023-10-01 05:19:58,652] {taskinstance.py:851} INFO - Dependencies all met for <TaskInstance: our_first_dag_v1.first_task 2021-10-09T00:00:00+00:00 [queued]>
[2023-10-01 05:19:59,015] {taskinstance.py:851} INFO - Dependencies all met for <TaskInstance: our_first_dag_v1.first_task 2021-10-09T00:00:00+00:00 [queued]>
[2023-10-01 05:19:59,036] {taskinstance.py:1042} INFO - 
--------------------------------------------------------------------------------
[2023-10-01 05:19:59,040] {taskinstance.py:1043} INFO - Starting attempt 1 of 6
[2023-10-01 05:19:59,047] {taskinstance.py:1044} INFO - 
--------------------------------------------------------------------------------
[2023-10-01 05:19:59,105] {taskinstance.py:1063} INFO - Executing <Task(BashOperator): first_task> on 2021-10-09T00:00:00+00:00
[2023-10-01 05:19:59,140] {standard_task_runner.py:52} INFO - Started process 474 to run task
[2023-10-01 05:19:59,168] {standard_task_runner.py:76} INFO - Running: ['airflow', 'tasks', 'run', 'our_first_dag_v1', 'first_task', '2021-10-09T00:00:00+00:00', '--job-id', '73', '--pool', 'default_pool', '--raw', '--subdir', 'DAGS_FOLDER/our_first_dag.py', '--cfg-path', '/tmp/tmpq5dm5m6w', '--error-file', '/tmp/tmpqwj1o58y']
[2023-10-01 05:19:59,190] {standard_task_runner.py:77} INFO - Job 73: Subtask first_task
[2023-10-01 05:19:59,456] {logging_mixin.py:104} INFO - Running <TaskInstance: our_first_dag_v1.first_task 2021-10-09T00:00:00+00:00 [running]> on host d4ed655215d1
[2023-10-01 05:20:00,132] {taskinstance.py:1257} INFO - Exporting the following env vars:
AIRFLOW_CTX_DAG_OWNER=coder2j
AIRFLOW_CTX_DAG_ID=our_first_dag_v1
AIRFLOW_CTX_TASK_ID=first_task
AIRFLOW_CTX_EXECUTION_DATE=2021-10-09T00:00:00+00:00
AIRFLOW_CTX_DAG_RUN_ID=scheduled__2021-10-09T00:00:00+00:00
[2023-10-01 05:20:00,137] {bash.py:135} INFO - Tmp dir root location: 
 /tmp
[2023-10-01 05:20:00,143] {bash.py:158} INFO - Running command: echo hello world, this is the first task!
[2023-10-01 05:20:00,267] {bash.py:169} INFO - Output:
[2023-10-01 05:20:00,306] {bash.py:173} INFO - hello world, this is the first task!
[2023-10-01 05:20:00,311] {bash.py:177} INFO - Command exited with return code 0
[2023-10-01 05:20:00,863] {taskinstance.py:1166} INFO - Marking task as SUCCESS. dag_id=our_first_dag_v1, task_id=first_task, execution_date=20211009T000000, start_date=20231001T051958, end_date=20231001T052000
[2023-10-01 05:20:01,342] {taskinstance.py:1220} INFO - 0 downstream tasks scheduled from follow-on schedule check
[2023-10-01 05:20:01,556] {local_task_job.py:146} INFO - Task exited with return code 0
