[2023-10-01 07:42:01,058] {taskinstance.py:851} INFO - Dependencies all met for <TaskInstance: our_seventh_dag_v7.greet 2021-11-21T00:00:00+00:00 [queued]>
[2023-10-01 07:42:01,300] {taskinstance.py:851} INFO - Dependencies all met for <TaskInstance: our_seventh_dag_v7.greet 2021-11-21T00:00:00+00:00 [queued]>
[2023-10-01 07:42:01,301] {taskinstance.py:1042} INFO - 
--------------------------------------------------------------------------------
[2023-10-01 07:42:01,305] {taskinstance.py:1043} INFO - Starting attempt 1 of 6
[2023-10-01 07:42:01,307] {taskinstance.py:1044} INFO - 
--------------------------------------------------------------------------------
[2023-10-01 07:42:01,402] {taskinstance.py:1063} INFO - Executing <Task(PythonOperator): greet> on 2021-11-21T00:00:00+00:00
[2023-10-01 07:42:01,428] {standard_task_runner.py:52} INFO - Started process 19440 to run task
[2023-10-01 07:42:01,507] {standard_task_runner.py:76} INFO - Running: ['airflow', 'tasks', 'run', 'our_seventh_dag_v7', 'greet', '2021-11-21T00:00:00+00:00', '--job-id', '1567', '--pool', 'default_pool', '--raw', '--subdir', 'DAGS_FOLDER/our_seventh_dag.py', '--cfg-path', '/tmp/tmpl33w2enq', '--error-file', '/tmp/tmps9gdmpwc']
[2023-10-01 07:42:01,539] {standard_task_runner.py:77} INFO - Job 1567: Subtask greet
[2023-10-01 07:42:01,947] {logging_mixin.py:104} INFO - Running <TaskInstance: our_seventh_dag_v7.greet 2021-11-21T00:00:00+00:00 [running]> on host d4ed655215d1
[2023-10-01 07:42:02,449] {taskinstance.py:1257} INFO - Exporting the following env vars:
AIRFLOW_CTX_DAG_OWNER=svastikkka
AIRFLOW_CTX_DAG_ID=our_seventh_dag_v7
AIRFLOW_CTX_TASK_ID=greet
AIRFLOW_CTX_EXECUTION_DATE=2021-11-21T00:00:00+00:00
AIRFLOW_CTX_DAG_RUN_ID=scheduled__2021-11-21T00:00:00+00:00
[2023-10-01 07:42:02,529] {logging_mixin.py:104} INFO - Hello My name is Manshu Sharma and I am 26 years old.
[2023-10-01 07:42:02,541] {python.py:118} INFO - Done. Returned value was: None
[2023-10-01 07:42:02,608] {taskinstance.py:1166} INFO - Marking task as SUCCESS. dag_id=our_seventh_dag_v7, task_id=greet, execution_date=20211121T000000, start_date=20231001T074201, end_date=20231001T074202
[2023-10-01 07:42:02,860] {taskinstance.py:1220} INFO - 0 downstream tasks scheduled from follow-on schedule check
[2023-10-01 07:42:02,929] {local_task_job.py:146} INFO - Task exited with return code 0
