[2023-10-01 06:08:15,358] {taskinstance.py:851} INFO - Dependencies all met for <TaskInstance: our_fourth_dag_v4.thrid_task 2021-08-05T00:00:00+00:00 [queued]>
[2023-10-01 06:08:15,771] {taskinstance.py:851} INFO - Dependencies all met for <TaskInstance: our_fourth_dag_v4.thrid_task 2021-08-05T00:00:00+00:00 [queued]>
[2023-10-01 06:08:15,779] {taskinstance.py:1042} INFO - 
--------------------------------------------------------------------------------
[2023-10-01 06:08:15,787] {taskinstance.py:1043} INFO - Starting attempt 1 of 6
[2023-10-01 06:08:15,789] {taskinstance.py:1044} INFO - 
--------------------------------------------------------------------------------
[2023-10-01 06:08:16,142] {taskinstance.py:1063} INFO - Executing <Task(BashOperator): thrid_task> on 2021-08-05T00:00:00+00:00
[2023-10-01 06:08:16,228] {standard_task_runner.py:52} INFO - Started process 3996 to run task
[2023-10-01 06:08:16,356] {standard_task_runner.py:76} INFO - Running: ['airflow', 'tasks', 'run', 'our_fourth_dag_v4', 'thrid_task', '2021-08-05T00:00:00+00:00', '--job-id', '455', '--pool', 'default_pool', '--raw', '--subdir', 'DAGS_FOLDER/our_fourth_dag.py', '--cfg-path', '/tmp/tmp3bb1xe70', '--error-file', '/tmp/tmpy5z40_f9']
[2023-10-01 06:08:16,442] {standard_task_runner.py:77} INFO - Job 455: Subtask thrid_task
[2023-10-01 06:08:17,890] {logging_mixin.py:104} INFO - Running <TaskInstance: our_fourth_dag_v4.thrid_task 2021-08-05T00:00:00+00:00 [running]> on host d4ed655215d1
[2023-10-01 06:08:22,316] {taskinstance.py:1257} INFO - Exporting the following env vars:
AIRFLOW_CTX_DAG_OWNER=svastikkka
AIRFLOW_CTX_DAG_ID=our_fourth_dag_v4
AIRFLOW_CTX_TASK_ID=thrid_task
AIRFLOW_CTX_EXECUTION_DATE=2021-08-05T00:00:00+00:00
AIRFLOW_CTX_DAG_RUN_ID=scheduled__2021-08-05T00:00:00+00:00
[2023-10-01 06:08:22,373] {bash.py:135} INFO - Tmp dir root location: 
 /tmp
[2023-10-01 06:08:22,400] {bash.py:158} INFO - Running command: echo hey, I am task3 and will be running after task1 at the same time as task2!
[2023-10-01 06:08:22,705] {bash.py:169} INFO - Output:
[2023-10-01 06:08:22,840] {bash.py:173} INFO - hey, I am task3 and will be running after task1 at the same time as task2!
[2023-10-01 06:08:22,862] {bash.py:177} INFO - Command exited with return code 0
[2023-10-01 06:08:23,225] {taskinstance.py:1166} INFO - Marking task as SUCCESS. dag_id=our_fourth_dag_v4, task_id=thrid_task, execution_date=20210805T000000, start_date=20231001T060815, end_date=20231001T060823
[2023-10-01 06:08:25,191] {taskinstance.py:1220} INFO - 0 downstream tasks scheduled from follow-on schedule check
[2023-10-01 06:08:25,266] {local_task_job.py:146} INFO - Task exited with return code 0
