[2023-10-01 06:01:58,081] {taskinstance.py:851} INFO - Dependencies all met for <TaskInstance: our_third_dag_v3.first_task 2021-10-15T00:00:00+00:00 [queued]>
[2023-10-01 06:01:58,480] {taskinstance.py:851} INFO - Dependencies all met for <TaskInstance: our_third_dag_v3.first_task 2021-10-15T00:00:00+00:00 [queued]>
[2023-10-01 06:01:58,488] {taskinstance.py:1042} INFO - 
--------------------------------------------------------------------------------
[2023-10-01 06:01:58,491] {taskinstance.py:1043} INFO - Starting attempt 1 of 6
[2023-10-01 06:01:58,494] {taskinstance.py:1044} INFO - 
--------------------------------------------------------------------------------
[2023-10-01 06:01:58,918] {taskinstance.py:1063} INFO - Executing <Task(BashOperator): first_task> on 2021-10-15T00:00:00+00:00
[2023-10-01 06:01:59,017] {standard_task_runner.py:52} INFO - Started process 3358 to run task
[2023-10-01 06:01:59,270] {standard_task_runner.py:76} INFO - Running: ['airflow', 'tasks', 'run', 'our_third_dag_v3', 'first_task', '2021-10-15T00:00:00+00:00', '--job-id', '378', '--pool', 'default_pool', '--raw', '--subdir', 'DAGS_FOLDER/our_third_dag.py', '--cfg-path', '/tmp/tmpwg1r19az', '--error-file', '/tmp/tmpdv9yt2bp']
[2023-10-01 06:01:59,393] {standard_task_runner.py:77} INFO - Job 378: Subtask first_task
[2023-10-01 06:02:00,334] {logging_mixin.py:104} INFO - Running <TaskInstance: our_third_dag_v3.first_task 2021-10-15T00:00:00+00:00 [running]> on host d4ed655215d1
[2023-10-01 06:02:00,776] {taskinstance.py:1257} INFO - Exporting the following env vars:
AIRFLOW_CTX_DAG_OWNER=coder2j
AIRFLOW_CTX_DAG_ID=our_third_dag_v3
AIRFLOW_CTX_TASK_ID=first_task
AIRFLOW_CTX_EXECUTION_DATE=2021-10-15T00:00:00+00:00
AIRFLOW_CTX_DAG_RUN_ID=scheduled__2021-10-15T00:00:00+00:00
[2023-10-01 06:02:00,779] {bash.py:135} INFO - Tmp dir root location: 
 /tmp
[2023-10-01 06:02:00,790] {bash.py:158} INFO - Running command: echo hello world, this is the first task!
[2023-10-01 06:02:00,892] {bash.py:169} INFO - Output:
[2023-10-01 06:02:00,906] {bash.py:173} INFO - hello world, this is the first task!
[2023-10-01 06:02:00,918] {bash.py:177} INFO - Command exited with return code 0
[2023-10-01 06:02:01,142] {taskinstance.py:1166} INFO - Marking task as SUCCESS. dag_id=our_third_dag_v3, task_id=first_task, execution_date=20211015T000000, start_date=20231001T060158, end_date=20231001T060201
[2023-10-01 06:02:01,794] {taskinstance.py:1220} INFO - 2 downstream tasks scheduled from follow-on schedule check
[2023-10-01 06:02:01,961] {local_task_job.py:146} INFO - Task exited with return code 0
