[2023-10-01 09:52:59,312] {taskinstance.py:851} INFO - Dependencies all met for <TaskInstance: postgres_v1.create_postgres_connection 2021-08-14T00:00:00+00:00 [queued]>
[2023-10-01 09:52:59,962] {taskinstance.py:851} INFO - Dependencies all met for <TaskInstance: postgres_v1.create_postgres_connection 2021-08-14T00:00:00+00:00 [queued]>
[2023-10-01 09:52:59,972] {taskinstance.py:1042} INFO - 
--------------------------------------------------------------------------------
[2023-10-01 09:53:00,008] {taskinstance.py:1043} INFO - Starting attempt 5 of 6
[2023-10-01 09:53:00,011] {taskinstance.py:1044} INFO - 
--------------------------------------------------------------------------------
[2023-10-01 09:53:01,152] {taskinstance.py:1063} INFO - Executing <Task(PostgresOperator): create_postgres_connection> on 2021-08-14T00:00:00+00:00
[2023-10-01 09:53:03,157] {standard_task_runner.py:52} INFO - Started process 42756 to run task
[2023-10-01 09:53:05,162] {standard_task_runner.py:76} INFO - Running: ['airflow', 'tasks', 'run', 'postgres_v1', 'create_postgres_connection', '2021-08-14T00:00:00+00:00', '--job-id', '2611', '--pool', 'default_pool', '--raw', '--subdir', 'DAGS_FOLDER/1_postgresql.py', '--cfg-path', '/tmp/tmp0xz01b6p', '--error-file', '/tmp/tmpwvoylwjx']
[2023-10-01 09:53:06,389] {standard_task_runner.py:77} INFO - Job 2611: Subtask create_postgres_connection
[2023-10-01 09:53:13,983] {logging_mixin.py:104} INFO - Running <TaskInstance: postgres_v1.create_postgres_connection 2021-08-14T00:00:00+00:00 [running]> on host d4ed655215d1
[2023-10-01 09:53:15,596] {taskinstance.py:1257} INFO - Exporting the following env vars:
AIRFLOW_CTX_DAG_OWNER=svastikkka
AIRFLOW_CTX_DAG_ID=postgres_v1
AIRFLOW_CTX_TASK_ID=create_postgres_connection
AIRFLOW_CTX_EXECUTION_DATE=2021-08-14T00:00:00+00:00
AIRFLOW_CTX_DAG_RUN_ID=scheduled__2021-08-14T00:00:00+00:00
[2023-10-01 09:53:15,630] {postgres.py:69} INFO - Executing: create table if not exists dags_run(
        dt  date,
        dag_id character varying,
        primary key (dt,dag_id)
        )
[2023-10-01 09:53:15,771] {base.py:74} INFO - Using connection to: id: posgres_testing. Host: host.docker.internal, Port: 5432, Schema: testing, Login: airflow, Password: XXXXXXXX, extra: None
[2023-10-01 09:53:15,977] {dbapi.py:180} INFO - Running statement: create table if not exists dags_run(
        dt  date,
        dag_id character varying,
        primary key (dt,dag_id)
        ), parameters: None
[2023-10-01 09:53:16,048] {dbapi.py:186} INFO - Rows affected: -1
[2023-10-01 09:53:16,083] {postgres.py:73} INFO - NOTICE:  relation "dags_run" already exists, skipping

[2023-10-01 09:53:16,291] {taskinstance.py:1166} INFO - Marking task as SUCCESS. dag_id=postgres_v1, task_id=create_postgres_connection, execution_date=20210814T000000, start_date=20231001T095259, end_date=20231001T095316
[2023-10-01 09:53:17,270] {taskinstance.py:1220} INFO - 0 downstream tasks scheduled from follow-on schedule check
[2023-10-01 09:53:17,358] {local_task_job.py:146} INFO - Task exited with return code 0
