[2023-10-01 04:56:42,297] {taskinstance.py:851} INFO - Dependencies all met for <TaskInstance: our_first_dag_v5.thrid_task 2021-07-31T00:00:00+00:00 [queued]>
[2023-10-01 04:56:46,694] {taskinstance.py:851} INFO - Dependencies all met for <TaskInstance: our_first_dag_v5.thrid_task 2021-07-31T00:00:00+00:00 [queued]>
[2023-10-01 04:56:46,791] {taskinstance.py:1042} INFO - 
--------------------------------------------------------------------------------
[2023-10-01 04:56:46,897] {taskinstance.py:1043} INFO - Starting attempt 1 of 6
[2023-10-01 04:56:47,115] {taskinstance.py:1044} INFO - 
--------------------------------------------------------------------------------
[2023-10-01 04:56:52,484] {taskinstance.py:1063} INFO - Executing <Task(BashOperator): thrid_task> on 2021-07-31T00:00:00+00:00
[2023-10-01 04:56:53,052] {standard_task_runner.py:52} INFO - Started process 625 to run task
[2023-10-01 04:56:55,059] {standard_task_runner.py:76} INFO - Running: ['airflow', 'tasks', 'run', 'our_first_dag_v5', 'thrid_task', '2021-07-31T00:00:00+00:00', '--job-id', '9', '--pool', 'default_pool', '--raw', '--subdir', 'DAGS_FOLDER/our_first_dag.py', '--cfg-path', '/tmp/tmpq45quvc_', '--error-file', '/tmp/tmpcjlyigjw']
[2023-10-01 04:56:55,664] {standard_task_runner.py:77} INFO - Job 9: Subtask thrid_task
[2023-10-01 04:57:22,210] {logging_mixin.py:104} INFO - Running <TaskInstance: our_first_dag_v5.thrid_task 2021-07-31T00:00:00+00:00 [running]> on host c25e1f8124bc
[2023-10-01 04:57:34,118] {taskinstance.py:1257} INFO - Exporting the following env vars:
AIRFLOW_CTX_DAG_OWNER=coder2j
AIRFLOW_CTX_DAG_ID=our_first_dag_v5
AIRFLOW_CTX_TASK_ID=thrid_task
AIRFLOW_CTX_EXECUTION_DATE=2021-07-31T00:00:00+00:00
AIRFLOW_CTX_DAG_RUN_ID=scheduled__2021-07-31T00:00:00+00:00
[2023-10-01 04:57:34,335] {bash.py:135} INFO - Tmp dir root location: 
 /tmp
[2023-10-01 04:57:34,729] {bash.py:158} INFO - Running command: echo hey, I am task3 and will be running after task1 at the same time as task2!
[2023-10-01 04:57:36,012] {bash.py:169} INFO - Output:
[2023-10-01 04:57:36,042] {bash.py:173} INFO - hey, I am task3 and will be running after task1 at the same time as task2!
[2023-10-01 04:57:36,045] {bash.py:177} INFO - Command exited with return code 0
[2023-10-01 04:57:42,594] {taskinstance.py:1166} INFO - Marking task as SUCCESS. dag_id=our_first_dag_v5, task_id=thrid_task, execution_date=20210731T000000, start_date=20231001T045642, end_date=20231001T045742
[2023-10-01 04:57:44,636] {taskinstance.py:1220} INFO - 0 downstream tasks scheduled from follow-on schedule check
[2023-10-01 04:57:46,034] {local_task_job.py:146} INFO - Task exited with return code 0
