[2023-10-01 05:02:48,700] {taskinstance.py:851} INFO - Dependencies all met for <TaskInstance: our_first_dag_v1.first_task 2021-08-31T00:00:00+00:00 [queued]>
[2023-10-01 05:02:48,838] {taskinstance.py:851} INFO - Dependencies all met for <TaskInstance: our_first_dag_v1.first_task 2021-08-31T00:00:00+00:00 [queued]>
[2023-10-01 05:02:48,856] {taskinstance.py:1042} INFO - 
--------------------------------------------------------------------------------
[2023-10-01 05:02:48,858] {taskinstance.py:1043} INFO - Starting attempt 1 of 6
[2023-10-01 05:02:48,864] {taskinstance.py:1044} INFO - 
--------------------------------------------------------------------------------
[2023-10-01 05:02:48,955] {taskinstance.py:1063} INFO - Executing <Task(BashOperator): first_task> on 2021-08-31T00:00:00+00:00
[2023-10-01 05:02:49,003] {standard_task_runner.py:52} INFO - Started process 1102 to run task
[2023-10-01 05:02:49,058] {standard_task_runner.py:76} INFO - Running: ['airflow', 'tasks', 'run', 'our_first_dag_v1', 'first_task', '2021-08-31T00:00:00+00:00', '--job-id', '124', '--pool', 'default_pool', '--raw', '--subdir', 'DAGS_FOLDER/our_first_dag.py', '--cfg-path', '/tmp/tmpnn0xijrn', '--error-file', '/tmp/tmp0r_gjae3']
[2023-10-01 05:02:49,136] {standard_task_runner.py:77} INFO - Job 124: Subtask first_task
[2023-10-01 05:02:49,720] {logging_mixin.py:104} INFO - Running <TaskInstance: our_first_dag_v1.first_task 2021-08-31T00:00:00+00:00 [running]> on host c25e1f8124bc
[2023-10-01 05:02:50,238] {taskinstance.py:1257} INFO - Exporting the following env vars:
AIRFLOW_CTX_DAG_OWNER=coder2j
AIRFLOW_CTX_DAG_ID=our_first_dag_v1
AIRFLOW_CTX_TASK_ID=first_task
AIRFLOW_CTX_EXECUTION_DATE=2021-08-31T00:00:00+00:00
AIRFLOW_CTX_DAG_RUN_ID=scheduled__2021-08-31T00:00:00+00:00
[2023-10-01 05:02:50,245] {bash.py:135} INFO - Tmp dir root location: 
 /tmp
[2023-10-01 05:02:50,250] {bash.py:158} INFO - Running command: echo hello world, this is the first task!
[2023-10-01 05:02:50,356] {bash.py:169} INFO - Output:
[2023-10-01 05:02:50,374] {bash.py:173} INFO - hello world, this is the first task!
[2023-10-01 05:02:50,390] {bash.py:177} INFO - Command exited with return code 0
[2023-10-01 05:02:50,544] {taskinstance.py:1166} INFO - Marking task as SUCCESS. dag_id=our_first_dag_v1, task_id=first_task, execution_date=20210831T000000, start_date=20231001T050248, end_date=20231001T050250
[2023-10-01 05:02:50,857] {taskinstance.py:1220} INFO - 0 downstream tasks scheduled from follow-on schedule check
[2023-10-01 05:02:50,998] {local_task_job.py:146} INFO - Task exited with return code 0
[2023-10-01 05:19:10,307] {taskinstance.py:851} INFO - Dependencies all met for <TaskInstance: our_first_dag_v1.first_task 2021-08-31T00:00:00+00:00 [queued]>
[2023-10-01 05:19:10,543] {taskinstance.py:851} INFO - Dependencies all met for <TaskInstance: our_first_dag_v1.first_task 2021-08-31T00:00:00+00:00 [queued]>
[2023-10-01 05:19:10,549] {taskinstance.py:1042} INFO - 
--------------------------------------------------------------------------------
[2023-10-01 05:19:10,578] {taskinstance.py:1043} INFO - Starting attempt 1 of 6
[2023-10-01 05:19:10,634] {taskinstance.py:1044} INFO - 
--------------------------------------------------------------------------------
[2023-10-01 05:19:10,773] {taskinstance.py:1063} INFO - Executing <Task(BashOperator): first_task> on 2021-08-31T00:00:00+00:00
[2023-10-01 05:19:10,832] {standard_task_runner.py:52} INFO - Started process 336 to run task
[2023-10-01 05:19:10,855] {standard_task_runner.py:76} INFO - Running: ['airflow', 'tasks', 'run', 'our_first_dag_v1', 'first_task', '2021-08-31T00:00:00+00:00', '--job-id', '34', '--pool', 'default_pool', '--raw', '--subdir', 'DAGS_FOLDER/our_first_dag.py', '--cfg-path', '/tmp/tmponc7kkvf', '--error-file', '/tmp/tmp33rmjus7']
[2023-10-01 05:19:10,880] {standard_task_runner.py:77} INFO - Job 34: Subtask first_task
[2023-10-01 05:19:11,383] {logging_mixin.py:104} INFO - Running <TaskInstance: our_first_dag_v1.first_task 2021-08-31T00:00:00+00:00 [running]> on host d4ed655215d1
[2023-10-01 05:19:11,846] {taskinstance.py:1257} INFO - Exporting the following env vars:
AIRFLOW_CTX_DAG_OWNER=coder2j
AIRFLOW_CTX_DAG_ID=our_first_dag_v1
AIRFLOW_CTX_TASK_ID=first_task
AIRFLOW_CTX_EXECUTION_DATE=2021-08-31T00:00:00+00:00
AIRFLOW_CTX_DAG_RUN_ID=scheduled__2021-08-31T00:00:00+00:00
[2023-10-01 05:19:11,853] {bash.py:135} INFO - Tmp dir root location: 
 /tmp
[2023-10-01 05:19:11,861] {bash.py:158} INFO - Running command: echo hello world, this is the first task!
[2023-10-01 05:19:11,953] {bash.py:169} INFO - Output:
[2023-10-01 05:19:11,974] {bash.py:173} INFO - hello world, this is the first task!
[2023-10-01 05:19:11,983] {bash.py:177} INFO - Command exited with return code 0
[2023-10-01 05:19:12,190] {taskinstance.py:1166} INFO - Marking task as SUCCESS. dag_id=our_first_dag_v1, task_id=first_task, execution_date=20210831T000000, start_date=20231001T051910, end_date=20231001T051912
[2023-10-01 05:19:12,718] {taskinstance.py:1220} INFO - 0 downstream tasks scheduled from follow-on schedule check
[2023-10-01 05:19:12,809] {local_task_job.py:146} INFO - Task exited with return code 0
