[2023-10-01 05:04:22,398] {taskinstance.py:851} INFO - Dependencies all met for <TaskInstance: our_first_dag_v1.first_task 2021-11-04T00:00:00+00:00 [queued]>
[2023-10-01 05:04:22,637] {taskinstance.py:851} INFO - Dependencies all met for <TaskInstance: our_first_dag_v1.first_task 2021-11-04T00:00:00+00:00 [queued]>
[2023-10-01 05:04:22,642] {taskinstance.py:1042} INFO - 
--------------------------------------------------------------------------------
[2023-10-01 05:04:22,645] {taskinstance.py:1043} INFO - Starting attempt 1 of 6
[2023-10-01 05:04:22,648] {taskinstance.py:1044} INFO - 
--------------------------------------------------------------------------------
[2023-10-01 05:04:22,908] {taskinstance.py:1063} INFO - Executing <Task(BashOperator): first_task> on 2021-11-04T00:00:00+00:00
[2023-10-01 05:04:22,954] {standard_task_runner.py:52} INFO - Started process 1331 to run task
[2023-10-01 05:04:23,021] {standard_task_runner.py:76} INFO - Running: ['airflow', 'tasks', 'run', 'our_first_dag_v1', 'first_task', '2021-11-04T00:00:00+00:00', '--job-id', '189', '--pool', 'default_pool', '--raw', '--subdir', 'DAGS_FOLDER/our_first_dag.py', '--cfg-path', '/tmp/tmpzpiz_lhm', '--error-file', '/tmp/tmp72r59vvj']
[2023-10-01 05:04:23,061] {standard_task_runner.py:77} INFO - Job 189: Subtask first_task
[2023-10-01 05:04:23,618] {logging_mixin.py:104} INFO - Running <TaskInstance: our_first_dag_v1.first_task 2021-11-04T00:00:00+00:00 [running]> on host c25e1f8124bc
[2023-10-01 05:04:24,154] {taskinstance.py:1257} INFO - Exporting the following env vars:
AIRFLOW_CTX_DAG_OWNER=coder2j
AIRFLOW_CTX_DAG_ID=our_first_dag_v1
AIRFLOW_CTX_TASK_ID=first_task
AIRFLOW_CTX_EXECUTION_DATE=2021-11-04T00:00:00+00:00
AIRFLOW_CTX_DAG_RUN_ID=scheduled__2021-11-04T00:00:00+00:00
[2023-10-01 05:04:24,167] {bash.py:135} INFO - Tmp dir root location: 
 /tmp
[2023-10-01 05:04:24,184] {bash.py:158} INFO - Running command: echo hello world, this is the first task!
[2023-10-01 05:04:24,381] {bash.py:169} INFO - Output:
[2023-10-01 05:04:24,416] {bash.py:173} INFO - hello world, this is the first task!
[2023-10-01 05:04:24,419] {bash.py:177} INFO - Command exited with return code 0
[2023-10-01 05:04:24,783] {taskinstance.py:1166} INFO - Marking task as SUCCESS. dag_id=our_first_dag_v1, task_id=first_task, execution_date=20211104T000000, start_date=20231001T050422, end_date=20231001T050424
[2023-10-01 05:04:25,430] {taskinstance.py:1220} INFO - 0 downstream tasks scheduled from follow-on schedule check
[2023-10-01 05:04:25,695] {local_task_job.py:146} INFO - Task exited with return code 0
[2023-10-01 05:20:25,176] {taskinstance.py:851} INFO - Dependencies all met for <TaskInstance: our_first_dag_v1.first_task 2021-11-04T00:00:00+00:00 [queued]>
[2023-10-01 05:20:25,369] {taskinstance.py:851} INFO - Dependencies all met for <TaskInstance: our_first_dag_v1.first_task 2021-11-04T00:00:00+00:00 [queued]>
[2023-10-01 05:20:25,378] {taskinstance.py:1042} INFO - 
--------------------------------------------------------------------------------
[2023-10-01 05:20:25,381] {taskinstance.py:1043} INFO - Starting attempt 1 of 6
[2023-10-01 05:20:25,385] {taskinstance.py:1044} INFO - 
--------------------------------------------------------------------------------
[2023-10-01 05:20:25,483] {taskinstance.py:1063} INFO - Executing <Task(BashOperator): first_task> on 2021-11-04T00:00:00+00:00
[2023-10-01 05:20:25,503] {standard_task_runner.py:52} INFO - Started process 560 to run task
[2023-10-01 05:20:25,570] {standard_task_runner.py:76} INFO - Running: ['airflow', 'tasks', 'run', 'our_first_dag_v1', 'first_task', '2021-11-04T00:00:00+00:00', '--job-id', '99', '--pool', 'default_pool', '--raw', '--subdir', 'DAGS_FOLDER/our_first_dag.py', '--cfg-path', '/tmp/tmp380mavk6', '--error-file', '/tmp/tmpekg35fx5']
[2023-10-01 05:20:25,624] {standard_task_runner.py:77} INFO - Job 99: Subtask first_task
[2023-10-01 05:20:25,951] {logging_mixin.py:104} INFO - Running <TaskInstance: our_first_dag_v1.first_task 2021-11-04T00:00:00+00:00 [running]> on host d4ed655215d1
[2023-10-01 05:20:26,294] {taskinstance.py:1257} INFO - Exporting the following env vars:
AIRFLOW_CTX_DAG_OWNER=coder2j
AIRFLOW_CTX_DAG_ID=our_first_dag_v1
AIRFLOW_CTX_TASK_ID=first_task
AIRFLOW_CTX_EXECUTION_DATE=2021-11-04T00:00:00+00:00
AIRFLOW_CTX_DAG_RUN_ID=scheduled__2021-11-04T00:00:00+00:00
[2023-10-01 05:20:26,298] {bash.py:135} INFO - Tmp dir root location: 
 /tmp
[2023-10-01 05:20:26,300] {bash.py:158} INFO - Running command: echo hello world, this is the first task!
[2023-10-01 05:20:26,364] {bash.py:169} INFO - Output:
[2023-10-01 05:20:26,377] {bash.py:173} INFO - hello world, this is the first task!
[2023-10-01 05:20:26,379] {bash.py:177} INFO - Command exited with return code 0
[2023-10-01 05:20:26,479] {taskinstance.py:1166} INFO - Marking task as SUCCESS. dag_id=our_first_dag_v1, task_id=first_task, execution_date=20211104T000000, start_date=20231001T052025, end_date=20231001T052026
[2023-10-01 05:20:26,665] {taskinstance.py:1220} INFO - 0 downstream tasks scheduled from follow-on schedule check
[2023-10-01 05:20:26,751] {local_task_job.py:146} INFO - Task exited with return code 0
