[2023-10-01 07:55:36,154] {taskinstance.py:851} INFO - Dependencies all met for <TaskInstance: our_seventh_dag_v7.greet 2022-12-09T00:00:00+00:00 [queued]>
[2023-10-01 07:55:36,593] {taskinstance.py:851} INFO - Dependencies all met for <TaskInstance: our_seventh_dag_v7.greet 2022-12-09T00:00:00+00:00 [queued]>
[2023-10-01 07:55:36,596] {taskinstance.py:1042} INFO - 
--------------------------------------------------------------------------------
[2023-10-01 07:55:36,600] {taskinstance.py:1043} INFO - Starting attempt 1 of 6
[2023-10-01 07:55:36,604] {taskinstance.py:1044} INFO - 
--------------------------------------------------------------------------------
[2023-10-01 07:55:36,733] {taskinstance.py:1063} INFO - Executing <Task(PythonOperator): greet> on 2022-12-09T00:00:00+00:00
[2023-10-01 07:55:36,846] {standard_task_runner.py:52} INFO - Started process 23276 to run task
[2023-10-01 07:55:36,927] {standard_task_runner.py:76} INFO - Running: ['airflow', 'tasks', 'run', 'our_seventh_dag_v7', 'greet', '2022-12-09T00:00:00+00:00', '--job-id', '2334', '--pool', 'default_pool', '--raw', '--subdir', 'DAGS_FOLDER/our_seventh_dag.py', '--cfg-path', '/tmp/tmpnm6jkl3j', '--error-file', '/tmp/tmpr_sdr5a_']
[2023-10-01 07:55:37,025] {standard_task_runner.py:77} INFO - Job 2334: Subtask greet
[2023-10-01 07:55:38,921] {logging_mixin.py:104} INFO - Running <TaskInstance: our_seventh_dag_v7.greet 2022-12-09T00:00:00+00:00 [running]> on host d4ed655215d1
[2023-10-01 07:55:40,095] {taskinstance.py:1257} INFO - Exporting the following env vars:
AIRFLOW_CTX_DAG_OWNER=svastikkka
AIRFLOW_CTX_DAG_ID=our_seventh_dag_v7
AIRFLOW_CTX_TASK_ID=greet
AIRFLOW_CTX_EXECUTION_DATE=2022-12-09T00:00:00+00:00
AIRFLOW_CTX_DAG_RUN_ID=scheduled__2022-12-09T00:00:00+00:00
[2023-10-01 07:55:40,493] {logging_mixin.py:104} INFO - Hello My name is Manshu Sharma and I am 26 years old.
[2023-10-01 07:55:40,495] {python.py:118} INFO - Done. Returned value was: None
[2023-10-01 07:55:40,804] {taskinstance.py:1166} INFO - Marking task as SUCCESS. dag_id=our_seventh_dag_v7, task_id=greet, execution_date=20221209T000000, start_date=20231001T075536, end_date=20231001T075540
[2023-10-01 07:55:42,526] {local_task_job.py:188} WARNING - State of this instance has been externally set to success. Terminating instance.
[2023-10-01 07:55:42,684] {process_utils.py:100} INFO - Sending Signals.SIGTERM to GPID 23276
[2023-10-01 07:55:42,734] {taskinstance.py:1239} ERROR - Received SIGTERM. Terminating subprocesses.
[2023-10-01 07:55:42,999] {process_utils.py:66} INFO - Process psutil.Process(pid=23276, status='terminated', exitcode=1, started='07:55:36') (23276) terminated with exit code 1
