[2023-10-01 07:57:33,570] {taskinstance.py:851} INFO - Dependencies all met for <TaskInstance: our_seventh_dag_v7.greet 2022-12-27T00:00:00+00:00 [queued]>
[2023-10-01 07:57:34,695] {taskinstance.py:851} INFO - Dependencies all met for <TaskInstance: our_seventh_dag_v7.greet 2022-12-27T00:00:00+00:00 [queued]>
[2023-10-01 07:57:34,702] {taskinstance.py:1042} INFO - 
--------------------------------------------------------------------------------
[2023-10-01 07:57:34,708] {taskinstance.py:1043} INFO - Starting attempt 1 of 6
[2023-10-01 07:57:34,711] {taskinstance.py:1044} INFO - 
--------------------------------------------------------------------------------
[2023-10-01 07:57:35,024] {taskinstance.py:1063} INFO - Executing <Task(PythonOperator): greet> on 2022-12-27T00:00:00+00:00
[2023-10-01 07:57:35,335] {standard_task_runner.py:52} INFO - Started process 23568 to run task
[2023-10-01 07:57:35,556] {standard_task_runner.py:76} INFO - Running: ['airflow', 'tasks', 'run', 'our_seventh_dag_v7', 'greet', '2022-12-27T00:00:00+00:00', '--job-id', '2370', '--pool', 'default_pool', '--raw', '--subdir', 'DAGS_FOLDER/our_seventh_dag.py', '--cfg-path', '/tmp/tmpnz00n37i', '--error-file', '/tmp/tmpd1xhzrur']
[2023-10-01 07:57:35,721] {standard_task_runner.py:77} INFO - Job 2370: Subtask greet
[2023-10-01 07:57:37,113] {logging_mixin.py:104} INFO - Running <TaskInstance: our_seventh_dag_v7.greet 2022-12-27T00:00:00+00:00 [running]> on host d4ed655215d1
[2023-10-01 07:57:37,733] {taskinstance.py:1257} INFO - Exporting the following env vars:
AIRFLOW_CTX_DAG_OWNER=svastikkka
AIRFLOW_CTX_DAG_ID=our_seventh_dag_v7
AIRFLOW_CTX_TASK_ID=greet
AIRFLOW_CTX_EXECUTION_DATE=2022-12-27T00:00:00+00:00
AIRFLOW_CTX_DAG_RUN_ID=scheduled__2022-12-27T00:00:00+00:00
[2023-10-01 07:57:37,981] {logging_mixin.py:104} INFO - Hello My name is Manshu Sharma and I am 26 years old.
[2023-10-01 07:57:37,985] {python.py:118} INFO - Done. Returned value was: None
[2023-10-01 07:57:38,067] {taskinstance.py:1166} INFO - Marking task as SUCCESS. dag_id=our_seventh_dag_v7, task_id=greet, execution_date=20221227T000000, start_date=20231001T075733, end_date=20231001T075738
[2023-10-01 07:57:39,814] {taskinstance.py:1220} INFO - 0 downstream tasks scheduled from follow-on schedule check
[2023-10-01 07:57:40,085] {local_task_job.py:146} INFO - Task exited with return code 0
