[2023-10-01 08:03:20,088] {taskinstance.py:851} INFO - Dependencies all met for <TaskInstance: our_eight_dag_v8.get_name 2021-08-01T00:00:00+00:00 [queued]>
[2023-10-01 08:03:20,895] {taskinstance.py:851} INFO - Dependencies all met for <TaskInstance: our_eight_dag_v8.get_name 2021-08-01T00:00:00+00:00 [queued]>
[2023-10-01 08:03:20,899] {taskinstance.py:1042} INFO - 
--------------------------------------------------------------------------------
[2023-10-01 08:03:20,909] {taskinstance.py:1043} INFO - Starting attempt 1 of 6
[2023-10-01 08:03:20,911] {taskinstance.py:1044} INFO - 
--------------------------------------------------------------------------------
[2023-10-01 08:03:34,747] {taskinstance.py:1063} INFO - Executing <Task(PythonOperator): get_name> on 2021-08-01T00:00:00+00:00
[2023-10-01 08:03:39,070] {standard_task_runner.py:52} INFO - Started process 24660 to run task
[2023-10-01 08:03:55,650] {standard_task_runner.py:76} INFO - Running: ['airflow', 'tasks', 'run', 'our_eight_dag_v8', 'get_name', '2021-08-01T00:00:00+00:00', '--job-id', '2435', '--pool', 'default_pool', '--raw', '--subdir', 'DAGS_FOLDER/our_eight_dag.py', '--cfg-path', '/tmp/tmpxcyau718', '--error-file', '/tmp/tmpubnmlau8']
[2023-10-01 08:03:58,207] {standard_task_runner.py:77} INFO - Job 2435: Subtask get_name
[2023-10-01 08:04:57,824] {logging_mixin.py:104} INFO - Running <TaskInstance: our_eight_dag_v8.get_name 2021-08-01T00:00:00+00:00 [running]> on host d4ed655215d1
[2023-10-01 08:05:48,242] {taskinstance.py:1257} INFO - Exporting the following env vars:
AIRFLOW_CTX_DAG_OWNER=svastikkka
AIRFLOW_CTX_DAG_ID=our_eight_dag_v8
AIRFLOW_CTX_TASK_ID=get_name
AIRFLOW_CTX_EXECUTION_DATE=2021-08-01T00:00:00+00:00
AIRFLOW_CTX_DAG_RUN_ID=scheduled__2021-08-01T00:00:00+00:00
[2023-10-01 08:06:01,016] {python.py:118} INFO - Done. Returned value was: None
[2023-10-01 08:06:01,913] {taskinstance.py:1166} INFO - Marking task as SUCCESS. dag_id=our_eight_dag_v8, task_id=get_name, execution_date=20210801T000000, start_date=20231001T080320, end_date=20231001T080601
[2023-10-01 08:06:07,830] {taskinstance.py:1220} INFO - 0 downstream tasks scheduled from follow-on schedule check
[2023-10-01 08:06:14,495] {local_task_job.py:188} WARNING - State of this instance has been externally set to success. Terminating instance.
[2023-10-01 08:06:15,264] {process_utils.py:100} INFO - Sending Signals.SIGTERM to GPID 24660
[2023-10-01 08:06:16,213] {process_utils.py:66} INFO - Process psutil.Process(pid=24660, status='terminated', exitcode=0, started='08:03:38') (24660) terminated with exit code 0
