[2023-10-01 07:56:37,988] {taskinstance.py:851} INFO - Dependencies all met for <TaskInstance: our_seventh_dag_v7.get_name 2022-12-21T00:00:00+00:00 [queued]>
[2023-10-01 07:56:38,542] {taskinstance.py:851} INFO - Dependencies all met for <TaskInstance: our_seventh_dag_v7.get_name 2022-12-21T00:00:00+00:00 [queued]>
[2023-10-01 07:56:38,551] {taskinstance.py:1042} INFO - 
--------------------------------------------------------------------------------
[2023-10-01 07:56:38,558] {taskinstance.py:1043} INFO - Starting attempt 1 of 6
[2023-10-01 07:56:38,561] {taskinstance.py:1044} INFO - 
--------------------------------------------------------------------------------
[2023-10-01 07:56:39,848] {taskinstance.py:1063} INFO - Executing <Task(PythonOperator): get_name> on 2022-12-21T00:00:00+00:00
[2023-10-01 07:56:40,572] {standard_task_runner.py:52} INFO - Started process 23399 to run task
[2023-10-01 07:56:40,762] {standard_task_runner.py:76} INFO - Running: ['airflow', 'tasks', 'run', 'our_seventh_dag_v7', 'get_name', '2022-12-21T00:00:00+00:00', '--job-id', '2350', '--pool', 'default_pool', '--raw', '--subdir', 'DAGS_FOLDER/our_seventh_dag.py', '--cfg-path', '/tmp/tmp0cghkfdh', '--error-file', '/tmp/tmpc4u_d9f5']
[2023-10-01 07:56:41,177] {standard_task_runner.py:77} INFO - Job 2350: Subtask get_name
[2023-10-01 07:56:44,848] {logging_mixin.py:104} INFO - Running <TaskInstance: our_seventh_dag_v7.get_name 2022-12-21T00:00:00+00:00 [running]> on host d4ed655215d1
[2023-10-01 07:56:45,958] {taskinstance.py:1257} INFO - Exporting the following env vars:
AIRFLOW_CTX_DAG_OWNER=svastikkka
AIRFLOW_CTX_DAG_ID=our_seventh_dag_v7
AIRFLOW_CTX_TASK_ID=get_name
AIRFLOW_CTX_EXECUTION_DATE=2022-12-21T00:00:00+00:00
AIRFLOW_CTX_DAG_RUN_ID=scheduled__2022-12-21T00:00:00+00:00
[2023-10-01 07:56:46,588] {python.py:118} INFO - Done. Returned value was: None
[2023-10-01 07:56:46,815] {taskinstance.py:1166} INFO - Marking task as SUCCESS. dag_id=our_seventh_dag_v7, task_id=get_name, execution_date=20221221T000000, start_date=20231001T075638, end_date=20231001T075646
[2023-10-01 07:56:47,143] {local_task_job.py:188} WARNING - State of this instance has been externally set to success. Terminating instance.
[2023-10-01 07:56:47,197] {process_utils.py:100} INFO - Sending Signals.SIGTERM to GPID 23399
[2023-10-01 07:56:47,779] {taskinstance.py:1239} ERROR - Received SIGTERM. Terminating subprocesses.
[2023-10-01 07:56:48,076] {process_utils.py:66} INFO - Process psutil.Process(pid=23399, status='terminated', exitcode=1, started='07:56:40') (23399) terminated with exit code 1
