[2023-10-01 06:18:21,090] {taskinstance.py:851} INFO - Dependencies all met for <TaskInstance: our_fourth_dag_v4.first_task 2021-12-20T00:00:00+00:00 [queued]>
[2023-10-01 06:18:22,105] {taskinstance.py:851} INFO - Dependencies all met for <TaskInstance: our_fourth_dag_v4.first_task 2021-12-20T00:00:00+00:00 [queued]>
[2023-10-01 06:18:22,107] {taskinstance.py:1042} INFO - 
--------------------------------------------------------------------------------
[2023-10-01 06:18:22,108] {taskinstance.py:1043} INFO - Starting attempt 1 of 6
[2023-10-01 06:18:22,109] {taskinstance.py:1044} INFO - 
--------------------------------------------------------------------------------
[2023-10-01 06:18:22,261] {taskinstance.py:1063} INFO - Executing <Task(BashOperator): first_task> on 2021-12-20T00:00:00+00:00
[2023-10-01 06:18:22,387] {standard_task_runner.py:52} INFO - Started process 6012 to run task
[2023-10-01 06:18:22,465] {standard_task_runner.py:76} INFO - Running: ['airflow', 'tasks', 'run', 'our_fourth_dag_v4', 'first_task', '2021-12-20T00:00:00+00:00', '--job-id', '854', '--pool', 'default_pool', '--raw', '--subdir', 'DAGS_FOLDER/our_fourth_dag.py', '--cfg-path', '/tmp/tmph_yvij6v', '--error-file', '/tmp/tmp9eo5kbt8']
[2023-10-01 06:18:22,543] {standard_task_runner.py:77} INFO - Job 854: Subtask first_task
[2023-10-01 06:18:23,648] {logging_mixin.py:104} INFO - Running <TaskInstance: our_fourth_dag_v4.first_task 2021-12-20T00:00:00+00:00 [running]> on host d4ed655215d1
[2023-10-01 06:18:24,402] {taskinstance.py:1257} INFO - Exporting the following env vars:
AIRFLOW_CTX_DAG_OWNER=svastikkka
AIRFLOW_CTX_DAG_ID=our_fourth_dag_v4
AIRFLOW_CTX_TASK_ID=first_task
AIRFLOW_CTX_EXECUTION_DATE=2021-12-20T00:00:00+00:00
AIRFLOW_CTX_DAG_RUN_ID=scheduled__2021-12-20T00:00:00+00:00
[2023-10-01 06:18:24,417] {bash.py:135} INFO - Tmp dir root location: 
 /tmp
[2023-10-01 06:18:24,445] {bash.py:158} INFO - Running command: echo hello world, this is the first task!
[2023-10-01 06:18:24,631] {bash.py:169} INFO - Output:
[2023-10-01 06:18:24,774] {bash.py:173} INFO - hello world, this is the first task!
[2023-10-01 06:18:24,777] {bash.py:177} INFO - Command exited with return code 0
[2023-10-01 06:18:25,251] {taskinstance.py:1166} INFO - Marking task as SUCCESS. dag_id=our_fourth_dag_v4, task_id=first_task, execution_date=20211220T000000, start_date=20231001T061821, end_date=20231001T061825
[2023-10-01 06:18:25,935] {taskinstance.py:1220} INFO - 2 downstream tasks scheduled from follow-on schedule check
[2023-10-01 06:18:26,158] {local_task_job.py:146} INFO - Task exited with return code 0
