[2023-10-01 06:53:38,856] {taskinstance.py:851} INFO - Dependencies all met for <TaskInstance: our_sixth_dag_v6.greet 2021-10-10T00:00:00+00:00 [queued]>
[2023-10-01 06:53:39,685] {taskinstance.py:851} INFO - Dependencies all met for <TaskInstance: our_sixth_dag_v6.greet 2021-10-10T00:00:00+00:00 [queued]>
[2023-10-01 06:53:39,707] {taskinstance.py:1042} INFO - 
--------------------------------------------------------------------------------
[2023-10-01 06:53:39,718] {taskinstance.py:1043} INFO - Starting attempt 1 of 6
[2023-10-01 06:53:39,766] {taskinstance.py:1044} INFO - 
--------------------------------------------------------------------------------
[2023-10-01 06:53:39,952] {taskinstance.py:1063} INFO - Executing <Task(PythonOperator): greet> on 2021-10-10T00:00:00+00:00
[2023-10-01 06:53:40,049] {standard_task_runner.py:52} INFO - Started process 10903 to run task
[2023-10-01 06:53:40,106] {standard_task_runner.py:76} INFO - Running: ['airflow', 'tasks', 'run', 'our_sixth_dag_v6', 'greet', '2021-10-10T00:00:00+00:00', '--job-id', '1203', '--pool', 'default_pool', '--raw', '--subdir', 'DAGS_FOLDER/our_sixth_dag.py', '--cfg-path', '/tmp/tmp4zag4dwp', '--error-file', '/tmp/tmpha2mp807']
[2023-10-01 06:53:40,181] {standard_task_runner.py:77} INFO - Job 1203: Subtask greet
[2023-10-01 06:53:40,771] {logging_mixin.py:104} INFO - Running <TaskInstance: our_sixth_dag_v6.greet 2021-10-10T00:00:00+00:00 [running]> on host d4ed655215d1
[2023-10-01 06:53:42,053] {taskinstance.py:1257} INFO - Exporting the following env vars:
AIRFLOW_CTX_DAG_OWNER=svastikkka
AIRFLOW_CTX_DAG_ID=our_sixth_dag_v6
AIRFLOW_CTX_TASK_ID=greet
AIRFLOW_CTX_EXECUTION_DATE=2021-10-10T00:00:00+00:00
AIRFLOW_CTX_DAG_RUN_ID=scheduled__2021-10-10T00:00:00+00:00
[2023-10-01 06:53:42,145] {logging_mixin.py:104} INFO - Hello My name is Manshu and I am 20 years old.
[2023-10-01 06:53:42,154] {python.py:118} INFO - Done. Returned value was: None
[2023-10-01 06:53:42,282] {taskinstance.py:1166} INFO - Marking task as SUCCESS. dag_id=our_sixth_dag_v6, task_id=greet, execution_date=20211010T000000, start_date=20231001T065338, end_date=20231001T065342
[2023-10-01 06:53:42,610] {taskinstance.py:1220} INFO - 0 downstream tasks scheduled from follow-on schedule check
[2023-10-01 06:53:42,755] {local_task_job.py:146} INFO - Task exited with return code 0
