[2023-10-01 07:43:18,163] {taskinstance.py:851} INFO - Dependencies all met for <TaskInstance: our_seventh_dag_v7.greet 2021-12-26T00:00:00+00:00 [queued]>
[2023-10-01 07:43:18,288] {taskinstance.py:851} INFO - Dependencies all met for <TaskInstance: our_seventh_dag_v7.greet 2021-12-26T00:00:00+00:00 [queued]>
[2023-10-01 07:43:18,290] {taskinstance.py:1042} INFO - 
--------------------------------------------------------------------------------
[2023-10-01 07:43:18,292] {taskinstance.py:1043} INFO - Starting attempt 1 of 6
[2023-10-01 07:43:18,295] {taskinstance.py:1044} INFO - 
--------------------------------------------------------------------------------
[2023-10-01 07:43:18,409] {taskinstance.py:1063} INFO - Executing <Task(PythonOperator): greet> on 2021-12-26T00:00:00+00:00
[2023-10-01 07:43:18,468] {standard_task_runner.py:52} INFO - Started process 19783 to run task
[2023-10-01 07:43:18,571] {standard_task_runner.py:76} INFO - Running: ['airflow', 'tasks', 'run', 'our_seventh_dag_v7', 'greet', '2021-12-26T00:00:00+00:00', '--job-id', '1637', '--pool', 'default_pool', '--raw', '--subdir', 'DAGS_FOLDER/our_seventh_dag.py', '--cfg-path', '/tmp/tmpa0km8vgg', '--error-file', '/tmp/tmp09tjgyxu']
[2023-10-01 07:43:18,630] {standard_task_runner.py:77} INFO - Job 1637: Subtask greet
[2023-10-01 07:43:19,109] {logging_mixin.py:104} INFO - Running <TaskInstance: our_seventh_dag_v7.greet 2021-12-26T00:00:00+00:00 [running]> on host d4ed655215d1
[2023-10-01 07:43:19,794] {taskinstance.py:1257} INFO - Exporting the following env vars:
AIRFLOW_CTX_DAG_OWNER=svastikkka
AIRFLOW_CTX_DAG_ID=our_seventh_dag_v7
AIRFLOW_CTX_TASK_ID=greet
AIRFLOW_CTX_EXECUTION_DATE=2021-12-26T00:00:00+00:00
AIRFLOW_CTX_DAG_RUN_ID=scheduled__2021-12-26T00:00:00+00:00
[2023-10-01 07:43:20,175] {logging_mixin.py:104} INFO - Hello My name is Manshu Sharma and I am 26 years old.
[2023-10-01 07:43:20,182] {python.py:118} INFO - Done. Returned value was: None
[2023-10-01 07:43:20,327] {taskinstance.py:1166} INFO - Marking task as SUCCESS. dag_id=our_seventh_dag_v7, task_id=greet, execution_date=20211226T000000, start_date=20231001T074318, end_date=20231001T074320
[2023-10-01 07:43:20,834] {taskinstance.py:1220} INFO - 0 downstream tasks scheduled from follow-on schedule check
[2023-10-01 07:43:21,046] {local_task_job.py:146} INFO - Task exited with return code 0
