[2023-10-01 06:09:03,523] {taskinstance.py:851} INFO - Dependencies all met for <TaskInstance: our_fourth_dag_v4.first_task 2021-08-14T00:00:00+00:00 [queued]>
[2023-10-01 06:09:04,189] {taskinstance.py:851} INFO - Dependencies all met for <TaskInstance: our_fourth_dag_v4.first_task 2021-08-14T00:00:00+00:00 [queued]>
[2023-10-01 06:09:04,196] {taskinstance.py:1042} INFO - 
--------------------------------------------------------------------------------
[2023-10-01 06:09:04,204] {taskinstance.py:1043} INFO - Starting attempt 1 of 6
[2023-10-01 06:09:04,206] {taskinstance.py:1044} INFO - 
--------------------------------------------------------------------------------
[2023-10-01 06:09:04,352] {taskinstance.py:1063} INFO - Executing <Task(BashOperator): first_task> on 2021-08-14T00:00:00+00:00
[2023-10-01 06:09:04,431] {standard_task_runner.py:52} INFO - Started process 4097 to run task
[2023-10-01 06:09:04,489] {standard_task_runner.py:76} INFO - Running: ['airflow', 'tasks', 'run', 'our_fourth_dag_v4', 'first_task', '2021-08-14T00:00:00+00:00', '--job-id', '471', '--pool', 'default_pool', '--raw', '--subdir', 'DAGS_FOLDER/our_fourth_dag.py', '--cfg-path', '/tmp/tmp0iynlwum', '--error-file', '/tmp/tmp1c9zl9hh']
[2023-10-01 06:09:04,499] {standard_task_runner.py:77} INFO - Job 471: Subtask first_task
[2023-10-01 06:09:05,202] {logging_mixin.py:104} INFO - Running <TaskInstance: our_fourth_dag_v4.first_task 2021-08-14T00:00:00+00:00 [running]> on host d4ed655215d1
[2023-10-01 06:09:06,134] {taskinstance.py:1257} INFO - Exporting the following env vars:
AIRFLOW_CTX_DAG_OWNER=svastikkka
AIRFLOW_CTX_DAG_ID=our_fourth_dag_v4
AIRFLOW_CTX_TASK_ID=first_task
AIRFLOW_CTX_EXECUTION_DATE=2021-08-14T00:00:00+00:00
AIRFLOW_CTX_DAG_RUN_ID=scheduled__2021-08-14T00:00:00+00:00
[2023-10-01 06:09:06,144] {bash.py:135} INFO - Tmp dir root location: 
 /tmp
[2023-10-01 06:09:06,152] {bash.py:158} INFO - Running command: echo hello world, this is the first task!
[2023-10-01 06:09:06,443] {bash.py:169} INFO - Output:
[2023-10-01 06:09:06,459] {bash.py:173} INFO - hello world, this is the first task!
[2023-10-01 06:09:06,486] {bash.py:177} INFO - Command exited with return code 0
[2023-10-01 06:09:06,824] {taskinstance.py:1166} INFO - Marking task as SUCCESS. dag_id=our_fourth_dag_v4, task_id=first_task, execution_date=20210814T000000, start_date=20231001T060903, end_date=20231001T060906
[2023-10-01 06:09:08,509] {taskinstance.py:1220} INFO - 0 downstream tasks scheduled from follow-on schedule check
[2023-10-01 06:09:09,270] {local_task_job.py:146} INFO - Task exited with return code 0
