[2023-10-01 07:44:31,229] {taskinstance.py:851} INFO - Dependencies all met for <TaskInstance: our_seventh_dag_v7.get_name 2022-02-01T00:00:00+00:00 [queued]>
[2023-10-01 07:44:31,352] {taskinstance.py:851} INFO - Dependencies all met for <TaskInstance: our_seventh_dag_v7.get_name 2022-02-01T00:00:00+00:00 [queued]>
[2023-10-01 07:44:31,354] {taskinstance.py:1042} INFO - 
--------------------------------------------------------------------------------
[2023-10-01 07:44:31,355] {taskinstance.py:1043} INFO - Starting attempt 1 of 6
[2023-10-01 07:44:31,357] {taskinstance.py:1044} INFO - 
--------------------------------------------------------------------------------
[2023-10-01 07:44:31,460] {taskinstance.py:1063} INFO - Executing <Task(PythonOperator): get_name> on 2022-02-01T00:00:00+00:00
[2023-10-01 07:44:31,471] {standard_task_runner.py:52} INFO - Started process 20124 to run task
[2023-10-01 07:44:31,520] {standard_task_runner.py:76} INFO - Running: ['airflow', 'tasks', 'run', 'our_seventh_dag_v7', 'get_name', '2022-02-01T00:00:00+00:00', '--job-id', '1704', '--pool', 'default_pool', '--raw', '--subdir', 'DAGS_FOLDER/our_seventh_dag.py', '--cfg-path', '/tmp/tmpjun3ellf', '--error-file', '/tmp/tmpbqkkn4dy']
[2023-10-01 07:44:31,551] {standard_task_runner.py:77} INFO - Job 1704: Subtask get_name
[2023-10-01 07:44:31,851] {logging_mixin.py:104} INFO - Running <TaskInstance: our_seventh_dag_v7.get_name 2022-02-01T00:00:00+00:00 [running]> on host d4ed655215d1
[2023-10-01 07:44:32,254] {taskinstance.py:1257} INFO - Exporting the following env vars:
AIRFLOW_CTX_DAG_OWNER=svastikkka
AIRFLOW_CTX_DAG_ID=our_seventh_dag_v7
AIRFLOW_CTX_TASK_ID=get_name
AIRFLOW_CTX_EXECUTION_DATE=2022-02-01T00:00:00+00:00
AIRFLOW_CTX_DAG_RUN_ID=scheduled__2022-02-01T00:00:00+00:00
[2023-10-01 07:44:32,667] {python.py:118} INFO - Done. Returned value was: None
[2023-10-01 07:44:32,909] {taskinstance.py:1166} INFO - Marking task as SUCCESS. dag_id=our_seventh_dag_v7, task_id=get_name, execution_date=20220201T000000, start_date=20231001T074431, end_date=20231001T074432
[2023-10-01 07:44:33,656] {taskinstance.py:1220} INFO - 1 downstream tasks scheduled from follow-on schedule check
[2023-10-01 07:44:34,630] {local_task_job.py:146} INFO - Task exited with return code 0
