[2023-10-01 10:19:08,315] {taskinstance.py:851} INFO - Dependencies all met for <TaskInstance: postgres_v2.insert_into_table 2021-08-13T00:00:00+00:00 [queued]>
[2023-10-01 10:19:09,425] {taskinstance.py:851} INFO - Dependencies all met for <TaskInstance: postgres_v2.insert_into_table 2021-08-13T00:00:00+00:00 [queued]>
[2023-10-01 10:19:09,490] {taskinstance.py:1042} INFO - 
--------------------------------------------------------------------------------
[2023-10-01 10:19:09,505] {taskinstance.py:1043} INFO - Starting attempt 1 of 6
[2023-10-01 10:19:09,512] {taskinstance.py:1044} INFO - 
--------------------------------------------------------------------------------
[2023-10-01 10:19:09,803] {taskinstance.py:1063} INFO - Executing <Task(PostgresOperator): insert_into_table> on 2021-08-13T00:00:00+00:00
[2023-10-01 10:19:09,948] {standard_task_runner.py:52} INFO - Started process 48075 to run task
[2023-10-01 10:19:10,347] {standard_task_runner.py:76} INFO - Running: ['airflow', 'tasks', 'run', 'postgres_v2', 'insert_into_table', '2021-08-13T00:00:00+00:00', '--job-id', '2748', '--pool', 'default_pool', '--raw', '--subdir', 'DAGS_FOLDER/postgresql_example_2.py', '--cfg-path', '/tmp/tmpsprqwe8z', '--error-file', '/tmp/tmp56m3k03k']
[2023-10-01 10:19:10,652] {standard_task_runner.py:77} INFO - Job 2748: Subtask insert_into_table
[2023-10-01 10:19:12,904] {logging_mixin.py:104} INFO - Running <TaskInstance: postgres_v2.insert_into_table 2021-08-13T00:00:00+00:00 [running]> on host d4ed655215d1
[2023-10-01 10:19:14,496] {taskinstance.py:1257} INFO - Exporting the following env vars:
AIRFLOW_CTX_DAG_OWNER=svastikkka
AIRFLOW_CTX_DAG_ID=postgres_v2
AIRFLOW_CTX_TASK_ID=insert_into_table
AIRFLOW_CTX_EXECUTION_DATE=2021-08-13T00:00:00+00:00
AIRFLOW_CTX_DAG_RUN_ID=scheduled__2021-08-13T00:00:00+00:00
[2023-10-01 10:19:14,600] {postgres.py:69} INFO - Executing: 
            insert into dags_run (dt, dag_id) values ('2021-08-13', 'postgres_v2')
        
[2023-10-01 10:19:14,897] {base.py:74} INFO - Using connection to: id: posgres_testing. Host: host.docker.internal, Port: 5432, Schema: testing, Login: airflow, Password: XXXXXXXX, extra: None
[2023-10-01 10:19:14,950] {dbapi.py:180} INFO - Running statement: 
            insert into dags_run (dt, dag_id) values ('2021-08-13', 'postgres_v2')
        , parameters: None
[2023-10-01 10:19:14,974] {dbapi.py:186} INFO - Rows affected: 1
[2023-10-01 10:19:15,149] {taskinstance.py:1166} INFO - Marking task as SUCCESS. dag_id=postgres_v2, task_id=insert_into_table, execution_date=20210813T000000, start_date=20231001T101908, end_date=20231001T101915
[2023-10-01 10:19:15,478] {local_task_job.py:188} WARNING - State of this instance has been externally set to success. Terminating instance.
[2023-10-01 10:19:15,536] {process_utils.py:100} INFO - Sending Signals.SIGTERM to GPID 48075
[2023-10-01 10:19:16,763] {taskinstance.py:1239} ERROR - Received SIGTERM. Terminating subprocesses.
[2023-10-01 10:19:16,933] {process_utils.py:66} INFO - Process psutil.Process(pid=48075, status='terminated', exitcode=1, started='10:19:09') (48075) terminated with exit code 1
