[2023-10-01 07:40:25,535] {taskinstance.py:851} INFO - Dependencies all met for <TaskInstance: our_seventh_dag_v7.greet 2021-10-12T00:00:00+00:00 [queued]>
[2023-10-01 07:40:25,754] {taskinstance.py:851} INFO - Dependencies all met for <TaskInstance: our_seventh_dag_v7.greet 2021-10-12T00:00:00+00:00 [queued]>
[2023-10-01 07:40:25,756] {taskinstance.py:1042} INFO - 
--------------------------------------------------------------------------------
[2023-10-01 07:40:25,758] {taskinstance.py:1043} INFO - Starting attempt 1 of 6
[2023-10-01 07:40:25,761] {taskinstance.py:1044} INFO - 
--------------------------------------------------------------------------------
[2023-10-01 07:40:25,884] {taskinstance.py:1063} INFO - Executing <Task(PythonOperator): greet> on 2021-10-12T00:00:00+00:00
[2023-10-01 07:40:25,906] {standard_task_runner.py:52} INFO - Started process 18999 to run task
[2023-10-01 07:40:25,964] {standard_task_runner.py:76} INFO - Running: ['airflow', 'tasks', 'run', 'our_seventh_dag_v7', 'greet', '2021-10-12T00:00:00+00:00', '--job-id', '1486', '--pool', 'default_pool', '--raw', '--subdir', 'DAGS_FOLDER/our_seventh_dag.py', '--cfg-path', '/tmp/tmpu4rntuyt', '--error-file', '/tmp/tmpask_8kke']
[2023-10-01 07:40:25,988] {standard_task_runner.py:77} INFO - Job 1486: Subtask greet
[2023-10-01 07:40:26,814] {logging_mixin.py:104} INFO - Running <TaskInstance: our_seventh_dag_v7.greet 2021-10-12T00:00:00+00:00 [running]> on host d4ed655215d1
[2023-10-01 07:40:27,255] {taskinstance.py:1257} INFO - Exporting the following env vars:
AIRFLOW_CTX_DAG_OWNER=svastikkka
AIRFLOW_CTX_DAG_ID=our_seventh_dag_v7
AIRFLOW_CTX_TASK_ID=greet
AIRFLOW_CTX_EXECUTION_DATE=2021-10-12T00:00:00+00:00
AIRFLOW_CTX_DAG_RUN_ID=scheduled__2021-10-12T00:00:00+00:00
[2023-10-01 07:40:27,341] {logging_mixin.py:104} INFO - Hello My name is Manshu Sharma and I am 26 years old.
[2023-10-01 07:40:27,343] {python.py:118} INFO - Done. Returned value was: None
[2023-10-01 07:40:27,410] {taskinstance.py:1166} INFO - Marking task as SUCCESS. dag_id=our_seventh_dag_v7, task_id=greet, execution_date=20211012T000000, start_date=20231001T074025, end_date=20231001T074027
[2023-10-01 07:40:27,752] {taskinstance.py:1220} INFO - 0 downstream tasks scheduled from follow-on schedule check
[2023-10-01 07:40:27,867] {local_task_job.py:146} INFO - Task exited with return code 0
