[2023-10-01 05:55:28,908] {taskinstance.py:851} INFO - Dependencies all met for <TaskInstance: our_third_dag_v3.thrid_task 2021-08-15T00:00:00+00:00 [queued]>
[2023-10-01 05:55:29,257] {taskinstance.py:851} INFO - Dependencies all met for <TaskInstance: our_third_dag_v3.thrid_task 2021-08-15T00:00:00+00:00 [queued]>
[2023-10-01 05:55:29,260] {taskinstance.py:1042} INFO - 
--------------------------------------------------------------------------------
[2023-10-01 05:55:29,301] {taskinstance.py:1043} INFO - Starting attempt 1 of 6
[2023-10-01 05:55:29,303] {taskinstance.py:1044} INFO - 
--------------------------------------------------------------------------------
[2023-10-01 05:55:29,749] {taskinstance.py:1063} INFO - Executing <Task(BashOperator): thrid_task> on 2021-08-15T00:00:00+00:00
[2023-10-01 05:55:29,888] {standard_task_runner.py:52} INFO - Started process 2514 to run task
[2023-10-01 05:55:30,121] {standard_task_runner.py:76} INFO - Running: ['airflow', 'tasks', 'run', 'our_third_dag_v3', 'thrid_task', '2021-08-15T00:00:00+00:00', '--job-id', '204', '--pool', 'default_pool', '--raw', '--subdir', 'DAGS_FOLDER/our_third_dag.py', '--cfg-path', '/tmp/tmpmbhw0sj2', '--error-file', '/tmp/tmp3q4qghhq']
[2023-10-01 05:55:30,192] {standard_task_runner.py:77} INFO - Job 204: Subtask thrid_task
[2023-10-01 05:55:32,159] {logging_mixin.py:104} INFO - Running <TaskInstance: our_third_dag_v3.thrid_task 2021-08-15T00:00:00+00:00 [running]> on host d4ed655215d1
[2023-10-01 05:55:35,148] {taskinstance.py:1257} INFO - Exporting the following env vars:
AIRFLOW_CTX_DAG_OWNER=coder2j
AIRFLOW_CTX_DAG_ID=our_third_dag_v3
AIRFLOW_CTX_TASK_ID=thrid_task
AIRFLOW_CTX_EXECUTION_DATE=2021-08-15T00:00:00+00:00
AIRFLOW_CTX_DAG_RUN_ID=scheduled__2021-08-15T00:00:00+00:00
[2023-10-01 05:55:35,212] {bash.py:135} INFO - Tmp dir root location: 
 /tmp
[2023-10-01 05:55:35,291] {bash.py:158} INFO - Running command: echo hey, I am task3 and will be running after task1 at the same time as task2!
[2023-10-01 05:55:35,974] {bash.py:169} INFO - Output:
[2023-10-01 05:55:36,097] {bash.py:173} INFO - hey, I am task3 and will be running after task1 at the same time as task2!
[2023-10-01 05:55:36,110] {bash.py:177} INFO - Command exited with return code 0
[2023-10-01 05:55:36,527] {taskinstance.py:1166} INFO - Marking task as SUCCESS. dag_id=our_third_dag_v3, task_id=thrid_task, execution_date=20210815T000000, start_date=20231001T055528, end_date=20231001T055536
[2023-10-01 05:55:43,149] {local_task_job.py:188} WARNING - State of this instance has been externally set to success. Terminating instance.
[2023-10-01 05:55:43,494] {process_utils.py:100} INFO - Sending Signals.SIGTERM to GPID 2514
[2023-10-01 05:55:44,336] {taskinstance.py:1239} ERROR - Received SIGTERM. Terminating subprocesses.
[2023-10-01 05:55:44,424] {bash.py:185} INFO - Sending SIGTERM signal to bash process group
[2023-10-01 05:55:45,946] {process_utils.py:66} INFO - Process psutil.Process(pid=2514, status='terminated', exitcode=1, started='05:55:28') (2514) terminated with exit code 1
