[2023-10-01 07:40:26,972] {taskinstance.py:851} INFO - Dependencies all met for <TaskInstance: our_seventh_dag_v7.greet 2021-10-13T00:00:00+00:00 [queued]>
[2023-10-01 07:40:27,215] {taskinstance.py:851} INFO - Dependencies all met for <TaskInstance: our_seventh_dag_v7.greet 2021-10-13T00:00:00+00:00 [queued]>
[2023-10-01 07:40:27,219] {taskinstance.py:1042} INFO - 
--------------------------------------------------------------------------------
[2023-10-01 07:40:27,221] {taskinstance.py:1043} INFO - Starting attempt 1 of 6
[2023-10-01 07:40:27,223] {taskinstance.py:1044} INFO - 
--------------------------------------------------------------------------------
[2023-10-01 07:40:27,279] {taskinstance.py:1063} INFO - Executing <Task(PythonOperator): greet> on 2021-10-13T00:00:00+00:00
[2023-10-01 07:40:27,312] {standard_task_runner.py:52} INFO - Started process 19004 to run task
[2023-10-01 07:40:27,376] {standard_task_runner.py:76} INFO - Running: ['airflow', 'tasks', 'run', 'our_seventh_dag_v7', 'greet', '2021-10-13T00:00:00+00:00', '--job-id', '1488', '--pool', 'default_pool', '--raw', '--subdir', 'DAGS_FOLDER/our_seventh_dag.py', '--cfg-path', '/tmp/tmp_o_veif4', '--error-file', '/tmp/tmp89hdl2oy']
[2023-10-01 07:40:27,423] {standard_task_runner.py:77} INFO - Job 1488: Subtask greet
[2023-10-01 07:40:27,804] {logging_mixin.py:104} INFO - Running <TaskInstance: our_seventh_dag_v7.greet 2021-10-13T00:00:00+00:00 [running]> on host d4ed655215d1
[2023-10-01 07:40:28,181] {taskinstance.py:1257} INFO - Exporting the following env vars:
AIRFLOW_CTX_DAG_OWNER=svastikkka
AIRFLOW_CTX_DAG_ID=our_seventh_dag_v7
AIRFLOW_CTX_TASK_ID=greet
AIRFLOW_CTX_EXECUTION_DATE=2021-10-13T00:00:00+00:00
AIRFLOW_CTX_DAG_RUN_ID=scheduled__2021-10-13T00:00:00+00:00
[2023-10-01 07:40:28,462] {logging_mixin.py:104} INFO - Hello My name is Manshu Sharma and I am 26 years old.
[2023-10-01 07:40:28,463] {python.py:118} INFO - Done. Returned value was: None
[2023-10-01 07:40:28,523] {taskinstance.py:1166} INFO - Marking task as SUCCESS. dag_id=our_seventh_dag_v7, task_id=greet, execution_date=20211013T000000, start_date=20231001T074026, end_date=20231001T074028
[2023-10-01 07:40:29,066] {taskinstance.py:1220} INFO - 0 downstream tasks scheduled from follow-on schedule check
[2023-10-01 07:40:29,195] {local_task_job.py:146} INFO - Task exited with return code 0
