[2023-10-01 06:11:11,101] {taskinstance.py:851} INFO - Dependencies all met for <TaskInstance: our_fourth_dag_v4.second_task 2021-09-09T00:00:00+00:00 [queued]>
[2023-10-01 06:11:11,395] {taskinstance.py:851} INFO - Dependencies all met for <TaskInstance: our_fourth_dag_v4.second_task 2021-09-09T00:00:00+00:00 [queued]>
[2023-10-01 06:11:11,398] {taskinstance.py:1042} INFO - 
--------------------------------------------------------------------------------
[2023-10-01 06:11:11,401] {taskinstance.py:1043} INFO - Starting attempt 1 of 6
[2023-10-01 06:11:11,404] {taskinstance.py:1044} INFO - 
--------------------------------------------------------------------------------
[2023-10-01 06:11:11,537] {taskinstance.py:1063} INFO - Executing <Task(BashOperator): second_task> on 2021-09-09T00:00:00+00:00
[2023-10-01 06:11:11,647] {standard_task_runner.py:52} INFO - Started process 4541 to run task
[2023-10-01 06:11:11,884] {standard_task_runner.py:76} INFO - Running: ['airflow', 'tasks', 'run', 'our_fourth_dag_v4', 'second_task', '2021-09-09T00:00:00+00:00', '--job-id', '560', '--pool', 'default_pool', '--raw', '--subdir', 'DAGS_FOLDER/our_fourth_dag.py', '--cfg-path', '/tmp/tmpa6f7zccz', '--error-file', '/tmp/tmp2mlcfklk']
[2023-10-01 06:11:11,990] {standard_task_runner.py:77} INFO - Job 560: Subtask second_task
[2023-10-01 06:11:12,985] {logging_mixin.py:104} INFO - Running <TaskInstance: our_fourth_dag_v4.second_task 2021-09-09T00:00:00+00:00 [running]> on host d4ed655215d1
[2023-10-01 06:11:13,435] {taskinstance.py:1257} INFO - Exporting the following env vars:
AIRFLOW_CTX_DAG_OWNER=svastikkka
AIRFLOW_CTX_DAG_ID=our_fourth_dag_v4
AIRFLOW_CTX_TASK_ID=second_task
AIRFLOW_CTX_EXECUTION_DATE=2021-09-09T00:00:00+00:00
AIRFLOW_CTX_DAG_RUN_ID=scheduled__2021-09-09T00:00:00+00:00
[2023-10-01 06:11:13,442] {bash.py:135} INFO - Tmp dir root location: 
 /tmp
[2023-10-01 06:11:13,455] {bash.py:158} INFO - Running command: echo hey, I am task2 and will be running after task1!
[2023-10-01 06:11:13,536] {bash.py:169} INFO - Output:
[2023-10-01 06:11:13,553] {bash.py:173} INFO - hey, I am task2 and will be running after task1!
[2023-10-01 06:11:13,560] {bash.py:177} INFO - Command exited with return code 0
[2023-10-01 06:11:13,681] {taskinstance.py:1166} INFO - Marking task as SUCCESS. dag_id=our_fourth_dag_v4, task_id=second_task, execution_date=20210909T000000, start_date=20231001T061111, end_date=20231001T061113
[2023-10-01 06:11:14,007] {taskinstance.py:1220} INFO - 0 downstream tasks scheduled from follow-on schedule check
[2023-10-01 06:11:14,119] {local_task_job.py:146} INFO - Task exited with return code 0
