[2023-10-01 08:08:42,996] {taskinstance.py:851} INFO - Dependencies all met for <TaskInstance: our_eight_dag_v8.greet 2021-08-11T00:00:00+00:00 [queued]>
[2023-10-01 08:08:43,867] {taskinstance.py:851} INFO - Dependencies all met for <TaskInstance: our_eight_dag_v8.greet 2021-08-11T00:00:00+00:00 [queued]>
[2023-10-01 08:08:43,874] {taskinstance.py:1042} INFO - 
--------------------------------------------------------------------------------
[2023-10-01 08:08:43,884] {taskinstance.py:1043} INFO - Starting attempt 1 of 6
[2023-10-01 08:08:43,897] {taskinstance.py:1044} INFO - 
--------------------------------------------------------------------------------
[2023-10-01 08:08:44,419] {taskinstance.py:1063} INFO - Executing <Task(PythonOperator): greet> on 2021-08-11T00:00:00+00:00
[2023-10-01 08:08:44,448] {standard_task_runner.py:52} INFO - Started process 24861 to run task
[2023-10-01 08:08:44,636] {standard_task_runner.py:76} INFO - Running: ['airflow', 'tasks', 'run', 'our_eight_dag_v8', 'greet', '2021-08-11T00:00:00+00:00', '--job-id', '2474', '--pool', 'default_pool', '--raw', '--subdir', 'DAGS_FOLDER/our_eight_dag.py', '--cfg-path', '/tmp/tmpanjh1dtb', '--error-file', '/tmp/tmptm2b046p']
[2023-10-01 08:08:44,853] {standard_task_runner.py:77} INFO - Job 2474: Subtask greet
[2023-10-01 08:08:49,545] {logging_mixin.py:104} INFO - Running <TaskInstance: our_eight_dag_v8.greet 2021-08-11T00:00:00+00:00 [running]> on host d4ed655215d1
[2023-10-01 08:08:52,661] {taskinstance.py:1257} INFO - Exporting the following env vars:
AIRFLOW_CTX_DAG_OWNER=svastikkka
AIRFLOW_CTX_DAG_ID=our_eight_dag_v8
AIRFLOW_CTX_TASK_ID=greet
AIRFLOW_CTX_EXECUTION_DATE=2021-08-11T00:00:00+00:00
AIRFLOW_CTX_DAG_RUN_ID=scheduled__2021-08-11T00:00:00+00:00
[2023-10-01 08:08:53,946] {logging_mixin.py:104} INFO - Hello My name is Manshu Sharma and I am 21 years old.
[2023-10-01 08:08:53,955] {python.py:118} INFO - Done. Returned value was: None
[2023-10-01 08:08:54,532] {taskinstance.py:1166} INFO - Marking task as SUCCESS. dag_id=our_eight_dag_v8, task_id=greet, execution_date=20210811T000000, start_date=20231001T080843, end_date=20231001T080854
[2023-10-01 08:08:56,172] {local_task_job.py:188} WARNING - State of this instance has been externally set to success. Terminating instance.
[2023-10-01 08:08:56,668] {process_utils.py:100} INFO - Sending Signals.SIGTERM to GPID 24861
[2023-10-01 08:08:56,693] {taskinstance.py:1239} ERROR - Received SIGTERM. Terminating subprocesses.
[2023-10-01 08:08:56,771] {process_utils.py:66} INFO - Process psutil.Process(pid=24861, status='terminated', exitcode=1, started='08:08:44') (24861) terminated with exit code 1
