[2023-10-01 08:04:48,047] {taskinstance.py:851} INFO - Dependencies all met for <TaskInstance: our_eight_dag_v8.get_name 2021-08-03T00:00:00+00:00 [queued]>
[2023-10-01 08:05:02,257] {taskinstance.py:851} INFO - Dependencies all met for <TaskInstance: our_eight_dag_v8.get_name 2021-08-03T00:00:00+00:00 [queued]>
[2023-10-01 08:05:02,370] {taskinstance.py:1042} INFO - 
--------------------------------------------------------------------------------
[2023-10-01 08:05:02,422] {taskinstance.py:1043} INFO - Starting attempt 1 of 6
[2023-10-01 08:05:02,450] {taskinstance.py:1044} INFO - 
--------------------------------------------------------------------------------
[2023-10-01 08:05:04,501] {taskinstance.py:1063} INFO - Executing <Task(PythonOperator): get_name> on 2021-08-03T00:00:00+00:00
[2023-10-01 08:05:15,162] {standard_task_runner.py:52} INFO - Started process 24670 to run task
[2023-10-01 08:05:20,849] {standard_task_runner.py:76} INFO - Running: ['airflow', 'tasks', 'run', 'our_eight_dag_v8', 'get_name', '2021-08-03T00:00:00+00:00', '--job-id', '2437', '--pool', 'default_pool', '--raw', '--subdir', 'DAGS_FOLDER/our_eight_dag.py', '--cfg-path', '/tmp/tmpwp1pbn_8', '--error-file', '/tmp/tmpvaarv_e2']
[2023-10-01 08:05:24,283] {standard_task_runner.py:77} INFO - Job 2437: Subtask get_name
[2023-10-01 08:06:00,878] {logging_mixin.py:104} INFO - Running <TaskInstance: our_eight_dag_v8.get_name 2021-08-03T00:00:00+00:00 [running]> on host d4ed655215d1
[2023-10-01 08:06:04,993] {taskinstance.py:1257} INFO - Exporting the following env vars:
AIRFLOW_CTX_DAG_OWNER=svastikkka
AIRFLOW_CTX_DAG_ID=our_eight_dag_v8
AIRFLOW_CTX_TASK_ID=get_name
AIRFLOW_CTX_EXECUTION_DATE=2021-08-03T00:00:00+00:00
AIRFLOW_CTX_DAG_RUN_ID=scheduled__2021-08-03T00:00:00+00:00
[2023-10-01 08:06:15,410] {python.py:118} INFO - Done. Returned value was: None
[2023-10-01 08:06:16,390] {taskinstance.py:1166} INFO - Marking task as SUCCESS. dag_id=our_eight_dag_v8, task_id=get_name, execution_date=20210803T000000, start_date=20231001T080450, end_date=20231001T080616
[2023-10-01 08:06:19,253] {taskinstance.py:1220} INFO - 0 downstream tasks scheduled from follow-on schedule check
[2023-10-01 08:06:19,941] {local_task_job.py:146} INFO - Task exited with return code 0
