[2023-10-01 08:03:15,916] {taskinstance.py:851} INFO - Dependencies all met for <TaskInstance: our_eight_dag_v8.get_age 2021-07-31T00:00:00+00:00 [queued]>
[2023-10-01 08:03:16,635] {taskinstance.py:851} INFO - Dependencies all met for <TaskInstance: our_eight_dag_v8.get_age 2021-07-31T00:00:00+00:00 [queued]>
[2023-10-01 08:03:16,640] {taskinstance.py:1042} INFO - 
--------------------------------------------------------------------------------
[2023-10-01 08:03:16,644] {taskinstance.py:1043} INFO - Starting attempt 1 of 6
[2023-10-01 08:03:16,648] {taskinstance.py:1044} INFO - 
--------------------------------------------------------------------------------
[2023-10-01 08:03:17,278] {taskinstance.py:1063} INFO - Executing <Task(PythonOperator): get_age> on 2021-07-31T00:00:00+00:00
[2023-10-01 08:03:18,330] {standard_task_runner.py:52} INFO - Started process 24648 to run task
[2023-10-01 08:03:19,218] {standard_task_runner.py:76} INFO - Running: ['airflow', 'tasks', 'run', 'our_eight_dag_v8', 'get_age', '2021-07-31T00:00:00+00:00', '--job-id', '2429', '--pool', 'default_pool', '--raw', '--subdir', 'DAGS_FOLDER/our_eight_dag.py', '--cfg-path', '/tmp/tmpk5a4djob', '--error-file', '/tmp/tmpgwqu5qw6']
[2023-10-01 08:03:19,656] {standard_task_runner.py:77} INFO - Job 2429: Subtask get_age
[2023-10-01 08:03:58,293] {logging_mixin.py:104} INFO - Running <TaskInstance: our_eight_dag_v8.get_age 2021-07-31T00:00:00+00:00 [running]> on host d4ed655215d1
[2023-10-01 08:04:45,502] {taskinstance.py:1257} INFO - Exporting the following env vars:
AIRFLOW_CTX_DAG_OWNER=svastikkka
AIRFLOW_CTX_DAG_ID=our_eight_dag_v8
AIRFLOW_CTX_TASK_ID=get_age
AIRFLOW_CTX_EXECUTION_DATE=2021-07-31T00:00:00+00:00
AIRFLOW_CTX_DAG_RUN_ID=scheduled__2021-07-31T00:00:00+00:00
[2023-10-01 08:04:46,749] {python.py:118} INFO - Done. Returned value was: None
[2023-10-01 08:04:49,508] {taskinstance.py:1166} INFO - Marking task as SUCCESS. dag_id=our_eight_dag_v8, task_id=get_age, execution_date=20210731T000000, start_date=20231001T080316, end_date=20231001T080449
[2023-10-01 08:05:11,547] {local_task_job.py:188} WARNING - State of this instance has been externally set to success. Terminating instance.
[2023-10-01 08:05:14,433] {process_utils.py:100} INFO - Sending Signals.SIGTERM to GPID 24648
[2023-10-01 08:05:16,537] {taskinstance.py:1239} ERROR - Received SIGTERM. Terminating subprocesses.
[2023-10-01 08:05:26,696] {process_utils.py:66} INFO - Process psutil.Process(pid=24648, status='terminated', exitcode=1, started='08:03:17') (24648) terminated with exit code 1
