[2023-10-01 07:53:01,900] {taskinstance.py:851} INFO - Dependencies all met for <TaskInstance: our_seventh_dag_v7.get_name 2022-10-12T00:00:00+00:00 [queued]>
[2023-10-01 07:53:02,135] {taskinstance.py:851} INFO - Dependencies all met for <TaskInstance: our_seventh_dag_v7.get_name 2022-10-12T00:00:00+00:00 [queued]>
[2023-10-01 07:53:02,139] {taskinstance.py:1042} INFO - 
--------------------------------------------------------------------------------
[2023-10-01 07:53:02,162] {taskinstance.py:1043} INFO - Starting attempt 1 of 6
[2023-10-01 07:53:02,165] {taskinstance.py:1044} INFO - 
--------------------------------------------------------------------------------
[2023-10-01 07:53:02,255] {taskinstance.py:1063} INFO - Executing <Task(PythonOperator): get_name> on 2022-10-12T00:00:00+00:00
[2023-10-01 07:53:02,284] {standard_task_runner.py:52} INFO - Started process 22603 to run task
[2023-10-01 07:53:02,349] {standard_task_runner.py:76} INFO - Running: ['airflow', 'tasks', 'run', 'our_seventh_dag_v7', 'get_name', '2022-10-12T00:00:00+00:00', '--job-id', '2210', '--pool', 'default_pool', '--raw', '--subdir', 'DAGS_FOLDER/our_seventh_dag.py', '--cfg-path', '/tmp/tmpfh533__9', '--error-file', '/tmp/tmps_m6vlh1']
[2023-10-01 07:53:02,396] {standard_task_runner.py:77} INFO - Job 2210: Subtask get_name
[2023-10-01 07:53:02,934] {logging_mixin.py:104} INFO - Running <TaskInstance: our_seventh_dag_v7.get_name 2022-10-12T00:00:00+00:00 [running]> on host d4ed655215d1
[2023-10-01 07:53:03,265] {taskinstance.py:1257} INFO - Exporting the following env vars:
AIRFLOW_CTX_DAG_OWNER=svastikkka
AIRFLOW_CTX_DAG_ID=our_seventh_dag_v7
AIRFLOW_CTX_TASK_ID=get_name
AIRFLOW_CTX_EXECUTION_DATE=2022-10-12T00:00:00+00:00
AIRFLOW_CTX_DAG_RUN_ID=scheduled__2022-10-12T00:00:00+00:00
[2023-10-01 07:53:03,498] {python.py:118} INFO - Done. Returned value was: None
[2023-10-01 07:53:03,536] {taskinstance.py:1166} INFO - Marking task as SUCCESS. dag_id=our_seventh_dag_v7, task_id=get_name, execution_date=20221012T000000, start_date=20231001T075301, end_date=20231001T075303
[2023-10-01 07:53:07,449] {local_task_job.py:188} WARNING - State of this instance has been externally set to success. Terminating instance.
[2023-10-01 07:53:07,458] {process_utils.py:100} INFO - Sending Signals.SIGTERM to GPID 22603
[2023-10-01 07:53:08,225] {taskinstance.py:1239} ERROR - Received SIGTERM. Terminating subprocesses.
[2023-10-01 07:53:08,449] {process_utils.py:66} INFO - Process psutil.Process(pid=22603, status='terminated', exitcode=1, started='07:53:02') (22603) terminated with exit code 1
