[2023-10-01 06:10:43,529] {taskinstance.py:851} INFO - Dependencies all met for <TaskInstance: our_fourth_dag_v4.first_task 2021-09-05T00:00:00+00:00 [queued]>
[2023-10-01 06:10:43,811] {taskinstance.py:851} INFO - Dependencies all met for <TaskInstance: our_fourth_dag_v4.first_task 2021-09-05T00:00:00+00:00 [queued]>
[2023-10-01 06:10:43,812] {taskinstance.py:1042} INFO - 
--------------------------------------------------------------------------------
[2023-10-01 06:10:43,814] {taskinstance.py:1043} INFO - Starting attempt 1 of 6
[2023-10-01 06:10:43,816] {taskinstance.py:1044} INFO - 
--------------------------------------------------------------------------------
[2023-10-01 06:10:43,853] {taskinstance.py:1063} INFO - Executing <Task(BashOperator): first_task> on 2021-09-05T00:00:00+00:00
[2023-10-01 06:10:43,901] {standard_task_runner.py:52} INFO - Started process 4429 to run task
[2023-10-01 06:10:43,948] {standard_task_runner.py:76} INFO - Running: ['airflow', 'tasks', 'run', 'our_fourth_dag_v4', 'first_task', '2021-09-05T00:00:00+00:00', '--job-id', '535', '--pool', 'default_pool', '--raw', '--subdir', 'DAGS_FOLDER/our_fourth_dag.py', '--cfg-path', '/tmp/tmp6y62e6bn', '--error-file', '/tmp/tmpsc7izmc5']
[2023-10-01 06:10:44,014] {standard_task_runner.py:77} INFO - Job 535: Subtask first_task
[2023-10-01 06:10:44,475] {logging_mixin.py:104} INFO - Running <TaskInstance: our_fourth_dag_v4.first_task 2021-09-05T00:00:00+00:00 [running]> on host d4ed655215d1
[2023-10-01 06:10:44,876] {taskinstance.py:1257} INFO - Exporting the following env vars:
AIRFLOW_CTX_DAG_OWNER=svastikkka
AIRFLOW_CTX_DAG_ID=our_fourth_dag_v4
AIRFLOW_CTX_TASK_ID=first_task
AIRFLOW_CTX_EXECUTION_DATE=2021-09-05T00:00:00+00:00
AIRFLOW_CTX_DAG_RUN_ID=scheduled__2021-09-05T00:00:00+00:00
[2023-10-01 06:10:44,881] {bash.py:135} INFO - Tmp dir root location: 
 /tmp
[2023-10-01 06:10:44,889] {bash.py:158} INFO - Running command: echo hello world, this is the first task!
[2023-10-01 06:10:45,072] {bash.py:169} INFO - Output:
[2023-10-01 06:10:45,102] {bash.py:173} INFO - hello world, this is the first task!
[2023-10-01 06:10:45,113] {bash.py:177} INFO - Command exited with return code 0
[2023-10-01 06:10:45,376] {taskinstance.py:1166} INFO - Marking task as SUCCESS. dag_id=our_fourth_dag_v4, task_id=first_task, execution_date=20210905T000000, start_date=20231001T061043, end_date=20231001T061045
[2023-10-01 06:10:46,928] {taskinstance.py:1220} INFO - 0 downstream tasks scheduled from follow-on schedule check
[2023-10-01 06:10:47,140] {local_task_job.py:146} INFO - Task exited with return code 0
