[2023-10-01 05:59:02,285] {taskinstance.py:851} INFO - Dependencies all met for <TaskInstance: our_third_dag_v3.first_task 2021-09-14T00:00:00+00:00 [queued]>
[2023-10-01 05:59:03,030] {taskinstance.py:851} INFO - Dependencies all met for <TaskInstance: our_third_dag_v3.first_task 2021-09-14T00:00:00+00:00 [queued]>
[2023-10-01 05:59:03,042] {taskinstance.py:1042} INFO - 
--------------------------------------------------------------------------------
[2023-10-01 05:59:03,049] {taskinstance.py:1043} INFO - Starting attempt 1 of 6
[2023-10-01 05:59:03,080] {taskinstance.py:1044} INFO - 
--------------------------------------------------------------------------------
[2023-10-01 05:59:03,717] {taskinstance.py:1063} INFO - Executing <Task(BashOperator): first_task> on 2021-09-14T00:00:00+00:00
[2023-10-01 05:59:03,886] {standard_task_runner.py:52} INFO - Started process 2917 to run task
[2023-10-01 05:59:08,410] {standard_task_runner.py:76} INFO - Running: ['airflow', 'tasks', 'run', 'our_third_dag_v3', 'first_task', '2021-09-14T00:00:00+00:00', '--job-id', '284', '--pool', 'default_pool', '--raw', '--subdir', 'DAGS_FOLDER/our_third_dag.py', '--cfg-path', '/tmp/tmp3vbcag72', '--error-file', '/tmp/tmppema0x8f']
[2023-10-01 05:59:10,534] {standard_task_runner.py:77} INFO - Job 284: Subtask first_task
[2023-10-01 05:59:12,254] {logging_mixin.py:104} INFO - Running <TaskInstance: our_third_dag_v3.first_task 2021-09-14T00:00:00+00:00 [running]> on host d4ed655215d1
[2023-10-01 05:59:14,349] {taskinstance.py:1257} INFO - Exporting the following env vars:
AIRFLOW_CTX_DAG_OWNER=coder2j
AIRFLOW_CTX_DAG_ID=our_third_dag_v3
AIRFLOW_CTX_TASK_ID=first_task
AIRFLOW_CTX_EXECUTION_DATE=2021-09-14T00:00:00+00:00
AIRFLOW_CTX_DAG_RUN_ID=scheduled__2021-09-14T00:00:00+00:00
[2023-10-01 05:59:14,353] {bash.py:135} INFO - Tmp dir root location: 
 /tmp
[2023-10-01 05:59:14,429] {bash.py:158} INFO - Running command: echo hello world, this is the first task!
[2023-10-01 05:59:15,065] {bash.py:169} INFO - Output:
[2023-10-01 05:59:15,079] {bash.py:173} INFO - hello world, this is the first task!
[2023-10-01 05:59:15,115] {bash.py:177} INFO - Command exited with return code 0
[2023-10-01 05:59:16,099] {taskinstance.py:1166} INFO - Marking task as SUCCESS. dag_id=our_third_dag_v3, task_id=first_task, execution_date=20210914T000000, start_date=20231001T055902, end_date=20231001T055916
[2023-10-01 05:59:16,574] {local_task_job.py:188} WARNING - State of this instance has been externally set to success. Terminating instance.
[2023-10-01 05:59:16,669] {process_utils.py:100} INFO - Sending Signals.SIGTERM to GPID 2917
[2023-10-01 05:59:16,677] {taskinstance.py:1239} ERROR - Received SIGTERM. Terminating subprocesses.
[2023-10-01 05:59:16,683] {bash.py:185} INFO - Sending SIGTERM signal to bash process group
[2023-10-01 05:59:16,753] {process_utils.py:66} INFO - Process psutil.Process(pid=2917, status='terminated', exitcode=1, started='05:59:03') (2917) terminated with exit code 1
