[2023-10-01 07:51:32,254] {taskinstance.py:851} INFO - Dependencies all met for <TaskInstance: our_seventh_dag_v7.get_name 2022-09-01T00:00:00+00:00 [queued]>
[2023-10-01 07:51:32,433] {taskinstance.py:851} INFO - Dependencies all met for <TaskInstance: our_seventh_dag_v7.get_name 2022-09-01T00:00:00+00:00 [queued]>
[2023-10-01 07:51:32,436] {taskinstance.py:1042} INFO - 
--------------------------------------------------------------------------------
[2023-10-01 07:51:32,440] {taskinstance.py:1043} INFO - Starting attempt 1 of 6
[2023-10-01 07:51:32,444] {taskinstance.py:1044} INFO - 
--------------------------------------------------------------------------------
[2023-10-01 07:51:32,526] {taskinstance.py:1063} INFO - Executing <Task(PythonOperator): get_name> on 2022-09-01T00:00:00+00:00
[2023-10-01 07:51:32,557] {standard_task_runner.py:52} INFO - Started process 22190 to run task
[2023-10-01 07:51:32,620] {standard_task_runner.py:76} INFO - Running: ['airflow', 'tasks', 'run', 'our_seventh_dag_v7', 'get_name', '2022-09-01T00:00:00+00:00', '--job-id', '2129', '--pool', 'default_pool', '--raw', '--subdir', 'DAGS_FOLDER/our_seventh_dag.py', '--cfg-path', '/tmp/tmp17onm3bn', '--error-file', '/tmp/tmprj0iwtoo']
[2023-10-01 07:51:32,661] {standard_task_runner.py:77} INFO - Job 2129: Subtask get_name
[2023-10-01 07:51:33,470] {logging_mixin.py:104} INFO - Running <TaskInstance: our_seventh_dag_v7.get_name 2022-09-01T00:00:00+00:00 [running]> on host d4ed655215d1
[2023-10-01 07:51:34,099] {taskinstance.py:1257} INFO - Exporting the following env vars:
AIRFLOW_CTX_DAG_OWNER=svastikkka
AIRFLOW_CTX_DAG_ID=our_seventh_dag_v7
AIRFLOW_CTX_TASK_ID=get_name
AIRFLOW_CTX_EXECUTION_DATE=2022-09-01T00:00:00+00:00
AIRFLOW_CTX_DAG_RUN_ID=scheduled__2022-09-01T00:00:00+00:00
[2023-10-01 07:51:34,344] {python.py:118} INFO - Done. Returned value was: None
[2023-10-01 07:51:34,422] {taskinstance.py:1166} INFO - Marking task as SUCCESS. dag_id=our_seventh_dag_v7, task_id=get_name, execution_date=20220901T000000, start_date=20231001T075132, end_date=20231001T075134
[2023-10-01 07:51:35,319] {taskinstance.py:1220} INFO - 0 downstream tasks scheduled from follow-on schedule check
[2023-10-01 07:51:35,427] {local_task_job.py:146} INFO - Task exited with return code 0
