[2023-10-01 05:53:51,680] {taskinstance.py:851} INFO - Dependencies all met for <TaskInstance: our_third_dag_v3.first_task 2021-08-11T00:00:00+00:00 [queued]>
[2023-10-01 05:53:52,334] {taskinstance.py:851} INFO - Dependencies all met for <TaskInstance: our_third_dag_v3.first_task 2021-08-11T00:00:00+00:00 [queued]>
[2023-10-01 05:53:52,336] {taskinstance.py:1042} INFO - 
--------------------------------------------------------------------------------
[2023-10-01 05:53:52,338] {taskinstance.py:1043} INFO - Starting attempt 1 of 6
[2023-10-01 05:53:52,344] {taskinstance.py:1044} INFO - 
--------------------------------------------------------------------------------
[2023-10-01 05:53:52,656] {taskinstance.py:1063} INFO - Executing <Task(BashOperator): first_task> on 2021-08-11T00:00:00+00:00
[2023-10-01 05:53:53,044] {standard_task_runner.py:52} INFO - Started process 2374 to run task
[2023-10-01 05:53:53,681] {standard_task_runner.py:76} INFO - Running: ['airflow', 'tasks', 'run', 'our_third_dag_v3', 'first_task', '2021-08-11T00:00:00+00:00', '--job-id', '182', '--pool', 'default_pool', '--raw', '--subdir', 'DAGS_FOLDER/our_third_dag.py', '--cfg-path', '/tmp/tmpntcti11u', '--error-file', '/tmp/tmpqmwq89g6']
[2023-10-01 05:53:53,939] {standard_task_runner.py:77} INFO - Job 182: Subtask first_task
[2023-10-01 05:53:55,820] {logging_mixin.py:104} INFO - Running <TaskInstance: our_third_dag_v3.first_task 2021-08-11T00:00:00+00:00 [running]> on host d4ed655215d1
[2023-10-01 05:54:02,044] {taskinstance.py:1257} INFO - Exporting the following env vars:
AIRFLOW_CTX_DAG_OWNER=coder2j
AIRFLOW_CTX_DAG_ID=our_third_dag_v3
AIRFLOW_CTX_TASK_ID=first_task
AIRFLOW_CTX_EXECUTION_DATE=2021-08-11T00:00:00+00:00
AIRFLOW_CTX_DAG_RUN_ID=scheduled__2021-08-11T00:00:00+00:00
[2023-10-01 05:54:02,557] {bash.py:135} INFO - Tmp dir root location: 
 /tmp
[2023-10-01 05:54:02,733] {bash.py:158} INFO - Running command: echo hello world, this is the first task!
[2023-10-01 05:54:04,279] {bash.py:169} INFO - Output:
[2023-10-01 05:54:04,340] {bash.py:173} INFO - hello world, this is the first task!
[2023-10-01 05:54:04,394] {bash.py:177} INFO - Command exited with return code 0
[2023-10-01 05:54:11,810] {taskinstance.py:1166} INFO - Marking task as SUCCESS. dag_id=our_third_dag_v3, task_id=first_task, execution_date=20210811T000000, start_date=20231001T055351, end_date=20231001T055411
[2023-10-01 05:54:23,432] {local_task_job.py:188} WARNING - State of this instance has been externally set to success. Terminating instance.
[2023-10-01 05:54:24,556] {process_utils.py:100} INFO - Sending Signals.SIGTERM to GPID 2374
[2023-10-01 05:54:27,486] {taskinstance.py:1239} ERROR - Received SIGTERM. Terminating subprocesses.
[2023-10-01 05:54:27,566] {bash.py:185} INFO - Sending SIGTERM signal to bash process group
[2023-10-01 05:54:30,885] {process_utils.py:66} INFO - Process psutil.Process(pid=2374, status='terminated', exitcode=1, started='05:53:52') (2374) terminated with exit code 1
