[2023-10-01 05:00:22,881] {taskinstance.py:851} INFO - Dependencies all met for <TaskInstance: our_first_dag_v5.first_task 2021-10-17T00:00:00+00:00 [queued]>
[2023-10-01 05:00:22,999] {taskinstance.py:851} INFO - Dependencies all met for <TaskInstance: our_first_dag_v5.first_task 2021-10-17T00:00:00+00:00 [queued]>
[2023-10-01 05:00:23,002] {taskinstance.py:1042} INFO - 
--------------------------------------------------------------------------------
[2023-10-01 05:00:23,004] {taskinstance.py:1043} INFO - Starting attempt 1 of 6
[2023-10-01 05:00:23,010] {taskinstance.py:1044} INFO - 
--------------------------------------------------------------------------------
[2023-10-01 05:00:23,082] {taskinstance.py:1063} INFO - Executing <Task(BashOperator): first_task> on 2021-10-17T00:00:00+00:00
[2023-10-01 05:00:23,098] {standard_task_runner.py:52} INFO - Started process 931 to run task
[2023-10-01 05:00:23,121] {standard_task_runner.py:76} INFO - Running: ['airflow', 'tasks', 'run', 'our_first_dag_v5', 'first_task', '2021-10-17T00:00:00+00:00', '--job-id', '89', '--pool', 'default_pool', '--raw', '--subdir', 'DAGS_FOLDER/our_first_dag.py', '--cfg-path', '/tmp/tmpev6959cw', '--error-file', '/tmp/tmpqih7fftv']
[2023-10-01 05:00:23,128] {standard_task_runner.py:77} INFO - Job 89: Subtask first_task
[2023-10-01 05:00:23,278] {logging_mixin.py:104} INFO - Running <TaskInstance: our_first_dag_v5.first_task 2021-10-17T00:00:00+00:00 [running]> on host c25e1f8124bc
[2023-10-01 05:00:23,500] {taskinstance.py:1257} INFO - Exporting the following env vars:
AIRFLOW_CTX_DAG_OWNER=coder2j
AIRFLOW_CTX_DAG_ID=our_first_dag_v5
AIRFLOW_CTX_TASK_ID=first_task
AIRFLOW_CTX_EXECUTION_DATE=2021-10-17T00:00:00+00:00
AIRFLOW_CTX_DAG_RUN_ID=scheduled__2021-10-17T00:00:00+00:00
[2023-10-01 05:00:23,503] {bash.py:135} INFO - Tmp dir root location: 
 /tmp
[2023-10-01 05:00:23,512] {bash.py:158} INFO - Running command: echo hello world, this is the first task!
[2023-10-01 05:00:23,559] {bash.py:169} INFO - Output:
[2023-10-01 05:00:23,567] {bash.py:173} INFO - hello world, this is the first task!
[2023-10-01 05:00:23,571] {bash.py:177} INFO - Command exited with return code 0
[2023-10-01 05:00:23,695] {taskinstance.py:1166} INFO - Marking task as SUCCESS. dag_id=our_first_dag_v5, task_id=first_task, execution_date=20211017T000000, start_date=20231001T050022, end_date=20231001T050023
[2023-10-01 05:00:23,828] {taskinstance.py:1220} INFO - 0 downstream tasks scheduled from follow-on schedule check
[2023-10-01 05:00:23,867] {local_task_job.py:146} INFO - Task exited with return code 0
