[2023-10-01 08:03:16,449] {taskinstance.py:851} INFO - Dependencies all met for <TaskInstance: our_eight_dag_v8.get_age 2021-07-30T00:00:00+00:00 [queued]>
[2023-10-01 08:03:17,151] {taskinstance.py:851} INFO - Dependencies all met for <TaskInstance: our_eight_dag_v8.get_age 2021-07-30T00:00:00+00:00 [queued]>
[2023-10-01 08:03:17,214] {taskinstance.py:1042} INFO - 
--------------------------------------------------------------------------------
[2023-10-01 08:03:17,353] {taskinstance.py:1043} INFO - Starting attempt 1 of 6
[2023-10-01 08:03:17,359] {taskinstance.py:1044} INFO - 
--------------------------------------------------------------------------------
[2023-10-01 08:03:19,209] {taskinstance.py:1063} INFO - Executing <Task(PythonOperator): get_age> on 2021-07-30T00:00:00+00:00
[2023-10-01 08:03:19,732] {standard_task_runner.py:52} INFO - Started process 24650 to run task
[2023-10-01 08:03:20,039] {standard_task_runner.py:76} INFO - Running: ['airflow', 'tasks', 'run', 'our_eight_dag_v8', 'get_age', '2021-07-30T00:00:00+00:00', '--job-id', '2431', '--pool', 'default_pool', '--raw', '--subdir', 'DAGS_FOLDER/our_eight_dag.py', '--cfg-path', '/tmp/tmpkae9sadu', '--error-file', '/tmp/tmp6x_yjgia']
[2023-10-01 08:03:20,329] {standard_task_runner.py:77} INFO - Job 2431: Subtask get_age
[2023-10-01 08:04:32,488] {logging_mixin.py:104} INFO - Running <TaskInstance: our_eight_dag_v8.get_age 2021-07-30T00:00:00+00:00 [running]> on host d4ed655215d1
[2023-10-01 08:04:45,448] {taskinstance.py:1257} INFO - Exporting the following env vars:
AIRFLOW_CTX_DAG_OWNER=svastikkka
AIRFLOW_CTX_DAG_ID=our_eight_dag_v8
AIRFLOW_CTX_TASK_ID=get_age
AIRFLOW_CTX_EXECUTION_DATE=2021-07-30T00:00:00+00:00
AIRFLOW_CTX_DAG_RUN_ID=scheduled__2021-07-30T00:00:00+00:00
[2023-10-01 08:04:47,200] {python.py:118} INFO - Done. Returned value was: None
[2023-10-01 08:04:50,687] {taskinstance.py:1166} INFO - Marking task as SUCCESS. dag_id=our_eight_dag_v8, task_id=get_age, execution_date=20210730T000000, start_date=20231001T080316, end_date=20231001T080450
[2023-10-01 08:05:03,845] {local_task_job.py:188} WARNING - State of this instance has been externally set to success. Terminating instance.
[2023-10-01 08:05:10,182] {process_utils.py:100} INFO - Sending Signals.SIGTERM to GPID 24650
[2023-10-01 08:05:11,432] {taskinstance.py:1239} ERROR - Received SIGTERM. Terminating subprocesses.
[2023-10-01 08:05:26,529] {process_utils.py:66} INFO - Process psutil.Process(pid=24650, status='terminated', exitcode=1, started='08:03:18') (24650) terminated with exit code 1
