[2023-10-01 06:09:09,326] {taskinstance.py:851} INFO - Dependencies all met for <TaskInstance: our_fourth_dag_v4.second_task 2021-08-11T00:00:00+00:00 [queued]>
[2023-10-01 06:09:09,870] {taskinstance.py:851} INFO - Dependencies all met for <TaskInstance: our_fourth_dag_v4.second_task 2021-08-11T00:00:00+00:00 [queued]>
[2023-10-01 06:09:09,898] {taskinstance.py:1042} INFO - 
--------------------------------------------------------------------------------
[2023-10-01 06:09:09,899] {taskinstance.py:1043} INFO - Starting attempt 1 of 6
[2023-10-01 06:09:09,917] {taskinstance.py:1044} INFO - 
--------------------------------------------------------------------------------
[2023-10-01 06:09:10,127] {taskinstance.py:1063} INFO - Executing <Task(BashOperator): second_task> on 2021-08-11T00:00:00+00:00
[2023-10-01 06:09:10,194] {standard_task_runner.py:52} INFO - Started process 4118 to run task
[2023-10-01 06:09:10,256] {standard_task_runner.py:76} INFO - Running: ['airflow', 'tasks', 'run', 'our_fourth_dag_v4', 'second_task', '2021-08-11T00:00:00+00:00', '--job-id', '473', '--pool', 'default_pool', '--raw', '--subdir', 'DAGS_FOLDER/our_fourth_dag.py', '--cfg-path', '/tmp/tmpotyfgi6q', '--error-file', '/tmp/tmpi5mq04tj']
[2023-10-01 06:09:10,318] {standard_task_runner.py:77} INFO - Job 473: Subtask second_task
[2023-10-01 06:09:12,299] {logging_mixin.py:104} INFO - Running <TaskInstance: our_fourth_dag_v4.second_task 2021-08-11T00:00:00+00:00 [running]> on host d4ed655215d1
[2023-10-01 06:09:14,093] {taskinstance.py:1257} INFO - Exporting the following env vars:
AIRFLOW_CTX_DAG_OWNER=svastikkka
AIRFLOW_CTX_DAG_ID=our_fourth_dag_v4
AIRFLOW_CTX_TASK_ID=second_task
AIRFLOW_CTX_EXECUTION_DATE=2021-08-11T00:00:00+00:00
AIRFLOW_CTX_DAG_RUN_ID=scheduled__2021-08-11T00:00:00+00:00
[2023-10-01 06:09:14,096] {bash.py:135} INFO - Tmp dir root location: 
 /tmp
[2023-10-01 06:09:14,099] {bash.py:158} INFO - Running command: echo hey, I am task2 and will be running after task1!
[2023-10-01 06:09:14,313] {bash.py:169} INFO - Output:
[2023-10-01 06:09:14,324] {bash.py:173} INFO - hey, I am task2 and will be running after task1!
[2023-10-01 06:09:14,327] {bash.py:177} INFO - Command exited with return code 0
[2023-10-01 06:09:14,676] {taskinstance.py:1166} INFO - Marking task as SUCCESS. dag_id=our_fourth_dag_v4, task_id=second_task, execution_date=20210811T000000, start_date=20231001T060909, end_date=20231001T060914
[2023-10-01 06:09:15,150] {taskinstance.py:1220} INFO - 0 downstream tasks scheduled from follow-on schedule check
[2023-10-01 06:09:16,168] {local_task_job.py:188} WARNING - State of this instance has been externally set to success. Terminating instance.
[2023-10-01 06:09:16,545] {process_utils.py:100} INFO - Sending Signals.SIGTERM to GPID 4118
[2023-10-01 06:09:16,998] {process_utils.py:66} INFO - Process psutil.Process(pid=4118, status='terminated', exitcode=0, started='06:09:09') (4118) terminated with exit code 0
