[2023-10-01 06:07:04,915] {taskinstance.py:851} INFO - Dependencies all met for <TaskInstance: our_fourth_dag_v4.first_task 2021-08-07T00:00:00+00:00 [queued]>
[2023-10-01 06:07:05,206] {taskinstance.py:851} INFO - Dependencies all met for <TaskInstance: our_fourth_dag_v4.first_task 2021-08-07T00:00:00+00:00 [queued]>
[2023-10-01 06:07:05,230] {taskinstance.py:1042} INFO - 
--------------------------------------------------------------------------------
[2023-10-01 06:07:05,234] {taskinstance.py:1043} INFO - Starting attempt 1 of 6
[2023-10-01 06:07:05,239] {taskinstance.py:1044} INFO - 
--------------------------------------------------------------------------------
[2023-10-01 06:07:05,500] {taskinstance.py:1063} INFO - Executing <Task(BashOperator): first_task> on 2021-08-07T00:00:00+00:00
[2023-10-01 06:07:05,627] {standard_task_runner.py:52} INFO - Started process 3931 to run task
[2023-10-01 06:07:05,719] {standard_task_runner.py:76} INFO - Running: ['airflow', 'tasks', 'run', 'our_fourth_dag_v4', 'first_task', '2021-08-07T00:00:00+00:00', '--job-id', '442', '--pool', 'default_pool', '--raw', '--subdir', 'DAGS_FOLDER/our_fourth_dag.py', '--cfg-path', '/tmp/tmpd8kjc4nh', '--error-file', '/tmp/tmp3f4kwyjo']
[2023-10-01 06:07:05,916] {standard_task_runner.py:77} INFO - Job 442: Subtask first_task
[2023-10-01 06:07:07,938] {logging_mixin.py:104} INFO - Running <TaskInstance: our_fourth_dag_v4.first_task 2021-08-07T00:00:00+00:00 [running]> on host d4ed655215d1
[2023-10-01 06:07:21,262] {taskinstance.py:1257} INFO - Exporting the following env vars:
AIRFLOW_CTX_DAG_OWNER=svastikkka
AIRFLOW_CTX_DAG_ID=our_fourth_dag_v4
AIRFLOW_CTX_TASK_ID=first_task
AIRFLOW_CTX_EXECUTION_DATE=2021-08-07T00:00:00+00:00
AIRFLOW_CTX_DAG_RUN_ID=scheduled__2021-08-07T00:00:00+00:00
[2023-10-01 06:07:21,767] {bash.py:135} INFO - Tmp dir root location: 
 /tmp
[2023-10-01 06:07:21,905] {bash.py:158} INFO - Running command: echo hello world, this is the first task!
[2023-10-01 06:07:23,040] {bash.py:169} INFO - Output:
[2023-10-01 06:07:23,163] {bash.py:173} INFO - hello world, this is the first task!
[2023-10-01 06:07:23,197] {bash.py:177} INFO - Command exited with return code 0
[2023-10-01 06:07:46,274] {taskinstance.py:1166} INFO - Marking task as SUCCESS. dag_id=our_fourth_dag_v4, task_id=first_task, execution_date=20210807T000000, start_date=20231001T060704, end_date=20231001T060746
[2023-10-01 06:07:59,608] {taskinstance.py:1220} INFO - 2 downstream tasks scheduled from follow-on schedule check
[2023-10-01 06:08:00,498] {local_task_job.py:188} WARNING - State of this instance has been externally set to success. Terminating instance.
[2023-10-01 06:08:01,175] {process_utils.py:100} INFO - Sending Signals.SIGTERM to GPID 3931
[2023-10-01 06:08:01,222] {process_utils.py:66} INFO - Process psutil.Process(pid=3931, status='terminated', exitcode=0, started='06:07:05') (3931) terminated with exit code 0
