[2023-10-01 05:06:01,292] {taskinstance.py:851} INFO - Dependencies all met for <TaskInstance: our_first_dag_v1.first_task 2022-01-15T00:00:00+00:00 [queued]>
[2023-10-01 05:06:01,410] {taskinstance.py:851} INFO - Dependencies all met for <TaskInstance: our_first_dag_v1.first_task 2022-01-15T00:00:00+00:00 [queued]>
[2023-10-01 05:06:01,411] {taskinstance.py:1042} INFO - 
--------------------------------------------------------------------------------
[2023-10-01 05:06:01,413] {taskinstance.py:1043} INFO - Starting attempt 1 of 6
[2023-10-01 05:06:01,418] {taskinstance.py:1044} INFO - 
--------------------------------------------------------------------------------
[2023-10-01 05:06:01,503] {taskinstance.py:1063} INFO - Executing <Task(BashOperator): first_task> on 2022-01-15T00:00:00+00:00
[2023-10-01 05:06:01,572] {standard_task_runner.py:52} INFO - Started process 1592 to run task
[2023-10-01 05:06:01,657] {standard_task_runner.py:76} INFO - Running: ['airflow', 'tasks', 'run', 'our_first_dag_v1', 'first_task', '2022-01-15T00:00:00+00:00', '--job-id', '261', '--pool', 'default_pool', '--raw', '--subdir', 'DAGS_FOLDER/our_first_dag.py', '--cfg-path', '/tmp/tmpt6pb8_6d', '--error-file', '/tmp/tmpxmummafs']
[2023-10-01 05:06:01,741] {standard_task_runner.py:77} INFO - Job 261: Subtask first_task
[2023-10-01 05:06:02,278] {logging_mixin.py:104} INFO - Running <TaskInstance: our_first_dag_v1.first_task 2022-01-15T00:00:00+00:00 [running]> on host c25e1f8124bc
[2023-10-01 05:06:02,705] {taskinstance.py:1257} INFO - Exporting the following env vars:
AIRFLOW_CTX_DAG_OWNER=coder2j
AIRFLOW_CTX_DAG_ID=our_first_dag_v1
AIRFLOW_CTX_TASK_ID=first_task
AIRFLOW_CTX_EXECUTION_DATE=2022-01-15T00:00:00+00:00
AIRFLOW_CTX_DAG_RUN_ID=scheduled__2022-01-15T00:00:00+00:00
[2023-10-01 05:06:02,709] {bash.py:135} INFO - Tmp dir root location: 
 /tmp
[2023-10-01 05:06:02,713] {bash.py:158} INFO - Running command: echo hello world, this is the first task!
[2023-10-01 05:06:02,774] {bash.py:169} INFO - Output:
[2023-10-01 05:06:02,795] {bash.py:173} INFO - hello world, this is the first task!
[2023-10-01 05:06:02,803] {bash.py:177} INFO - Command exited with return code 0
[2023-10-01 05:06:02,938] {taskinstance.py:1166} INFO - Marking task as SUCCESS. dag_id=our_first_dag_v1, task_id=first_task, execution_date=20220115T000000, start_date=20231001T050601, end_date=20231001T050602
[2023-10-01 05:06:03,099] {taskinstance.py:1220} INFO - 0 downstream tasks scheduled from follow-on schedule check
[2023-10-01 05:06:03,191] {local_task_job.py:146} INFO - Task exited with return code 0
