[2023-10-01 10:15:05,886] {taskinstance.py:851} INFO - Dependencies all met for <TaskInstance: postgres_v2.create_postgres_connection 2021-08-07T00:00:00+00:00 [queued]>
[2023-10-01 10:15:06,855] {taskinstance.py:851} INFO - Dependencies all met for <TaskInstance: postgres_v2.create_postgres_connection 2021-08-07T00:00:00+00:00 [queued]>
[2023-10-01 10:15:06,862] {taskinstance.py:1042} INFO - 
--------------------------------------------------------------------------------
[2023-10-01 10:15:06,874] {taskinstance.py:1043} INFO - Starting attempt 1 of 6
[2023-10-01 10:15:06,883] {taskinstance.py:1044} INFO - 
--------------------------------------------------------------------------------
[2023-10-01 10:15:08,020] {taskinstance.py:1063} INFO - Executing <Task(PostgresOperator): create_postgres_connection> on 2021-08-07T00:00:00+00:00
[2023-10-01 10:15:08,448] {standard_task_runner.py:52} INFO - Started process 47734 to run task
[2023-10-01 10:15:08,671] {standard_task_runner.py:76} INFO - Running: ['airflow', 'tasks', 'run', 'postgres_v2', 'create_postgres_connection', '2021-08-07T00:00:00+00:00', '--job-id', '2708', '--pool', 'default_pool', '--raw', '--subdir', 'DAGS_FOLDER/postgresql_example_2.py', '--cfg-path', '/tmp/tmphsai5uy6', '--error-file', '/tmp/tmp7bwfg0_1']
[2023-10-01 10:15:08,793] {standard_task_runner.py:77} INFO - Job 2708: Subtask create_postgres_connection
[2023-10-01 10:15:10,831] {logging_mixin.py:104} INFO - Running <TaskInstance: postgres_v2.create_postgres_connection 2021-08-07T00:00:00+00:00 [running]> on host d4ed655215d1
[2023-10-01 10:15:12,033] {taskinstance.py:1257} INFO - Exporting the following env vars:
AIRFLOW_CTX_DAG_OWNER=svastikkka
AIRFLOW_CTX_DAG_ID=postgres_v2
AIRFLOW_CTX_TASK_ID=create_postgres_connection
AIRFLOW_CTX_EXECUTION_DATE=2021-08-07T00:00:00+00:00
AIRFLOW_CTX_DAG_RUN_ID=scheduled__2021-08-07T00:00:00+00:00
[2023-10-01 10:15:12,047] {postgres.py:69} INFO - Executing: create table if not exists dags_run(
        dt  date,
        dag_id character varying,
        primary key (dt,dag_id)
        )
[2023-10-01 10:15:12,134] {base.py:74} INFO - Using connection to: id: posgres_testing. Host: host.docker.internal, Port: 5432, Schema: testing, Login: airflow, Password: XXXXXXXX, extra: None
[2023-10-01 10:15:12,841] {dbapi.py:180} INFO - Running statement: create table if not exists dags_run(
        dt  date,
        dag_id character varying,
        primary key (dt,dag_id)
        ), parameters: None
[2023-10-01 10:15:12,913] {dbapi.py:186} INFO - Rows affected: -1
[2023-10-01 10:15:12,952] {postgres.py:73} INFO - NOTICE:  relation "dags_run" already exists, skipping

[2023-10-01 10:15:13,192] {taskinstance.py:1166} INFO - Marking task as SUCCESS. dag_id=postgres_v2, task_id=create_postgres_connection, execution_date=20210807T000000, start_date=20231001T101506, end_date=20231001T101513
[2023-10-01 10:15:14,098] {local_task_job.py:188} WARNING - State of this instance has been externally set to success. Terminating instance.
[2023-10-01 10:15:14,479] {process_utils.py:100} INFO - Sending Signals.SIGTERM to GPID 47734
[2023-10-01 10:15:14,508] {taskinstance.py:1239} ERROR - Received SIGTERM. Terminating subprocesses.
[2023-10-01 10:15:14,880] {process_utils.py:66} INFO - Process psutil.Process(pid=47734, status='terminated', exitcode=1, started='10:15:07') (47734) terminated with exit code 1
