[2023-10-01 05:04:08,585] {taskinstance.py:851} INFO - Dependencies all met for <TaskInstance: our_first_dag_v1.first_task 2021-10-25T00:00:00+00:00 [queued]>
[2023-10-01 05:04:08,760] {taskinstance.py:851} INFO - Dependencies all met for <TaskInstance: our_first_dag_v1.first_task 2021-10-25T00:00:00+00:00 [queued]>
[2023-10-01 05:04:08,762] {taskinstance.py:1042} INFO - 
--------------------------------------------------------------------------------
[2023-10-01 05:04:08,769] {taskinstance.py:1043} INFO - Starting attempt 1 of 6
[2023-10-01 05:04:08,771] {taskinstance.py:1044} INFO - 
--------------------------------------------------------------------------------
[2023-10-01 05:04:08,935] {taskinstance.py:1063} INFO - Executing <Task(BashOperator): first_task> on 2021-10-25T00:00:00+00:00
[2023-10-01 05:04:08,967] {standard_task_runner.py:52} INFO - Started process 1297 to run task
[2023-10-01 05:04:09,013] {standard_task_runner.py:76} INFO - Running: ['airflow', 'tasks', 'run', 'our_first_dag_v1', 'first_task', '2021-10-25T00:00:00+00:00', '--job-id', '179', '--pool', 'default_pool', '--raw', '--subdir', 'DAGS_FOLDER/our_first_dag.py', '--cfg-path', '/tmp/tmp_5i04mn0', '--error-file', '/tmp/tmpjwziz33x']
[2023-10-01 05:04:09,041] {standard_task_runner.py:77} INFO - Job 179: Subtask first_task
[2023-10-01 05:04:09,635] {logging_mixin.py:104} INFO - Running <TaskInstance: our_first_dag_v1.first_task 2021-10-25T00:00:00+00:00 [running]> on host c25e1f8124bc
[2023-10-01 05:04:10,340] {taskinstance.py:1257} INFO - Exporting the following env vars:
AIRFLOW_CTX_DAG_OWNER=coder2j
AIRFLOW_CTX_DAG_ID=our_first_dag_v1
AIRFLOW_CTX_TASK_ID=first_task
AIRFLOW_CTX_EXECUTION_DATE=2021-10-25T00:00:00+00:00
AIRFLOW_CTX_DAG_RUN_ID=scheduled__2021-10-25T00:00:00+00:00
[2023-10-01 05:04:10,342] {bash.py:135} INFO - Tmp dir root location: 
 /tmp
[2023-10-01 05:04:10,346] {bash.py:158} INFO - Running command: echo hello world, this is the first task!
[2023-10-01 05:04:10,456] {bash.py:169} INFO - Output:
[2023-10-01 05:04:10,485] {bash.py:173} INFO - hello world, this is the first task!
[2023-10-01 05:04:10,498] {bash.py:177} INFO - Command exited with return code 0
[2023-10-01 05:04:10,630] {taskinstance.py:1166} INFO - Marking task as SUCCESS. dag_id=our_first_dag_v1, task_id=first_task, execution_date=20211025T000000, start_date=20231001T050408, end_date=20231001T050410
[2023-10-01 05:04:11,426] {taskinstance.py:1220} INFO - 0 downstream tasks scheduled from follow-on schedule check
[2023-10-01 05:04:11,654] {local_task_job.py:146} INFO - Task exited with return code 0
[2023-10-01 05:20:14,130] {taskinstance.py:851} INFO - Dependencies all met for <TaskInstance: our_first_dag_v1.first_task 2021-10-25T00:00:00+00:00 [queued]>
[2023-10-01 05:20:14,290] {taskinstance.py:851} INFO - Dependencies all met for <TaskInstance: our_first_dag_v1.first_task 2021-10-25T00:00:00+00:00 [queued]>
[2023-10-01 05:20:14,292] {taskinstance.py:1042} INFO - 
--------------------------------------------------------------------------------
[2023-10-01 05:20:14,295] {taskinstance.py:1043} INFO - Starting attempt 1 of 6
[2023-10-01 05:20:14,298] {taskinstance.py:1044} INFO - 
--------------------------------------------------------------------------------
[2023-10-01 05:20:14,367] {taskinstance.py:1063} INFO - Executing <Task(BashOperator): first_task> on 2021-10-25T00:00:00+00:00
[2023-10-01 05:20:14,408] {standard_task_runner.py:52} INFO - Started process 526 to run task
[2023-10-01 05:20:14,465] {standard_task_runner.py:76} INFO - Running: ['airflow', 'tasks', 'run', 'our_first_dag_v1', 'first_task', '2021-10-25T00:00:00+00:00', '--job-id', '89', '--pool', 'default_pool', '--raw', '--subdir', 'DAGS_FOLDER/our_first_dag.py', '--cfg-path', '/tmp/tmpm2nzfm0z', '--error-file', '/tmp/tmpq7azi2_3']
[2023-10-01 05:20:14,511] {standard_task_runner.py:77} INFO - Job 89: Subtask first_task
[2023-10-01 05:20:14,925] {logging_mixin.py:104} INFO - Running <TaskInstance: our_first_dag_v1.first_task 2021-10-25T00:00:00+00:00 [running]> on host d4ed655215d1
[2023-10-01 05:20:15,409] {taskinstance.py:1257} INFO - Exporting the following env vars:
AIRFLOW_CTX_DAG_OWNER=coder2j
AIRFLOW_CTX_DAG_ID=our_first_dag_v1
AIRFLOW_CTX_TASK_ID=first_task
AIRFLOW_CTX_EXECUTION_DATE=2021-10-25T00:00:00+00:00
AIRFLOW_CTX_DAG_RUN_ID=scheduled__2021-10-25T00:00:00+00:00
[2023-10-01 05:20:15,462] {bash.py:135} INFO - Tmp dir root location: 
 /tmp
[2023-10-01 05:20:15,482] {bash.py:158} INFO - Running command: echo hello world, this is the first task!
[2023-10-01 05:20:15,569] {bash.py:169} INFO - Output:
[2023-10-01 05:20:15,585] {bash.py:173} INFO - hello world, this is the first task!
[2023-10-01 05:20:15,591] {bash.py:177} INFO - Command exited with return code 0
[2023-10-01 05:20:15,837] {taskinstance.py:1166} INFO - Marking task as SUCCESS. dag_id=our_first_dag_v1, task_id=first_task, execution_date=20211025T000000, start_date=20231001T052014, end_date=20231001T052015
[2023-10-01 05:20:16,064] {taskinstance.py:1220} INFO - 0 downstream tasks scheduled from follow-on schedule check
[2023-10-01 05:20:16,170] {local_task_job.py:146} INFO - Task exited with return code 0
