[2023-10-01 17:28:34,060] {taskinstance.py:851} INFO - Dependencies all met for <TaskInstance: backup_postgres.print_current_path 2023-10-01T17:28:28.396518+00:00 [queued]>
[2023-10-01 17:28:34,178] {taskinstance.py:851} INFO - Dependencies all met for <TaskInstance: backup_postgres.print_current_path 2023-10-01T17:28:28.396518+00:00 [queued]>
[2023-10-01 17:28:34,186] {taskinstance.py:1042} INFO - 
--------------------------------------------------------------------------------
[2023-10-01 17:28:34,190] {taskinstance.py:1043} INFO - Starting attempt 1 of 6
[2023-10-01 17:28:34,192] {taskinstance.py:1044} INFO - 
--------------------------------------------------------------------------------
[2023-10-01 17:28:34,242] {taskinstance.py:1063} INFO - Executing <Task(BashOperator): print_current_path> on 2023-10-01T17:28:28.396518+00:00
[2023-10-01 17:28:34,273] {standard_task_runner.py:52} INFO - Started process 4039 to run task
[2023-10-01 17:28:34,300] {standard_task_runner.py:76} INFO - Running: ['airflow', 'tasks', 'run', 'backup_postgres', 'print_current_path', '2023-10-01T17:28:28.396518+00:00', '--job-id', '10', '--pool', 'default_pool', '--raw', '--subdir', 'DAGS_FOLDER/backup_postgres.py', '--cfg-path', '/tmp/tmphs8pip7t', '--error-file', '/tmp/tmpt85pl7uy']
[2023-10-01 17:28:34,321] {standard_task_runner.py:77} INFO - Job 10: Subtask print_current_path
[2023-10-01 17:28:34,621] {logging_mixin.py:104} INFO - Running <TaskInstance: backup_postgres.print_current_path 2023-10-01T17:28:28.396518+00:00 [running]> on host c1a95d6e7033
[2023-10-01 17:28:34,954] {taskinstance.py:1257} INFO - Exporting the following env vars:
AIRFLOW_CTX_DAG_OWNER=svastikkka
AIRFLOW_CTX_DAG_ID=backup_postgres
AIRFLOW_CTX_TASK_ID=print_current_path
AIRFLOW_CTX_EXECUTION_DATE=2023-10-01T17:28:28.396518+00:00
AIRFLOW_CTX_DAG_RUN_ID=manual__2023-10-01T17:28:28.396518+00:00
[2023-10-01 17:28:34,960] {bash.py:135} INFO - Tmp dir root location: 
 /tmp
[2023-10-01 17:28:34,988] {bash.py:158} INFO - Running command: pwd
[2023-10-01 17:28:35,113] {bash.py:169} INFO - Output:
[2023-10-01 17:28:35,133] {bash.py:173} INFO - /tmp/airflowtmpebv40jmb
[2023-10-01 17:28:35,139] {bash.py:177} INFO - Command exited with return code 0
[2023-10-01 17:28:35,403] {taskinstance.py:1166} INFO - Marking task as SUCCESS. dag_id=backup_postgres, task_id=print_current_path, execution_date=20231001T172828, start_date=20231001T172834, end_date=20231001T172835
[2023-10-01 17:28:35,617] {taskinstance.py:1220} INFO - 0 downstream tasks scheduled from follow-on schedule check
[2023-10-01 17:28:35,640] {local_task_job.py:146} INFO - Task exited with return code 0
