[2023-10-01 06:19:41,318] {taskinstance.py:851} INFO - Dependencies all met for <TaskInstance: our_fourth_dag_v4.first_task 2022-01-08T00:00:00+00:00 [queued]>
[2023-10-01 06:19:41,689] {taskinstance.py:851} INFO - Dependencies all met for <TaskInstance: our_fourth_dag_v4.first_task 2022-01-08T00:00:00+00:00 [queued]>
[2023-10-01 06:19:41,699] {taskinstance.py:1042} INFO - 
--------------------------------------------------------------------------------
[2023-10-01 06:19:41,708] {taskinstance.py:1043} INFO - Starting attempt 1 of 6
[2023-10-01 06:19:41,713] {taskinstance.py:1044} INFO - 
--------------------------------------------------------------------------------
[2023-10-01 06:19:41,932] {taskinstance.py:1063} INFO - Executing <Task(BashOperator): first_task> on 2022-01-08T00:00:00+00:00
[2023-10-01 06:19:42,005] {standard_task_runner.py:52} INFO - Started process 6290 to run task
[2023-10-01 06:19:42,154] {standard_task_runner.py:76} INFO - Running: ['airflow', 'tasks', 'run', 'our_fourth_dag_v4', 'first_task', '2022-01-08T00:00:00+00:00', '--job-id', '912', '--pool', 'default_pool', '--raw', '--subdir', 'DAGS_FOLDER/our_fourth_dag.py', '--cfg-path', '/tmp/tmp6plwyzcu', '--error-file', '/tmp/tmppp1u7kwj']
[2023-10-01 06:19:42,239] {standard_task_runner.py:77} INFO - Job 912: Subtask first_task
[2023-10-01 06:19:42,690] {logging_mixin.py:104} INFO - Running <TaskInstance: our_fourth_dag_v4.first_task 2022-01-08T00:00:00+00:00 [running]> on host d4ed655215d1
[2023-10-01 06:19:43,034] {taskinstance.py:1257} INFO - Exporting the following env vars:
AIRFLOW_CTX_DAG_OWNER=svastikkka
AIRFLOW_CTX_DAG_ID=our_fourth_dag_v4
AIRFLOW_CTX_TASK_ID=first_task
AIRFLOW_CTX_EXECUTION_DATE=2022-01-08T00:00:00+00:00
AIRFLOW_CTX_DAG_RUN_ID=scheduled__2022-01-08T00:00:00+00:00
[2023-10-01 06:19:43,040] {bash.py:135} INFO - Tmp dir root location: 
 /tmp
[2023-10-01 06:19:43,057] {bash.py:158} INFO - Running command: echo hello world, this is the first task!
[2023-10-01 06:19:43,209] {bash.py:169} INFO - Output:
[2023-10-01 06:19:43,218] {bash.py:173} INFO - hello world, this is the first task!
[2023-10-01 06:19:43,220] {bash.py:177} INFO - Command exited with return code 0
[2023-10-01 06:19:43,500] {taskinstance.py:1166} INFO - Marking task as SUCCESS. dag_id=our_fourth_dag_v4, task_id=first_task, execution_date=20220108T000000, start_date=20231001T061941, end_date=20231001T061943
[2023-10-01 06:19:43,940] {taskinstance.py:1220} INFO - 2 downstream tasks scheduled from follow-on schedule check
[2023-10-01 06:19:44,075] {local_task_job.py:146} INFO - Task exited with return code 0
