[2023-10-01 06:11:37,322] {taskinstance.py:851} INFO - Dependencies all met for <TaskInstance: our_fourth_dag_v4.first_task 2021-09-21T00:00:00+00:00 [queued]>
[2023-10-01 06:11:37,686] {taskinstance.py:851} INFO - Dependencies all met for <TaskInstance: our_fourth_dag_v4.first_task 2021-09-21T00:00:00+00:00 [queued]>
[2023-10-01 06:11:37,688] {taskinstance.py:1042} INFO - 
--------------------------------------------------------------------------------
[2023-10-01 06:11:37,691] {taskinstance.py:1043} INFO - Starting attempt 1 of 6
[2023-10-01 06:11:37,697] {taskinstance.py:1044} INFO - 
--------------------------------------------------------------------------------
[2023-10-01 06:11:38,105] {taskinstance.py:1063} INFO - Executing <Task(BashOperator): first_task> on 2021-09-21T00:00:00+00:00
[2023-10-01 06:11:38,171] {standard_task_runner.py:52} INFO - Started process 4658 to run task
[2023-10-01 06:11:38,331] {standard_task_runner.py:76} INFO - Running: ['airflow', 'tasks', 'run', 'our_fourth_dag_v4', 'first_task', '2021-09-21T00:00:00+00:00', '--job-id', '584', '--pool', 'default_pool', '--raw', '--subdir', 'DAGS_FOLDER/our_fourth_dag.py', '--cfg-path', '/tmp/tmpkj3znj3j', '--error-file', '/tmp/tmplktm6hm4']
[2023-10-01 06:11:38,435] {standard_task_runner.py:77} INFO - Job 584: Subtask first_task
[2023-10-01 06:11:39,263] {logging_mixin.py:104} INFO - Running <TaskInstance: our_fourth_dag_v4.first_task 2021-09-21T00:00:00+00:00 [running]> on host d4ed655215d1
[2023-10-01 06:11:40,481] {taskinstance.py:1257} INFO - Exporting the following env vars:
AIRFLOW_CTX_DAG_OWNER=svastikkka
AIRFLOW_CTX_DAG_ID=our_fourth_dag_v4
AIRFLOW_CTX_TASK_ID=first_task
AIRFLOW_CTX_EXECUTION_DATE=2021-09-21T00:00:00+00:00
AIRFLOW_CTX_DAG_RUN_ID=scheduled__2021-09-21T00:00:00+00:00
[2023-10-01 06:11:40,506] {bash.py:135} INFO - Tmp dir root location: 
 /tmp
[2023-10-01 06:11:40,522] {bash.py:158} INFO - Running command: echo hello world, this is the first task!
[2023-10-01 06:11:40,753] {bash.py:169} INFO - Output:
[2023-10-01 06:11:40,800] {bash.py:173} INFO - hello world, this is the first task!
[2023-10-01 06:11:40,807] {bash.py:177} INFO - Command exited with return code 0
[2023-10-01 06:11:41,237] {taskinstance.py:1166} INFO - Marking task as SUCCESS. dag_id=our_fourth_dag_v4, task_id=first_task, execution_date=20210921T000000, start_date=20231001T061137, end_date=20231001T061141
[2023-10-01 06:11:41,752] {taskinstance.py:1220} INFO - 2 downstream tasks scheduled from follow-on schedule check
[2023-10-01 06:11:41,938] {local_task_job.py:146} INFO - Task exited with return code 0
