[2023-10-01 08:00:24,661] {taskinstance.py:851} INFO - Dependencies all met for <TaskInstance: our_seventh_dag_v7.get_name 2023-01-28T00:00:00+00:00 [queued]>
[2023-10-01 08:00:25,099] {taskinstance.py:851} INFO - Dependencies all met for <TaskInstance: our_seventh_dag_v7.get_name 2023-01-28T00:00:00+00:00 [queued]>
[2023-10-01 08:00:25,104] {taskinstance.py:1042} INFO - 
--------------------------------------------------------------------------------
[2023-10-01 08:00:25,110] {taskinstance.py:1043} INFO - Starting attempt 1 of 6
[2023-10-01 08:00:25,113] {taskinstance.py:1044} INFO - 
--------------------------------------------------------------------------------
[2023-10-01 08:00:26,123] {taskinstance.py:1063} INFO - Executing <Task(PythonOperator): get_name> on 2023-01-28T00:00:00+00:00
[2023-10-01 08:00:26,410] {standard_task_runner.py:52} INFO - Started process 24083 to run task
[2023-10-01 08:00:26,908] {standard_task_runner.py:76} INFO - Running: ['airflow', 'tasks', 'run', 'our_seventh_dag_v7', 'get_name', '2023-01-28T00:00:00+00:00', '--job-id', '2426', '--pool', 'default_pool', '--raw', '--subdir', 'DAGS_FOLDER/our_seventh_dag.py', '--cfg-path', '/tmp/tmpbs2w_h1t', '--error-file', '/tmp/tmptz1tldtk']
[2023-10-01 08:00:27,181] {standard_task_runner.py:77} INFO - Job 2426: Subtask get_name
[2023-10-01 08:00:27,933] {logging_mixin.py:104} INFO - Running <TaskInstance: our_seventh_dag_v7.get_name 2023-01-28T00:00:00+00:00 [running]> on host d4ed655215d1
[2023-10-01 08:00:34,646] {taskinstance.py:1257} INFO - Exporting the following env vars:
AIRFLOW_CTX_DAG_OWNER=svastikkka
AIRFLOW_CTX_DAG_ID=our_seventh_dag_v7
AIRFLOW_CTX_TASK_ID=get_name
AIRFLOW_CTX_EXECUTION_DATE=2023-01-28T00:00:00+00:00
AIRFLOW_CTX_DAG_RUN_ID=scheduled__2023-01-28T00:00:00+00:00
[2023-10-01 08:00:35,321] {python.py:118} INFO - Done. Returned value was: None
[2023-10-01 08:00:35,536] {taskinstance.py:1166} INFO - Marking task as SUCCESS. dag_id=our_seventh_dag_v7, task_id=get_name, execution_date=20230128T000000, start_date=20231001T080024, end_date=20231001T080035
[2023-10-01 08:00:35,855] {taskinstance.py:1220} INFO - 1 downstream tasks scheduled from follow-on schedule check
[2023-10-01 08:00:35,934] {local_task_job.py:146} INFO - Task exited with return code 0
