[2023-10-01 07:50:15,807] {taskinstance.py:851} INFO - Dependencies all met for <TaskInstance: our_seventh_dag_v7.greet 2022-07-19T00:00:00+00:00 [queued]>
[2023-10-01 07:50:16,010] {taskinstance.py:851} INFO - Dependencies all met for <TaskInstance: our_seventh_dag_v7.greet 2022-07-19T00:00:00+00:00 [queued]>
[2023-10-01 07:50:16,011] {taskinstance.py:1042} INFO - 
--------------------------------------------------------------------------------
[2023-10-01 07:50:16,013] {taskinstance.py:1043} INFO - Starting attempt 1 of 6
[2023-10-01 07:50:16,015] {taskinstance.py:1044} INFO - 
--------------------------------------------------------------------------------
[2023-10-01 07:50:16,120] {taskinstance.py:1063} INFO - Executing <Task(PythonOperator): greet> on 2022-07-19T00:00:00+00:00
[2023-10-01 07:50:16,170] {standard_task_runner.py:52} INFO - Started process 21803 to run task
[2023-10-01 07:50:16,279] {standard_task_runner.py:76} INFO - Running: ['airflow', 'tasks', 'run', 'our_seventh_dag_v7', 'greet', '2022-07-19T00:00:00+00:00', '--job-id', '2048', '--pool', 'default_pool', '--raw', '--subdir', 'DAGS_FOLDER/our_seventh_dag.py', '--cfg-path', '/tmp/tmp24f1rrzb', '--error-file', '/tmp/tmpzyc7pqd2']
[2023-10-01 07:50:16,316] {standard_task_runner.py:77} INFO - Job 2048: Subtask greet
[2023-10-01 07:50:17,080] {logging_mixin.py:104} INFO - Running <TaskInstance: our_seventh_dag_v7.greet 2022-07-19T00:00:00+00:00 [running]> on host d4ed655215d1
[2023-10-01 07:50:17,487] {taskinstance.py:1257} INFO - Exporting the following env vars:
AIRFLOW_CTX_DAG_OWNER=svastikkka
AIRFLOW_CTX_DAG_ID=our_seventh_dag_v7
AIRFLOW_CTX_TASK_ID=greet
AIRFLOW_CTX_EXECUTION_DATE=2022-07-19T00:00:00+00:00
AIRFLOW_CTX_DAG_RUN_ID=scheduled__2022-07-19T00:00:00+00:00
[2023-10-01 07:50:17,609] {logging_mixin.py:104} INFO - Hello My name is Manshu Sharma and I am 26 years old.
[2023-10-01 07:50:17,611] {python.py:118} INFO - Done. Returned value was: None
[2023-10-01 07:50:17,707] {taskinstance.py:1166} INFO - Marking task as SUCCESS. dag_id=our_seventh_dag_v7, task_id=greet, execution_date=20220719T000000, start_date=20231001T075015, end_date=20231001T075017
[2023-10-01 07:50:18,553] {taskinstance.py:1220} INFO - 0 downstream tasks scheduled from follow-on schedule check
[2023-10-01 07:50:18,770] {local_task_job.py:146} INFO - Task exited with return code 0
