[2023-10-01 07:46:07,506] {taskinstance.py:851} INFO - Dependencies all met for <TaskInstance: our_seventh_dag_v7.get_name 2022-03-18T00:00:00+00:00 [queued]>
[2023-10-01 07:46:07,648] {taskinstance.py:851} INFO - Dependencies all met for <TaskInstance: our_seventh_dag_v7.get_name 2022-03-18T00:00:00+00:00 [queued]>
[2023-10-01 07:46:07,650] {taskinstance.py:1042} INFO - 
--------------------------------------------------------------------------------
[2023-10-01 07:46:07,657] {taskinstance.py:1043} INFO - Starting attempt 1 of 6
[2023-10-01 07:46:07,659] {taskinstance.py:1044} INFO - 
--------------------------------------------------------------------------------
[2023-10-01 07:46:07,736] {taskinstance.py:1063} INFO - Executing <Task(PythonOperator): get_name> on 2022-03-18T00:00:00+00:00
[2023-10-01 07:46:07,781] {standard_task_runner.py:52} INFO - Started process 20581 to run task
[2023-10-01 07:46:07,795] {standard_task_runner.py:76} INFO - Running: ['airflow', 'tasks', 'run', 'our_seventh_dag_v7', 'get_name', '2022-03-18T00:00:00+00:00', '--job-id', '1793', '--pool', 'default_pool', '--raw', '--subdir', 'DAGS_FOLDER/our_seventh_dag.py', '--cfg-path', '/tmp/tmp2bfzypqo', '--error-file', '/tmp/tmphtsz_8u2']
[2023-10-01 07:46:07,825] {standard_task_runner.py:77} INFO - Job 1793: Subtask get_name
[2023-10-01 07:46:08,277] {logging_mixin.py:104} INFO - Running <TaskInstance: our_seventh_dag_v7.get_name 2022-03-18T00:00:00+00:00 [running]> on host d4ed655215d1
[2023-10-01 07:46:08,697] {taskinstance.py:1257} INFO - Exporting the following env vars:
AIRFLOW_CTX_DAG_OWNER=svastikkka
AIRFLOW_CTX_DAG_ID=our_seventh_dag_v7
AIRFLOW_CTX_TASK_ID=get_name
AIRFLOW_CTX_EXECUTION_DATE=2022-03-18T00:00:00+00:00
AIRFLOW_CTX_DAG_RUN_ID=scheduled__2022-03-18T00:00:00+00:00
[2023-10-01 07:46:08,856] {python.py:118} INFO - Done. Returned value was: None
[2023-10-01 07:46:08,952] {taskinstance.py:1166} INFO - Marking task as SUCCESS. dag_id=our_seventh_dag_v7, task_id=get_name, execution_date=20220318T000000, start_date=20231001T074607, end_date=20231001T074608
[2023-10-01 07:46:09,300] {taskinstance.py:1220} INFO - 1 downstream tasks scheduled from follow-on schedule check
[2023-10-01 07:46:09,394] {local_task_job.py:146} INFO - Task exited with return code 0
