[2023-10-01 06:20:11,904] {taskinstance.py:851} INFO - Dependencies all met for <TaskInstance: our_fourth_dag_v4.first_task 2022-01-12T00:00:00+00:00 [queued]>
[2023-10-01 06:20:13,385] {taskinstance.py:851} INFO - Dependencies all met for <TaskInstance: our_fourth_dag_v4.first_task 2022-01-12T00:00:00+00:00 [queued]>
[2023-10-01 06:20:13,411] {taskinstance.py:1042} INFO - 
--------------------------------------------------------------------------------
[2023-10-01 06:20:13,427] {taskinstance.py:1043} INFO - Starting attempt 1 of 6
[2023-10-01 06:20:13,476] {taskinstance.py:1044} INFO - 
--------------------------------------------------------------------------------
[2023-10-01 06:20:14,182] {taskinstance.py:1063} INFO - Executing <Task(BashOperator): first_task> on 2022-01-12T00:00:00+00:00
[2023-10-01 06:20:14,538] {standard_task_runner.py:52} INFO - Started process 6358 to run task
[2023-10-01 06:20:14,867] {standard_task_runner.py:76} INFO - Running: ['airflow', 'tasks', 'run', 'our_fourth_dag_v4', 'first_task', '2022-01-12T00:00:00+00:00', '--job-id', '923', '--pool', 'default_pool', '--raw', '--subdir', 'DAGS_FOLDER/our_fourth_dag.py', '--cfg-path', '/tmp/tmpk6acqhch', '--error-file', '/tmp/tmpghkr579d']
[2023-10-01 06:20:15,114] {standard_task_runner.py:77} INFO - Job 923: Subtask first_task
[2023-10-01 06:20:20,281] {logging_mixin.py:104} INFO - Running <TaskInstance: our_fourth_dag_v4.first_task 2022-01-12T00:00:00+00:00 [running]> on host d4ed655215d1
[2023-10-01 06:20:24,648] {taskinstance.py:1257} INFO - Exporting the following env vars:
AIRFLOW_CTX_DAG_OWNER=svastikkka
AIRFLOW_CTX_DAG_ID=our_fourth_dag_v4
AIRFLOW_CTX_TASK_ID=first_task
AIRFLOW_CTX_EXECUTION_DATE=2022-01-12T00:00:00+00:00
AIRFLOW_CTX_DAG_RUN_ID=scheduled__2022-01-12T00:00:00+00:00
[2023-10-01 06:20:24,656] {bash.py:135} INFO - Tmp dir root location: 
 /tmp
[2023-10-01 06:20:24,673] {bash.py:158} INFO - Running command: echo hello world, this is the first task!
[2023-10-01 06:20:25,609] {bash.py:169} INFO - Output:
[2023-10-01 06:20:25,739] {bash.py:173} INFO - hello world, this is the first task!
[2023-10-01 06:20:25,751] {bash.py:177} INFO - Command exited with return code 0
[2023-10-01 06:20:26,738] {taskinstance.py:1166} INFO - Marking task as SUCCESS. dag_id=our_fourth_dag_v4, task_id=first_task, execution_date=20220112T000000, start_date=20231001T062012, end_date=20231001T062026
[2023-10-01 06:20:31,369] {taskinstance.py:1220} INFO - 2 downstream tasks scheduled from follow-on schedule check
[2023-10-01 06:20:32,072] {local_task_job.py:146} INFO - Task exited with return code 0
