[2023-10-01 06:02:14,198] {taskinstance.py:851} INFO - Dependencies all met for <TaskInstance: our_third_dag_v3.first_task 2021-10-20T00:00:00+00:00 [queued]>
[2023-10-01 06:02:15,362] {taskinstance.py:851} INFO - Dependencies all met for <TaskInstance: our_third_dag_v3.first_task 2021-10-20T00:00:00+00:00 [queued]>
[2023-10-01 06:02:15,365] {taskinstance.py:1042} INFO - 
--------------------------------------------------------------------------------
[2023-10-01 06:02:15,368] {taskinstance.py:1043} INFO - Starting attempt 1 of 6
[2023-10-01 06:02:15,372] {taskinstance.py:1044} INFO - 
--------------------------------------------------------------------------------
[2023-10-01 06:02:15,443] {taskinstance.py:1063} INFO - Executing <Task(BashOperator): first_task> on 2021-10-20T00:00:00+00:00
[2023-10-01 06:02:15,466] {standard_task_runner.py:52} INFO - Started process 3405 to run task
[2023-10-01 06:02:15,523] {standard_task_runner.py:76} INFO - Running: ['airflow', 'tasks', 'run', 'our_third_dag_v3', 'first_task', '2021-10-20T00:00:00+00:00', '--job-id', '388', '--pool', 'default_pool', '--raw', '--subdir', 'DAGS_FOLDER/our_third_dag.py', '--cfg-path', '/tmp/tmpsxfbc9wz', '--error-file', '/tmp/tmpqa7ozwm9']
[2023-10-01 06:02:15,540] {standard_task_runner.py:77} INFO - Job 388: Subtask first_task
[2023-10-01 06:02:17,816] {logging_mixin.py:104} INFO - Running <TaskInstance: our_third_dag_v3.first_task 2021-10-20T00:00:00+00:00 [running]> on host d4ed655215d1
[2023-10-01 06:02:19,991] {taskinstance.py:1257} INFO - Exporting the following env vars:
AIRFLOW_CTX_DAG_OWNER=coder2j
AIRFLOW_CTX_DAG_ID=our_third_dag_v3
AIRFLOW_CTX_TASK_ID=first_task
AIRFLOW_CTX_EXECUTION_DATE=2021-10-20T00:00:00+00:00
AIRFLOW_CTX_DAG_RUN_ID=scheduled__2021-10-20T00:00:00+00:00
[2023-10-01 06:02:20,021] {bash.py:135} INFO - Tmp dir root location: 
 /tmp
[2023-10-01 06:02:20,034] {bash.py:158} INFO - Running command: echo hello world, this is the first task!
[2023-10-01 06:02:20,269] {bash.py:169} INFO - Output:
[2023-10-01 06:02:20,283] {bash.py:173} INFO - hello world, this is the first task!
[2023-10-01 06:02:20,296] {bash.py:177} INFO - Command exited with return code 0
[2023-10-01 06:02:20,693] {taskinstance.py:1166} INFO - Marking task as SUCCESS. dag_id=our_third_dag_v3, task_id=first_task, execution_date=20211020T000000, start_date=20231001T060214, end_date=20231001T060220
[2023-10-01 06:02:23,338] {taskinstance.py:1220} INFO - 2 downstream tasks scheduled from follow-on schedule check
[2023-10-01 06:02:24,036] {local_task_job.py:146} INFO - Task exited with return code 0
