[2023-10-01 07:39:14,058] {taskinstance.py:851} INFO - Dependencies all met for <TaskInstance: our_seventh_dag_v7.get_name 2021-09-22T00:00:00+00:00 [queued]>
[2023-10-01 07:39:15,031] {taskinstance.py:851} INFO - Dependencies all met for <TaskInstance: our_seventh_dag_v7.get_name 2021-09-22T00:00:00+00:00 [queued]>
[2023-10-01 07:39:15,046] {taskinstance.py:1042} INFO - 
--------------------------------------------------------------------------------
[2023-10-01 07:39:15,058] {taskinstance.py:1043} INFO - Starting attempt 1 of 6
[2023-10-01 07:39:15,060] {taskinstance.py:1044} INFO - 
--------------------------------------------------------------------------------
[2023-10-01 07:39:15,287] {taskinstance.py:1063} INFO - Executing <Task(PythonOperator): get_name> on 2021-09-22T00:00:00+00:00
[2023-10-01 07:39:15,429] {standard_task_runner.py:52} INFO - Started process 18718 to run task
[2023-10-01 07:39:16,068] {standard_task_runner.py:76} INFO - Running: ['airflow', 'tasks', 'run', 'our_seventh_dag_v7', 'get_name', '2021-09-22T00:00:00+00:00', '--job-id', '1440', '--pool', 'default_pool', '--raw', '--subdir', 'DAGS_FOLDER/our_seventh_dag.py', '--cfg-path', '/tmp/tmpxfl_wr_1', '--error-file', '/tmp/tmptk_uv1jq']
[2023-10-01 07:39:16,442] {standard_task_runner.py:77} INFO - Job 1440: Subtask get_name
[2023-10-01 07:39:20,197] {logging_mixin.py:104} INFO - Running <TaskInstance: our_seventh_dag_v7.get_name 2021-09-22T00:00:00+00:00 [running]> on host d4ed655215d1
[2023-10-01 07:39:22,118] {taskinstance.py:1257} INFO - Exporting the following env vars:
AIRFLOW_CTX_DAG_OWNER=svastikkka
AIRFLOW_CTX_DAG_ID=our_seventh_dag_v7
AIRFLOW_CTX_TASK_ID=get_name
AIRFLOW_CTX_EXECUTION_DATE=2021-09-22T00:00:00+00:00
AIRFLOW_CTX_DAG_RUN_ID=scheduled__2021-09-22T00:00:00+00:00
[2023-10-01 07:39:22,403] {python.py:118} INFO - Done. Returned value was: None
[2023-10-01 07:39:22,512] {taskinstance.py:1166} INFO - Marking task as SUCCESS. dag_id=our_seventh_dag_v7, task_id=get_name, execution_date=20210922T000000, start_date=20231001T073914, end_date=20231001T073922
[2023-10-01 07:39:25,076] {taskinstance.py:1220} INFO - 0 downstream tasks scheduled from follow-on schedule check
[2023-10-01 07:39:26,362] {local_task_job.py:146} INFO - Task exited with return code 0
