[2023-10-01 06:29:26,939] {taskinstance.py:851} INFO - Dependencies all met for <TaskInstance: our_fifth_dag_v5.greet 2021-08-29T00:00:00+00:00 [queued]>
[2023-10-01 06:29:27,212] {taskinstance.py:851} INFO - Dependencies all met for <TaskInstance: our_fifth_dag_v5.greet 2021-08-29T00:00:00+00:00 [queued]>
[2023-10-01 06:29:27,214] {taskinstance.py:1042} INFO - 
--------------------------------------------------------------------------------
[2023-10-01 06:29:27,218] {taskinstance.py:1043} INFO - Starting attempt 1 of 6
[2023-10-01 06:29:27,224] {taskinstance.py:1044} INFO - 
--------------------------------------------------------------------------------
[2023-10-01 06:29:27,334] {taskinstance.py:1063} INFO - Executing <Task(PythonOperator): greet> on 2021-08-29T00:00:00+00:00
[2023-10-01 06:29:27,412] {standard_task_runner.py:52} INFO - Started process 7444 to run task
[2023-10-01 06:29:27,524] {standard_task_runner.py:76} INFO - Running: ['airflow', 'tasks', 'run', 'our_fifth_dag_v5', 'greet', '2021-08-29T00:00:00+00:00', '--job-id', '1050', '--pool', 'default_pool', '--raw', '--subdir', 'DAGS_FOLDER/our_fifth_dag.py', '--cfg-path', '/tmp/tmpfj_0fhjy', '--error-file', '/tmp/tmpgs8itfg1']
[2023-10-01 06:29:27,594] {standard_task_runner.py:77} INFO - Job 1050: Subtask greet
[2023-10-01 06:29:28,638] {logging_mixin.py:104} INFO - Running <TaskInstance: our_fifth_dag_v5.greet 2021-08-29T00:00:00+00:00 [running]> on host d4ed655215d1
[2023-10-01 06:29:29,439] {taskinstance.py:1257} INFO - Exporting the following env vars:
AIRFLOW_CTX_DAG_OWNER=coder2j
AIRFLOW_CTX_DAG_ID=our_fifth_dag_v5
AIRFLOW_CTX_TASK_ID=greet
AIRFLOW_CTX_EXECUTION_DATE=2021-08-29T00:00:00+00:00
AIRFLOW_CTX_DAG_RUN_ID=scheduled__2021-08-29T00:00:00+00:00
[2023-10-01 06:29:29,463] {logging_mixin.py:104} INFO - Hello how are you
[2023-10-01 06:29:29,471] {python.py:118} INFO - Done. Returned value was: None
[2023-10-01 06:29:29,599] {taskinstance.py:1166} INFO - Marking task as SUCCESS. dag_id=our_fifth_dag_v5, task_id=greet, execution_date=20210829T000000, start_date=20231001T062926, end_date=20231001T062929
[2023-10-01 06:29:30,384] {taskinstance.py:1220} INFO - 0 downstream tasks scheduled from follow-on schedule check
[2023-10-01 06:29:30,556] {local_task_job.py:146} INFO - Task exited with return code 0
