[2023-10-01 06:51:50,272] {taskinstance.py:851} INFO - Dependencies all met for <TaskInstance: our_sixth_dag_v6.greet 2021-09-11T00:00:00+00:00 [queued]>
[2023-10-01 06:51:50,645] {taskinstance.py:851} INFO - Dependencies all met for <TaskInstance: our_sixth_dag_v6.greet 2021-09-11T00:00:00+00:00 [queued]>
[2023-10-01 06:51:50,647] {taskinstance.py:1042} INFO - 
--------------------------------------------------------------------------------
[2023-10-01 06:51:50,652] {taskinstance.py:1043} INFO - Starting attempt 1 of 6
[2023-10-01 06:51:50,653] {taskinstance.py:1044} INFO - 
--------------------------------------------------------------------------------
[2023-10-01 06:51:50,808] {taskinstance.py:1063} INFO - Executing <Task(PythonOperator): greet> on 2021-09-11T00:00:00+00:00
[2023-10-01 06:51:51,033] {standard_task_runner.py:52} INFO - Started process 10547 to run task
[2023-10-01 06:51:51,438] {standard_task_runner.py:76} INFO - Running: ['airflow', 'tasks', 'run', 'our_sixth_dag_v6', 'greet', '2021-09-11T00:00:00+00:00', '--job-id', '1141', '--pool', 'default_pool', '--raw', '--subdir', 'DAGS_FOLDER/our_sixth_dag.py', '--cfg-path', '/tmp/tmpovke2osy', '--error-file', '/tmp/tmp_cza4pq4']
[2023-10-01 06:51:52,367] {standard_task_runner.py:77} INFO - Job 1141: Subtask greet
[2023-10-01 06:51:54,788] {logging_mixin.py:104} INFO - Running <TaskInstance: our_sixth_dag_v6.greet 2021-09-11T00:00:00+00:00 [running]> on host d4ed655215d1
[2023-10-01 06:51:55,980] {taskinstance.py:1257} INFO - Exporting the following env vars:
AIRFLOW_CTX_DAG_OWNER=svastikkka
AIRFLOW_CTX_DAG_ID=our_sixth_dag_v6
AIRFLOW_CTX_TASK_ID=greet
AIRFLOW_CTX_EXECUTION_DATE=2021-09-11T00:00:00+00:00
AIRFLOW_CTX_DAG_RUN_ID=scheduled__2021-09-11T00:00:00+00:00
[2023-10-01 06:51:56,065] {logging_mixin.py:104} INFO - Hello My name is Manshu and I am 20 years old.
[2023-10-01 06:51:56,071] {python.py:118} INFO - Done. Returned value was: None
[2023-10-01 06:51:56,289] {taskinstance.py:1166} INFO - Marking task as SUCCESS. dag_id=our_sixth_dag_v6, task_id=greet, execution_date=20210911T000000, start_date=20231001T065150, end_date=20231001T065156
[2023-10-01 06:51:57,401] {local_task_job.py:188} WARNING - State of this instance has been externally set to success. Terminating instance.
[2023-10-01 06:51:57,634] {process_utils.py:100} INFO - Sending Signals.SIGTERM to GPID 10547
[2023-10-01 06:51:58,078] {taskinstance.py:1239} ERROR - Received SIGTERM. Terminating subprocesses.
[2023-10-01 06:52:00,393] {process_utils.py:66} INFO - Process psutil.Process(pid=10547, status='terminated', exitcode=1, started='06:51:50') (10547) terminated with exit code 1
