[2023-10-01 05:03:03,301] {taskinstance.py:851} INFO - Dependencies all met for <TaskInstance: our_first_dag_v1.first_task 2021-09-10T00:00:00+00:00 [queued]>
[2023-10-01 05:03:03,419] {taskinstance.py:851} INFO - Dependencies all met for <TaskInstance: our_first_dag_v1.first_task 2021-09-10T00:00:00+00:00 [queued]>
[2023-10-01 05:03:03,425] {taskinstance.py:1042} INFO - 
--------------------------------------------------------------------------------
[2023-10-01 05:03:03,427] {taskinstance.py:1043} INFO - Starting attempt 1 of 6
[2023-10-01 05:03:03,428] {taskinstance.py:1044} INFO - 
--------------------------------------------------------------------------------
[2023-10-01 05:03:03,525] {taskinstance.py:1063} INFO - Executing <Task(BashOperator): first_task> on 2021-09-10T00:00:00+00:00
[2023-10-01 05:03:03,571] {standard_task_runner.py:52} INFO - Started process 1136 to run task
[2023-10-01 05:03:03,598] {standard_task_runner.py:76} INFO - Running: ['airflow', 'tasks', 'run', 'our_first_dag_v1', 'first_task', '2021-09-10T00:00:00+00:00', '--job-id', '134', '--pool', 'default_pool', '--raw', '--subdir', 'DAGS_FOLDER/our_first_dag.py', '--cfg-path', '/tmp/tmp_y_9pik3', '--error-file', '/tmp/tmp1oa0ux06']
[2023-10-01 05:03:03,639] {standard_task_runner.py:77} INFO - Job 134: Subtask first_task
[2023-10-01 05:03:04,345] {logging_mixin.py:104} INFO - Running <TaskInstance: our_first_dag_v1.first_task 2021-09-10T00:00:00+00:00 [running]> on host c25e1f8124bc
[2023-10-01 05:03:04,659] {taskinstance.py:1257} INFO - Exporting the following env vars:
AIRFLOW_CTX_DAG_OWNER=coder2j
AIRFLOW_CTX_DAG_ID=our_first_dag_v1
AIRFLOW_CTX_TASK_ID=first_task
AIRFLOW_CTX_EXECUTION_DATE=2021-09-10T00:00:00+00:00
AIRFLOW_CTX_DAG_RUN_ID=scheduled__2021-09-10T00:00:00+00:00
[2023-10-01 05:03:04,661] {bash.py:135} INFO - Tmp dir root location: 
 /tmp
[2023-10-01 05:03:04,692] {bash.py:158} INFO - Running command: echo hello world, this is the first task!
[2023-10-01 05:03:04,795] {bash.py:169} INFO - Output:
[2023-10-01 05:03:04,801] {bash.py:173} INFO - hello world, this is the first task!
[2023-10-01 05:03:04,815] {bash.py:177} INFO - Command exited with return code 0
[2023-10-01 05:03:04,935] {taskinstance.py:1166} INFO - Marking task as SUCCESS. dag_id=our_first_dag_v1, task_id=first_task, execution_date=20210910T000000, start_date=20231001T050303, end_date=20231001T050304
[2023-10-01 05:03:05,304] {taskinstance.py:1220} INFO - 0 downstream tasks scheduled from follow-on schedule check
[2023-10-01 05:03:05,426] {local_task_job.py:146} INFO - Task exited with return code 0
[2023-10-01 05:19:23,738] {taskinstance.py:851} INFO - Dependencies all met for <TaskInstance: our_first_dag_v1.first_task 2021-09-10T00:00:00+00:00 [queued]>
[2023-10-01 05:19:23,876] {taskinstance.py:851} INFO - Dependencies all met for <TaskInstance: our_first_dag_v1.first_task 2021-09-10T00:00:00+00:00 [queued]>
[2023-10-01 05:19:23,879] {taskinstance.py:1042} INFO - 
--------------------------------------------------------------------------------
[2023-10-01 05:19:23,893] {taskinstance.py:1043} INFO - Starting attempt 1 of 6
[2023-10-01 05:19:23,901] {taskinstance.py:1044} INFO - 
--------------------------------------------------------------------------------
[2023-10-01 05:19:23,946] {taskinstance.py:1063} INFO - Executing <Task(BashOperator): first_task> on 2021-09-10T00:00:00+00:00
[2023-10-01 05:19:23,965] {standard_task_runner.py:52} INFO - Started process 371 to run task
[2023-10-01 05:19:24,002] {standard_task_runner.py:76} INFO - Running: ['airflow', 'tasks', 'run', 'our_first_dag_v1', 'first_task', '2021-09-10T00:00:00+00:00', '--job-id', '44', '--pool', 'default_pool', '--raw', '--subdir', 'DAGS_FOLDER/our_first_dag.py', '--cfg-path', '/tmp/tmp_2sd0311', '--error-file', '/tmp/tmphsqv4p92']
[2023-10-01 05:19:24,046] {standard_task_runner.py:77} INFO - Job 44: Subtask first_task
[2023-10-01 05:19:24,567] {logging_mixin.py:104} INFO - Running <TaskInstance: our_first_dag_v1.first_task 2021-09-10T00:00:00+00:00 [running]> on host d4ed655215d1
[2023-10-01 05:19:24,873] {taskinstance.py:1257} INFO - Exporting the following env vars:
AIRFLOW_CTX_DAG_OWNER=coder2j
AIRFLOW_CTX_DAG_ID=our_first_dag_v1
AIRFLOW_CTX_TASK_ID=first_task
AIRFLOW_CTX_EXECUTION_DATE=2021-09-10T00:00:00+00:00
AIRFLOW_CTX_DAG_RUN_ID=scheduled__2021-09-10T00:00:00+00:00
[2023-10-01 05:19:24,884] {bash.py:135} INFO - Tmp dir root location: 
 /tmp
[2023-10-01 05:19:24,896] {bash.py:158} INFO - Running command: echo hello world, this is the first task!
[2023-10-01 05:19:24,997] {bash.py:169} INFO - Output:
[2023-10-01 05:19:25,011] {bash.py:173} INFO - hello world, this is the first task!
[2023-10-01 05:19:25,013] {bash.py:177} INFO - Command exited with return code 0
[2023-10-01 05:19:25,151] {taskinstance.py:1166} INFO - Marking task as SUCCESS. dag_id=our_first_dag_v1, task_id=first_task, execution_date=20210910T000000, start_date=20231001T051923, end_date=20231001T051925
[2023-10-01 05:19:25,322] {taskinstance.py:1220} INFO - 0 downstream tasks scheduled from follow-on schedule check
[2023-10-01 05:19:25,400] {local_task_job.py:146} INFO - Task exited with return code 0
