[2023-10-01 05:04:07,389] {taskinstance.py:851} INFO - Dependencies all met for <TaskInstance: our_first_dag_v1.first_task 2021-10-24T00:00:00+00:00 [queued]>
[2023-10-01 05:04:07,456] {taskinstance.py:851} INFO - Dependencies all met for <TaskInstance: our_first_dag_v1.first_task 2021-10-24T00:00:00+00:00 [queued]>
[2023-10-01 05:04:07,458] {taskinstance.py:1042} INFO - 
--------------------------------------------------------------------------------
[2023-10-01 05:04:07,460] {taskinstance.py:1043} INFO - Starting attempt 1 of 6
[2023-10-01 05:04:07,463] {taskinstance.py:1044} INFO - 
--------------------------------------------------------------------------------
[2023-10-01 05:04:07,537] {taskinstance.py:1063} INFO - Executing <Task(BashOperator): first_task> on 2021-10-24T00:00:00+00:00
[2023-10-01 05:04:07,562] {standard_task_runner.py:52} INFO - Started process 1293 to run task
[2023-10-01 05:04:07,602] {standard_task_runner.py:76} INFO - Running: ['airflow', 'tasks', 'run', 'our_first_dag_v1', 'first_task', '2021-10-24T00:00:00+00:00', '--job-id', '178', '--pool', 'default_pool', '--raw', '--subdir', 'DAGS_FOLDER/our_first_dag.py', '--cfg-path', '/tmp/tmpddc_jccc', '--error-file', '/tmp/tmpklaerpsu']
[2023-10-01 05:04:07,619] {standard_task_runner.py:77} INFO - Job 178: Subtask first_task
[2023-10-01 05:04:08,094] {logging_mixin.py:104} INFO - Running <TaskInstance: our_first_dag_v1.first_task 2021-10-24T00:00:00+00:00 [running]> on host c25e1f8124bc
[2023-10-01 05:04:08,381] {taskinstance.py:1257} INFO - Exporting the following env vars:
AIRFLOW_CTX_DAG_OWNER=coder2j
AIRFLOW_CTX_DAG_ID=our_first_dag_v1
AIRFLOW_CTX_TASK_ID=first_task
AIRFLOW_CTX_EXECUTION_DATE=2021-10-24T00:00:00+00:00
AIRFLOW_CTX_DAG_RUN_ID=scheduled__2021-10-24T00:00:00+00:00
[2023-10-01 05:04:08,385] {bash.py:135} INFO - Tmp dir root location: 
 /tmp
[2023-10-01 05:04:08,387] {bash.py:158} INFO - Running command: echo hello world, this is the first task!
[2023-10-01 05:04:08,456] {bash.py:169} INFO - Output:
[2023-10-01 05:04:08,485] {bash.py:173} INFO - hello world, this is the first task!
[2023-10-01 05:04:08,488] {bash.py:177} INFO - Command exited with return code 0
[2023-10-01 05:04:08,627] {taskinstance.py:1166} INFO - Marking task as SUCCESS. dag_id=our_first_dag_v1, task_id=first_task, execution_date=20211024T000000, start_date=20231001T050407, end_date=20231001T050408
[2023-10-01 05:04:08,879] {taskinstance.py:1220} INFO - 0 downstream tasks scheduled from follow-on schedule check
[2023-10-01 05:04:08,983] {local_task_job.py:146} INFO - Task exited with return code 0
[2023-10-01 05:20:13,315] {taskinstance.py:851} INFO - Dependencies all met for <TaskInstance: our_first_dag_v1.first_task 2021-10-24T00:00:00+00:00 [queued]>
[2023-10-01 05:20:13,451] {taskinstance.py:851} INFO - Dependencies all met for <TaskInstance: our_first_dag_v1.first_task 2021-10-24T00:00:00+00:00 [queued]>
[2023-10-01 05:20:13,452] {taskinstance.py:1042} INFO - 
--------------------------------------------------------------------------------
[2023-10-01 05:20:13,470] {taskinstance.py:1043} INFO - Starting attempt 1 of 6
[2023-10-01 05:20:13,472] {taskinstance.py:1044} INFO - 
--------------------------------------------------------------------------------
[2023-10-01 05:20:13,570] {taskinstance.py:1063} INFO - Executing <Task(BashOperator): first_task> on 2021-10-24T00:00:00+00:00
[2023-10-01 05:20:13,606] {standard_task_runner.py:52} INFO - Started process 523 to run task
[2023-10-01 05:20:13,703] {standard_task_runner.py:76} INFO - Running: ['airflow', 'tasks', 'run', 'our_first_dag_v1', 'first_task', '2021-10-24T00:00:00+00:00', '--job-id', '88', '--pool', 'default_pool', '--raw', '--subdir', 'DAGS_FOLDER/our_first_dag.py', '--cfg-path', '/tmp/tmpgsxatrro', '--error-file', '/tmp/tmpkk8e7fvm']
[2023-10-01 05:20:13,723] {standard_task_runner.py:77} INFO - Job 88: Subtask first_task
[2023-10-01 05:20:14,180] {logging_mixin.py:104} INFO - Running <TaskInstance: our_first_dag_v1.first_task 2021-10-24T00:00:00+00:00 [running]> on host d4ed655215d1
[2023-10-01 05:20:14,565] {taskinstance.py:1257} INFO - Exporting the following env vars:
AIRFLOW_CTX_DAG_OWNER=coder2j
AIRFLOW_CTX_DAG_ID=our_first_dag_v1
AIRFLOW_CTX_TASK_ID=first_task
AIRFLOW_CTX_EXECUTION_DATE=2021-10-24T00:00:00+00:00
AIRFLOW_CTX_DAG_RUN_ID=scheduled__2021-10-24T00:00:00+00:00
[2023-10-01 05:20:14,569] {bash.py:135} INFO - Tmp dir root location: 
 /tmp
[2023-10-01 05:20:14,573] {bash.py:158} INFO - Running command: echo hello world, this is the first task!
[2023-10-01 05:20:14,653] {bash.py:169} INFO - Output:
[2023-10-01 05:20:14,669] {bash.py:173} INFO - hello world, this is the first task!
[2023-10-01 05:20:14,683] {bash.py:177} INFO - Command exited with return code 0
[2023-10-01 05:20:14,821] {taskinstance.py:1166} INFO - Marking task as SUCCESS. dag_id=our_first_dag_v1, task_id=first_task, execution_date=20211024T000000, start_date=20231001T052013, end_date=20231001T052014
[2023-10-01 05:20:15,020] {taskinstance.py:1220} INFO - 0 downstream tasks scheduled from follow-on schedule check
[2023-10-01 05:20:15,125] {local_task_job.py:146} INFO - Task exited with return code 0
