[2023-10-01 06:28:31,906] {taskinstance.py:851} INFO - Dependencies all met for <TaskInstance: our_fifth_dag_v5.greet 2021-08-09T00:00:00+00:00 [queued]>
[2023-10-01 06:28:32,358] {taskinstance.py:851} INFO - Dependencies all met for <TaskInstance: our_fifth_dag_v5.greet 2021-08-09T00:00:00+00:00 [queued]>
[2023-10-01 06:28:32,378] {taskinstance.py:1042} INFO - 
--------------------------------------------------------------------------------
[2023-10-01 06:28:32,390] {taskinstance.py:1043} INFO - Starting attempt 1 of 6
[2023-10-01 06:28:32,438] {taskinstance.py:1044} INFO - 
--------------------------------------------------------------------------------
[2023-10-01 06:28:32,698] {taskinstance.py:1063} INFO - Executing <Task(PythonOperator): greet> on 2021-08-09T00:00:00+00:00
[2023-10-01 06:28:32,763] {standard_task_runner.py:52} INFO - Started process 7309 to run task
[2023-10-01 06:28:32,838] {standard_task_runner.py:76} INFO - Running: ['airflow', 'tasks', 'run', 'our_fifth_dag_v5', 'greet', '2021-08-09T00:00:00+00:00', '--job-id', '1030', '--pool', 'default_pool', '--raw', '--subdir', 'DAGS_FOLDER/our_fifth_dag.py', '--cfg-path', '/tmp/tmp08e7ke31', '--error-file', '/tmp/tmp8n86vu17']
[2023-10-01 06:28:32,950] {standard_task_runner.py:77} INFO - Job 1030: Subtask greet
[2023-10-01 06:28:33,987] {logging_mixin.py:104} INFO - Running <TaskInstance: our_fifth_dag_v5.greet 2021-08-09T00:00:00+00:00 [running]> on host d4ed655215d1
[2023-10-01 06:28:35,105] {taskinstance.py:1257} INFO - Exporting the following env vars:
AIRFLOW_CTX_DAG_OWNER=coder2j
AIRFLOW_CTX_DAG_ID=our_fifth_dag_v5
AIRFLOW_CTX_TASK_ID=greet
AIRFLOW_CTX_EXECUTION_DATE=2021-08-09T00:00:00+00:00
AIRFLOW_CTX_DAG_RUN_ID=scheduled__2021-08-09T00:00:00+00:00
[2023-10-01 06:28:35,166] {logging_mixin.py:104} INFO - Hello how are you
[2023-10-01 06:28:35,222] {python.py:118} INFO - Done. Returned value was: None
[2023-10-01 06:28:36,980] {taskinstance.py:1166} INFO - Marking task as SUCCESS. dag_id=our_fifth_dag_v5, task_id=greet, execution_date=20210809T000000, start_date=20231001T062831, end_date=20231001T062836
[2023-10-01 06:28:38,470] {taskinstance.py:1220} INFO - 0 downstream tasks scheduled from follow-on schedule check
[2023-10-01 06:28:38,747] {local_task_job.py:188} WARNING - State of this instance has been externally set to success. Terminating instance.
