[2023-10-01 17:00:37,930] {taskinstance.py:851} INFO - Dependencies all met for <TaskInstance: backup_postgres.list_current_directory 2023-10-01T17:00:18.154863+00:00 [queued]>
[2023-10-01 17:00:38,159] {taskinstance.py:851} INFO - Dependencies all met for <TaskInstance: backup_postgres.list_current_directory 2023-10-01T17:00:18.154863+00:00 [queued]>
[2023-10-01 17:00:38,170] {taskinstance.py:1042} INFO - 
--------------------------------------------------------------------------------
[2023-10-01 17:00:38,182] {taskinstance.py:1043} INFO - Starting attempt 1 of 6
[2023-10-01 17:00:38,186] {taskinstance.py:1044} INFO - 
--------------------------------------------------------------------------------
[2023-10-01 17:00:38,446] {taskinstance.py:1063} INFO - Executing <Task(BashOperator): list_current_directory> on 2023-10-01T17:00:18.154863+00:00
[2023-10-01 17:00:38,670] {standard_task_runner.py:52} INFO - Started process 1542 to run task
[2023-10-01 17:00:38,872] {standard_task_runner.py:76} INFO - Running: ['airflow', 'tasks', 'run', 'backup_postgres', 'list_current_directory', '2023-10-01T17:00:18.154863+00:00', '--job-id', '3', '--pool', 'default_pool', '--raw', '--subdir', 'DAGS_FOLDER/backup_postgres.py', '--cfg-path', '/tmp/tmpoottkdnh', '--error-file', '/tmp/tmpvne_o60q']
[2023-10-01 17:00:38,968] {standard_task_runner.py:77} INFO - Job 3: Subtask list_current_directory
[2023-10-01 17:00:39,529] {logging_mixin.py:104} INFO - Running <TaskInstance: backup_postgres.list_current_directory 2023-10-01T17:00:18.154863+00:00 [running]> on host fd223686bd9d
[2023-10-01 17:00:40,116] {taskinstance.py:1257} INFO - Exporting the following env vars:
AIRFLOW_CTX_DAG_OWNER=svastikkka
AIRFLOW_CTX_DAG_ID=backup_postgres
AIRFLOW_CTX_TASK_ID=list_current_directory
AIRFLOW_CTX_EXECUTION_DATE=2023-10-01T17:00:18.154863+00:00
AIRFLOW_CTX_DAG_RUN_ID=manual__2023-10-01T17:00:18.154863+00:00
[2023-10-01 17:00:40,119] {bash.py:135} INFO - Tmp dir root location: 
 /tmp
[2023-10-01 17:00:40,122] {bash.py:158} INFO - Running command: ls -l
[2023-10-01 17:00:40,786] {bash.py:169} INFO - Output:
[2023-10-01 17:00:41,065] {bash.py:173} INFO - total 0
[2023-10-01 17:00:41,069] {bash.py:177} INFO - Command exited with return code 0
[2023-10-01 17:00:41,563] {taskinstance.py:1166} INFO - Marking task as SUCCESS. dag_id=backup_postgres, task_id=list_current_directory, execution_date=20231001T170018, start_date=20231001T170037, end_date=20231001T170041
[2023-10-01 17:00:41,942] {taskinstance.py:1220} INFO - 1 downstream tasks scheduled from follow-on schedule check
[2023-10-01 17:00:42,202] {local_task_job.py:146} INFO - Task exited with return code 0
