[2023-10-01 05:02:41,830] {taskinstance.py:851} INFO - Dependencies all met for <TaskInstance: our_first_dag_v1.first_task 2021-08-25T00:00:00+00:00 [queued]>
[2023-10-01 05:02:41,995] {taskinstance.py:851} INFO - Dependencies all met for <TaskInstance: our_first_dag_v1.first_task 2021-08-25T00:00:00+00:00 [queued]>
[2023-10-01 05:02:42,010] {taskinstance.py:1042} INFO - 
--------------------------------------------------------------------------------
[2023-10-01 05:02:42,021] {taskinstance.py:1043} INFO - Starting attempt 1 of 6
[2023-10-01 05:02:42,032] {taskinstance.py:1044} INFO - 
--------------------------------------------------------------------------------
[2023-10-01 05:02:42,165] {taskinstance.py:1063} INFO - Executing <Task(BashOperator): first_task> on 2021-08-25T00:00:00+00:00
[2023-10-01 05:02:42,211] {standard_task_runner.py:52} INFO - Started process 1080 to run task
[2023-10-01 05:02:42,310] {standard_task_runner.py:76} INFO - Running: ['airflow', 'tasks', 'run', 'our_first_dag_v1', 'first_task', '2021-08-25T00:00:00+00:00', '--job-id', '118', '--pool', 'default_pool', '--raw', '--subdir', 'DAGS_FOLDER/our_first_dag.py', '--cfg-path', '/tmp/tmpsl5y81ix', '--error-file', '/tmp/tmpavkbztar']
[2023-10-01 05:02:42,368] {standard_task_runner.py:77} INFO - Job 118: Subtask first_task
[2023-10-01 05:02:42,741] {logging_mixin.py:104} INFO - Running <TaskInstance: our_first_dag_v1.first_task 2021-08-25T00:00:00+00:00 [running]> on host c25e1f8124bc
[2023-10-01 05:02:43,066] {taskinstance.py:1257} INFO - Exporting the following env vars:
AIRFLOW_CTX_DAG_OWNER=coder2j
AIRFLOW_CTX_DAG_ID=our_first_dag_v1
AIRFLOW_CTX_TASK_ID=first_task
AIRFLOW_CTX_EXECUTION_DATE=2021-08-25T00:00:00+00:00
AIRFLOW_CTX_DAG_RUN_ID=scheduled__2021-08-25T00:00:00+00:00
[2023-10-01 05:02:43,071] {bash.py:135} INFO - Tmp dir root location: 
 /tmp
[2023-10-01 05:02:43,074] {bash.py:158} INFO - Running command: echo hello world, this is the first task!
[2023-10-01 05:02:43,171] {bash.py:169} INFO - Output:
[2023-10-01 05:02:43,182] {bash.py:173} INFO - hello world, this is the first task!
[2023-10-01 05:02:43,190] {bash.py:177} INFO - Command exited with return code 0
[2023-10-01 05:02:43,380] {taskinstance.py:1166} INFO - Marking task as SUCCESS. dag_id=our_first_dag_v1, task_id=first_task, execution_date=20210825T000000, start_date=20231001T050241, end_date=20231001T050243
[2023-10-01 05:02:43,875] {taskinstance.py:1220} INFO - 0 downstream tasks scheduled from follow-on schedule check
[2023-10-01 05:02:43,946] {local_task_job.py:146} INFO - Task exited with return code 0
[2023-10-01 05:19:00,863] {taskinstance.py:851} INFO - Dependencies all met for <TaskInstance: our_first_dag_v1.first_task 2021-08-25T00:00:00+00:00 [queued]>
[2023-10-01 05:19:01,026] {taskinstance.py:851} INFO - Dependencies all met for <TaskInstance: our_first_dag_v1.first_task 2021-08-25T00:00:00+00:00 [queued]>
[2023-10-01 05:19:01,029] {taskinstance.py:1042} INFO - 
--------------------------------------------------------------------------------
[2023-10-01 05:19:01,031] {taskinstance.py:1043} INFO - Starting attempt 1 of 6
[2023-10-01 05:19:01,033] {taskinstance.py:1044} INFO - 
--------------------------------------------------------------------------------
[2023-10-01 05:19:01,162] {taskinstance.py:1063} INFO - Executing <Task(BashOperator): first_task> on 2021-08-25T00:00:00+00:00
[2023-10-01 05:19:01,215] {standard_task_runner.py:52} INFO - Started process 314 to run task
[2023-10-01 05:19:01,317] {standard_task_runner.py:76} INFO - Running: ['airflow', 'tasks', 'run', 'our_first_dag_v1', 'first_task', '2021-08-25T00:00:00+00:00', '--job-id', '28', '--pool', 'default_pool', '--raw', '--subdir', 'DAGS_FOLDER/our_first_dag.py', '--cfg-path', '/tmp/tmpk7gtk_tu', '--error-file', '/tmp/tmp5fne59ag']
[2023-10-01 05:19:01,368] {standard_task_runner.py:77} INFO - Job 28: Subtask first_task
[2023-10-01 05:19:01,855] {logging_mixin.py:104} INFO - Running <TaskInstance: our_first_dag_v1.first_task 2021-08-25T00:00:00+00:00 [running]> on host d4ed655215d1
[2023-10-01 05:19:02,300] {taskinstance.py:1257} INFO - Exporting the following env vars:
AIRFLOW_CTX_DAG_OWNER=coder2j
AIRFLOW_CTX_DAG_ID=our_first_dag_v1
AIRFLOW_CTX_TASK_ID=first_task
AIRFLOW_CTX_EXECUTION_DATE=2021-08-25T00:00:00+00:00
AIRFLOW_CTX_DAG_RUN_ID=scheduled__2021-08-25T00:00:00+00:00
[2023-10-01 05:19:02,307] {bash.py:135} INFO - Tmp dir root location: 
 /tmp
[2023-10-01 05:19:02,314] {bash.py:158} INFO - Running command: echo hello world, this is the first task!
[2023-10-01 05:19:02,384] {bash.py:169} INFO - Output:
[2023-10-01 05:19:02,433] {bash.py:173} INFO - hello world, this is the first task!
[2023-10-01 05:19:02,444] {bash.py:177} INFO - Command exited with return code 0
[2023-10-01 05:19:02,666] {taskinstance.py:1166} INFO - Marking task as SUCCESS. dag_id=our_first_dag_v1, task_id=first_task, execution_date=20210825T000000, start_date=20231001T051900, end_date=20231001T051902
[2023-10-01 05:19:03,375] {taskinstance.py:1220} INFO - 0 downstream tasks scheduled from follow-on schedule check
[2023-10-01 05:19:03,514] {local_task_job.py:146} INFO - Task exited with return code 0
