[2023-10-01 08:08:09,294] {taskinstance.py:851} INFO - Dependencies all met for <TaskInstance: our_eight_dag_v8.get_name 2021-08-12T00:00:00+00:00 [queued]>
[2023-10-01 08:08:09,906] {taskinstance.py:851} INFO - Dependencies all met for <TaskInstance: our_eight_dag_v8.get_name 2021-08-12T00:00:00+00:00 [queued]>
[2023-10-01 08:08:09,918] {taskinstance.py:1042} INFO - 
--------------------------------------------------------------------------------
[2023-10-01 08:08:09,921] {taskinstance.py:1043} INFO - Starting attempt 1 of 6
[2023-10-01 08:08:09,926] {taskinstance.py:1044} INFO - 
--------------------------------------------------------------------------------
[2023-10-01 08:08:10,073] {taskinstance.py:1063} INFO - Executing <Task(PythonOperator): get_name> on 2021-08-12T00:00:00+00:00
[2023-10-01 08:08:10,146] {standard_task_runner.py:52} INFO - Started process 24797 to run task
[2023-10-01 08:08:10,320] {standard_task_runner.py:76} INFO - Running: ['airflow', 'tasks', 'run', 'our_eight_dag_v8', 'get_name', '2021-08-12T00:00:00+00:00', '--job-id', '2464', '--pool', 'default_pool', '--raw', '--subdir', 'DAGS_FOLDER/our_eight_dag.py', '--cfg-path', '/tmp/tmpnv6weg2s', '--error-file', '/tmp/tmpt_8sffek']
[2023-10-01 08:08:10,457] {standard_task_runner.py:77} INFO - Job 2464: Subtask get_name
[2023-10-01 08:08:13,049] {logging_mixin.py:104} INFO - Running <TaskInstance: our_eight_dag_v8.get_name 2021-08-12T00:00:00+00:00 [running]> on host d4ed655215d1
[2023-10-01 08:08:14,574] {taskinstance.py:1257} INFO - Exporting the following env vars:
AIRFLOW_CTX_DAG_OWNER=svastikkka
AIRFLOW_CTX_DAG_ID=our_eight_dag_v8
AIRFLOW_CTX_TASK_ID=get_name
AIRFLOW_CTX_EXECUTION_DATE=2021-08-12T00:00:00+00:00
AIRFLOW_CTX_DAG_RUN_ID=scheduled__2021-08-12T00:00:00+00:00
[2023-10-01 08:08:15,092] {python.py:118} INFO - Done. Returned value was: None
[2023-10-01 08:08:15,191] {taskinstance.py:1166} INFO - Marking task as SUCCESS. dag_id=our_eight_dag_v8, task_id=get_name, execution_date=20210812T000000, start_date=20231001T080809, end_date=20231001T080815
[2023-10-01 08:08:15,623] {local_task_job.py:188} WARNING - State of this instance has been externally set to success. Terminating instance.
[2023-10-01 08:08:15,677] {process_utils.py:100} INFO - Sending Signals.SIGTERM to GPID 24797
[2023-10-01 08:08:15,700] {taskinstance.py:1239} ERROR - Received SIGTERM. Terminating subprocesses.
[2023-10-01 08:08:15,879] {process_utils.py:66} INFO - Process psutil.Process(pid=24797, status='terminated', exitcode=1, started='08:08:09') (24797) terminated with exit code 1
