[2023-10-01 09:18:56,195] {taskinstance.py:851} INFO - Dependencies all met for <TaskInstance: cron.first_task 2021-08-28T00:00:00+00:00 [queued]>
[2023-10-01 09:18:56,349] {taskinstance.py:851} INFO - Dependencies all met for <TaskInstance: cron.first_task 2021-08-28T00:00:00+00:00 [queued]>
[2023-10-01 09:18:56,352] {taskinstance.py:1042} INFO - 
--------------------------------------------------------------------------------
[2023-10-01 09:18:56,358] {taskinstance.py:1043} INFO - Starting attempt 1 of 6
[2023-10-01 09:18:56,361] {taskinstance.py:1044} INFO - 
--------------------------------------------------------------------------------
[2023-10-01 09:18:56,415] {taskinstance.py:1063} INFO - Executing <Task(BashOperator): first_task> on 2021-08-28T00:00:00+00:00
[2023-10-01 09:18:56,431] {standard_task_runner.py:52} INFO - Started process 34699 to run task
[2023-10-01 09:18:56,488] {standard_task_runner.py:76} INFO - Running: ['airflow', 'tasks', 'run', 'cron', 'first_task', '2021-08-28T00:00:00+00:00', '--job-id', '2520', '--pool', 'default_pool', '--raw', '--subdir', 'DAGS_FOLDER/cron.py', '--cfg-path', '/tmp/tmps_4m8_p9', '--error-file', '/tmp/tmpb5zk1vq8']
[2023-10-01 09:18:56,544] {standard_task_runner.py:77} INFO - Job 2520: Subtask first_task
[2023-10-01 09:18:57,758] {logging_mixin.py:104} INFO - Running <TaskInstance: cron.first_task 2021-08-28T00:00:00+00:00 [running]> on host d4ed655215d1
[2023-10-01 09:18:58,348] {taskinstance.py:1257} INFO - Exporting the following env vars:
AIRFLOW_CTX_DAG_OWNER=svastikkka
AIRFLOW_CTX_DAG_ID=cron
AIRFLOW_CTX_TASK_ID=first_task
AIRFLOW_CTX_EXECUTION_DATE=2021-08-28T00:00:00+00:00
AIRFLOW_CTX_DAG_RUN_ID=scheduled__2021-08-28T00:00:00+00:00
[2023-10-01 09:18:58,365] {bash.py:135} INFO - Tmp dir root location: 
 /tmp
[2023-10-01 09:18:58,405] {bash.py:158} INFO - Running command: echo hello world, this is the first task!
[2023-10-01 09:18:58,517] {bash.py:169} INFO - Output:
[2023-10-01 09:18:58,540] {bash.py:173} INFO - hello world, this is the first task!
[2023-10-01 09:18:58,551] {bash.py:177} INFO - Command exited with return code 0
[2023-10-01 09:18:58,933] {taskinstance.py:1166} INFO - Marking task as SUCCESS. dag_id=cron, task_id=first_task, execution_date=20210828T000000, start_date=20231001T091856, end_date=20231001T091858
[2023-10-01 09:18:59,149] {taskinstance.py:1220} INFO - 0 downstream tasks scheduled from follow-on schedule check
[2023-10-01 09:18:59,272] {local_task_job.py:146} INFO - Task exited with return code 0
