[2023-10-01 05:06:10,109] {taskinstance.py:851} INFO - Dependencies all met for <TaskInstance: our_first_dag_v1.first_task 2022-01-24T00:00:00+00:00 [queued]>
[2023-10-01 05:06:10,246] {taskinstance.py:851} INFO - Dependencies all met for <TaskInstance: our_first_dag_v1.first_task 2022-01-24T00:00:00+00:00 [queued]>
[2023-10-01 05:06:10,248] {taskinstance.py:1042} INFO - 
--------------------------------------------------------------------------------
[2023-10-01 05:06:10,251] {taskinstance.py:1043} INFO - Starting attempt 1 of 6
[2023-10-01 05:06:10,254] {taskinstance.py:1044} INFO - 
--------------------------------------------------------------------------------
[2023-10-01 05:06:10,353] {taskinstance.py:1063} INFO - Executing <Task(BashOperator): first_task> on 2022-01-24T00:00:00+00:00
[2023-10-01 05:06:10,393] {standard_task_runner.py:52} INFO - Started process 1620 to run task
[2023-10-01 05:06:10,438] {standard_task_runner.py:76} INFO - Running: ['airflow', 'tasks', 'run', 'our_first_dag_v1', 'first_task', '2022-01-24T00:00:00+00:00', '--job-id', '270', '--pool', 'default_pool', '--raw', '--subdir', 'DAGS_FOLDER/our_first_dag.py', '--cfg-path', '/tmp/tmp6p_2f4k0', '--error-file', '/tmp/tmpe2b06jlz']
[2023-10-01 05:06:10,464] {standard_task_runner.py:77} INFO - Job 270: Subtask first_task
[2023-10-01 05:06:10,838] {logging_mixin.py:104} INFO - Running <TaskInstance: our_first_dag_v1.first_task 2022-01-24T00:00:00+00:00 [running]> on host c25e1f8124bc
[2023-10-01 05:06:11,336] {taskinstance.py:1257} INFO - Exporting the following env vars:
AIRFLOW_CTX_DAG_OWNER=coder2j
AIRFLOW_CTX_DAG_ID=our_first_dag_v1
AIRFLOW_CTX_TASK_ID=first_task
AIRFLOW_CTX_EXECUTION_DATE=2022-01-24T00:00:00+00:00
AIRFLOW_CTX_DAG_RUN_ID=scheduled__2022-01-24T00:00:00+00:00
[2023-10-01 05:06:11,338] {bash.py:135} INFO - Tmp dir root location: 
 /tmp
[2023-10-01 05:06:11,341] {bash.py:158} INFO - Running command: echo hello world, this is the first task!
[2023-10-01 05:06:11,505] {bash.py:169} INFO - Output:
[2023-10-01 05:06:11,523] {bash.py:173} INFO - hello world, this is the first task!
[2023-10-01 05:06:11,525] {bash.py:177} INFO - Command exited with return code 0
[2023-10-01 05:06:11,673] {taskinstance.py:1166} INFO - Marking task as SUCCESS. dag_id=our_first_dag_v1, task_id=first_task, execution_date=20220124T000000, start_date=20231001T050610, end_date=20231001T050611
[2023-10-01 05:06:11,901] {taskinstance.py:1220} INFO - 0 downstream tasks scheduled from follow-on schedule check
[2023-10-01 05:06:12,052] {local_task_job.py:146} INFO - Task exited with return code 0
