[2023-10-01 05:03:42,931] {taskinstance.py:851} INFO - Dependencies all met for <TaskInstance: our_first_dag_v1.first_task 2021-10-06T00:00:00+00:00 [queued]>
[2023-10-01 05:03:43,043] {taskinstance.py:851} INFO - Dependencies all met for <TaskInstance: our_first_dag_v1.first_task 2021-10-06T00:00:00+00:00 [queued]>
[2023-10-01 05:03:43,045] {taskinstance.py:1042} INFO - 
--------------------------------------------------------------------------------
[2023-10-01 05:03:43,048] {taskinstance.py:1043} INFO - Starting attempt 1 of 6
[2023-10-01 05:03:43,051] {taskinstance.py:1044} INFO - 
--------------------------------------------------------------------------------
[2023-10-01 05:03:43,147] {taskinstance.py:1063} INFO - Executing <Task(BashOperator): first_task> on 2021-10-06T00:00:00+00:00
[2023-10-01 05:03:43,190] {standard_task_runner.py:52} INFO - Started process 1229 to run task
[2023-10-01 05:03:43,289] {standard_task_runner.py:76} INFO - Running: ['airflow', 'tasks', 'run', 'our_first_dag_v1', 'first_task', '2021-10-06T00:00:00+00:00', '--job-id', '160', '--pool', 'default_pool', '--raw', '--subdir', 'DAGS_FOLDER/our_first_dag.py', '--cfg-path', '/tmp/tmp5tcz3jm4', '--error-file', '/tmp/tmphlmviidv']
[2023-10-01 05:03:43,333] {standard_task_runner.py:77} INFO - Job 160: Subtask first_task
[2023-10-01 05:03:43,822] {logging_mixin.py:104} INFO - Running <TaskInstance: our_first_dag_v1.first_task 2021-10-06T00:00:00+00:00 [running]> on host c25e1f8124bc
[2023-10-01 05:03:44,323] {taskinstance.py:1257} INFO - Exporting the following env vars:
AIRFLOW_CTX_DAG_OWNER=coder2j
AIRFLOW_CTX_DAG_ID=our_first_dag_v1
AIRFLOW_CTX_TASK_ID=first_task
AIRFLOW_CTX_EXECUTION_DATE=2021-10-06T00:00:00+00:00
AIRFLOW_CTX_DAG_RUN_ID=scheduled__2021-10-06T00:00:00+00:00
[2023-10-01 05:03:44,334] {bash.py:135} INFO - Tmp dir root location: 
 /tmp
[2023-10-01 05:03:44,350] {bash.py:158} INFO - Running command: echo hello world, this is the first task!
[2023-10-01 05:03:44,463] {bash.py:169} INFO - Output:
[2023-10-01 05:03:44,469] {bash.py:173} INFO - hello world, this is the first task!
[2023-10-01 05:03:44,472] {bash.py:177} INFO - Command exited with return code 0
[2023-10-01 05:03:44,757] {taskinstance.py:1166} INFO - Marking task as SUCCESS. dag_id=our_first_dag_v1, task_id=first_task, execution_date=20211006T000000, start_date=20231001T050342, end_date=20231001T050344
[2023-10-01 05:03:45,990] {taskinstance.py:1220} INFO - 0 downstream tasks scheduled from follow-on schedule check
[2023-10-01 05:03:46,228] {local_task_job.py:146} INFO - Task exited with return code 0
[2023-10-01 05:19:54,992] {taskinstance.py:851} INFO - Dependencies all met for <TaskInstance: our_first_dag_v1.first_task 2021-10-06T00:00:00+00:00 [queued]>
[2023-10-01 05:19:55,151] {taskinstance.py:851} INFO - Dependencies all met for <TaskInstance: our_first_dag_v1.first_task 2021-10-06T00:00:00+00:00 [queued]>
[2023-10-01 05:19:55,153] {taskinstance.py:1042} INFO - 
--------------------------------------------------------------------------------
[2023-10-01 05:19:55,154] {taskinstance.py:1043} INFO - Starting attempt 1 of 6
[2023-10-01 05:19:55,156] {taskinstance.py:1044} INFO - 
--------------------------------------------------------------------------------
[2023-10-01 05:19:55,258] {taskinstance.py:1063} INFO - Executing <Task(BashOperator): first_task> on 2021-10-06T00:00:00+00:00
[2023-10-01 05:19:55,326] {standard_task_runner.py:52} INFO - Started process 465 to run task
[2023-10-01 05:19:55,372] {standard_task_runner.py:76} INFO - Running: ['airflow', 'tasks', 'run', 'our_first_dag_v1', 'first_task', '2021-10-06T00:00:00+00:00', '--job-id', '70', '--pool', 'default_pool', '--raw', '--subdir', 'DAGS_FOLDER/our_first_dag.py', '--cfg-path', '/tmp/tmphbwer73y', '--error-file', '/tmp/tmppizbjt73']
[2023-10-01 05:19:55,382] {standard_task_runner.py:77} INFO - Job 70: Subtask first_task
[2023-10-01 05:19:55,723] {logging_mixin.py:104} INFO - Running <TaskInstance: our_first_dag_v1.first_task 2021-10-06T00:00:00+00:00 [running]> on host d4ed655215d1
[2023-10-01 05:19:56,074] {taskinstance.py:1257} INFO - Exporting the following env vars:
AIRFLOW_CTX_DAG_OWNER=coder2j
AIRFLOW_CTX_DAG_ID=our_first_dag_v1
AIRFLOW_CTX_TASK_ID=first_task
AIRFLOW_CTX_EXECUTION_DATE=2021-10-06T00:00:00+00:00
AIRFLOW_CTX_DAG_RUN_ID=scheduled__2021-10-06T00:00:00+00:00
[2023-10-01 05:19:56,086] {bash.py:135} INFO - Tmp dir root location: 
 /tmp
[2023-10-01 05:19:56,100] {bash.py:158} INFO - Running command: echo hello world, this is the first task!
[2023-10-01 05:19:56,212] {bash.py:169} INFO - Output:
[2023-10-01 05:19:56,229] {bash.py:173} INFO - hello world, this is the first task!
[2023-10-01 05:19:56,254] {bash.py:177} INFO - Command exited with return code 0
[2023-10-01 05:19:56,365] {taskinstance.py:1166} INFO - Marking task as SUCCESS. dag_id=our_first_dag_v1, task_id=first_task, execution_date=20211006T000000, start_date=20231001T051955, end_date=20231001T051956
[2023-10-01 05:19:57,123] {taskinstance.py:1220} INFO - 0 downstream tasks scheduled from follow-on schedule check
[2023-10-01 05:19:57,227] {local_task_job.py:146} INFO - Task exited with return code 0
