[2023-10-01 06:16:25,971] {taskinstance.py:851} INFO - Dependencies all met for <TaskInstance: our_fourth_dag_v4.first_task 2021-11-17T00:00:00+00:00 [queued]>
[2023-10-01 06:16:28,690] {taskinstance.py:851} INFO - Dependencies all met for <TaskInstance: our_fourth_dag_v4.first_task 2021-11-17T00:00:00+00:00 [queued]>
[2023-10-01 06:16:28,694] {taskinstance.py:1042} INFO - 
--------------------------------------------------------------------------------
[2023-10-01 06:16:28,697] {taskinstance.py:1043} INFO - Starting attempt 1 of 6
[2023-10-01 06:16:28,699] {taskinstance.py:1044} INFO - 
--------------------------------------------------------------------------------
[2023-10-01 06:16:33,176] {taskinstance.py:1063} INFO - Executing <Task(BashOperator): first_task> on 2021-11-17T00:00:00+00:00
[2023-10-01 06:16:33,461] {standard_task_runner.py:52} INFO - Started process 5553 to run task
[2023-10-01 06:16:33,754] {standard_task_runner.py:76} INFO - Running: ['airflow', 'tasks', 'run', 'our_fourth_dag_v4', 'first_task', '2021-11-17T00:00:00+00:00', '--job-id', '756', '--pool', 'default_pool', '--raw', '--subdir', 'DAGS_FOLDER/our_fourth_dag.py', '--cfg-path', '/tmp/tmpec5b8p0r', '--error-file', '/tmp/tmpvf63knqv']
[2023-10-01 06:16:33,948] {standard_task_runner.py:77} INFO - Job 756: Subtask first_task
[2023-10-01 06:16:36,187] {logging_mixin.py:104} INFO - Running <TaskInstance: our_fourth_dag_v4.first_task 2021-11-17T00:00:00+00:00 [running]> on host d4ed655215d1
[2023-10-01 06:16:37,223] {taskinstance.py:1257} INFO - Exporting the following env vars:
AIRFLOW_CTX_DAG_OWNER=svastikkka
AIRFLOW_CTX_DAG_ID=our_fourth_dag_v4
AIRFLOW_CTX_TASK_ID=first_task
AIRFLOW_CTX_EXECUTION_DATE=2021-11-17T00:00:00+00:00
AIRFLOW_CTX_DAG_RUN_ID=scheduled__2021-11-17T00:00:00+00:00
[2023-10-01 06:16:37,242] {bash.py:135} INFO - Tmp dir root location: 
 /tmp
[2023-10-01 06:16:37,284] {bash.py:158} INFO - Running command: echo hello world, this is the first task!
[2023-10-01 06:16:37,533] {bash.py:169} INFO - Output:
[2023-10-01 06:16:37,600] {bash.py:173} INFO - hello world, this is the first task!
[2023-10-01 06:16:37,601] {bash.py:177} INFO - Command exited with return code 0
[2023-10-01 06:16:38,202] {taskinstance.py:1166} INFO - Marking task as SUCCESS. dag_id=our_fourth_dag_v4, task_id=first_task, execution_date=20211117T000000, start_date=20231001T061626, end_date=20231001T061638
[2023-10-01 06:16:38,852] {taskinstance.py:1220} INFO - 2 downstream tasks scheduled from follow-on schedule check
[2023-10-01 06:16:38,871] {local_task_job.py:188} WARNING - State of this instance has been externally set to success. Terminating instance.
[2023-10-01 06:16:38,890] {process_utils.py:100} INFO - Sending Signals.SIGTERM to GPID 5553
[2023-10-01 06:16:39,018] {process_utils.py:66} INFO - Process psutil.Process(pid=5553, status='terminated', exitcode=0, started='06:16:33') (5553) terminated with exit code 0
