[2023-10-01 06:29:13,498] {taskinstance.py:851} INFO - Dependencies all met for <TaskInstance: our_fifth_dag_v5.greet 2021-08-24T00:00:00+00:00 [queued]>
[2023-10-01 06:29:13,747] {taskinstance.py:851} INFO - Dependencies all met for <TaskInstance: our_fifth_dag_v5.greet 2021-08-24T00:00:00+00:00 [queued]>
[2023-10-01 06:29:13,756] {taskinstance.py:1042} INFO - 
--------------------------------------------------------------------------------
[2023-10-01 06:29:13,760] {taskinstance.py:1043} INFO - Starting attempt 1 of 6
[2023-10-01 06:29:13,770] {taskinstance.py:1044} INFO - 
--------------------------------------------------------------------------------
[2023-10-01 06:29:13,901] {taskinstance.py:1063} INFO - Executing <Task(PythonOperator): greet> on 2021-08-24T00:00:00+00:00
[2023-10-01 06:29:14,000] {standard_task_runner.py:52} INFO - Started process 7410 to run task
[2023-10-01 06:29:14,040] {standard_task_runner.py:76} INFO - Running: ['airflow', 'tasks', 'run', 'our_fifth_dag_v5', 'greet', '2021-08-24T00:00:00+00:00', '--job-id', '1045', '--pool', 'default_pool', '--raw', '--subdir', 'DAGS_FOLDER/our_fifth_dag.py', '--cfg-path', '/tmp/tmpmabajdq6', '--error-file', '/tmp/tmpx20y03pg']
[2023-10-01 06:29:14,095] {standard_task_runner.py:77} INFO - Job 1045: Subtask greet
[2023-10-01 06:29:14,777] {logging_mixin.py:104} INFO - Running <TaskInstance: our_fifth_dag_v5.greet 2021-08-24T00:00:00+00:00 [running]> on host d4ed655215d1
[2023-10-01 06:29:15,315] {taskinstance.py:1257} INFO - Exporting the following env vars:
AIRFLOW_CTX_DAG_OWNER=coder2j
AIRFLOW_CTX_DAG_ID=our_fifth_dag_v5
AIRFLOW_CTX_TASK_ID=greet
AIRFLOW_CTX_EXECUTION_DATE=2021-08-24T00:00:00+00:00
AIRFLOW_CTX_DAG_RUN_ID=scheduled__2021-08-24T00:00:00+00:00
[2023-10-01 06:29:15,335] {logging_mixin.py:104} INFO - Hello how are you
[2023-10-01 06:29:15,343] {python.py:118} INFO - Done. Returned value was: None
[2023-10-01 06:29:15,438] {taskinstance.py:1166} INFO - Marking task as SUCCESS. dag_id=our_fifth_dag_v5, task_id=greet, execution_date=20210824T000000, start_date=20231001T062913, end_date=20231001T062915
[2023-10-01 06:29:15,844] {taskinstance.py:1220} INFO - 0 downstream tasks scheduled from follow-on schedule check
[2023-10-01 06:29:15,930] {local_task_job.py:146} INFO - Task exited with return code 0
