[2023-10-01 08:07:59,160] {taskinstance.py:851} INFO - Dependencies all met for <TaskInstance: our_eight_dag_v8.get_name 2021-08-10T00:00:00+00:00 [queued]>
[2023-10-01 08:08:00,051] {taskinstance.py:851} INFO - Dependencies all met for <TaskInstance: our_eight_dag_v8.get_name 2021-08-10T00:00:00+00:00 [queued]>
[2023-10-01 08:08:00,055] {taskinstance.py:1042} INFO - 
--------------------------------------------------------------------------------
[2023-10-01 08:08:00,057] {taskinstance.py:1043} INFO - Starting attempt 1 of 6
[2023-10-01 08:08:00,060] {taskinstance.py:1044} INFO - 
--------------------------------------------------------------------------------
[2023-10-01 08:08:00,723] {taskinstance.py:1063} INFO - Executing <Task(PythonOperator): get_name> on 2021-08-10T00:00:00+00:00
[2023-10-01 08:08:00,977] {standard_task_runner.py:52} INFO - Started process 24769 to run task
[2023-10-01 08:08:01,207] {standard_task_runner.py:76} INFO - Running: ['airflow', 'tasks', 'run', 'our_eight_dag_v8', 'get_name', '2021-08-10T00:00:00+00:00', '--job-id', '2460', '--pool', 'default_pool', '--raw', '--subdir', 'DAGS_FOLDER/our_eight_dag.py', '--cfg-path', '/tmp/tmpplenukxd', '--error-file', '/tmp/tmps8pre7tx']
[2023-10-01 08:08:01,660] {standard_task_runner.py:77} INFO - Job 2460: Subtask get_name
[2023-10-01 08:08:05,758] {logging_mixin.py:104} INFO - Running <TaskInstance: our_eight_dag_v8.get_name 2021-08-10T00:00:00+00:00 [running]> on host d4ed655215d1
[2023-10-01 08:08:07,644] {taskinstance.py:1257} INFO - Exporting the following env vars:
AIRFLOW_CTX_DAG_OWNER=svastikkka
AIRFLOW_CTX_DAG_ID=our_eight_dag_v8
AIRFLOW_CTX_TASK_ID=get_name
AIRFLOW_CTX_EXECUTION_DATE=2021-08-10T00:00:00+00:00
AIRFLOW_CTX_DAG_RUN_ID=scheduled__2021-08-10T00:00:00+00:00
[2023-10-01 08:08:08,080] {python.py:118} INFO - Done. Returned value was: None
[2023-10-01 08:08:08,387] {taskinstance.py:1166} INFO - Marking task as SUCCESS. dag_id=our_eight_dag_v8, task_id=get_name, execution_date=20210810T000000, start_date=20231001T080759, end_date=20231001T080808
[2023-10-01 08:08:09,353] {taskinstance.py:1220} INFO - 0 downstream tasks scheduled from follow-on schedule check
[2023-10-01 08:08:09,684] {local_task_job.py:146} INFO - Task exited with return code 0
