[2023-10-01 05:56:28,283] {taskinstance.py:851} INFO - Dependencies all met for <TaskInstance: our_third_dag_v3.thrid_task 2021-08-23T00:00:00+00:00 [queued]>
[2023-10-01 05:56:28,579] {taskinstance.py:851} INFO - Dependencies all met for <TaskInstance: our_third_dag_v3.thrid_task 2021-08-23T00:00:00+00:00 [queued]>
[2023-10-01 05:56:28,581] {taskinstance.py:1042} INFO - 
--------------------------------------------------------------------------------
[2023-10-01 05:56:28,583] {taskinstance.py:1043} INFO - Starting attempt 1 of 6
[2023-10-01 05:56:28,596] {taskinstance.py:1044} INFO - 
--------------------------------------------------------------------------------
[2023-10-01 05:56:28,812] {taskinstance.py:1063} INFO - Executing <Task(BashOperator): thrid_task> on 2021-08-23T00:00:00+00:00
[2023-10-01 05:56:28,909] {standard_task_runner.py:52} INFO - Started process 2630 to run task
[2023-10-01 05:56:29,070] {standard_task_runner.py:76} INFO - Running: ['airflow', 'tasks', 'run', 'our_third_dag_v3', 'thrid_task', '2021-08-23T00:00:00+00:00', '--job-id', '228', '--pool', 'default_pool', '--raw', '--subdir', 'DAGS_FOLDER/our_third_dag.py', '--cfg-path', '/tmp/tmp26ed6l1y', '--error-file', '/tmp/tmpgwqxqt7z']
[2023-10-01 05:56:29,145] {standard_task_runner.py:77} INFO - Job 228: Subtask thrid_task
[2023-10-01 05:56:29,886] {logging_mixin.py:104} INFO - Running <TaskInstance: our_third_dag_v3.thrid_task 2021-08-23T00:00:00+00:00 [running]> on host d4ed655215d1
[2023-10-01 05:56:31,468] {taskinstance.py:1257} INFO - Exporting the following env vars:
AIRFLOW_CTX_DAG_OWNER=coder2j
AIRFLOW_CTX_DAG_ID=our_third_dag_v3
AIRFLOW_CTX_TASK_ID=thrid_task
AIRFLOW_CTX_EXECUTION_DATE=2021-08-23T00:00:00+00:00
AIRFLOW_CTX_DAG_RUN_ID=scheduled__2021-08-23T00:00:00+00:00
[2023-10-01 05:56:31,636] {bash.py:135} INFO - Tmp dir root location: 
 /tmp
[2023-10-01 05:56:31,678] {bash.py:158} INFO - Running command: echo hey, I am task3 and will be running after task1 at the same time as task2!
[2023-10-01 05:56:32,023] {bash.py:169} INFO - Output:
[2023-10-01 05:56:32,082] {bash.py:173} INFO - hey, I am task3 and will be running after task1 at the same time as task2!
[2023-10-01 05:56:32,123] {bash.py:177} INFO - Command exited with return code 0
[2023-10-01 05:56:32,812] {taskinstance.py:1166} INFO - Marking task as SUCCESS. dag_id=our_third_dag_v3, task_id=thrid_task, execution_date=20210823T000000, start_date=20231001T055628, end_date=20231001T055632
[2023-10-01 05:56:34,252] {local_task_job.py:188} WARNING - State of this instance has been externally set to success. Terminating instance.
[2023-10-01 05:56:34,321] {process_utils.py:100} INFO - Sending Signals.SIGTERM to GPID 2630
[2023-10-01 05:56:34,542] {taskinstance.py:1239} ERROR - Received SIGTERM. Terminating subprocesses.
[2023-10-01 05:56:34,544] {bash.py:185} INFO - Sending SIGTERM signal to bash process group
[2023-10-01 05:56:34,800] {process_utils.py:66} INFO - Process psutil.Process(pid=2630, status='terminated', exitcode=1, started='05:56:28') (2630) terminated with exit code 1
