[2023-10-01 07:39:04,854] {taskinstance.py:851} INFO - Dependencies all met for <TaskInstance: our_seventh_dag_v7.get_name 2021-09-20T00:00:00+00:00 [queued]>
[2023-10-01 07:39:05,155] {taskinstance.py:851} INFO - Dependencies all met for <TaskInstance: our_seventh_dag_v7.get_name 2021-09-20T00:00:00+00:00 [queued]>
[2023-10-01 07:39:05,156] {taskinstance.py:1042} INFO - 
--------------------------------------------------------------------------------
[2023-10-01 07:39:05,158] {taskinstance.py:1043} INFO - Starting attempt 1 of 6
[2023-10-01 07:39:05,161] {taskinstance.py:1044} INFO - 
--------------------------------------------------------------------------------
[2023-10-01 07:39:05,319] {taskinstance.py:1063} INFO - Executing <Task(PythonOperator): get_name> on 2021-09-20T00:00:00+00:00
[2023-10-01 07:39:05,377] {standard_task_runner.py:52} INFO - Started process 18683 to run task
[2023-10-01 07:39:05,538] {standard_task_runner.py:76} INFO - Running: ['airflow', 'tasks', 'run', 'our_seventh_dag_v7', 'get_name', '2021-09-20T00:00:00+00:00', '--job-id', '1435', '--pool', 'default_pool', '--raw', '--subdir', 'DAGS_FOLDER/our_seventh_dag.py', '--cfg-path', '/tmp/tmpvz0e2yso', '--error-file', '/tmp/tmpcyzckr9a']
[2023-10-01 07:39:05,639] {standard_task_runner.py:77} INFO - Job 1435: Subtask get_name
[2023-10-01 07:39:06,846] {logging_mixin.py:104} INFO - Running <TaskInstance: our_seventh_dag_v7.get_name 2021-09-20T00:00:00+00:00 [running]> on host d4ed655215d1
[2023-10-01 07:39:08,009] {taskinstance.py:1257} INFO - Exporting the following env vars:
AIRFLOW_CTX_DAG_OWNER=svastikkka
AIRFLOW_CTX_DAG_ID=our_seventh_dag_v7
AIRFLOW_CTX_TASK_ID=get_name
AIRFLOW_CTX_EXECUTION_DATE=2021-09-20T00:00:00+00:00
AIRFLOW_CTX_DAG_RUN_ID=scheduled__2021-09-20T00:00:00+00:00
[2023-10-01 07:39:08,383] {python.py:118} INFO - Done. Returned value was: None
[2023-10-01 07:39:08,505] {taskinstance.py:1166} INFO - Marking task as SUCCESS. dag_id=our_seventh_dag_v7, task_id=get_name, execution_date=20210920T000000, start_date=20231001T073904, end_date=20231001T073908
[2023-10-01 07:39:09,167] {taskinstance.py:1220} INFO - 1 downstream tasks scheduled from follow-on schedule check
[2023-10-01 07:39:09,514] {local_task_job.py:146} INFO - Task exited with return code 0
