[2023-10-01 07:52:23,326] {taskinstance.py:851} INFO - Dependencies all met for <TaskInstance: our_seventh_dag_v7.get_name 2022-09-27T00:00:00+00:00 [queued]>
[2023-10-01 07:52:23,569] {taskinstance.py:851} INFO - Dependencies all met for <TaskInstance: our_seventh_dag_v7.get_name 2022-09-27T00:00:00+00:00 [queued]>
[2023-10-01 07:52:23,570] {taskinstance.py:1042} INFO - 
--------------------------------------------------------------------------------
[2023-10-01 07:52:23,577] {taskinstance.py:1043} INFO - Starting attempt 1 of 6
[2023-10-01 07:52:23,579] {taskinstance.py:1044} INFO - 
--------------------------------------------------------------------------------
[2023-10-01 07:52:23,697] {taskinstance.py:1063} INFO - Executing <Task(PythonOperator): get_name> on 2022-09-27T00:00:00+00:00
[2023-10-01 07:52:23,752] {standard_task_runner.py:52} INFO - Started process 22440 to run task
[2023-10-01 07:52:23,930] {standard_task_runner.py:76} INFO - Running: ['airflow', 'tasks', 'run', 'our_seventh_dag_v7', 'get_name', '2022-09-27T00:00:00+00:00', '--job-id', '2180', '--pool', 'default_pool', '--raw', '--subdir', 'DAGS_FOLDER/our_seventh_dag.py', '--cfg-path', '/tmp/tmpq2yhqygv', '--error-file', '/tmp/tmpg898p6dz']
[2023-10-01 07:52:24,021] {standard_task_runner.py:77} INFO - Job 2180: Subtask get_name
[2023-10-01 07:52:24,811] {logging_mixin.py:104} INFO - Running <TaskInstance: our_seventh_dag_v7.get_name 2022-09-27T00:00:00+00:00 [running]> on host d4ed655215d1
[2023-10-01 07:52:25,257] {taskinstance.py:1257} INFO - Exporting the following env vars:
AIRFLOW_CTX_DAG_OWNER=svastikkka
AIRFLOW_CTX_DAG_ID=our_seventh_dag_v7
AIRFLOW_CTX_TASK_ID=get_name
AIRFLOW_CTX_EXECUTION_DATE=2022-09-27T00:00:00+00:00
AIRFLOW_CTX_DAG_RUN_ID=scheduled__2022-09-27T00:00:00+00:00
[2023-10-01 07:52:25,480] {python.py:118} INFO - Done. Returned value was: None
[2023-10-01 07:52:25,609] {taskinstance.py:1166} INFO - Marking task as SUCCESS. dag_id=our_seventh_dag_v7, task_id=get_name, execution_date=20220927T000000, start_date=20231001T075223, end_date=20231001T075225
[2023-10-01 07:52:26,017] {taskinstance.py:1220} INFO - 1 downstream tasks scheduled from follow-on schedule check
[2023-10-01 07:52:26,155] {local_task_job.py:146} INFO - Task exited with return code 0
