[2023-10-01 06:18:31,517] {taskinstance.py:851} INFO - Dependencies all met for <TaskInstance: our_fourth_dag_v4.first_task 2021-12-23T00:00:00+00:00 [queued]>
[2023-10-01 06:18:31,822] {taskinstance.py:851} INFO - Dependencies all met for <TaskInstance: our_fourth_dag_v4.first_task 2021-12-23T00:00:00+00:00 [queued]>
[2023-10-01 06:18:31,831] {taskinstance.py:1042} INFO - 
--------------------------------------------------------------------------------
[2023-10-01 06:18:31,851] {taskinstance.py:1043} INFO - Starting attempt 1 of 6
[2023-10-01 06:18:31,853] {taskinstance.py:1044} INFO - 
--------------------------------------------------------------------------------
[2023-10-01 06:18:32,175] {taskinstance.py:1063} INFO - Executing <Task(BashOperator): first_task> on 2021-12-23T00:00:00+00:00
[2023-10-01 06:18:32,221] {standard_task_runner.py:52} INFO - Started process 6054 to run task
[2023-10-01 06:18:32,364] {standard_task_runner.py:76} INFO - Running: ['airflow', 'tasks', 'run', 'our_fourth_dag_v4', 'first_task', '2021-12-23T00:00:00+00:00', '--job-id', '864', '--pool', 'default_pool', '--raw', '--subdir', 'DAGS_FOLDER/our_fourth_dag.py', '--cfg-path', '/tmp/tmpnf8c_30v', '--error-file', '/tmp/tmplczovwry']
[2023-10-01 06:18:32,413] {standard_task_runner.py:77} INFO - Job 864: Subtask first_task
[2023-10-01 06:18:33,060] {logging_mixin.py:104} INFO - Running <TaskInstance: our_fourth_dag_v4.first_task 2021-12-23T00:00:00+00:00 [running]> on host d4ed655215d1
[2023-10-01 06:18:33,739] {taskinstance.py:1257} INFO - Exporting the following env vars:
AIRFLOW_CTX_DAG_OWNER=svastikkka
AIRFLOW_CTX_DAG_ID=our_fourth_dag_v4
AIRFLOW_CTX_TASK_ID=first_task
AIRFLOW_CTX_EXECUTION_DATE=2021-12-23T00:00:00+00:00
AIRFLOW_CTX_DAG_RUN_ID=scheduled__2021-12-23T00:00:00+00:00
[2023-10-01 06:18:33,766] {bash.py:135} INFO - Tmp dir root location: 
 /tmp
[2023-10-01 06:18:33,778] {bash.py:158} INFO - Running command: echo hello world, this is the first task!
[2023-10-01 06:18:33,927] {bash.py:169} INFO - Output:
[2023-10-01 06:18:33,955] {bash.py:173} INFO - hello world, this is the first task!
[2023-10-01 06:18:33,970] {bash.py:177} INFO - Command exited with return code 0
[2023-10-01 06:18:34,381] {taskinstance.py:1166} INFO - Marking task as SUCCESS. dag_id=our_fourth_dag_v4, task_id=first_task, execution_date=20211223T000000, start_date=20231001T061831, end_date=20231001T061834
[2023-10-01 06:18:35,082] {taskinstance.py:1220} INFO - 2 downstream tasks scheduled from follow-on schedule check
[2023-10-01 06:18:35,250] {local_task_job.py:146} INFO - Task exited with return code 0
