[2023-10-01 07:48:33,125] {taskinstance.py:851} INFO - Dependencies all met for <TaskInstance: our_seventh_dag_v7.get_name 2022-05-30T00:00:00+00:00 [queued]>
[2023-10-01 07:48:33,235] {taskinstance.py:851} INFO - Dependencies all met for <TaskInstance: our_seventh_dag_v7.get_name 2022-05-30T00:00:00+00:00 [queued]>
[2023-10-01 07:48:33,237] {taskinstance.py:1042} INFO - 
--------------------------------------------------------------------------------
[2023-10-01 07:48:33,238] {taskinstance.py:1043} INFO - Starting attempt 1 of 6
[2023-10-01 07:48:33,240] {taskinstance.py:1044} INFO - 
--------------------------------------------------------------------------------
[2023-10-01 07:48:33,299] {taskinstance.py:1063} INFO - Executing <Task(PythonOperator): get_name> on 2022-05-30T00:00:00+00:00
[2023-10-01 07:48:33,314] {standard_task_runner.py:52} INFO - Started process 21295 to run task
[2023-10-01 07:48:33,378] {standard_task_runner.py:76} INFO - Running: ['airflow', 'tasks', 'run', 'our_seventh_dag_v7', 'get_name', '2022-05-30T00:00:00+00:00', '--job-id', '1940', '--pool', 'default_pool', '--raw', '--subdir', 'DAGS_FOLDER/our_seventh_dag.py', '--cfg-path', '/tmp/tmpy9jhsnkl', '--error-file', '/tmp/tmp7ryej13o']
[2023-10-01 07:48:33,420] {standard_task_runner.py:77} INFO - Job 1940: Subtask get_name
[2023-10-01 07:48:33,844] {logging_mixin.py:104} INFO - Running <TaskInstance: our_seventh_dag_v7.get_name 2022-05-30T00:00:00+00:00 [running]> on host d4ed655215d1
[2023-10-01 07:48:34,770] {taskinstance.py:1257} INFO - Exporting the following env vars:
AIRFLOW_CTX_DAG_OWNER=svastikkka
AIRFLOW_CTX_DAG_ID=our_seventh_dag_v7
AIRFLOW_CTX_TASK_ID=get_name
AIRFLOW_CTX_EXECUTION_DATE=2022-05-30T00:00:00+00:00
AIRFLOW_CTX_DAG_RUN_ID=scheduled__2022-05-30T00:00:00+00:00
[2023-10-01 07:48:35,170] {python.py:118} INFO - Done. Returned value was: None
[2023-10-01 07:48:35,223] {taskinstance.py:1166} INFO - Marking task as SUCCESS. dag_id=our_seventh_dag_v7, task_id=get_name, execution_date=20220530T000000, start_date=20231001T074833, end_date=20231001T074835
[2023-10-01 07:48:35,635] {taskinstance.py:1220} INFO - 1 downstream tasks scheduled from follow-on schedule check
[2023-10-01 07:48:35,722] {local_task_job.py:146} INFO - Task exited with return code 0
