[2023-10-01 06:12:37,993] {taskinstance.py:851} INFO - Dependencies all met for <TaskInstance: our_fourth_dag_v4.second_task 2021-09-30T00:00:00+00:00 [queued]>
[2023-10-01 06:12:38,940] {taskinstance.py:851} INFO - Dependencies all met for <TaskInstance: our_fourth_dag_v4.second_task 2021-09-30T00:00:00+00:00 [queued]>
[2023-10-01 06:12:38,944] {taskinstance.py:1042} INFO - 
--------------------------------------------------------------------------------
[2023-10-01 06:12:38,952] {taskinstance.py:1043} INFO - Starting attempt 1 of 6
[2023-10-01 06:12:38,965] {taskinstance.py:1044} INFO - 
--------------------------------------------------------------------------------
[2023-10-01 06:12:39,406] {taskinstance.py:1063} INFO - Executing <Task(BashOperator): second_task> on 2021-09-30T00:00:00+00:00
[2023-10-01 06:12:39,539] {standard_task_runner.py:52} INFO - Started process 4860 to run task
[2023-10-01 06:12:39,637] {standard_task_runner.py:76} INFO - Running: ['airflow', 'tasks', 'run', 'our_fourth_dag_v4', 'second_task', '2021-09-30T00:00:00+00:00', '--job-id', '624', '--pool', 'default_pool', '--raw', '--subdir', 'DAGS_FOLDER/our_fourth_dag.py', '--cfg-path', '/tmp/tmpq058ned3', '--error-file', '/tmp/tmpvnbzu3wu']
[2023-10-01 06:12:39,826] {standard_task_runner.py:77} INFO - Job 624: Subtask second_task
[2023-10-01 06:12:40,830] {logging_mixin.py:104} INFO - Running <TaskInstance: our_fourth_dag_v4.second_task 2021-09-30T00:00:00+00:00 [running]> on host d4ed655215d1
[2023-10-01 06:12:41,621] {taskinstance.py:1257} INFO - Exporting the following env vars:
AIRFLOW_CTX_DAG_OWNER=svastikkka
AIRFLOW_CTX_DAG_ID=our_fourth_dag_v4
AIRFLOW_CTX_TASK_ID=second_task
AIRFLOW_CTX_EXECUTION_DATE=2021-09-30T00:00:00+00:00
AIRFLOW_CTX_DAG_RUN_ID=scheduled__2021-09-30T00:00:00+00:00
[2023-10-01 06:12:41,633] {bash.py:135} INFO - Tmp dir root location: 
 /tmp
[2023-10-01 06:12:41,661] {bash.py:158} INFO - Running command: echo hey, I am task2 and will be running after task1!
[2023-10-01 06:12:41,931] {bash.py:169} INFO - Output:
[2023-10-01 06:12:42,016] {bash.py:173} INFO - hey, I am task2 and will be running after task1!
[2023-10-01 06:12:42,065] {bash.py:177} INFO - Command exited with return code 0
[2023-10-01 06:12:43,827] {taskinstance.py:1166} INFO - Marking task as SUCCESS. dag_id=our_fourth_dag_v4, task_id=second_task, execution_date=20210930T000000, start_date=20231001T061238, end_date=20231001T061243
[2023-10-01 06:12:44,727] {taskinstance.py:1220} INFO - 0 downstream tasks scheduled from follow-on schedule check
[2023-10-01 06:12:45,394] {local_task_job.py:146} INFO - Task exited with return code 0
