[2023-10-01 05:52:37,990] {taskinstance.py:851} INFO - Dependencies all met for <TaskInstance: our_third_dag_v3.second_task 2021-08-03T00:00:00+00:00 [queued]>
[2023-10-01 05:52:39,747] {taskinstance.py:851} INFO - Dependencies all met for <TaskInstance: our_third_dag_v3.second_task 2021-08-03T00:00:00+00:00 [queued]>
[2023-10-01 05:52:39,946] {taskinstance.py:1042} INFO - 
--------------------------------------------------------------------------------
[2023-10-01 05:52:39,974] {taskinstance.py:1043} INFO - Starting attempt 1 of 6
[2023-10-01 05:52:40,065] {taskinstance.py:1044} INFO - 
--------------------------------------------------------------------------------
[2023-10-01 05:52:41,408] {taskinstance.py:1063} INFO - Executing <Task(BashOperator): second_task> on 2021-08-03T00:00:00+00:00
[2023-10-01 05:52:42,487] {standard_task_runner.py:76} INFO - Running: ['airflow', 'tasks', 'run', 'our_third_dag_v3', 'second_task', '2021-08-03T00:00:00+00:00', '--job-id', '166', '--pool', 'default_pool', '--raw', '--subdir', 'DAGS_FOLDER/our_third_dag.py', '--cfg-path', '/tmp/tmp40evxd2y', '--error-file', '/tmp/tmpdwo6efwr']
[2023-10-01 05:52:42,526] {standard_task_runner.py:77} INFO - Job 166: Subtask second_task
[2023-10-01 05:52:42,245] {standard_task_runner.py:52} INFO - Started process 2295 to run task
[2023-10-01 05:53:00,463] {logging_mixin.py:104} INFO - Running <TaskInstance: our_third_dag_v3.second_task 2021-08-03T00:00:00+00:00 [running]> on host d4ed655215d1
[2023-10-01 05:53:13,892] {taskinstance.py:1257} INFO - Exporting the following env vars:
AIRFLOW_CTX_DAG_OWNER=coder2j
AIRFLOW_CTX_DAG_ID=our_third_dag_v3
AIRFLOW_CTX_TASK_ID=second_task
AIRFLOW_CTX_EXECUTION_DATE=2021-08-03T00:00:00+00:00
AIRFLOW_CTX_DAG_RUN_ID=scheduled__2021-08-03T00:00:00+00:00
[2023-10-01 05:53:13,979] {bash.py:135} INFO - Tmp dir root location: 
 /tmp
[2023-10-01 05:53:14,104] {bash.py:158} INFO - Running command: echo hey, I am task2 and will be running after task1!
[2023-10-01 05:53:15,151] {bash.py:169} INFO - Output:
[2023-10-01 05:53:15,233] {bash.py:173} INFO - hey, I am task2 and will be running after task1!
[2023-10-01 05:53:15,415] {bash.py:177} INFO - Command exited with return code 0
[2023-10-01 05:53:16,662] {taskinstance.py:1166} INFO - Marking task as SUCCESS. dag_id=our_third_dag_v3, task_id=second_task, execution_date=20210803T000000, start_date=20231001T055238, end_date=20231001T055316
[2023-10-01 05:53:17,835] {local_task_job.py:188} WARNING - State of this instance has been externally set to success. Terminating instance.
[2023-10-01 05:53:18,284] {process_utils.py:100} INFO - Sending Signals.SIGTERM to GPID 2295
[2023-10-01 05:53:18,601] {taskinstance.py:1239} ERROR - Received SIGTERM. Terminating subprocesses.
[2023-10-01 05:53:18,605] {bash.py:185} INFO - Sending SIGTERM signal to bash process group
[2023-10-01 05:53:19,558] {process_utils.py:66} INFO - Process psutil.Process(pid=2295, status='terminated', exitcode=1, started='05:52:41') (2295) terminated with exit code 1
