[2023-10-01 05:51:31,568] {taskinstance.py:851} INFO - Dependencies all met for <TaskInstance: our_third_dag_v3.first_task 2021-07-30T00:00:00+00:00 [queued]>
[2023-10-01 05:51:32,070] {taskinstance.py:851} INFO - Dependencies all met for <TaskInstance: our_third_dag_v3.first_task 2021-07-30T00:00:00+00:00 [queued]>
[2023-10-01 05:51:32,074] {taskinstance.py:1042} INFO - 
--------------------------------------------------------------------------------
[2023-10-01 05:51:32,081] {taskinstance.py:1043} INFO - Starting attempt 1 of 6
[2023-10-01 05:51:32,083] {taskinstance.py:1044} INFO - 
--------------------------------------------------------------------------------
[2023-10-01 05:51:32,336] {taskinstance.py:1063} INFO - Executing <Task(BashOperator): first_task> on 2021-07-30T00:00:00+00:00
[2023-10-01 05:51:32,503] {standard_task_runner.py:52} INFO - Started process 2224 to run task
[2023-10-01 05:51:32,574] {standard_task_runner.py:76} INFO - Running: ['airflow', 'tasks', 'run', 'our_third_dag_v3', 'first_task', '2021-07-30T00:00:00+00:00', '--job-id', '153', '--pool', 'default_pool', '--raw', '--subdir', 'DAGS_FOLDER/our_third_dag.py', '--cfg-path', '/tmp/tmpvn8jm38y', '--error-file', '/tmp/tmpqws1oz0a']
[2023-10-01 05:51:32,769] {standard_task_runner.py:77} INFO - Job 153: Subtask first_task
[2023-10-01 05:51:35,259] {logging_mixin.py:104} INFO - Running <TaskInstance: our_third_dag_v3.first_task 2021-07-30T00:00:00+00:00 [running]> on host d4ed655215d1
[2023-10-01 05:51:46,371] {taskinstance.py:1257} INFO - Exporting the following env vars:
AIRFLOW_CTX_DAG_OWNER=coder2j
AIRFLOW_CTX_DAG_ID=our_third_dag_v3
AIRFLOW_CTX_TASK_ID=first_task
AIRFLOW_CTX_EXECUTION_DATE=2021-07-30T00:00:00+00:00
AIRFLOW_CTX_DAG_RUN_ID=scheduled__2021-07-30T00:00:00+00:00
[2023-10-01 05:51:46,827] {bash.py:135} INFO - Tmp dir root location: 
 /tmp
[2023-10-01 05:51:47,733] {bash.py:158} INFO - Running command: echo hello world, this is the first task!
[2023-10-01 05:51:49,572] {bash.py:169} INFO - Output:
[2023-10-01 05:51:49,658] {bash.py:173} INFO - hello world, this is the first task!
[2023-10-01 05:51:49,662] {bash.py:177} INFO - Command exited with return code 0
[2023-10-01 05:51:53,038] {taskinstance.py:1166} INFO - Marking task as SUCCESS. dag_id=our_third_dag_v3, task_id=first_task, execution_date=20210730T000000, start_date=20231001T055131, end_date=20231001T055152
[2023-10-01 05:51:56,109] {local_task_job.py:188} WARNING - State of this instance has been externally set to success. Terminating instance.
[2023-10-01 05:51:56,479] {process_utils.py:100} INFO - Sending Signals.SIGTERM to GPID 2224
[2023-10-01 05:51:58,449] {taskinstance.py:1239} ERROR - Received SIGTERM. Terminating subprocesses.
[2023-10-01 05:51:58,532] {bash.py:185} INFO - Sending SIGTERM signal to bash process group
[2023-10-01 05:52:00,543] {process_utils.py:66} INFO - Process psutil.Process(pid=2224, status='terminated', exitcode=1, started='05:51:31') (2224) terminated with exit code 1
