[2023-10-01 06:18:37,571] {taskinstance.py:851} INFO - Dependencies all met for <TaskInstance: our_fourth_dag_v4.first_task 2021-12-25T00:00:00+00:00 [queued]>
[2023-10-01 06:18:37,782] {taskinstance.py:851} INFO - Dependencies all met for <TaskInstance: our_fourth_dag_v4.first_task 2021-12-25T00:00:00+00:00 [queued]>
[2023-10-01 06:18:37,784] {taskinstance.py:1042} INFO - 
--------------------------------------------------------------------------------
[2023-10-01 06:18:37,786] {taskinstance.py:1043} INFO - Starting attempt 1 of 6
[2023-10-01 06:18:37,790] {taskinstance.py:1044} INFO - 
--------------------------------------------------------------------------------
[2023-10-01 06:18:37,968] {taskinstance.py:1063} INFO - Executing <Task(BashOperator): first_task> on 2021-12-25T00:00:00+00:00
[2023-10-01 06:18:38,060] {standard_task_runner.py:52} INFO - Started process 6082 to run task
[2023-10-01 06:18:38,244] {standard_task_runner.py:76} INFO - Running: ['airflow', 'tasks', 'run', 'our_fourth_dag_v4', 'first_task', '2021-12-25T00:00:00+00:00', '--job-id', '869', '--pool', 'default_pool', '--raw', '--subdir', 'DAGS_FOLDER/our_fourth_dag.py', '--cfg-path', '/tmp/tmpzdoi047c', '--error-file', '/tmp/tmp_ofkig2x']
[2023-10-01 06:18:38,308] {standard_task_runner.py:77} INFO - Job 869: Subtask first_task
[2023-10-01 06:18:38,929] {logging_mixin.py:104} INFO - Running <TaskInstance: our_fourth_dag_v4.first_task 2021-12-25T00:00:00+00:00 [running]> on host d4ed655215d1
[2023-10-01 06:18:39,501] {taskinstance.py:1257} INFO - Exporting the following env vars:
AIRFLOW_CTX_DAG_OWNER=svastikkka
AIRFLOW_CTX_DAG_ID=our_fourth_dag_v4
AIRFLOW_CTX_TASK_ID=first_task
AIRFLOW_CTX_EXECUTION_DATE=2021-12-25T00:00:00+00:00
AIRFLOW_CTX_DAG_RUN_ID=scheduled__2021-12-25T00:00:00+00:00
[2023-10-01 06:18:39,513] {bash.py:135} INFO - Tmp dir root location: 
 /tmp
[2023-10-01 06:18:39,525] {bash.py:158} INFO - Running command: echo hello world, this is the first task!
[2023-10-01 06:18:39,643] {bash.py:169} INFO - Output:
[2023-10-01 06:18:39,685] {bash.py:173} INFO - hello world, this is the first task!
[2023-10-01 06:18:39,711] {bash.py:177} INFO - Command exited with return code 0
[2023-10-01 06:18:39,932] {taskinstance.py:1166} INFO - Marking task as SUCCESS. dag_id=our_fourth_dag_v4, task_id=first_task, execution_date=20211225T000000, start_date=20231001T061837, end_date=20231001T061839
[2023-10-01 06:18:40,591] {taskinstance.py:1220} INFO - 2 downstream tasks scheduled from follow-on schedule check
[2023-10-01 06:18:40,760] {local_task_job.py:146} INFO - Task exited with return code 0
