[2023-10-01 07:40:00,474] {taskinstance.py:851} INFO - Dependencies all met for <TaskInstance: our_seventh_dag_v7.greet 2021-10-04T00:00:00+00:00 [queued]>
[2023-10-01 07:40:00,613] {taskinstance.py:851} INFO - Dependencies all met for <TaskInstance: our_seventh_dag_v7.greet 2021-10-04T00:00:00+00:00 [queued]>
[2023-10-01 07:40:00,615] {taskinstance.py:1042} INFO - 
--------------------------------------------------------------------------------
[2023-10-01 07:40:00,616] {taskinstance.py:1043} INFO - Starting attempt 1 of 6
[2023-10-01 07:40:00,622] {taskinstance.py:1044} INFO - 
--------------------------------------------------------------------------------
[2023-10-01 07:40:00,732] {taskinstance.py:1063} INFO - Executing <Task(PythonOperator): greet> on 2021-10-04T00:00:00+00:00
[2023-10-01 07:40:00,783] {standard_task_runner.py:52} INFO - Started process 18901 to run task
[2023-10-01 07:40:00,829] {standard_task_runner.py:76} INFO - Running: ['airflow', 'tasks', 'run', 'our_seventh_dag_v7', 'greet', '2021-10-04T00:00:00+00:00', '--job-id', '1472', '--pool', 'default_pool', '--raw', '--subdir', 'DAGS_FOLDER/our_seventh_dag.py', '--cfg-path', '/tmp/tmpt37ezrk3', '--error-file', '/tmp/tmpjw5fdb_p']
[2023-10-01 07:40:00,904] {standard_task_runner.py:77} INFO - Job 1472: Subtask greet
[2023-10-01 07:40:03,090] {logging_mixin.py:104} INFO - Running <TaskInstance: our_seventh_dag_v7.greet 2021-10-04T00:00:00+00:00 [running]> on host d4ed655215d1
[2023-10-01 07:40:04,443] {taskinstance.py:1257} INFO - Exporting the following env vars:
AIRFLOW_CTX_DAG_OWNER=svastikkka
AIRFLOW_CTX_DAG_ID=our_seventh_dag_v7
AIRFLOW_CTX_TASK_ID=greet
AIRFLOW_CTX_EXECUTION_DATE=2021-10-04T00:00:00+00:00
AIRFLOW_CTX_DAG_RUN_ID=scheduled__2021-10-04T00:00:00+00:00
[2023-10-01 07:40:05,091] {logging_mixin.py:104} INFO - Hello My name is Manshu Sharma and I am 26 years old.
[2023-10-01 07:40:05,098] {python.py:118} INFO - Done. Returned value was: None
[2023-10-01 07:40:05,250] {taskinstance.py:1166} INFO - Marking task as SUCCESS. dag_id=our_seventh_dag_v7, task_id=greet, execution_date=20211004T000000, start_date=20231001T074000, end_date=20231001T074005
[2023-10-01 07:40:06,415] {local_task_job.py:188} WARNING - State of this instance has been externally set to success. Terminating instance.
[2023-10-01 07:40:06,560] {process_utils.py:100} INFO - Sending Signals.SIGTERM to GPID 18901
[2023-10-01 07:40:07,086] {taskinstance.py:1239} ERROR - Received SIGTERM. Terminating subprocesses.
[2023-10-01 07:40:07,344] {process_utils.py:66} INFO - Process psutil.Process(pid=18901, status='terminated', exitcode=1, started='07:39:59') (18901) terminated with exit code 1
