[2023-10-01 06:18:25,116] {taskinstance.py:851} INFO - Dependencies all met for <TaskInstance: our_fourth_dag_v4.thrid_task 2021-12-17T00:00:00+00:00 [queued]>
[2023-10-01 06:18:25,555] {taskinstance.py:851} INFO - Dependencies all met for <TaskInstance: our_fourth_dag_v4.thrid_task 2021-12-17T00:00:00+00:00 [queued]>
[2023-10-01 06:18:25,566] {taskinstance.py:1042} INFO - 
--------------------------------------------------------------------------------
[2023-10-01 06:18:25,569] {taskinstance.py:1043} INFO - Starting attempt 1 of 6
[2023-10-01 06:18:25,572] {taskinstance.py:1044} INFO - 
--------------------------------------------------------------------------------
[2023-10-01 06:18:25,799] {taskinstance.py:1063} INFO - Executing <Task(BashOperator): thrid_task> on 2021-12-17T00:00:00+00:00
[2023-10-01 06:18:25,940] {standard_task_runner.py:52} INFO - Started process 6027 to run task
[2023-10-01 06:18:26,085] {standard_task_runner.py:76} INFO - Running: ['airflow', 'tasks', 'run', 'our_fourth_dag_v4', 'thrid_task', '2021-12-17T00:00:00+00:00', '--job-id', '857', '--pool', 'default_pool', '--raw', '--subdir', 'DAGS_FOLDER/our_fourth_dag.py', '--cfg-path', '/tmp/tmpv2hh046p', '--error-file', '/tmp/tmpmh5fgg66']
[2023-10-01 06:18:26,245] {standard_task_runner.py:77} INFO - Job 857: Subtask thrid_task
[2023-10-01 06:18:26,953] {logging_mixin.py:104} INFO - Running <TaskInstance: our_fourth_dag_v4.thrid_task 2021-12-17T00:00:00+00:00 [running]> on host d4ed655215d1
[2023-10-01 06:18:27,568] {taskinstance.py:1257} INFO - Exporting the following env vars:
AIRFLOW_CTX_DAG_OWNER=svastikkka
AIRFLOW_CTX_DAG_ID=our_fourth_dag_v4
AIRFLOW_CTX_TASK_ID=thrid_task
AIRFLOW_CTX_EXECUTION_DATE=2021-12-17T00:00:00+00:00
AIRFLOW_CTX_DAG_RUN_ID=scheduled__2021-12-17T00:00:00+00:00
[2023-10-01 06:18:27,571] {bash.py:135} INFO - Tmp dir root location: 
 /tmp
[2023-10-01 06:18:27,584] {bash.py:158} INFO - Running command: echo hey, I am task3 and will be running after task1 at the same time as task2!
[2023-10-01 06:18:27,689] {bash.py:169} INFO - Output:
[2023-10-01 06:18:27,708] {bash.py:173} INFO - hey, I am task3 and will be running after task1 at the same time as task2!
[2023-10-01 06:18:27,723] {bash.py:177} INFO - Command exited with return code 0
[2023-10-01 06:18:27,936] {taskinstance.py:1166} INFO - Marking task as SUCCESS. dag_id=our_fourth_dag_v4, task_id=thrid_task, execution_date=20211217T000000, start_date=20231001T061825, end_date=20231001T061827
[2023-10-01 06:18:28,301] {taskinstance.py:1220} INFO - 0 downstream tasks scheduled from follow-on schedule check
[2023-10-01 06:18:28,558] {local_task_job.py:146} INFO - Task exited with return code 0
