[2023-10-01 06:13:23,680] {taskinstance.py:851} INFO - Dependencies all met for <TaskInstance: our_fourth_dag_v4.second_task 2021-10-10T00:00:00+00:00 [queued]>
[2023-10-01 06:13:23,973] {taskinstance.py:851} INFO - Dependencies all met for <TaskInstance: our_fourth_dag_v4.second_task 2021-10-10T00:00:00+00:00 [queued]>
[2023-10-01 06:13:23,990] {taskinstance.py:1042} INFO - 
--------------------------------------------------------------------------------
[2023-10-01 06:13:23,996] {taskinstance.py:1043} INFO - Starting attempt 1 of 6
[2023-10-01 06:13:24,001] {taskinstance.py:1044} INFO - 
--------------------------------------------------------------------------------
[2023-10-01 06:13:24,242] {taskinstance.py:1063} INFO - Executing <Task(BashOperator): second_task> on 2021-10-10T00:00:00+00:00
[2023-10-01 06:13:24,299] {standard_task_runner.py:52} INFO - Started process 5006 to run task
[2023-10-01 06:13:24,477] {standard_task_runner.py:76} INFO - Running: ['airflow', 'tasks', 'run', 'our_fourth_dag_v4', 'second_task', '2021-10-10T00:00:00+00:00', '--job-id', '653', '--pool', 'default_pool', '--raw', '--subdir', 'DAGS_FOLDER/our_fourth_dag.py', '--cfg-path', '/tmp/tmpqu4i64gk', '--error-file', '/tmp/tmp54z2tkuf']
[2023-10-01 06:13:24,626] {standard_task_runner.py:77} INFO - Job 653: Subtask second_task
[2023-10-01 06:13:25,860] {logging_mixin.py:104} INFO - Running <TaskInstance: our_fourth_dag_v4.second_task 2021-10-10T00:00:00+00:00 [running]> on host d4ed655215d1
[2023-10-01 06:13:27,087] {taskinstance.py:1257} INFO - Exporting the following env vars:
AIRFLOW_CTX_DAG_OWNER=svastikkka
AIRFLOW_CTX_DAG_ID=our_fourth_dag_v4
AIRFLOW_CTX_TASK_ID=second_task
AIRFLOW_CTX_EXECUTION_DATE=2021-10-10T00:00:00+00:00
AIRFLOW_CTX_DAG_RUN_ID=scheduled__2021-10-10T00:00:00+00:00
[2023-10-01 06:13:27,111] {bash.py:135} INFO - Tmp dir root location: 
 /tmp
[2023-10-01 06:13:27,183] {bash.py:158} INFO - Running command: echo hey, I am task2 and will be running after task1!
[2023-10-01 06:13:27,538] {bash.py:169} INFO - Output:
[2023-10-01 06:13:27,587] {bash.py:173} INFO - hey, I am task2 and will be running after task1!
[2023-10-01 06:13:27,633] {bash.py:177} INFO - Command exited with return code 0
[2023-10-01 06:13:28,382] {taskinstance.py:1166} INFO - Marking task as SUCCESS. dag_id=our_fourth_dag_v4, task_id=second_task, execution_date=20211010T000000, start_date=20231001T061323, end_date=20231001T061328
[2023-10-01 06:13:32,151] {local_task_job.py:188} WARNING - State of this instance has been externally set to success. Terminating instance.
[2023-10-01 06:13:32,416] {process_utils.py:100} INFO - Sending Signals.SIGTERM to GPID 5006
[2023-10-01 06:13:32,781] {taskinstance.py:1239} ERROR - Received SIGTERM. Terminating subprocesses.
[2023-10-01 06:13:32,796] {bash.py:185} INFO - Sending SIGTERM signal to bash process group
[2023-10-01 06:13:33,586] {process_utils.py:66} INFO - Process psutil.Process(pid=5006, status='terminated', exitcode=1, started='06:13:24') (5006) terminated with exit code 1
