[2023-10-01 04:59:12,192] {taskinstance.py:851} INFO - Dependencies all met for <TaskInstance: our_first_dag_v5.first_task 2021-09-04T00:00:00+00:00 [queued]>
[2023-10-01 04:59:12,389] {taskinstance.py:851} INFO - Dependencies all met for <TaskInstance: our_first_dag_v5.first_task 2021-09-04T00:00:00+00:00 [queued]>
[2023-10-01 04:59:12,398] {taskinstance.py:1042} INFO - 
--------------------------------------------------------------------------------
[2023-10-01 04:59:12,400] {taskinstance.py:1043} INFO - Starting attempt 1 of 6
[2023-10-01 04:59:12,402] {taskinstance.py:1044} INFO - 
--------------------------------------------------------------------------------
[2023-10-01 04:59:12,503] {taskinstance.py:1063} INFO - Executing <Task(BashOperator): first_task> on 2021-09-04T00:00:00+00:00
[2023-10-01 04:59:12,538] {standard_task_runner.py:52} INFO - Started process 773 to run task
[2023-10-01 04:59:12,614] {standard_task_runner.py:76} INFO - Running: ['airflow', 'tasks', 'run', 'our_first_dag_v5', 'first_task', '2021-09-04T00:00:00+00:00', '--job-id', '46', '--pool', 'default_pool', '--raw', '--subdir', 'DAGS_FOLDER/our_first_dag.py', '--cfg-path', '/tmp/tmpoejsq70r', '--error-file', '/tmp/tmpva4bz3r7']
[2023-10-01 04:59:12,650] {standard_task_runner.py:77} INFO - Job 46: Subtask first_task
[2023-10-01 04:59:12,989] {logging_mixin.py:104} INFO - Running <TaskInstance: our_first_dag_v5.first_task 2021-09-04T00:00:00+00:00 [running]> on host c25e1f8124bc
[2023-10-01 04:59:13,634] {taskinstance.py:1257} INFO - Exporting the following env vars:
AIRFLOW_CTX_DAG_OWNER=coder2j
AIRFLOW_CTX_DAG_ID=our_first_dag_v5
AIRFLOW_CTX_TASK_ID=first_task
AIRFLOW_CTX_EXECUTION_DATE=2021-09-04T00:00:00+00:00
AIRFLOW_CTX_DAG_RUN_ID=scheduled__2021-09-04T00:00:00+00:00
[2023-10-01 04:59:13,642] {bash.py:135} INFO - Tmp dir root location: 
 /tmp
[2023-10-01 04:59:13,700] {bash.py:158} INFO - Running command: echo hello world, this is the first task!
[2023-10-01 04:59:13,938] {bash.py:169} INFO - Output:
[2023-10-01 04:59:13,957] {bash.py:173} INFO - hello world, this is the first task!
[2023-10-01 04:59:13,968] {bash.py:177} INFO - Command exited with return code 0
[2023-10-01 04:59:14,388] {taskinstance.py:1166} INFO - Marking task as SUCCESS. dag_id=our_first_dag_v5, task_id=first_task, execution_date=20210904T000000, start_date=20231001T045912, end_date=20231001T045914
[2023-10-01 04:59:15,285] {taskinstance.py:1220} INFO - 0 downstream tasks scheduled from follow-on schedule check
[2023-10-01 04:59:15,506] {local_task_job.py:146} INFO - Task exited with return code 0
