[2023-10-01 05:05:17,975] {taskinstance.py:851} INFO - Dependencies all met for <TaskInstance: our_first_dag_v1.first_task 2021-12-14T00:00:00+00:00 [queued]>
[2023-10-01 05:05:18,144] {taskinstance.py:851} INFO - Dependencies all met for <TaskInstance: our_first_dag_v1.first_task 2021-12-14T00:00:00+00:00 [queued]>
[2023-10-01 05:05:18,148] {taskinstance.py:1042} INFO - 
--------------------------------------------------------------------------------
[2023-10-01 05:05:18,150] {taskinstance.py:1043} INFO - Starting attempt 1 of 6
[2023-10-01 05:05:18,155] {taskinstance.py:1044} INFO - 
--------------------------------------------------------------------------------
[2023-10-01 05:05:18,285] {taskinstance.py:1063} INFO - Executing <Task(BashOperator): first_task> on 2021-12-14T00:00:00+00:00
[2023-10-01 05:05:18,310] {standard_task_runner.py:52} INFO - Started process 1476 to run task
[2023-10-01 05:05:18,372] {standard_task_runner.py:76} INFO - Running: ['airflow', 'tasks', 'run', 'our_first_dag_v1', 'first_task', '2021-12-14T00:00:00+00:00', '--job-id', '229', '--pool', 'default_pool', '--raw', '--subdir', 'DAGS_FOLDER/our_first_dag.py', '--cfg-path', '/tmp/tmpy8zle0p7', '--error-file', '/tmp/tmp5zm6w0fn']
[2023-10-01 05:05:18,411] {standard_task_runner.py:77} INFO - Job 229: Subtask first_task
[2023-10-01 05:05:18,897] {logging_mixin.py:104} INFO - Running <TaskInstance: our_first_dag_v1.first_task 2021-12-14T00:00:00+00:00 [running]> on host c25e1f8124bc
[2023-10-01 05:05:19,392] {taskinstance.py:1257} INFO - Exporting the following env vars:
AIRFLOW_CTX_DAG_OWNER=coder2j
AIRFLOW_CTX_DAG_ID=our_first_dag_v1
AIRFLOW_CTX_TASK_ID=first_task
AIRFLOW_CTX_EXECUTION_DATE=2021-12-14T00:00:00+00:00
AIRFLOW_CTX_DAG_RUN_ID=scheduled__2021-12-14T00:00:00+00:00
[2023-10-01 05:05:19,394] {bash.py:135} INFO - Tmp dir root location: 
 /tmp
[2023-10-01 05:05:19,415] {bash.py:158} INFO - Running command: echo hello world, this is the first task!
[2023-10-01 05:05:19,558] {bash.py:169} INFO - Output:
[2023-10-01 05:05:19,577] {bash.py:173} INFO - hello world, this is the first task!
[2023-10-01 05:05:19,597] {bash.py:177} INFO - Command exited with return code 0
[2023-10-01 05:05:19,951] {taskinstance.py:1166} INFO - Marking task as SUCCESS. dag_id=our_first_dag_v1, task_id=first_task, execution_date=20211214T000000, start_date=20231001T050517, end_date=20231001T050519
[2023-10-01 05:05:20,519] {taskinstance.py:1220} INFO - 0 downstream tasks scheduled from follow-on schedule check
[2023-10-01 05:05:20,676] {local_task_job.py:146} INFO - Task exited with return code 0
