[2023-10-01 07:49:34,436] {taskinstance.py:851} INFO - Dependencies all met for <TaskInstance: our_seventh_dag_v7.get_name 2022-07-02T00:00:00+00:00 [queued]>
[2023-10-01 07:49:34,649] {taskinstance.py:851} INFO - Dependencies all met for <TaskInstance: our_seventh_dag_v7.get_name 2022-07-02T00:00:00+00:00 [queued]>
[2023-10-01 07:49:34,653] {taskinstance.py:1042} INFO - 
--------------------------------------------------------------------------------
[2023-10-01 07:49:34,660] {taskinstance.py:1043} INFO - Starting attempt 1 of 6
[2023-10-01 07:49:34,661] {taskinstance.py:1044} INFO - 
--------------------------------------------------------------------------------
[2023-10-01 07:49:34,796] {taskinstance.py:1063} INFO - Executing <Task(PythonOperator): get_name> on 2022-07-02T00:00:00+00:00
[2023-10-01 07:49:34,861] {standard_task_runner.py:52} INFO - Started process 21604 to run task
[2023-10-01 07:49:34,970] {standard_task_runner.py:76} INFO - Running: ['airflow', 'tasks', 'run', 'our_seventh_dag_v7', 'get_name', '2022-07-02T00:00:00+00:00', '--job-id', '2006', '--pool', 'default_pool', '--raw', '--subdir', 'DAGS_FOLDER/our_seventh_dag.py', '--cfg-path', '/tmp/tmphjxq82f1', '--error-file', '/tmp/tmpb0v2k2wp']
[2023-10-01 07:49:35,023] {standard_task_runner.py:77} INFO - Job 2006: Subtask get_name
[2023-10-01 07:49:36,412] {logging_mixin.py:104} INFO - Running <TaskInstance: our_seventh_dag_v7.get_name 2022-07-02T00:00:00+00:00 [running]> on host d4ed655215d1
[2023-10-01 07:49:36,565] {taskinstance.py:1257} INFO - Exporting the following env vars:
AIRFLOW_CTX_DAG_OWNER=svastikkka
AIRFLOW_CTX_DAG_ID=our_seventh_dag_v7
AIRFLOW_CTX_TASK_ID=get_name
AIRFLOW_CTX_EXECUTION_DATE=2022-07-02T00:00:00+00:00
AIRFLOW_CTX_DAG_RUN_ID=scheduled__2022-07-02T00:00:00+00:00
[2023-10-01 07:49:36,868] {python.py:118} INFO - Done. Returned value was: None
[2023-10-01 07:49:36,920] {taskinstance.py:1166} INFO - Marking task as SUCCESS. dag_id=our_seventh_dag_v7, task_id=get_name, execution_date=20220702T000000, start_date=20231001T074934, end_date=20231001T074936
[2023-10-01 07:49:37,402] {taskinstance.py:1220} INFO - 1 downstream tasks scheduled from follow-on schedule check
[2023-10-01 07:49:37,538] {local_task_job.py:146} INFO - Task exited with return code 0
