[2023-10-01 07:59:50,725] {taskinstance.py:851} INFO - Dependencies all met for <TaskInstance: our_seventh_dag_v7.get_name 2023-01-24T00:00:00+00:00 [queued]>
[2023-10-01 07:59:51,177] {taskinstance.py:851} INFO - Dependencies all met for <TaskInstance: our_seventh_dag_v7.get_name 2023-01-24T00:00:00+00:00 [queued]>
[2023-10-01 07:59:51,186] {taskinstance.py:1042} INFO - 
--------------------------------------------------------------------------------
[2023-10-01 07:59:51,189] {taskinstance.py:1043} INFO - Starting attempt 1 of 6
[2023-10-01 07:59:51,198] {taskinstance.py:1044} INFO - 
--------------------------------------------------------------------------------
[2023-10-01 07:59:51,399] {taskinstance.py:1063} INFO - Executing <Task(PythonOperator): get_name> on 2023-01-24T00:00:00+00:00
[2023-10-01 07:59:51,517] {standard_task_runner.py:52} INFO - Started process 24000 to run task
[2023-10-01 07:59:51,649] {standard_task_runner.py:76} INFO - Running: ['airflow', 'tasks', 'run', 'our_seventh_dag_v7', 'get_name', '2023-01-24T00:00:00+00:00', '--job-id', '2418', '--pool', 'default_pool', '--raw', '--subdir', 'DAGS_FOLDER/our_seventh_dag.py', '--cfg-path', '/tmp/tmpbm9z6aij', '--error-file', '/tmp/tmpcy02ni_l']
[2023-10-01 07:59:51,755] {standard_task_runner.py:77} INFO - Job 2418: Subtask get_name
[2023-10-01 07:59:53,271] {logging_mixin.py:104} INFO - Running <TaskInstance: our_seventh_dag_v7.get_name 2023-01-24T00:00:00+00:00 [running]> on host d4ed655215d1
[2023-10-01 07:59:55,468] {taskinstance.py:1257} INFO - Exporting the following env vars:
AIRFLOW_CTX_DAG_OWNER=svastikkka
AIRFLOW_CTX_DAG_ID=our_seventh_dag_v7
AIRFLOW_CTX_TASK_ID=get_name
AIRFLOW_CTX_EXECUTION_DATE=2023-01-24T00:00:00+00:00
AIRFLOW_CTX_DAG_RUN_ID=scheduled__2023-01-24T00:00:00+00:00
[2023-10-01 07:59:56,343] {python.py:118} INFO - Done. Returned value was: None
[2023-10-01 07:59:56,615] {taskinstance.py:1166} INFO - Marking task as SUCCESS. dag_id=our_seventh_dag_v7, task_id=get_name, execution_date=20230124T000000, start_date=20231001T075950, end_date=20231001T075956
[2023-10-01 07:59:57,576] {local_task_job.py:188} WARNING - State of this instance has been externally set to success. Terminating instance.
[2023-10-01 07:59:57,638] {process_utils.py:100} INFO - Sending Signals.SIGTERM to GPID 24000
[2023-10-01 08:00:03,621] {taskinstance.py:1239} ERROR - Received SIGTERM. Terminating subprocesses.
[2023-10-01 08:00:05,394] {process_utils.py:66} INFO - Process psutil.Process(pid=24000, status='terminated', exitcode=1, started='07:59:50') (24000) terminated with exit code 1
