[2023-10-01 06:01:44,380] {taskinstance.py:851} INFO - Dependencies all met for <TaskInstance: our_third_dag_v3.second_task 2021-10-10T00:00:00+00:00 [queued]>
[2023-10-01 06:01:45,171] {taskinstance.py:851} INFO - Dependencies all met for <TaskInstance: our_third_dag_v3.second_task 2021-10-10T00:00:00+00:00 [queued]>
[2023-10-01 06:01:45,176] {taskinstance.py:1042} INFO - 
--------------------------------------------------------------------------------
[2023-10-01 06:01:45,181] {taskinstance.py:1043} INFO - Starting attempt 1 of 6
[2023-10-01 06:01:45,182] {taskinstance.py:1044} INFO - 
--------------------------------------------------------------------------------
[2023-10-01 06:01:45,611] {taskinstance.py:1063} INFO - Executing <Task(BashOperator): second_task> on 2021-10-10T00:00:00+00:00
[2023-10-01 06:01:45,899] {standard_task_runner.py:52} INFO - Started process 3328 to run task
[2023-10-01 06:01:46,295] {standard_task_runner.py:76} INFO - Running: ['airflow', 'tasks', 'run', 'our_third_dag_v3', 'second_task', '2021-10-10T00:00:00+00:00', '--job-id', '373', '--pool', 'default_pool', '--raw', '--subdir', 'DAGS_FOLDER/our_third_dag.py', '--cfg-path', '/tmp/tmpve9yaxok', '--error-file', '/tmp/tmpcc54ll_g']
[2023-10-01 06:01:46,441] {standard_task_runner.py:77} INFO - Job 373: Subtask second_task
[2023-10-01 06:01:48,824] {logging_mixin.py:104} INFO - Running <TaskInstance: our_third_dag_v3.second_task 2021-10-10T00:00:00+00:00 [running]> on host d4ed655215d1
[2023-10-01 06:01:53,471] {taskinstance.py:1257} INFO - Exporting the following env vars:
AIRFLOW_CTX_DAG_OWNER=coder2j
AIRFLOW_CTX_DAG_ID=our_third_dag_v3
AIRFLOW_CTX_TASK_ID=second_task
AIRFLOW_CTX_EXECUTION_DATE=2021-10-10T00:00:00+00:00
AIRFLOW_CTX_DAG_RUN_ID=scheduled__2021-10-10T00:00:00+00:00
[2023-10-01 06:01:53,648] {bash.py:135} INFO - Tmp dir root location: 
 /tmp
[2023-10-01 06:01:53,780] {bash.py:158} INFO - Running command: echo hey, I am task2 and will be running after task1!
[2023-10-01 06:01:54,513] {bash.py:169} INFO - Output:
[2023-10-01 06:01:54,680] {bash.py:173} INFO - hey, I am task2 and will be running after task1!
[2023-10-01 06:01:54,714] {bash.py:177} INFO - Command exited with return code 0
[2023-10-01 06:01:55,480] {taskinstance.py:1166} INFO - Marking task as SUCCESS. dag_id=our_third_dag_v3, task_id=second_task, execution_date=20211010T000000, start_date=20231001T060144, end_date=20231001T060155
[2023-10-01 06:01:56,516] {taskinstance.py:1220} INFO - 0 downstream tasks scheduled from follow-on schedule check
[2023-10-01 06:01:56,642] {local_task_job.py:146} INFO - Task exited with return code 0
