[2023-10-01 06:41:48,042] {taskinstance.py:851} INFO - Dependencies all met for <TaskInstance: our_sixth_dag_v6.get_name 2021-08-04T00:00:00+00:00 [queued]>
[2023-10-01 06:41:51,197] {taskinstance.py:851} INFO - Dependencies all met for <TaskInstance: our_sixth_dag_v6.get_name 2021-08-04T00:00:00+00:00 [queued]>
[2023-10-01 06:41:51,288] {taskinstance.py:1042} INFO - 
--------------------------------------------------------------------------------
[2023-10-01 06:41:51,326] {taskinstance.py:1043} INFO - Starting attempt 1 of 6
[2023-10-01 06:41:51,329] {taskinstance.py:1044} INFO - 
--------------------------------------------------------------------------------
[2023-10-01 06:41:52,271] {taskinstance.py:1063} INFO - Executing <Task(PythonOperator): get_name> on 2021-08-04T00:00:00+00:00
[2023-10-01 06:41:53,208] {standard_task_runner.py:52} INFO - Started process 9209 to run task
[2023-10-01 06:41:53,582] {standard_task_runner.py:76} INFO - Running: ['airflow', 'tasks', 'run', 'our_sixth_dag_v6', 'get_name', '2021-08-04T00:00:00+00:00', '--job-id', '1093', '--pool', 'default_pool', '--raw', '--subdir', 'DAGS_FOLDER/our_sixth_dag.py', '--cfg-path', '/tmp/tmpo3e9st3p', '--error-file', '/tmp/tmpi556s6z3']
[2023-10-01 06:41:53,837] {standard_task_runner.py:77} INFO - Job 1093: Subtask get_name
[2023-10-01 06:41:58,048] {logging_mixin.py:104} INFO - Running <TaskInstance: our_sixth_dag_v6.get_name 2021-08-04T00:00:00+00:00 [running]> on host d4ed655215d1
[2023-10-01 06:41:59,802] {taskinstance.py:1257} INFO - Exporting the following env vars:
AIRFLOW_CTX_DAG_OWNER=svastikkka
AIRFLOW_CTX_DAG_ID=our_sixth_dag_v6
AIRFLOW_CTX_TASK_ID=get_name
AIRFLOW_CTX_EXECUTION_DATE=2021-08-04T00:00:00+00:00
AIRFLOW_CTX_DAG_RUN_ID=scheduled__2021-08-04T00:00:00+00:00
[2023-10-01 06:41:59,849] {python.py:118} INFO - Done. Returned value was: Manshu
[2023-10-01 06:42:00,162] {taskinstance.py:1166} INFO - Marking task as SUCCESS. dag_id=our_sixth_dag_v6, task_id=get_name, execution_date=20210804T000000, start_date=20231001T064149, end_date=20231001T064200
[2023-10-01 06:42:00,633] {taskinstance.py:1220} INFO - 0 downstream tasks scheduled from follow-on schedule check
[2023-10-01 06:42:00,809] {local_task_job.py:146} INFO - Task exited with return code 0
