[2023-10-01 06:11:04,028] {taskinstance.py:851} INFO - Dependencies all met for <TaskInstance: our_fourth_dag_v4.second_task 2021-09-08T00:00:00+00:00 [queued]>
[2023-10-01 06:11:04,272] {taskinstance.py:851} INFO - Dependencies all met for <TaskInstance: our_fourth_dag_v4.second_task 2021-09-08T00:00:00+00:00 [queued]>
[2023-10-01 06:11:04,278] {taskinstance.py:1042} INFO - 
--------------------------------------------------------------------------------
[2023-10-01 06:11:04,296] {taskinstance.py:1043} INFO - Starting attempt 1 of 6
[2023-10-01 06:11:04,307] {taskinstance.py:1044} INFO - 
--------------------------------------------------------------------------------
[2023-10-01 06:11:04,589] {taskinstance.py:1063} INFO - Executing <Task(BashOperator): second_task> on 2021-09-08T00:00:00+00:00
[2023-10-01 06:11:04,728] {standard_task_runner.py:52} INFO - Started process 4516 to run task
[2023-10-01 06:11:04,889] {standard_task_runner.py:76} INFO - Running: ['airflow', 'tasks', 'run', 'our_fourth_dag_v4', 'second_task', '2021-09-08T00:00:00+00:00', '--job-id', '556', '--pool', 'default_pool', '--raw', '--subdir', 'DAGS_FOLDER/our_fourth_dag.py', '--cfg-path', '/tmp/tmp7lmg7vgp', '--error-file', '/tmp/tmpf48c0eds']
[2023-10-01 06:11:04,999] {standard_task_runner.py:77} INFO - Job 556: Subtask second_task
[2023-10-01 06:11:07,679] {logging_mixin.py:104} INFO - Running <TaskInstance: our_fourth_dag_v4.second_task 2021-09-08T00:00:00+00:00 [running]> on host d4ed655215d1
[2023-10-01 06:11:08,983] {taskinstance.py:1257} INFO - Exporting the following env vars:
AIRFLOW_CTX_DAG_OWNER=svastikkka
AIRFLOW_CTX_DAG_ID=our_fourth_dag_v4
AIRFLOW_CTX_TASK_ID=second_task
AIRFLOW_CTX_EXECUTION_DATE=2021-09-08T00:00:00+00:00
AIRFLOW_CTX_DAG_RUN_ID=scheduled__2021-09-08T00:00:00+00:00
[2023-10-01 06:11:08,986] {bash.py:135} INFO - Tmp dir root location: 
 /tmp
[2023-10-01 06:11:08,991] {bash.py:158} INFO - Running command: echo hey, I am task2 and will be running after task1!
[2023-10-01 06:11:09,259] {bash.py:169} INFO - Output:
[2023-10-01 06:11:09,553] {bash.py:173} INFO - hey, I am task2 and will be running after task1!
[2023-10-01 06:11:09,564] {bash.py:177} INFO - Command exited with return code 0
[2023-10-01 06:11:10,309] {taskinstance.py:1166} INFO - Marking task as SUCCESS. dag_id=our_fourth_dag_v4, task_id=second_task, execution_date=20210908T000000, start_date=20231001T061104, end_date=20231001T061110
[2023-10-01 06:11:10,733] {local_task_job.py:188} WARNING - State of this instance has been externally set to success. Terminating instance.
[2023-10-01 06:11:10,802] {process_utils.py:100} INFO - Sending Signals.SIGTERM to GPID 4516
[2023-10-01 06:11:12,023] {taskinstance.py:1239} ERROR - Received SIGTERM. Terminating subprocesses.
[2023-10-01 06:11:12,025] {bash.py:185} INFO - Sending SIGTERM signal to bash process group
[2023-10-01 06:11:12,105] {process_utils.py:66} INFO - Process psutil.Process(pid=4516, status='terminated', exitcode=1, started='06:11:04') (4516) terminated with exit code 1
