[2023-10-01 07:33:25,125] {taskinstance.py:851} INFO - Dependencies all met for <TaskInstance: our_seventh_dag_v7.get_name 2021-08-01T00:00:00+00:00 [queued]>
[2023-10-01 07:33:25,562] {taskinstance.py:851} INFO - Dependencies all met for <TaskInstance: our_seventh_dag_v7.get_name 2021-08-01T00:00:00+00:00 [queued]>
[2023-10-01 07:33:25,565] {taskinstance.py:1042} INFO - 
--------------------------------------------------------------------------------
[2023-10-01 07:33:25,567] {taskinstance.py:1043} INFO - Starting attempt 1 of 6
[2023-10-01 07:33:25,568] {taskinstance.py:1044} INFO - 
--------------------------------------------------------------------------------
[2023-10-01 07:33:25,763] {taskinstance.py:1063} INFO - Executing <Task(PythonOperator): get_name> on 2021-08-01T00:00:00+00:00
[2023-10-01 07:33:25,942] {standard_task_runner.py:52} INFO - Started process 17827 to run task
[2023-10-01 07:33:26,206] {standard_task_runner.py:76} INFO - Running: ['airflow', 'tasks', 'run', 'our_seventh_dag_v7', 'get_name', '2021-08-01T00:00:00+00:00', '--job-id', '1324', '--pool', 'default_pool', '--raw', '--subdir', 'DAGS_FOLDER/our_seventh_dag.py', '--cfg-path', '/tmp/tmph21yd343', '--error-file', '/tmp/tmpj85dj49z']
[2023-10-01 07:33:26,372] {standard_task_runner.py:77} INFO - Job 1324: Subtask get_name
[2023-10-01 07:33:27,662] {logging_mixin.py:104} INFO - Running <TaskInstance: our_seventh_dag_v7.get_name 2021-08-01T00:00:00+00:00 [running]> on host d4ed655215d1
[2023-10-01 07:33:40,754] {taskinstance.py:1257} INFO - Exporting the following env vars:
AIRFLOW_CTX_DAG_OWNER=svastikkka
AIRFLOW_CTX_DAG_ID=our_seventh_dag_v7
AIRFLOW_CTX_TASK_ID=get_name
AIRFLOW_CTX_EXECUTION_DATE=2021-08-01T00:00:00+00:00
AIRFLOW_CTX_DAG_RUN_ID=scheduled__2021-08-01T00:00:00+00:00
[2023-10-01 07:33:44,445] {python.py:118} INFO - Done. Returned value was: None
[2023-10-01 07:33:51,476] {taskinstance.py:1166} INFO - Marking task as SUCCESS. dag_id=our_seventh_dag_v7, task_id=get_name, execution_date=20210801T000000, start_date=20231001T073325, end_date=20231001T073351
[2023-10-01 07:33:52,515] {local_task_job.py:188} WARNING - State of this instance has been externally set to success. Terminating instance.
[2023-10-01 07:33:53,303] {process_utils.py:100} INFO - Sending Signals.SIGTERM to GPID 17827
[2023-10-01 07:33:53,347] {taskinstance.py:1239} ERROR - Received SIGTERM. Terminating subprocesses.
[2023-10-01 07:33:53,739] {process_utils.py:66} INFO - Process psutil.Process(pid=17827, status='terminated', exitcode=1, started='07:33:25') (17827) terminated with exit code 1
