[2023-10-01 05:55:55,666] {taskinstance.py:851} INFO - Dependencies all met for <TaskInstance: our_third_dag_v3.first_task 2021-08-23T00:00:00+00:00 [queued]>
[2023-10-01 05:55:56,588] {taskinstance.py:851} INFO - Dependencies all met for <TaskInstance: our_third_dag_v3.first_task 2021-08-23T00:00:00+00:00 [queued]>
[2023-10-01 05:55:56,592] {taskinstance.py:1042} INFO - 
--------------------------------------------------------------------------------
[2023-10-01 05:55:56,596] {taskinstance.py:1043} INFO - Starting attempt 1 of 6
[2023-10-01 05:55:56,599] {taskinstance.py:1044} INFO - 
--------------------------------------------------------------------------------
[2023-10-01 05:55:56,711] {taskinstance.py:1063} INFO - Executing <Task(BashOperator): first_task> on 2021-08-23T00:00:00+00:00
[2023-10-01 05:55:56,878] {standard_task_runner.py:52} INFO - Started process 2566 to run task
[2023-10-01 05:55:57,032] {standard_task_runner.py:76} INFO - Running: ['airflow', 'tasks', 'run', 'our_third_dag_v3', 'first_task', '2021-08-23T00:00:00+00:00', '--job-id', '218', '--pool', 'default_pool', '--raw', '--subdir', 'DAGS_FOLDER/our_third_dag.py', '--cfg-path', '/tmp/tmp9_oqs3_u', '--error-file', '/tmp/tmpalypya00']
[2023-10-01 05:55:57,121] {standard_task_runner.py:77} INFO - Job 218: Subtask first_task
[2023-10-01 05:56:01,474] {logging_mixin.py:104} INFO - Running <TaskInstance: our_third_dag_v3.first_task 2021-08-23T00:00:00+00:00 [running]> on host d4ed655215d1
[2023-10-01 05:56:04,843] {taskinstance.py:1257} INFO - Exporting the following env vars:
AIRFLOW_CTX_DAG_OWNER=coder2j
AIRFLOW_CTX_DAG_ID=our_third_dag_v3
AIRFLOW_CTX_TASK_ID=first_task
AIRFLOW_CTX_EXECUTION_DATE=2021-08-23T00:00:00+00:00
AIRFLOW_CTX_DAG_RUN_ID=scheduled__2021-08-23T00:00:00+00:00
[2023-10-01 05:56:04,856] {bash.py:135} INFO - Tmp dir root location: 
 /tmp
[2023-10-01 05:56:04,998] {bash.py:158} INFO - Running command: echo hello world, this is the first task!
[2023-10-01 05:56:05,775] {bash.py:169} INFO - Output:
[2023-10-01 05:56:05,787] {bash.py:173} INFO - hello world, this is the first task!
[2023-10-01 05:56:05,809] {bash.py:177} INFO - Command exited with return code 0
[2023-10-01 05:56:07,182] {taskinstance.py:1166} INFO - Marking task as SUCCESS. dag_id=our_third_dag_v3, task_id=first_task, execution_date=20210823T000000, start_date=20231001T055555, end_date=20231001T055607
[2023-10-01 05:56:09,412] {local_task_job.py:188} WARNING - State of this instance has been externally set to success. Terminating instance.
[2023-10-01 05:56:09,796] {process_utils.py:100} INFO - Sending Signals.SIGTERM to GPID 2566
[2023-10-01 05:56:12,403] {taskinstance.py:1239} ERROR - Received SIGTERM. Terminating subprocesses.
[2023-10-01 05:56:12,419] {bash.py:185} INFO - Sending SIGTERM signal to bash process group
[2023-10-01 05:56:12,716] {process_utils.py:66} INFO - Process psutil.Process(pid=2566, status='terminated', exitcode=1, started='05:55:56') (2566) terminated with exit code 1
