[2023-10-01 07:43:44,368] {taskinstance.py:851} INFO - Dependencies all met for <TaskInstance: our_seventh_dag_v7.greet 2022-01-09T00:00:00+00:00 [queued]>
[2023-10-01 07:43:44,642] {taskinstance.py:851} INFO - Dependencies all met for <TaskInstance: our_seventh_dag_v7.greet 2022-01-09T00:00:00+00:00 [queued]>
[2023-10-01 07:43:44,646] {taskinstance.py:1042} INFO - 
--------------------------------------------------------------------------------
[2023-10-01 07:43:44,650] {taskinstance.py:1043} INFO - Starting attempt 1 of 6
[2023-10-01 07:43:44,653] {taskinstance.py:1044} INFO - 
--------------------------------------------------------------------------------
[2023-10-01 07:43:44,774] {taskinstance.py:1063} INFO - Executing <Task(PythonOperator): greet> on 2022-01-09T00:00:00+00:00
[2023-10-01 07:43:44,891] {standard_task_runner.py:52} INFO - Started process 19917 to run task
[2023-10-01 07:43:45,077] {standard_task_runner.py:76} INFO - Running: ['airflow', 'tasks', 'run', 'our_seventh_dag_v7', 'greet', '2022-01-09T00:00:00+00:00', '--job-id', '1665', '--pool', 'default_pool', '--raw', '--subdir', 'DAGS_FOLDER/our_seventh_dag.py', '--cfg-path', '/tmp/tmpclhgse7k', '--error-file', '/tmp/tmp1smufx2u']
[2023-10-01 07:43:45,144] {standard_task_runner.py:77} INFO - Job 1665: Subtask greet
[2023-10-01 07:43:45,876] {logging_mixin.py:104} INFO - Running <TaskInstance: our_seventh_dag_v7.greet 2022-01-09T00:00:00+00:00 [running]> on host d4ed655215d1
[2023-10-01 07:43:46,561] {taskinstance.py:1257} INFO - Exporting the following env vars:
AIRFLOW_CTX_DAG_OWNER=svastikkka
AIRFLOW_CTX_DAG_ID=our_seventh_dag_v7
AIRFLOW_CTX_TASK_ID=greet
AIRFLOW_CTX_EXECUTION_DATE=2022-01-09T00:00:00+00:00
AIRFLOW_CTX_DAG_RUN_ID=scheduled__2022-01-09T00:00:00+00:00
[2023-10-01 07:43:46,751] {logging_mixin.py:104} INFO - Hello My name is Manshu Sharma and I am 26 years old.
[2023-10-01 07:43:46,752] {python.py:118} INFO - Done. Returned value was: None
[2023-10-01 07:43:46,880] {taskinstance.py:1166} INFO - Marking task as SUCCESS. dag_id=our_seventh_dag_v7, task_id=greet, execution_date=20220109T000000, start_date=20231001T074344, end_date=20231001T074346
[2023-10-01 07:43:47,312] {taskinstance.py:1220} INFO - 0 downstream tasks scheduled from follow-on schedule check
[2023-10-01 07:43:47,505] {local_task_job.py:146} INFO - Task exited with return code 0
