[2023-10-01 04:56:42,344] {taskinstance.py:851} INFO - Dependencies all met for <TaskInstance: our_first_dag_v5.thrid_task 2021-08-03T00:00:00+00:00 [queued]>
[2023-10-01 04:56:49,019] {taskinstance.py:851} INFO - Dependencies all met for <TaskInstance: our_first_dag_v5.thrid_task 2021-08-03T00:00:00+00:00 [queued]>
[2023-10-01 04:56:49,229] {taskinstance.py:1042} INFO - 
--------------------------------------------------------------------------------
[2023-10-01 04:56:49,522] {taskinstance.py:1043} INFO - Starting attempt 1 of 6
[2023-10-01 04:56:49,532] {taskinstance.py:1044} INFO - 
--------------------------------------------------------------------------------
[2023-10-01 04:56:51,920] {taskinstance.py:1063} INFO - Executing <Task(BashOperator): thrid_task> on 2021-08-03T00:00:00+00:00
[2023-10-01 04:56:52,488] {standard_task_runner.py:52} INFO - Started process 619 to run task
[2023-10-01 04:56:52,558] {standard_task_runner.py:76} INFO - Running: ['airflow', 'tasks', 'run', 'our_first_dag_v5', 'thrid_task', '2021-08-03T00:00:00+00:00', '--job-id', '13', '--pool', 'default_pool', '--raw', '--subdir', 'DAGS_FOLDER/our_first_dag.py', '--cfg-path', '/tmp/tmprxca3a78', '--error-file', '/tmp/tmp2nypu68h']
[2023-10-01 04:56:52,775] {standard_task_runner.py:77} INFO - Job 13: Subtask thrid_task
[2023-10-01 04:57:14,419] {logging_mixin.py:104} INFO - Running <TaskInstance: our_first_dag_v5.thrid_task 2021-08-03T00:00:00+00:00 [running]> on host c25e1f8124bc
[2023-10-01 04:57:25,423] {taskinstance.py:1257} INFO - Exporting the following env vars:
AIRFLOW_CTX_DAG_OWNER=coder2j
AIRFLOW_CTX_DAG_ID=our_first_dag_v5
AIRFLOW_CTX_TASK_ID=thrid_task
AIRFLOW_CTX_EXECUTION_DATE=2021-08-03T00:00:00+00:00
AIRFLOW_CTX_DAG_RUN_ID=scheduled__2021-08-03T00:00:00+00:00
[2023-10-01 04:57:25,553] {bash.py:135} INFO - Tmp dir root location: 
 /tmp
[2023-10-01 04:57:25,662] {bash.py:158} INFO - Running command: echo hey, I am task3 and will be running after task1 at the same time as task2!
[2023-10-01 04:57:31,621] {bash.py:169} INFO - Output:
[2023-10-01 04:57:32,099] {bash.py:173} INFO - hey, I am task3 and will be running after task1 at the same time as task2!
[2023-10-01 04:57:32,332] {bash.py:177} INFO - Command exited with return code 0
[2023-10-01 04:57:35,959] {taskinstance.py:1166} INFO - Marking task as SUCCESS. dag_id=our_first_dag_v5, task_id=thrid_task, execution_date=20210803T000000, start_date=20231001T045642, end_date=20231001T045735
[2023-10-01 04:57:43,486] {local_task_job.py:188} WARNING - State of this instance has been externally set to success. Terminating instance.
[2023-10-01 04:57:43,571] {process_utils.py:100} INFO - Sending Signals.SIGTERM to GPID 619
[2023-10-01 04:57:44,060] {taskinstance.py:1239} ERROR - Received SIGTERM. Terminating subprocesses.
[2023-10-01 04:57:44,062] {bash.py:185} INFO - Sending SIGTERM signal to bash process group
[2023-10-01 04:57:46,212] {process_utils.py:66} INFO - Process psutil.Process(pid=619, status='terminated', exitcode=1, started='04:56:52') (619) terminated with exit code 1
