[2023-10-01 16:06:52,685] {taskinstance.py:851} INFO - Dependencies all met for <TaskInstance: backup_postgres.list_current_directory 2023-10-01T16:06:47.869737+00:00 [queued]>
[2023-10-01 16:06:52,741] {taskinstance.py:851} INFO - Dependencies all met for <TaskInstance: backup_postgres.list_current_directory 2023-10-01T16:06:47.869737+00:00 [queued]>
[2023-10-01 16:06:52,744] {taskinstance.py:1042} INFO - 
--------------------------------------------------------------------------------
[2023-10-01 16:06:52,746] {taskinstance.py:1043} INFO - Starting attempt 1 of 6
[2023-10-01 16:06:52,750] {taskinstance.py:1044} INFO - 
--------------------------------------------------------------------------------
[2023-10-01 16:06:52,781] {taskinstance.py:1063} INFO - Executing <Task(BashOperator): list_current_directory> on 2023-10-01T16:06:47.869737+00:00
[2023-10-01 16:06:52,796] {standard_task_runner.py:52} INFO - Started process 7522 to run task
[2023-10-01 16:06:52,819] {standard_task_runner.py:76} INFO - Running: ['airflow', 'tasks', 'run', 'backup_postgres', 'list_current_directory', '2023-10-01T16:06:47.869737+00:00', '--job-id', '17', '--pool', 'default_pool', '--raw', '--subdir', 'DAGS_FOLDER/backup_postgres.py', '--cfg-path', '/tmp/tmpum2tei8n', '--error-file', '/tmp/tmpl1tiz9yw']
[2023-10-01 16:06:52,836] {standard_task_runner.py:77} INFO - Job 17: Subtask list_current_directory
[2023-10-01 16:06:52,970] {logging_mixin.py:104} INFO - Running <TaskInstance: backup_postgres.list_current_directory 2023-10-01T16:06:47.869737+00:00 [running]> on host 55885b568803
[2023-10-01 16:06:53,112] {taskinstance.py:1257} INFO - Exporting the following env vars:
AIRFLOW_CTX_DAG_OWNER=svastikkka
AIRFLOW_CTX_DAG_ID=backup_postgres
AIRFLOW_CTX_TASK_ID=list_current_directory
AIRFLOW_CTX_EXECUTION_DATE=2023-10-01T16:06:47.869737+00:00
AIRFLOW_CTX_DAG_RUN_ID=manual__2023-10-01T16:06:47.869737+00:00
[2023-10-01 16:06:53,125] {bash.py:135} INFO - Tmp dir root location: 
 /tmp
[2023-10-01 16:06:53,137] {bash.py:158} INFO - Running command: ls -l
[2023-10-01 16:06:53,169] {bash.py:169} INFO - Output:
[2023-10-01 16:06:53,188] {bash.py:173} INFO - total 0
[2023-10-01 16:06:53,192] {bash.py:177} INFO - Command exited with return code 0
[2023-10-01 16:06:53,277] {taskinstance.py:1166} INFO - Marking task as SUCCESS. dag_id=backup_postgres, task_id=list_current_directory, execution_date=20231001T160647, start_date=20231001T160652, end_date=20231001T160653
[2023-10-01 16:06:53,393] {taskinstance.py:1220} INFO - 1 downstream tasks scheduled from follow-on schedule check
[2023-10-01 16:06:53,445] {local_task_job.py:146} INFO - Task exited with return code 0
