[2023-10-01 07:58:48,249] {taskinstance.py:851} INFO - Dependencies all met for <TaskInstance: our_seventh_dag_v7.get_name 2023-01-17T00:00:00+00:00 [queued]>
[2023-10-01 07:58:48,545] {taskinstance.py:851} INFO - Dependencies all met for <TaskInstance: our_seventh_dag_v7.get_name 2023-01-17T00:00:00+00:00 [queued]>
[2023-10-01 07:58:48,548] {taskinstance.py:1042} INFO - 
--------------------------------------------------------------------------------
[2023-10-01 07:58:48,554] {taskinstance.py:1043} INFO - Starting attempt 1 of 6
[2023-10-01 07:58:48,564] {taskinstance.py:1044} INFO - 
--------------------------------------------------------------------------------
[2023-10-01 07:58:48,854] {taskinstance.py:1063} INFO - Executing <Task(PythonOperator): get_name> on 2023-01-17T00:00:00+00:00
[2023-10-01 07:58:48,871] {standard_task_runner.py:52} INFO - Started process 23856 to run task
[2023-10-01 07:58:49,159] {standard_task_runner.py:76} INFO - Running: ['airflow', 'tasks', 'run', 'our_seventh_dag_v7', 'get_name', '2023-01-17T00:00:00+00:00', '--job-id', '2404', '--pool', 'default_pool', '--raw', '--subdir', 'DAGS_FOLDER/our_seventh_dag.py', '--cfg-path', '/tmp/tmppft_ba8i', '--error-file', '/tmp/tmp3t5_wj_q']
[2023-10-01 07:58:49,367] {standard_task_runner.py:77} INFO - Job 2404: Subtask get_name
[2023-10-01 07:58:51,802] {logging_mixin.py:104} INFO - Running <TaskInstance: our_seventh_dag_v7.get_name 2023-01-17T00:00:00+00:00 [running]> on host d4ed655215d1
[2023-10-01 07:58:53,130] {taskinstance.py:1257} INFO - Exporting the following env vars:
AIRFLOW_CTX_DAG_OWNER=svastikkka
AIRFLOW_CTX_DAG_ID=our_seventh_dag_v7
AIRFLOW_CTX_TASK_ID=get_name
AIRFLOW_CTX_EXECUTION_DATE=2023-01-17T00:00:00+00:00
AIRFLOW_CTX_DAG_RUN_ID=scheduled__2023-01-17T00:00:00+00:00
[2023-10-01 07:58:58,524] {python.py:118} INFO - Done. Returned value was: None
[2023-10-01 07:58:58,907] {taskinstance.py:1166} INFO - Marking task as SUCCESS. dag_id=our_seventh_dag_v7, task_id=get_name, execution_date=20230117T000000, start_date=20231001T075848, end_date=20231001T075858
[2023-10-01 07:59:05,022] {taskinstance.py:1220} INFO - 0 downstream tasks scheduled from follow-on schedule check
[2023-10-01 07:59:05,308] {local_task_job.py:188} WARNING - State of this instance has been externally set to success. Terminating instance.
[2023-10-01 07:59:05,735] {process_utils.py:100} INFO - Sending Signals.SIGTERM to GPID 23856
[2023-10-01 07:59:05,762] {process_utils.py:66} INFO - Process psutil.Process(pid=23856, status='terminated', exitcode=0, started='07:58:47') (23856) terminated with exit code 0
