[2023-10-01 06:42:32,537] {taskinstance.py:851} INFO - Dependencies all met for <TaskInstance: our_sixth_dag_v6.get_name 2021-08-18T00:00:00+00:00 [queued]>
[2023-10-01 06:42:32,776] {taskinstance.py:851} INFO - Dependencies all met for <TaskInstance: our_sixth_dag_v6.get_name 2021-08-18T00:00:00+00:00 [queued]>
[2023-10-01 06:42:32,778] {taskinstance.py:1042} INFO - 
--------------------------------------------------------------------------------
[2023-10-01 06:42:32,780] {taskinstance.py:1043} INFO - Starting attempt 1 of 6
[2023-10-01 06:42:32,784] {taskinstance.py:1044} INFO - 
--------------------------------------------------------------------------------
[2023-10-01 06:42:32,938] {taskinstance.py:1063} INFO - Executing <Task(PythonOperator): get_name> on 2021-08-18T00:00:00+00:00
[2023-10-01 06:42:32,990] {standard_task_runner.py:52} INFO - Started process 9324 to run task
[2023-10-01 06:42:33,028] {standard_task_runner.py:76} INFO - Running: ['airflow', 'tasks', 'run', 'our_sixth_dag_v6', 'get_name', '2021-08-18T00:00:00+00:00', '--job-id', '1107', '--pool', 'default_pool', '--raw', '--subdir', 'DAGS_FOLDER/our_sixth_dag.py', '--cfg-path', '/tmp/tmpmxuc37a1', '--error-file', '/tmp/tmpvnodxiqr']
[2023-10-01 06:42:33,104] {standard_task_runner.py:77} INFO - Job 1107: Subtask get_name
[2023-10-01 06:42:33,895] {logging_mixin.py:104} INFO - Running <TaskInstance: our_sixth_dag_v6.get_name 2021-08-18T00:00:00+00:00 [running]> on host d4ed655215d1
[2023-10-01 06:42:34,420] {taskinstance.py:1257} INFO - Exporting the following env vars:
AIRFLOW_CTX_DAG_OWNER=svastikkka
AIRFLOW_CTX_DAG_ID=our_sixth_dag_v6
AIRFLOW_CTX_TASK_ID=get_name
AIRFLOW_CTX_EXECUTION_DATE=2021-08-18T00:00:00+00:00
AIRFLOW_CTX_DAG_RUN_ID=scheduled__2021-08-18T00:00:00+00:00
[2023-10-01 06:42:34,427] {python.py:118} INFO - Done. Returned value was: Manshu
[2023-10-01 06:42:34,644] {taskinstance.py:1166} INFO - Marking task as SUCCESS. dag_id=our_sixth_dag_v6, task_id=get_name, execution_date=20210818T000000, start_date=20231001T064232, end_date=20231001T064234
[2023-10-01 06:42:35,241] {taskinstance.py:1220} INFO - 0 downstream tasks scheduled from follow-on schedule check
[2023-10-01 06:42:35,438] {local_task_job.py:146} INFO - Task exited with return code 0
