[2023-10-01 06:21:17,294] {taskinstance.py:851} INFO - Dependencies all met for <TaskInstance: our_fourth_dag_v4.thrid_task 2022-01-14T00:00:00+00:00 [queued]>
[2023-10-01 06:21:17,646] {taskinstance.py:851} INFO - Dependencies all met for <TaskInstance: our_fourth_dag_v4.thrid_task 2022-01-14T00:00:00+00:00 [queued]>
[2023-10-01 06:21:17,658] {taskinstance.py:1042} INFO - 
--------------------------------------------------------------------------------
[2023-10-01 06:21:17,660] {taskinstance.py:1043} INFO - Starting attempt 1 of 6
[2023-10-01 06:21:17,662] {taskinstance.py:1044} INFO - 
--------------------------------------------------------------------------------
[2023-10-01 06:21:17,795] {taskinstance.py:1063} INFO - Executing <Task(BashOperator): thrid_task> on 2022-01-14T00:00:00+00:00
[2023-10-01 06:21:17,956] {standard_task_runner.py:52} INFO - Started process 6470 to run task
[2023-10-01 06:21:18,011] {standard_task_runner.py:76} INFO - Running: ['airflow', 'tasks', 'run', 'our_fourth_dag_v4', 'thrid_task', '2022-01-14T00:00:00+00:00', '--job-id', '940', '--pool', 'default_pool', '--raw', '--subdir', 'DAGS_FOLDER/our_fourth_dag.py', '--cfg-path', '/tmp/tmp7e6b6e9o', '--error-file', '/tmp/tmpzxyyzt14']
[2023-10-01 06:21:18,040] {standard_task_runner.py:77} INFO - Job 940: Subtask thrid_task
[2023-10-01 06:21:18,861] {logging_mixin.py:104} INFO - Running <TaskInstance: our_fourth_dag_v4.thrid_task 2022-01-14T00:00:00+00:00 [running]> on host d4ed655215d1
[2023-10-01 06:21:20,349] {taskinstance.py:1257} INFO - Exporting the following env vars:
AIRFLOW_CTX_DAG_OWNER=svastikkka
AIRFLOW_CTX_DAG_ID=our_fourth_dag_v4
AIRFLOW_CTX_TASK_ID=thrid_task
AIRFLOW_CTX_EXECUTION_DATE=2022-01-14T00:00:00+00:00
AIRFLOW_CTX_DAG_RUN_ID=scheduled__2022-01-14T00:00:00+00:00
[2023-10-01 06:21:20,431] {bash.py:135} INFO - Tmp dir root location: 
 /tmp
[2023-10-01 06:21:20,447] {bash.py:158} INFO - Running command: echo hey, I am task3 and will be running after task1 at the same time as task2!
[2023-10-01 06:21:20,842] {bash.py:169} INFO - Output:
[2023-10-01 06:21:20,900] {bash.py:173} INFO - hey, I am task3 and will be running after task1 at the same time as task2!
[2023-10-01 06:21:20,981] {bash.py:177} INFO - Command exited with return code 0
[2023-10-01 06:21:21,712] {taskinstance.py:1166} INFO - Marking task as SUCCESS. dag_id=our_fourth_dag_v4, task_id=thrid_task, execution_date=20220114T000000, start_date=20231001T062117, end_date=20231001T062121
[2023-10-01 06:21:23,787] {local_task_job.py:188} WARNING - State of this instance has been externally set to success. Terminating instance.
[2023-10-01 06:21:24,009] {process_utils.py:100} INFO - Sending Signals.SIGTERM to GPID 6470
[2023-10-01 06:21:27,639] {taskinstance.py:1239} ERROR - Received SIGTERM. Terminating subprocesses.
[2023-10-01 06:21:27,645] {bash.py:185} INFO - Sending SIGTERM signal to bash process group
[2023-10-01 06:21:29,362] {process_utils.py:66} INFO - Process psutil.Process(pid=6470, status='terminated', exitcode=1, started='06:21:17') (6470) terminated with exit code 1
