[2023-10-01 07:52:17,159] {taskinstance.py:851} INFO - Dependencies all met for <TaskInstance: our_seventh_dag_v7.get_name 2022-09-24T00:00:00+00:00 [queued]>
[2023-10-01 07:52:17,354] {taskinstance.py:851} INFO - Dependencies all met for <TaskInstance: our_seventh_dag_v7.get_name 2022-09-24T00:00:00+00:00 [queued]>
[2023-10-01 07:52:17,372] {taskinstance.py:1042} INFO - 
--------------------------------------------------------------------------------
[2023-10-01 07:52:17,374] {taskinstance.py:1043} INFO - Starting attempt 1 of 6
[2023-10-01 07:52:17,376] {taskinstance.py:1044} INFO - 
--------------------------------------------------------------------------------
[2023-10-01 07:52:17,507] {taskinstance.py:1063} INFO - Executing <Task(PythonOperator): get_name> on 2022-09-24T00:00:00+00:00
[2023-10-01 07:52:17,565] {standard_task_runner.py:52} INFO - Started process 22408 to run task
[2023-10-01 07:52:17,606] {standard_task_runner.py:76} INFO - Running: ['airflow', 'tasks', 'run', 'our_seventh_dag_v7', 'get_name', '2022-09-24T00:00:00+00:00', '--job-id', '2174', '--pool', 'default_pool', '--raw', '--subdir', 'DAGS_FOLDER/our_seventh_dag.py', '--cfg-path', '/tmp/tmp1skvx37v', '--error-file', '/tmp/tmpaqdi12nn']
[2023-10-01 07:52:17,629] {standard_task_runner.py:77} INFO - Job 2174: Subtask get_name
[2023-10-01 07:52:18,036] {logging_mixin.py:104} INFO - Running <TaskInstance: our_seventh_dag_v7.get_name 2022-09-24T00:00:00+00:00 [running]> on host d4ed655215d1
[2023-10-01 07:52:18,961] {taskinstance.py:1257} INFO - Exporting the following env vars:
AIRFLOW_CTX_DAG_OWNER=svastikkka
AIRFLOW_CTX_DAG_ID=our_seventh_dag_v7
AIRFLOW_CTX_TASK_ID=get_name
AIRFLOW_CTX_EXECUTION_DATE=2022-09-24T00:00:00+00:00
AIRFLOW_CTX_DAG_RUN_ID=scheduled__2022-09-24T00:00:00+00:00
[2023-10-01 07:52:19,440] {python.py:118} INFO - Done. Returned value was: None
[2023-10-01 07:52:19,610] {taskinstance.py:1166} INFO - Marking task as SUCCESS. dag_id=our_seventh_dag_v7, task_id=get_name, execution_date=20220924T000000, start_date=20231001T075217, end_date=20231001T075219
[2023-10-01 07:52:20,959] {taskinstance.py:1220} INFO - 0 downstream tasks scheduled from follow-on schedule check
[2023-10-01 07:52:21,141] {local_task_job.py:146} INFO - Task exited with return code 0
