[2023-10-01 07:52:34,239] {taskinstance.py:851} INFO - Dependencies all met for <TaskInstance: our_seventh_dag_v7.get_name 2022-10-01T00:00:00+00:00 [queued]>
[2023-10-01 07:52:34,474] {taskinstance.py:851} INFO - Dependencies all met for <TaskInstance: our_seventh_dag_v7.get_name 2022-10-01T00:00:00+00:00 [queued]>
[2023-10-01 07:52:34,476] {taskinstance.py:1042} INFO - 
--------------------------------------------------------------------------------
[2023-10-01 07:52:34,478] {taskinstance.py:1043} INFO - Starting attempt 1 of 6
[2023-10-01 07:52:34,479] {taskinstance.py:1044} INFO - 
--------------------------------------------------------------------------------
[2023-10-01 07:52:35,007] {taskinstance.py:1063} INFO - Executing <Task(PythonOperator): get_name> on 2022-10-01T00:00:00+00:00
[2023-10-01 07:52:36,001] {standard_task_runner.py:52} INFO - Started process 22489 to run task
[2023-10-01 07:52:36,363] {standard_task_runner.py:76} INFO - Running: ['airflow', 'tasks', 'run', 'our_seventh_dag_v7', 'get_name', '2022-10-01T00:00:00+00:00', '--job-id', '2188', '--pool', 'default_pool', '--raw', '--subdir', 'DAGS_FOLDER/our_seventh_dag.py', '--cfg-path', '/tmp/tmpjvfbvn6t', '--error-file', '/tmp/tmpijig9v3y']
[2023-10-01 07:52:36,628] {standard_task_runner.py:77} INFO - Job 2188: Subtask get_name
[2023-10-01 07:52:38,041] {logging_mixin.py:104} INFO - Running <TaskInstance: our_seventh_dag_v7.get_name 2022-10-01T00:00:00+00:00 [running]> on host d4ed655215d1
[2023-10-01 07:52:39,549] {taskinstance.py:1257} INFO - Exporting the following env vars:
AIRFLOW_CTX_DAG_OWNER=svastikkka
AIRFLOW_CTX_DAG_ID=our_seventh_dag_v7
AIRFLOW_CTX_TASK_ID=get_name
AIRFLOW_CTX_EXECUTION_DATE=2022-10-01T00:00:00+00:00
AIRFLOW_CTX_DAG_RUN_ID=scheduled__2022-10-01T00:00:00+00:00
[2023-10-01 07:52:40,307] {python.py:118} INFO - Done. Returned value was: None
[2023-10-01 07:52:40,563] {taskinstance.py:1166} INFO - Marking task as SUCCESS. dag_id=our_seventh_dag_v7, task_id=get_name, execution_date=20221001T000000, start_date=20231001T075234, end_date=20231001T075240
[2023-10-01 07:52:41,892] {local_task_job.py:188} WARNING - State of this instance has been externally set to success. Terminating instance.
[2023-10-01 07:52:41,923] {process_utils.py:100} INFO - Sending Signals.SIGTERM to GPID 22489
[2023-10-01 07:52:42,312] {taskinstance.py:1239} ERROR - Received SIGTERM. Terminating subprocesses.
[2023-10-01 07:52:42,409] {process_utils.py:66} INFO - Process psutil.Process(pid=22489, status='terminated', exitcode=1, started='07:52:35') (22489) terminated with exit code 1
