[2023-10-01 06:00:32,828] {taskinstance.py:851} INFO - Dependencies all met for <TaskInstance: our_third_dag_v3.first_task 2021-10-03T00:00:00+00:00 [queued]>
[2023-10-01 06:00:33,067] {taskinstance.py:851} INFO - Dependencies all met for <TaskInstance: our_third_dag_v3.first_task 2021-10-03T00:00:00+00:00 [queued]>
[2023-10-01 06:00:33,075] {taskinstance.py:1042} INFO - 
--------------------------------------------------------------------------------
[2023-10-01 06:00:33,083] {taskinstance.py:1043} INFO - Starting attempt 1 of 6
[2023-10-01 06:00:33,088] {taskinstance.py:1044} INFO - 
--------------------------------------------------------------------------------
[2023-10-01 06:00:33,323] {taskinstance.py:1063} INFO - Executing <Task(BashOperator): first_task> on 2021-10-03T00:00:00+00:00
[2023-10-01 06:00:33,412] {standard_task_runner.py:52} INFO - Started process 3172 to run task
[2023-10-01 06:00:33,494] {standard_task_runner.py:76} INFO - Running: ['airflow', 'tasks', 'run', 'our_third_dag_v3', 'first_task', '2021-10-03T00:00:00+00:00', '--job-id', '340', '--pool', 'default_pool', '--raw', '--subdir', 'DAGS_FOLDER/our_third_dag.py', '--cfg-path', '/tmp/tmprzmaws4w', '--error-file', '/tmp/tmpn2w59dp_']
[2023-10-01 06:00:33,548] {standard_task_runner.py:77} INFO - Job 340: Subtask first_task
[2023-10-01 06:00:33,996] {logging_mixin.py:104} INFO - Running <TaskInstance: our_third_dag_v3.first_task 2021-10-03T00:00:00+00:00 [running]> on host d4ed655215d1
[2023-10-01 06:00:35,570] {taskinstance.py:1257} INFO - Exporting the following env vars:
AIRFLOW_CTX_DAG_OWNER=coder2j
AIRFLOW_CTX_DAG_ID=our_third_dag_v3
AIRFLOW_CTX_TASK_ID=first_task
AIRFLOW_CTX_EXECUTION_DATE=2021-10-03T00:00:00+00:00
AIRFLOW_CTX_DAG_RUN_ID=scheduled__2021-10-03T00:00:00+00:00
[2023-10-01 06:00:35,619] {bash.py:135} INFO - Tmp dir root location: 
 /tmp
[2023-10-01 06:00:35,659] {bash.py:158} INFO - Running command: echo hello world, this is the first task!
[2023-10-01 06:00:36,012] {bash.py:169} INFO - Output:
[2023-10-01 06:00:36,100] {bash.py:173} INFO - hello world, this is the first task!
[2023-10-01 06:00:36,119] {bash.py:177} INFO - Command exited with return code 0
[2023-10-01 06:00:36,742] {taskinstance.py:1166} INFO - Marking task as SUCCESS. dag_id=our_third_dag_v3, task_id=first_task, execution_date=20211003T000000, start_date=20231001T060032, end_date=20231001T060036
[2023-10-01 06:00:46,611] {local_task_job.py:188} WARNING - State of this instance has been externally set to success. Terminating instance.
[2023-10-01 06:00:46,661] {process_utils.py:100} INFO - Sending Signals.SIGTERM to GPID 3172
[2023-10-01 06:00:48,076] {taskinstance.py:1239} ERROR - Received SIGTERM. Terminating subprocesses.
[2023-10-01 06:00:48,164] {bash.py:185} INFO - Sending SIGTERM signal to bash process group
[2023-10-01 06:00:48,870] {process_utils.py:66} INFO - Process psutil.Process(pid=3172, status='terminated', exitcode=1, started='06:00:32') (3172) terminated with exit code 1
