[2023-10-01 05:33:30,714] {taskinstance.py:851} INFO - Dependencies all met for <TaskInstance: our_second_dag_v2.second_task 2021-08-09T00:00:00+00:00 [queued]>
[2023-10-01 05:33:31,043] {taskinstance.py:851} INFO - Dependencies all met for <TaskInstance: our_second_dag_v2.second_task 2021-08-09T00:00:00+00:00 [queued]>
[2023-10-01 05:33:31,045] {taskinstance.py:1042} INFO - 
--------------------------------------------------------------------------------
[2023-10-01 05:33:31,048] {taskinstance.py:1043} INFO - Starting attempt 1 of 6
[2023-10-01 05:33:31,051] {taskinstance.py:1044} INFO - 
--------------------------------------------------------------------------------
[2023-10-01 05:33:31,153] {taskinstance.py:1063} INFO - Executing <Task(BashOperator): second_task> on 2021-08-09T00:00:00+00:00
[2023-10-01 05:33:31,207] {standard_task_runner.py:52} INFO - Started process 1164 to run task
[2023-10-01 05:33:31,293] {standard_task_runner.py:76} INFO - Running: ['airflow', 'tasks', 'run', 'our_second_dag_v2', 'second_task', '2021-08-09T00:00:00+00:00', '--job-id', '141', '--pool', 'default_pool', '--raw', '--subdir', 'DAGS_FOLDER/our_second_dag.py', '--cfg-path', '/tmp/tmpbhuwzsax', '--error-file', '/tmp/tmprf9tyteh']
[2023-10-01 05:33:31,301] {standard_task_runner.py:77} INFO - Job 141: Subtask second_task
[2023-10-01 05:33:31,706] {logging_mixin.py:104} INFO - Running <TaskInstance: our_second_dag_v2.second_task 2021-08-09T00:00:00+00:00 [running]> on host d4ed655215d1
[2023-10-01 05:33:33,137] {taskinstance.py:1257} INFO - Exporting the following env vars:
AIRFLOW_CTX_DAG_OWNER=coder2j
AIRFLOW_CTX_DAG_ID=our_second_dag_v2
AIRFLOW_CTX_TASK_ID=second_task
AIRFLOW_CTX_EXECUTION_DATE=2021-08-09T00:00:00+00:00
AIRFLOW_CTX_DAG_RUN_ID=scheduled__2021-08-09T00:00:00+00:00
[2023-10-01 05:33:33,147] {bash.py:135} INFO - Tmp dir root location: 
 /tmp
[2023-10-01 05:33:33,429] {bash.py:158} INFO - Running command: echo hey, I am task2 and will be running after task1!
[2023-10-01 05:33:34,799] {bash.py:169} INFO - Output:
[2023-10-01 05:33:34,946] {bash.py:173} INFO - hey, I am task2 and will be running after task1!
[2023-10-01 05:33:35,323] {bash.py:177} INFO - Command exited with return code 0
[2023-10-01 05:33:36,629] {taskinstance.py:1166} INFO - Marking task as SUCCESS. dag_id=our_second_dag_v2, task_id=second_task, execution_date=20210809T000000, start_date=20231001T053330, end_date=20231001T053336
[2023-10-01 05:33:37,419] {taskinstance.py:1220} INFO - 0 downstream tasks scheduled from follow-on schedule check
[2023-10-01 05:33:47,449] {local_task_job.py:146} INFO - Task exited with return code 0
