[2023-10-01 07:35:27,799] {taskinstance.py:851} INFO - Dependencies all met for <TaskInstance: our_seventh_dag_v7.get_name 2021-08-14T00:00:00+00:00 [queued]>
[2023-10-01 07:35:29,449] {taskinstance.py:851} INFO - Dependencies all met for <TaskInstance: our_seventh_dag_v7.get_name 2021-08-14T00:00:00+00:00 [queued]>
[2023-10-01 07:35:29,502] {taskinstance.py:1042} INFO - 
--------------------------------------------------------------------------------
[2023-10-01 07:35:29,508] {taskinstance.py:1043} INFO - Starting attempt 1 of 6
[2023-10-01 07:35:29,533] {taskinstance.py:1044} INFO - 
--------------------------------------------------------------------------------
[2023-10-01 07:35:30,576] {taskinstance.py:1063} INFO - Executing <Task(PythonOperator): get_name> on 2021-08-14T00:00:00+00:00
[2023-10-01 07:35:31,000] {standard_task_runner.py:52} INFO - Started process 18031 to run task
[2023-10-01 07:35:31,255] {standard_task_runner.py:76} INFO - Running: ['airflow', 'tasks', 'run', 'our_seventh_dag_v7', 'get_name', '2021-08-14T00:00:00+00:00', '--job-id', '1351', '--pool', 'default_pool', '--raw', '--subdir', 'DAGS_FOLDER/our_seventh_dag.py', '--cfg-path', '/tmp/tmpwuop7f7o', '--error-file', '/tmp/tmp5hzubtg9']
[2023-10-01 07:35:31,463] {standard_task_runner.py:77} INFO - Job 1351: Subtask get_name
[2023-10-01 07:35:32,167] {logging_mixin.py:104} INFO - Running <TaskInstance: our_seventh_dag_v7.get_name 2021-08-14T00:00:00+00:00 [running]> on host d4ed655215d1
[2023-10-01 07:35:32,864] {taskinstance.py:1257} INFO - Exporting the following env vars:
AIRFLOW_CTX_DAG_OWNER=svastikkka
AIRFLOW_CTX_DAG_ID=our_seventh_dag_v7
AIRFLOW_CTX_TASK_ID=get_name
AIRFLOW_CTX_EXECUTION_DATE=2021-08-14T00:00:00+00:00
AIRFLOW_CTX_DAG_RUN_ID=scheduled__2021-08-14T00:00:00+00:00
[2023-10-01 07:35:33,154] {python.py:118} INFO - Done. Returned value was: None
[2023-10-01 07:35:33,203] {taskinstance.py:1166} INFO - Marking task as SUCCESS. dag_id=our_seventh_dag_v7, task_id=get_name, execution_date=20210814T000000, start_date=20231001T073527, end_date=20231001T073533
[2023-10-01 07:35:33,977] {taskinstance.py:1220} INFO - 0 downstream tasks scheduled from follow-on schedule check
[2023-10-01 07:35:34,625] {local_task_job.py:146} INFO - Task exited with return code 0
