[2023-10-01 08:08:17,876] {taskinstance.py:851} INFO - Dependencies all met for <TaskInstance: our_eight_dag_v8.get_name 2021-08-14T00:00:00+00:00 [queued]>
[2023-10-01 08:08:23,196] {taskinstance.py:851} INFO - Dependencies all met for <TaskInstance: our_eight_dag_v8.get_name 2021-08-14T00:00:00+00:00 [queued]>
[2023-10-01 08:08:23,198] {taskinstance.py:1042} INFO - 
--------------------------------------------------------------------------------
[2023-10-01 08:08:23,202] {taskinstance.py:1043} INFO - Starting attempt 1 of 6
[2023-10-01 08:08:23,205] {taskinstance.py:1044} INFO - 
--------------------------------------------------------------------------------
[2023-10-01 08:08:23,482] {taskinstance.py:1063} INFO - Executing <Task(PythonOperator): get_name> on 2021-08-14T00:00:00+00:00
[2023-10-01 08:08:23,572] {standard_task_runner.py:52} INFO - Started process 24835 to run task
[2023-10-01 08:08:23,837] {standard_task_runner.py:76} INFO - Running: ['airflow', 'tasks', 'run', 'our_eight_dag_v8', 'get_name', '2021-08-14T00:00:00+00:00', '--job-id', '2470', '--pool', 'default_pool', '--raw', '--subdir', 'DAGS_FOLDER/our_eight_dag.py', '--cfg-path', '/tmp/tmp_e5ondc_', '--error-file', '/tmp/tmpu3d0quvl']
[2023-10-01 08:08:24,023] {standard_task_runner.py:77} INFO - Job 2470: Subtask get_name
[2023-10-01 08:08:25,615] {logging_mixin.py:104} INFO - Running <TaskInstance: our_eight_dag_v8.get_name 2021-08-14T00:00:00+00:00 [running]> on host d4ed655215d1
[2023-10-01 08:08:27,533] {taskinstance.py:1257} INFO - Exporting the following env vars:
AIRFLOW_CTX_DAG_OWNER=svastikkka
AIRFLOW_CTX_DAG_ID=our_eight_dag_v8
AIRFLOW_CTX_TASK_ID=get_name
AIRFLOW_CTX_EXECUTION_DATE=2021-08-14T00:00:00+00:00
AIRFLOW_CTX_DAG_RUN_ID=scheduled__2021-08-14T00:00:00+00:00
[2023-10-01 08:08:31,989] {python.py:118} INFO - Done. Returned value was: None
[2023-10-01 08:08:32,656] {taskinstance.py:1166} INFO - Marking task as SUCCESS. dag_id=our_eight_dag_v8, task_id=get_name, execution_date=20210814T000000, start_date=20231001T080819, end_date=20231001T080832
[2023-10-01 08:08:35,331] {local_task_job.py:188} WARNING - State of this instance has been externally set to success. Terminating instance.
[2023-10-01 08:08:35,934] {process_utils.py:100} INFO - Sending Signals.SIGTERM to GPID 24835
[2023-10-01 08:08:35,993] {taskinstance.py:1239} ERROR - Received SIGTERM. Terminating subprocesses.
[2023-10-01 08:08:39,798] {process_utils.py:66} INFO - Process psutil.Process(pid=24835, status='terminated', exitcode=1, started='08:08:23') (24835) terminated with exit code 1
