[2023-10-01 04:59:25,747] {taskinstance.py:851} INFO - Dependencies all met for <TaskInstance: our_first_dag_v5.first_task 2021-09-12T00:00:00+00:00 [queued]>
[2023-10-01 04:59:25,889] {taskinstance.py:851} INFO - Dependencies all met for <TaskInstance: our_first_dag_v5.first_task 2021-09-12T00:00:00+00:00 [queued]>
[2023-10-01 04:59:25,891] {taskinstance.py:1042} INFO - 
--------------------------------------------------------------------------------
[2023-10-01 04:59:25,894] {taskinstance.py:1043} INFO - Starting attempt 1 of 6
[2023-10-01 04:59:25,899] {taskinstance.py:1044} INFO - 
--------------------------------------------------------------------------------
[2023-10-01 04:59:25,970] {taskinstance.py:1063} INFO - Executing <Task(BashOperator): first_task> on 2021-09-12T00:00:00+00:00
[2023-10-01 04:59:25,993] {standard_task_runner.py:52} INFO - Started process 802 to run task
[2023-10-01 04:59:26,078] {standard_task_runner.py:76} INFO - Running: ['airflow', 'tasks', 'run', 'our_first_dag_v5', 'first_task', '2021-09-12T00:00:00+00:00', '--job-id', '54', '--pool', 'default_pool', '--raw', '--subdir', 'DAGS_FOLDER/our_first_dag.py', '--cfg-path', '/tmp/tmp900ivzdm', '--error-file', '/tmp/tmp00e24c9u']
[2023-10-01 04:59:26,203] {standard_task_runner.py:77} INFO - Job 54: Subtask first_task
[2023-10-01 04:59:27,207] {logging_mixin.py:104} INFO - Running <TaskInstance: our_first_dag_v5.first_task 2021-09-12T00:00:00+00:00 [running]> on host c25e1f8124bc
[2023-10-01 04:59:27,768] {taskinstance.py:1257} INFO - Exporting the following env vars:
AIRFLOW_CTX_DAG_OWNER=coder2j
AIRFLOW_CTX_DAG_ID=our_first_dag_v5
AIRFLOW_CTX_TASK_ID=first_task
AIRFLOW_CTX_EXECUTION_DATE=2021-09-12T00:00:00+00:00
AIRFLOW_CTX_DAG_RUN_ID=scheduled__2021-09-12T00:00:00+00:00
[2023-10-01 04:59:27,778] {bash.py:135} INFO - Tmp dir root location: 
 /tmp
[2023-10-01 04:59:27,790] {bash.py:158} INFO - Running command: echo hello world, this is the first task!
[2023-10-01 04:59:27,903] {bash.py:169} INFO - Output:
[2023-10-01 04:59:27,970] {bash.py:173} INFO - hello world, this is the first task!
[2023-10-01 04:59:27,982] {bash.py:177} INFO - Command exited with return code 0
[2023-10-01 04:59:29,012] {taskinstance.py:1166} INFO - Marking task as SUCCESS. dag_id=our_first_dag_v5, task_id=first_task, execution_date=20210912T000000, start_date=20231001T045925, end_date=20231001T045929
[2023-10-01 04:59:31,445] {local_task_job.py:188} WARNING - State of this instance has been externally set to success. Terminating instance.
[2023-10-01 04:59:31,494] {process_utils.py:100} INFO - Sending Signals.SIGTERM to GPID 802
[2023-10-01 04:59:34,349] {taskinstance.py:1239} ERROR - Received SIGTERM. Terminating subprocesses.
[2023-10-01 04:59:34,372] {bash.py:185} INFO - Sending SIGTERM signal to bash process group
[2023-10-01 04:59:34,736] {process_utils.py:66} INFO - Process psutil.Process(pid=802, status='terminated', exitcode=1, started='04:59:25') (802) terminated with exit code 1
