[2023-10-01 06:11:33,069] {taskinstance.py:851} INFO - Dependencies all met for <TaskInstance: our_fourth_dag_v4.first_task 2021-09-20T00:00:00+00:00 [queued]>
[2023-10-01 06:11:33,427] {taskinstance.py:851} INFO - Dependencies all met for <TaskInstance: our_fourth_dag_v4.first_task 2021-09-20T00:00:00+00:00 [queued]>
[2023-10-01 06:11:33,447] {taskinstance.py:1042} INFO - 
--------------------------------------------------------------------------------
[2023-10-01 06:11:33,482] {taskinstance.py:1043} INFO - Starting attempt 1 of 6
[2023-10-01 06:11:33,487] {taskinstance.py:1044} INFO - 
--------------------------------------------------------------------------------
[2023-10-01 06:11:33,834] {taskinstance.py:1063} INFO - Executing <Task(BashOperator): first_task> on 2021-09-20T00:00:00+00:00
[2023-10-01 06:11:33,986] {standard_task_runner.py:52} INFO - Started process 4638 to run task
[2023-10-01 06:11:34,136] {standard_task_runner.py:76} INFO - Running: ['airflow', 'tasks', 'run', 'our_fourth_dag_v4', 'first_task', '2021-09-20T00:00:00+00:00', '--job-id', '582', '--pool', 'default_pool', '--raw', '--subdir', 'DAGS_FOLDER/our_fourth_dag.py', '--cfg-path', '/tmp/tmpfxb3jzi9', '--error-file', '/tmp/tmpcvff9g6l']
[2023-10-01 06:11:34,214] {standard_task_runner.py:77} INFO - Job 582: Subtask first_task
[2023-10-01 06:11:35,235] {logging_mixin.py:104} INFO - Running <TaskInstance: our_fourth_dag_v4.first_task 2021-09-20T00:00:00+00:00 [running]> on host d4ed655215d1
[2023-10-01 06:11:35,852] {taskinstance.py:1257} INFO - Exporting the following env vars:
AIRFLOW_CTX_DAG_OWNER=svastikkka
AIRFLOW_CTX_DAG_ID=our_fourth_dag_v4
AIRFLOW_CTX_TASK_ID=first_task
AIRFLOW_CTX_EXECUTION_DATE=2021-09-20T00:00:00+00:00
AIRFLOW_CTX_DAG_RUN_ID=scheduled__2021-09-20T00:00:00+00:00
[2023-10-01 06:11:35,861] {bash.py:135} INFO - Tmp dir root location: 
 /tmp
[2023-10-01 06:11:35,875] {bash.py:158} INFO - Running command: echo hello world, this is the first task!
[2023-10-01 06:11:36,065] {bash.py:169} INFO - Output:
[2023-10-01 06:11:36,144] {bash.py:173} INFO - hello world, this is the first task!
[2023-10-01 06:11:36,207] {bash.py:177} INFO - Command exited with return code 0
[2023-10-01 06:11:36,805] {taskinstance.py:1166} INFO - Marking task as SUCCESS. dag_id=our_fourth_dag_v4, task_id=first_task, execution_date=20210920T000000, start_date=20231001T061133, end_date=20231001T061136
[2023-10-01 06:11:37,435] {taskinstance.py:1220} INFO - 2 downstream tasks scheduled from follow-on schedule check
[2023-10-01 06:11:37,619] {local_task_job.py:146} INFO - Task exited with return code 0
