[2023-10-01 05:01:59,684] {taskinstance.py:851} INFO - Dependencies all met for <TaskInstance: our_first_dag_v1.first_task 2021-08-01T00:00:00+00:00 [queued]>
[2023-10-01 05:01:59,849] {taskinstance.py:851} INFO - Dependencies all met for <TaskInstance: our_first_dag_v1.first_task 2021-08-01T00:00:00+00:00 [queued]>
[2023-10-01 05:01:59,855] {taskinstance.py:1042} INFO - 
--------------------------------------------------------------------------------
[2023-10-01 05:01:59,859] {taskinstance.py:1043} INFO - Starting attempt 1 of 6
[2023-10-01 05:01:59,862] {taskinstance.py:1044} INFO - 
--------------------------------------------------------------------------------
[2023-10-01 05:01:59,979] {taskinstance.py:1063} INFO - Executing <Task(BashOperator): first_task> on 2021-08-01T00:00:00+00:00
[2023-10-01 05:02:00,114] {standard_task_runner.py:52} INFO - Started process 991 to run task
[2023-10-01 05:02:00,211] {standard_task_runner.py:76} INFO - Running: ['airflow', 'tasks', 'run', 'our_first_dag_v1', 'first_task', '2021-08-01T00:00:00+00:00', '--job-id', '94', '--pool', 'default_pool', '--raw', '--subdir', 'DAGS_FOLDER/our_first_dag.py', '--cfg-path', '/tmp/tmp_juqhkxw', '--error-file', '/tmp/tmp6z__a4ro']
[2023-10-01 05:02:00,340] {standard_task_runner.py:77} INFO - Job 94: Subtask first_task
[2023-10-01 05:02:01,107] {logging_mixin.py:104} INFO - Running <TaskInstance: our_first_dag_v1.first_task 2021-08-01T00:00:00+00:00 [running]> on host c25e1f8124bc
[2023-10-01 05:02:01,706] {taskinstance.py:1257} INFO - Exporting the following env vars:
AIRFLOW_CTX_DAG_OWNER=coder2j
AIRFLOW_CTX_DAG_ID=our_first_dag_v1
AIRFLOW_CTX_TASK_ID=first_task
AIRFLOW_CTX_EXECUTION_DATE=2021-08-01T00:00:00+00:00
AIRFLOW_CTX_DAG_RUN_ID=scheduled__2021-08-01T00:00:00+00:00
[2023-10-01 05:02:01,715] {bash.py:135} INFO - Tmp dir root location: 
 /tmp
[2023-10-01 05:02:01,723] {bash.py:158} INFO - Running command: echo hello world, this is the first task!
[2023-10-01 05:02:01,870] {bash.py:169} INFO - Output:
[2023-10-01 05:02:01,885] {bash.py:173} INFO - hello world, this is the first task!
[2023-10-01 05:02:01,894] {bash.py:177} INFO - Command exited with return code 0
[2023-10-01 05:02:02,104] {taskinstance.py:1166} INFO - Marking task as SUCCESS. dag_id=our_first_dag_v1, task_id=first_task, execution_date=20210801T000000, start_date=20231001T050159, end_date=20231001T050202
[2023-10-01 05:02:07,139] {local_task_job.py:188} WARNING - State of this instance has been externally set to success. Terminating instance.
[2023-10-01 05:02:07,205] {taskinstance.py:1220} INFO - 0 downstream tasks scheduled from follow-on schedule check
[2023-10-01 05:02:07,239] {process_utils.py:100} INFO - Sending Signals.SIGTERM to GPID 991
[2023-10-01 05:02:07,278] {taskinstance.py:1239} ERROR - Received SIGTERM. Terminating subprocesses.
[2023-10-01 05:02:07,380] {bash.py:185} INFO - Sending SIGTERM signal to bash process group
[2023-10-01 05:02:07,787] {process_utils.py:66} INFO - Process psutil.Process(pid=991, status='terminated', exitcode=0, started='05:01:59') (991) terminated with exit code 0
[2023-10-01 05:17:57,540] {taskinstance.py:851} INFO - Dependencies all met for <TaskInstance: our_first_dag_v1.first_task 2021-08-01T00:00:00+00:00 [queued]>
[2023-10-01 05:17:57,918] {taskinstance.py:851} INFO - Dependencies all met for <TaskInstance: our_first_dag_v1.first_task 2021-08-01T00:00:00+00:00 [queued]>
[2023-10-01 05:17:57,932] {taskinstance.py:1042} INFO - 
--------------------------------------------------------------------------------
[2023-10-01 05:17:57,937] {taskinstance.py:1043} INFO - Starting attempt 1 of 6
[2023-10-01 05:17:57,950] {taskinstance.py:1044} INFO - 
--------------------------------------------------------------------------------
[2023-10-01 05:17:58,168] {taskinstance.py:1063} INFO - Executing <Task(BashOperator): first_task> on 2021-08-01T00:00:00+00:00
[2023-10-01 05:17:58,445] {standard_task_runner.py:52} INFO - Started process 227 to run task
[2023-10-01 05:17:58,596] {standard_task_runner.py:76} INFO - Running: ['airflow', 'tasks', 'run', 'our_first_dag_v1', 'first_task', '2021-08-01T00:00:00+00:00', '--job-id', '2', '--pool', 'default_pool', '--raw', '--subdir', 'DAGS_FOLDER/our_first_dag.py', '--cfg-path', '/tmp/tmpga1mmt48', '--error-file', '/tmp/tmp99wfddp0']
[2023-10-01 05:17:58,673] {standard_task_runner.py:77} INFO - Job 2: Subtask first_task
[2023-10-01 05:17:59,834] {logging_mixin.py:104} INFO - Running <TaskInstance: our_first_dag_v1.first_task 2021-08-01T00:00:00+00:00 [running]> on host d4ed655215d1
[2023-10-01 05:18:10,387] {taskinstance.py:1257} INFO - Exporting the following env vars:
AIRFLOW_CTX_DAG_OWNER=coder2j
AIRFLOW_CTX_DAG_ID=our_first_dag_v1
AIRFLOW_CTX_TASK_ID=first_task
AIRFLOW_CTX_EXECUTION_DATE=2021-08-01T00:00:00+00:00
AIRFLOW_CTX_DAG_RUN_ID=scheduled__2021-08-01T00:00:00+00:00
[2023-10-01 05:18:10,466] {bash.py:135} INFO - Tmp dir root location: 
 /tmp
[2023-10-01 05:18:10,614] {bash.py:158} INFO - Running command: echo hello world, this is the first task!
[2023-10-01 05:18:11,611] {bash.py:169} INFO - Output:
[2023-10-01 05:18:11,630] {bash.py:173} INFO - hello world, this is the first task!
[2023-10-01 05:18:13,132] {bash.py:177} INFO - Command exited with return code 0
[2023-10-01 05:18:14,699] {taskinstance.py:1166} INFO - Marking task as SUCCESS. dag_id=our_first_dag_v1, task_id=first_task, execution_date=20210801T000000, start_date=20231001T051757, end_date=20231001T051814
[2023-10-01 05:18:16,362] {taskinstance.py:1220} INFO - 0 downstream tasks scheduled from follow-on schedule check
[2023-10-01 05:18:16,933] {local_task_job.py:146} INFO - Task exited with return code 0
