[2023-10-01 06:52:58,846] {taskinstance.py:851} INFO - Dependencies all met for <TaskInstance: our_sixth_dag_v6.greet 2021-09-27T00:00:00+00:00 [queued]>
[2023-10-01 06:52:59,265] {taskinstance.py:851} INFO - Dependencies all met for <TaskInstance: our_sixth_dag_v6.greet 2021-09-27T00:00:00+00:00 [queued]>
[2023-10-01 06:52:59,268] {taskinstance.py:1042} INFO - 
--------------------------------------------------------------------------------
[2023-10-01 06:52:59,270] {taskinstance.py:1043} INFO - Starting attempt 1 of 6
[2023-10-01 06:52:59,271] {taskinstance.py:1044} INFO - 
--------------------------------------------------------------------------------
[2023-10-01 06:52:59,304] {taskinstance.py:1063} INFO - Executing <Task(PythonOperator): greet> on 2021-09-27T00:00:00+00:00
[2023-10-01 06:52:59,317] {standard_task_runner.py:52} INFO - Started process 10761 to run task
[2023-10-01 06:52:59,389] {standard_task_runner.py:76} INFO - Running: ['airflow', 'tasks', 'run', 'our_sixth_dag_v6', 'greet', '2021-09-27T00:00:00+00:00', '--job-id', '1177', '--pool', 'default_pool', '--raw', '--subdir', 'DAGS_FOLDER/our_sixth_dag.py', '--cfg-path', '/tmp/tmpdwfi_t3v', '--error-file', '/tmp/tmpv3mqcqns']
[2023-10-01 06:52:59,428] {standard_task_runner.py:77} INFO - Job 1177: Subtask greet
[2023-10-01 06:52:59,979] {logging_mixin.py:104} INFO - Running <TaskInstance: our_sixth_dag_v6.greet 2021-09-27T00:00:00+00:00 [running]> on host d4ed655215d1
[2023-10-01 06:53:00,497] {taskinstance.py:1257} INFO - Exporting the following env vars:
AIRFLOW_CTX_DAG_OWNER=svastikkka
AIRFLOW_CTX_DAG_ID=our_sixth_dag_v6
AIRFLOW_CTX_TASK_ID=greet
AIRFLOW_CTX_EXECUTION_DATE=2021-09-27T00:00:00+00:00
AIRFLOW_CTX_DAG_RUN_ID=scheduled__2021-09-27T00:00:00+00:00
[2023-10-01 06:53:00,605] {logging_mixin.py:104} INFO - Hello My name is Manshu and I am 20 years old.
[2023-10-01 06:53:00,609] {python.py:118} INFO - Done. Returned value was: None
[2023-10-01 06:53:00,733] {taskinstance.py:1166} INFO - Marking task as SUCCESS. dag_id=our_sixth_dag_v6, task_id=greet, execution_date=20210927T000000, start_date=20231001T065258, end_date=20231001T065300
[2023-10-01 06:53:00,918] {taskinstance.py:1220} INFO - 0 downstream tasks scheduled from follow-on schedule check
[2023-10-01 06:53:01,060] {local_task_job.py:146} INFO - Task exited with return code 0
