[2023-10-01 06:10:28,003] {taskinstance.py:851} INFO - Dependencies all met for <TaskInstance: our_fourth_dag_v4.thrid_task 2021-08-28T00:00:00+00:00 [queued]>
[2023-10-01 06:10:28,301] {taskinstance.py:851} INFO - Dependencies all met for <TaskInstance: our_fourth_dag_v4.thrid_task 2021-08-28T00:00:00+00:00 [queued]>
[2023-10-01 06:10:28,305] {taskinstance.py:1042} INFO - 
--------------------------------------------------------------------------------
[2023-10-01 06:10:28,308] {taskinstance.py:1043} INFO - Starting attempt 1 of 6
[2023-10-01 06:10:28,311] {taskinstance.py:1044} INFO - 
--------------------------------------------------------------------------------
[2023-10-01 06:10:28,481] {taskinstance.py:1063} INFO - Executing <Task(BashOperator): thrid_task> on 2021-08-28T00:00:00+00:00
[2023-10-01 06:10:28,552] {standard_task_runner.py:52} INFO - Started process 4370 to run task
[2023-10-01 06:10:28,718] {standard_task_runner.py:76} INFO - Running: ['airflow', 'tasks', 'run', 'our_fourth_dag_v4', 'thrid_task', '2021-08-28T00:00:00+00:00', '--job-id', '523', '--pool', 'default_pool', '--raw', '--subdir', 'DAGS_FOLDER/our_fourth_dag.py', '--cfg-path', '/tmp/tmp29n66zvr', '--error-file', '/tmp/tmptydz6ef3']
[2023-10-01 06:10:28,841] {standard_task_runner.py:77} INFO - Job 523: Subtask thrid_task
[2023-10-01 06:10:30,090] {logging_mixin.py:104} INFO - Running <TaskInstance: our_fourth_dag_v4.thrid_task 2021-08-28T00:00:00+00:00 [running]> on host d4ed655215d1
[2023-10-01 06:10:30,850] {taskinstance.py:1257} INFO - Exporting the following env vars:
AIRFLOW_CTX_DAG_OWNER=svastikkka
AIRFLOW_CTX_DAG_ID=our_fourth_dag_v4
AIRFLOW_CTX_TASK_ID=thrid_task
AIRFLOW_CTX_EXECUTION_DATE=2021-08-28T00:00:00+00:00
AIRFLOW_CTX_DAG_RUN_ID=scheduled__2021-08-28T00:00:00+00:00
[2023-10-01 06:10:30,856] {bash.py:135} INFO - Tmp dir root location: 
 /tmp
[2023-10-01 06:10:30,886] {bash.py:158} INFO - Running command: echo hey, I am task3 and will be running after task1 at the same time as task2!
[2023-10-01 06:10:31,037] {bash.py:169} INFO - Output:
[2023-10-01 06:10:31,091] {bash.py:173} INFO - hey, I am task3 and will be running after task1 at the same time as task2!
[2023-10-01 06:10:31,115] {bash.py:177} INFO - Command exited with return code 0
[2023-10-01 06:10:31,254] {taskinstance.py:1166} INFO - Marking task as SUCCESS. dag_id=our_fourth_dag_v4, task_id=thrid_task, execution_date=20210828T000000, start_date=20231001T061028, end_date=20231001T061031
[2023-10-01 06:10:31,851] {taskinstance.py:1220} INFO - 0 downstream tasks scheduled from follow-on schedule check
[2023-10-01 06:10:32,126] {local_task_job.py:146} INFO - Task exited with return code 0
