[2023-10-01 05:51:54,279] {taskinstance.py:851} INFO - Dependencies all met for <TaskInstance: our_third_dag_v3.first_task 2021-08-05T00:00:00+00:00 [queued]>
[2023-10-01 05:51:56,884] {taskinstance.py:851} INFO - Dependencies all met for <TaskInstance: our_third_dag_v3.first_task 2021-08-05T00:00:00+00:00 [queued]>
[2023-10-01 05:51:56,886] {taskinstance.py:1042} INFO - 
--------------------------------------------------------------------------------
[2023-10-01 05:51:56,914] {taskinstance.py:1043} INFO - Starting attempt 1 of 6
[2023-10-01 05:51:56,932] {taskinstance.py:1044} INFO - 
--------------------------------------------------------------------------------
[2023-10-01 05:51:57,305] {taskinstance.py:1063} INFO - Executing <Task(BashOperator): first_task> on 2021-08-05T00:00:00+00:00
[2023-10-01 05:51:57,497] {standard_task_runner.py:52} INFO - Started process 2251 to run task
[2023-10-01 05:51:57,572] {standard_task_runner.py:76} INFO - Running: ['airflow', 'tasks', 'run', 'our_third_dag_v3', 'first_task', '2021-08-05T00:00:00+00:00', '--job-id', '158', '--pool', 'default_pool', '--raw', '--subdir', 'DAGS_FOLDER/our_third_dag.py', '--cfg-path', '/tmp/tmpvrcz6tl8', '--error-file', '/tmp/tmp3kszrav_']
[2023-10-01 05:51:57,837] {standard_task_runner.py:77} INFO - Job 158: Subtask first_task
[2023-10-01 05:52:07,312] {logging_mixin.py:104} INFO - Running <TaskInstance: our_third_dag_v3.first_task 2021-08-05T00:00:00+00:00 [running]> on host d4ed655215d1
[2023-10-01 05:52:12,305] {taskinstance.py:1257} INFO - Exporting the following env vars:
AIRFLOW_CTX_DAG_OWNER=coder2j
AIRFLOW_CTX_DAG_ID=our_third_dag_v3
AIRFLOW_CTX_TASK_ID=first_task
AIRFLOW_CTX_EXECUTION_DATE=2021-08-05T00:00:00+00:00
AIRFLOW_CTX_DAG_RUN_ID=scheduled__2021-08-05T00:00:00+00:00
[2023-10-01 05:52:12,345] {bash.py:135} INFO - Tmp dir root location: 
 /tmp
[2023-10-01 05:52:12,586] {bash.py:158} INFO - Running command: echo hello world, this is the first task!
[2023-10-01 05:52:19,376] {bash.py:169} INFO - Output:
[2023-10-01 05:52:20,731] {bash.py:173} INFO - hello world, this is the first task!
[2023-10-01 05:52:20,771] {bash.py:177} INFO - Command exited with return code 0
[2023-10-01 05:52:27,138] {taskinstance.py:1166} INFO - Marking task as SUCCESS. dag_id=our_third_dag_v3, task_id=first_task, execution_date=20210805T000000, start_date=20231001T055155, end_date=20231001T055227
[2023-10-01 05:52:29,789] {taskinstance.py:1220} INFO - 2 downstream tasks scheduled from follow-on schedule check
[2023-10-01 05:52:30,461] {local_task_job.py:146} INFO - Task exited with return code 0
