[2023-10-01 06:53:21,320] {taskinstance.py:851} INFO - Dependencies all met for <TaskInstance: our_sixth_dag_v6.get_name 2021-10-09T00:00:00+00:00 [queued]>
[2023-10-01 06:53:21,873] {taskinstance.py:851} INFO - Dependencies all met for <TaskInstance: our_sixth_dag_v6.get_name 2021-10-09T00:00:00+00:00 [queued]>
[2023-10-01 06:53:21,878] {taskinstance.py:1042} INFO - 
--------------------------------------------------------------------------------
[2023-10-01 06:53:21,880] {taskinstance.py:1043} INFO - Starting attempt 1 of 6
[2023-10-01 06:53:21,884] {taskinstance.py:1044} INFO - 
--------------------------------------------------------------------------------
[2023-10-01 06:53:22,160] {taskinstance.py:1063} INFO - Executing <Task(PythonOperator): get_name> on 2021-10-09T00:00:00+00:00
[2023-10-01 06:53:22,373] {standard_task_runner.py:52} INFO - Started process 10842 to run task
[2023-10-01 06:53:22,514] {standard_task_runner.py:76} INFO - Running: ['airflow', 'tasks', 'run', 'our_sixth_dag_v6', 'get_name', '2021-10-09T00:00:00+00:00', '--job-id', '1192', '--pool', 'default_pool', '--raw', '--subdir', 'DAGS_FOLDER/our_sixth_dag.py', '--cfg-path', '/tmp/tmpeb2jl849', '--error-file', '/tmp/tmpzl6bq7e1']
[2023-10-01 06:53:22,595] {standard_task_runner.py:77} INFO - Job 1192: Subtask get_name
[2023-10-01 06:53:23,411] {logging_mixin.py:104} INFO - Running <TaskInstance: our_sixth_dag_v6.get_name 2021-10-09T00:00:00+00:00 [running]> on host d4ed655215d1
[2023-10-01 06:53:24,102] {taskinstance.py:1257} INFO - Exporting the following env vars:
AIRFLOW_CTX_DAG_OWNER=svastikkka
AIRFLOW_CTX_DAG_ID=our_sixth_dag_v6
AIRFLOW_CTX_TASK_ID=get_name
AIRFLOW_CTX_EXECUTION_DATE=2021-10-09T00:00:00+00:00
AIRFLOW_CTX_DAG_RUN_ID=scheduled__2021-10-09T00:00:00+00:00
[2023-10-01 06:53:24,128] {python.py:118} INFO - Done. Returned value was: Manshu
[2023-10-01 06:53:24,456] {taskinstance.py:1166} INFO - Marking task as SUCCESS. dag_id=our_sixth_dag_v6, task_id=get_name, execution_date=20211009T000000, start_date=20231001T065321, end_date=20231001T065324
[2023-10-01 06:53:25,158] {taskinstance.py:1220} INFO - 1 downstream tasks scheduled from follow-on schedule check
[2023-10-01 06:53:25,526] {local_task_job.py:146} INFO - Task exited with return code 0
