[2023-10-01 06:52:19,041] {taskinstance.py:851} INFO - Dependencies all met for <TaskInstance: our_sixth_dag_v6.get_name 2021-09-20T00:00:00+00:00 [queued]>
[2023-10-01 06:52:19,339] {taskinstance.py:851} INFO - Dependencies all met for <TaskInstance: our_sixth_dag_v6.get_name 2021-09-20T00:00:00+00:00 [queued]>
[2023-10-01 06:52:19,346] {taskinstance.py:1042} INFO - 
--------------------------------------------------------------------------------
[2023-10-01 06:52:19,355] {taskinstance.py:1043} INFO - Starting attempt 1 of 6
[2023-10-01 06:52:19,373] {taskinstance.py:1044} INFO - 
--------------------------------------------------------------------------------
[2023-10-01 06:52:19,781] {taskinstance.py:1063} INFO - Executing <Task(PythonOperator): get_name> on 2021-09-20T00:00:00+00:00
[2023-10-01 06:52:19,896] {standard_task_runner.py:52} INFO - Started process 10631 to run task
[2023-10-01 06:52:19,978] {standard_task_runner.py:76} INFO - Running: ['airflow', 'tasks', 'run', 'our_sixth_dag_v6', 'get_name', '2021-09-20T00:00:00+00:00', '--job-id', '1155', '--pool', 'default_pool', '--raw', '--subdir', 'DAGS_FOLDER/our_sixth_dag.py', '--cfg-path', '/tmp/tmpo4c2jbx8', '--error-file', '/tmp/tmp9t_65ely']
[2023-10-01 06:52:20,369] {standard_task_runner.py:77} INFO - Job 1155: Subtask get_name
[2023-10-01 06:52:24,241] {logging_mixin.py:104} INFO - Running <TaskInstance: our_sixth_dag_v6.get_name 2021-09-20T00:00:00+00:00 [running]> on host d4ed655215d1
[2023-10-01 06:52:25,314] {taskinstance.py:1257} INFO - Exporting the following env vars:
AIRFLOW_CTX_DAG_OWNER=svastikkka
AIRFLOW_CTX_DAG_ID=our_sixth_dag_v6
AIRFLOW_CTX_TASK_ID=get_name
AIRFLOW_CTX_EXECUTION_DATE=2021-09-20T00:00:00+00:00
AIRFLOW_CTX_DAG_RUN_ID=scheduled__2021-09-20T00:00:00+00:00
[2023-10-01 06:52:25,325] {python.py:118} INFO - Done. Returned value was: Manshu
[2023-10-01 06:52:25,521] {taskinstance.py:1166} INFO - Marking task as SUCCESS. dag_id=our_sixth_dag_v6, task_id=get_name, execution_date=20210920T000000, start_date=20231001T065219, end_date=20231001T065225
[2023-10-01 06:52:25,923] {local_task_job.py:188} WARNING - State of this instance has been externally set to success. Terminating instance.
[2023-10-01 06:52:26,032] {process_utils.py:100} INFO - Sending Signals.SIGTERM to GPID 10631
[2023-10-01 06:52:26,685] {taskinstance.py:1239} ERROR - Received SIGTERM. Terminating subprocesses.
[2023-10-01 06:52:26,866] {process_utils.py:66} INFO - Process psutil.Process(pid=10631, status='terminated', exitcode=1, started='06:52:19') (10631) terminated with exit code 1
