[2023-10-01 08:09:23,992] {taskinstance.py:851} INFO - Dependencies all met for <TaskInstance: our_eight_dag_v8.get_age 2021-08-20T00:00:00+00:00 [queued]>
[2023-10-01 08:09:25,041] {taskinstance.py:851} INFO - Dependencies all met for <TaskInstance: our_eight_dag_v8.get_age 2021-08-20T00:00:00+00:00 [queued]>
[2023-10-01 08:09:25,045] {taskinstance.py:1042} INFO - 
--------------------------------------------------------------------------------
[2023-10-01 08:09:25,058] {taskinstance.py:1043} INFO - Starting attempt 1 of 6
[2023-10-01 08:09:25,069] {taskinstance.py:1044} INFO - 
--------------------------------------------------------------------------------
[2023-10-01 08:09:25,496] {taskinstance.py:1063} INFO - Executing <Task(PythonOperator): get_age> on 2021-08-20T00:00:00+00:00
[2023-10-01 08:09:25,631] {standard_task_runner.py:52} INFO - Started process 24968 to run task
[2023-10-01 08:09:25,854] {standard_task_runner.py:76} INFO - Running: ['airflow', 'tasks', 'run', 'our_eight_dag_v8', 'get_age', '2021-08-20T00:00:00+00:00', '--job-id', '2489', '--pool', 'default_pool', '--raw', '--subdir', 'DAGS_FOLDER/our_eight_dag.py', '--cfg-path', '/tmp/tmpicf4dbu4', '--error-file', '/tmp/tmp8g__v083']
[2023-10-01 08:09:25,916] {standard_task_runner.py:77} INFO - Job 2489: Subtask get_age
[2023-10-01 08:09:26,671] {logging_mixin.py:104} INFO - Running <TaskInstance: our_eight_dag_v8.get_age 2021-08-20T00:00:00+00:00 [running]> on host d4ed655215d1
[2023-10-01 08:09:27,590] {taskinstance.py:1257} INFO - Exporting the following env vars:
AIRFLOW_CTX_DAG_OWNER=svastikkka
AIRFLOW_CTX_DAG_ID=our_eight_dag_v8
AIRFLOW_CTX_TASK_ID=get_age
AIRFLOW_CTX_EXECUTION_DATE=2021-08-20T00:00:00+00:00
AIRFLOW_CTX_DAG_RUN_ID=scheduled__2021-08-20T00:00:00+00:00
[2023-10-01 08:09:27,849] {python.py:118} INFO - Done. Returned value was: None
[2023-10-01 08:09:27,991] {taskinstance.py:1166} INFO - Marking task as SUCCESS. dag_id=our_eight_dag_v8, task_id=get_age, execution_date=20210820T000000, start_date=20231001T080924, end_date=20231001T080927
[2023-10-01 08:09:28,351] {taskinstance.py:1220} INFO - 0 downstream tasks scheduled from follow-on schedule check
[2023-10-01 08:09:28,433] {local_task_job.py:146} INFO - Task exited with return code 0
