[2023-10-01 07:58:18,488] {taskinstance.py:851} INFO - Dependencies all met for <TaskInstance: our_seventh_dag_v7.get_name 2023-01-10T00:00:00+00:00 [queued]>
[2023-10-01 07:58:18,868] {taskinstance.py:851} INFO - Dependencies all met for <TaskInstance: our_seventh_dag_v7.get_name 2023-01-10T00:00:00+00:00 [queued]>
[2023-10-01 07:58:18,873] {taskinstance.py:1042} INFO - 
--------------------------------------------------------------------------------
[2023-10-01 07:58:18,899] {taskinstance.py:1043} INFO - Starting attempt 1 of 6
[2023-10-01 07:58:18,913] {taskinstance.py:1044} INFO - 
--------------------------------------------------------------------------------
[2023-10-01 07:58:19,186] {taskinstance.py:1063} INFO - Executing <Task(PythonOperator): get_name> on 2023-01-10T00:00:00+00:00
[2023-10-01 07:58:19,283] {standard_task_runner.py:52} INFO - Started process 23730 to run task
[2023-10-01 07:58:19,389] {standard_task_runner.py:76} INFO - Running: ['airflow', 'tasks', 'run', 'our_seventh_dag_v7', 'get_name', '2023-01-10T00:00:00+00:00', '--job-id', '2390', '--pool', 'default_pool', '--raw', '--subdir', 'DAGS_FOLDER/our_seventh_dag.py', '--cfg-path', '/tmp/tmp3fxaayoy', '--error-file', '/tmp/tmp7mt_3rra']
[2023-10-01 07:58:19,438] {standard_task_runner.py:77} INFO - Job 2390: Subtask get_name
[2023-10-01 07:58:20,446] {logging_mixin.py:104} INFO - Running <TaskInstance: our_seventh_dag_v7.get_name 2023-01-10T00:00:00+00:00 [running]> on host d4ed655215d1
[2023-10-01 07:58:21,724] {taskinstance.py:1257} INFO - Exporting the following env vars:
AIRFLOW_CTX_DAG_OWNER=svastikkka
AIRFLOW_CTX_DAG_ID=our_seventh_dag_v7
AIRFLOW_CTX_TASK_ID=get_name
AIRFLOW_CTX_EXECUTION_DATE=2023-01-10T00:00:00+00:00
AIRFLOW_CTX_DAG_RUN_ID=scheduled__2023-01-10T00:00:00+00:00
[2023-10-01 07:58:22,293] {python.py:118} INFO - Done. Returned value was: None
[2023-10-01 07:58:22,454] {taskinstance.py:1166} INFO - Marking task as SUCCESS. dag_id=our_seventh_dag_v7, task_id=get_name, execution_date=20230110T000000, start_date=20231001T075818, end_date=20231001T075822
[2023-10-01 07:58:23,270] {taskinstance.py:1220} INFO - 0 downstream tasks scheduled from follow-on schedule check
[2023-10-01 07:58:23,479] {local_task_job.py:146} INFO - Task exited with return code 0
