[2023-10-01 07:37:30,577] {taskinstance.py:851} INFO - Dependencies all met for <TaskInstance: our_seventh_dag_v7.get_name 2021-09-01T00:00:00+00:00 [queued]>
[2023-10-01 07:37:30,660] {taskinstance.py:851} INFO - Dependencies all met for <TaskInstance: our_seventh_dag_v7.get_name 2021-09-01T00:00:00+00:00 [queued]>
[2023-10-01 07:37:30,662] {taskinstance.py:1042} INFO - 
--------------------------------------------------------------------------------
[2023-10-01 07:37:30,663] {taskinstance.py:1043} INFO - Starting attempt 1 of 6
[2023-10-01 07:37:30,665] {taskinstance.py:1044} INFO - 
--------------------------------------------------------------------------------
[2023-10-01 07:37:30,710] {taskinstance.py:1063} INFO - Executing <Task(PythonOperator): get_name> on 2021-09-01T00:00:00+00:00
[2023-10-01 07:37:30,745] {standard_task_runner.py:52} INFO - Started process 18399 to run task
[2023-10-01 07:37:30,838] {standard_task_runner.py:76} INFO - Running: ['airflow', 'tasks', 'run', 'our_seventh_dag_v7', 'get_name', '2021-09-01T00:00:00+00:00', '--job-id', '1397', '--pool', 'default_pool', '--raw', '--subdir', 'DAGS_FOLDER/our_seventh_dag.py', '--cfg-path', '/tmp/tmplzfp12ri', '--error-file', '/tmp/tmpig66kl2h']
[2023-10-01 07:37:30,886] {standard_task_runner.py:77} INFO - Job 1397: Subtask get_name
[2023-10-01 07:37:32,299] {logging_mixin.py:104} INFO - Running <TaskInstance: our_seventh_dag_v7.get_name 2021-09-01T00:00:00+00:00 [running]> on host d4ed655215d1
[2023-10-01 07:37:34,650] {taskinstance.py:1257} INFO - Exporting the following env vars:
AIRFLOW_CTX_DAG_OWNER=svastikkka
AIRFLOW_CTX_DAG_ID=our_seventh_dag_v7
AIRFLOW_CTX_TASK_ID=get_name
AIRFLOW_CTX_EXECUTION_DATE=2021-09-01T00:00:00+00:00
AIRFLOW_CTX_DAG_RUN_ID=scheduled__2021-09-01T00:00:00+00:00
[2023-10-01 07:37:35,299] {python.py:118} INFO - Done. Returned value was: None
[2023-10-01 07:37:35,437] {taskinstance.py:1166} INFO - Marking task as SUCCESS. dag_id=our_seventh_dag_v7, task_id=get_name, execution_date=20210901T000000, start_date=20231001T073730, end_date=20231001T073735
[2023-10-01 07:37:36,796] {local_task_job.py:188} WARNING - State of this instance has been externally set to success. Terminating instance.
[2023-10-01 07:37:36,915] {process_utils.py:100} INFO - Sending Signals.SIGTERM to GPID 18399
[2023-10-01 07:37:44,773] {taskinstance.py:1239} ERROR - Received SIGTERM. Terminating subprocesses.
[2023-10-01 07:37:46,804] {process_utils.py:66} INFO - Process psutil.Process(pid=18399, status='terminated', exitcode=1, started='07:37:29') (18399) terminated with exit code 1
