[2023-10-01 06:10:58,453] {taskinstance.py:851} INFO - Dependencies all met for <TaskInstance: our_fourth_dag_v4.second_task 2021-09-06T00:00:00+00:00 [queued]>
[2023-10-01 06:10:58,748] {taskinstance.py:851} INFO - Dependencies all met for <TaskInstance: our_fourth_dag_v4.second_task 2021-09-06T00:00:00+00:00 [queued]>
[2023-10-01 06:10:58,753] {taskinstance.py:1042} INFO - 
--------------------------------------------------------------------------------
[2023-10-01 06:10:58,761] {taskinstance.py:1043} INFO - Starting attempt 1 of 6
[2023-10-01 06:10:58,763] {taskinstance.py:1044} INFO - 
--------------------------------------------------------------------------------
[2023-10-01 06:10:58,906] {taskinstance.py:1063} INFO - Executing <Task(BashOperator): second_task> on 2021-09-06T00:00:00+00:00
[2023-10-01 06:10:58,969] {standard_task_runner.py:52} INFO - Started process 4503 to run task
[2023-10-01 06:10:59,062] {standard_task_runner.py:76} INFO - Running: ['airflow', 'tasks', 'run', 'our_fourth_dag_v4', 'second_task', '2021-09-06T00:00:00+00:00', '--job-id', '552', '--pool', 'default_pool', '--raw', '--subdir', 'DAGS_FOLDER/our_fourth_dag.py', '--cfg-path', '/tmp/tmp7xh7zl7l', '--error-file', '/tmp/tmpal32nnss']
[2023-10-01 06:10:59,126] {standard_task_runner.py:77} INFO - Job 552: Subtask second_task
[2023-10-01 06:11:00,115] {logging_mixin.py:104} INFO - Running <TaskInstance: our_fourth_dag_v4.second_task 2021-09-06T00:00:00+00:00 [running]> on host d4ed655215d1
[2023-10-01 06:11:02,986] {taskinstance.py:1257} INFO - Exporting the following env vars:
AIRFLOW_CTX_DAG_OWNER=svastikkka
AIRFLOW_CTX_DAG_ID=our_fourth_dag_v4
AIRFLOW_CTX_TASK_ID=second_task
AIRFLOW_CTX_EXECUTION_DATE=2021-09-06T00:00:00+00:00
AIRFLOW_CTX_DAG_RUN_ID=scheduled__2021-09-06T00:00:00+00:00
[2023-10-01 06:11:03,013] {bash.py:135} INFO - Tmp dir root location: 
 /tmp
[2023-10-01 06:11:03,040] {bash.py:158} INFO - Running command: echo hey, I am task2 and will be running after task1!
[2023-10-01 06:11:03,782] {bash.py:169} INFO - Output:
[2023-10-01 06:11:03,886] {bash.py:173} INFO - hey, I am task2 and will be running after task1!
[2023-10-01 06:11:03,929] {bash.py:177} INFO - Command exited with return code 0
[2023-10-01 06:11:04,481] {taskinstance.py:1166} INFO - Marking task as SUCCESS. dag_id=our_fourth_dag_v4, task_id=second_task, execution_date=20210906T000000, start_date=20231001T061058, end_date=20231001T061104
[2023-10-01 06:11:05,610] {local_task_job.py:188} WARNING - State of this instance has been externally set to success. Terminating instance.
[2023-10-01 06:11:06,011] {process_utils.py:100} INFO - Sending Signals.SIGTERM to GPID 4503
[2023-10-01 06:11:07,996] {taskinstance.py:1239} ERROR - Received SIGTERM. Terminating subprocesses.
[2023-10-01 06:11:07,998] {bash.py:185} INFO - Sending SIGTERM signal to bash process group
[2023-10-01 06:11:08,376] {process_utils.py:66} INFO - Process psutil.Process(pid=4503, status='terminated', exitcode=1, started='06:10:58') (4503) terminated with exit code 1
