[2023-10-01 06:19:23,314] {taskinstance.py:851} INFO - Dependencies all met for <TaskInstance: our_fourth_dag_v4.second_task 2021-12-31T00:00:00+00:00 [queued]>
[2023-10-01 06:19:23,828] {taskinstance.py:851} INFO - Dependencies all met for <TaskInstance: our_fourth_dag_v4.second_task 2021-12-31T00:00:00+00:00 [queued]>
[2023-10-01 06:19:23,830] {taskinstance.py:1042} INFO - 
--------------------------------------------------------------------------------
[2023-10-01 06:19:23,832] {taskinstance.py:1043} INFO - Starting attempt 1 of 6
[2023-10-01 06:19:23,834] {taskinstance.py:1044} INFO - 
--------------------------------------------------------------------------------
[2023-10-01 06:19:24,014] {taskinstance.py:1063} INFO - Executing <Task(BashOperator): second_task> on 2021-12-31T00:00:00+00:00
[2023-10-01 06:19:24,114] {standard_task_runner.py:52} INFO - Started process 6229 to run task
[2023-10-01 06:19:24,182] {standard_task_runner.py:76} INFO - Running: ['airflow', 'tasks', 'run', 'our_fourth_dag_v4', 'second_task', '2021-12-31T00:00:00+00:00', '--job-id', '900', '--pool', 'default_pool', '--raw', '--subdir', 'DAGS_FOLDER/our_fourth_dag.py', '--cfg-path', '/tmp/tmpc7hal444', '--error-file', '/tmp/tmpheq4n4iq']
[2023-10-01 06:19:24,263] {standard_task_runner.py:77} INFO - Job 900: Subtask second_task
[2023-10-01 06:19:25,657] {logging_mixin.py:104} INFO - Running <TaskInstance: our_fourth_dag_v4.second_task 2021-12-31T00:00:00+00:00 [running]> on host d4ed655215d1
[2023-10-01 06:19:26,617] {taskinstance.py:1257} INFO - Exporting the following env vars:
AIRFLOW_CTX_DAG_OWNER=svastikkka
AIRFLOW_CTX_DAG_ID=our_fourth_dag_v4
AIRFLOW_CTX_TASK_ID=second_task
AIRFLOW_CTX_EXECUTION_DATE=2021-12-31T00:00:00+00:00
AIRFLOW_CTX_DAG_RUN_ID=scheduled__2021-12-31T00:00:00+00:00
[2023-10-01 06:19:26,619] {bash.py:135} INFO - Tmp dir root location: 
 /tmp
[2023-10-01 06:19:26,623] {bash.py:158} INFO - Running command: echo hey, I am task2 and will be running after task1!
[2023-10-01 06:19:26,992] {bash.py:169} INFO - Output:
[2023-10-01 06:19:27,033] {bash.py:173} INFO - hey, I am task2 and will be running after task1!
[2023-10-01 06:19:27,039] {bash.py:177} INFO - Command exited with return code 0
[2023-10-01 06:19:27,493] {taskinstance.py:1166} INFO - Marking task as SUCCESS. dag_id=our_fourth_dag_v4, task_id=second_task, execution_date=20211231T000000, start_date=20231001T061923, end_date=20231001T061927
[2023-10-01 06:19:30,882] {local_task_job.py:188} WARNING - State of this instance has been externally set to success. Terminating instance.
[2023-10-01 06:19:31,203] {process_utils.py:100} INFO - Sending Signals.SIGTERM to GPID 6229
[2023-10-01 06:19:31,637] {taskinstance.py:1239} ERROR - Received SIGTERM. Terminating subprocesses.
[2023-10-01 06:19:31,644] {bash.py:185} INFO - Sending SIGTERM signal to bash process group
[2023-10-01 06:19:32,034] {process_utils.py:66} INFO - Process psutil.Process(pid=6229, status='terminated', exitcode=1, started='06:19:23') (6229) terminated with exit code 1
