[2023-10-01 07:46:14,347] {taskinstance.py:851} INFO - Dependencies all met for <TaskInstance: our_seventh_dag_v7.get_name 2022-03-22T00:00:00+00:00 [queued]>
[2023-10-01 07:46:14,670] {taskinstance.py:851} INFO - Dependencies all met for <TaskInstance: our_seventh_dag_v7.get_name 2022-03-22T00:00:00+00:00 [queued]>
[2023-10-01 07:46:14,683] {taskinstance.py:1042} INFO - 
--------------------------------------------------------------------------------
[2023-10-01 07:46:14,684] {taskinstance.py:1043} INFO - Starting attempt 1 of 6
[2023-10-01 07:46:14,690] {taskinstance.py:1044} INFO - 
--------------------------------------------------------------------------------
[2023-10-01 07:46:14,843] {taskinstance.py:1063} INFO - Executing <Task(PythonOperator): get_name> on 2022-03-22T00:00:00+00:00
[2023-10-01 07:46:14,905] {standard_task_runner.py:52} INFO - Started process 20611 to run task
[2023-10-01 07:46:15,052] {standard_task_runner.py:76} INFO - Running: ['airflow', 'tasks', 'run', 'our_seventh_dag_v7', 'get_name', '2022-03-22T00:00:00+00:00', '--job-id', '1802', '--pool', 'default_pool', '--raw', '--subdir', 'DAGS_FOLDER/our_seventh_dag.py', '--cfg-path', '/tmp/tmpousy8nur', '--error-file', '/tmp/tmpoie08wil']
[2023-10-01 07:46:15,105] {standard_task_runner.py:77} INFO - Job 1802: Subtask get_name
[2023-10-01 07:46:15,729] {logging_mixin.py:104} INFO - Running <TaskInstance: our_seventh_dag_v7.get_name 2022-03-22T00:00:00+00:00 [running]> on host d4ed655215d1
[2023-10-01 07:46:16,385] {taskinstance.py:1257} INFO - Exporting the following env vars:
AIRFLOW_CTX_DAG_OWNER=svastikkka
AIRFLOW_CTX_DAG_ID=our_seventh_dag_v7
AIRFLOW_CTX_TASK_ID=get_name
AIRFLOW_CTX_EXECUTION_DATE=2022-03-22T00:00:00+00:00
AIRFLOW_CTX_DAG_RUN_ID=scheduled__2022-03-22T00:00:00+00:00
[2023-10-01 07:46:16,694] {python.py:118} INFO - Done. Returned value was: None
[2023-10-01 07:46:16,841] {taskinstance.py:1166} INFO - Marking task as SUCCESS. dag_id=our_seventh_dag_v7, task_id=get_name, execution_date=20220322T000000, start_date=20231001T074614, end_date=20231001T074616
[2023-10-01 07:46:17,336] {taskinstance.py:1220} INFO - 1 downstream tasks scheduled from follow-on schedule check
[2023-10-01 07:46:17,596] {local_task_job.py:146} INFO - Task exited with return code 0
