[2023-10-01 07:34:54,914] {taskinstance.py:851} INFO - Dependencies all met for <TaskInstance: our_seventh_dag_v7.get_name 2021-08-12T00:00:00+00:00 [queued]>
[2023-10-01 07:34:55,264] {taskinstance.py:851} INFO - Dependencies all met for <TaskInstance: our_seventh_dag_v7.get_name 2021-08-12T00:00:00+00:00 [queued]>
[2023-10-01 07:34:55,267] {taskinstance.py:1042} INFO - 
--------------------------------------------------------------------------------
[2023-10-01 07:34:55,268] {taskinstance.py:1043} INFO - Starting attempt 1 of 6
[2023-10-01 07:34:55,274] {taskinstance.py:1044} INFO - 
--------------------------------------------------------------------------------
[2023-10-01 07:34:55,405] {taskinstance.py:1063} INFO - Executing <Task(PythonOperator): get_name> on 2021-08-12T00:00:00+00:00
[2023-10-01 07:34:55,520] {standard_task_runner.py:52} INFO - Started process 17985 to run task
[2023-10-01 07:34:55,659] {standard_task_runner.py:76} INFO - Running: ['airflow', 'tasks', 'run', 'our_seventh_dag_v7', 'get_name', '2021-08-12T00:00:00+00:00', '--job-id', '1347', '--pool', 'default_pool', '--raw', '--subdir', 'DAGS_FOLDER/our_seventh_dag.py', '--cfg-path', '/tmp/tmpvq4f6wlu', '--error-file', '/tmp/tmpijnux25p']
[2023-10-01 07:34:55,702] {standard_task_runner.py:77} INFO - Job 1347: Subtask get_name
[2023-10-01 07:34:57,421] {logging_mixin.py:104} INFO - Running <TaskInstance: our_seventh_dag_v7.get_name 2021-08-12T00:00:00+00:00 [running]> on host d4ed655215d1
[2023-10-01 07:35:01,266] {taskinstance.py:1257} INFO - Exporting the following env vars:
AIRFLOW_CTX_DAG_OWNER=svastikkka
AIRFLOW_CTX_DAG_ID=our_seventh_dag_v7
AIRFLOW_CTX_TASK_ID=get_name
AIRFLOW_CTX_EXECUTION_DATE=2021-08-12T00:00:00+00:00
AIRFLOW_CTX_DAG_RUN_ID=scheduled__2021-08-12T00:00:00+00:00
[2023-10-01 07:35:13,623] {python.py:118} INFO - Done. Returned value was: None
[2023-10-01 07:35:15,749] {taskinstance.py:1166} INFO - Marking task as SUCCESS. dag_id=our_seventh_dag_v7, task_id=get_name, execution_date=20210812T000000, start_date=20231001T073454, end_date=20231001T073515
[2023-10-01 07:35:20,536] {local_task_job.py:188} WARNING - State of this instance has been externally set to success. Terminating instance.
[2023-10-01 07:35:20,954] {process_utils.py:100} INFO - Sending Signals.SIGTERM to GPID 17985
[2023-10-01 07:35:21,749] {taskinstance.py:1239} ERROR - Received SIGTERM. Terminating subprocesses.
[2023-10-01 07:35:23,160] {process_utils.py:66} INFO - Process psutil.Process(pid=17985, status='terminated', exitcode=1, started='07:34:54') (17985) terminated with exit code 1
