[2023-10-01 07:40:32,865] {taskinstance.py:851} INFO - Dependencies all met for <TaskInstance: our_seventh_dag_v7.get_name 2021-10-20T00:00:00+00:00 [queued]>
[2023-10-01 07:40:33,011] {taskinstance.py:851} INFO - Dependencies all met for <TaskInstance: our_seventh_dag_v7.get_name 2021-10-20T00:00:00+00:00 [queued]>
[2023-10-01 07:40:33,013] {taskinstance.py:1042} INFO - 
--------------------------------------------------------------------------------
[2023-10-01 07:40:33,015] {taskinstance.py:1043} INFO - Starting attempt 1 of 6
[2023-10-01 07:40:33,017] {taskinstance.py:1044} INFO - 
--------------------------------------------------------------------------------
[2023-10-01 07:40:33,116] {taskinstance.py:1063} INFO - Executing <Task(PythonOperator): get_name> on 2021-10-20T00:00:00+00:00
[2023-10-01 07:40:33,168] {standard_task_runner.py:52} INFO - Started process 19036 to run task
[2023-10-01 07:40:33,197] {standard_task_runner.py:76} INFO - Running: ['airflow', 'tasks', 'run', 'our_seventh_dag_v7', 'get_name', '2021-10-20T00:00:00+00:00', '--job-id', '1496', '--pool', 'default_pool', '--raw', '--subdir', 'DAGS_FOLDER/our_seventh_dag.py', '--cfg-path', '/tmp/tmpsivnnz3p', '--error-file', '/tmp/tmpxti45gkg']
[2023-10-01 07:40:33,236] {standard_task_runner.py:77} INFO - Job 1496: Subtask get_name
[2023-10-01 07:40:33,570] {logging_mixin.py:104} INFO - Running <TaskInstance: our_seventh_dag_v7.get_name 2021-10-20T00:00:00+00:00 [running]> on host d4ed655215d1
[2023-10-01 07:40:33,941] {taskinstance.py:1257} INFO - Exporting the following env vars:
AIRFLOW_CTX_DAG_OWNER=svastikkka
AIRFLOW_CTX_DAG_ID=our_seventh_dag_v7
AIRFLOW_CTX_TASK_ID=get_name
AIRFLOW_CTX_EXECUTION_DATE=2021-10-20T00:00:00+00:00
AIRFLOW_CTX_DAG_RUN_ID=scheduled__2021-10-20T00:00:00+00:00
[2023-10-01 07:40:34,133] {python.py:118} INFO - Done. Returned value was: None
[2023-10-01 07:40:34,189] {taskinstance.py:1166} INFO - Marking task as SUCCESS. dag_id=our_seventh_dag_v7, task_id=get_name, execution_date=20211020T000000, start_date=20231001T074032, end_date=20231001T074034
[2023-10-01 07:40:38,311] {local_task_job.py:188} WARNING - State of this instance has been externally set to success. Terminating instance.
[2023-10-01 07:40:38,325] {process_utils.py:100} INFO - Sending Signals.SIGTERM to GPID 19036
[2023-10-01 07:40:40,270] {taskinstance.py:1239} ERROR - Received SIGTERM. Terminating subprocesses.
[2023-10-01 07:40:41,374] {process_utils.py:66} INFO - Process psutil.Process(pid=19036, status='terminated', exitcode=1, started='07:40:32') (19036) terminated with exit code 1
