[2023-10-01 05:05:02,383] {taskinstance.py:851} INFO - Dependencies all met for <TaskInstance: our_first_dag_v1.first_task 2021-12-02T00:00:00+00:00 [queued]>
[2023-10-01 05:05:02,566] {taskinstance.py:851} INFO - Dependencies all met for <TaskInstance: our_first_dag_v1.first_task 2021-12-02T00:00:00+00:00 [queued]>
[2023-10-01 05:05:02,568] {taskinstance.py:1042} INFO - 
--------------------------------------------------------------------------------
[2023-10-01 05:05:02,570] {taskinstance.py:1043} INFO - Starting attempt 1 of 6
[2023-10-01 05:05:02,572] {taskinstance.py:1044} INFO - 
--------------------------------------------------------------------------------
[2023-10-01 05:05:02,657] {taskinstance.py:1063} INFO - Executing <Task(BashOperator): first_task> on 2021-12-02T00:00:00+00:00
[2023-10-01 05:05:02,675] {standard_task_runner.py:52} INFO - Started process 1434 to run task
[2023-10-01 05:05:02,714] {standard_task_runner.py:76} INFO - Running: ['airflow', 'tasks', 'run', 'our_first_dag_v1', 'first_task', '2021-12-02T00:00:00+00:00', '--job-id', '217', '--pool', 'default_pool', '--raw', '--subdir', 'DAGS_FOLDER/our_first_dag.py', '--cfg-path', '/tmp/tmpzx160ngr', '--error-file', '/tmp/tmp016l7p9f']
[2023-10-01 05:05:02,864] {standard_task_runner.py:77} INFO - Job 217: Subtask first_task
[2023-10-01 05:05:03,714] {logging_mixin.py:104} INFO - Running <TaskInstance: our_first_dag_v1.first_task 2021-12-02T00:00:00+00:00 [running]> on host c25e1f8124bc
[2023-10-01 05:05:04,004] {taskinstance.py:1257} INFO - Exporting the following env vars:
AIRFLOW_CTX_DAG_OWNER=coder2j
AIRFLOW_CTX_DAG_ID=our_first_dag_v1
AIRFLOW_CTX_TASK_ID=first_task
AIRFLOW_CTX_EXECUTION_DATE=2021-12-02T00:00:00+00:00
AIRFLOW_CTX_DAG_RUN_ID=scheduled__2021-12-02T00:00:00+00:00
[2023-10-01 05:05:04,009] {bash.py:135} INFO - Tmp dir root location: 
 /tmp
[2023-10-01 05:05:04,022] {bash.py:158} INFO - Running command: echo hello world, this is the first task!
[2023-10-01 05:05:04,124] {bash.py:169} INFO - Output:
[2023-10-01 05:05:04,181] {bash.py:173} INFO - hello world, this is the first task!
[2023-10-01 05:05:04,187] {bash.py:177} INFO - Command exited with return code 0
[2023-10-01 05:05:04,319] {taskinstance.py:1166} INFO - Marking task as SUCCESS. dag_id=our_first_dag_v1, task_id=first_task, execution_date=20211202T000000, start_date=20231001T050502, end_date=20231001T050504
[2023-10-01 05:05:04,696] {taskinstance.py:1220} INFO - 0 downstream tasks scheduled from follow-on schedule check
[2023-10-01 05:05:04,774] {local_task_job.py:146} INFO - Task exited with return code 0
