[2023-10-01 06:09:53,851] {taskinstance.py:851} INFO - Dependencies all met for <TaskInstance: our_fourth_dag_v4.thrid_task 2021-08-20T00:00:00+00:00 [queued]>
[2023-10-01 06:09:55,020] {taskinstance.py:851} INFO - Dependencies all met for <TaskInstance: our_fourth_dag_v4.thrid_task 2021-08-20T00:00:00+00:00 [queued]>
[2023-10-01 06:09:55,095] {taskinstance.py:1042} INFO - 
--------------------------------------------------------------------------------
[2023-10-01 06:09:55,117] {taskinstance.py:1043} INFO - Starting attempt 1 of 6
[2023-10-01 06:09:55,142] {taskinstance.py:1044} INFO - 
--------------------------------------------------------------------------------
[2023-10-01 06:09:55,408] {taskinstance.py:1063} INFO - Executing <Task(BashOperator): thrid_task> on 2021-08-20T00:00:00+00:00
[2023-10-01 06:09:55,518] {standard_task_runner.py:52} INFO - Started process 4245 to run task
[2023-10-01 06:09:55,701] {standard_task_runner.py:76} INFO - Running: ['airflow', 'tasks', 'run', 'our_fourth_dag_v4', 'thrid_task', '2021-08-20T00:00:00+00:00', '--job-id', '499', '--pool', 'default_pool', '--raw', '--subdir', 'DAGS_FOLDER/our_fourth_dag.py', '--cfg-path', '/tmp/tmph85tz_l4', '--error-file', '/tmp/tmpa7k56ekg']
[2023-10-01 06:09:55,804] {standard_task_runner.py:77} INFO - Job 499: Subtask thrid_task
[2023-10-01 06:09:57,365] {logging_mixin.py:104} INFO - Running <TaskInstance: our_fourth_dag_v4.thrid_task 2021-08-20T00:00:00+00:00 [running]> on host d4ed655215d1
[2023-10-01 06:09:59,062] {taskinstance.py:1257} INFO - Exporting the following env vars:
AIRFLOW_CTX_DAG_OWNER=svastikkka
AIRFLOW_CTX_DAG_ID=our_fourth_dag_v4
AIRFLOW_CTX_TASK_ID=thrid_task
AIRFLOW_CTX_EXECUTION_DATE=2021-08-20T00:00:00+00:00
AIRFLOW_CTX_DAG_RUN_ID=scheduled__2021-08-20T00:00:00+00:00
[2023-10-01 06:09:59,094] {bash.py:135} INFO - Tmp dir root location: 
 /tmp
[2023-10-01 06:09:59,224] {bash.py:158} INFO - Running command: echo hey, I am task3 and will be running after task1 at the same time as task2!
[2023-10-01 06:10:00,205] {bash.py:169} INFO - Output:
[2023-10-01 06:10:00,356] {bash.py:173} INFO - hey, I am task3 and will be running after task1 at the same time as task2!
[2023-10-01 06:10:00,369] {bash.py:177} INFO - Command exited with return code 0
[2023-10-01 06:10:01,634] {taskinstance.py:1166} INFO - Marking task as SUCCESS. dag_id=our_fourth_dag_v4, task_id=thrid_task, execution_date=20210820T000000, start_date=20231001T060953, end_date=20231001T061001
[2023-10-01 06:10:02,231] {local_task_job.py:188} WARNING - State of this instance has been externally set to success. Terminating instance.
[2023-10-01 06:10:02,265] {process_utils.py:100} INFO - Sending Signals.SIGTERM to GPID 4245
[2023-10-01 06:10:02,281] {taskinstance.py:1239} ERROR - Received SIGTERM. Terminating subprocesses.
[2023-10-01 06:10:02,285] {bash.py:185} INFO - Sending SIGTERM signal to bash process group
[2023-10-01 06:10:02,487] {process_utils.py:66} INFO - Process psutil.Process(pid=4245, status='terminated', exitcode=1, started='06:09:55') (4245) terminated with exit code 1
