[2023-10-01 08:08:13,611] {taskinstance.py:851} INFO - Dependencies all met for <TaskInstance: our_eight_dag_v8.get_name 2021-08-13T00:00:00+00:00 [queued]>
[2023-10-01 08:08:13,945] {taskinstance.py:851} INFO - Dependencies all met for <TaskInstance: our_eight_dag_v8.get_name 2021-08-13T00:00:00+00:00 [queued]>
[2023-10-01 08:08:13,954] {taskinstance.py:1042} INFO - 
--------------------------------------------------------------------------------
[2023-10-01 08:08:13,958] {taskinstance.py:1043} INFO - Starting attempt 1 of 6
[2023-10-01 08:08:13,965] {taskinstance.py:1044} INFO - 
--------------------------------------------------------------------------------
[2023-10-01 08:08:14,102] {taskinstance.py:1063} INFO - Executing <Task(PythonOperator): get_name> on 2021-08-13T00:00:00+00:00
[2023-10-01 08:08:14,148] {standard_task_runner.py:52} INFO - Started process 24809 to run task
[2023-10-01 08:08:14,290] {standard_task_runner.py:76} INFO - Running: ['airflow', 'tasks', 'run', 'our_eight_dag_v8', 'get_name', '2021-08-13T00:00:00+00:00', '--job-id', '2467', '--pool', 'default_pool', '--raw', '--subdir', 'DAGS_FOLDER/our_eight_dag.py', '--cfg-path', '/tmp/tmpf_k61f2f', '--error-file', '/tmp/tmpr89lekyl']
[2023-10-01 08:08:14,344] {standard_task_runner.py:77} INFO - Job 2467: Subtask get_name
[2023-10-01 08:08:15,442] {logging_mixin.py:104} INFO - Running <TaskInstance: our_eight_dag_v8.get_name 2021-08-13T00:00:00+00:00 [running]> on host d4ed655215d1
[2023-10-01 08:08:16,658] {taskinstance.py:1257} INFO - Exporting the following env vars:
AIRFLOW_CTX_DAG_OWNER=svastikkka
AIRFLOW_CTX_DAG_ID=our_eight_dag_v8
AIRFLOW_CTX_TASK_ID=get_name
AIRFLOW_CTX_EXECUTION_DATE=2021-08-13T00:00:00+00:00
AIRFLOW_CTX_DAG_RUN_ID=scheduled__2021-08-13T00:00:00+00:00
[2023-10-01 08:08:17,113] {python.py:118} INFO - Done. Returned value was: None
[2023-10-01 08:08:17,331] {taskinstance.py:1166} INFO - Marking task as SUCCESS. dag_id=our_eight_dag_v8, task_id=get_name, execution_date=20210813T000000, start_date=20231001T080813, end_date=20231001T080817
[2023-10-01 08:08:18,866] {taskinstance.py:1220} INFO - 0 downstream tasks scheduled from follow-on schedule check
[2023-10-01 08:08:19,845] {local_task_job.py:188} WARNING - State of this instance has been externally set to success. Terminating instance.
[2023-10-01 08:08:22,139] {process_utils.py:100} INFO - Sending Signals.SIGTERM to GPID 24809
[2023-10-01 08:08:22,171] {process_utils.py:66} INFO - Process psutil.Process(pid=24809, status='terminated', exitcode=0, started='08:08:13') (24809) terminated with exit code 0
