[2023-10-01 05:52:35,729] {taskinstance.py:851} INFO - Dependencies all met for <TaskInstance: our_third_dag_v3.second_task 2021-07-31T00:00:00+00:00 [queued]>
[2023-10-01 05:52:38,100] {taskinstance.py:851} INFO - Dependencies all met for <TaskInstance: our_third_dag_v3.second_task 2021-07-31T00:00:00+00:00 [queued]>
[2023-10-01 05:52:38,133] {taskinstance.py:1042} INFO - 
--------------------------------------------------------------------------------
[2023-10-01 05:52:38,178] {taskinstance.py:1043} INFO - Starting attempt 1 of 6
[2023-10-01 05:52:38,188] {taskinstance.py:1044} INFO - 
--------------------------------------------------------------------------------
[2023-10-01 05:52:40,133] {taskinstance.py:1063} INFO - Executing <Task(BashOperator): second_task> on 2021-07-31T00:00:00+00:00
[2023-10-01 05:52:41,522] {standard_task_runner.py:52} INFO - Started process 2292 to run task
[2023-10-01 05:52:42,029] {standard_task_runner.py:76} INFO - Running: ['airflow', 'tasks', 'run', 'our_third_dag_v3', 'second_task', '2021-07-31T00:00:00+00:00', '--job-id', '162', '--pool', 'default_pool', '--raw', '--subdir', 'DAGS_FOLDER/our_third_dag.py', '--cfg-path', '/tmp/tmprwb7a2l7', '--error-file', '/tmp/tmp3j767en2']
[2023-10-01 05:52:42,637] {standard_task_runner.py:77} INFO - Job 162: Subtask second_task
[2023-10-01 05:52:58,517] {logging_mixin.py:104} INFO - Running <TaskInstance: our_third_dag_v3.second_task 2021-07-31T00:00:00+00:00 [running]> on host d4ed655215d1
[2023-10-01 05:53:11,458] {taskinstance.py:1257} INFO - Exporting the following env vars:
AIRFLOW_CTX_DAG_OWNER=coder2j
AIRFLOW_CTX_DAG_ID=our_third_dag_v3
AIRFLOW_CTX_TASK_ID=second_task
AIRFLOW_CTX_EXECUTION_DATE=2021-07-31T00:00:00+00:00
AIRFLOW_CTX_DAG_RUN_ID=scheduled__2021-07-31T00:00:00+00:00
[2023-10-01 05:53:11,760] {bash.py:135} INFO - Tmp dir root location: 
 /tmp
[2023-10-01 05:53:12,371] {bash.py:158} INFO - Running command: echo hey, I am task2 and will be running after task1!
[2023-10-01 05:53:13,490] {bash.py:169} INFO - Output:
[2023-10-01 05:53:13,505] {bash.py:173} INFO - hey, I am task2 and will be running after task1!
[2023-10-01 05:53:13,517] {bash.py:177} INFO - Command exited with return code 0
[2023-10-01 05:53:14,337] {taskinstance.py:1166} INFO - Marking task as SUCCESS. dag_id=our_third_dag_v3, task_id=second_task, execution_date=20210731T000000, start_date=20231001T055235, end_date=20231001T055314
[2023-10-01 05:53:18,045] {local_task_job.py:188} WARNING - State of this instance has been externally set to success. Terminating instance.
[2023-10-01 05:53:18,778] {taskinstance.py:1220} INFO - 0 downstream tasks scheduled from follow-on schedule check
[2023-10-01 05:53:19,070] {process_utils.py:100} INFO - Sending Signals.SIGTERM to GPID 2292
[2023-10-01 05:53:20,104] {process_utils.py:66} INFO - Process psutil.Process(pid=2292, status='terminated', exitcode=0, started='05:52:40') (2292) terminated with exit code 0
