[2023-10-01 06:24:24,872] {taskinstance.py:851} INFO - Dependencies all met for <TaskInstance: our_fourth_dag_v4.first_task 2022-02-01T00:00:00+00:00 [queued]>
[2023-10-01 06:24:26,339] {taskinstance.py:851} INFO - Dependencies all met for <TaskInstance: our_fourth_dag_v4.first_task 2022-02-01T00:00:00+00:00 [queued]>
[2023-10-01 06:24:26,415] {taskinstance.py:1042} INFO - 
--------------------------------------------------------------------------------
[2023-10-01 06:24:26,424] {taskinstance.py:1043} INFO - Starting attempt 1 of 6
[2023-10-01 06:24:26,437] {taskinstance.py:1044} INFO - 
--------------------------------------------------------------------------------
[2023-10-01 06:24:26,897] {taskinstance.py:1063} INFO - Executing <Task(BashOperator): first_task> on 2022-02-01T00:00:00+00:00
[2023-10-01 06:24:27,070] {standard_task_runner.py:52} INFO - Started process 6813 to run task
[2023-10-01 06:24:27,275] {standard_task_runner.py:76} INFO - Running: ['airflow', 'tasks', 'run', 'our_fourth_dag_v4', 'first_task', '2022-02-01T00:00:00+00:00', '--job-id', '986', '--pool', 'default_pool', '--raw', '--subdir', 'DAGS_FOLDER/our_fourth_dag.py', '--cfg-path', '/tmp/tmpzq6iqnzs', '--error-file', '/tmp/tmpyr9f8wle']
[2023-10-01 06:24:27,371] {standard_task_runner.py:77} INFO - Job 986: Subtask first_task
[2023-10-01 06:24:29,667] {logging_mixin.py:104} INFO - Running <TaskInstance: our_fourth_dag_v4.first_task 2022-02-01T00:00:00+00:00 [running]> on host d4ed655215d1
[2023-10-01 06:24:30,488] {taskinstance.py:1257} INFO - Exporting the following env vars:
AIRFLOW_CTX_DAG_OWNER=svastikkka
AIRFLOW_CTX_DAG_ID=our_fourth_dag_v4
AIRFLOW_CTX_TASK_ID=first_task
AIRFLOW_CTX_EXECUTION_DATE=2022-02-01T00:00:00+00:00
AIRFLOW_CTX_DAG_RUN_ID=scheduled__2022-02-01T00:00:00+00:00
[2023-10-01 06:24:30,516] {bash.py:135} INFO - Tmp dir root location: 
 /tmp
[2023-10-01 06:24:30,537] {bash.py:158} INFO - Running command: echo hello world, this is the first task!
[2023-10-01 06:24:30,747] {bash.py:169} INFO - Output:
[2023-10-01 06:24:30,775] {bash.py:173} INFO - hello world, this is the first task!
[2023-10-01 06:24:30,793] {bash.py:177} INFO - Command exited with return code 0
[2023-10-01 06:24:31,049] {taskinstance.py:1166} INFO - Marking task as SUCCESS. dag_id=our_fourth_dag_v4, task_id=first_task, execution_date=20220201T000000, start_date=20231001T062425, end_date=20231001T062431
[2023-10-01 06:24:32,145] {taskinstance.py:1220} INFO - 2 downstream tasks scheduled from follow-on schedule check
[2023-10-01 06:24:32,834] {local_task_job.py:146} INFO - Task exited with return code 0
