[2023-10-01 05:04:01,304] {taskinstance.py:851} INFO - Dependencies all met for <TaskInstance: our_first_dag_v1.first_task 2021-10-20T00:00:00+00:00 [queued]>
[2023-10-01 05:04:01,634] {taskinstance.py:851} INFO - Dependencies all met for <TaskInstance: our_first_dag_v1.first_task 2021-10-20T00:00:00+00:00 [queued]>
[2023-10-01 05:04:01,637] {taskinstance.py:1042} INFO - 
--------------------------------------------------------------------------------
[2023-10-01 05:04:01,640] {taskinstance.py:1043} INFO - Starting attempt 1 of 6
[2023-10-01 05:04:01,644] {taskinstance.py:1044} INFO - 
--------------------------------------------------------------------------------
[2023-10-01 05:04:01,968] {taskinstance.py:1063} INFO - Executing <Task(BashOperator): first_task> on 2021-10-20T00:00:00+00:00
[2023-10-01 05:04:02,096] {standard_task_runner.py:52} INFO - Started process 1276 to run task
[2023-10-01 05:04:02,224] {standard_task_runner.py:76} INFO - Running: ['airflow', 'tasks', 'run', 'our_first_dag_v1', 'first_task', '2021-10-20T00:00:00+00:00', '--job-id', '173', '--pool', 'default_pool', '--raw', '--subdir', 'DAGS_FOLDER/our_first_dag.py', '--cfg-path', '/tmp/tmpz6fhlc38', '--error-file', '/tmp/tmpplbsdqnj']
[2023-10-01 05:04:02,328] {standard_task_runner.py:77} INFO - Job 173: Subtask first_task
[2023-10-01 05:04:03,156] {logging_mixin.py:104} INFO - Running <TaskInstance: our_first_dag_v1.first_task 2021-10-20T00:00:00+00:00 [running]> on host c25e1f8124bc
[2023-10-01 05:04:03,681] {taskinstance.py:1257} INFO - Exporting the following env vars:
AIRFLOW_CTX_DAG_OWNER=coder2j
AIRFLOW_CTX_DAG_ID=our_first_dag_v1
AIRFLOW_CTX_TASK_ID=first_task
AIRFLOW_CTX_EXECUTION_DATE=2021-10-20T00:00:00+00:00
AIRFLOW_CTX_DAG_RUN_ID=scheduled__2021-10-20T00:00:00+00:00
[2023-10-01 05:04:03,691] {bash.py:135} INFO - Tmp dir root location: 
 /tmp
[2023-10-01 05:04:03,708] {bash.py:158} INFO - Running command: echo hello world, this is the first task!
[2023-10-01 05:04:03,875] {bash.py:169} INFO - Output:
[2023-10-01 05:04:03,881] {bash.py:173} INFO - hello world, this is the first task!
[2023-10-01 05:04:03,887] {bash.py:177} INFO - Command exited with return code 0
[2023-10-01 05:04:04,176] {taskinstance.py:1166} INFO - Marking task as SUCCESS. dag_id=our_first_dag_v1, task_id=first_task, execution_date=20211020T000000, start_date=20231001T050401, end_date=20231001T050404
[2023-10-01 05:04:04,522] {taskinstance.py:1220} INFO - 0 downstream tasks scheduled from follow-on schedule check
[2023-10-01 05:04:04,669] {local_task_job.py:146} INFO - Task exited with return code 0
[2023-10-01 05:20:09,687] {taskinstance.py:851} INFO - Dependencies all met for <TaskInstance: our_first_dag_v1.first_task 2021-10-20T00:00:00+00:00 [queued]>
[2023-10-01 05:20:09,765] {taskinstance.py:851} INFO - Dependencies all met for <TaskInstance: our_first_dag_v1.first_task 2021-10-20T00:00:00+00:00 [queued]>
[2023-10-01 05:20:09,767] {taskinstance.py:1042} INFO - 
--------------------------------------------------------------------------------
[2023-10-01 05:20:09,770] {taskinstance.py:1043} INFO - Starting attempt 1 of 6
[2023-10-01 05:20:09,773] {taskinstance.py:1044} INFO - 
--------------------------------------------------------------------------------
[2023-10-01 05:20:09,817] {taskinstance.py:1063} INFO - Executing <Task(BashOperator): first_task> on 2021-10-20T00:00:00+00:00
[2023-10-01 05:20:09,844] {standard_task_runner.py:52} INFO - Started process 510 to run task
[2023-10-01 05:20:09,887] {standard_task_runner.py:76} INFO - Running: ['airflow', 'tasks', 'run', 'our_first_dag_v1', 'first_task', '2021-10-20T00:00:00+00:00', '--job-id', '84', '--pool', 'default_pool', '--raw', '--subdir', 'DAGS_FOLDER/our_first_dag.py', '--cfg-path', '/tmp/tmpo5vwphbg', '--error-file', '/tmp/tmpli7fjxmz']
[2023-10-01 05:20:09,927] {standard_task_runner.py:77} INFO - Job 84: Subtask first_task
[2023-10-01 05:20:10,291] {logging_mixin.py:104} INFO - Running <TaskInstance: our_first_dag_v1.first_task 2021-10-20T00:00:00+00:00 [running]> on host d4ed655215d1
[2023-10-01 05:20:10,502] {taskinstance.py:1257} INFO - Exporting the following env vars:
AIRFLOW_CTX_DAG_OWNER=coder2j
AIRFLOW_CTX_DAG_ID=our_first_dag_v1
AIRFLOW_CTX_TASK_ID=first_task
AIRFLOW_CTX_EXECUTION_DATE=2021-10-20T00:00:00+00:00
AIRFLOW_CTX_DAG_RUN_ID=scheduled__2021-10-20T00:00:00+00:00
[2023-10-01 05:20:10,507] {bash.py:135} INFO - Tmp dir root location: 
 /tmp
[2023-10-01 05:20:10,511] {bash.py:158} INFO - Running command: echo hello world, this is the first task!
[2023-10-01 05:20:10,579] {bash.py:169} INFO - Output:
[2023-10-01 05:20:10,605] {bash.py:173} INFO - hello world, this is the first task!
[2023-10-01 05:20:10,610] {bash.py:177} INFO - Command exited with return code 0
[2023-10-01 05:20:10,738] {taskinstance.py:1166} INFO - Marking task as SUCCESS. dag_id=our_first_dag_v1, task_id=first_task, execution_date=20211020T000000, start_date=20231001T052009, end_date=20231001T052010
[2023-10-01 05:20:11,088] {taskinstance.py:1220} INFO - 0 downstream tasks scheduled from follow-on schedule check
[2023-10-01 05:20:11,140] {local_task_job.py:146} INFO - Task exited with return code 0
