[2023-10-01 05:56:14,804] {taskinstance.py:851} INFO - Dependencies all met for <TaskInstance: our_third_dag_v3.first_task 2021-08-25T00:00:00+00:00 [queued]>
[2023-10-01 05:56:15,575] {taskinstance.py:851} INFO - Dependencies all met for <TaskInstance: our_third_dag_v3.first_task 2021-08-25T00:00:00+00:00 [queued]>
[2023-10-01 05:56:15,591] {taskinstance.py:1042} INFO - 
--------------------------------------------------------------------------------
[2023-10-01 05:56:15,593] {taskinstance.py:1043} INFO - Starting attempt 1 of 6
[2023-10-01 05:56:15,603] {taskinstance.py:1044} INFO - 
--------------------------------------------------------------------------------
[2023-10-01 05:56:16,290] {taskinstance.py:1063} INFO - Executing <Task(BashOperator): first_task> on 2021-08-25T00:00:00+00:00
[2023-10-01 05:56:16,423] {standard_task_runner.py:52} INFO - Started process 2603 to run task
[2023-10-01 05:56:16,581] {standard_task_runner.py:76} INFO - Running: ['airflow', 'tasks', 'run', 'our_third_dag_v3', 'first_task', '2021-08-25T00:00:00+00:00', '--job-id', '224', '--pool', 'default_pool', '--raw', '--subdir', 'DAGS_FOLDER/our_third_dag.py', '--cfg-path', '/tmp/tmp_45mb_8b', '--error-file', '/tmp/tmpi4ub3ev4']
[2023-10-01 05:56:16,669] {standard_task_runner.py:77} INFO - Job 224: Subtask first_task
[2023-10-01 05:56:18,460] {logging_mixin.py:104} INFO - Running <TaskInstance: our_third_dag_v3.first_task 2021-08-25T00:00:00+00:00 [running]> on host d4ed655215d1
[2023-10-01 05:56:20,709] {taskinstance.py:1257} INFO - Exporting the following env vars:
AIRFLOW_CTX_DAG_OWNER=coder2j
AIRFLOW_CTX_DAG_ID=our_third_dag_v3
AIRFLOW_CTX_TASK_ID=first_task
AIRFLOW_CTX_EXECUTION_DATE=2021-08-25T00:00:00+00:00
AIRFLOW_CTX_DAG_RUN_ID=scheduled__2021-08-25T00:00:00+00:00
[2023-10-01 05:56:20,942] {bash.py:135} INFO - Tmp dir root location: 
 /tmp
[2023-10-01 05:56:20,998] {bash.py:158} INFO - Running command: echo hello world, this is the first task!
[2023-10-01 05:56:21,065] {bash.py:169} INFO - Output:
[2023-10-01 05:56:21,098] {bash.py:173} INFO - hello world, this is the first task!
[2023-10-01 05:56:21,121] {bash.py:177} INFO - Command exited with return code 0
[2023-10-01 05:56:21,712] {taskinstance.py:1166} INFO - Marking task as SUCCESS. dag_id=our_third_dag_v3, task_id=first_task, execution_date=20210825T000000, start_date=20231001T055614, end_date=20231001T055621
[2023-10-01 05:56:25,443] {taskinstance.py:1220} INFO - 2 downstream tasks scheduled from follow-on schedule check
[2023-10-01 05:56:26,189] {local_task_job.py:146} INFO - Task exited with return code 0
