[2023-10-01 05:06:28,209] {taskinstance.py:851} INFO - Dependencies all met for <TaskInstance: our_first_dag_v1.first_task 2022-02-07T00:00:00+00:00 [queued]>
[2023-10-01 05:06:28,327] {taskinstance.py:851} INFO - Dependencies all met for <TaskInstance: our_first_dag_v1.first_task 2022-02-07T00:00:00+00:00 [queued]>
[2023-10-01 05:06:28,332] {taskinstance.py:1042} INFO - 
--------------------------------------------------------------------------------
[2023-10-01 05:06:28,340] {taskinstance.py:1043} INFO - Starting attempt 1 of 6
[2023-10-01 05:06:28,369] {taskinstance.py:1044} INFO - 
--------------------------------------------------------------------------------
[2023-10-01 05:06:28,566] {taskinstance.py:1063} INFO - Executing <Task(BashOperator): first_task> on 2022-02-07T00:00:00+00:00
[2023-10-01 05:06:28,605] {standard_task_runner.py:52} INFO - Started process 1672 to run task
[2023-10-01 05:06:28,717] {standard_task_runner.py:76} INFO - Running: ['airflow', 'tasks', 'run', 'our_first_dag_v1', 'first_task', '2022-02-07T00:00:00+00:00', '--job-id', '284', '--pool', 'default_pool', '--raw', '--subdir', 'DAGS_FOLDER/our_first_dag.py', '--cfg-path', '/tmp/tmpm9fd09ux', '--error-file', '/tmp/tmp4qnafhke']
[2023-10-01 05:06:28,740] {standard_task_runner.py:77} INFO - Job 284: Subtask first_task
[2023-10-01 05:06:29,231] {logging_mixin.py:104} INFO - Running <TaskInstance: our_first_dag_v1.first_task 2022-02-07T00:00:00+00:00 [running]> on host c25e1f8124bc
[2023-10-01 05:06:29,568] {taskinstance.py:1257} INFO - Exporting the following env vars:
AIRFLOW_CTX_DAG_OWNER=coder2j
AIRFLOW_CTX_DAG_ID=our_first_dag_v1
AIRFLOW_CTX_TASK_ID=first_task
AIRFLOW_CTX_EXECUTION_DATE=2022-02-07T00:00:00+00:00
AIRFLOW_CTX_DAG_RUN_ID=scheduled__2022-02-07T00:00:00+00:00
[2023-10-01 05:06:29,574] {bash.py:135} INFO - Tmp dir root location: 
 /tmp
[2023-10-01 05:06:29,589] {bash.py:158} INFO - Running command: echo hello world, this is the first task!
[2023-10-01 05:06:29,680] {bash.py:169} INFO - Output:
[2023-10-01 05:06:29,709] {bash.py:173} INFO - hello world, this is the first task!
[2023-10-01 05:06:29,713] {bash.py:177} INFO - Command exited with return code 0
[2023-10-01 05:06:29,835] {taskinstance.py:1166} INFO - Marking task as SUCCESS. dag_id=our_first_dag_v1, task_id=first_task, execution_date=20220207T000000, start_date=20231001T050628, end_date=20231001T050629
[2023-10-01 05:06:29,990] {taskinstance.py:1220} INFO - 0 downstream tasks scheduled from follow-on schedule check
[2023-10-01 05:06:30,096] {local_task_job.py:146} INFO - Task exited with return code 0
