[2023-10-01 07:43:21,252] {taskinstance.py:851} INFO - Dependencies all met for <TaskInstance: our_seventh_dag_v7.get_name 2021-12-31T00:00:00+00:00 [queued]>
[2023-10-01 07:43:21,459] {taskinstance.py:851} INFO - Dependencies all met for <TaskInstance: our_seventh_dag_v7.get_name 2021-12-31T00:00:00+00:00 [queued]>
[2023-10-01 07:43:21,462] {taskinstance.py:1042} INFO - 
--------------------------------------------------------------------------------
[2023-10-01 07:43:21,466] {taskinstance.py:1043} INFO - Starting attempt 1 of 6
[2023-10-01 07:43:21,470] {taskinstance.py:1044} INFO - 
--------------------------------------------------------------------------------
[2023-10-01 07:43:21,608] {taskinstance.py:1063} INFO - Executing <Task(PythonOperator): get_name> on 2021-12-31T00:00:00+00:00
[2023-10-01 07:43:21,678] {standard_task_runner.py:52} INFO - Started process 19795 to run task
[2023-10-01 07:43:21,737] {standard_task_runner.py:76} INFO - Running: ['airflow', 'tasks', 'run', 'our_seventh_dag_v7', 'get_name', '2021-12-31T00:00:00+00:00', '--job-id', '1640', '--pool', 'default_pool', '--raw', '--subdir', 'DAGS_FOLDER/our_seventh_dag.py', '--cfg-path', '/tmp/tmpn8f6_fgs', '--error-file', '/tmp/tmpf4mth02p']
[2023-10-01 07:43:21,828] {standard_task_runner.py:77} INFO - Job 1640: Subtask get_name
[2023-10-01 07:43:22,508] {logging_mixin.py:104} INFO - Running <TaskInstance: our_seventh_dag_v7.get_name 2021-12-31T00:00:00+00:00 [running]> on host d4ed655215d1
[2023-10-01 07:43:23,071] {taskinstance.py:1257} INFO - Exporting the following env vars:
AIRFLOW_CTX_DAG_OWNER=svastikkka
AIRFLOW_CTX_DAG_ID=our_seventh_dag_v7
AIRFLOW_CTX_TASK_ID=get_name
AIRFLOW_CTX_EXECUTION_DATE=2021-12-31T00:00:00+00:00
AIRFLOW_CTX_DAG_RUN_ID=scheduled__2021-12-31T00:00:00+00:00
[2023-10-01 07:43:23,427] {python.py:118} INFO - Done. Returned value was: None
[2023-10-01 07:43:23,605] {taskinstance.py:1166} INFO - Marking task as SUCCESS. dag_id=our_seventh_dag_v7, task_id=get_name, execution_date=20211231T000000, start_date=20231001T074321, end_date=20231001T074323
[2023-10-01 07:43:23,933] {taskinstance.py:1220} INFO - 1 downstream tasks scheduled from follow-on schedule check
[2023-10-01 07:43:23,954] {local_task_job.py:146} INFO - Task exited with return code 0
