[2023-10-01 08:06:58,072] {taskinstance.py:851} INFO - Dependencies all met for <TaskInstance: our_eight_dag_v8.greet 2021-08-01T00:00:00+00:00 [queued]>
[2023-10-01 08:06:59,274] {taskinstance.py:851} INFO - Dependencies all met for <TaskInstance: our_eight_dag_v8.greet 2021-08-01T00:00:00+00:00 [queued]>
[2023-10-01 08:06:59,279] {taskinstance.py:1042} INFO - 
--------------------------------------------------------------------------------
[2023-10-01 08:06:59,285] {taskinstance.py:1043} INFO - Starting attempt 1 of 6
[2023-10-01 08:06:59,299] {taskinstance.py:1044} INFO - 
--------------------------------------------------------------------------------
[2023-10-01 08:07:00,375] {taskinstance.py:1063} INFO - Executing <Task(PythonOperator): greet> on 2021-08-01T00:00:00+00:00
[2023-10-01 08:07:02,588] {standard_task_runner.py:52} INFO - Started process 24695 to run task
[2023-10-01 08:07:03,009] {standard_task_runner.py:76} INFO - Running: ['airflow', 'tasks', 'run', 'our_eight_dag_v8', 'greet', '2021-08-01T00:00:00+00:00', '--job-id', '2448', '--pool', 'default_pool', '--raw', '--subdir', 'DAGS_FOLDER/our_eight_dag.py', '--cfg-path', '/tmp/tmpdh739422', '--error-file', '/tmp/tmpvg6fxpvw']
[2023-10-01 08:07:03,716] {standard_task_runner.py:77} INFO - Job 2448: Subtask greet
[2023-10-01 08:07:11,990] {logging_mixin.py:104} INFO - Running <TaskInstance: our_eight_dag_v8.greet 2021-08-01T00:00:00+00:00 [running]> on host d4ed655215d1
[2023-10-01 08:07:17,193] {taskinstance.py:1257} INFO - Exporting the following env vars:
AIRFLOW_CTX_DAG_OWNER=svastikkka
AIRFLOW_CTX_DAG_ID=our_eight_dag_v8
AIRFLOW_CTX_TASK_ID=greet
AIRFLOW_CTX_EXECUTION_DATE=2021-08-01T00:00:00+00:00
AIRFLOW_CTX_DAG_RUN_ID=scheduled__2021-08-01T00:00:00+00:00
[2023-10-01 08:07:19,978] {logging_mixin.py:104} INFO - Hello My name is Manshu Sharma and I am 26 years old.
[2023-10-01 08:07:19,993] {python.py:118} INFO - Done. Returned value was: None
[2023-10-01 08:07:20,380] {taskinstance.py:1166} INFO - Marking task as SUCCESS. dag_id=our_eight_dag_v8, task_id=greet, execution_date=20210801T000000, start_date=20231001T080658, end_date=20231001T080720
[2023-10-01 08:07:21,024] {taskinstance.py:1220} INFO - 0 downstream tasks scheduled from follow-on schedule check
[2023-10-01 08:07:21,643] {local_task_job.py:146} INFO - Task exited with return code 0
