[2023-10-01 07:59:21,539] {taskinstance.py:851} INFO - Dependencies all met for <TaskInstance: our_seventh_dag_v7.get_name 2023-01-21T00:00:00+00:00 [queued]>
[2023-10-01 07:59:22,345] {taskinstance.py:851} INFO - Dependencies all met for <TaskInstance: our_seventh_dag_v7.get_name 2023-01-21T00:00:00+00:00 [queued]>
[2023-10-01 07:59:22,359] {taskinstance.py:1042} INFO - 
--------------------------------------------------------------------------------
[2023-10-01 07:59:22,362] {taskinstance.py:1043} INFO - Starting attempt 1 of 6
[2023-10-01 07:59:22,370] {taskinstance.py:1044} INFO - 
--------------------------------------------------------------------------------
[2023-10-01 07:59:22,546] {taskinstance.py:1063} INFO - Executing <Task(PythonOperator): get_name> on 2023-01-21T00:00:00+00:00
[2023-10-01 07:59:22,723] {standard_task_runner.py:52} INFO - Started process 23924 to run task
[2023-10-01 07:59:23,095] {standard_task_runner.py:76} INFO - Running: ['airflow', 'tasks', 'run', 'our_seventh_dag_v7', 'get_name', '2023-01-21T00:00:00+00:00', '--job-id', '2411', '--pool', 'default_pool', '--raw', '--subdir', 'DAGS_FOLDER/our_seventh_dag.py', '--cfg-path', '/tmp/tmpm4or_7h5', '--error-file', '/tmp/tmpw3c31hq2']
[2023-10-01 07:59:23,210] {standard_task_runner.py:77} INFO - Job 2411: Subtask get_name
[2023-10-01 07:59:25,234] {logging_mixin.py:104} INFO - Running <TaskInstance: our_seventh_dag_v7.get_name 2023-01-21T00:00:00+00:00 [running]> on host d4ed655215d1
[2023-10-01 07:59:27,126] {taskinstance.py:1257} INFO - Exporting the following env vars:
AIRFLOW_CTX_DAG_OWNER=svastikkka
AIRFLOW_CTX_DAG_ID=our_seventh_dag_v7
AIRFLOW_CTX_TASK_ID=get_name
AIRFLOW_CTX_EXECUTION_DATE=2023-01-21T00:00:00+00:00
AIRFLOW_CTX_DAG_RUN_ID=scheduled__2023-01-21T00:00:00+00:00
[2023-10-01 07:59:27,676] {python.py:118} INFO - Done. Returned value was: None
[2023-10-01 07:59:27,917] {taskinstance.py:1166} INFO - Marking task as SUCCESS. dag_id=our_seventh_dag_v7, task_id=get_name, execution_date=20230121T000000, start_date=20231001T075921, end_date=20231001T075927
[2023-10-01 07:59:28,957] {local_task_job.py:188} WARNING - State of this instance has been externally set to success. Terminating instance.
[2023-10-01 07:59:30,021] {process_utils.py:100} INFO - Sending Signals.SIGTERM to GPID 23924
[2023-10-01 07:59:30,330] {taskinstance.py:1239} ERROR - Received SIGTERM. Terminating subprocesses.
[2023-10-01 07:59:31,159] {process_utils.py:66} INFO - Process psutil.Process(pid=23924, status='terminated', exitcode=1, started='07:59:21') (23924) terminated with exit code 1
