[2023-10-01 06:01:15,058] {taskinstance.py:851} INFO - Dependencies all met for <TaskInstance: our_third_dag_v3.first_task 2021-10-09T00:00:00+00:00 [queued]>
[2023-10-01 06:01:15,205] {taskinstance.py:851} INFO - Dependencies all met for <TaskInstance: our_third_dag_v3.first_task 2021-10-09T00:00:00+00:00 [queued]>
[2023-10-01 06:01:15,207] {taskinstance.py:1042} INFO - 
--------------------------------------------------------------------------------
[2023-10-01 06:01:15,208] {taskinstance.py:1043} INFO - Starting attempt 1 of 6
[2023-10-01 06:01:15,216] {taskinstance.py:1044} INFO - 
--------------------------------------------------------------------------------
[2023-10-01 06:01:15,417] {taskinstance.py:1063} INFO - Executing <Task(BashOperator): first_task> on 2021-10-09T00:00:00+00:00
[2023-10-01 06:01:15,452] {standard_task_runner.py:52} INFO - Started process 3252 to run task
[2023-10-01 06:01:15,564] {standard_task_runner.py:76} INFO - Running: ['airflow', 'tasks', 'run', 'our_third_dag_v3', 'first_task', '2021-10-09T00:00:00+00:00', '--job-id', '357', '--pool', 'default_pool', '--raw', '--subdir', 'DAGS_FOLDER/our_third_dag.py', '--cfg-path', '/tmp/tmp8ya276vc', '--error-file', '/tmp/tmpwvqd1khr']
[2023-10-01 06:01:15,653] {standard_task_runner.py:77} INFO - Job 357: Subtask first_task
[2023-10-01 06:01:24,246] {logging_mixin.py:104} INFO - Running <TaskInstance: our_third_dag_v3.first_task 2021-10-09T00:00:00+00:00 [running]> on host d4ed655215d1
[2023-10-01 06:01:27,502] {taskinstance.py:1257} INFO - Exporting the following env vars:
AIRFLOW_CTX_DAG_OWNER=coder2j
AIRFLOW_CTX_DAG_ID=our_third_dag_v3
AIRFLOW_CTX_TASK_ID=first_task
AIRFLOW_CTX_EXECUTION_DATE=2021-10-09T00:00:00+00:00
AIRFLOW_CTX_DAG_RUN_ID=scheduled__2021-10-09T00:00:00+00:00
[2023-10-01 06:01:27,538] {bash.py:135} INFO - Tmp dir root location: 
 /tmp
[2023-10-01 06:01:27,570] {bash.py:158} INFO - Running command: echo hello world, this is the first task!
[2023-10-01 06:01:28,178] {bash.py:169} INFO - Output:
[2023-10-01 06:01:29,288] {bash.py:173} INFO - hello world, this is the first task!
[2023-10-01 06:01:29,306] {bash.py:177} INFO - Command exited with return code 0
[2023-10-01 06:01:30,037] {taskinstance.py:1166} INFO - Marking task as SUCCESS. dag_id=our_third_dag_v3, task_id=first_task, execution_date=20211009T000000, start_date=20231001T060115, end_date=20231001T060130
[2023-10-01 06:01:31,178] {taskinstance.py:1220} INFO - 2 downstream tasks scheduled from follow-on schedule check
[2023-10-01 06:01:31,401] {local_task_job.py:188} WARNING - State of this instance has been externally set to success. Terminating instance.
[2023-10-01 06:01:31,565] {process_utils.py:100} INFO - Sending Signals.SIGTERM to GPID 3252
[2023-10-01 06:01:31,572] {process_utils.py:66} INFO - Process psutil.Process(pid=3252, status='terminated', exitcode=0, started='06:01:14') (3252) terminated with exit code 0
