[2023-10-01 05:02:30,924] {taskinstance.py:851} INFO - Dependencies all met for <TaskInstance: our_first_dag_v1.first_task 2021-08-19T00:00:00+00:00 [queued]>
[2023-10-01 05:02:31,058] {taskinstance.py:851} INFO - Dependencies all met for <TaskInstance: our_first_dag_v1.first_task 2021-08-19T00:00:00+00:00 [queued]>
[2023-10-01 05:02:31,060] {taskinstance.py:1042} INFO - 
--------------------------------------------------------------------------------
[2023-10-01 05:02:31,062] {taskinstance.py:1043} INFO - Starting attempt 1 of 6
[2023-10-01 05:02:31,064] {taskinstance.py:1044} INFO - 
--------------------------------------------------------------------------------
[2023-10-01 05:02:31,130] {taskinstance.py:1063} INFO - Executing <Task(BashOperator): first_task> on 2021-08-19T00:00:00+00:00
[2023-10-01 05:02:31,147] {standard_task_runner.py:52} INFO - Started process 1056 to run task
[2023-10-01 05:02:31,174] {standard_task_runner.py:76} INFO - Running: ['airflow', 'tasks', 'run', 'our_first_dag_v1', 'first_task', '2021-08-19T00:00:00+00:00', '--job-id', '112', '--pool', 'default_pool', '--raw', '--subdir', 'DAGS_FOLDER/our_first_dag.py', '--cfg-path', '/tmp/tmpo8tqmioy', '--error-file', '/tmp/tmp_2pfyu03']
[2023-10-01 05:02:31,202] {standard_task_runner.py:77} INFO - Job 112: Subtask first_task
[2023-10-01 05:02:31,639] {logging_mixin.py:104} INFO - Running <TaskInstance: our_first_dag_v1.first_task 2021-08-19T00:00:00+00:00 [running]> on host c25e1f8124bc
[2023-10-01 05:02:32,073] {taskinstance.py:1257} INFO - Exporting the following env vars:
AIRFLOW_CTX_DAG_OWNER=coder2j
AIRFLOW_CTX_DAG_ID=our_first_dag_v1
AIRFLOW_CTX_TASK_ID=first_task
AIRFLOW_CTX_EXECUTION_DATE=2021-08-19T00:00:00+00:00
AIRFLOW_CTX_DAG_RUN_ID=scheduled__2021-08-19T00:00:00+00:00
[2023-10-01 05:02:32,079] {bash.py:135} INFO - Tmp dir root location: 
 /tmp
[2023-10-01 05:02:32,084] {bash.py:158} INFO - Running command: echo hello world, this is the first task!
[2023-10-01 05:02:32,194] {bash.py:169} INFO - Output:
[2023-10-01 05:02:32,199] {bash.py:173} INFO - hello world, this is the first task!
[2023-10-01 05:02:32,212] {bash.py:177} INFO - Command exited with return code 0
[2023-10-01 05:02:32,434] {taskinstance.py:1166} INFO - Marking task as SUCCESS. dag_id=our_first_dag_v1, task_id=first_task, execution_date=20210819T000000, start_date=20231001T050230, end_date=20231001T050232
[2023-10-01 05:02:33,616] {taskinstance.py:1220} INFO - 0 downstream tasks scheduled from follow-on schedule check
[2023-10-01 05:02:34,019] {local_task_job.py:146} INFO - Task exited with return code 0
[2023-10-01 05:18:52,963] {taskinstance.py:851} INFO - Dependencies all met for <TaskInstance: our_first_dag_v1.first_task 2021-08-19T00:00:00+00:00 [queued]>
[2023-10-01 05:18:53,171] {taskinstance.py:851} INFO - Dependencies all met for <TaskInstance: our_first_dag_v1.first_task 2021-08-19T00:00:00+00:00 [queued]>
[2023-10-01 05:18:53,173] {taskinstance.py:1042} INFO - 
--------------------------------------------------------------------------------
[2023-10-01 05:18:53,175] {taskinstance.py:1043} INFO - Starting attempt 1 of 6
[2023-10-01 05:18:53,176] {taskinstance.py:1044} INFO - 
--------------------------------------------------------------------------------
[2023-10-01 05:18:53,248] {taskinstance.py:1063} INFO - Executing <Task(BashOperator): first_task> on 2021-08-19T00:00:00+00:00
[2023-10-01 05:18:53,281] {standard_task_runner.py:52} INFO - Started process 296 to run task
[2023-10-01 05:18:53,350] {standard_task_runner.py:76} INFO - Running: ['airflow', 'tasks', 'run', 'our_first_dag_v1', 'first_task', '2021-08-19T00:00:00+00:00', '--job-id', '22', '--pool', 'default_pool', '--raw', '--subdir', 'DAGS_FOLDER/our_first_dag.py', '--cfg-path', '/tmp/tmp204jm_sw', '--error-file', '/tmp/tmp1of3gr3r']
[2023-10-01 05:18:53,460] {standard_task_runner.py:77} INFO - Job 22: Subtask first_task
[2023-10-01 05:18:53,957] {logging_mixin.py:104} INFO - Running <TaskInstance: our_first_dag_v1.first_task 2021-08-19T00:00:00+00:00 [running]> on host d4ed655215d1
[2023-10-01 05:18:54,251] {taskinstance.py:1257} INFO - Exporting the following env vars:
AIRFLOW_CTX_DAG_OWNER=coder2j
AIRFLOW_CTX_DAG_ID=our_first_dag_v1
AIRFLOW_CTX_TASK_ID=first_task
AIRFLOW_CTX_EXECUTION_DATE=2021-08-19T00:00:00+00:00
AIRFLOW_CTX_DAG_RUN_ID=scheduled__2021-08-19T00:00:00+00:00
[2023-10-01 05:18:54,259] {bash.py:135} INFO - Tmp dir root location: 
 /tmp
[2023-10-01 05:18:54,265] {bash.py:158} INFO - Running command: echo hello world, this is the first task!
[2023-10-01 05:18:54,295] {bash.py:169} INFO - Output:
[2023-10-01 05:18:54,317] {bash.py:173} INFO - hello world, this is the first task!
[2023-10-01 05:18:54,327] {bash.py:177} INFO - Command exited with return code 0
[2023-10-01 05:18:54,425] {taskinstance.py:1166} INFO - Marking task as SUCCESS. dag_id=our_first_dag_v1, task_id=first_task, execution_date=20210819T000000, start_date=20231001T051852, end_date=20231001T051854
[2023-10-01 05:18:54,580] {taskinstance.py:1220} INFO - 0 downstream tasks scheduled from follow-on schedule check
[2023-10-01 05:18:54,634] {local_task_job.py:146} INFO - Task exited with return code 0
