[2023-10-01 07:42:07,494] {taskinstance.py:851} INFO - Dependencies all met for <TaskInstance: our_seventh_dag_v7.greet 2021-11-25T00:00:00+00:00 [queued]>
[2023-10-01 07:42:07,819] {taskinstance.py:851} INFO - Dependencies all met for <TaskInstance: our_seventh_dag_v7.greet 2021-11-25T00:00:00+00:00 [queued]>
[2023-10-01 07:42:07,821] {taskinstance.py:1042} INFO - 
--------------------------------------------------------------------------------
[2023-10-01 07:42:07,829] {taskinstance.py:1043} INFO - Starting attempt 1 of 6
[2023-10-01 07:42:07,831] {taskinstance.py:1044} INFO - 
--------------------------------------------------------------------------------
[2023-10-01 07:42:08,080] {taskinstance.py:1063} INFO - Executing <Task(PythonOperator): greet> on 2021-11-25T00:00:00+00:00
[2023-10-01 07:42:08,146] {standard_task_runner.py:52} INFO - Started process 19464 to run task
[2023-10-01 07:42:08,334] {standard_task_runner.py:76} INFO - Running: ['airflow', 'tasks', 'run', 'our_seventh_dag_v7', 'greet', '2021-11-25T00:00:00+00:00', '--job-id', '1575', '--pool', 'default_pool', '--raw', '--subdir', 'DAGS_FOLDER/our_seventh_dag.py', '--cfg-path', '/tmp/tmpt_i5r0nn', '--error-file', '/tmp/tmp3k9n67hw']
[2023-10-01 07:42:08,395] {standard_task_runner.py:77} INFO - Job 1575: Subtask greet
[2023-10-01 07:42:09,265] {logging_mixin.py:104} INFO - Running <TaskInstance: our_seventh_dag_v7.greet 2021-11-25T00:00:00+00:00 [running]> on host d4ed655215d1
[2023-10-01 07:42:09,823] {taskinstance.py:1257} INFO - Exporting the following env vars:
AIRFLOW_CTX_DAG_OWNER=svastikkka
AIRFLOW_CTX_DAG_ID=our_seventh_dag_v7
AIRFLOW_CTX_TASK_ID=greet
AIRFLOW_CTX_EXECUTION_DATE=2021-11-25T00:00:00+00:00
AIRFLOW_CTX_DAG_RUN_ID=scheduled__2021-11-25T00:00:00+00:00
[2023-10-01 07:42:09,973] {logging_mixin.py:104} INFO - Hello My name is Manshu Sharma and I am 26 years old.
[2023-10-01 07:42:09,989] {python.py:118} INFO - Done. Returned value was: None
[2023-10-01 07:42:10,084] {taskinstance.py:1166} INFO - Marking task as SUCCESS. dag_id=our_seventh_dag_v7, task_id=greet, execution_date=20211125T000000, start_date=20231001T074207, end_date=20231001T074210
[2023-10-01 07:42:10,416] {taskinstance.py:1220} INFO - 0 downstream tasks scheduled from follow-on schedule check
[2023-10-01 07:42:10,832] {local_task_job.py:146} INFO - Task exited with return code 0
