[2023-10-01 08:03:20,038] {taskinstance.py:851} INFO - Dependencies all met for <TaskInstance: our_eight_dag_v8.get_name 2021-08-02T00:00:00+00:00 [queued]>
[2023-10-01 08:03:20,756] {taskinstance.py:851} INFO - Dependencies all met for <TaskInstance: our_eight_dag_v8.get_name 2021-08-02T00:00:00+00:00 [queued]>
[2023-10-01 08:03:20,782] {taskinstance.py:1042} INFO - 
--------------------------------------------------------------------------------
[2023-10-01 08:03:20,934] {taskinstance.py:1043} INFO - Starting attempt 1 of 6
[2023-10-01 08:03:20,947] {taskinstance.py:1044} INFO - 
--------------------------------------------------------------------------------
[2023-10-01 08:03:41,464] {taskinstance.py:1063} INFO - Executing <Task(PythonOperator): get_name> on 2021-08-02T00:00:00+00:00
[2023-10-01 08:03:56,147] {standard_task_runner.py:52} INFO - Started process 24661 to run task
[2023-10-01 08:03:57,524] {standard_task_runner.py:76} INFO - Running: ['airflow', 'tasks', 'run', 'our_eight_dag_v8', 'get_name', '2021-08-02T00:00:00+00:00', '--job-id', '2434', '--pool', 'default_pool', '--raw', '--subdir', 'DAGS_FOLDER/our_eight_dag.py', '--cfg-path', '/tmp/tmpzx72xamh', '--error-file', '/tmp/tmp5a7v5nxn']
[2023-10-01 08:03:58,464] {standard_task_runner.py:77} INFO - Job 2434: Subtask get_name
[2023-10-01 08:04:48,185] {logging_mixin.py:104} INFO - Running <TaskInstance: our_eight_dag_v8.get_name 2021-08-02T00:00:00+00:00 [running]> on host d4ed655215d1
[2023-10-01 08:05:49,375] {taskinstance.py:1257} INFO - Exporting the following env vars:
AIRFLOW_CTX_DAG_OWNER=svastikkka
AIRFLOW_CTX_DAG_ID=our_eight_dag_v8
AIRFLOW_CTX_TASK_ID=get_name
AIRFLOW_CTX_EXECUTION_DATE=2021-08-02T00:00:00+00:00
AIRFLOW_CTX_DAG_RUN_ID=scheduled__2021-08-02T00:00:00+00:00
[2023-10-01 08:06:01,182] {python.py:118} INFO - Done. Returned value was: None
[2023-10-01 08:06:03,040] {taskinstance.py:1166} INFO - Marking task as SUCCESS. dag_id=our_eight_dag_v8, task_id=get_name, execution_date=20210802T000000, start_date=20231001T080320, end_date=20231001T080603
[2023-10-01 08:06:07,875] {taskinstance.py:1220} INFO - 1 downstream tasks scheduled from follow-on schedule check
[2023-10-01 08:06:15,480] {local_task_job.py:188} WARNING - State of this instance has been externally set to success. Terminating instance.
[2023-10-01 08:06:16,077] {process_utils.py:100} INFO - Sending Signals.SIGTERM to GPID 24661
[2023-10-01 08:06:17,284] {process_utils.py:66} INFO - Process psutil.Process(pid=24661, status='terminated', exitcode=0, started='08:03:54') (24661) terminated with exit code 0
