[2023-10-01 16:15:52,303] {taskinstance.py:851} INFO - Dependencies all met for <TaskInstance: backup_postgres.perform_postgresql_backup 2023-10-01T16:05:14.794199+00:00 [queued]>
[2023-10-01 16:15:52,441] {taskinstance.py:851} INFO - Dependencies all met for <TaskInstance: backup_postgres.perform_postgresql_backup 2023-10-01T16:05:14.794199+00:00 [queued]>
[2023-10-01 16:15:52,442] {taskinstance.py:1042} INFO - 
--------------------------------------------------------------------------------
[2023-10-01 16:15:52,444] {taskinstance.py:1043} INFO - Starting attempt 6 of 6
[2023-10-01 16:15:52,446] {taskinstance.py:1044} INFO - 
--------------------------------------------------------------------------------
[2023-10-01 16:15:52,534] {taskinstance.py:1063} INFO - Executing <Task(BashOperator): perform_postgresql_backup> on 2023-10-01T16:05:14.794199+00:00
[2023-10-01 16:15:52,568] {standard_task_runner.py:52} INFO - Started process 10417 to run task
[2023-10-01 16:15:52,625] {standard_task_runner.py:76} INFO - Running: ['airflow', 'tasks', 'run', 'backup_postgres', 'perform_postgresql_backup', '2023-10-01T16:05:14.794199+00:00', '--job-id', '40', '--pool', 'default_pool', '--raw', '--subdir', 'DAGS_FOLDER/backup_postgres.py', '--cfg-path', '/tmp/tmp07ycp1bg', '--error-file', '/tmp/tmpb2ic_eis']
[2023-10-01 16:15:52,658] {standard_task_runner.py:77} INFO - Job 40: Subtask perform_postgresql_backup
[2023-10-01 16:15:52,959] {logging_mixin.py:104} INFO - Running <TaskInstance: backup_postgres.perform_postgresql_backup 2023-10-01T16:05:14.794199+00:00 [running]> on host 55885b568803
[2023-10-01 16:15:53,096] {taskinstance.py:1257} INFO - Exporting the following env vars:
AIRFLOW_CTX_DAG_OWNER=svastikkka
AIRFLOW_CTX_DAG_ID=backup_postgres
AIRFLOW_CTX_TASK_ID=perform_postgresql_backup
AIRFLOW_CTX_EXECUTION_DATE=2023-10-01T16:05:14.794199+00:00
AIRFLOW_CTX_DAG_RUN_ID=manual__2023-10-01T16:05:14.794199+00:00
[2023-10-01 16:15:53,100] {bash.py:135} INFO - Tmp dir root location: 
 /tmp
[2023-10-01 16:15:53,107] {bash.py:158} INFO - Running command: docker run --rm postgres:13 pg_dump -U airflow -h {conn_params['host']} -d airflow -f /tmp/backup.sql
[2023-10-01 16:15:53,174] {bash.py:169} INFO - Output:
[2023-10-01 16:15:53,189] {bash.py:173} INFO - bash: docker: command not found
[2023-10-01 16:15:53,195] {bash.py:177} INFO - Command exited with return code 127
[2023-10-01 16:15:53,262] {taskinstance.py:1455} ERROR - Bash command failed. The command returned a non-zero exit code.
Traceback (most recent call last):
  File "/home/airflow/.local/lib/python3.6/site-packages/airflow/models/taskinstance.py", line 1112, in _run_raw_task
    self._prepare_and_execute_task_with_callbacks(context, task)
  File "/home/airflow/.local/lib/python3.6/site-packages/airflow/models/taskinstance.py", line 1285, in _prepare_and_execute_task_with_callbacks
    result = self._execute_task(context, task_copy)
  File "/home/airflow/.local/lib/python3.6/site-packages/airflow/models/taskinstance.py", line 1315, in _execute_task
    result = task_copy.execute(context=context)
  File "/home/airflow/.local/lib/python3.6/site-packages/airflow/operators/bash.py", line 180, in execute
    raise AirflowException('Bash command failed. The command returned a non-zero exit code.')
airflow.exceptions.AirflowException: Bash command failed. The command returned a non-zero exit code.
[2023-10-01 16:15:53,276] {taskinstance.py:1503} INFO - Marking task as FAILED. dag_id=backup_postgres, task_id=perform_postgresql_backup, execution_date=20231001T160514, start_date=20231001T161552, end_date=20231001T161553
[2023-10-01 16:15:53,420] {local_task_job.py:146} INFO - Task exited with return code 1
