[2023-10-01 07:45:53,407] {taskinstance.py:851} INFO - Dependencies all met for <TaskInstance: our_seventh_dag_v7.get_name 2022-03-11T00:00:00+00:00 [queued]>
[2023-10-01 07:45:53,735] {taskinstance.py:851} INFO - Dependencies all met for <TaskInstance: our_seventh_dag_v7.get_name 2022-03-11T00:00:00+00:00 [queued]>
[2023-10-01 07:45:53,736] {taskinstance.py:1042} INFO - 
--------------------------------------------------------------------------------
[2023-10-01 07:45:53,739] {taskinstance.py:1043} INFO - Starting attempt 1 of 6
[2023-10-01 07:45:53,743] {taskinstance.py:1044} INFO - 
--------------------------------------------------------------------------------
[2023-10-01 07:45:53,956] {taskinstance.py:1063} INFO - Executing <Task(PythonOperator): get_name> on 2022-03-11T00:00:00+00:00
[2023-10-01 07:45:54,069] {standard_task_runner.py:52} INFO - Started process 20507 to run task
[2023-10-01 07:45:54,301] {standard_task_runner.py:76} INFO - Running: ['airflow', 'tasks', 'run', 'our_seventh_dag_v7', 'get_name', '2022-03-11T00:00:00+00:00', '--job-id', '1780', '--pool', 'default_pool', '--raw', '--subdir', 'DAGS_FOLDER/our_seventh_dag.py', '--cfg-path', '/tmp/tmpi9wj0q85', '--error-file', '/tmp/tmp1evo1176']
[2023-10-01 07:45:54,341] {standard_task_runner.py:77} INFO - Job 1780: Subtask get_name
[2023-10-01 07:45:55,225] {logging_mixin.py:104} INFO - Running <TaskInstance: our_seventh_dag_v7.get_name 2022-03-11T00:00:00+00:00 [running]> on host d4ed655215d1
[2023-10-01 07:45:55,916] {taskinstance.py:1257} INFO - Exporting the following env vars:
AIRFLOW_CTX_DAG_OWNER=svastikkka
AIRFLOW_CTX_DAG_ID=our_seventh_dag_v7
AIRFLOW_CTX_TASK_ID=get_name
AIRFLOW_CTX_EXECUTION_DATE=2022-03-11T00:00:00+00:00
AIRFLOW_CTX_DAG_RUN_ID=scheduled__2022-03-11T00:00:00+00:00
[2023-10-01 07:45:56,360] {python.py:118} INFO - Done. Returned value was: None
[2023-10-01 07:45:56,494] {taskinstance.py:1166} INFO - Marking task as SUCCESS. dag_id=our_seventh_dag_v7, task_id=get_name, execution_date=20220311T000000, start_date=20231001T074553, end_date=20231001T074556
[2023-10-01 07:45:58,387] {taskinstance.py:1220} INFO - 0 downstream tasks scheduled from follow-on schedule check
[2023-10-01 07:45:58,716] {local_task_job.py:146} INFO - Task exited with return code 0
