[2023-10-01 06:11:32,608] {taskinstance.py:851} INFO - Dependencies all met for <TaskInstance: our_fourth_dag_v4.thrid_task 2021-09-16T00:00:00+00:00 [queued]>
[2023-10-01 06:11:32,926] {taskinstance.py:851} INFO - Dependencies all met for <TaskInstance: our_fourth_dag_v4.thrid_task 2021-09-16T00:00:00+00:00 [queued]>
[2023-10-01 06:11:32,934] {taskinstance.py:1042} INFO - 
--------------------------------------------------------------------------------
[2023-10-01 06:11:32,938] {taskinstance.py:1043} INFO - Starting attempt 1 of 6
[2023-10-01 06:11:32,943] {taskinstance.py:1044} INFO - 
--------------------------------------------------------------------------------
[2023-10-01 06:11:33,151] {taskinstance.py:1063} INFO - Executing <Task(BashOperator): thrid_task> on 2021-09-16T00:00:00+00:00
[2023-10-01 06:11:33,201] {standard_task_runner.py:52} INFO - Started process 4630 to run task
[2023-10-01 06:11:33,534] {standard_task_runner.py:76} INFO - Running: ['airflow', 'tasks', 'run', 'our_fourth_dag_v4', 'thrid_task', '2021-09-16T00:00:00+00:00', '--job-id', '580', '--pool', 'default_pool', '--raw', '--subdir', 'DAGS_FOLDER/our_fourth_dag.py', '--cfg-path', '/tmp/tmpko5guarr', '--error-file', '/tmp/tmp2mc0kwhh']
[2023-10-01 06:11:33,687] {standard_task_runner.py:77} INFO - Job 580: Subtask thrid_task
[2023-10-01 06:11:35,053] {logging_mixin.py:104} INFO - Running <TaskInstance: our_fourth_dag_v4.thrid_task 2021-09-16T00:00:00+00:00 [running]> on host d4ed655215d1
[2023-10-01 06:11:35,811] {taskinstance.py:1257} INFO - Exporting the following env vars:
AIRFLOW_CTX_DAG_OWNER=svastikkka
AIRFLOW_CTX_DAG_ID=our_fourth_dag_v4
AIRFLOW_CTX_TASK_ID=thrid_task
AIRFLOW_CTX_EXECUTION_DATE=2021-09-16T00:00:00+00:00
AIRFLOW_CTX_DAG_RUN_ID=scheduled__2021-09-16T00:00:00+00:00
[2023-10-01 06:11:35,814] {bash.py:135} INFO - Tmp dir root location: 
 /tmp
[2023-10-01 06:11:35,818] {bash.py:158} INFO - Running command: echo hey, I am task3 and will be running after task1 at the same time as task2!
[2023-10-01 06:11:35,942] {bash.py:169} INFO - Output:
[2023-10-01 06:11:36,004] {bash.py:173} INFO - hey, I am task3 and will be running after task1 at the same time as task2!
[2023-10-01 06:11:36,009] {bash.py:177} INFO - Command exited with return code 0
[2023-10-01 06:11:36,664] {taskinstance.py:1166} INFO - Marking task as SUCCESS. dag_id=our_fourth_dag_v4, task_id=thrid_task, execution_date=20210916T000000, start_date=20231001T061132, end_date=20231001T061136
[2023-10-01 06:11:37,307] {taskinstance.py:1220} INFO - 0 downstream tasks scheduled from follow-on schedule check
[2023-10-01 06:11:37,496] {local_task_job.py:146} INFO - Task exited with return code 0
