[2023-10-01 06:17:41,358] {taskinstance.py:851} INFO - Dependencies all met for <TaskInstance: our_fourth_dag_v4.thrid_task 2021-12-02T00:00:00+00:00 [queued]>
[2023-10-01 06:17:41,627] {taskinstance.py:851} INFO - Dependencies all met for <TaskInstance: our_fourth_dag_v4.thrid_task 2021-12-02T00:00:00+00:00 [queued]>
[2023-10-01 06:17:41,628] {taskinstance.py:1042} INFO - 
--------------------------------------------------------------------------------
[2023-10-01 06:17:41,633] {taskinstance.py:1043} INFO - Starting attempt 1 of 6
[2023-10-01 06:17:41,637] {taskinstance.py:1044} INFO - 
--------------------------------------------------------------------------------
[2023-10-01 06:17:41,746] {taskinstance.py:1063} INFO - Executing <Task(BashOperator): thrid_task> on 2021-12-02T00:00:00+00:00
[2023-10-01 06:17:41,797] {standard_task_runner.py:52} INFO - Started process 5826 to run task
[2023-10-01 06:17:41,922] {standard_task_runner.py:76} INFO - Running: ['airflow', 'tasks', 'run', 'our_fourth_dag_v4', 'thrid_task', '2021-12-02T00:00:00+00:00', '--job-id', '815', '--pool', 'default_pool', '--raw', '--subdir', 'DAGS_FOLDER/our_fourth_dag.py', '--cfg-path', '/tmp/tmpfrn2mfuq', '--error-file', '/tmp/tmpbnxk5hjt']
[2023-10-01 06:17:41,960] {standard_task_runner.py:77} INFO - Job 815: Subtask thrid_task
[2023-10-01 06:17:42,638] {logging_mixin.py:104} INFO - Running <TaskInstance: our_fourth_dag_v4.thrid_task 2021-12-02T00:00:00+00:00 [running]> on host d4ed655215d1
[2023-10-01 06:17:44,459] {taskinstance.py:1257} INFO - Exporting the following env vars:
AIRFLOW_CTX_DAG_OWNER=svastikkka
AIRFLOW_CTX_DAG_ID=our_fourth_dag_v4
AIRFLOW_CTX_TASK_ID=thrid_task
AIRFLOW_CTX_EXECUTION_DATE=2021-12-02T00:00:00+00:00
AIRFLOW_CTX_DAG_RUN_ID=scheduled__2021-12-02T00:00:00+00:00
[2023-10-01 06:17:44,475] {bash.py:135} INFO - Tmp dir root location: 
 /tmp
[2023-10-01 06:17:44,487] {bash.py:158} INFO - Running command: echo hey, I am task3 and will be running after task1 at the same time as task2!
[2023-10-01 06:17:44,669] {bash.py:169} INFO - Output:
[2023-10-01 06:17:44,691] {bash.py:173} INFO - hey, I am task3 and will be running after task1 at the same time as task2!
[2023-10-01 06:17:44,709] {bash.py:177} INFO - Command exited with return code 0
[2023-10-01 06:17:44,872] {taskinstance.py:1166} INFO - Marking task as SUCCESS. dag_id=our_fourth_dag_v4, task_id=thrid_task, execution_date=20211202T000000, start_date=20231001T061741, end_date=20231001T061744
[2023-10-01 06:17:45,287] {taskinstance.py:1220} INFO - 0 downstream tasks scheduled from follow-on schedule check
[2023-10-01 06:17:45,453] {local_task_job.py:146} INFO - Task exited with return code 0
