[2023-10-01 15:59:48,353] {taskinstance.py:851} INFO - Dependencies all met for <TaskInstance: backup_postgres.list_current_directory 2023-10-01T15:59:34.120654+00:00 [queued]>
[2023-10-01 15:59:49,771] {taskinstance.py:851} INFO - Dependencies all met for <TaskInstance: backup_postgres.list_current_directory 2023-10-01T15:59:34.120654+00:00 [queued]>
[2023-10-01 15:59:49,781] {taskinstance.py:1042} INFO - 
--------------------------------------------------------------------------------
[2023-10-01 15:59:49,795] {taskinstance.py:1043} INFO - Starting attempt 1 of 6
[2023-10-01 15:59:49,812] {taskinstance.py:1044} INFO - 
--------------------------------------------------------------------------------
[2023-10-01 15:59:50,749] {taskinstance.py:1063} INFO - Executing <Task(BashOperator): list_current_directory> on 2023-10-01T15:59:34.120654+00:00
[2023-10-01 15:59:51,158] {standard_task_runner.py:52} INFO - Started process 5241 to run task
[2023-10-01 15:59:52,151] {standard_task_runner.py:76} INFO - Running: ['airflow', 'tasks', 'run', 'backup_postgres', 'list_current_directory', '2023-10-01T15:59:34.120654+00:00', '--job-id', '3', '--pool', 'default_pool', '--raw', '--subdir', 'DAGS_FOLDER/backup_postgres.py', '--cfg-path', '/tmp/tmpty9dgyek', '--error-file', '/tmp/tmpn_ckkka_']
[2023-10-01 15:59:52,375] {standard_task_runner.py:77} INFO - Job 3: Subtask list_current_directory
[2023-10-01 15:59:54,514] {logging_mixin.py:104} INFO - Running <TaskInstance: backup_postgres.list_current_directory 2023-10-01T15:59:34.120654+00:00 [running]> on host 55885b568803
[2023-10-01 15:59:55,643] {taskinstance.py:1257} INFO - Exporting the following env vars:
AIRFLOW_CTX_DAG_OWNER=svastikkka
AIRFLOW_CTX_DAG_ID=backup_postgres
AIRFLOW_CTX_TASK_ID=list_current_directory
AIRFLOW_CTX_EXECUTION_DATE=2023-10-01T15:59:34.120654+00:00
AIRFLOW_CTX_DAG_RUN_ID=manual__2023-10-01T15:59:34.120654+00:00
[2023-10-01 15:59:55,670] {bash.py:135} INFO - Tmp dir root location: 
 /tmp
[2023-10-01 15:59:55,673] {bash.py:158} INFO - Running command: ls -l
[2023-10-01 15:59:55,895] {bash.py:169} INFO - Output:
[2023-10-01 15:59:56,060] {bash.py:173} INFO - total 0
[2023-10-01 15:59:56,063] {bash.py:177} INFO - Command exited with return code 0
[2023-10-01 15:59:56,256] {taskinstance.py:1166} INFO - Marking task as SUCCESS. dag_id=backup_postgres, task_id=list_current_directory, execution_date=20231001T155934, start_date=20231001T155948, end_date=20231001T155956
[2023-10-01 15:59:56,616] {taskinstance.py:1220} INFO - 0 downstream tasks scheduled from follow-on schedule check
[2023-10-01 15:59:56,801] {local_task_job.py:146} INFO - Task exited with return code 0
