[2023-10-01 06:52:16,980] {taskinstance.py:851} INFO - Dependencies all met for <TaskInstance: our_sixth_dag_v6.greet 2021-09-14T00:00:00+00:00 [queued]>
[2023-10-01 06:52:17,649] {taskinstance.py:851} INFO - Dependencies all met for <TaskInstance: our_sixth_dag_v6.greet 2021-09-14T00:00:00+00:00 [queued]>
[2023-10-01 06:52:17,660] {taskinstance.py:1042} INFO - 
--------------------------------------------------------------------------------
[2023-10-01 06:52:17,671] {taskinstance.py:1043} INFO - Starting attempt 1 of 6
[2023-10-01 06:52:17,686] {taskinstance.py:1044} INFO - 
--------------------------------------------------------------------------------
[2023-10-01 06:52:18,120] {taskinstance.py:1063} INFO - Executing <Task(PythonOperator): greet> on 2021-09-14T00:00:00+00:00
[2023-10-01 06:52:18,249] {standard_task_runner.py:52} INFO - Started process 10620 to run task
[2023-10-01 06:52:18,332] {standard_task_runner.py:76} INFO - Running: ['airflow', 'tasks', 'run', 'our_sixth_dag_v6', 'greet', '2021-09-14T00:00:00+00:00', '--job-id', '1153', '--pool', 'default_pool', '--raw', '--subdir', 'DAGS_FOLDER/our_sixth_dag.py', '--cfg-path', '/tmp/tmpdazpp1fj', '--error-file', '/tmp/tmp1rw3xsfg']
[2023-10-01 06:52:18,521] {standard_task_runner.py:77} INFO - Job 1153: Subtask greet
[2023-10-01 06:52:19,603] {logging_mixin.py:104} INFO - Running <TaskInstance: our_sixth_dag_v6.greet 2021-09-14T00:00:00+00:00 [running]> on host d4ed655215d1
[2023-10-01 06:52:22,074] {taskinstance.py:1257} INFO - Exporting the following env vars:
AIRFLOW_CTX_DAG_OWNER=svastikkka
AIRFLOW_CTX_DAG_ID=our_sixth_dag_v6
AIRFLOW_CTX_TASK_ID=greet
AIRFLOW_CTX_EXECUTION_DATE=2021-09-14T00:00:00+00:00
AIRFLOW_CTX_DAG_RUN_ID=scheduled__2021-09-14T00:00:00+00:00
[2023-10-01 06:52:22,766] {logging_mixin.py:104} INFO - Hello My name is Manshu and I am 20 years old.
[2023-10-01 06:52:22,784] {python.py:118} INFO - Done. Returned value was: None
[2023-10-01 06:52:23,210] {taskinstance.py:1166} INFO - Marking task as SUCCESS. dag_id=our_sixth_dag_v6, task_id=greet, execution_date=20210914T000000, start_date=20231001T065217, end_date=20231001T065223
[2023-10-01 06:52:24,027] {taskinstance.py:1220} INFO - 0 downstream tasks scheduled from follow-on schedule check
[2023-10-01 06:52:24,259] {local_task_job.py:188} WARNING - State of this instance has been externally set to success. Terminating instance.
[2023-10-01 06:52:24,305] {process_utils.py:100} INFO - Sending Signals.SIGTERM to GPID 10620
[2023-10-01 06:52:24,603] {process_utils.py:66} INFO - Process psutil.Process(pid=10620, status='terminated', exitcode=0, started='06:52:17') (10620) terminated with exit code 0
