[2023-10-01 07:55:07,969] {taskinstance.py:851} INFO - Dependencies all met for <TaskInstance: our_seventh_dag_v7.get_name 2022-12-09T00:00:00+00:00 [queued]>
[2023-10-01 07:55:08,300] {taskinstance.py:851} INFO - Dependencies all met for <TaskInstance: our_seventh_dag_v7.get_name 2022-12-09T00:00:00+00:00 [queued]>
[2023-10-01 07:55:08,302] {taskinstance.py:1042} INFO - 
--------------------------------------------------------------------------------
[2023-10-01 07:55:08,304] {taskinstance.py:1043} INFO - Starting attempt 1 of 6
[2023-10-01 07:55:08,306] {taskinstance.py:1044} INFO - 
--------------------------------------------------------------------------------
[2023-10-01 07:55:08,599] {taskinstance.py:1063} INFO - Executing <Task(PythonOperator): get_name> on 2022-12-09T00:00:00+00:00
[2023-10-01 07:55:08,699] {standard_task_runner.py:52} INFO - Started process 23214 to run task
[2023-10-01 07:55:08,859] {standard_task_runner.py:76} INFO - Running: ['airflow', 'tasks', 'run', 'our_seventh_dag_v7', 'get_name', '2022-12-09T00:00:00+00:00', '--job-id', '2326', '--pool', 'default_pool', '--raw', '--subdir', 'DAGS_FOLDER/our_seventh_dag.py', '--cfg-path', '/tmp/tmpr3_fd9ed', '--error-file', '/tmp/tmp25lqrkmp']
[2023-10-01 07:55:08,935] {standard_task_runner.py:77} INFO - Job 2326: Subtask get_name
[2023-10-01 07:55:09,668] {logging_mixin.py:104} INFO - Running <TaskInstance: our_seventh_dag_v7.get_name 2022-12-09T00:00:00+00:00 [running]> on host d4ed655215d1
[2023-10-01 07:55:10,172] {taskinstance.py:1257} INFO - Exporting the following env vars:
AIRFLOW_CTX_DAG_OWNER=svastikkka
AIRFLOW_CTX_DAG_ID=our_seventh_dag_v7
AIRFLOW_CTX_TASK_ID=get_name
AIRFLOW_CTX_EXECUTION_DATE=2022-12-09T00:00:00+00:00
AIRFLOW_CTX_DAG_RUN_ID=scheduled__2022-12-09T00:00:00+00:00
[2023-10-01 07:55:10,406] {python.py:118} INFO - Done. Returned value was: None
[2023-10-01 07:55:10,529] {taskinstance.py:1166} INFO - Marking task as SUCCESS. dag_id=our_seventh_dag_v7, task_id=get_name, execution_date=20221209T000000, start_date=20231001T075508, end_date=20231001T075510
[2023-10-01 07:55:10,976] {taskinstance.py:1220} INFO - 1 downstream tasks scheduled from follow-on schedule check
[2023-10-01 07:55:11,094] {local_task_job.py:146} INFO - Task exited with return code 0
