[2023-10-01 06:42:31,257] {taskinstance.py:851} INFO - Dependencies all met for <TaskInstance: our_sixth_dag_v6.get_name 2021-08-16T00:00:00+00:00 [queued]>
[2023-10-01 06:42:31,435] {taskinstance.py:851} INFO - Dependencies all met for <TaskInstance: our_sixth_dag_v6.get_name 2021-08-16T00:00:00+00:00 [queued]>
[2023-10-01 06:42:31,437] {taskinstance.py:1042} INFO - 
--------------------------------------------------------------------------------
[2023-10-01 06:42:31,439] {taskinstance.py:1043} INFO - Starting attempt 1 of 6
[2023-10-01 06:42:31,444] {taskinstance.py:1044} INFO - 
--------------------------------------------------------------------------------
[2023-10-01 06:42:31,559] {taskinstance.py:1063} INFO - Executing <Task(PythonOperator): get_name> on 2021-08-16T00:00:00+00:00
[2023-10-01 06:42:31,603] {standard_task_runner.py:52} INFO - Started process 9318 to run task
[2023-10-01 06:42:31,678] {standard_task_runner.py:76} INFO - Running: ['airflow', 'tasks', 'run', 'our_sixth_dag_v6', 'get_name', '2021-08-16T00:00:00+00:00', '--job-id', '1105', '--pool', 'default_pool', '--raw', '--subdir', 'DAGS_FOLDER/our_sixth_dag.py', '--cfg-path', '/tmp/tmp02ffx1ns', '--error-file', '/tmp/tmpcvtb7oqp']
[2023-10-01 06:42:31,728] {standard_task_runner.py:77} INFO - Job 1105: Subtask get_name
[2023-10-01 06:42:32,317] {logging_mixin.py:104} INFO - Running <TaskInstance: our_sixth_dag_v6.get_name 2021-08-16T00:00:00+00:00 [running]> on host d4ed655215d1
[2023-10-01 06:42:32,848] {taskinstance.py:1257} INFO - Exporting the following env vars:
AIRFLOW_CTX_DAG_OWNER=svastikkka
AIRFLOW_CTX_DAG_ID=our_sixth_dag_v6
AIRFLOW_CTX_TASK_ID=get_name
AIRFLOW_CTX_EXECUTION_DATE=2021-08-16T00:00:00+00:00
AIRFLOW_CTX_DAG_RUN_ID=scheduled__2021-08-16T00:00:00+00:00
[2023-10-01 06:42:32,880] {python.py:118} INFO - Done. Returned value was: Manshu
[2023-10-01 06:42:33,138] {taskinstance.py:1166} INFO - Marking task as SUCCESS. dag_id=our_sixth_dag_v6, task_id=get_name, execution_date=20210816T000000, start_date=20231001T064231, end_date=20231001T064233
[2023-10-01 06:42:33,712] {taskinstance.py:1220} INFO - 0 downstream tasks scheduled from follow-on schedule check
[2023-10-01 06:42:33,856] {local_task_job.py:146} INFO - Task exited with return code 0
