[2023-10-01 16:05:18,206] {taskinstance.py:851} INFO - Dependencies all met for <TaskInstance: backup_postgres.print_current_path 2023-10-01T16:05:14.794199+00:00 [queued]>
[2023-10-01 16:05:18,254] {taskinstance.py:851} INFO - Dependencies all met for <TaskInstance: backup_postgres.print_current_path 2023-10-01T16:05:14.794199+00:00 [queued]>
[2023-10-01 16:05:18,257] {taskinstance.py:1042} INFO - 
--------------------------------------------------------------------------------
[2023-10-01 16:05:18,260] {taskinstance.py:1043} INFO - Starting attempt 1 of 6
[2023-10-01 16:05:18,263] {taskinstance.py:1044} INFO - 
--------------------------------------------------------------------------------
[2023-10-01 16:05:18,290] {taskinstance.py:1063} INFO - Executing <Task(BashOperator): print_current_path> on 2023-10-01T16:05:14.794199+00:00
[2023-10-01 16:05:18,298] {standard_task_runner.py:52} INFO - Started process 6986 to run task
[2023-10-01 16:05:18,312] {standard_task_runner.py:76} INFO - Running: ['airflow', 'tasks', 'run', 'backup_postgres', 'print_current_path', '2023-10-01T16:05:14.794199+00:00', '--job-id', '11', '--pool', 'default_pool', '--raw', '--subdir', 'DAGS_FOLDER/backup_postgres.py', '--cfg-path', '/tmp/tmptfug2rbb', '--error-file', '/tmp/tmphsaza0sm']
[2023-10-01 16:05:18,319] {standard_task_runner.py:77} INFO - Job 11: Subtask print_current_path
[2023-10-01 16:05:18,443] {logging_mixin.py:104} INFO - Running <TaskInstance: backup_postgres.print_current_path 2023-10-01T16:05:14.794199+00:00 [running]> on host 55885b568803
[2023-10-01 16:05:18,585] {taskinstance.py:1257} INFO - Exporting the following env vars:
AIRFLOW_CTX_DAG_OWNER=svastikkka
AIRFLOW_CTX_DAG_ID=backup_postgres
AIRFLOW_CTX_TASK_ID=print_current_path
AIRFLOW_CTX_EXECUTION_DATE=2023-10-01T16:05:14.794199+00:00
AIRFLOW_CTX_DAG_RUN_ID=manual__2023-10-01T16:05:14.794199+00:00
[2023-10-01 16:05:18,595] {bash.py:135} INFO - Tmp dir root location: 
 /tmp
[2023-10-01 16:05:18,605] {bash.py:158} INFO - Running command: pwd
[2023-10-01 16:05:18,674] {bash.py:169} INFO - Output:
[2023-10-01 16:05:18,689] {bash.py:173} INFO - /tmp/airflowtmpidr3mgx5
[2023-10-01 16:05:18,696] {bash.py:177} INFO - Command exited with return code 0
[2023-10-01 16:05:18,781] {taskinstance.py:1166} INFO - Marking task as SUCCESS. dag_id=backup_postgres, task_id=print_current_path, execution_date=20231001T160514, start_date=20231001T160518, end_date=20231001T160518
[2023-10-01 16:05:18,875] {taskinstance.py:1220} INFO - 0 downstream tasks scheduled from follow-on schedule check
[2023-10-01 16:05:18,931] {local_task_job.py:146} INFO - Task exited with return code 0
