[2023-10-01 06:16:19,194] {taskinstance.py:851} INFO - Dependencies all met for <TaskInstance: our_fourth_dag_v4.thrid_task 2021-11-12T00:00:00+00:00 [queued]>
[2023-10-01 06:16:19,787] {taskinstance.py:851} INFO - Dependencies all met for <TaskInstance: our_fourth_dag_v4.thrid_task 2021-11-12T00:00:00+00:00 [queued]>
[2023-10-01 06:16:19,795] {taskinstance.py:1042} INFO - 
--------------------------------------------------------------------------------
[2023-10-01 06:16:19,799] {taskinstance.py:1043} INFO - Starting attempt 1 of 6
[2023-10-01 06:16:19,821] {taskinstance.py:1044} INFO - 
--------------------------------------------------------------------------------
[2023-10-01 06:16:20,123] {taskinstance.py:1063} INFO - Executing <Task(BashOperator): thrid_task> on 2021-11-12T00:00:00+00:00
[2023-10-01 06:16:20,257] {standard_task_runner.py:52} INFO - Started process 5524 to run task
[2023-10-01 06:16:20,864] {standard_task_runner.py:76} INFO - Running: ['airflow', 'tasks', 'run', 'our_fourth_dag_v4', 'thrid_task', '2021-11-12T00:00:00+00:00', '--job-id', '753', '--pool', 'default_pool', '--raw', '--subdir', 'DAGS_FOLDER/our_fourth_dag.py', '--cfg-path', '/tmp/tmp4fyh1pc0', '--error-file', '/tmp/tmpr3tycx73']
[2023-10-01 06:16:21,038] {standard_task_runner.py:77} INFO - Job 753: Subtask thrid_task
[2023-10-01 06:16:22,724] {logging_mixin.py:104} INFO - Running <TaskInstance: our_fourth_dag_v4.thrid_task 2021-11-12T00:00:00+00:00 [running]> on host d4ed655215d1
[2023-10-01 06:16:26,006] {taskinstance.py:1257} INFO - Exporting the following env vars:
AIRFLOW_CTX_DAG_OWNER=svastikkka
AIRFLOW_CTX_DAG_ID=our_fourth_dag_v4
AIRFLOW_CTX_TASK_ID=thrid_task
AIRFLOW_CTX_EXECUTION_DATE=2021-11-12T00:00:00+00:00
AIRFLOW_CTX_DAG_RUN_ID=scheduled__2021-11-12T00:00:00+00:00
[2023-10-01 06:16:26,032] {bash.py:135} INFO - Tmp dir root location: 
 /tmp
[2023-10-01 06:16:26,042] {bash.py:158} INFO - Running command: echo hey, I am task3 and will be running after task1 at the same time as task2!
[2023-10-01 06:16:26,391] {bash.py:169} INFO - Output:
[2023-10-01 06:16:26,415] {bash.py:173} INFO - hey, I am task3 and will be running after task1 at the same time as task2!
[2023-10-01 06:16:26,492] {bash.py:177} INFO - Command exited with return code 0
[2023-10-01 06:16:33,385] {taskinstance.py:1166} INFO - Marking task as SUCCESS. dag_id=our_fourth_dag_v4, task_id=thrid_task, execution_date=20211112T000000, start_date=20231001T061619, end_date=20231001T061633
[2023-10-01 06:16:34,735] {taskinstance.py:1220} INFO - 0 downstream tasks scheduled from follow-on schedule check
[2023-10-01 06:16:35,687] {local_task_job.py:146} INFO - Task exited with return code 0
