[2023-10-01 07:41:36,856] {taskinstance.py:851} INFO - Dependencies all met for <TaskInstance: our_seventh_dag_v7.greet 2021-11-09T00:00:00+00:00 [queued]>
[2023-10-01 07:41:37,141] {taskinstance.py:851} INFO - Dependencies all met for <TaskInstance: our_seventh_dag_v7.greet 2021-11-09T00:00:00+00:00 [queued]>
[2023-10-01 07:41:37,146] {taskinstance.py:1042} INFO - 
--------------------------------------------------------------------------------
[2023-10-01 07:41:37,152] {taskinstance.py:1043} INFO - Starting attempt 1 of 6
[2023-10-01 07:41:37,171] {taskinstance.py:1044} INFO - 
--------------------------------------------------------------------------------
[2023-10-01 07:41:37,415] {taskinstance.py:1063} INFO - Executing <Task(PythonOperator): greet> on 2021-11-09T00:00:00+00:00
[2023-10-01 07:41:37,518] {standard_task_runner.py:52} INFO - Started process 19323 to run task
[2023-10-01 07:41:37,704] {standard_task_runner.py:76} INFO - Running: ['airflow', 'tasks', 'run', 'our_seventh_dag_v7', 'greet', '2021-11-09T00:00:00+00:00', '--job-id', '1544', '--pool', 'default_pool', '--raw', '--subdir', 'DAGS_FOLDER/our_seventh_dag.py', '--cfg-path', '/tmp/tmp7cl83iox', '--error-file', '/tmp/tmpi7khjspl']
[2023-10-01 07:41:37,769] {standard_task_runner.py:77} INFO - Job 1544: Subtask greet
[2023-10-01 07:41:38,447] {logging_mixin.py:104} INFO - Running <TaskInstance: our_seventh_dag_v7.greet 2021-11-09T00:00:00+00:00 [running]> on host d4ed655215d1
[2023-10-01 07:41:39,558] {taskinstance.py:1257} INFO - Exporting the following env vars:
AIRFLOW_CTX_DAG_OWNER=svastikkka
AIRFLOW_CTX_DAG_ID=our_seventh_dag_v7
AIRFLOW_CTX_TASK_ID=greet
AIRFLOW_CTX_EXECUTION_DATE=2021-11-09T00:00:00+00:00
AIRFLOW_CTX_DAG_RUN_ID=scheduled__2021-11-09T00:00:00+00:00
[2023-10-01 07:41:39,762] {logging_mixin.py:104} INFO - Hello My name is Manshu Sharma and I am 26 years old.
[2023-10-01 07:41:39,779] {python.py:118} INFO - Done. Returned value was: None
[2023-10-01 07:41:39,927] {taskinstance.py:1166} INFO - Marking task as SUCCESS. dag_id=our_seventh_dag_v7, task_id=greet, execution_date=20211109T000000, start_date=20231001T074136, end_date=20231001T074139
[2023-10-01 07:41:40,233] {taskinstance.py:1220} INFO - 0 downstream tasks scheduled from follow-on schedule check
[2023-10-01 07:41:40,369] {local_task_job.py:146} INFO - Task exited with return code 0
