[2023-10-01 10:15:53,077] {taskinstance.py:851} INFO - Dependencies all met for <TaskInstance: postgres_v2.delete_data_from_table 2021-08-06T00:00:00+00:00 [queued]>
[2023-10-01 10:15:53,561] {taskinstance.py:851} INFO - Dependencies all met for <TaskInstance: postgres_v2.delete_data_from_table 2021-08-06T00:00:00+00:00 [queued]>
[2023-10-01 10:15:53,585] {taskinstance.py:1042} INFO - 
--------------------------------------------------------------------------------
[2023-10-01 10:15:53,591] {taskinstance.py:1043} INFO - Starting attempt 1 of 6
[2023-10-01 10:15:53,613] {taskinstance.py:1044} INFO - 
--------------------------------------------------------------------------------
[2023-10-01 10:16:00,466] {taskinstance.py:1063} INFO - Executing <Task(PostgresOperator): delete_data_from_table> on 2021-08-06T00:00:00+00:00
[2023-10-01 10:16:04,265] {standard_task_runner.py:52} INFO - Started process 47814 to run task
[2023-10-01 10:16:05,089] {standard_task_runner.py:76} INFO - Running: ['airflow', 'tasks', 'run', 'postgres_v2', 'delete_data_from_table', '2021-08-06T00:00:00+00:00', '--job-id', '2718', '--pool', 'default_pool', '--raw', '--subdir', 'DAGS_FOLDER/postgresql_example_2.py', '--cfg-path', '/tmp/tmpp1z5upe3', '--error-file', '/tmp/tmpniz71f3h']
[2023-10-01 10:16:05,621] {standard_task_runner.py:77} INFO - Job 2718: Subtask delete_data_from_table
[2023-10-01 10:16:22,621] {logging_mixin.py:104} INFO - Running <TaskInstance: postgres_v2.delete_data_from_table 2021-08-06T00:00:00+00:00 [running]> on host d4ed655215d1
[2023-10-01 10:16:35,435] {taskinstance.py:1257} INFO - Exporting the following env vars:
AIRFLOW_CTX_DAG_OWNER=svastikkka
AIRFLOW_CTX_DAG_ID=postgres_v2
AIRFLOW_CTX_TASK_ID=delete_data_from_table
AIRFLOW_CTX_EXECUTION_DATE=2021-08-06T00:00:00+00:00
AIRFLOW_CTX_DAG_RUN_ID=scheduled__2021-08-06T00:00:00+00:00
[2023-10-01 10:16:36,738] {postgres.py:69} INFO - Executing: 
            delete from dags_run where dt = '2021-08-06' and dag_id = 'postgres_v2';
        
[2023-10-01 10:16:44,348] {base.py:74} INFO - Using connection to: id: posgres_testing. Host: host.docker.internal, Port: 5432, Schema: testing, Login: airflow, Password: XXXXXXXX, extra: None
[2023-10-01 10:16:45,135] {dbapi.py:180} INFO - Running statement: 
            delete from dags_run where dt = '2021-08-06' and dag_id = 'postgres_v2';
        , parameters: None
[2023-10-01 10:16:45,608] {dbapi.py:186} INFO - Rows affected: 0
[2023-10-01 10:16:54,983] {taskinstance.py:1166} INFO - Marking task as SUCCESS. dag_id=postgres_v2, task_id=delete_data_from_table, execution_date=20210806T000000, start_date=20231001T101553, end_date=20231001T101654
[2023-10-01 10:17:03,734] {local_task_job.py:188} WARNING - State of this instance has been externally set to success. Terminating instance.
[2023-10-01 10:17:04,137] {process_utils.py:100} INFO - Sending Signals.SIGTERM to GPID 47814
[2023-10-01 10:17:12,215] {taskinstance.py:1239} ERROR - Received SIGTERM. Terminating subprocesses.
[2023-10-01 10:17:12,871] {process_utils.py:66} INFO - Process psutil.Process(pid=47814, status='terminated', exitcode=1, started='10:16:03') (47814) terminated with exit code 1
