[2023-10-01 05:51:31,888] {taskinstance.py:851} INFO - Dependencies all met for <TaskInstance: our_third_dag_v3.first_task 2021-08-02T00:00:00+00:00 [queued]>
[2023-10-01 05:51:32,234] {taskinstance.py:851} INFO - Dependencies all met for <TaskInstance: our_third_dag_v3.first_task 2021-08-02T00:00:00+00:00 [queued]>
[2023-10-01 05:51:32,237] {taskinstance.py:1042} INFO - 
--------------------------------------------------------------------------------
[2023-10-01 05:51:32,254] {taskinstance.py:1043} INFO - Starting attempt 1 of 6
[2023-10-01 05:51:32,257] {taskinstance.py:1044} INFO - 
--------------------------------------------------------------------------------
[2023-10-01 05:51:32,388] {taskinstance.py:1063} INFO - Executing <Task(BashOperator): first_task> on 2021-08-02T00:00:00+00:00
[2023-10-01 05:51:32,402] {standard_task_runner.py:52} INFO - Started process 2223 to run task
[2023-10-01 05:51:32,512] {standard_task_runner.py:76} INFO - Running: ['airflow', 'tasks', 'run', 'our_third_dag_v3', 'first_task', '2021-08-02T00:00:00+00:00', '--job-id', '156', '--pool', 'default_pool', '--raw', '--subdir', 'DAGS_FOLDER/our_third_dag.py', '--cfg-path', '/tmp/tmpv2oim5p9', '--error-file', '/tmp/tmpv92tfhqn']
[2023-10-01 05:51:32,590] {standard_task_runner.py:77} INFO - Job 156: Subtask first_task
[2023-10-01 05:51:35,198] {logging_mixin.py:104} INFO - Running <TaskInstance: our_third_dag_v3.first_task 2021-08-02T00:00:00+00:00 [running]> on host d4ed655215d1
[2023-10-01 05:51:42,586] {taskinstance.py:1257} INFO - Exporting the following env vars:
AIRFLOW_CTX_DAG_OWNER=coder2j
AIRFLOW_CTX_DAG_ID=our_third_dag_v3
AIRFLOW_CTX_TASK_ID=first_task
AIRFLOW_CTX_EXECUTION_DATE=2021-08-02T00:00:00+00:00
AIRFLOW_CTX_DAG_RUN_ID=scheduled__2021-08-02T00:00:00+00:00
[2023-10-01 05:51:43,385] {bash.py:135} INFO - Tmp dir root location: 
 /tmp
[2023-10-01 05:51:44,013] {bash.py:158} INFO - Running command: echo hello world, this is the first task!
[2023-10-01 05:51:47,419] {bash.py:169} INFO - Output:
[2023-10-01 05:51:48,038] {bash.py:173} INFO - hello world, this is the first task!
[2023-10-01 05:51:48,052] {bash.py:177} INFO - Command exited with return code 0
[2023-10-01 05:51:50,320] {taskinstance.py:1166} INFO - Marking task as SUCCESS. dag_id=our_third_dag_v3, task_id=first_task, execution_date=20210802T000000, start_date=20231001T055131, end_date=20231001T055150
[2023-10-01 05:51:56,340] {local_task_job.py:188} WARNING - State of this instance has been externally set to success. Terminating instance.
[2023-10-01 05:51:56,512] {process_utils.py:100} INFO - Sending Signals.SIGTERM to GPID 2223
[2023-10-01 05:51:58,454] {taskinstance.py:1239} ERROR - Received SIGTERM. Terminating subprocesses.
[2023-10-01 05:51:58,527] {bash.py:185} INFO - Sending SIGTERM signal to bash process group
[2023-10-01 05:52:00,534] {process_utils.py:66} INFO - Process psutil.Process(pid=2223, status='terminated', exitcode=1, started='05:51:31') (2223) terminated with exit code 1
