[2023-10-01 04:59:04,305] {taskinstance.py:851} INFO - Dependencies all met for <TaskInstance: our_first_dag_v5.first_task 2021-08-31T00:00:00+00:00 [queued]>
[2023-10-01 04:59:04,450] {taskinstance.py:851} INFO - Dependencies all met for <TaskInstance: our_first_dag_v5.first_task 2021-08-31T00:00:00+00:00 [queued]>
[2023-10-01 04:59:04,465] {taskinstance.py:1042} INFO - 
--------------------------------------------------------------------------------
[2023-10-01 04:59:04,473] {taskinstance.py:1043} INFO - Starting attempt 1 of 6
[2023-10-01 04:59:04,485] {taskinstance.py:1044} INFO - 
--------------------------------------------------------------------------------
[2023-10-01 04:59:04,608] {taskinstance.py:1063} INFO - Executing <Task(BashOperator): first_task> on 2021-08-31T00:00:00+00:00
[2023-10-01 04:59:04,642] {standard_task_runner.py:52} INFO - Started process 761 to run task
[2023-10-01 04:59:04,712] {standard_task_runner.py:76} INFO - Running: ['airflow', 'tasks', 'run', 'our_first_dag_v5', 'first_task', '2021-08-31T00:00:00+00:00', '--job-id', '42', '--pool', 'default_pool', '--raw', '--subdir', 'DAGS_FOLDER/our_first_dag.py', '--cfg-path', '/tmp/tmp7nsnxook', '--error-file', '/tmp/tmprm5piggs']
[2023-10-01 04:59:04,759] {standard_task_runner.py:77} INFO - Job 42: Subtask first_task
[2023-10-01 04:59:05,060] {logging_mixin.py:104} INFO - Running <TaskInstance: our_first_dag_v5.first_task 2021-08-31T00:00:00+00:00 [running]> on host c25e1f8124bc
[2023-10-01 04:59:05,574] {taskinstance.py:1257} INFO - Exporting the following env vars:
AIRFLOW_CTX_DAG_OWNER=coder2j
AIRFLOW_CTX_DAG_ID=our_first_dag_v5
AIRFLOW_CTX_TASK_ID=first_task
AIRFLOW_CTX_EXECUTION_DATE=2021-08-31T00:00:00+00:00
AIRFLOW_CTX_DAG_RUN_ID=scheduled__2021-08-31T00:00:00+00:00
[2023-10-01 04:59:05,583] {bash.py:135} INFO - Tmp dir root location: 
 /tmp
[2023-10-01 04:59:05,590] {bash.py:158} INFO - Running command: echo hello world, this is the first task!
[2023-10-01 04:59:05,706] {bash.py:169} INFO - Output:
[2023-10-01 04:59:05,723] {bash.py:173} INFO - hello world, this is the first task!
[2023-10-01 04:59:05,729] {bash.py:177} INFO - Command exited with return code 0
[2023-10-01 04:59:05,932] {taskinstance.py:1166} INFO - Marking task as SUCCESS. dag_id=our_first_dag_v5, task_id=first_task, execution_date=20210831T000000, start_date=20231001T045904, end_date=20231001T045905
[2023-10-01 04:59:06,148] {taskinstance.py:1220} INFO - 0 downstream tasks scheduled from follow-on schedule check
[2023-10-01 04:59:06,217] {local_task_job.py:146} INFO - Task exited with return code 0
