[2023-10-01 07:36:15,115] {taskinstance.py:851} INFO - Dependencies all met for <TaskInstance: our_seventh_dag_v7.get_name 2021-08-22T00:00:00+00:00 [queued]>
[2023-10-01 07:36:15,202] {taskinstance.py:851} INFO - Dependencies all met for <TaskInstance: our_seventh_dag_v7.get_name 2021-08-22T00:00:00+00:00 [queued]>
[2023-10-01 07:36:15,203] {taskinstance.py:1042} INFO - 
--------------------------------------------------------------------------------
[2023-10-01 07:36:15,205] {taskinstance.py:1043} INFO - Starting attempt 1 of 6
[2023-10-01 07:36:15,207] {taskinstance.py:1044} INFO - 
--------------------------------------------------------------------------------
[2023-10-01 07:36:15,268] {taskinstance.py:1063} INFO - Executing <Task(PythonOperator): get_name> on 2021-08-22T00:00:00+00:00
[2023-10-01 07:36:15,291] {standard_task_runner.py:52} INFO - Started process 18203 to run task
[2023-10-01 07:36:15,354] {standard_task_runner.py:76} INFO - Running: ['airflow', 'tasks', 'run', 'our_seventh_dag_v7', 'get_name', '2021-08-22T00:00:00+00:00', '--job-id', '1368', '--pool', 'default_pool', '--raw', '--subdir', 'DAGS_FOLDER/our_seventh_dag.py', '--cfg-path', '/tmp/tmpaqlbucb8', '--error-file', '/tmp/tmp8fp1e2nh']
[2023-10-01 07:36:15,378] {standard_task_runner.py:77} INFO - Job 1368: Subtask get_name
[2023-10-01 07:36:15,902] {logging_mixin.py:104} INFO - Running <TaskInstance: our_seventh_dag_v7.get_name 2021-08-22T00:00:00+00:00 [running]> on host d4ed655215d1
[2023-10-01 07:36:16,455] {taskinstance.py:1257} INFO - Exporting the following env vars:
AIRFLOW_CTX_DAG_OWNER=svastikkka
AIRFLOW_CTX_DAG_ID=our_seventh_dag_v7
AIRFLOW_CTX_TASK_ID=get_name
AIRFLOW_CTX_EXECUTION_DATE=2021-08-22T00:00:00+00:00
AIRFLOW_CTX_DAG_RUN_ID=scheduled__2021-08-22T00:00:00+00:00
[2023-10-01 07:36:16,744] {python.py:118} INFO - Done. Returned value was: None
[2023-10-01 07:36:16,806] {taskinstance.py:1166} INFO - Marking task as SUCCESS. dag_id=our_seventh_dag_v7, task_id=get_name, execution_date=20210822T000000, start_date=20231001T073615, end_date=20231001T073616
[2023-10-01 07:36:17,657] {taskinstance.py:1220} INFO - 0 downstream tasks scheduled from follow-on schedule check
[2023-10-01 07:36:17,759] {local_task_job.py:146} INFO - Task exited with return code 0
