[2023-10-01 09:18:50,272] {taskinstance.py:851} INFO - Dependencies all met for <TaskInstance: cron.first_task 2021-08-26T00:00:00+00:00 [queued]>
[2023-10-01 09:18:50,412] {taskinstance.py:851} INFO - Dependencies all met for <TaskInstance: cron.first_task 2021-08-26T00:00:00+00:00 [queued]>
[2023-10-01 09:18:50,415] {taskinstance.py:1042} INFO - 
--------------------------------------------------------------------------------
[2023-10-01 09:18:50,418] {taskinstance.py:1043} INFO - Starting attempt 1 of 6
[2023-10-01 09:18:50,421] {taskinstance.py:1044} INFO - 
--------------------------------------------------------------------------------
[2023-10-01 09:18:50,477] {taskinstance.py:1063} INFO - Executing <Task(BashOperator): first_task> on 2021-08-26T00:00:00+00:00
[2023-10-01 09:18:50,498] {standard_task_runner.py:52} INFO - Started process 34678 to run task
[2023-10-01 09:18:50,696] {standard_task_runner.py:76} INFO - Running: ['airflow', 'tasks', 'run', 'cron', 'first_task', '2021-08-26T00:00:00+00:00', '--job-id', '2518', '--pool', 'default_pool', '--raw', '--subdir', 'DAGS_FOLDER/cron.py', '--cfg-path', '/tmp/tmp58xjz_47', '--error-file', '/tmp/tmpfvav27tj']
[2023-10-01 09:18:50,998] {standard_task_runner.py:77} INFO - Job 2518: Subtask first_task
[2023-10-01 09:18:52,219] {logging_mixin.py:104} INFO - Running <TaskInstance: cron.first_task 2021-08-26T00:00:00+00:00 [running]> on host d4ed655215d1
[2023-10-01 09:18:53,085] {taskinstance.py:1257} INFO - Exporting the following env vars:
AIRFLOW_CTX_DAG_OWNER=svastikkka
AIRFLOW_CTX_DAG_ID=cron
AIRFLOW_CTX_TASK_ID=first_task
AIRFLOW_CTX_EXECUTION_DATE=2021-08-26T00:00:00+00:00
AIRFLOW_CTX_DAG_RUN_ID=scheduled__2021-08-26T00:00:00+00:00
[2023-10-01 09:18:53,114] {bash.py:135} INFO - Tmp dir root location: 
 /tmp
[2023-10-01 09:18:53,132] {bash.py:158} INFO - Running command: echo hello world, this is the first task!
[2023-10-01 09:18:53,368] {bash.py:169} INFO - Output:
[2023-10-01 09:18:53,403] {bash.py:173} INFO - hello world, this is the first task!
[2023-10-01 09:18:53,423] {bash.py:177} INFO - Command exited with return code 0
[2023-10-01 09:18:53,799] {taskinstance.py:1166} INFO - Marking task as SUCCESS. dag_id=cron, task_id=first_task, execution_date=20210826T000000, start_date=20231001T091850, end_date=20231001T091853
[2023-10-01 09:18:54,028] {taskinstance.py:1220} INFO - 0 downstream tasks scheduled from follow-on schedule check
[2023-10-01 09:18:54,163] {local_task_job.py:146} INFO - Task exited with return code 0
