[2023-10-01 06:51:50,752] {taskinstance.py:851} INFO - Dependencies all met for <TaskInstance: our_sixth_dag_v6.get_name 2021-09-15T00:00:00+00:00 [queued]>
[2023-10-01 06:51:51,054] {taskinstance.py:851} INFO - Dependencies all met for <TaskInstance: our_sixth_dag_v6.get_name 2021-09-15T00:00:00+00:00 [queued]>
[2023-10-01 06:51:51,060] {taskinstance.py:1042} INFO - 
--------------------------------------------------------------------------------
[2023-10-01 06:51:51,072] {taskinstance.py:1043} INFO - Starting attempt 1 of 6
[2023-10-01 06:51:51,077] {taskinstance.py:1044} INFO - 
--------------------------------------------------------------------------------
[2023-10-01 06:51:51,498] {taskinstance.py:1063} INFO - Executing <Task(PythonOperator): get_name> on 2021-09-15T00:00:00+00:00
[2023-10-01 06:51:51,929] {standard_task_runner.py:52} INFO - Started process 10549 to run task
[2023-10-01 06:51:51,986] {standard_task_runner.py:76} INFO - Running: ['airflow', 'tasks', 'run', 'our_sixth_dag_v6', 'get_name', '2021-09-15T00:00:00+00:00', '--job-id', '1143', '--pool', 'default_pool', '--raw', '--subdir', 'DAGS_FOLDER/our_sixth_dag.py', '--cfg-path', '/tmp/tmp7_t3vdqz', '--error-file', '/tmp/tmpn8vr3m2h']
[2023-10-01 06:51:52,364] {standard_task_runner.py:77} INFO - Job 1143: Subtask get_name
[2023-10-01 06:51:54,804] {logging_mixin.py:104} INFO - Running <TaskInstance: our_sixth_dag_v6.get_name 2021-09-15T00:00:00+00:00 [running]> on host d4ed655215d1
[2023-10-01 06:51:55,773] {taskinstance.py:1257} INFO - Exporting the following env vars:
AIRFLOW_CTX_DAG_OWNER=svastikkka
AIRFLOW_CTX_DAG_ID=our_sixth_dag_v6
AIRFLOW_CTX_TASK_ID=get_name
AIRFLOW_CTX_EXECUTION_DATE=2021-09-15T00:00:00+00:00
AIRFLOW_CTX_DAG_RUN_ID=scheduled__2021-09-15T00:00:00+00:00
[2023-10-01 06:51:55,800] {python.py:118} INFO - Done. Returned value was: Manshu
[2023-10-01 06:51:56,164] {taskinstance.py:1166} INFO - Marking task as SUCCESS. dag_id=our_sixth_dag_v6, task_id=get_name, execution_date=20210915T000000, start_date=20231001T065150, end_date=20231001T065156
[2023-10-01 06:51:58,840] {local_task_job.py:188} WARNING - State of this instance has been externally set to success. Terminating instance.
[2023-10-01 06:51:58,947] {process_utils.py:100} INFO - Sending Signals.SIGTERM to GPID 10549
[2023-10-01 06:51:58,990] {taskinstance.py:1239} ERROR - Received SIGTERM. Terminating subprocesses.
[2023-10-01 06:51:59,025] {base.py:273} ERROR - Exception closing connection <connection object at 0x7fafbee19db0; dsn: 'user=airflow password=xxx dbname=airflow host=postgres', closed: 1>
Traceback (most recent call last):
  File "/home/airflow/.local/lib/python3.6/site-packages/sqlalchemy/pool/base.py", line 270, in _close_connection
    self._dialect.do_close(connection)
  File "/home/airflow/.local/lib/python3.6/site-packages/sqlalchemy/engine/default.py", line 564, in do_close
    dbapi_connection.close()
  File "/home/airflow/.local/lib/python3.6/site-packages/airflow/models/taskinstance.py", line 1241, in signal_handler
    raise AirflowException("Task received SIGTERM signal")
airflow.exceptions.AirflowException: Task received SIGTERM signal
[2023-10-01 06:51:59,457] {taskinstance.py:1220} INFO - 1 downstream tasks scheduled from follow-on schedule check
[2023-10-01 06:51:59,937] {process_utils.py:66} INFO - Process psutil.Process(pid=10549, status='terminated', exitcode=0, started='06:51:51') (10549) terminated with exit code 0
