[2023-10-01 08:06:16,193] {taskinstance.py:851} INFO - Dependencies all met for <TaskInstance: our_eight_dag_v8.get_name 2021-08-04T00:00:00+00:00 [queued]>
[2023-10-01 08:06:17,132] {taskinstance.py:851} INFO - Dependencies all met for <TaskInstance: our_eight_dag_v8.get_name 2021-08-04T00:00:00+00:00 [queued]>
[2023-10-01 08:06:17,135] {taskinstance.py:1042} INFO - 
--------------------------------------------------------------------------------
[2023-10-01 08:06:17,138] {taskinstance.py:1043} INFO - Starting attempt 1 of 6
[2023-10-01 08:06:17,142] {taskinstance.py:1044} INFO - 
--------------------------------------------------------------------------------
[2023-10-01 08:06:19,274] {taskinstance.py:1063} INFO - Executing <Task(PythonOperator): get_name> on 2021-08-04T00:00:00+00:00
[2023-10-01 08:06:19,711] {standard_task_runner.py:52} INFO - Started process 24680 to run task
[2023-10-01 08:06:19,866] {standard_task_runner.py:76} INFO - Running: ['airflow', 'tasks', 'run', 'our_eight_dag_v8', 'get_name', '2021-08-04T00:00:00+00:00', '--job-id', '2439', '--pool', 'default_pool', '--raw', '--subdir', 'DAGS_FOLDER/our_eight_dag.py', '--cfg-path', '/tmp/tmp0jtym9tn', '--error-file', '/tmp/tmpix4lbcag']
[2023-10-01 08:06:19,961] {standard_task_runner.py:77} INFO - Job 2439: Subtask get_name
[2023-10-01 08:06:38,625] {logging_mixin.py:104} INFO - Running <TaskInstance: our_eight_dag_v8.get_name 2021-08-04T00:00:00+00:00 [running]> on host d4ed655215d1
[2023-10-01 08:06:42,092] {taskinstance.py:1257} INFO - Exporting the following env vars:
AIRFLOW_CTX_DAG_OWNER=svastikkka
AIRFLOW_CTX_DAG_ID=our_eight_dag_v8
AIRFLOW_CTX_TASK_ID=get_name
AIRFLOW_CTX_EXECUTION_DATE=2021-08-04T00:00:00+00:00
AIRFLOW_CTX_DAG_RUN_ID=scheduled__2021-08-04T00:00:00+00:00
[2023-10-01 08:06:42,999] {python.py:118} INFO - Done. Returned value was: None
[2023-10-01 08:06:44,594] {taskinstance.py:1166} INFO - Marking task as SUCCESS. dag_id=our_eight_dag_v8, task_id=get_name, execution_date=20210804T000000, start_date=20231001T080616, end_date=20231001T080644
[2023-10-01 08:06:46,646] {local_task_job.py:188} WARNING - State of this instance has been externally set to success. Terminating instance.
[2023-10-01 08:06:47,374] {process_utils.py:100} INFO - Sending Signals.SIGTERM to GPID 24680
[2023-10-01 08:06:51,683] {taskinstance.py:1239} ERROR - Received SIGTERM. Terminating subprocesses.
[2023-10-01 08:06:52,446] {process_utils.py:66} INFO - Process psutil.Process(pid=24680, status='terminated', exitcode=1, started='08:06:18') (24680) terminated with exit code 1
