[2023-10-01 07:56:21,081] {taskinstance.py:851} INFO - Dependencies all met for <TaskInstance: our_seventh_dag_v7.get_name 2022-12-19T00:00:00+00:00 [queued]>
[2023-10-01 07:56:21,462] {taskinstance.py:851} INFO - Dependencies all met for <TaskInstance: our_seventh_dag_v7.get_name 2022-12-19T00:00:00+00:00 [queued]>
[2023-10-01 07:56:21,477] {taskinstance.py:1042} INFO - 
--------------------------------------------------------------------------------
[2023-10-01 07:56:21,483] {taskinstance.py:1043} INFO - Starting attempt 1 of 6
[2023-10-01 07:56:21,484] {taskinstance.py:1044} INFO - 
--------------------------------------------------------------------------------
[2023-10-01 07:56:21,767] {taskinstance.py:1063} INFO - Executing <Task(PythonOperator): get_name> on 2022-12-19T00:00:00+00:00
[2023-10-01 07:56:21,857] {standard_task_runner.py:52} INFO - Started process 23369 to run task
[2023-10-01 07:56:22,106] {standard_task_runner.py:76} INFO - Running: ['airflow', 'tasks', 'run', 'our_seventh_dag_v7', 'get_name', '2022-12-19T00:00:00+00:00', '--job-id', '2345', '--pool', 'default_pool', '--raw', '--subdir', 'DAGS_FOLDER/our_seventh_dag.py', '--cfg-path', '/tmp/tmp6db8jvvl', '--error-file', '/tmp/tmpqudktcsd']
[2023-10-01 07:56:22,185] {standard_task_runner.py:77} INFO - Job 2345: Subtask get_name
[2023-10-01 07:56:23,015] {logging_mixin.py:104} INFO - Running <TaskInstance: our_seventh_dag_v7.get_name 2022-12-19T00:00:00+00:00 [running]> on host d4ed655215d1
[2023-10-01 07:56:24,004] {taskinstance.py:1257} INFO - Exporting the following env vars:
AIRFLOW_CTX_DAG_OWNER=svastikkka
AIRFLOW_CTX_DAG_ID=our_seventh_dag_v7
AIRFLOW_CTX_TASK_ID=get_name
AIRFLOW_CTX_EXECUTION_DATE=2022-12-19T00:00:00+00:00
AIRFLOW_CTX_DAG_RUN_ID=scheduled__2022-12-19T00:00:00+00:00
[2023-10-01 07:56:24,587] {python.py:118} INFO - Done. Returned value was: None
[2023-10-01 07:56:24,947] {taskinstance.py:1166} INFO - Marking task as SUCCESS. dag_id=our_seventh_dag_v7, task_id=get_name, execution_date=20221219T000000, start_date=20231001T075621, end_date=20231001T075624
[2023-10-01 07:56:27,020] {taskinstance.py:1220} INFO - 0 downstream tasks scheduled from follow-on schedule check
[2023-10-01 07:56:33,545] {local_task_job.py:146} INFO - Task exited with return code 0
