[2023-10-01 09:51:19,561] {taskinstance.py:851} INFO - Dependencies all met for <TaskInstance: postgres_v1.create_postgres_connection 2021-07-31T00:00:00+00:00 [queued]>
[2023-10-01 09:51:19,677] {taskinstance.py:851} INFO - Dependencies all met for <TaskInstance: postgres_v1.create_postgres_connection 2021-07-31T00:00:00+00:00 [queued]>
[2023-10-01 09:51:19,689] {taskinstance.py:1042} INFO - 
--------------------------------------------------------------------------------
[2023-10-01 09:51:19,694] {taskinstance.py:1043} INFO - Starting attempt 5 of 6
[2023-10-01 09:51:19,709] {taskinstance.py:1044} INFO - 
--------------------------------------------------------------------------------
[2023-10-01 09:51:19,757] {taskinstance.py:1063} INFO - Executing <Task(PostgresOperator): create_postgres_connection> on 2021-07-31T00:00:00+00:00
[2023-10-01 09:51:19,790] {standard_task_runner.py:52} INFO - Started process 42512 to run task
[2023-10-01 09:51:19,810] {standard_task_runner.py:76} INFO - Running: ['airflow', 'tasks', 'run', 'postgres_v1', 'create_postgres_connection', '2021-07-31T00:00:00+00:00', '--job-id', '2586', '--pool', 'default_pool', '--raw', '--subdir', 'DAGS_FOLDER/1_postgresql.py', '--cfg-path', '/tmp/tmp9wa9c7rk', '--error-file', '/tmp/tmpo9nqqrb8']
[2023-10-01 09:51:19,843] {standard_task_runner.py:77} INFO - Job 2586: Subtask create_postgres_connection
[2023-10-01 09:51:22,038] {logging_mixin.py:104} INFO - Running <TaskInstance: postgres_v1.create_postgres_connection 2021-07-31T00:00:00+00:00 [running]> on host d4ed655215d1
[2023-10-01 09:51:22,950] {taskinstance.py:1257} INFO - Exporting the following env vars:
AIRFLOW_CTX_DAG_OWNER=svastikkka
AIRFLOW_CTX_DAG_ID=postgres_v1
AIRFLOW_CTX_TASK_ID=create_postgres_connection
AIRFLOW_CTX_EXECUTION_DATE=2021-07-31T00:00:00+00:00
AIRFLOW_CTX_DAG_RUN_ID=scheduled__2021-07-31T00:00:00+00:00
[2023-10-01 09:51:22,957] {postgres.py:69} INFO - Executing: create table if not exists dags_run(
        dt  date,
        dag_id character varying,
        primary key (dt,dag_id)
        )
[2023-10-01 09:51:23,006] {base.py:74} INFO - Using connection to: id: posgres_testing. Host: host.docker.internal, Port: 5432, Schema: testing, Login: airflow, Password: XXXXXXXX, extra: None
[2023-10-01 09:51:23,590] {dbapi.py:180} INFO - Running statement: create table if not exists dags_run(
        dt  date,
        dag_id character varying,
        primary key (dt,dag_id)
        ), parameters: None
[2023-10-01 09:51:24,353] {dbapi.py:186} INFO - Rows affected: -1
[2023-10-01 09:51:24,434] {taskinstance.py:1166} INFO - Marking task as SUCCESS. dag_id=postgres_v1, task_id=create_postgres_connection, execution_date=20210731T000000, start_date=20231001T095119, end_date=20231001T095124
[2023-10-01 09:51:25,033] {taskinstance.py:1220} INFO - 0 downstream tasks scheduled from follow-on schedule check
[2023-10-01 09:51:25,069] {local_task_job.py:188} WARNING - State of this instance has been externally set to success. Terminating instance.
[2023-10-01 09:51:25,172] {process_utils.py:100} INFO - Sending Signals.SIGTERM to GPID 42512
[2023-10-01 09:51:25,201] {process_utils.py:66} INFO - Process psutil.Process(pid=42512, status='terminated', exitcode=0, started='09:51:19') (42512) terminated with exit code 0
