[2023-10-01 06:18:33,850] {taskinstance.py:851} INFO - Dependencies all met for <TaskInstance: our_fourth_dag_v4.second_task 2021-12-20T00:00:00+00:00 [queued]>
[2023-10-01 06:18:34,109] {taskinstance.py:851} INFO - Dependencies all met for <TaskInstance: our_fourth_dag_v4.second_task 2021-12-20T00:00:00+00:00 [queued]>
[2023-10-01 06:18:34,111] {taskinstance.py:1042} INFO - 
--------------------------------------------------------------------------------
[2023-10-01 06:18:34,113] {taskinstance.py:1043} INFO - Starting attempt 1 of 6
[2023-10-01 06:18:34,117] {taskinstance.py:1044} INFO - 
--------------------------------------------------------------------------------
[2023-10-01 06:18:34,311] {taskinstance.py:1063} INFO - Executing <Task(BashOperator): second_task> on 2021-12-20T00:00:00+00:00
[2023-10-01 06:18:34,358] {standard_task_runner.py:52} INFO - Started process 6058 to run task
[2023-10-01 06:18:34,452] {standard_task_runner.py:76} INFO - Running: ['airflow', 'tasks', 'run', 'our_fourth_dag_v4', 'second_task', '2021-12-20T00:00:00+00:00', '--job-id', '866', '--pool', 'default_pool', '--raw', '--subdir', 'DAGS_FOLDER/our_fourth_dag.py', '--cfg-path', '/tmp/tmpqsdo5b2k', '--error-file', '/tmp/tmpaxomhlfg']
[2023-10-01 06:18:34,671] {standard_task_runner.py:77} INFO - Job 866: Subtask second_task
[2023-10-01 06:18:35,793] {logging_mixin.py:104} INFO - Running <TaskInstance: our_fourth_dag_v4.second_task 2021-12-20T00:00:00+00:00 [running]> on host d4ed655215d1
[2023-10-01 06:18:36,528] {taskinstance.py:1257} INFO - Exporting the following env vars:
AIRFLOW_CTX_DAG_OWNER=svastikkka
AIRFLOW_CTX_DAG_ID=our_fourth_dag_v4
AIRFLOW_CTX_TASK_ID=second_task
AIRFLOW_CTX_EXECUTION_DATE=2021-12-20T00:00:00+00:00
AIRFLOW_CTX_DAG_RUN_ID=scheduled__2021-12-20T00:00:00+00:00
[2023-10-01 06:18:36,544] {bash.py:135} INFO - Tmp dir root location: 
 /tmp
[2023-10-01 06:18:36,605] {bash.py:158} INFO - Running command: echo hey, I am task2 and will be running after task1!
[2023-10-01 06:18:36,936] {bash.py:169} INFO - Output:
[2023-10-01 06:18:36,981] {bash.py:173} INFO - hey, I am task2 and will be running after task1!
[2023-10-01 06:18:36,995] {bash.py:177} INFO - Command exited with return code 0
[2023-10-01 06:18:37,386] {taskinstance.py:1166} INFO - Marking task as SUCCESS. dag_id=our_fourth_dag_v4, task_id=second_task, execution_date=20211220T000000, start_date=20231001T061833, end_date=20231001T061837
[2023-10-01 06:18:37,754] {taskinstance.py:1220} INFO - 0 downstream tasks scheduled from follow-on schedule check
[2023-10-01 06:18:37,868] {local_task_job.py:146} INFO - Task exited with return code 0
