[2023-10-01 08:08:48,706] {taskinstance.py:851} INFO - Dependencies all met for <TaskInstance: our_eight_dag_v8.greet 2021-08-12T00:00:00+00:00 [queued]>
[2023-10-01 08:08:49,723] {taskinstance.py:851} INFO - Dependencies all met for <TaskInstance: our_eight_dag_v8.greet 2021-08-12T00:00:00+00:00 [queued]>
[2023-10-01 08:08:49,730] {taskinstance.py:1042} INFO - 
--------------------------------------------------------------------------------
[2023-10-01 08:08:49,766] {taskinstance.py:1043} INFO - Starting attempt 1 of 6
[2023-10-01 08:08:49,774] {taskinstance.py:1044} INFO - 
--------------------------------------------------------------------------------
[2023-10-01 08:08:50,114] {taskinstance.py:1063} INFO - Executing <Task(PythonOperator): greet> on 2021-08-12T00:00:00+00:00
[2023-10-01 08:08:50,542] {standard_task_runner.py:52} INFO - Started process 24882 to run task
[2023-10-01 08:08:50,836] {standard_task_runner.py:76} INFO - Running: ['airflow', 'tasks', 'run', 'our_eight_dag_v8', 'greet', '2021-08-12T00:00:00+00:00', '--job-id', '2476', '--pool', 'default_pool', '--raw', '--subdir', 'DAGS_FOLDER/our_eight_dag.py', '--cfg-path', '/tmp/tmp_fdi716p', '--error-file', '/tmp/tmp15zzrl3_']
[2023-10-01 08:08:50,956] {standard_task_runner.py:77} INFO - Job 2476: Subtask greet
[2023-10-01 08:08:53,105] {logging_mixin.py:104} INFO - Running <TaskInstance: our_eight_dag_v8.greet 2021-08-12T00:00:00+00:00 [running]> on host d4ed655215d1
[2023-10-01 08:08:57,590] {taskinstance.py:1257} INFO - Exporting the following env vars:
AIRFLOW_CTX_DAG_OWNER=svastikkka
AIRFLOW_CTX_DAG_ID=our_eight_dag_v8
AIRFLOW_CTX_TASK_ID=greet
AIRFLOW_CTX_EXECUTION_DATE=2021-08-12T00:00:00+00:00
AIRFLOW_CTX_DAG_RUN_ID=scheduled__2021-08-12T00:00:00+00:00
[2023-10-01 08:08:58,023] {logging_mixin.py:104} INFO - Hello My name is Manshu Sharma and I am 21 years old.
[2023-10-01 08:08:58,028] {python.py:118} INFO - Done. Returned value was: None
[2023-10-01 08:08:58,170] {taskinstance.py:1166} INFO - Marking task as SUCCESS. dag_id=our_eight_dag_v8, task_id=greet, execution_date=20210812T000000, start_date=20231001T080848, end_date=20231001T080858
[2023-10-01 08:08:59,739] {taskinstance.py:1220} INFO - 0 downstream tasks scheduled from follow-on schedule check
[2023-10-01 08:08:59,899] {local_task_job.py:146} INFO - Task exited with return code 0
