[2023-10-01 07:46:56,490] {taskinstance.py:851} INFO - Dependencies all met for <TaskInstance: our_seventh_dag_v7.greet 2022-04-07T00:00:00+00:00 [queued]>
[2023-10-01 07:46:56,820] {taskinstance.py:851} INFO - Dependencies all met for <TaskInstance: our_seventh_dag_v7.greet 2022-04-07T00:00:00+00:00 [queued]>
[2023-10-01 07:46:56,826] {taskinstance.py:1042} INFO - 
--------------------------------------------------------------------------------
[2023-10-01 07:46:56,838] {taskinstance.py:1043} INFO - Starting attempt 1 of 6
[2023-10-01 07:46:56,844] {taskinstance.py:1044} INFO - 
--------------------------------------------------------------------------------
[2023-10-01 07:46:56,988] {taskinstance.py:1063} INFO - Executing <Task(PythonOperator): greet> on 2022-04-07T00:00:00+00:00
[2023-10-01 07:46:57,046] {standard_task_runner.py:52} INFO - Started process 20811 to run task
[2023-10-01 07:46:57,154] {standard_task_runner.py:76} INFO - Running: ['airflow', 'tasks', 'run', 'our_seventh_dag_v7', 'greet', '2022-04-07T00:00:00+00:00', '--job-id', '1842', '--pool', 'default_pool', '--raw', '--subdir', 'DAGS_FOLDER/our_seventh_dag.py', '--cfg-path', '/tmp/tmpz14pnr_5', '--error-file', '/tmp/tmpsfaa1tzk']
[2023-10-01 07:46:57,203] {standard_task_runner.py:77} INFO - Job 1842: Subtask greet
[2023-10-01 07:46:57,899] {logging_mixin.py:104} INFO - Running <TaskInstance: our_seventh_dag_v7.greet 2022-04-07T00:00:00+00:00 [running]> on host d4ed655215d1
[2023-10-01 07:46:58,589] {taskinstance.py:1257} INFO - Exporting the following env vars:
AIRFLOW_CTX_DAG_OWNER=svastikkka
AIRFLOW_CTX_DAG_ID=our_seventh_dag_v7
AIRFLOW_CTX_TASK_ID=greet
AIRFLOW_CTX_EXECUTION_DATE=2022-04-07T00:00:00+00:00
AIRFLOW_CTX_DAG_RUN_ID=scheduled__2022-04-07T00:00:00+00:00
[2023-10-01 07:46:58,788] {logging_mixin.py:104} INFO - Hello My name is Manshu Sharma and I am 26 years old.
[2023-10-01 07:46:58,794] {python.py:118} INFO - Done. Returned value was: None
[2023-10-01 07:46:58,899] {taskinstance.py:1166} INFO - Marking task as SUCCESS. dag_id=our_seventh_dag_v7, task_id=greet, execution_date=20220407T000000, start_date=20231001T074656, end_date=20231001T074658
[2023-10-01 07:47:00,752] {taskinstance.py:1220} INFO - 0 downstream tasks scheduled from follow-on schedule check
[2023-10-01 07:47:01,450] {local_task_job.py:146} INFO - Task exited with return code 0
