[2023-10-01 07:44:44,648] {taskinstance.py:851} INFO - Dependencies all met for <TaskInstance: our_seventh_dag_v7.get_name 2022-02-07T00:00:00+00:00 [queued]>
[2023-10-01 07:44:44,781] {taskinstance.py:851} INFO - Dependencies all met for <TaskInstance: our_seventh_dag_v7.get_name 2022-02-07T00:00:00+00:00 [queued]>
[2023-10-01 07:44:44,787] {taskinstance.py:1042} INFO - 
--------------------------------------------------------------------------------
[2023-10-01 07:44:44,791] {taskinstance.py:1043} INFO - Starting attempt 1 of 6
[2023-10-01 07:44:44,794] {taskinstance.py:1044} INFO - 
--------------------------------------------------------------------------------
[2023-10-01 07:44:44,902] {taskinstance.py:1063} INFO - Executing <Task(PythonOperator): get_name> on 2022-02-07T00:00:00+00:00
[2023-10-01 07:44:44,952] {standard_task_runner.py:52} INFO - Started process 20184 to run task
[2023-10-01 07:44:44,974] {standard_task_runner.py:76} INFO - Running: ['airflow', 'tasks', 'run', 'our_seventh_dag_v7', 'get_name', '2022-02-07T00:00:00+00:00', '--job-id', '1716', '--pool', 'default_pool', '--raw', '--subdir', 'DAGS_FOLDER/our_seventh_dag.py', '--cfg-path', '/tmp/tmp7b5w_yfe', '--error-file', '/tmp/tmp24pn2vs2']
[2023-10-01 07:44:45,050] {standard_task_runner.py:77} INFO - Job 1716: Subtask get_name
[2023-10-01 07:44:45,684] {logging_mixin.py:104} INFO - Running <TaskInstance: our_seventh_dag_v7.get_name 2022-02-07T00:00:00+00:00 [running]> on host d4ed655215d1
[2023-10-01 07:44:46,400] {taskinstance.py:1257} INFO - Exporting the following env vars:
AIRFLOW_CTX_DAG_OWNER=svastikkka
AIRFLOW_CTX_DAG_ID=our_seventh_dag_v7
AIRFLOW_CTX_TASK_ID=get_name
AIRFLOW_CTX_EXECUTION_DATE=2022-02-07T00:00:00+00:00
AIRFLOW_CTX_DAG_RUN_ID=scheduled__2022-02-07T00:00:00+00:00
[2023-10-01 07:44:46,938] {python.py:118} INFO - Done. Returned value was: None
[2023-10-01 07:44:47,035] {taskinstance.py:1166} INFO - Marking task as SUCCESS. dag_id=our_seventh_dag_v7, task_id=get_name, execution_date=20220207T000000, start_date=20231001T074444, end_date=20231001T074447
[2023-10-01 07:44:48,022] {taskinstance.py:1220} INFO - 0 downstream tasks scheduled from follow-on schedule check
[2023-10-01 07:44:48,984] {local_task_job.py:146} INFO - Task exited with return code 0
