[2023-10-01 09:17:54,078] {taskinstance.py:851} INFO - Dependencies all met for <TaskInstance: cron.first_task 2021-08-13T00:00:00+00:00 [queued]>
[2023-10-01 09:17:54,996] {taskinstance.py:851} INFO - Dependencies all met for <TaskInstance: cron.first_task 2021-08-13T00:00:00+00:00 [queued]>
[2023-10-01 09:17:55,000] {taskinstance.py:1042} INFO - 
--------------------------------------------------------------------------------
[2023-10-01 09:17:55,008] {taskinstance.py:1043} INFO - Starting attempt 1 of 6
[2023-10-01 09:17:55,011] {taskinstance.py:1044} INFO - 
--------------------------------------------------------------------------------
[2023-10-01 09:17:55,461] {taskinstance.py:1063} INFO - Executing <Task(BashOperator): first_task> on 2021-08-13T00:00:00+00:00
[2023-10-01 09:17:55,794] {standard_task_runner.py:52} INFO - Started process 34495 to run task
[2023-10-01 09:17:55,905] {standard_task_runner.py:76} INFO - Running: ['airflow', 'tasks', 'run', 'cron', 'first_task', '2021-08-13T00:00:00+00:00', '--job-id', '2505', '--pool', 'default_pool', '--raw', '--subdir', 'DAGS_FOLDER/cron.py', '--cfg-path', '/tmp/tmp4rgkzr0s', '--error-file', '/tmp/tmpr1e5ejrf']
[2023-10-01 09:17:55,927] {standard_task_runner.py:77} INFO - Job 2505: Subtask first_task
[2023-10-01 09:17:57,676] {logging_mixin.py:104} INFO - Running <TaskInstance: cron.first_task 2021-08-13T00:00:00+00:00 [running]> on host d4ed655215d1
[2023-10-01 09:17:59,182] {taskinstance.py:1257} INFO - Exporting the following env vars:
AIRFLOW_CTX_DAG_OWNER=svastikkka
AIRFLOW_CTX_DAG_ID=cron
AIRFLOW_CTX_TASK_ID=first_task
AIRFLOW_CTX_EXECUTION_DATE=2021-08-13T00:00:00+00:00
AIRFLOW_CTX_DAG_RUN_ID=scheduled__2021-08-13T00:00:00+00:00
[2023-10-01 09:17:59,188] {bash.py:135} INFO - Tmp dir root location: 
 /tmp
[2023-10-01 09:17:59,223] {bash.py:158} INFO - Running command: echo hello world, this is the first task!
[2023-10-01 09:17:59,320] {bash.py:169} INFO - Output:
[2023-10-01 09:17:59,334] {bash.py:173} INFO - hello world, this is the first task!
[2023-10-01 09:17:59,343] {bash.py:177} INFO - Command exited with return code 0
[2023-10-01 09:17:59,581] {taskinstance.py:1166} INFO - Marking task as SUCCESS. dag_id=cron, task_id=first_task, execution_date=20210813T000000, start_date=20231001T091754, end_date=20231001T091759
[2023-10-01 09:17:59,861] {taskinstance.py:1220} INFO - 0 downstream tasks scheduled from follow-on schedule check
[2023-10-01 09:18:00,040] {local_task_job.py:146} INFO - Task exited with return code 0
