[2023-10-01 06:17:50,437] {taskinstance.py:851} INFO - Dependencies all met for <TaskInstance: our_fourth_dag_v4.second_task 2021-12-05T00:00:00+00:00 [queued]>
[2023-10-01 06:17:50,909] {taskinstance.py:851} INFO - Dependencies all met for <TaskInstance: our_fourth_dag_v4.second_task 2021-12-05T00:00:00+00:00 [queued]>
[2023-10-01 06:17:50,913] {taskinstance.py:1042} INFO - 
--------------------------------------------------------------------------------
[2023-10-01 06:17:50,920] {taskinstance.py:1043} INFO - Starting attempt 1 of 6
[2023-10-01 06:17:50,926] {taskinstance.py:1044} INFO - 
--------------------------------------------------------------------------------
[2023-10-01 06:17:51,185] {taskinstance.py:1063} INFO - Executing <Task(BashOperator): second_task> on 2021-12-05T00:00:00+00:00
[2023-10-01 06:17:51,264] {standard_task_runner.py:52} INFO - Started process 5866 to run task
[2023-10-01 06:17:51,296] {standard_task_runner.py:76} INFO - Running: ['airflow', 'tasks', 'run', 'our_fourth_dag_v4', 'second_task', '2021-12-05T00:00:00+00:00', '--job-id', '822', '--pool', 'default_pool', '--raw', '--subdir', 'DAGS_FOLDER/our_fourth_dag.py', '--cfg-path', '/tmp/tmp003hmt78', '--error-file', '/tmp/tmpmb4wro1x']
[2023-10-01 06:17:51,476] {standard_task_runner.py:77} INFO - Job 822: Subtask second_task
[2023-10-01 06:17:52,339] {logging_mixin.py:104} INFO - Running <TaskInstance: our_fourth_dag_v4.second_task 2021-12-05T00:00:00+00:00 [running]> on host d4ed655215d1
[2023-10-01 06:17:53,212] {taskinstance.py:1257} INFO - Exporting the following env vars:
AIRFLOW_CTX_DAG_OWNER=svastikkka
AIRFLOW_CTX_DAG_ID=our_fourth_dag_v4
AIRFLOW_CTX_TASK_ID=second_task
AIRFLOW_CTX_EXECUTION_DATE=2021-12-05T00:00:00+00:00
AIRFLOW_CTX_DAG_RUN_ID=scheduled__2021-12-05T00:00:00+00:00
[2023-10-01 06:17:53,284] {bash.py:135} INFO - Tmp dir root location: 
 /tmp
[2023-10-01 06:17:53,298] {bash.py:158} INFO - Running command: echo hey, I am task2 and will be running after task1!
[2023-10-01 06:17:53,658] {bash.py:169} INFO - Output:
[2023-10-01 06:17:53,701] {bash.py:173} INFO - hey, I am task2 and will be running after task1!
[2023-10-01 06:17:53,704] {bash.py:177} INFO - Command exited with return code 0
[2023-10-01 06:17:54,099] {taskinstance.py:1166} INFO - Marking task as SUCCESS. dag_id=our_fourth_dag_v4, task_id=second_task, execution_date=20211205T000000, start_date=20231001T061750, end_date=20231001T061754
[2023-10-01 06:17:55,366] {taskinstance.py:1220} INFO - 0 downstream tasks scheduled from follow-on schedule check
[2023-10-01 06:17:55,543] {local_task_job.py:146} INFO - Task exited with return code 0
