[2023-10-01 07:43:12,175] {taskinstance.py:851} INFO - Dependencies all met for <TaskInstance: our_seventh_dag_v7.greet 2021-12-23T00:00:00+00:00 [queued]>
[2023-10-01 07:43:12,379] {taskinstance.py:851} INFO - Dependencies all met for <TaskInstance: our_seventh_dag_v7.greet 2021-12-23T00:00:00+00:00 [queued]>
[2023-10-01 07:43:12,383] {taskinstance.py:1042} INFO - 
--------------------------------------------------------------------------------
[2023-10-01 07:43:12,386] {taskinstance.py:1043} INFO - Starting attempt 1 of 6
[2023-10-01 07:43:12,390] {taskinstance.py:1044} INFO - 
--------------------------------------------------------------------------------
[2023-10-01 07:43:12,503] {taskinstance.py:1063} INFO - Executing <Task(PythonOperator): greet> on 2021-12-23T00:00:00+00:00
[2023-10-01 07:43:12,544] {standard_task_runner.py:52} INFO - Started process 19761 to run task
[2023-10-01 07:43:12,588] {standard_task_runner.py:76} INFO - Running: ['airflow', 'tasks', 'run', 'our_seventh_dag_v7', 'greet', '2021-12-23T00:00:00+00:00', '--job-id', '1631', '--pool', 'default_pool', '--raw', '--subdir', 'DAGS_FOLDER/our_seventh_dag.py', '--cfg-path', '/tmp/tmpwlj2ovpf', '--error-file', '/tmp/tmpjrkeglra']
[2023-10-01 07:43:12,663] {standard_task_runner.py:77} INFO - Job 1631: Subtask greet
[2023-10-01 07:43:13,401] {logging_mixin.py:104} INFO - Running <TaskInstance: our_seventh_dag_v7.greet 2021-12-23T00:00:00+00:00 [running]> on host d4ed655215d1
[2023-10-01 07:43:13,822] {taskinstance.py:1257} INFO - Exporting the following env vars:
AIRFLOW_CTX_DAG_OWNER=svastikkka
AIRFLOW_CTX_DAG_ID=our_seventh_dag_v7
AIRFLOW_CTX_TASK_ID=greet
AIRFLOW_CTX_EXECUTION_DATE=2021-12-23T00:00:00+00:00
AIRFLOW_CTX_DAG_RUN_ID=scheduled__2021-12-23T00:00:00+00:00
[2023-10-01 07:43:13,943] {logging_mixin.py:104} INFO - Hello My name is Manshu Sharma and I am 26 years old.
[2023-10-01 07:43:13,945] {python.py:118} INFO - Done. Returned value was: None
[2023-10-01 07:43:14,070] {taskinstance.py:1166} INFO - Marking task as SUCCESS. dag_id=our_seventh_dag_v7, task_id=greet, execution_date=20211223T000000, start_date=20231001T074312, end_date=20231001T074314
[2023-10-01 07:43:14,485] {taskinstance.py:1220} INFO - 0 downstream tasks scheduled from follow-on schedule check
[2023-10-01 07:43:14,673] {local_task_job.py:146} INFO - Task exited with return code 0
