[2023-10-01 06:02:37,451] {taskinstance.py:851} INFO - Dependencies all met for <TaskInstance: our_third_dag_v3.second_task 2021-10-20T00:00:00+00:00 [queued]>
[2023-10-01 06:02:37,733] {taskinstance.py:851} INFO - Dependencies all met for <TaskInstance: our_third_dag_v3.second_task 2021-10-20T00:00:00+00:00 [queued]>
[2023-10-01 06:02:37,744] {taskinstance.py:1042} INFO - 
--------------------------------------------------------------------------------
[2023-10-01 06:02:37,746] {taskinstance.py:1043} INFO - Starting attempt 1 of 6
[2023-10-01 06:02:37,754] {taskinstance.py:1044} INFO - 
--------------------------------------------------------------------------------
[2023-10-01 06:02:37,930] {taskinstance.py:1063} INFO - Executing <Task(BashOperator): second_task> on 2021-10-20T00:00:00+00:00
[2023-10-01 06:02:38,023] {standard_task_runner.py:52} INFO - Started process 3461 to run task
[2023-10-01 06:02:38,169] {standard_task_runner.py:76} INFO - Running: ['airflow', 'tasks', 'run', 'our_third_dag_v3', 'second_task', '2021-10-20T00:00:00+00:00', '--job-id', '402', '--pool', 'default_pool', '--raw', '--subdir', 'DAGS_FOLDER/our_third_dag.py', '--cfg-path', '/tmp/tmpke4sk6e0', '--error-file', '/tmp/tmppklcp6uf']
[2023-10-01 06:02:38,282] {standard_task_runner.py:77} INFO - Job 402: Subtask second_task
[2023-10-01 06:02:39,442] {logging_mixin.py:104} INFO - Running <TaskInstance: our_third_dag_v3.second_task 2021-10-20T00:00:00+00:00 [running]> on host d4ed655215d1
[2023-10-01 06:02:40,541] {taskinstance.py:1257} INFO - Exporting the following env vars:
AIRFLOW_CTX_DAG_OWNER=coder2j
AIRFLOW_CTX_DAG_ID=our_third_dag_v3
AIRFLOW_CTX_TASK_ID=second_task
AIRFLOW_CTX_EXECUTION_DATE=2021-10-20T00:00:00+00:00
AIRFLOW_CTX_DAG_RUN_ID=scheduled__2021-10-20T00:00:00+00:00
[2023-10-01 06:02:40,552] {bash.py:135} INFO - Tmp dir root location: 
 /tmp
[2023-10-01 06:02:40,575] {bash.py:158} INFO - Running command: echo hey, I am task2 and will be running after task1!
[2023-10-01 06:02:40,874] {bash.py:169} INFO - Output:
[2023-10-01 06:02:40,896] {bash.py:173} INFO - hey, I am task2 and will be running after task1!
[2023-10-01 06:02:40,919] {bash.py:177} INFO - Command exited with return code 0
[2023-10-01 06:02:41,175] {taskinstance.py:1166} INFO - Marking task as SUCCESS. dag_id=our_third_dag_v3, task_id=second_task, execution_date=20211020T000000, start_date=20231001T060237, end_date=20231001T060241
[2023-10-01 06:02:43,545] {local_task_job.py:188} WARNING - State of this instance has been externally set to success. Terminating instance.
[2023-10-01 06:02:43,627] {process_utils.py:100} INFO - Sending Signals.SIGTERM to GPID 3461
[2023-10-01 06:02:44,158] {taskinstance.py:1239} ERROR - Received SIGTERM. Terminating subprocesses.
[2023-10-01 06:02:44,160] {bash.py:185} INFO - Sending SIGTERM signal to bash process group
[2023-10-01 06:02:44,323] {process_utils.py:66} INFO - Process psutil.Process(pid=3461, status='terminated', exitcode=1, started='06:02:37') (3461) terminated with exit code 1
