[2023-10-01 07:58:29,273] {taskinstance.py:851} INFO - Dependencies all met for <TaskInstance: our_seventh_dag_v7.greet 2023-01-08T00:00:00+00:00 [queued]>
[2023-10-01 07:58:29,527] {taskinstance.py:851} INFO - Dependencies all met for <TaskInstance: our_seventh_dag_v7.greet 2023-01-08T00:00:00+00:00 [queued]>
[2023-10-01 07:58:29,550] {taskinstance.py:1042} INFO - 
--------------------------------------------------------------------------------
[2023-10-01 07:58:29,568] {taskinstance.py:1043} INFO - Starting attempt 1 of 6
[2023-10-01 07:58:29,575] {taskinstance.py:1044} INFO - 
--------------------------------------------------------------------------------
[2023-10-01 07:58:29,925] {taskinstance.py:1063} INFO - Executing <Task(PythonOperator): greet> on 2023-01-08T00:00:00+00:00
[2023-10-01 07:58:30,429] {standard_task_runner.py:52} INFO - Started process 23771 to run task
[2023-10-01 07:58:30,879] {standard_task_runner.py:76} INFO - Running: ['airflow', 'tasks', 'run', 'our_seventh_dag_v7', 'greet', '2023-01-08T00:00:00+00:00', '--job-id', '2393', '--pool', 'default_pool', '--raw', '--subdir', 'DAGS_FOLDER/our_seventh_dag.py', '--cfg-path', '/tmp/tmp2nq_i5s_', '--error-file', '/tmp/tmpda6xi7wx']
[2023-10-01 07:58:30,990] {standard_task_runner.py:77} INFO - Job 2393: Subtask greet
[2023-10-01 07:58:31,926] {logging_mixin.py:104} INFO - Running <TaskInstance: our_seventh_dag_v7.greet 2023-01-08T00:00:00+00:00 [running]> on host d4ed655215d1
[2023-10-01 07:58:32,473] {taskinstance.py:1257} INFO - Exporting the following env vars:
AIRFLOW_CTX_DAG_OWNER=svastikkka
AIRFLOW_CTX_DAG_ID=our_seventh_dag_v7
AIRFLOW_CTX_TASK_ID=greet
AIRFLOW_CTX_EXECUTION_DATE=2023-01-08T00:00:00+00:00
AIRFLOW_CTX_DAG_RUN_ID=scheduled__2023-01-08T00:00:00+00:00
[2023-10-01 07:58:32,681] {logging_mixin.py:104} INFO - Hello My name is Manshu Sharma and I am 26 years old.
[2023-10-01 07:58:32,685] {python.py:118} INFO - Done. Returned value was: None
[2023-10-01 07:58:32,807] {taskinstance.py:1166} INFO - Marking task as SUCCESS. dag_id=our_seventh_dag_v7, task_id=greet, execution_date=20230108T000000, start_date=20231001T075829, end_date=20231001T075832
[2023-10-01 07:58:33,199] {taskinstance.py:1220} INFO - 0 downstream tasks scheduled from follow-on schedule check
[2023-10-01 07:58:33,407] {local_task_job.py:146} INFO - Task exited with return code 0
