[2023-10-01 07:52:50,011] {taskinstance.py:851} INFO - Dependencies all met for <TaskInstance: our_seventh_dag_v7.greet 2022-10-03T00:00:00+00:00 [queued]>
[2023-10-01 07:52:50,197] {taskinstance.py:851} INFO - Dependencies all met for <TaskInstance: our_seventh_dag_v7.greet 2022-10-03T00:00:00+00:00 [queued]>
[2023-10-01 07:52:50,218] {taskinstance.py:1042} INFO - 
--------------------------------------------------------------------------------
[2023-10-01 07:52:50,220] {taskinstance.py:1043} INFO - Starting attempt 1 of 6
[2023-10-01 07:52:50,222] {taskinstance.py:1044} INFO - 
--------------------------------------------------------------------------------
[2023-10-01 07:52:50,330] {taskinstance.py:1063} INFO - Executing <Task(PythonOperator): greet> on 2022-10-03T00:00:00+00:00
[2023-10-01 07:52:50,368] {standard_task_runner.py:52} INFO - Started process 22550 to run task
[2023-10-01 07:52:50,421] {standard_task_runner.py:76} INFO - Running: ['airflow', 'tasks', 'run', 'our_seventh_dag_v7', 'greet', '2022-10-03T00:00:00+00:00', '--job-id', '2200', '--pool', 'default_pool', '--raw', '--subdir', 'DAGS_FOLDER/our_seventh_dag.py', '--cfg-path', '/tmp/tmpex2hlpna', '--error-file', '/tmp/tmpo13qjokm']
[2023-10-01 07:52:50,470] {standard_task_runner.py:77} INFO - Job 2200: Subtask greet
[2023-10-01 07:52:51,049] {logging_mixin.py:104} INFO - Running <TaskInstance: our_seventh_dag_v7.greet 2022-10-03T00:00:00+00:00 [running]> on host d4ed655215d1
[2023-10-01 07:52:51,620] {taskinstance.py:1257} INFO - Exporting the following env vars:
AIRFLOW_CTX_DAG_OWNER=svastikkka
AIRFLOW_CTX_DAG_ID=our_seventh_dag_v7
AIRFLOW_CTX_TASK_ID=greet
AIRFLOW_CTX_EXECUTION_DATE=2022-10-03T00:00:00+00:00
AIRFLOW_CTX_DAG_RUN_ID=scheduled__2022-10-03T00:00:00+00:00
[2023-10-01 07:52:51,759] {logging_mixin.py:104} INFO - Hello My name is Manshu Sharma and I am 26 years old.
[2023-10-01 07:52:51,769] {python.py:118} INFO - Done. Returned value was: None
[2023-10-01 07:52:51,954] {taskinstance.py:1166} INFO - Marking task as SUCCESS. dag_id=our_seventh_dag_v7, task_id=greet, execution_date=20221003T000000, start_date=20231001T075250, end_date=20231001T075251
[2023-10-01 07:52:53,785] {taskinstance.py:1220} INFO - 0 downstream tasks scheduled from follow-on schedule check
[2023-10-01 07:52:53,909] {local_task_job.py:146} INFO - Task exited with return code 0
