[2023-10-01 06:13:45,788] {taskinstance.py:851} INFO - Dependencies all met for <TaskInstance: our_fourth_dag_v4.second_task 2021-10-13T00:00:00+00:00 [queued]>
[2023-10-01 06:13:47,121] {taskinstance.py:851} INFO - Dependencies all met for <TaskInstance: our_fourth_dag_v4.second_task 2021-10-13T00:00:00+00:00 [queued]>
[2023-10-01 06:13:47,123] {taskinstance.py:1042} INFO - 
--------------------------------------------------------------------------------
[2023-10-01 06:13:47,124] {taskinstance.py:1043} INFO - Starting attempt 1 of 6
[2023-10-01 06:13:47,126] {taskinstance.py:1044} INFO - 
--------------------------------------------------------------------------------
[2023-10-01 06:13:47,249] {taskinstance.py:1063} INFO - Executing <Task(BashOperator): second_task> on 2021-10-13T00:00:00+00:00
[2023-10-01 06:13:47,283] {standard_task_runner.py:52} INFO - Started process 5049 to run task
[2023-10-01 06:13:47,934] {standard_task_runner.py:76} INFO - Running: ['airflow', 'tasks', 'run', 'our_fourth_dag_v4', 'second_task', '2021-10-13T00:00:00+00:00', '--job-id', '660', '--pool', 'default_pool', '--raw', '--subdir', 'DAGS_FOLDER/our_fourth_dag.py', '--cfg-path', '/tmp/tmpuxmoehq3', '--error-file', '/tmp/tmpiszof254']
[2023-10-01 06:13:48,068] {standard_task_runner.py:77} INFO - Job 660: Subtask second_task
[2023-10-01 06:13:49,767] {logging_mixin.py:104} INFO - Running <TaskInstance: our_fourth_dag_v4.second_task 2021-10-13T00:00:00+00:00 [running]> on host d4ed655215d1
[2023-10-01 06:13:51,216] {taskinstance.py:1257} INFO - Exporting the following env vars:
AIRFLOW_CTX_DAG_OWNER=svastikkka
AIRFLOW_CTX_DAG_ID=our_fourth_dag_v4
AIRFLOW_CTX_TASK_ID=second_task
AIRFLOW_CTX_EXECUTION_DATE=2021-10-13T00:00:00+00:00
AIRFLOW_CTX_DAG_RUN_ID=scheduled__2021-10-13T00:00:00+00:00
[2023-10-01 06:13:51,232] {bash.py:135} INFO - Tmp dir root location: 
 /tmp
[2023-10-01 06:13:51,243] {bash.py:158} INFO - Running command: echo hey, I am task2 and will be running after task1!
[2023-10-01 06:13:51,744] {bash.py:169} INFO - Output:
[2023-10-01 06:13:51,822] {bash.py:173} INFO - hey, I am task2 and will be running after task1!
[2023-10-01 06:13:51,841] {bash.py:177} INFO - Command exited with return code 0
[2023-10-01 06:13:52,424] {taskinstance.py:1166} INFO - Marking task as SUCCESS. dag_id=our_fourth_dag_v4, task_id=second_task, execution_date=20211013T000000, start_date=20231001T061345, end_date=20231001T061352
[2023-10-01 06:13:52,985] {taskinstance.py:1220} INFO - 0 downstream tasks scheduled from follow-on schedule check
[2023-10-01 06:13:53,194] {local_task_job.py:188} WARNING - State of this instance has been externally set to success. Terminating instance.
[2023-10-01 06:13:53,443] {process_utils.py:100} INFO - Sending Signals.SIGTERM to GPID 5049
[2023-10-01 06:13:53,450] {process_utils.py:66} INFO - Process psutil.Process(pid=5049, status='terminated', exitcode=0, started='06:13:47') (5049) terminated with exit code 0
