[2023-10-01 05:03:53,266] {taskinstance.py:851} INFO - Dependencies all met for <TaskInstance: our_first_dag_v1.first_task 2021-10-13T00:00:00+00:00 [queued]>
[2023-10-01 05:03:53,366] {taskinstance.py:851} INFO - Dependencies all met for <TaskInstance: our_first_dag_v1.first_task 2021-10-13T00:00:00+00:00 [queued]>
[2023-10-01 05:03:53,368] {taskinstance.py:1042} INFO - 
--------------------------------------------------------------------------------
[2023-10-01 05:03:53,370] {taskinstance.py:1043} INFO - Starting attempt 1 of 6
[2023-10-01 05:03:53,372] {taskinstance.py:1044} INFO - 
--------------------------------------------------------------------------------
[2023-10-01 05:03:53,429] {taskinstance.py:1063} INFO - Executing <Task(BashOperator): first_task> on 2021-10-13T00:00:00+00:00
[2023-10-01 05:03:53,526] {standard_task_runner.py:52} INFO - Started process 1257 to run task
[2023-10-01 05:03:53,617] {standard_task_runner.py:76} INFO - Running: ['airflow', 'tasks', 'run', 'our_first_dag_v1', 'first_task', '2021-10-13T00:00:00+00:00', '--job-id', '167', '--pool', 'default_pool', '--raw', '--subdir', 'DAGS_FOLDER/our_first_dag.py', '--cfg-path', '/tmp/tmp09318azs', '--error-file', '/tmp/tmp7hukby2z']
[2023-10-01 05:03:53,657] {standard_task_runner.py:77} INFO - Job 167: Subtask first_task
[2023-10-01 05:03:53,889] {logging_mixin.py:104} INFO - Running <TaskInstance: our_first_dag_v1.first_task 2021-10-13T00:00:00+00:00 [running]> on host c25e1f8124bc
[2023-10-01 05:03:54,349] {taskinstance.py:1257} INFO - Exporting the following env vars:
AIRFLOW_CTX_DAG_OWNER=coder2j
AIRFLOW_CTX_DAG_ID=our_first_dag_v1
AIRFLOW_CTX_TASK_ID=first_task
AIRFLOW_CTX_EXECUTION_DATE=2021-10-13T00:00:00+00:00
AIRFLOW_CTX_DAG_RUN_ID=scheduled__2021-10-13T00:00:00+00:00
[2023-10-01 05:03:54,359] {bash.py:135} INFO - Tmp dir root location: 
 /tmp
[2023-10-01 05:03:54,362] {bash.py:158} INFO - Running command: echo hello world, this is the first task!
[2023-10-01 05:03:54,581] {bash.py:169} INFO - Output:
[2023-10-01 05:03:54,597] {bash.py:173} INFO - hello world, this is the first task!
[2023-10-01 05:03:54,600] {bash.py:177} INFO - Command exited with return code 0
[2023-10-01 05:03:54,897] {taskinstance.py:1166} INFO - Marking task as SUCCESS. dag_id=our_first_dag_v1, task_id=first_task, execution_date=20211013T000000, start_date=20231001T050353, end_date=20231001T050354
[2023-10-01 05:03:55,293] {taskinstance.py:1220} INFO - 0 downstream tasks scheduled from follow-on schedule check
[2023-10-01 05:03:55,383] {local_task_job.py:146} INFO - Task exited with return code 0
[2023-10-01 05:20:03,251] {taskinstance.py:851} INFO - Dependencies all met for <TaskInstance: our_first_dag_v1.first_task 2021-10-13T00:00:00+00:00 [queued]>
[2023-10-01 05:20:03,360] {taskinstance.py:851} INFO - Dependencies all met for <TaskInstance: our_first_dag_v1.first_task 2021-10-13T00:00:00+00:00 [queued]>
[2023-10-01 05:20:03,362] {taskinstance.py:1042} INFO - 
--------------------------------------------------------------------------------
[2023-10-01 05:20:03,365] {taskinstance.py:1043} INFO - Starting attempt 1 of 6
[2023-10-01 05:20:03,367] {taskinstance.py:1044} INFO - 
--------------------------------------------------------------------------------
[2023-10-01 05:20:03,477] {taskinstance.py:1063} INFO - Executing <Task(BashOperator): first_task> on 2021-10-13T00:00:00+00:00
[2023-10-01 05:20:03,498] {standard_task_runner.py:52} INFO - Started process 484 to run task
[2023-10-01 05:20:03,539] {standard_task_runner.py:76} INFO - Running: ['airflow', 'tasks', 'run', 'our_first_dag_v1', 'first_task', '2021-10-13T00:00:00+00:00', '--job-id', '77', '--pool', 'default_pool', '--raw', '--subdir', 'DAGS_FOLDER/our_first_dag.py', '--cfg-path', '/tmp/tmpejp4hct4', '--error-file', '/tmp/tmphk9evioa']
[2023-10-01 05:20:03,561] {standard_task_runner.py:77} INFO - Job 77: Subtask first_task
[2023-10-01 05:20:04,004] {logging_mixin.py:104} INFO - Running <TaskInstance: our_first_dag_v1.first_task 2021-10-13T00:00:00+00:00 [running]> on host d4ed655215d1
[2023-10-01 05:20:04,349] {taskinstance.py:1257} INFO - Exporting the following env vars:
AIRFLOW_CTX_DAG_OWNER=coder2j
AIRFLOW_CTX_DAG_ID=our_first_dag_v1
AIRFLOW_CTX_TASK_ID=first_task
AIRFLOW_CTX_EXECUTION_DATE=2021-10-13T00:00:00+00:00
AIRFLOW_CTX_DAG_RUN_ID=scheduled__2021-10-13T00:00:00+00:00
[2023-10-01 05:20:04,353] {bash.py:135} INFO - Tmp dir root location: 
 /tmp
[2023-10-01 05:20:04,366] {bash.py:158} INFO - Running command: echo hello world, this is the first task!
[2023-10-01 05:20:04,451] {bash.py:169} INFO - Output:
[2023-10-01 05:20:04,467] {bash.py:173} INFO - hello world, this is the first task!
[2023-10-01 05:20:04,501] {bash.py:177} INFO - Command exited with return code 0
[2023-10-01 05:20:04,856] {taskinstance.py:1166} INFO - Marking task as SUCCESS. dag_id=our_first_dag_v1, task_id=first_task, execution_date=20211013T000000, start_date=20231001T052003, end_date=20231001T052004
[2023-10-01 05:20:05,427] {taskinstance.py:1220} INFO - 0 downstream tasks scheduled from follow-on schedule check
[2023-10-01 05:20:05,602] {local_task_job.py:146} INFO - Task exited with return code 0
