[2023-10-01 05:02:28,349] {taskinstance.py:851} INFO - Dependencies all met for <TaskInstance: our_first_dag_v1.first_task 2021-08-17T00:00:00+00:00 [queued]>
[2023-10-01 05:02:28,522] {taskinstance.py:851} INFO - Dependencies all met for <TaskInstance: our_first_dag_v1.first_task 2021-08-17T00:00:00+00:00 [queued]>
[2023-10-01 05:02:28,528] {taskinstance.py:1042} INFO - 
--------------------------------------------------------------------------------
[2023-10-01 05:02:28,534] {taskinstance.py:1043} INFO - Starting attempt 1 of 6
[2023-10-01 05:02:28,537] {taskinstance.py:1044} INFO - 
--------------------------------------------------------------------------------
[2023-10-01 05:02:28,719] {taskinstance.py:1063} INFO - Executing <Task(BashOperator): first_task> on 2021-08-17T00:00:00+00:00
[2023-10-01 05:02:28,750] {standard_task_runner.py:52} INFO - Started process 1049 to run task
[2023-10-01 05:02:28,825] {standard_task_runner.py:76} INFO - Running: ['airflow', 'tasks', 'run', 'our_first_dag_v1', 'first_task', '2021-08-17T00:00:00+00:00', '--job-id', '110', '--pool', 'default_pool', '--raw', '--subdir', 'DAGS_FOLDER/our_first_dag.py', '--cfg-path', '/tmp/tmpnltlndg7', '--error-file', '/tmp/tmp_uzh8bhr']
[2023-10-01 05:02:28,858] {standard_task_runner.py:77} INFO - Job 110: Subtask first_task
[2023-10-01 05:02:29,389] {logging_mixin.py:104} INFO - Running <TaskInstance: our_first_dag_v1.first_task 2021-08-17T00:00:00+00:00 [running]> on host c25e1f8124bc
[2023-10-01 05:02:29,787] {taskinstance.py:1257} INFO - Exporting the following env vars:
AIRFLOW_CTX_DAG_OWNER=coder2j
AIRFLOW_CTX_DAG_ID=our_first_dag_v1
AIRFLOW_CTX_TASK_ID=first_task
AIRFLOW_CTX_EXECUTION_DATE=2021-08-17T00:00:00+00:00
AIRFLOW_CTX_DAG_RUN_ID=scheduled__2021-08-17T00:00:00+00:00
[2023-10-01 05:02:29,799] {bash.py:135} INFO - Tmp dir root location: 
 /tmp
[2023-10-01 05:02:29,803] {bash.py:158} INFO - Running command: echo hello world, this is the first task!
[2023-10-01 05:02:29,953] {bash.py:169} INFO - Output:
[2023-10-01 05:02:29,977] {bash.py:173} INFO - hello world, this is the first task!
[2023-10-01 05:02:30,005] {bash.py:177} INFO - Command exited with return code 0
[2023-10-01 05:02:30,215] {taskinstance.py:1166} INFO - Marking task as SUCCESS. dag_id=our_first_dag_v1, task_id=first_task, execution_date=20210817T000000, start_date=20231001T050228, end_date=20231001T050230
[2023-10-01 05:02:30,430] {taskinstance.py:1220} INFO - 0 downstream tasks scheduled from follow-on schedule check
[2023-10-01 05:02:30,549] {local_task_job.py:146} INFO - Task exited with return code 0
[2023-10-01 05:18:37,163] {taskinstance.py:851} INFO - Dependencies all met for <TaskInstance: our_first_dag_v1.first_task 2021-08-17T00:00:00+00:00 [queued]>
[2023-10-01 05:18:37,504] {taskinstance.py:851} INFO - Dependencies all met for <TaskInstance: our_first_dag_v1.first_task 2021-08-17T00:00:00+00:00 [queued]>
[2023-10-01 05:18:37,508] {taskinstance.py:1042} INFO - 
--------------------------------------------------------------------------------
[2023-10-01 05:18:37,510] {taskinstance.py:1043} INFO - Starting attempt 1 of 6
[2023-10-01 05:18:37,515] {taskinstance.py:1044} INFO - 
--------------------------------------------------------------------------------
[2023-10-01 05:18:37,855] {taskinstance.py:1063} INFO - Executing <Task(BashOperator): first_task> on 2021-08-17T00:00:00+00:00
[2023-10-01 05:18:37,932] {standard_task_runner.py:52} INFO - Started process 285 to run task
[2023-10-01 05:18:38,198] {standard_task_runner.py:76} INFO - Running: ['airflow', 'tasks', 'run', 'our_first_dag_v1', 'first_task', '2021-08-17T00:00:00+00:00', '--job-id', '20', '--pool', 'default_pool', '--raw', '--subdir', 'DAGS_FOLDER/our_first_dag.py', '--cfg-path', '/tmp/tmp44rt8u3g', '--error-file', '/tmp/tmpc3ohpczj']
[2023-10-01 05:18:40,009] {standard_task_runner.py:77} INFO - Job 20: Subtask first_task
[2023-10-01 05:18:49,686] {logging_mixin.py:104} INFO - Running <TaskInstance: our_first_dag_v1.first_task 2021-08-17T00:00:00+00:00 [running]> on host d4ed655215d1
[2023-10-01 05:18:51,168] {taskinstance.py:1257} INFO - Exporting the following env vars:
AIRFLOW_CTX_DAG_OWNER=coder2j
AIRFLOW_CTX_DAG_ID=our_first_dag_v1
AIRFLOW_CTX_TASK_ID=first_task
AIRFLOW_CTX_EXECUTION_DATE=2021-08-17T00:00:00+00:00
AIRFLOW_CTX_DAG_RUN_ID=scheduled__2021-08-17T00:00:00+00:00
[2023-10-01 05:18:51,195] {bash.py:135} INFO - Tmp dir root location: 
 /tmp
[2023-10-01 05:18:51,202] {bash.py:158} INFO - Running command: echo hello world, this is the first task!
[2023-10-01 05:18:51,529] {bash.py:169} INFO - Output:
[2023-10-01 05:18:51,607] {bash.py:173} INFO - hello world, this is the first task!
[2023-10-01 05:18:51,609] {bash.py:177} INFO - Command exited with return code 0
[2023-10-01 05:18:51,975] {taskinstance.py:1166} INFO - Marking task as SUCCESS. dag_id=our_first_dag_v1, task_id=first_task, execution_date=20210817T000000, start_date=20231001T051837, end_date=20231001T051851
[2023-10-01 05:18:52,722] {taskinstance.py:1220} INFO - 0 downstream tasks scheduled from follow-on schedule check
[2023-10-01 05:18:52,901] {local_task_job.py:146} INFO - Task exited with return code 0
