[2023-10-01 10:06:19,381] {taskinstance.py:851} INFO - Dependencies all met for <TaskInstance: postgres_v1.create_postgres_connection 2021-09-06T00:00:00+00:00 [queued]>
[2023-10-01 10:06:19,622] {taskinstance.py:851} INFO - Dependencies all met for <TaskInstance: postgres_v1.create_postgres_connection 2021-09-06T00:00:00+00:00 [queued]>
[2023-10-01 10:06:19,625] {taskinstance.py:1042} INFO - 
--------------------------------------------------------------------------------
[2023-10-01 10:06:19,629] {taskinstance.py:1043} INFO - Starting attempt 1 of 6
[2023-10-01 10:06:19,631] {taskinstance.py:1044} INFO - 
--------------------------------------------------------------------------------
[2023-10-01 10:06:19,874] {taskinstance.py:1063} INFO - Executing <Task(PostgresOperator): create_postgres_connection> on 2021-09-06T00:00:00+00:00
[2023-10-01 10:06:19,932] {standard_task_runner.py:52} INFO - Started process 45840 to run task
[2023-10-01 10:06:20,210] {standard_task_runner.py:76} INFO - Running: ['airflow', 'tasks', 'run', 'postgres_v1', 'create_postgres_connection', '2021-09-06T00:00:00+00:00', '--job-id', '2682', '--pool', 'default_pool', '--raw', '--subdir', 'DAGS_FOLDER/1_postgresql.py', '--cfg-path', '/tmp/tmp7j7sidc6', '--error-file', '/tmp/tmpkjv2z1_i']
[2023-10-01 10:06:20,668] {standard_task_runner.py:77} INFO - Job 2682: Subtask create_postgres_connection
[2023-10-01 10:06:22,830] {logging_mixin.py:104} INFO - Running <TaskInstance: postgres_v1.create_postgres_connection 2021-09-06T00:00:00+00:00 [running]> on host d4ed655215d1
[2023-10-01 10:06:23,430] {taskinstance.py:1257} INFO - Exporting the following env vars:
AIRFLOW_CTX_DAG_OWNER=svastikkka
AIRFLOW_CTX_DAG_ID=postgres_v1
AIRFLOW_CTX_TASK_ID=create_postgres_connection
AIRFLOW_CTX_EXECUTION_DATE=2021-09-06T00:00:00+00:00
AIRFLOW_CTX_DAG_RUN_ID=scheduled__2021-09-06T00:00:00+00:00
[2023-10-01 10:06:23,444] {postgres.py:69} INFO - Executing: create table if not exists dags_run(
        dt  date,
        dag_id character varying,
        primary key (dt,dag_id)
        )
[2023-10-01 10:06:23,548] {base.py:74} INFO - Using connection to: id: posgres_testing. Host: host.docker.internal, Port: 5432, Schema: testing, Login: airflow, Password: XXXXXXXX, extra: None
[2023-10-01 10:06:23,606] {dbapi.py:180} INFO - Running statement: create table if not exists dags_run(
        dt  date,
        dag_id character varying,
        primary key (dt,dag_id)
        ), parameters: None
[2023-10-01 10:06:23,619] {dbapi.py:186} INFO - Rows affected: -1
[2023-10-01 10:06:23,627] {postgres.py:73} INFO - NOTICE:  relation "dags_run" already exists, skipping

[2023-10-01 10:06:23,703] {taskinstance.py:1166} INFO - Marking task as SUCCESS. dag_id=postgres_v1, task_id=create_postgres_connection, execution_date=20210906T000000, start_date=20231001T100619, end_date=20231001T100623
[2023-10-01 10:06:25,570] {taskinstance.py:1220} INFO - 1 downstream tasks scheduled from follow-on schedule check
[2023-10-01 10:06:25,796] {local_task_job.py:188} WARNING - State of this instance has been externally set to success. Terminating instance.
[2023-10-01 10:06:25,933] {process_utils.py:100} INFO - Sending Signals.SIGTERM to GPID 45840
[2023-10-01 10:06:25,955] {process_utils.py:66} INFO - Process psutil.Process(pid=45840, status='terminated', exitcode=0, started='10:06:19') (45840) terminated with exit code 0
