[2023-10-01 06:56:52,075] {taskinstance.py:851} INFO - Dependencies all met for <TaskInstance: our_sixth_dag_v6.greet 2021-12-02T00:00:00+00:00 [queued]>
[2023-10-01 06:56:52,578] {taskinstance.py:851} INFO - Dependencies all met for <TaskInstance: our_sixth_dag_v6.greet 2021-12-02T00:00:00+00:00 [queued]>
[2023-10-01 06:56:52,589] {taskinstance.py:1042} INFO - 
--------------------------------------------------------------------------------
[2023-10-01 06:56:52,594] {taskinstance.py:1043} INFO - Starting attempt 1 of 6
[2023-10-01 06:56:52,607] {taskinstance.py:1044} INFO - 
--------------------------------------------------------------------------------
[2023-10-01 06:56:53,041] {taskinstance.py:1063} INFO - Executing <Task(PythonOperator): greet> on 2021-12-02T00:00:00+00:00
[2023-10-01 06:56:53,206] {standard_task_runner.py:52} INFO - Started process 11525 to run task
[2023-10-01 06:56:53,367] {standard_task_runner.py:76} INFO - Running: ['airflow', 'tasks', 'run', 'our_sixth_dag_v6', 'greet', '2021-12-02T00:00:00+00:00', '--job-id', '1308', '--pool', 'default_pool', '--raw', '--subdir', 'DAGS_FOLDER/our_sixth_dag.py', '--cfg-path', '/tmp/tmpq0ig0jjl', '--error-file', '/tmp/tmpci2uvgc_']
[2023-10-01 06:56:53,541] {standard_task_runner.py:77} INFO - Job 1308: Subtask greet
[2023-10-01 06:56:54,478] {logging_mixin.py:104} INFO - Running <TaskInstance: our_sixth_dag_v6.greet 2021-12-02T00:00:00+00:00 [running]> on host d4ed655215d1
[2023-10-01 06:56:55,586] {taskinstance.py:1257} INFO - Exporting the following env vars:
AIRFLOW_CTX_DAG_OWNER=svastikkka
AIRFLOW_CTX_DAG_ID=our_sixth_dag_v6
AIRFLOW_CTX_TASK_ID=greet
AIRFLOW_CTX_EXECUTION_DATE=2021-12-02T00:00:00+00:00
AIRFLOW_CTX_DAG_RUN_ID=scheduled__2021-12-02T00:00:00+00:00
[2023-10-01 06:56:55,954] {logging_mixin.py:104} INFO - Hello My name is Manshu and I am 26 years old.
[2023-10-01 06:56:55,968] {python.py:118} INFO - Done. Returned value was: None
[2023-10-01 06:56:56,176] {taskinstance.py:1166} INFO - Marking task as SUCCESS. dag_id=our_sixth_dag_v6, task_id=greet, execution_date=20211202T000000, start_date=20231001T065652, end_date=20231001T065656
[2023-10-01 06:56:56,777] {taskinstance.py:1220} INFO - 0 downstream tasks scheduled from follow-on schedule check
[2023-10-01 06:56:57,027] {local_task_job.py:146} INFO - Task exited with return code 0
