[2023-10-01 07:39:09,615] {taskinstance.py:851} INFO - Dependencies all met for <TaskInstance: our_seventh_dag_v7.get_name 2021-09-21T00:00:00+00:00 [queued]>
[2023-10-01 07:39:09,864] {taskinstance.py:851} INFO - Dependencies all met for <TaskInstance: our_seventh_dag_v7.get_name 2021-09-21T00:00:00+00:00 [queued]>
[2023-10-01 07:39:09,879] {taskinstance.py:1042} INFO - 
--------------------------------------------------------------------------------
[2023-10-01 07:39:09,885] {taskinstance.py:1043} INFO - Starting attempt 1 of 6
[2023-10-01 07:39:09,903] {taskinstance.py:1044} INFO - 
--------------------------------------------------------------------------------
[2023-10-01 07:39:10,227] {taskinstance.py:1063} INFO - Executing <Task(PythonOperator): get_name> on 2021-09-21T00:00:00+00:00
[2023-10-01 07:39:10,289] {standard_task_runner.py:52} INFO - Started process 18706 to run task
[2023-10-01 07:39:10,450] {standard_task_runner.py:76} INFO - Running: ['airflow', 'tasks', 'run', 'our_seventh_dag_v7', 'get_name', '2021-09-21T00:00:00+00:00', '--job-id', '1438', '--pool', 'default_pool', '--raw', '--subdir', 'DAGS_FOLDER/our_seventh_dag.py', '--cfg-path', '/tmp/tmpj08wwwn4', '--error-file', '/tmp/tmp1vn9p4kt']
[2023-10-01 07:39:10,518] {standard_task_runner.py:77} INFO - Job 1438: Subtask get_name
[2023-10-01 07:39:11,163] {logging_mixin.py:104} INFO - Running <TaskInstance: our_seventh_dag_v7.get_name 2021-09-21T00:00:00+00:00 [running]> on host d4ed655215d1
[2023-10-01 07:39:12,036] {taskinstance.py:1257} INFO - Exporting the following env vars:
AIRFLOW_CTX_DAG_OWNER=svastikkka
AIRFLOW_CTX_DAG_ID=our_seventh_dag_v7
AIRFLOW_CTX_TASK_ID=get_name
AIRFLOW_CTX_EXECUTION_DATE=2021-09-21T00:00:00+00:00
AIRFLOW_CTX_DAG_RUN_ID=scheduled__2021-09-21T00:00:00+00:00
[2023-10-01 07:39:12,341] {python.py:118} INFO - Done. Returned value was: None
[2023-10-01 07:39:12,587] {taskinstance.py:1166} INFO - Marking task as SUCCESS. dag_id=our_seventh_dag_v7, task_id=get_name, execution_date=20210921T000000, start_date=20231001T073909, end_date=20231001T073912
[2023-10-01 07:39:16,674] {taskinstance.py:1220} INFO - 0 downstream tasks scheduled from follow-on schedule check
[2023-10-01 07:39:17,138] {local_task_job.py:188} WARNING - State of this instance has been externally set to success. Terminating instance.
[2023-10-01 07:39:17,352] {process_utils.py:100} INFO - Sending Signals.SIGTERM to GPID 18706
[2023-10-01 07:39:17,364] {process_utils.py:66} INFO - Process psutil.Process(pid=18706, status='terminated', exitcode=0, started='07:39:09') (18706) terminated with exit code 0
