[2023-10-01 06:09:52,291] {taskinstance.py:851} INFO - Dependencies all met for <TaskInstance: our_fourth_dag_v4.thrid_task 2021-08-19T00:00:00+00:00 [queued]>
[2023-10-01 06:09:52,801] {taskinstance.py:851} INFO - Dependencies all met for <TaskInstance: our_fourth_dag_v4.thrid_task 2021-08-19T00:00:00+00:00 [queued]>
[2023-10-01 06:09:52,816] {taskinstance.py:1042} INFO - 
--------------------------------------------------------------------------------
[2023-10-01 06:09:52,817] {taskinstance.py:1043} INFO - Starting attempt 1 of 6
[2023-10-01 06:09:52,819] {taskinstance.py:1044} INFO - 
--------------------------------------------------------------------------------
[2023-10-01 06:09:53,242] {taskinstance.py:1063} INFO - Executing <Task(BashOperator): thrid_task> on 2021-08-19T00:00:00+00:00
[2023-10-01 06:09:53,480] {standard_task_runner.py:52} INFO - Started process 4234 to run task
[2023-10-01 06:09:53,746] {standard_task_runner.py:76} INFO - Running: ['airflow', 'tasks', 'run', 'our_fourth_dag_v4', 'thrid_task', '2021-08-19T00:00:00+00:00', '--job-id', '497', '--pool', 'default_pool', '--raw', '--subdir', 'DAGS_FOLDER/our_fourth_dag.py', '--cfg-path', '/tmp/tmpwot2f1bx', '--error-file', '/tmp/tmpgey32sir']
[2023-10-01 06:09:53,850] {standard_task_runner.py:77} INFO - Job 497: Subtask thrid_task
[2023-10-01 06:09:55,729] {logging_mixin.py:104} INFO - Running <TaskInstance: our_fourth_dag_v4.thrid_task 2021-08-19T00:00:00+00:00 [running]> on host d4ed655215d1
[2023-10-01 06:09:57,101] {taskinstance.py:1257} INFO - Exporting the following env vars:
AIRFLOW_CTX_DAG_OWNER=svastikkka
AIRFLOW_CTX_DAG_ID=our_fourth_dag_v4
AIRFLOW_CTX_TASK_ID=thrid_task
AIRFLOW_CTX_EXECUTION_DATE=2021-08-19T00:00:00+00:00
AIRFLOW_CTX_DAG_RUN_ID=scheduled__2021-08-19T00:00:00+00:00
[2023-10-01 06:09:57,130] {bash.py:135} INFO - Tmp dir root location: 
 /tmp
[2023-10-01 06:09:57,162] {bash.py:158} INFO - Running command: echo hey, I am task3 and will be running after task1 at the same time as task2!
[2023-10-01 06:09:57,403] {bash.py:169} INFO - Output:
[2023-10-01 06:09:57,444] {bash.py:173} INFO - hey, I am task3 and will be running after task1 at the same time as task2!
[2023-10-01 06:09:57,478] {bash.py:177} INFO - Command exited with return code 0
[2023-10-01 06:09:58,024] {taskinstance.py:1166} INFO - Marking task as SUCCESS. dag_id=our_fourth_dag_v4, task_id=thrid_task, execution_date=20210819T000000, start_date=20231001T060952, end_date=20231001T060958
[2023-10-01 06:09:59,956] {local_task_job.py:188} WARNING - State of this instance has been externally set to success. Terminating instance.
[2023-10-01 06:10:00,146] {process_utils.py:100} INFO - Sending Signals.SIGTERM to GPID 4234
[2023-10-01 06:10:00,310] {taskinstance.py:1239} ERROR - Received SIGTERM. Terminating subprocesses.
[2023-10-01 06:10:00,351] {bash.py:185} INFO - Sending SIGTERM signal to bash process group
[2023-10-01 06:10:01,344] {process_utils.py:66} INFO - Process psutil.Process(pid=4234, status='terminated', exitcode=1, started='06:09:53') (4234) terminated with exit code 1
