[2023-10-01 06:10:18,412] {taskinstance.py:851} INFO - Dependencies all met for <TaskInstance: our_fourth_dag_v4.thrid_task 2021-08-25T00:00:00+00:00 [queued]>
[2023-10-01 06:10:18,597] {taskinstance.py:851} INFO - Dependencies all met for <TaskInstance: our_fourth_dag_v4.thrid_task 2021-08-25T00:00:00+00:00 [queued]>
[2023-10-01 06:10:18,599] {taskinstance.py:1042} INFO - 
--------------------------------------------------------------------------------
[2023-10-01 06:10:18,600] {taskinstance.py:1043} INFO - Starting attempt 1 of 6
[2023-10-01 06:10:18,602] {taskinstance.py:1044} INFO - 
--------------------------------------------------------------------------------
[2023-10-01 06:10:18,680] {taskinstance.py:1063} INFO - Executing <Task(BashOperator): thrid_task> on 2021-08-25T00:00:00+00:00
[2023-10-01 06:10:18,759] {standard_task_runner.py:52} INFO - Started process 4329 to run task
[2023-10-01 06:10:18,814] {standard_task_runner.py:76} INFO - Running: ['airflow', 'tasks', 'run', 'our_fourth_dag_v4', 'thrid_task', '2021-08-25T00:00:00+00:00', '--job-id', '516', '--pool', 'default_pool', '--raw', '--subdir', 'DAGS_FOLDER/our_fourth_dag.py', '--cfg-path', '/tmp/tmp9k3zvaol', '--error-file', '/tmp/tmpv1ehlr06']
[2023-10-01 06:10:18,866] {standard_task_runner.py:77} INFO - Job 516: Subtask thrid_task
[2023-10-01 06:10:19,948] {logging_mixin.py:104} INFO - Running <TaskInstance: our_fourth_dag_v4.thrid_task 2021-08-25T00:00:00+00:00 [running]> on host d4ed655215d1
[2023-10-01 06:10:21,426] {taskinstance.py:1257} INFO - Exporting the following env vars:
AIRFLOW_CTX_DAG_OWNER=svastikkka
AIRFLOW_CTX_DAG_ID=our_fourth_dag_v4
AIRFLOW_CTX_TASK_ID=thrid_task
AIRFLOW_CTX_EXECUTION_DATE=2021-08-25T00:00:00+00:00
AIRFLOW_CTX_DAG_RUN_ID=scheduled__2021-08-25T00:00:00+00:00
[2023-10-01 06:10:21,429] {bash.py:135} INFO - Tmp dir root location: 
 /tmp
[2023-10-01 06:10:21,456] {bash.py:158} INFO - Running command: echo hey, I am task3 and will be running after task1 at the same time as task2!
[2023-10-01 06:10:21,802] {bash.py:169} INFO - Output:
[2023-10-01 06:10:21,887] {bash.py:173} INFO - hey, I am task3 and will be running after task1 at the same time as task2!
[2023-10-01 06:10:21,917] {bash.py:177} INFO - Command exited with return code 0
[2023-10-01 06:10:22,286] {taskinstance.py:1166} INFO - Marking task as SUCCESS. dag_id=our_fourth_dag_v4, task_id=thrid_task, execution_date=20210825T000000, start_date=20231001T061018, end_date=20231001T061022
[2023-10-01 06:10:24,349] {local_task_job.py:188} WARNING - State of this instance has been externally set to success. Terminating instance.
[2023-10-01 06:10:24,493] {process_utils.py:100} INFO - Sending Signals.SIGTERM to GPID 4329
[2023-10-01 06:10:24,553] {taskinstance.py:1239} ERROR - Received SIGTERM. Terminating subprocesses.
[2023-10-01 06:10:24,555] {bash.py:185} INFO - Sending SIGTERM signal to bash process group
[2023-10-01 06:10:24,850] {process_utils.py:66} INFO - Process psutil.Process(pid=4329, status='terminated', exitcode=1, started='06:10:18') (4329) terminated with exit code 1
