[2023-10-01 07:59:12,158] {taskinstance.py:851} INFO - Dependencies all met for <TaskInstance: our_seventh_dag_v7.greet 2023-01-16T00:00:00+00:00 [queued]>
[2023-10-01 07:59:12,985] {taskinstance.py:851} INFO - Dependencies all met for <TaskInstance: our_seventh_dag_v7.greet 2023-01-16T00:00:00+00:00 [queued]>
[2023-10-01 07:59:12,987] {taskinstance.py:1042} INFO - 
--------------------------------------------------------------------------------
[2023-10-01 07:59:13,016] {taskinstance.py:1043} INFO - Starting attempt 1 of 6
[2023-10-01 07:59:13,018] {taskinstance.py:1044} INFO - 
--------------------------------------------------------------------------------
[2023-10-01 07:59:13,222] {taskinstance.py:1063} INFO - Executing <Task(PythonOperator): greet> on 2023-01-16T00:00:00+00:00
[2023-10-01 07:59:13,338] {standard_task_runner.py:52} INFO - Started process 23911 to run task
[2023-10-01 07:59:13,380] {standard_task_runner.py:76} INFO - Running: ['airflow', 'tasks', 'run', 'our_seventh_dag_v7', 'greet', '2023-01-16T00:00:00+00:00', '--job-id', '2409', '--pool', 'default_pool', '--raw', '--subdir', 'DAGS_FOLDER/our_seventh_dag.py', '--cfg-path', '/tmp/tmpud06iw_m', '--error-file', '/tmp/tmpjruwg73v']
[2023-10-01 07:59:13,436] {standard_task_runner.py:77} INFO - Job 2409: Subtask greet
[2023-10-01 07:59:19,236] {logging_mixin.py:104} INFO - Running <TaskInstance: our_seventh_dag_v7.greet 2023-01-16T00:00:00+00:00 [running]> on host d4ed655215d1
[2023-10-01 07:59:22,133] {taskinstance.py:1257} INFO - Exporting the following env vars:
AIRFLOW_CTX_DAG_OWNER=svastikkka
AIRFLOW_CTX_DAG_ID=our_seventh_dag_v7
AIRFLOW_CTX_TASK_ID=greet
AIRFLOW_CTX_EXECUTION_DATE=2023-01-16T00:00:00+00:00
AIRFLOW_CTX_DAG_RUN_ID=scheduled__2023-01-16T00:00:00+00:00
[2023-10-01 07:59:22,559] {logging_mixin.py:104} INFO - Hello My name is Manshu Sharma and I am 26 years old.
[2023-10-01 07:59:22,561] {python.py:118} INFO - Done. Returned value was: None
[2023-10-01 07:59:22,826] {taskinstance.py:1166} INFO - Marking task as SUCCESS. dag_id=our_seventh_dag_v7, task_id=greet, execution_date=20230116T000000, start_date=20231001T075912, end_date=20231001T075922
[2023-10-01 07:59:23,726] {taskinstance.py:1220} INFO - 0 downstream tasks scheduled from follow-on schedule check
[2023-10-01 07:59:24,242] {local_task_job.py:146} INFO - Task exited with return code 0
