[2023-10-01 06:12:54,789] {taskinstance.py:851} INFO - Dependencies all met for <TaskInstance: our_fourth_dag_v4.thrid_task 2021-10-04T00:00:00+00:00 [queued]>
[2023-10-01 06:12:55,136] {taskinstance.py:851} INFO - Dependencies all met for <TaskInstance: our_fourth_dag_v4.thrid_task 2021-10-04T00:00:00+00:00 [queued]>
[2023-10-01 06:12:55,150] {taskinstance.py:1042} INFO - 
--------------------------------------------------------------------------------
[2023-10-01 06:12:55,186] {taskinstance.py:1043} INFO - Starting attempt 1 of 6
[2023-10-01 06:12:55,189] {taskinstance.py:1044} INFO - 
--------------------------------------------------------------------------------
[2023-10-01 06:12:55,528] {taskinstance.py:1063} INFO - Executing <Task(BashOperator): thrid_task> on 2021-10-04T00:00:00+00:00
[2023-10-01 06:12:55,665] {standard_task_runner.py:52} INFO - Started process 4914 to run task
[2023-10-01 06:12:55,772] {standard_task_runner.py:76} INFO - Running: ['airflow', 'tasks', 'run', 'our_fourth_dag_v4', 'thrid_task', '2021-10-04T00:00:00+00:00', '--job-id', '635', '--pool', 'default_pool', '--raw', '--subdir', 'DAGS_FOLDER/our_fourth_dag.py', '--cfg-path', '/tmp/tmpturq4vbp', '--error-file', '/tmp/tmpziejbe76']
[2023-10-01 06:12:55,842] {standard_task_runner.py:77} INFO - Job 635: Subtask thrid_task
[2023-10-01 06:12:56,655] {logging_mixin.py:104} INFO - Running <TaskInstance: our_fourth_dag_v4.thrid_task 2021-10-04T00:00:00+00:00 [running]> on host d4ed655215d1
[2023-10-01 06:12:57,258] {taskinstance.py:1257} INFO - Exporting the following env vars:
AIRFLOW_CTX_DAG_OWNER=svastikkka
AIRFLOW_CTX_DAG_ID=our_fourth_dag_v4
AIRFLOW_CTX_TASK_ID=thrid_task
AIRFLOW_CTX_EXECUTION_DATE=2021-10-04T00:00:00+00:00
AIRFLOW_CTX_DAG_RUN_ID=scheduled__2021-10-04T00:00:00+00:00
[2023-10-01 06:12:57,261] {bash.py:135} INFO - Tmp dir root location: 
 /tmp
[2023-10-01 06:12:57,284] {bash.py:158} INFO - Running command: echo hey, I am task3 and will be running after task1 at the same time as task2!
[2023-10-01 06:12:57,422] {bash.py:169} INFO - Output:
[2023-10-01 06:12:57,669] {bash.py:173} INFO - hey, I am task3 and will be running after task1 at the same time as task2!
[2023-10-01 06:12:57,675] {bash.py:177} INFO - Command exited with return code 0
[2023-10-01 06:12:58,970] {taskinstance.py:1166} INFO - Marking task as SUCCESS. dag_id=our_fourth_dag_v4, task_id=thrid_task, execution_date=20211004T000000, start_date=20231001T061254, end_date=20231001T061258
[2023-10-01 06:13:01,511] {local_task_job.py:188} WARNING - State of this instance has been externally set to success. Terminating instance.
[2023-10-01 06:13:01,635] {process_utils.py:100} INFO - Sending Signals.SIGTERM to GPID 4914
[2023-10-01 06:13:02,008] {taskinstance.py:1239} ERROR - Received SIGTERM. Terminating subprocesses.
[2023-10-01 06:13:02,010] {bash.py:185} INFO - Sending SIGTERM signal to bash process group
[2023-10-01 06:13:02,319] {process_utils.py:66} INFO - Process psutil.Process(pid=4914, status='terminated', exitcode=1, started='06:12:55') (4914) terminated with exit code 1
