[2023-10-01 05:06:24,527] {taskinstance.py:851} INFO - Dependencies all met for <TaskInstance: our_first_dag_v1.first_task 2022-02-04T00:00:00+00:00 [queued]>
[2023-10-01 05:06:24,873] {taskinstance.py:851} INFO - Dependencies all met for <TaskInstance: our_first_dag_v1.first_task 2022-02-04T00:00:00+00:00 [queued]>
[2023-10-01 05:06:24,874] {taskinstance.py:1042} INFO - 
--------------------------------------------------------------------------------
[2023-10-01 05:06:24,877] {taskinstance.py:1043} INFO - Starting attempt 1 of 6
[2023-10-01 05:06:24,887] {taskinstance.py:1044} INFO - 
--------------------------------------------------------------------------------
[2023-10-01 05:06:24,997] {taskinstance.py:1063} INFO - Executing <Task(BashOperator): first_task> on 2022-02-04T00:00:00+00:00
[2023-10-01 05:06:25,050] {standard_task_runner.py:52} INFO - Started process 1662 to run task
[2023-10-01 05:06:25,172] {standard_task_runner.py:76} INFO - Running: ['airflow', 'tasks', 'run', 'our_first_dag_v1', 'first_task', '2022-02-04T00:00:00+00:00', '--job-id', '281', '--pool', 'default_pool', '--raw', '--subdir', 'DAGS_FOLDER/our_first_dag.py', '--cfg-path', '/tmp/tmpq4y1xna9', '--error-file', '/tmp/tmp2nw6b3z9']
[2023-10-01 05:06:25,240] {standard_task_runner.py:77} INFO - Job 281: Subtask first_task
[2023-10-01 05:06:25,619] {logging_mixin.py:104} INFO - Running <TaskInstance: our_first_dag_v1.first_task 2022-02-04T00:00:00+00:00 [running]> on host c25e1f8124bc
[2023-10-01 05:06:26,054] {taskinstance.py:1257} INFO - Exporting the following env vars:
AIRFLOW_CTX_DAG_OWNER=coder2j
AIRFLOW_CTX_DAG_ID=our_first_dag_v1
AIRFLOW_CTX_TASK_ID=first_task
AIRFLOW_CTX_EXECUTION_DATE=2022-02-04T00:00:00+00:00
AIRFLOW_CTX_DAG_RUN_ID=scheduled__2022-02-04T00:00:00+00:00
[2023-10-01 05:06:26,060] {bash.py:135} INFO - Tmp dir root location: 
 /tmp
[2023-10-01 05:06:26,129] {bash.py:158} INFO - Running command: echo hello world, this is the first task!
[2023-10-01 05:06:26,270] {bash.py:169} INFO - Output:
[2023-10-01 05:06:26,322] {bash.py:173} INFO - hello world, this is the first task!
[2023-10-01 05:06:26,334] {bash.py:177} INFO - Command exited with return code 0
[2023-10-01 05:06:26,722] {taskinstance.py:1166} INFO - Marking task as SUCCESS. dag_id=our_first_dag_v1, task_id=first_task, execution_date=20220204T000000, start_date=20231001T050624, end_date=20231001T050626
[2023-10-01 05:06:26,966] {taskinstance.py:1220} INFO - 0 downstream tasks scheduled from follow-on schedule check
[2023-10-01 05:06:27,111] {local_task_job.py:146} INFO - Task exited with return code 0
