[2023-10-01 07:57:18,226] {taskinstance.py:851} INFO - Dependencies all met for <TaskInstance: our_seventh_dag_v7.get_name 2022-12-29T00:00:00+00:00 [queued]>
[2023-10-01 07:57:18,360] {taskinstance.py:851} INFO - Dependencies all met for <TaskInstance: our_seventh_dag_v7.get_name 2022-12-29T00:00:00+00:00 [queued]>
[2023-10-01 07:57:18,385] {taskinstance.py:1042} INFO - 
--------------------------------------------------------------------------------
[2023-10-01 07:57:18,389] {taskinstance.py:1043} INFO - Starting attempt 1 of 6
[2023-10-01 07:57:18,396] {taskinstance.py:1044} INFO - 
--------------------------------------------------------------------------------
[2023-10-01 07:57:18,497] {taskinstance.py:1063} INFO - Executing <Task(PythonOperator): get_name> on 2022-12-29T00:00:00+00:00
[2023-10-01 07:57:18,511] {standard_task_runner.py:52} INFO - Started process 23533 to run task
[2023-10-01 07:57:18,564] {standard_task_runner.py:76} INFO - Running: ['airflow', 'tasks', 'run', 'our_seventh_dag_v7', 'get_name', '2022-12-29T00:00:00+00:00', '--job-id', '2366', '--pool', 'default_pool', '--raw', '--subdir', 'DAGS_FOLDER/our_seventh_dag.py', '--cfg-path', '/tmp/tmpfosdzkux', '--error-file', '/tmp/tmpk9y6c4qx']
[2023-10-01 07:57:18,598] {standard_task_runner.py:77} INFO - Job 2366: Subtask get_name
[2023-10-01 07:57:19,095] {logging_mixin.py:104} INFO - Running <TaskInstance: our_seventh_dag_v7.get_name 2022-12-29T00:00:00+00:00 [running]> on host d4ed655215d1
[2023-10-01 07:57:19,425] {taskinstance.py:1257} INFO - Exporting the following env vars:
AIRFLOW_CTX_DAG_OWNER=svastikkka
AIRFLOW_CTX_DAG_ID=our_seventh_dag_v7
AIRFLOW_CTX_TASK_ID=get_name
AIRFLOW_CTX_EXECUTION_DATE=2022-12-29T00:00:00+00:00
AIRFLOW_CTX_DAG_RUN_ID=scheduled__2022-12-29T00:00:00+00:00
[2023-10-01 07:57:19,993] {python.py:118} INFO - Done. Returned value was: None
[2023-10-01 07:57:20,069] {taskinstance.py:1166} INFO - Marking task as SUCCESS. dag_id=our_seventh_dag_v7, task_id=get_name, execution_date=20221229T000000, start_date=20231001T075718, end_date=20231001T075720
[2023-10-01 07:57:21,551] {taskinstance.py:1220} INFO - 1 downstream tasks scheduled from follow-on schedule check
[2023-10-01 07:57:22,265] {local_task_job.py:146} INFO - Task exited with return code 0
