[2023-10-01 06:15:40,560] {taskinstance.py:851} INFO - Dependencies all met for <TaskInstance: our_fourth_dag_v4.thrid_task 2021-11-04T00:00:00+00:00 [queued]>
[2023-10-01 06:15:40,899] {taskinstance.py:851} INFO - Dependencies all met for <TaskInstance: our_fourth_dag_v4.thrid_task 2021-11-04T00:00:00+00:00 [queued]>
[2023-10-01 06:15:40,914] {taskinstance.py:1042} INFO - 
--------------------------------------------------------------------------------
[2023-10-01 06:15:40,916] {taskinstance.py:1043} INFO - Starting attempt 1 of 6
[2023-10-01 06:15:40,934] {taskinstance.py:1044} INFO - 
--------------------------------------------------------------------------------
[2023-10-01 06:15:41,103] {taskinstance.py:1063} INFO - Executing <Task(BashOperator): thrid_task> on 2021-11-04T00:00:00+00:00
[2023-10-01 06:15:41,172] {standard_task_runner.py:52} INFO - Started process 5407 to run task
[2023-10-01 06:15:41,459] {standard_task_runner.py:76} INFO - Running: ['airflow', 'tasks', 'run', 'our_fourth_dag_v4', 'thrid_task', '2021-11-04T00:00:00+00:00', '--job-id', '727', '--pool', 'default_pool', '--raw', '--subdir', 'DAGS_FOLDER/our_fourth_dag.py', '--cfg-path', '/tmp/tmpgn6gasw2', '--error-file', '/tmp/tmpbdjmwyy2']
[2023-10-01 06:15:41,503] {standard_task_runner.py:77} INFO - Job 727: Subtask thrid_task
[2023-10-01 06:15:42,669] {logging_mixin.py:104} INFO - Running <TaskInstance: our_fourth_dag_v4.thrid_task 2021-11-04T00:00:00+00:00 [running]> on host d4ed655215d1
[2023-10-01 06:15:43,481] {taskinstance.py:1257} INFO - Exporting the following env vars:
AIRFLOW_CTX_DAG_OWNER=svastikkka
AIRFLOW_CTX_DAG_ID=our_fourth_dag_v4
AIRFLOW_CTX_TASK_ID=thrid_task
AIRFLOW_CTX_EXECUTION_DATE=2021-11-04T00:00:00+00:00
AIRFLOW_CTX_DAG_RUN_ID=scheduled__2021-11-04T00:00:00+00:00
[2023-10-01 06:15:43,501] {bash.py:135} INFO - Tmp dir root location: 
 /tmp
[2023-10-01 06:15:43,516] {bash.py:158} INFO - Running command: echo hey, I am task3 and will be running after task1 at the same time as task2!
[2023-10-01 06:15:43,640] {bash.py:169} INFO - Output:
[2023-10-01 06:15:43,691] {bash.py:173} INFO - hey, I am task3 and will be running after task1 at the same time as task2!
[2023-10-01 06:15:43,699] {bash.py:177} INFO - Command exited with return code 0
[2023-10-01 06:15:44,107] {taskinstance.py:1166} INFO - Marking task as SUCCESS. dag_id=our_fourth_dag_v4, task_id=thrid_task, execution_date=20211104T000000, start_date=20231001T061540, end_date=20231001T061544
[2023-10-01 06:15:44,634] {taskinstance.py:1220} INFO - 0 downstream tasks scheduled from follow-on schedule check
[2023-10-01 06:15:44,788] {local_task_job.py:146} INFO - Task exited with return code 0
