[2023-10-01 06:30:42,020] {taskinstance.py:851} INFO - Dependencies all met for <TaskInstance: our_fifth_dag_v5.greet 2021-09-23T00:00:00+00:00 [queued]>
[2023-10-01 06:30:42,172] {taskinstance.py:851} INFO - Dependencies all met for <TaskInstance: our_fifth_dag_v5.greet 2021-09-23T00:00:00+00:00 [queued]>
[2023-10-01 06:30:42,174] {taskinstance.py:1042} INFO - 
--------------------------------------------------------------------------------
[2023-10-01 06:30:42,177] {taskinstance.py:1043} INFO - Starting attempt 1 of 6
[2023-10-01 06:30:42,179] {taskinstance.py:1044} INFO - 
--------------------------------------------------------------------------------
[2023-10-01 06:30:42,250] {taskinstance.py:1063} INFO - Executing <Task(PythonOperator): greet> on 2021-09-23T00:00:00+00:00
[2023-10-01 06:30:42,273] {standard_task_runner.py:52} INFO - Started process 7615 to run task
[2023-10-01 06:30:42,324] {standard_task_runner.py:76} INFO - Running: ['airflow', 'tasks', 'run', 'our_fifth_dag_v5', 'greet', '2021-09-23T00:00:00+00:00', '--job-id', '1075', '--pool', 'default_pool', '--raw', '--subdir', 'DAGS_FOLDER/our_fifth_dag.py', '--cfg-path', '/tmp/tmprxhdrsoy', '--error-file', '/tmp/tmpx9845e3y']
[2023-10-01 06:30:42,450] {standard_task_runner.py:77} INFO - Job 1075: Subtask greet
[2023-10-01 06:30:42,823] {logging_mixin.py:104} INFO - Running <TaskInstance: our_fifth_dag_v5.greet 2021-09-23T00:00:00+00:00 [running]> on host d4ed655215d1
[2023-10-01 06:30:43,051] {taskinstance.py:1257} INFO - Exporting the following env vars:
AIRFLOW_CTX_DAG_OWNER=coder2j
AIRFLOW_CTX_DAG_ID=our_fifth_dag_v5
AIRFLOW_CTX_TASK_ID=greet
AIRFLOW_CTX_EXECUTION_DATE=2021-09-23T00:00:00+00:00
AIRFLOW_CTX_DAG_RUN_ID=scheduled__2021-09-23T00:00:00+00:00
[2023-10-01 06:30:43,093] {taskinstance.py:1455} ERROR - greet() missing 2 required positional arguments: 'name' and 'age'
Traceback (most recent call last):
  File "/home/airflow/.local/lib/python3.6/site-packages/airflow/models/taskinstance.py", line 1112, in _run_raw_task
    self._prepare_and_execute_task_with_callbacks(context, task)
  File "/home/airflow/.local/lib/python3.6/site-packages/airflow/models/taskinstance.py", line 1285, in _prepare_and_execute_task_with_callbacks
    result = self._execute_task(context, task_copy)
  File "/home/airflow/.local/lib/python3.6/site-packages/airflow/models/taskinstance.py", line 1315, in _execute_task
    result = task_copy.execute(context=context)
  File "/home/airflow/.local/lib/python3.6/site-packages/airflow/operators/python.py", line 117, in execute
    return_value = self.execute_callable()
  File "/home/airflow/.local/lib/python3.6/site-packages/airflow/operators/python.py", line 128, in execute_callable
    return self.python_callable(*self.op_args, **self.op_kwargs)
TypeError: greet() missing 2 required positional arguments: 'name' and 'age'
[2023-10-01 06:30:43,204] {taskinstance.py:1503} INFO - Marking task as UP_FOR_RETRY. dag_id=our_fifth_dag_v5, task_id=greet, execution_date=20210923T000000, start_date=20231001T063042, end_date=20231001T063043
[2023-10-01 06:30:43,544] {local_task_job.py:146} INFO - Task exited with return code 1
