[2023-10-01 05:04:19,392] {taskinstance.py:851} INFO - Dependencies all met for <TaskInstance: our_first_dag_v1.first_task 2021-11-02T00:00:00+00:00 [queued]>
[2023-10-01 05:04:19,576] {taskinstance.py:851} INFO - Dependencies all met for <TaskInstance: our_first_dag_v1.first_task 2021-11-02T00:00:00+00:00 [queued]>
[2023-10-01 05:04:19,577] {taskinstance.py:1042} INFO - 
--------------------------------------------------------------------------------
[2023-10-01 05:04:19,579] {taskinstance.py:1043} INFO - Starting attempt 1 of 6
[2023-10-01 05:04:19,580] {taskinstance.py:1044} INFO - 
--------------------------------------------------------------------------------
[2023-10-01 05:04:19,628] {taskinstance.py:1063} INFO - Executing <Task(BashOperator): first_task> on 2021-11-02T00:00:00+00:00
[2023-10-01 05:04:19,660] {standard_task_runner.py:52} INFO - Started process 1325 to run task
[2023-10-01 05:04:19,686] {standard_task_runner.py:76} INFO - Running: ['airflow', 'tasks', 'run', 'our_first_dag_v1', 'first_task', '2021-11-02T00:00:00+00:00', '--job-id', '187', '--pool', 'default_pool', '--raw', '--subdir', 'DAGS_FOLDER/our_first_dag.py', '--cfg-path', '/tmp/tmpl2cbe7zh', '--error-file', '/tmp/tmpum5vw7qr']
[2023-10-01 05:04:19,709] {standard_task_runner.py:77} INFO - Job 187: Subtask first_task
[2023-10-01 05:04:20,160] {logging_mixin.py:104} INFO - Running <TaskInstance: our_first_dag_v1.first_task 2021-11-02T00:00:00+00:00 [running]> on host c25e1f8124bc
[2023-10-01 05:04:20,755] {taskinstance.py:1257} INFO - Exporting the following env vars:
AIRFLOW_CTX_DAG_OWNER=coder2j
AIRFLOW_CTX_DAG_ID=our_first_dag_v1
AIRFLOW_CTX_TASK_ID=first_task
AIRFLOW_CTX_EXECUTION_DATE=2021-11-02T00:00:00+00:00
AIRFLOW_CTX_DAG_RUN_ID=scheduled__2021-11-02T00:00:00+00:00
[2023-10-01 05:04:20,762] {bash.py:135} INFO - Tmp dir root location: 
 /tmp
[2023-10-01 05:04:20,786] {bash.py:158} INFO - Running command: echo hello world, this is the first task!
[2023-10-01 05:04:21,101] {bash.py:169} INFO - Output:
[2023-10-01 05:04:21,210] {bash.py:173} INFO - hello world, this is the first task!
[2023-10-01 05:04:21,238] {bash.py:177} INFO - Command exited with return code 0
[2023-10-01 05:04:21,826] {taskinstance.py:1166} INFO - Marking task as SUCCESS. dag_id=our_first_dag_v1, task_id=first_task, execution_date=20211102T000000, start_date=20231001T050419, end_date=20231001T050421
[2023-10-01 05:04:22,571] {taskinstance.py:1220} INFO - 0 downstream tasks scheduled from follow-on schedule check
[2023-10-01 05:04:22,906] {local_task_job.py:146} INFO - Task exited with return code 0
[2023-10-01 05:20:22,355] {taskinstance.py:851} INFO - Dependencies all met for <TaskInstance: our_first_dag_v1.first_task 2021-11-02T00:00:00+00:00 [queued]>
[2023-10-01 05:20:22,483] {taskinstance.py:851} INFO - Dependencies all met for <TaskInstance: our_first_dag_v1.first_task 2021-11-02T00:00:00+00:00 [queued]>
[2023-10-01 05:20:22,485] {taskinstance.py:1042} INFO - 
--------------------------------------------------------------------------------
[2023-10-01 05:20:22,487] {taskinstance.py:1043} INFO - Starting attempt 1 of 6
[2023-10-01 05:20:22,488] {taskinstance.py:1044} INFO - 
--------------------------------------------------------------------------------
[2023-10-01 05:20:22,615] {taskinstance.py:1063} INFO - Executing <Task(BashOperator): first_task> on 2021-11-02T00:00:00+00:00
[2023-10-01 05:20:22,653] {standard_task_runner.py:52} INFO - Started process 556 to run task
[2023-10-01 05:20:22,765] {standard_task_runner.py:76} INFO - Running: ['airflow', 'tasks', 'run', 'our_first_dag_v1', 'first_task', '2021-11-02T00:00:00+00:00', '--job-id', '97', '--pool', 'default_pool', '--raw', '--subdir', 'DAGS_FOLDER/our_first_dag.py', '--cfg-path', '/tmp/tmp9wvq68cg', '--error-file', '/tmp/tmp8elf0l6u']
[2023-10-01 05:20:22,831] {standard_task_runner.py:77} INFO - Job 97: Subtask first_task
[2023-10-01 05:20:23,215] {logging_mixin.py:104} INFO - Running <TaskInstance: our_first_dag_v1.first_task 2021-11-02T00:00:00+00:00 [running]> on host d4ed655215d1
[2023-10-01 05:20:23,502] {taskinstance.py:1257} INFO - Exporting the following env vars:
AIRFLOW_CTX_DAG_OWNER=coder2j
AIRFLOW_CTX_DAG_ID=our_first_dag_v1
AIRFLOW_CTX_TASK_ID=first_task
AIRFLOW_CTX_EXECUTION_DATE=2021-11-02T00:00:00+00:00
AIRFLOW_CTX_DAG_RUN_ID=scheduled__2021-11-02T00:00:00+00:00
[2023-10-01 05:20:23,526] {bash.py:135} INFO - Tmp dir root location: 
 /tmp
[2023-10-01 05:20:23,550] {bash.py:158} INFO - Running command: echo hello world, this is the first task!
[2023-10-01 05:20:24,302] {bash.py:169} INFO - Output:
[2023-10-01 05:20:24,421] {bash.py:173} INFO - hello world, this is the first task!
[2023-10-01 05:20:24,424] {bash.py:177} INFO - Command exited with return code 0
[2023-10-01 05:20:24,773] {taskinstance.py:1166} INFO - Marking task as SUCCESS. dag_id=our_first_dag_v1, task_id=first_task, execution_date=20211102T000000, start_date=20231001T052022, end_date=20231001T052024
[2023-10-01 05:20:25,042] {taskinstance.py:1220} INFO - 0 downstream tasks scheduled from follow-on schedule check
[2023-10-01 05:20:25,147] {local_task_job.py:146} INFO - Task exited with return code 0
