[2023-10-01 17:23:23,964] {taskinstance.py:851} INFO - Dependencies all met for <TaskInstance: backup_postgres.print_current_path 2023-10-01T17:20:54.818264+00:00 [queued]>
[2023-10-01 17:23:25,319] {taskinstance.py:851} INFO - Dependencies all met for <TaskInstance: backup_postgres.print_current_path 2023-10-01T17:20:54.818264+00:00 [queued]>
[2023-10-01 17:23:25,328] {taskinstance.py:1042} INFO - 
--------------------------------------------------------------------------------
[2023-10-01 17:23:25,333] {taskinstance.py:1043} INFO - Starting attempt 1 of 6
[2023-10-01 17:23:25,337] {taskinstance.py:1044} INFO - 
--------------------------------------------------------------------------------
[2023-10-01 17:23:25,462] {taskinstance.py:1063} INFO - Executing <Task(BashOperator): print_current_path> on 2023-10-01T17:20:54.818264+00:00
[2023-10-01 17:23:25,735] {standard_task_runner.py:52} INFO - Started process 2418 to run task
[2023-10-01 17:23:25,833] {standard_task_runner.py:76} INFO - Running: ['airflow', 'tasks', 'run', 'backup_postgres', 'print_current_path', '2023-10-01T17:20:54.818264+00:00', '--job-id', '2', '--pool', 'default_pool', '--raw', '--subdir', 'DAGS_FOLDER/backup_postgres.py', '--cfg-path', '/tmp/tmpb5eiu9iz', '--error-file', '/tmp/tmpn9jcovk5']
[2023-10-01 17:23:26,421] {standard_task_runner.py:77} INFO - Job 2: Subtask print_current_path
[2023-10-01 17:23:27,536] {logging_mixin.py:104} INFO - Running <TaskInstance: backup_postgres.print_current_path 2023-10-01T17:20:54.818264+00:00 [running]> on host c1a95d6e7033
[2023-10-01 17:23:31,368] {taskinstance.py:1257} INFO - Exporting the following env vars:
AIRFLOW_CTX_DAG_OWNER=svastikkka
AIRFLOW_CTX_DAG_ID=backup_postgres
AIRFLOW_CTX_TASK_ID=print_current_path
AIRFLOW_CTX_EXECUTION_DATE=2023-10-01T17:20:54.818264+00:00
AIRFLOW_CTX_DAG_RUN_ID=manual__2023-10-01T17:20:54.818264+00:00
[2023-10-01 17:23:32,058] {bash.py:135} INFO - Tmp dir root location: 
 /tmp
[2023-10-01 17:23:32,263] {bash.py:158} INFO - Running command: pwd
[2023-10-01 17:23:33,841] {bash.py:169} INFO - Output:
[2023-10-01 17:23:34,038] {bash.py:173} INFO - /tmp/airflowtmpjs6iw7os
[2023-10-01 17:23:34,067] {bash.py:177} INFO - Command exited with return code 0
[2023-10-01 17:23:35,821] {taskinstance.py:1166} INFO - Marking task as SUCCESS. dag_id=backup_postgres, task_id=print_current_path, execution_date=20231001T172054, start_date=20231001T172324, end_date=20231001T172335
[2023-10-01 17:23:36,325] {taskinstance.py:1220} INFO - 1 downstream tasks scheduled from follow-on schedule check
[2023-10-01 17:23:36,623] {local_task_job.py:146} INFO - Task exited with return code 0
