[2023-10-01 07:45:05,832] {taskinstance.py:851} INFO - Dependencies all met for <TaskInstance: our_seventh_dag_v7.get_name 2022-02-16T00:00:00+00:00 [queued]>
[2023-10-01 07:45:06,018] {taskinstance.py:851} INFO - Dependencies all met for <TaskInstance: our_seventh_dag_v7.get_name 2022-02-16T00:00:00+00:00 [queued]>
[2023-10-01 07:45:06,027] {taskinstance.py:1042} INFO - 
--------------------------------------------------------------------------------
[2023-10-01 07:45:06,038] {taskinstance.py:1043} INFO - Starting attempt 1 of 6
[2023-10-01 07:45:06,040] {taskinstance.py:1044} INFO - 
--------------------------------------------------------------------------------
[2023-10-01 07:45:06,159] {taskinstance.py:1063} INFO - Executing <Task(PythonOperator): get_name> on 2022-02-16T00:00:00+00:00
[2023-10-01 07:45:06,220] {standard_task_runner.py:52} INFO - Started process 20287 to run task
[2023-10-01 07:45:06,332] {standard_task_runner.py:76} INFO - Running: ['airflow', 'tasks', 'run', 'our_seventh_dag_v7', 'get_name', '2022-02-16T00:00:00+00:00', '--job-id', '1733', '--pool', 'default_pool', '--raw', '--subdir', 'DAGS_FOLDER/our_seventh_dag.py', '--cfg-path', '/tmp/tmptktp3cl7', '--error-file', '/tmp/tmpugejen1b']
[2023-10-01 07:45:06,384] {standard_task_runner.py:77} INFO - Job 1733: Subtask get_name
[2023-10-01 07:45:06,721] {logging_mixin.py:104} INFO - Running <TaskInstance: our_seventh_dag_v7.get_name 2022-02-16T00:00:00+00:00 [running]> on host d4ed655215d1
[2023-10-01 07:45:06,978] {taskinstance.py:1257} INFO - Exporting the following env vars:
AIRFLOW_CTX_DAG_OWNER=svastikkka
AIRFLOW_CTX_DAG_ID=our_seventh_dag_v7
AIRFLOW_CTX_TASK_ID=get_name
AIRFLOW_CTX_EXECUTION_DATE=2022-02-16T00:00:00+00:00
AIRFLOW_CTX_DAG_RUN_ID=scheduled__2022-02-16T00:00:00+00:00
[2023-10-01 07:45:07,180] {python.py:118} INFO - Done. Returned value was: None
[2023-10-01 07:45:07,264] {taskinstance.py:1166} INFO - Marking task as SUCCESS. dag_id=our_seventh_dag_v7, task_id=get_name, execution_date=20220216T000000, start_date=20231001T074505, end_date=20231001T074507
[2023-10-01 07:45:07,537] {taskinstance.py:1220} INFO - 1 downstream tasks scheduled from follow-on schedule check
[2023-10-01 07:45:07,688] {local_task_job.py:146} INFO - Task exited with return code 0
