[2023-10-01 06:24:53,930] {taskinstance.py:851} INFO - Dependencies all met for <TaskInstance: our_fourth_dag_v4.thrid_task 2022-02-01T00:00:00+00:00 [queued]>
[2023-10-01 06:24:54,319] {taskinstance.py:851} INFO - Dependencies all met for <TaskInstance: our_fourth_dag_v4.thrid_task 2022-02-01T00:00:00+00:00 [queued]>
[2023-10-01 06:24:54,322] {taskinstance.py:1042} INFO - 
--------------------------------------------------------------------------------
[2023-10-01 06:24:54,328] {taskinstance.py:1043} INFO - Starting attempt 1 of 6
[2023-10-01 06:24:54,334] {taskinstance.py:1044} INFO - 
--------------------------------------------------------------------------------
[2023-10-01 06:24:54,604] {taskinstance.py:1063} INFO - Executing <Task(BashOperator): thrid_task> on 2022-02-01T00:00:00+00:00
[2023-10-01 06:24:54,904] {standard_task_runner.py:52} INFO - Started process 6879 to run task
[2023-10-01 06:24:55,136] {standard_task_runner.py:76} INFO - Running: ['airflow', 'tasks', 'run', 'our_fourth_dag_v4', 'thrid_task', '2022-02-01T00:00:00+00:00', '--job-id', '996', '--pool', 'default_pool', '--raw', '--subdir', 'DAGS_FOLDER/our_fourth_dag.py', '--cfg-path', '/tmp/tmpkqif57ax', '--error-file', '/tmp/tmp8coe8r7s']
[2023-10-01 06:24:55,295] {standard_task_runner.py:77} INFO - Job 996: Subtask thrid_task
[2023-10-01 06:24:58,658] {logging_mixin.py:104} INFO - Running <TaskInstance: our_fourth_dag_v4.thrid_task 2022-02-01T00:00:00+00:00 [running]> on host d4ed655215d1
[2023-10-01 06:25:03,246] {taskinstance.py:1257} INFO - Exporting the following env vars:
AIRFLOW_CTX_DAG_OWNER=svastikkka
AIRFLOW_CTX_DAG_ID=our_fourth_dag_v4
AIRFLOW_CTX_TASK_ID=thrid_task
AIRFLOW_CTX_EXECUTION_DATE=2022-02-01T00:00:00+00:00
AIRFLOW_CTX_DAG_RUN_ID=scheduled__2022-02-01T00:00:00+00:00
[2023-10-01 06:25:06,501] {bash.py:135} INFO - Tmp dir root location: 
 /tmp
[2023-10-01 06:25:06,587] {bash.py:158} INFO - Running command: echo hey, I am task3 and will be running after task1 at the same time as task2!
[2023-10-01 06:25:07,269] {bash.py:169} INFO - Output:
[2023-10-01 06:25:07,307] {bash.py:173} INFO - hey, I am task3 and will be running after task1 at the same time as task2!
[2023-10-01 06:25:07,343] {bash.py:177} INFO - Command exited with return code 0
[2023-10-01 06:25:09,038] {taskinstance.py:1166} INFO - Marking task as SUCCESS. dag_id=our_fourth_dag_v4, task_id=thrid_task, execution_date=20220201T000000, start_date=20231001T062453, end_date=20231001T062509
[2023-10-01 06:25:12,671] {local_task_job.py:188} WARNING - State of this instance has been externally set to success. Terminating instance.
[2023-10-01 06:25:13,004] {process_utils.py:100} INFO - Sending Signals.SIGTERM to GPID 6879
[2023-10-01 06:25:14,329] {taskinstance.py:1239} ERROR - Received SIGTERM. Terminating subprocesses.
[2023-10-01 06:25:14,331] {bash.py:185} INFO - Sending SIGTERM signal to bash process group
[2023-10-01 06:25:14,899] {process_utils.py:66} INFO - Process psutil.Process(pid=6879, status='terminated', exitcode=1, started='06:24:54') (6879) terminated with exit code 1
