[2023-10-01 05:52:38,333] {taskinstance.py:851} INFO - Dependencies all met for <TaskInstance: our_third_dag_v3.second_task 2021-08-01T00:00:00+00:00 [queued]>
[2023-10-01 05:52:42,518] {taskinstance.py:851} INFO - Dependencies all met for <TaskInstance: our_third_dag_v3.second_task 2021-08-01T00:00:00+00:00 [queued]>
[2023-10-01 05:52:42,614] {taskinstance.py:1042} INFO - 
--------------------------------------------------------------------------------
[2023-10-01 05:52:42,637] {taskinstance.py:1043} INFO - Starting attempt 1 of 6
[2023-10-01 05:52:42,660] {taskinstance.py:1044} INFO - 
--------------------------------------------------------------------------------
[2023-10-01 05:52:43,291] {taskinstance.py:1063} INFO - Executing <Task(BashOperator): second_task> on 2021-08-01T00:00:00+00:00
[2023-10-01 05:52:47,199] {standard_task_runner.py:52} INFO - Started process 2301 to run task
[2023-10-01 05:52:47,919] {standard_task_runner.py:76} INFO - Running: ['airflow', 'tasks', 'run', 'our_third_dag_v3', 'second_task', '2021-08-01T00:00:00+00:00', '--job-id', '167', '--pool', 'default_pool', '--raw', '--subdir', 'DAGS_FOLDER/our_third_dag.py', '--cfg-path', '/tmp/tmpzu4g5vl2', '--error-file', '/tmp/tmpvu60hull']
[2023-10-01 05:52:51,072] {standard_task_runner.py:77} INFO - Job 167: Subtask second_task
[2023-10-01 05:53:01,870] {logging_mixin.py:104} INFO - Running <TaskInstance: our_third_dag_v3.second_task 2021-08-01T00:00:00+00:00 [running]> on host d4ed655215d1
[2023-10-01 05:53:13,561] {taskinstance.py:1257} INFO - Exporting the following env vars:
AIRFLOW_CTX_DAG_OWNER=coder2j
AIRFLOW_CTX_DAG_ID=our_third_dag_v3
AIRFLOW_CTX_TASK_ID=second_task
AIRFLOW_CTX_EXECUTION_DATE=2021-08-01T00:00:00+00:00
AIRFLOW_CTX_DAG_RUN_ID=scheduled__2021-08-01T00:00:00+00:00
[2023-10-01 05:53:13,612] {bash.py:135} INFO - Tmp dir root location: 
 /tmp
[2023-10-01 05:53:13,678] {bash.py:158} INFO - Running command: echo hey, I am task2 and will be running after task1!
[2023-10-01 05:53:14,166] {bash.py:169} INFO - Output:
[2023-10-01 05:53:14,437] {bash.py:173} INFO - hey, I am task2 and will be running after task1!
[2023-10-01 05:53:14,461] {bash.py:177} INFO - Command exited with return code 0
[2023-10-01 05:53:15,638] {taskinstance.py:1166} INFO - Marking task as SUCCESS. dag_id=our_third_dag_v3, task_id=second_task, execution_date=20210801T000000, start_date=20231001T055238, end_date=20231001T055315
[2023-10-01 05:53:18,204] {taskinstance.py:1220} INFO - 0 downstream tasks scheduled from follow-on schedule check
[2023-10-01 05:53:24,019] {local_task_job.py:146} INFO - Task exited with return code 0
