[2023-10-01 05:57:41,470] {taskinstance.py:851} INFO - Dependencies all met for <TaskInstance: our_third_dag_v3.second_task 2021-08-30T00:00:00+00:00 [queued]>
[2023-10-01 05:57:41,688] {taskinstance.py:851} INFO - Dependencies all met for <TaskInstance: our_third_dag_v3.second_task 2021-08-30T00:00:00+00:00 [queued]>
[2023-10-01 05:57:41,691] {taskinstance.py:1042} INFO - 
--------------------------------------------------------------------------------
[2023-10-01 05:57:41,704] {taskinstance.py:1043} INFO - Starting attempt 1 of 6
[2023-10-01 05:57:41,712] {taskinstance.py:1044} INFO - 
--------------------------------------------------------------------------------
[2023-10-01 05:57:42,089] {taskinstance.py:1063} INFO - Executing <Task(BashOperator): second_task> on 2021-08-30T00:00:00+00:00
[2023-10-01 05:57:42,294] {standard_task_runner.py:52} INFO - Started process 2749 to run task
[2023-10-01 05:57:42,527] {standard_task_runner.py:76} INFO - Running: ['airflow', 'tasks', 'run', 'our_third_dag_v3', 'second_task', '2021-08-30T00:00:00+00:00', '--job-id', '249', '--pool', 'default_pool', '--raw', '--subdir', 'DAGS_FOLDER/our_third_dag.py', '--cfg-path', '/tmp/tmpvjf1gruz', '--error-file', '/tmp/tmpveupnll6']
[2023-10-01 05:57:42,657] {standard_task_runner.py:77} INFO - Job 249: Subtask second_task
[2023-10-01 05:57:45,172] {logging_mixin.py:104} INFO - Running <TaskInstance: our_third_dag_v3.second_task 2021-08-30T00:00:00+00:00 [running]> on host d4ed655215d1
[2023-10-01 05:57:46,695] {taskinstance.py:1257} INFO - Exporting the following env vars:
AIRFLOW_CTX_DAG_OWNER=coder2j
AIRFLOW_CTX_DAG_ID=our_third_dag_v3
AIRFLOW_CTX_TASK_ID=second_task
AIRFLOW_CTX_EXECUTION_DATE=2021-08-30T00:00:00+00:00
AIRFLOW_CTX_DAG_RUN_ID=scheduled__2021-08-30T00:00:00+00:00
[2023-10-01 05:57:46,711] {bash.py:135} INFO - Tmp dir root location: 
 /tmp
[2023-10-01 05:57:46,724] {bash.py:158} INFO - Running command: echo hey, I am task2 and will be running after task1!
[2023-10-01 05:57:46,968] {bash.py:169} INFO - Output:
[2023-10-01 05:57:47,020] {bash.py:173} INFO - hey, I am task2 and will be running after task1!
[2023-10-01 05:57:47,048] {bash.py:177} INFO - Command exited with return code 0
[2023-10-01 05:57:47,441] {taskinstance.py:1166} INFO - Marking task as SUCCESS. dag_id=our_third_dag_v3, task_id=second_task, execution_date=20210830T000000, start_date=20231001T055741, end_date=20231001T055747
[2023-10-01 05:57:50,007] {local_task_job.py:188} WARNING - State of this instance has been externally set to success. Terminating instance.
[2023-10-01 05:57:54,081] {process_utils.py:100} INFO - Sending Signals.SIGTERM to GPID 2749
[2023-10-01 05:57:56,847] {taskinstance.py:1239} ERROR - Received SIGTERM. Terminating subprocesses.
[2023-10-01 05:57:56,917] {bash.py:185} INFO - Sending SIGTERM signal to bash process group
[2023-10-01 05:58:00,427] {process_utils.py:66} INFO - Process psutil.Process(pid=2749, status='terminated', exitcode=1, started='05:57:41') (2749) terminated with exit code 1
