[2023-10-01 05:02:20,360] {taskinstance.py:851} INFO - Dependencies all met for <TaskInstance: our_first_dag_v1.first_task 2021-08-12T00:00:00+00:00 [queued]>
[2023-10-01 05:02:20,598] {taskinstance.py:851} INFO - Dependencies all met for <TaskInstance: our_first_dag_v1.first_task 2021-08-12T00:00:00+00:00 [queued]>
[2023-10-01 05:02:20,627] {taskinstance.py:1042} INFO - 
--------------------------------------------------------------------------------
[2023-10-01 05:02:20,646] {taskinstance.py:1043} INFO - Starting attempt 1 of 6
[2023-10-01 05:02:20,794] {taskinstance.py:1044} INFO - 
--------------------------------------------------------------------------------
[2023-10-01 05:02:21,129] {taskinstance.py:1063} INFO - Executing <Task(BashOperator): first_task> on 2021-08-12T00:00:00+00:00
[2023-10-01 05:02:21,146] {standard_task_runner.py:52} INFO - Started process 1033 to run task
[2023-10-01 05:02:21,174] {standard_task_runner.py:76} INFO - Running: ['airflow', 'tasks', 'run', 'our_first_dag_v1', 'first_task', '2021-08-12T00:00:00+00:00', '--job-id', '105', '--pool', 'default_pool', '--raw', '--subdir', 'DAGS_FOLDER/our_first_dag.py', '--cfg-path', '/tmp/tmpp2d87dut', '--error-file', '/tmp/tmpnr2wruol']
[2023-10-01 05:02:21,179] {standard_task_runner.py:77} INFO - Job 105: Subtask first_task
[2023-10-01 05:02:21,392] {logging_mixin.py:104} INFO - Running <TaskInstance: our_first_dag_v1.first_task 2021-08-12T00:00:00+00:00 [running]> on host c25e1f8124bc
[2023-10-01 05:02:21,779] {taskinstance.py:1257} INFO - Exporting the following env vars:
AIRFLOW_CTX_DAG_OWNER=coder2j
AIRFLOW_CTX_DAG_ID=our_first_dag_v1
AIRFLOW_CTX_TASK_ID=first_task
AIRFLOW_CTX_EXECUTION_DATE=2021-08-12T00:00:00+00:00
AIRFLOW_CTX_DAG_RUN_ID=scheduled__2021-08-12T00:00:00+00:00
[2023-10-01 05:02:21,809] {bash.py:135} INFO - Tmp dir root location: 
 /tmp
[2023-10-01 05:02:21,903] {bash.py:158} INFO - Running command: echo hello world, this is the first task!
[2023-10-01 05:02:22,543] {bash.py:169} INFO - Output:
[2023-10-01 05:02:22,562] {bash.py:173} INFO - hello world, this is the first task!
[2023-10-01 05:02:22,599] {bash.py:177} INFO - Command exited with return code 0
[2023-10-01 05:02:23,009] {taskinstance.py:1166} INFO - Marking task as SUCCESS. dag_id=our_first_dag_v1, task_id=first_task, execution_date=20210812T000000, start_date=20231001T050220, end_date=20231001T050223
[2023-10-01 05:02:23,729] {taskinstance.py:1220} INFO - 0 downstream tasks scheduled from follow-on schedule check
[2023-10-01 05:02:23,848] {local_task_job.py:146} INFO - Task exited with return code 0
[2023-10-01 05:18:31,665] {taskinstance.py:851} INFO - Dependencies all met for <TaskInstance: our_first_dag_v1.first_task 2021-08-12T00:00:00+00:00 [queued]>
[2023-10-01 05:18:31,875] {taskinstance.py:851} INFO - Dependencies all met for <TaskInstance: our_first_dag_v1.first_task 2021-08-12T00:00:00+00:00 [queued]>
[2023-10-01 05:18:31,887] {taskinstance.py:1042} INFO - 
--------------------------------------------------------------------------------
[2023-10-01 05:18:31,897] {taskinstance.py:1043} INFO - Starting attempt 1 of 6
[2023-10-01 05:18:31,959] {taskinstance.py:1044} INFO - 
--------------------------------------------------------------------------------
[2023-10-01 05:18:32,156] {taskinstance.py:1063} INFO - Executing <Task(BashOperator): first_task> on 2021-08-12T00:00:00+00:00
[2023-10-01 05:18:32,188] {standard_task_runner.py:52} INFO - Started process 268 to run task
[2023-10-01 05:18:32,283] {standard_task_runner.py:76} INFO - Running: ['airflow', 'tasks', 'run', 'our_first_dag_v1', 'first_task', '2021-08-12T00:00:00+00:00', '--job-id', '15', '--pool', 'default_pool', '--raw', '--subdir', 'DAGS_FOLDER/our_first_dag.py', '--cfg-path', '/tmp/tmp1o_ds3pu', '--error-file', '/tmp/tmp1yk11h2c']
[2023-10-01 05:18:32,352] {standard_task_runner.py:77} INFO - Job 15: Subtask first_task
[2023-10-01 05:18:32,935] {logging_mixin.py:104} INFO - Running <TaskInstance: our_first_dag_v1.first_task 2021-08-12T00:00:00+00:00 [running]> on host d4ed655215d1
[2023-10-01 05:18:33,254] {taskinstance.py:1257} INFO - Exporting the following env vars:
AIRFLOW_CTX_DAG_OWNER=coder2j
AIRFLOW_CTX_DAG_ID=our_first_dag_v1
AIRFLOW_CTX_TASK_ID=first_task
AIRFLOW_CTX_EXECUTION_DATE=2021-08-12T00:00:00+00:00
AIRFLOW_CTX_DAG_RUN_ID=scheduled__2021-08-12T00:00:00+00:00
[2023-10-01 05:18:33,265] {bash.py:135} INFO - Tmp dir root location: 
 /tmp
[2023-10-01 05:18:33,268] {bash.py:158} INFO - Running command: echo hello world, this is the first task!
[2023-10-01 05:18:33,334] {bash.py:169} INFO - Output:
[2023-10-01 05:18:33,379] {bash.py:173} INFO - hello world, this is the first task!
[2023-10-01 05:18:33,387] {bash.py:177} INFO - Command exited with return code 0
[2023-10-01 05:18:33,628] {taskinstance.py:1166} INFO - Marking task as SUCCESS. dag_id=our_first_dag_v1, task_id=first_task, execution_date=20210812T000000, start_date=20231001T051831, end_date=20231001T051833
[2023-10-01 05:18:33,887] {taskinstance.py:1220} INFO - 0 downstream tasks scheduled from follow-on schedule check
[2023-10-01 05:18:33,933] {local_task_job.py:146} INFO - Task exited with return code 0
