[2023-10-01 04:56:42,354] {taskinstance.py:851} INFO - Dependencies all met for <TaskInstance: our_first_dag_v5.first_task 2021-08-02T00:00:00+00:00 [queued]>
[2023-10-01 04:56:46,861] {taskinstance.py:851} INFO - Dependencies all met for <TaskInstance: our_first_dag_v5.first_task 2021-08-02T00:00:00+00:00 [queued]>
[2023-10-01 04:56:46,905] {taskinstance.py:1042} INFO - 
--------------------------------------------------------------------------------
[2023-10-01 04:56:46,967] {taskinstance.py:1043} INFO - Starting attempt 1 of 6
[2023-10-01 04:56:47,126] {taskinstance.py:1044} INFO - 
--------------------------------------------------------------------------------
[2023-10-01 04:56:52,504] {taskinstance.py:1063} INFO - Executing <Task(BashOperator): first_task> on 2021-08-02T00:00:00+00:00
[2023-10-01 04:56:52,837] {standard_task_runner.py:52} INFO - Started process 622 to run task
[2023-10-01 04:56:54,302] {standard_task_runner.py:76} INFO - Running: ['airflow', 'tasks', 'run', 'our_first_dag_v5', 'first_task', '2021-08-02T00:00:00+00:00', '--job-id', '4', '--pool', 'default_pool', '--raw', '--subdir', 'DAGS_FOLDER/our_first_dag.py', '--cfg-path', '/tmp/tmpa2_xqg7s', '--error-file', '/tmp/tmp4qitviwc']
[2023-10-01 04:56:55,108] {standard_task_runner.py:77} INFO - Job 4: Subtask first_task
[2023-10-01 04:57:16,707] {logging_mixin.py:104} INFO - Running <TaskInstance: our_first_dag_v5.first_task 2021-08-02T00:00:00+00:00 [running]> on host c25e1f8124bc
[2023-10-01 04:57:28,175] {taskinstance.py:1257} INFO - Exporting the following env vars:
AIRFLOW_CTX_DAG_OWNER=coder2j
AIRFLOW_CTX_DAG_ID=our_first_dag_v5
AIRFLOW_CTX_TASK_ID=first_task
AIRFLOW_CTX_EXECUTION_DATE=2021-08-02T00:00:00+00:00
AIRFLOW_CTX_DAG_RUN_ID=scheduled__2021-08-02T00:00:00+00:00
[2023-10-01 04:57:28,247] {bash.py:135} INFO - Tmp dir root location: 
 /tmp
[2023-10-01 04:57:28,282] {bash.py:158} INFO - Running command: echo hello world, this is the first task!
[2023-10-01 04:57:30,474] {bash.py:169} INFO - Output:
[2023-10-01 04:57:30,899] {bash.py:173} INFO - hello world, this is the first task!
[2023-10-01 04:57:31,419] {bash.py:177} INFO - Command exited with return code 0
[2023-10-01 04:57:36,313] {taskinstance.py:1166} INFO - Marking task as SUCCESS. dag_id=our_first_dag_v5, task_id=first_task, execution_date=20210802T000000, start_date=20231001T045642, end_date=20231001T045736
[2023-10-01 04:57:43,355] {local_task_job.py:188} WARNING - State of this instance has been externally set to success. Terminating instance.
[2023-10-01 04:57:43,484] {process_utils.py:100} INFO - Sending Signals.SIGTERM to GPID 622
[2023-10-01 04:57:43,765] {taskinstance.py:1239} ERROR - Received SIGTERM. Terminating subprocesses.
[2023-10-01 04:57:43,773] {bash.py:185} INFO - Sending SIGTERM signal to bash process group
[2023-10-01 04:57:46,087] {process_utils.py:66} INFO - Process psutil.Process(pid=622, status='terminated', exitcode=1, started='04:56:52') (622) terminated with exit code 1
