[2023-10-01 06:13:42,441] {taskinstance.py:851} INFO - Dependencies all met for <TaskInstance: our_fourth_dag_v4.first_task 2021-10-16T00:00:00+00:00 [queued]>
[2023-10-01 06:13:45,838] {taskinstance.py:851} INFO - Dependencies all met for <TaskInstance: our_fourth_dag_v4.first_task 2021-10-16T00:00:00+00:00 [queued]>
[2023-10-01 06:13:45,906] {taskinstance.py:1042} INFO - 
--------------------------------------------------------------------------------
[2023-10-01 06:13:45,953] {taskinstance.py:1043} INFO - Starting attempt 1 of 6
[2023-10-01 06:13:45,981] {taskinstance.py:1044} INFO - 
--------------------------------------------------------------------------------
[2023-10-01 06:13:46,894] {taskinstance.py:1063} INFO - Executing <Task(BashOperator): first_task> on 2021-10-16T00:00:00+00:00
[2023-10-01 06:13:47,367] {standard_task_runner.py:52} INFO - Started process 5050 to run task
[2023-10-01 06:13:47,758] {standard_task_runner.py:76} INFO - Running: ['airflow', 'tasks', 'run', 'our_fourth_dag_v4', 'first_task', '2021-10-16T00:00:00+00:00', '--job-id', '659', '--pool', 'default_pool', '--raw', '--subdir', 'DAGS_FOLDER/our_fourth_dag.py', '--cfg-path', '/tmp/tmpddvfpnfs', '--error-file', '/tmp/tmpfbaq7pe1']
[2023-10-01 06:13:47,982] {standard_task_runner.py:77} INFO - Job 659: Subtask first_task
[2023-10-01 06:13:49,292] {logging_mixin.py:104} INFO - Running <TaskInstance: our_fourth_dag_v4.first_task 2021-10-16T00:00:00+00:00 [running]> on host d4ed655215d1
[2023-10-01 06:13:50,453] {taskinstance.py:1257} INFO - Exporting the following env vars:
AIRFLOW_CTX_DAG_OWNER=svastikkka
AIRFLOW_CTX_DAG_ID=our_fourth_dag_v4
AIRFLOW_CTX_TASK_ID=first_task
AIRFLOW_CTX_EXECUTION_DATE=2021-10-16T00:00:00+00:00
AIRFLOW_CTX_DAG_RUN_ID=scheduled__2021-10-16T00:00:00+00:00
[2023-10-01 06:13:50,479] {bash.py:135} INFO - Tmp dir root location: 
 /tmp
[2023-10-01 06:13:50,507] {bash.py:158} INFO - Running command: echo hello world, this is the first task!
[2023-10-01 06:13:50,768] {bash.py:169} INFO - Output:
[2023-10-01 06:13:50,829] {bash.py:173} INFO - hello world, this is the first task!
[2023-10-01 06:13:50,843] {bash.py:177} INFO - Command exited with return code 0
[2023-10-01 06:13:51,296] {taskinstance.py:1166} INFO - Marking task as SUCCESS. dag_id=our_fourth_dag_v4, task_id=first_task, execution_date=20211016T000000, start_date=20231001T061342, end_date=20231001T061351
[2023-10-01 06:13:52,129] {taskinstance.py:1220} INFO - 2 downstream tasks scheduled from follow-on schedule check
[2023-10-01 06:13:53,358] {local_task_job.py:146} INFO - Task exited with return code 0
