[2023-10-01 10:06:25,870] {taskinstance.py:851} INFO - Dependencies all met for <TaskInstance: postgres_v1.insert_into_table 2021-08-28T00:00:00+00:00 [queued]>
[2023-10-01 10:06:26,130] {taskinstance.py:851} INFO - Dependencies all met for <TaskInstance: postgres_v1.insert_into_table 2021-08-28T00:00:00+00:00 [queued]>
[2023-10-01 10:06:26,147] {taskinstance.py:1042} INFO - 
--------------------------------------------------------------------------------
[2023-10-01 10:06:26,149] {taskinstance.py:1043} INFO - Starting attempt 4 of 6
[2023-10-01 10:06:26,154] {taskinstance.py:1044} INFO - 
--------------------------------------------------------------------------------
[2023-10-01 10:06:26,391] {taskinstance.py:1063} INFO - Executing <Task(PostgresOperator): insert_into_table> on 2021-08-28T00:00:00+00:00
[2023-10-01 10:06:26,467] {standard_task_runner.py:52} INFO - Started process 45872 to run task
[2023-10-01 10:06:26,586] {standard_task_runner.py:76} INFO - Running: ['airflow', 'tasks', 'run', 'postgres_v1', 'insert_into_table', '2021-08-28T00:00:00+00:00', '--job-id', '2684', '--pool', 'default_pool', '--raw', '--subdir', 'DAGS_FOLDER/1_postgresql.py', '--cfg-path', '/tmp/tmpa2_jpy22', '--error-file', '/tmp/tmp3snmo_8c']
[2023-10-01 10:06:26,692] {standard_task_runner.py:77} INFO - Job 2684: Subtask insert_into_table
[2023-10-01 10:06:27,296] {logging_mixin.py:104} INFO - Running <TaskInstance: postgres_v1.insert_into_table 2021-08-28T00:00:00+00:00 [running]> on host d4ed655215d1
[2023-10-01 10:06:28,676] {taskinstance.py:1257} INFO - Exporting the following env vars:
AIRFLOW_CTX_DAG_OWNER=svastikkka
AIRFLOW_CTX_DAG_ID=postgres_v1
AIRFLOW_CTX_TASK_ID=insert_into_table
AIRFLOW_CTX_EXECUTION_DATE=2021-08-28T00:00:00+00:00
AIRFLOW_CTX_DAG_RUN_ID=scheduled__2021-08-28T00:00:00+00:00
[2023-10-01 10:06:28,679] {postgres.py:69} INFO - Executing: 
            insert into dags_run (dt, dag_id) values ('2021-08-28', 'postgres_v1')
        
[2023-10-01 10:06:28,764] {base.py:74} INFO - Using connection to: id: posgres_testing. Host: host.docker.internal, Port: 5432, Schema: testing, Login: airflow, Password: XXXXXXXX, extra: None
[2023-10-01 10:06:28,819] {dbapi.py:180} INFO - Running statement: 
            insert into dags_run (dt, dag_id) values ('2021-08-28', 'postgres_v1')
        , parameters: None
[2023-10-01 10:06:28,846] {dbapi.py:186} INFO - Rows affected: 1
[2023-10-01 10:06:28,960] {taskinstance.py:1166} INFO - Marking task as SUCCESS. dag_id=postgres_v1, task_id=insert_into_table, execution_date=20210828T000000, start_date=20231001T100625, end_date=20231001T100628
[2023-10-01 10:06:29,798] {taskinstance.py:1220} INFO - 0 downstream tasks scheduled from follow-on schedule check
[2023-10-01 10:06:30,007] {local_task_job.py:146} INFO - Task exited with return code 0
