[2023-10-01 06:08:17,986] {taskinstance.py:851} INFO - Dependencies all met for <TaskInstance: our_fourth_dag_v4.first_task 2021-08-10T00:00:00+00:00 [queued]>
[2023-10-01 06:08:21,651] {taskinstance.py:851} INFO - Dependencies all met for <TaskInstance: our_fourth_dag_v4.first_task 2021-08-10T00:00:00+00:00 [queued]>
[2023-10-01 06:08:21,709] {taskinstance.py:1042} INFO - 
--------------------------------------------------------------------------------
[2023-10-01 06:08:21,712] {taskinstance.py:1043} INFO - Starting attempt 1 of 6
[2023-10-01 06:08:21,722] {taskinstance.py:1044} INFO - 
--------------------------------------------------------------------------------
[2023-10-01 06:08:22,274] {taskinstance.py:1063} INFO - Executing <Task(BashOperator): first_task> on 2021-08-10T00:00:00+00:00
[2023-10-01 06:08:22,440] {standard_task_runner.py:52} INFO - Started process 4010 to run task
[2023-10-01 06:08:22,619] {standard_task_runner.py:76} INFO - Running: ['airflow', 'tasks', 'run', 'our_fourth_dag_v4', 'first_task', '2021-08-10T00:00:00+00:00', '--job-id', '456', '--pool', 'default_pool', '--raw', '--subdir', 'DAGS_FOLDER/our_fourth_dag.py', '--cfg-path', '/tmp/tmpmitc66rf', '--error-file', '/tmp/tmpg90b6ien']
[2023-10-01 06:08:22,858] {standard_task_runner.py:77} INFO - Job 456: Subtask first_task
[2023-10-01 06:08:24,339] {logging_mixin.py:104} INFO - Running <TaskInstance: our_fourth_dag_v4.first_task 2021-08-10T00:00:00+00:00 [running]> on host d4ed655215d1
[2023-10-01 06:08:25,676] {taskinstance.py:1257} INFO - Exporting the following env vars:
AIRFLOW_CTX_DAG_OWNER=svastikkka
AIRFLOW_CTX_DAG_ID=our_fourth_dag_v4
AIRFLOW_CTX_TASK_ID=first_task
AIRFLOW_CTX_EXECUTION_DATE=2021-08-10T00:00:00+00:00
AIRFLOW_CTX_DAG_RUN_ID=scheduled__2021-08-10T00:00:00+00:00
[2023-10-01 06:08:25,689] {bash.py:135} INFO - Tmp dir root location: 
 /tmp
[2023-10-01 06:08:25,704] {bash.py:158} INFO - Running command: echo hello world, this is the first task!
[2023-10-01 06:08:26,138] {bash.py:169} INFO - Output:
[2023-10-01 06:08:26,217] {bash.py:173} INFO - hello world, this is the first task!
[2023-10-01 06:08:26,235] {bash.py:177} INFO - Command exited with return code 0
[2023-10-01 06:08:26,768] {taskinstance.py:1166} INFO - Marking task as SUCCESS. dag_id=our_fourth_dag_v4, task_id=first_task, execution_date=20210810T000000, start_date=20231001T060818, end_date=20231001T060826
[2023-10-01 06:08:29,381] {local_task_job.py:188} WARNING - State of this instance has been externally set to success. Terminating instance.
[2023-10-01 06:08:29,460] {process_utils.py:100} INFO - Sending Signals.SIGTERM to GPID 4010
[2023-10-01 06:08:31,303] {taskinstance.py:1239} ERROR - Received SIGTERM. Terminating subprocesses.
[2023-10-01 06:08:31,316] {bash.py:185} INFO - Sending SIGTERM signal to bash process group
[2023-10-01 06:08:31,926] {process_utils.py:66} INFO - Process psutil.Process(pid=4010, status='terminated', exitcode=1, started='06:08:21') (4010) terminated with exit code 1
