[2023-10-01 05:59:19,050] {taskinstance.py:851} INFO - Dependencies all met for <TaskInstance: our_third_dag_v3.first_task 2021-09-17T00:00:00+00:00 [queued]>
[2023-10-01 05:59:19,385] {taskinstance.py:851} INFO - Dependencies all met for <TaskInstance: our_third_dag_v3.first_task 2021-09-17T00:00:00+00:00 [queued]>
[2023-10-01 05:59:19,386] {taskinstance.py:1042} INFO - 
--------------------------------------------------------------------------------
[2023-10-01 05:59:19,397] {taskinstance.py:1043} INFO - Starting attempt 1 of 6
[2023-10-01 05:59:19,400] {taskinstance.py:1044} INFO - 
--------------------------------------------------------------------------------
[2023-10-01 05:59:19,592] {taskinstance.py:1063} INFO - Executing <Task(BashOperator): first_task> on 2021-09-17T00:00:00+00:00
[2023-10-01 05:59:19,653] {standard_task_runner.py:52} INFO - Started process 2946 to run task
[2023-10-01 05:59:19,732] {standard_task_runner.py:76} INFO - Running: ['airflow', 'tasks', 'run', 'our_third_dag_v3', 'first_task', '2021-09-17T00:00:00+00:00', '--job-id', '291', '--pool', 'default_pool', '--raw', '--subdir', 'DAGS_FOLDER/our_third_dag.py', '--cfg-path', '/tmp/tmpbaze82x5', '--error-file', '/tmp/tmplrm1ziqo']
[2023-10-01 05:59:19,766] {standard_task_runner.py:77} INFO - Job 291: Subtask first_task
[2023-10-01 05:59:20,723] {logging_mixin.py:104} INFO - Running <TaskInstance: our_third_dag_v3.first_task 2021-09-17T00:00:00+00:00 [running]> on host d4ed655215d1
[2023-10-01 05:59:21,913] {taskinstance.py:1257} INFO - Exporting the following env vars:
AIRFLOW_CTX_DAG_OWNER=coder2j
AIRFLOW_CTX_DAG_ID=our_third_dag_v3
AIRFLOW_CTX_TASK_ID=first_task
AIRFLOW_CTX_EXECUTION_DATE=2021-09-17T00:00:00+00:00
AIRFLOW_CTX_DAG_RUN_ID=scheduled__2021-09-17T00:00:00+00:00
[2023-10-01 05:59:21,952] {bash.py:135} INFO - Tmp dir root location: 
 /tmp
[2023-10-01 05:59:22,100] {bash.py:158} INFO - Running command: echo hello world, this is the first task!
[2023-10-01 05:59:22,451] {bash.py:169} INFO - Output:
[2023-10-01 05:59:22,506] {bash.py:173} INFO - hello world, this is the first task!
[2023-10-01 05:59:22,521] {bash.py:177} INFO - Command exited with return code 0
[2023-10-01 05:59:23,052] {taskinstance.py:1166} INFO - Marking task as SUCCESS. dag_id=our_third_dag_v3, task_id=first_task, execution_date=20210917T000000, start_date=20231001T055919, end_date=20231001T055923
[2023-10-01 05:59:23,815] {taskinstance.py:1220} INFO - 2 downstream tasks scheduled from follow-on schedule check
[2023-10-01 05:59:24,131] {local_task_job.py:146} INFO - Task exited with return code 0
