[2023-10-01 05:53:50,578] {taskinstance.py:851} INFO - Dependencies all met for <TaskInstance: our_third_dag_v3.second_task 2021-08-05T00:00:00+00:00 [queued]>
[2023-10-01 05:53:51,167] {taskinstance.py:851} INFO - Dependencies all met for <TaskInstance: our_third_dag_v3.second_task 2021-08-05T00:00:00+00:00 [queued]>
[2023-10-01 05:53:51,170] {taskinstance.py:1042} INFO - 
--------------------------------------------------------------------------------
[2023-10-01 05:53:51,172] {taskinstance.py:1043} INFO - Starting attempt 1 of 6
[2023-10-01 05:53:51,187] {taskinstance.py:1044} INFO - 
--------------------------------------------------------------------------------
[2023-10-01 05:53:51,517] {taskinstance.py:1063} INFO - Executing <Task(BashOperator): second_task> on 2021-08-05T00:00:00+00:00
[2023-10-01 05:53:51,702] {standard_task_runner.py:52} INFO - Started process 2370 to run task
[2023-10-01 05:53:51,946] {standard_task_runner.py:76} INFO - Running: ['airflow', 'tasks', 'run', 'our_third_dag_v3', 'second_task', '2021-08-05T00:00:00+00:00', '--job-id', '178', '--pool', 'default_pool', '--raw', '--subdir', 'DAGS_FOLDER/our_third_dag.py', '--cfg-path', '/tmp/tmp84b2a2ce', '--error-file', '/tmp/tmpe5xcvp9b']
[2023-10-01 05:53:52,016] {standard_task_runner.py:77} INFO - Job 178: Subtask second_task
[2023-10-01 05:53:53,731] {logging_mixin.py:104} INFO - Running <TaskInstance: our_third_dag_v3.second_task 2021-08-05T00:00:00+00:00 [running]> on host d4ed655215d1
[2023-10-01 05:53:55,049] {taskinstance.py:1257} INFO - Exporting the following env vars:
AIRFLOW_CTX_DAG_OWNER=coder2j
AIRFLOW_CTX_DAG_ID=our_third_dag_v3
AIRFLOW_CTX_TASK_ID=second_task
AIRFLOW_CTX_EXECUTION_DATE=2021-08-05T00:00:00+00:00
AIRFLOW_CTX_DAG_RUN_ID=scheduled__2021-08-05T00:00:00+00:00
[2023-10-01 05:53:55,116] {bash.py:135} INFO - Tmp dir root location: 
 /tmp
[2023-10-01 05:53:55,171] {bash.py:158} INFO - Running command: echo hey, I am task2 and will be running after task1!
[2023-10-01 05:53:55,501] {bash.py:169} INFO - Output:
[2023-10-01 05:53:55,556] {bash.py:173} INFO - hey, I am task2 and will be running after task1!
[2023-10-01 05:53:55,559] {bash.py:177} INFO - Command exited with return code 0
[2023-10-01 05:53:57,065] {taskinstance.py:1166} INFO - Marking task as SUCCESS. dag_id=our_third_dag_v3, task_id=second_task, execution_date=20210805T000000, start_date=20231001T055350, end_date=20231001T055357
[2023-10-01 05:54:00,346] {taskinstance.py:1220} INFO - 0 downstream tasks scheduled from follow-on schedule check
[2023-10-01 05:54:01,099] {local_task_job.py:188} WARNING - State of this instance has been externally set to success. Terminating instance.
[2023-10-01 05:54:02,507] {process_utils.py:100} INFO - Sending Signals.SIGTERM to GPID 2370
[2023-10-01 05:54:02,818] {process_utils.py:66} INFO - Process psutil.Process(pid=2370, status='terminated', exitcode=0, started='05:53:50') (2370) terminated with exit code 0
