[2023-10-01 05:02:38,063] {taskinstance.py:851} INFO - Dependencies all met for <TaskInstance: our_first_dag_v1.first_task 2021-08-24T00:00:00+00:00 [queued]>
[2023-10-01 05:02:38,328] {taskinstance.py:851} INFO - Dependencies all met for <TaskInstance: our_first_dag_v1.first_task 2021-08-24T00:00:00+00:00 [queued]>
[2023-10-01 05:02:38,397] {taskinstance.py:1042} INFO - 
--------------------------------------------------------------------------------
[2023-10-01 05:02:38,403] {taskinstance.py:1043} INFO - Starting attempt 1 of 6
[2023-10-01 05:02:38,408] {taskinstance.py:1044} INFO - 
--------------------------------------------------------------------------------
[2023-10-01 05:02:38,568] {taskinstance.py:1063} INFO - Executing <Task(BashOperator): first_task> on 2021-08-24T00:00:00+00:00
[2023-10-01 05:02:38,599] {standard_task_runner.py:52} INFO - Started process 1075 to run task
[2023-10-01 05:02:38,915] {standard_task_runner.py:76} INFO - Running: ['airflow', 'tasks', 'run', 'our_first_dag_v1', 'first_task', '2021-08-24T00:00:00+00:00', '--job-id', '117', '--pool', 'default_pool', '--raw', '--subdir', 'DAGS_FOLDER/our_first_dag.py', '--cfg-path', '/tmp/tmpmvke3z_5', '--error-file', '/tmp/tmp4u7ac22b']
[2023-10-01 05:02:38,932] {standard_task_runner.py:77} INFO - Job 117: Subtask first_task
[2023-10-01 05:02:40,176] {logging_mixin.py:104} INFO - Running <TaskInstance: our_first_dag_v1.first_task 2021-08-24T00:00:00+00:00 [running]> on host c25e1f8124bc
[2023-10-01 05:02:41,665] {taskinstance.py:1257} INFO - Exporting the following env vars:
AIRFLOW_CTX_DAG_OWNER=coder2j
AIRFLOW_CTX_DAG_ID=our_first_dag_v1
AIRFLOW_CTX_TASK_ID=first_task
AIRFLOW_CTX_EXECUTION_DATE=2021-08-24T00:00:00+00:00
AIRFLOW_CTX_DAG_RUN_ID=scheduled__2021-08-24T00:00:00+00:00
[2023-10-01 05:02:41,684] {bash.py:135} INFO - Tmp dir root location: 
 /tmp
[2023-10-01 05:02:41,692] {bash.py:158} INFO - Running command: echo hello world, this is the first task!
[2023-10-01 05:02:41,775] {bash.py:169} INFO - Output:
[2023-10-01 05:02:41,782] {bash.py:173} INFO - hello world, this is the first task!
[2023-10-01 05:02:41,785] {bash.py:177} INFO - Command exited with return code 0
[2023-10-01 05:02:41,944] {taskinstance.py:1166} INFO - Marking task as SUCCESS. dag_id=our_first_dag_v1, task_id=first_task, execution_date=20210824T000000, start_date=20231001T050238, end_date=20231001T050241
[2023-10-01 05:02:42,089] {taskinstance.py:1220} INFO - 0 downstream tasks scheduled from follow-on schedule check
[2023-10-01 05:02:42,130] {local_task_job.py:146} INFO - Task exited with return code 0
[2023-10-01 05:18:58,908] {taskinstance.py:851} INFO - Dependencies all met for <TaskInstance: our_first_dag_v1.first_task 2021-08-24T00:00:00+00:00 [queued]>
[2023-10-01 05:18:59,031] {taskinstance.py:851} INFO - Dependencies all met for <TaskInstance: our_first_dag_v1.first_task 2021-08-24T00:00:00+00:00 [queued]>
[2023-10-01 05:18:59,036] {taskinstance.py:1042} INFO - 
--------------------------------------------------------------------------------
[2023-10-01 05:18:59,040] {taskinstance.py:1043} INFO - Starting attempt 1 of 6
[2023-10-01 05:18:59,043] {taskinstance.py:1044} INFO - 
--------------------------------------------------------------------------------
[2023-10-01 05:18:59,137] {taskinstance.py:1063} INFO - Executing <Task(BashOperator): first_task> on 2021-08-24T00:00:00+00:00
[2023-10-01 05:18:59,168] {standard_task_runner.py:52} INFO - Started process 309 to run task
[2023-10-01 05:18:59,264] {standard_task_runner.py:76} INFO - Running: ['airflow', 'tasks', 'run', 'our_first_dag_v1', 'first_task', '2021-08-24T00:00:00+00:00', '--job-id', '27', '--pool', 'default_pool', '--raw', '--subdir', 'DAGS_FOLDER/our_first_dag.py', '--cfg-path', '/tmp/tmp6tbfo3th', '--error-file', '/tmp/tmpwwd0fw6j']
[2023-10-01 05:18:59,288] {standard_task_runner.py:77} INFO - Job 27: Subtask first_task
[2023-10-01 05:18:59,786] {logging_mixin.py:104} INFO - Running <TaskInstance: our_first_dag_v1.first_task 2021-08-24T00:00:00+00:00 [running]> on host d4ed655215d1
[2023-10-01 05:19:00,515] {taskinstance.py:1257} INFO - Exporting the following env vars:
AIRFLOW_CTX_DAG_OWNER=coder2j
AIRFLOW_CTX_DAG_ID=our_first_dag_v1
AIRFLOW_CTX_TASK_ID=first_task
AIRFLOW_CTX_EXECUTION_DATE=2021-08-24T00:00:00+00:00
AIRFLOW_CTX_DAG_RUN_ID=scheduled__2021-08-24T00:00:00+00:00
[2023-10-01 05:19:00,528] {bash.py:135} INFO - Tmp dir root location: 
 /tmp
[2023-10-01 05:19:00,569] {bash.py:158} INFO - Running command: echo hello world, this is the first task!
[2023-10-01 05:19:00,718] {bash.py:169} INFO - Output:
[2023-10-01 05:19:00,751] {bash.py:173} INFO - hello world, this is the first task!
[2023-10-01 05:19:00,753] {bash.py:177} INFO - Command exited with return code 0
[2023-10-01 05:19:00,974] {taskinstance.py:1166} INFO - Marking task as SUCCESS. dag_id=our_first_dag_v1, task_id=first_task, execution_date=20210824T000000, start_date=20231001T051858, end_date=20231001T051900
[2023-10-01 05:19:01,240] {taskinstance.py:1220} INFO - 0 downstream tasks scheduled from follow-on schedule check
[2023-10-01 05:19:01,370] {local_task_job.py:146} INFO - Task exited with return code 0
