[2023-10-01 07:46:19,247] {taskinstance.py:851} INFO - Dependencies all met for <TaskInstance: our_seventh_dag_v7.greet 2022-03-20T00:00:00+00:00 [queued]>
[2023-10-01 07:46:19,490] {taskinstance.py:851} INFO - Dependencies all met for <TaskInstance: our_seventh_dag_v7.greet 2022-03-20T00:00:00+00:00 [queued]>
[2023-10-01 07:46:19,494] {taskinstance.py:1042} INFO - 
--------------------------------------------------------------------------------
[2023-10-01 07:46:19,498] {taskinstance.py:1043} INFO - Starting attempt 1 of 6
[2023-10-01 07:46:19,502] {taskinstance.py:1044} INFO - 
--------------------------------------------------------------------------------
[2023-10-01 07:46:19,739] {taskinstance.py:1063} INFO - Executing <Task(PythonOperator): greet> on 2022-03-20T00:00:00+00:00
[2023-10-01 07:46:19,801] {standard_task_runner.py:52} INFO - Started process 20634 to run task
[2023-10-01 07:46:19,924] {standard_task_runner.py:76} INFO - Running: ['airflow', 'tasks', 'run', 'our_seventh_dag_v7', 'greet', '2022-03-20T00:00:00+00:00', '--job-id', '1805', '--pool', 'default_pool', '--raw', '--subdir', 'DAGS_FOLDER/our_seventh_dag.py', '--cfg-path', '/tmp/tmpn6701zxa', '--error-file', '/tmp/tmpi0udh5bb']
[2023-10-01 07:46:20,002] {standard_task_runner.py:77} INFO - Job 1805: Subtask greet
[2023-10-01 07:46:21,083] {logging_mixin.py:104} INFO - Running <TaskInstance: our_seventh_dag_v7.greet 2022-03-20T00:00:00+00:00 [running]> on host d4ed655215d1
[2023-10-01 07:46:21,659] {taskinstance.py:1257} INFO - Exporting the following env vars:
AIRFLOW_CTX_DAG_OWNER=svastikkka
AIRFLOW_CTX_DAG_ID=our_seventh_dag_v7
AIRFLOW_CTX_TASK_ID=greet
AIRFLOW_CTX_EXECUTION_DATE=2022-03-20T00:00:00+00:00
AIRFLOW_CTX_DAG_RUN_ID=scheduled__2022-03-20T00:00:00+00:00
[2023-10-01 07:46:21,771] {logging_mixin.py:104} INFO - Hello My name is Manshu Sharma and I am 26 years old.
[2023-10-01 07:46:21,774] {python.py:118} INFO - Done. Returned value was: None
[2023-10-01 07:46:21,884] {taskinstance.py:1166} INFO - Marking task as SUCCESS. dag_id=our_seventh_dag_v7, task_id=greet, execution_date=20220320T000000, start_date=20231001T074619, end_date=20231001T074621
[2023-10-01 07:46:22,163] {taskinstance.py:1220} INFO - 0 downstream tasks scheduled from follow-on schedule check
[2023-10-01 07:46:22,276] {local_task_job.py:146} INFO - Task exited with return code 0
