[2023-10-01 05:59:26,843] {taskinstance.py:851} INFO - Dependencies all met for <TaskInstance: our_third_dag_v3.first_task 2021-09-18T00:00:00+00:00 [queued]>
[2023-10-01 05:59:27,334] {taskinstance.py:851} INFO - Dependencies all met for <TaskInstance: our_third_dag_v3.first_task 2021-09-18T00:00:00+00:00 [queued]>
[2023-10-01 05:59:27,341] {taskinstance.py:1042} INFO - 
--------------------------------------------------------------------------------
[2023-10-01 05:59:27,344] {taskinstance.py:1043} INFO - Starting attempt 1 of 6
[2023-10-01 05:59:27,351] {taskinstance.py:1044} INFO - 
--------------------------------------------------------------------------------
[2023-10-01 05:59:27,622] {taskinstance.py:1063} INFO - Executing <Task(BashOperator): first_task> on 2021-09-18T00:00:00+00:00
[2023-10-01 05:59:27,777] {standard_task_runner.py:52} INFO - Started process 2974 to run task
[2023-10-01 05:59:28,012] {standard_task_runner.py:76} INFO - Running: ['airflow', 'tasks', 'run', 'our_third_dag_v3', 'first_task', '2021-09-18T00:00:00+00:00', '--job-id', '293', '--pool', 'default_pool', '--raw', '--subdir', 'DAGS_FOLDER/our_third_dag.py', '--cfg-path', '/tmp/tmpjv37e878', '--error-file', '/tmp/tmpn9wowq1s']
[2023-10-01 05:59:28,221] {standard_task_runner.py:77} INFO - Job 293: Subtask first_task
[2023-10-01 05:59:29,407] {logging_mixin.py:104} INFO - Running <TaskInstance: our_third_dag_v3.first_task 2021-09-18T00:00:00+00:00 [running]> on host d4ed655215d1
[2023-10-01 05:59:30,516] {taskinstance.py:1257} INFO - Exporting the following env vars:
AIRFLOW_CTX_DAG_OWNER=coder2j
AIRFLOW_CTX_DAG_ID=our_third_dag_v3
AIRFLOW_CTX_TASK_ID=first_task
AIRFLOW_CTX_EXECUTION_DATE=2021-09-18T00:00:00+00:00
AIRFLOW_CTX_DAG_RUN_ID=scheduled__2021-09-18T00:00:00+00:00
[2023-10-01 05:59:30,533] {bash.py:135} INFO - Tmp dir root location: 
 /tmp
[2023-10-01 05:59:30,558] {bash.py:158} INFO - Running command: echo hello world, this is the first task!
[2023-10-01 05:59:30,844] {bash.py:169} INFO - Output:
[2023-10-01 05:59:30,875] {bash.py:173} INFO - hello world, this is the first task!
[2023-10-01 05:59:30,890] {bash.py:177} INFO - Command exited with return code 0
[2023-10-01 05:59:31,366] {taskinstance.py:1166} INFO - Marking task as SUCCESS. dag_id=our_third_dag_v3, task_id=first_task, execution_date=20210918T000000, start_date=20231001T055926, end_date=20231001T055931
[2023-10-01 05:59:33,812] {local_task_job.py:188} WARNING - State of this instance has been externally set to success. Terminating instance.
[2023-10-01 05:59:34,044] {process_utils.py:100} INFO - Sending Signals.SIGTERM to GPID 2974
[2023-10-01 05:59:35,254] {taskinstance.py:1239} ERROR - Received SIGTERM. Terminating subprocesses.
[2023-10-01 05:59:35,264] {bash.py:185} INFO - Sending SIGTERM signal to bash process group
[2023-10-01 05:59:36,423] {process_utils.py:66} INFO - Process psutil.Process(pid=2974, status='terminated', exitcode=1, started='05:59:26') (2974) terminated with exit code 1
