[2023-10-01 06:07:02,899] {taskinstance.py:851} INFO - Dependencies all met for <TaskInstance: our_fourth_dag_v4.second_task 2021-07-30T00:00:00+00:00 [queued]>
[2023-10-01 06:07:03,678] {taskinstance.py:851} INFO - Dependencies all met for <TaskInstance: our_fourth_dag_v4.second_task 2021-07-30T00:00:00+00:00 [queued]>
[2023-10-01 06:07:03,717] {taskinstance.py:1042} INFO - 
--------------------------------------------------------------------------------
[2023-10-01 06:07:03,720] {taskinstance.py:1043} INFO - Starting attempt 1 of 6
[2023-10-01 06:07:03,752] {taskinstance.py:1044} INFO - 
--------------------------------------------------------------------------------
[2023-10-01 06:07:04,080] {taskinstance.py:1063} INFO - Executing <Task(BashOperator): second_task> on 2021-07-30T00:00:00+00:00
[2023-10-01 06:07:04,111] {standard_task_runner.py:52} INFO - Started process 3928 to run task
[2023-10-01 06:07:04,337] {standard_task_runner.py:76} INFO - Running: ['airflow', 'tasks', 'run', 'our_fourth_dag_v4', 'second_task', '2021-07-30T00:00:00+00:00', '--job-id', '440', '--pool', 'default_pool', '--raw', '--subdir', 'DAGS_FOLDER/our_fourth_dag.py', '--cfg-path', '/tmp/tmp9wqbw97c', '--error-file', '/tmp/tmp_i0xbtqw']
[2023-10-01 06:07:04,466] {standard_task_runner.py:77} INFO - Job 440: Subtask second_task
[2023-10-01 06:07:05,796] {logging_mixin.py:104} INFO - Running <TaskInstance: our_fourth_dag_v4.second_task 2021-07-30T00:00:00+00:00 [running]> on host d4ed655215d1
[2023-10-01 06:07:07,299] {taskinstance.py:1257} INFO - Exporting the following env vars:
AIRFLOW_CTX_DAG_OWNER=svastikkka
AIRFLOW_CTX_DAG_ID=our_fourth_dag_v4
AIRFLOW_CTX_TASK_ID=second_task
AIRFLOW_CTX_EXECUTION_DATE=2021-07-30T00:00:00+00:00
AIRFLOW_CTX_DAG_RUN_ID=scheduled__2021-07-30T00:00:00+00:00
[2023-10-01 06:07:07,324] {bash.py:135} INFO - Tmp dir root location: 
 /tmp
[2023-10-01 06:07:07,359] {bash.py:158} INFO - Running command: echo hey, I am task2 and will be running after task1!
[2023-10-01 06:07:07,920] {bash.py:169} INFO - Output:
[2023-10-01 06:07:08,014] {bash.py:173} INFO - hey, I am task2 and will be running after task1!
[2023-10-01 06:07:08,021] {bash.py:177} INFO - Command exited with return code 0
[2023-10-01 06:07:11,616] {taskinstance.py:1166} INFO - Marking task as SUCCESS. dag_id=our_fourth_dag_v4, task_id=second_task, execution_date=20210730T000000, start_date=20231001T060702, end_date=20231001T060711
[2023-10-01 06:07:51,201] {local_task_job.py:188} WARNING - State of this instance has been externally set to success. Terminating instance.
[2023-10-01 06:07:52,102] {process_utils.py:100} INFO - Sending Signals.SIGTERM to GPID 3928
[2023-10-01 06:07:55,322] {taskinstance.py:1239} ERROR - Received SIGTERM. Terminating subprocesses.
[2023-10-01 06:07:55,453] {bash.py:185} INFO - Sending SIGTERM signal to bash process group
[2023-10-01 06:07:57,904] {process_utils.py:66} INFO - Process psutil.Process(pid=3928, status='terminated', exitcode=1, started='06:07:03') (3928) terminated with exit code 1
