[2023-10-01 07:57:20,076] {taskinstance.py:851} INFO - Dependencies all met for <TaskInstance: our_seventh_dag_v7.greet 2022-12-26T00:00:00+00:00 [queued]>
[2023-10-01 07:57:20,487] {taskinstance.py:851} INFO - Dependencies all met for <TaskInstance: our_seventh_dag_v7.greet 2022-12-26T00:00:00+00:00 [queued]>
[2023-10-01 07:57:20,542] {taskinstance.py:1042} INFO - 
--------------------------------------------------------------------------------
[2023-10-01 07:57:20,654] {taskinstance.py:1043} INFO - Starting attempt 1 of 6
[2023-10-01 07:57:20,740] {taskinstance.py:1044} INFO - 
--------------------------------------------------------------------------------
[2023-10-01 07:57:21,400] {taskinstance.py:1063} INFO - Executing <Task(PythonOperator): greet> on 2022-12-26T00:00:00+00:00
[2023-10-01 07:57:21,684] {standard_task_runner.py:52} INFO - Started process 23543 to run task
[2023-10-01 07:57:22,301] {standard_task_runner.py:76} INFO - Running: ['airflow', 'tasks', 'run', 'our_seventh_dag_v7', 'greet', '2022-12-26T00:00:00+00:00', '--job-id', '2367', '--pool', 'default_pool', '--raw', '--subdir', 'DAGS_FOLDER/our_seventh_dag.py', '--cfg-path', '/tmp/tmpm5fwsqyc', '--error-file', '/tmp/tmpo15nng_3']
[2023-10-01 07:57:22,378] {standard_task_runner.py:77} INFO - Job 2367: Subtask greet
[2023-10-01 07:57:23,101] {logging_mixin.py:104} INFO - Running <TaskInstance: our_seventh_dag_v7.greet 2022-12-26T00:00:00+00:00 [running]> on host d4ed655215d1
[2023-10-01 07:57:23,776] {taskinstance.py:1257} INFO - Exporting the following env vars:
AIRFLOW_CTX_DAG_OWNER=svastikkka
AIRFLOW_CTX_DAG_ID=our_seventh_dag_v7
AIRFLOW_CTX_TASK_ID=greet
AIRFLOW_CTX_EXECUTION_DATE=2022-12-26T00:00:00+00:00
AIRFLOW_CTX_DAG_RUN_ID=scheduled__2022-12-26T00:00:00+00:00
[2023-10-01 07:57:23,937] {logging_mixin.py:104} INFO - Hello My name is Manshu Sharma and I am 26 years old.
[2023-10-01 07:57:23,942] {python.py:118} INFO - Done. Returned value was: None
[2023-10-01 07:57:29,015] {taskinstance.py:1166} INFO - Marking task as SUCCESS. dag_id=our_seventh_dag_v7, task_id=greet, execution_date=20221226T000000, start_date=20231001T075720, end_date=20231001T075728
[2023-10-01 07:57:30,062] {local_task_job.py:188} WARNING - State of this instance has been externally set to success. Terminating instance.
[2023-10-01 07:57:30,215] {taskinstance.py:1220} INFO - 0 downstream tasks scheduled from follow-on schedule check
[2023-10-01 07:57:30,442] {process_utils.py:100} INFO - Sending Signals.SIGTERM to GPID 23543
[2023-10-01 07:57:30,779] {process_utils.py:66} INFO - Process psutil.Process(pid=23543, status='terminated', exitcode=0, started='07:57:21') (23543) terminated with exit code 0
