[2023-10-01 05:03:49,444] {taskinstance.py:851} INFO - Dependencies all met for <TaskInstance: our_first_dag_v1.first_task 2021-10-11T00:00:00+00:00 [queued]>
[2023-10-01 05:03:49,544] {taskinstance.py:851} INFO - Dependencies all met for <TaskInstance: our_first_dag_v1.first_task 2021-10-11T00:00:00+00:00 [queued]>
[2023-10-01 05:03:49,548] {taskinstance.py:1042} INFO - 
--------------------------------------------------------------------------------
[2023-10-01 05:03:49,559] {taskinstance.py:1043} INFO - Starting attempt 1 of 6
[2023-10-01 05:03:49,566] {taskinstance.py:1044} INFO - 
--------------------------------------------------------------------------------
[2023-10-01 05:03:49,634] {taskinstance.py:1063} INFO - Executing <Task(BashOperator): first_task> on 2021-10-11T00:00:00+00:00
[2023-10-01 05:03:49,644] {standard_task_runner.py:52} INFO - Started process 1249 to run task
[2023-10-01 05:03:49,687] {standard_task_runner.py:76} INFO - Running: ['airflow', 'tasks', 'run', 'our_first_dag_v1', 'first_task', '2021-10-11T00:00:00+00:00', '--job-id', '165', '--pool', 'default_pool', '--raw', '--subdir', 'DAGS_FOLDER/our_first_dag.py', '--cfg-path', '/tmp/tmpdzlril2s', '--error-file', '/tmp/tmp0utzndwv']
[2023-10-01 05:03:49,711] {standard_task_runner.py:77} INFO - Job 165: Subtask first_task
[2023-10-01 05:03:50,148] {logging_mixin.py:104} INFO - Running <TaskInstance: our_first_dag_v1.first_task 2021-10-11T00:00:00+00:00 [running]> on host c25e1f8124bc
[2023-10-01 05:03:51,618] {taskinstance.py:1257} INFO - Exporting the following env vars:
AIRFLOW_CTX_DAG_OWNER=coder2j
AIRFLOW_CTX_DAG_ID=our_first_dag_v1
AIRFLOW_CTX_TASK_ID=first_task
AIRFLOW_CTX_EXECUTION_DATE=2021-10-11T00:00:00+00:00
AIRFLOW_CTX_DAG_RUN_ID=scheduled__2021-10-11T00:00:00+00:00
[2023-10-01 05:03:51,622] {bash.py:135} INFO - Tmp dir root location: 
 /tmp
[2023-10-01 05:03:51,678] {bash.py:158} INFO - Running command: echo hello world, this is the first task!
[2023-10-01 05:03:52,151] {bash.py:169} INFO - Output:
[2023-10-01 05:03:52,207] {bash.py:173} INFO - hello world, this is the first task!
[2023-10-01 05:03:52,210] {bash.py:177} INFO - Command exited with return code 0
[2023-10-01 05:03:52,693] {taskinstance.py:1166} INFO - Marking task as SUCCESS. dag_id=our_first_dag_v1, task_id=first_task, execution_date=20211011T000000, start_date=20231001T050349, end_date=20231001T050352
[2023-10-01 05:03:53,057] {taskinstance.py:1220} INFO - 0 downstream tasks scheduled from follow-on schedule check
[2023-10-01 05:03:53,215] {local_task_job.py:146} INFO - Task exited with return code 0
[2023-10-01 05:20:00,385] {taskinstance.py:851} INFO - Dependencies all met for <TaskInstance: our_first_dag_v1.first_task 2021-10-11T00:00:00+00:00 [queued]>
[2023-10-01 05:20:01,060] {taskinstance.py:851} INFO - Dependencies all met for <TaskInstance: our_first_dag_v1.first_task 2021-10-11T00:00:00+00:00 [queued]>
[2023-10-01 05:20:01,069] {taskinstance.py:1042} INFO - 
--------------------------------------------------------------------------------
[2023-10-01 05:20:01,074] {taskinstance.py:1043} INFO - Starting attempt 1 of 6
[2023-10-01 05:20:01,076] {taskinstance.py:1044} INFO - 
--------------------------------------------------------------------------------
[2023-10-01 05:20:01,130] {taskinstance.py:1063} INFO - Executing <Task(BashOperator): first_task> on 2021-10-11T00:00:00+00:00
[2023-10-01 05:20:01,155] {standard_task_runner.py:52} INFO - Started process 478 to run task
[2023-10-01 05:20:01,210] {standard_task_runner.py:76} INFO - Running: ['airflow', 'tasks', 'run', 'our_first_dag_v1', 'first_task', '2021-10-11T00:00:00+00:00', '--job-id', '75', '--pool', 'default_pool', '--raw', '--subdir', 'DAGS_FOLDER/our_first_dag.py', '--cfg-path', '/tmp/tmp0u9cemhi', '--error-file', '/tmp/tmpzk43dzcd']
[2023-10-01 05:20:01,243] {standard_task_runner.py:77} INFO - Job 75: Subtask first_task
[2023-10-01 05:20:01,645] {logging_mixin.py:104} INFO - Running <TaskInstance: our_first_dag_v1.first_task 2021-10-11T00:00:00+00:00 [running]> on host d4ed655215d1
[2023-10-01 05:20:02,222] {taskinstance.py:1257} INFO - Exporting the following env vars:
AIRFLOW_CTX_DAG_OWNER=coder2j
AIRFLOW_CTX_DAG_ID=our_first_dag_v1
AIRFLOW_CTX_TASK_ID=first_task
AIRFLOW_CTX_EXECUTION_DATE=2021-10-11T00:00:00+00:00
AIRFLOW_CTX_DAG_RUN_ID=scheduled__2021-10-11T00:00:00+00:00
[2023-10-01 05:20:02,238] {bash.py:135} INFO - Tmp dir root location: 
 /tmp
[2023-10-01 05:20:02,284] {bash.py:158} INFO - Running command: echo hello world, this is the first task!
[2023-10-01 05:20:02,434] {bash.py:169} INFO - Output:
[2023-10-01 05:20:02,454] {bash.py:173} INFO - hello world, this is the first task!
[2023-10-01 05:20:02,472] {bash.py:177} INFO - Command exited with return code 0
[2023-10-01 05:20:02,597] {taskinstance.py:1166} INFO - Marking task as SUCCESS. dag_id=our_first_dag_v1, task_id=first_task, execution_date=20211011T000000, start_date=20231001T052000, end_date=20231001T052002
[2023-10-01 05:20:02,755] {taskinstance.py:1220} INFO - 0 downstream tasks scheduled from follow-on schedule check
[2023-10-01 05:20:02,900] {local_task_job.py:146} INFO - Task exited with return code 0
