[2023-10-01 07:50:42,040] {taskinstance.py:851} INFO - Dependencies all met for <TaskInstance: our_seventh_dag_v7.greet 2022-08-02T00:00:00+00:00 [queued]>
[2023-10-01 07:50:42,275] {taskinstance.py:851} INFO - Dependencies all met for <TaskInstance: our_seventh_dag_v7.greet 2022-08-02T00:00:00+00:00 [queued]>
[2023-10-01 07:50:42,280] {taskinstance.py:1042} INFO - 
--------------------------------------------------------------------------------
[2023-10-01 07:50:42,286] {taskinstance.py:1043} INFO - Starting attempt 1 of 6
[2023-10-01 07:50:42,293] {taskinstance.py:1044} INFO - 
--------------------------------------------------------------------------------
[2023-10-01 07:50:42,350] {taskinstance.py:1063} INFO - Executing <Task(PythonOperator): greet> on 2022-08-02T00:00:00+00:00
[2023-10-01 07:50:42,404] {standard_task_runner.py:52} INFO - Started process 21936 to run task
[2023-10-01 07:50:42,495] {standard_task_runner.py:76} INFO - Running: ['airflow', 'tasks', 'run', 'our_seventh_dag_v7', 'greet', '2022-08-02T00:00:00+00:00', '--job-id', '2076', '--pool', 'default_pool', '--raw', '--subdir', 'DAGS_FOLDER/our_seventh_dag.py', '--cfg-path', '/tmp/tmpwdyuwpnu', '--error-file', '/tmp/tmp9g6lfkgw']
[2023-10-01 07:50:42,582] {standard_task_runner.py:77} INFO - Job 2076: Subtask greet
[2023-10-01 07:50:43,210] {logging_mixin.py:104} INFO - Running <TaskInstance: our_seventh_dag_v7.greet 2022-08-02T00:00:00+00:00 [running]> on host d4ed655215d1
[2023-10-01 07:50:43,718] {taskinstance.py:1257} INFO - Exporting the following env vars:
AIRFLOW_CTX_DAG_OWNER=svastikkka
AIRFLOW_CTX_DAG_ID=our_seventh_dag_v7
AIRFLOW_CTX_TASK_ID=greet
AIRFLOW_CTX_EXECUTION_DATE=2022-08-02T00:00:00+00:00
AIRFLOW_CTX_DAG_RUN_ID=scheduled__2022-08-02T00:00:00+00:00
[2023-10-01 07:50:43,792] {logging_mixin.py:104} INFO - Hello My name is Manshu Sharma and I am 26 years old.
[2023-10-01 07:50:43,796] {python.py:118} INFO - Done. Returned value was: None
[2023-10-01 07:50:43,874] {taskinstance.py:1166} INFO - Marking task as SUCCESS. dag_id=our_seventh_dag_v7, task_id=greet, execution_date=20220802T000000, start_date=20231001T075042, end_date=20231001T075043
[2023-10-01 07:50:44,821] {taskinstance.py:1220} INFO - 0 downstream tasks scheduled from follow-on schedule check
[2023-10-01 07:50:44,941] {local_task_job.py:146} INFO - Task exited with return code 0
