[2023-10-01 07:38:41,633] {taskinstance.py:851} INFO - Dependencies all met for <TaskInstance: our_seventh_dag_v7.get_name 2021-09-12T00:00:00+00:00 [queued]>
[2023-10-01 07:38:41,918] {taskinstance.py:851} INFO - Dependencies all met for <TaskInstance: our_seventh_dag_v7.get_name 2021-09-12T00:00:00+00:00 [queued]>
[2023-10-01 07:38:41,927] {taskinstance.py:1042} INFO - 
--------------------------------------------------------------------------------
[2023-10-01 07:38:41,934] {taskinstance.py:1043} INFO - Starting attempt 1 of 6
[2023-10-01 07:38:41,941] {taskinstance.py:1044} INFO - 
--------------------------------------------------------------------------------
[2023-10-01 07:38:42,227] {taskinstance.py:1063} INFO - Executing <Task(PythonOperator): get_name> on 2021-09-12T00:00:00+00:00
[2023-10-01 07:38:42,344] {standard_task_runner.py:52} INFO - Started process 18593 to run task
[2023-10-01 07:38:42,478] {standard_task_runner.py:76} INFO - Running: ['airflow', 'tasks', 'run', 'our_seventh_dag_v7', 'get_name', '2021-09-12T00:00:00+00:00', '--job-id', '1420', '--pool', 'default_pool', '--raw', '--subdir', 'DAGS_FOLDER/our_seventh_dag.py', '--cfg-path', '/tmp/tmpblp77eus', '--error-file', '/tmp/tmpcpqyjy5z']
[2023-10-01 07:38:42,542] {standard_task_runner.py:77} INFO - Job 1420: Subtask get_name
[2023-10-01 07:38:43,168] {logging_mixin.py:104} INFO - Running <TaskInstance: our_seventh_dag_v7.get_name 2021-09-12T00:00:00+00:00 [running]> on host d4ed655215d1
[2023-10-01 07:38:43,637] {taskinstance.py:1257} INFO - Exporting the following env vars:
AIRFLOW_CTX_DAG_OWNER=svastikkka
AIRFLOW_CTX_DAG_ID=our_seventh_dag_v7
AIRFLOW_CTX_TASK_ID=get_name
AIRFLOW_CTX_EXECUTION_DATE=2021-09-12T00:00:00+00:00
AIRFLOW_CTX_DAG_RUN_ID=scheduled__2021-09-12T00:00:00+00:00
[2023-10-01 07:38:44,104] {python.py:118} INFO - Done. Returned value was: None
[2023-10-01 07:38:44,345] {taskinstance.py:1166} INFO - Marking task as SUCCESS. dag_id=our_seventh_dag_v7, task_id=get_name, execution_date=20210912T000000, start_date=20231001T073841, end_date=20231001T073844
[2023-10-01 07:38:45,980] {taskinstance.py:1220} INFO - 0 downstream tasks scheduled from follow-on schedule check
[2023-10-01 07:38:46,471] {local_task_job.py:146} INFO - Task exited with return code 0
