[2023-10-01 06:54:31,946] {taskinstance.py:851} INFO - Dependencies all met for <TaskInstance: our_sixth_dag_v6.get_name 2021-11-02T00:00:00+00:00 [queued]>
[2023-10-01 06:54:32,243] {taskinstance.py:851} INFO - Dependencies all met for <TaskInstance: our_sixth_dag_v6.get_name 2021-11-02T00:00:00+00:00 [queued]>
[2023-10-01 06:54:32,250] {taskinstance.py:1042} INFO - 
--------------------------------------------------------------------------------
[2023-10-01 06:54:32,254] {taskinstance.py:1043} INFO - Starting attempt 1 of 6
[2023-10-01 06:54:32,259] {taskinstance.py:1044} INFO - 
--------------------------------------------------------------------------------
[2023-10-01 06:54:32,449] {taskinstance.py:1063} INFO - Executing <Task(PythonOperator): get_name> on 2021-11-02T00:00:00+00:00
[2023-10-01 06:54:32,523] {standard_task_runner.py:52} INFO - Started process 11105 to run task
[2023-10-01 06:54:32,642] {standard_task_runner.py:76} INFO - Running: ['airflow', 'tasks', 'run', 'our_sixth_dag_v6', 'get_name', '2021-11-02T00:00:00+00:00', '--job-id', '1241', '--pool', 'default_pool', '--raw', '--subdir', 'DAGS_FOLDER/our_sixth_dag.py', '--cfg-path', '/tmp/tmp0m8_bjth', '--error-file', '/tmp/tmp51nelwju']
[2023-10-01 06:54:32,832] {standard_task_runner.py:77} INFO - Job 1241: Subtask get_name
[2023-10-01 06:54:33,714] {logging_mixin.py:104} INFO - Running <TaskInstance: our_sixth_dag_v6.get_name 2021-11-02T00:00:00+00:00 [running]> on host d4ed655215d1
[2023-10-01 06:54:34,649] {taskinstance.py:1257} INFO - Exporting the following env vars:
AIRFLOW_CTX_DAG_OWNER=svastikkka
AIRFLOW_CTX_DAG_ID=our_sixth_dag_v6
AIRFLOW_CTX_TASK_ID=get_name
AIRFLOW_CTX_EXECUTION_DATE=2021-11-02T00:00:00+00:00
AIRFLOW_CTX_DAG_RUN_ID=scheduled__2021-11-02T00:00:00+00:00
[2023-10-01 06:54:34,666] {python.py:118} INFO - Done. Returned value was: Manshu
[2023-10-01 06:54:35,028] {taskinstance.py:1166} INFO - Marking task as SUCCESS. dag_id=our_sixth_dag_v6, task_id=get_name, execution_date=20211102T000000, start_date=20231001T065431, end_date=20231001T065435
[2023-10-01 06:54:35,502] {taskinstance.py:1220} INFO - 1 downstream tasks scheduled from follow-on schedule check
[2023-10-01 06:54:35,740] {local_task_job.py:146} INFO - Task exited with return code 0
