[2023-10-01 05:59:48,536] {taskinstance.py:851} INFO - Dependencies all met for <TaskInstance: our_third_dag_v3.thrid_task 2021-09-19T00:00:00+00:00 [queued]>
[2023-10-01 05:59:48,754] {taskinstance.py:851} INFO - Dependencies all met for <TaskInstance: our_third_dag_v3.thrid_task 2021-09-19T00:00:00+00:00 [queued]>
[2023-10-01 05:59:48,763] {taskinstance.py:1042} INFO - 
--------------------------------------------------------------------------------
[2023-10-01 05:59:48,768] {taskinstance.py:1043} INFO - Starting attempt 1 of 6
[2023-10-01 05:59:48,770] {taskinstance.py:1044} INFO - 
--------------------------------------------------------------------------------
[2023-10-01 05:59:48,891] {taskinstance.py:1063} INFO - Executing <Task(BashOperator): thrid_task> on 2021-09-19T00:00:00+00:00
[2023-10-01 05:59:48,937] {standard_task_runner.py:52} INFO - Started process 3040 to run task
[2023-10-01 05:59:49,006] {standard_task_runner.py:76} INFO - Running: ['airflow', 'tasks', 'run', 'our_third_dag_v3', 'thrid_task', '2021-09-19T00:00:00+00:00', '--job-id', '311', '--pool', 'default_pool', '--raw', '--subdir', 'DAGS_FOLDER/our_third_dag.py', '--cfg-path', '/tmp/tmpa4ff36f1', '--error-file', '/tmp/tmp_9jkcd1i']
[2023-10-01 05:59:49,039] {standard_task_runner.py:77} INFO - Job 311: Subtask thrid_task
[2023-10-01 05:59:49,867] {logging_mixin.py:104} INFO - Running <TaskInstance: our_third_dag_v3.thrid_task 2021-09-19T00:00:00+00:00 [running]> on host d4ed655215d1
[2023-10-01 05:59:50,339] {taskinstance.py:1257} INFO - Exporting the following env vars:
AIRFLOW_CTX_DAG_OWNER=coder2j
AIRFLOW_CTX_DAG_ID=our_third_dag_v3
AIRFLOW_CTX_TASK_ID=thrid_task
AIRFLOW_CTX_EXECUTION_DATE=2021-09-19T00:00:00+00:00
AIRFLOW_CTX_DAG_RUN_ID=scheduled__2021-09-19T00:00:00+00:00
[2023-10-01 05:59:50,341] {bash.py:135} INFO - Tmp dir root location: 
 /tmp
[2023-10-01 05:59:50,349] {bash.py:158} INFO - Running command: echo hey, I am task3 and will be running after task1 at the same time as task2!
[2023-10-01 05:59:50,486] {bash.py:169} INFO - Output:
[2023-10-01 05:59:50,549] {bash.py:173} INFO - hey, I am task3 and will be running after task1 at the same time as task2!
[2023-10-01 05:59:50,575] {bash.py:177} INFO - Command exited with return code 0
[2023-10-01 05:59:51,204] {taskinstance.py:1166} INFO - Marking task as SUCCESS. dag_id=our_third_dag_v3, task_id=thrid_task, execution_date=20210919T000000, start_date=20231001T055948, end_date=20231001T055951
[2023-10-01 05:59:52,240] {taskinstance.py:1220} INFO - 0 downstream tasks scheduled from follow-on schedule check
[2023-10-01 05:59:52,847] {local_task_job.py:146} INFO - Task exited with return code 0
