[2023-10-01 10:19:27,519] {taskinstance.py:851} INFO - Dependencies all met for <TaskInstance: postgres_v2.delete_data_from_table 2021-08-16T00:00:00+00:00 [queued]>
[2023-10-01 10:19:28,198] {taskinstance.py:851} INFO - Dependencies all met for <TaskInstance: postgres_v2.delete_data_from_table 2021-08-16T00:00:00+00:00 [queued]>
[2023-10-01 10:19:28,209] {taskinstance.py:1042} INFO - 
--------------------------------------------------------------------------------
[2023-10-01 10:19:28,212] {taskinstance.py:1043} INFO - Starting attempt 1 of 6
[2023-10-01 10:19:28,214] {taskinstance.py:1044} INFO - 
--------------------------------------------------------------------------------
[2023-10-01 10:19:29,101] {taskinstance.py:1063} INFO - Executing <Task(PostgresOperator): delete_data_from_table> on 2021-08-16T00:00:00+00:00
[2023-10-01 10:19:29,376] {standard_task_runner.py:52} INFO - Started process 48156 to run task
[2023-10-01 10:19:29,709] {standard_task_runner.py:76} INFO - Running: ['airflow', 'tasks', 'run', 'postgres_v2', 'delete_data_from_table', '2021-08-16T00:00:00+00:00', '--job-id', '2756', '--pool', 'default_pool', '--raw', '--subdir', 'DAGS_FOLDER/postgresql_example_2.py', '--cfg-path', '/tmp/tmpnri83noc', '--error-file', '/tmp/tmp9u02h053']
[2023-10-01 10:19:30,190] {standard_task_runner.py:77} INFO - Job 2756: Subtask delete_data_from_table
[2023-10-01 10:19:32,015] {logging_mixin.py:104} INFO - Running <TaskInstance: postgres_v2.delete_data_from_table 2021-08-16T00:00:00+00:00 [running]> on host d4ed655215d1
[2023-10-01 10:19:32,958] {taskinstance.py:1257} INFO - Exporting the following env vars:
AIRFLOW_CTX_DAG_OWNER=svastikkka
AIRFLOW_CTX_DAG_ID=postgres_v2
AIRFLOW_CTX_TASK_ID=delete_data_from_table
AIRFLOW_CTX_EXECUTION_DATE=2021-08-16T00:00:00+00:00
AIRFLOW_CTX_DAG_RUN_ID=scheduled__2021-08-16T00:00:00+00:00
[2023-10-01 10:19:32,993] {postgres.py:69} INFO - Executing: 
            delete from dags_run where dt = '2021-08-16' and dag_id = 'postgres_v2';
        
[2023-10-01 10:19:33,198] {base.py:74} INFO - Using connection to: id: posgres_testing. Host: host.docker.internal, Port: 5432, Schema: testing, Login: airflow, Password: XXXXXXXX, extra: None
[2023-10-01 10:19:33,274] {dbapi.py:180} INFO - Running statement: 
            delete from dags_run where dt = '2021-08-16' and dag_id = 'postgres_v2';
        , parameters: None
[2023-10-01 10:19:33,306] {dbapi.py:186} INFO - Rows affected: 0
[2023-10-01 10:19:33,465] {taskinstance.py:1166} INFO - Marking task as SUCCESS. dag_id=postgres_v2, task_id=delete_data_from_table, execution_date=20210816T000000, start_date=20231001T101927, end_date=20231001T101933
[2023-10-01 10:19:33,953] {taskinstance.py:1220} INFO - 1 downstream tasks scheduled from follow-on schedule check
[2023-10-01 10:19:34,153] {local_task_job.py:146} INFO - Task exited with return code 0
