[2023-10-01 08:08:43,560] {taskinstance.py:851} INFO - Dependencies all met for <TaskInstance: our_eight_dag_v8.greet 2021-08-10T00:00:00+00:00 [queued]>
[2023-10-01 08:08:44,202] {taskinstance.py:851} INFO - Dependencies all met for <TaskInstance: our_eight_dag_v8.greet 2021-08-10T00:00:00+00:00 [queued]>
[2023-10-01 08:08:44,205] {taskinstance.py:1042} INFO - 
--------------------------------------------------------------------------------
[2023-10-01 08:08:44,211] {taskinstance.py:1043} INFO - Starting attempt 1 of 6
[2023-10-01 08:08:44,215] {taskinstance.py:1044} INFO - 
--------------------------------------------------------------------------------
[2023-10-01 08:08:44,477] {taskinstance.py:1063} INFO - Executing <Task(PythonOperator): greet> on 2021-08-10T00:00:00+00:00
[2023-10-01 08:08:44,583] {standard_task_runner.py:52} INFO - Started process 24862 to run task
[2023-10-01 08:08:45,019] {standard_task_runner.py:76} INFO - Running: ['airflow', 'tasks', 'run', 'our_eight_dag_v8', 'greet', '2021-08-10T00:00:00+00:00', '--job-id', '2475', '--pool', 'default_pool', '--raw', '--subdir', 'DAGS_FOLDER/our_eight_dag.py', '--cfg-path', '/tmp/tmpo2uoczb9', '--error-file', '/tmp/tmpxs0lhrf2']
[2023-10-01 08:08:45,488] {standard_task_runner.py:77} INFO - Job 2475: Subtask greet
[2023-10-01 08:08:48,517] {logging_mixin.py:104} INFO - Running <TaskInstance: our_eight_dag_v8.greet 2021-08-10T00:00:00+00:00 [running]> on host d4ed655215d1
[2023-10-01 08:08:50,331] {taskinstance.py:1257} INFO - Exporting the following env vars:
AIRFLOW_CTX_DAG_OWNER=svastikkka
AIRFLOW_CTX_DAG_ID=our_eight_dag_v8
AIRFLOW_CTX_TASK_ID=greet
AIRFLOW_CTX_EXECUTION_DATE=2021-08-10T00:00:00+00:00
AIRFLOW_CTX_DAG_RUN_ID=scheduled__2021-08-10T00:00:00+00:00
[2023-10-01 08:08:50,624] {logging_mixin.py:104} INFO - Hello My name is Manshu Sharma and I am 21 years old.
[2023-10-01 08:08:50,626] {python.py:118} INFO - Done. Returned value was: None
[2023-10-01 08:08:50,929] {taskinstance.py:1166} INFO - Marking task as SUCCESS. dag_id=our_eight_dag_v8, task_id=greet, execution_date=20210810T000000, start_date=20231001T080843, end_date=20231001T080850
[2023-10-01 08:08:56,918] {taskinstance.py:1220} INFO - 0 downstream tasks scheduled from follow-on schedule check
[2023-10-01 08:08:57,483] {local_task_job.py:146} INFO - Task exited with return code 0
