[2023-10-01 07:44:16,467] {taskinstance.py:851} INFO - Dependencies all met for <TaskInstance: our_seventh_dag_v7.greet 2022-01-23T00:00:00+00:00 [queued]>
[2023-10-01 07:44:16,749] {taskinstance.py:851} INFO - Dependencies all met for <TaskInstance: our_seventh_dag_v7.greet 2022-01-23T00:00:00+00:00 [queued]>
[2023-10-01 07:44:16,754] {taskinstance.py:1042} INFO - 
--------------------------------------------------------------------------------
[2023-10-01 07:44:16,762] {taskinstance.py:1043} INFO - Starting attempt 1 of 6
[2023-10-01 07:44:16,767] {taskinstance.py:1044} INFO - 
--------------------------------------------------------------------------------
[2023-10-01 07:44:16,896] {taskinstance.py:1063} INFO - Executing <Task(PythonOperator): greet> on 2022-01-23T00:00:00+00:00
[2023-10-01 07:44:16,986] {standard_task_runner.py:52} INFO - Started process 20070 to run task
[2023-10-01 07:44:17,093] {standard_task_runner.py:76} INFO - Running: ['airflow', 'tasks', 'run', 'our_seventh_dag_v7', 'greet', '2022-01-23T00:00:00+00:00', '--job-id', '1694', '--pool', 'default_pool', '--raw', '--subdir', 'DAGS_FOLDER/our_seventh_dag.py', '--cfg-path', '/tmp/tmp9b1gypoe', '--error-file', '/tmp/tmp0z554ubd']
[2023-10-01 07:44:17,149] {standard_task_runner.py:77} INFO - Job 1694: Subtask greet
[2023-10-01 07:44:18,418] {logging_mixin.py:104} INFO - Running <TaskInstance: our_seventh_dag_v7.greet 2022-01-23T00:00:00+00:00 [running]> on host d4ed655215d1
[2023-10-01 07:44:20,662] {taskinstance.py:1257} INFO - Exporting the following env vars:
AIRFLOW_CTX_DAG_OWNER=svastikkka
AIRFLOW_CTX_DAG_ID=our_seventh_dag_v7
AIRFLOW_CTX_TASK_ID=greet
AIRFLOW_CTX_EXECUTION_DATE=2022-01-23T00:00:00+00:00
AIRFLOW_CTX_DAG_RUN_ID=scheduled__2022-01-23T00:00:00+00:00
[2023-10-01 07:44:20,939] {logging_mixin.py:104} INFO - Hello My name is Manshu Sharma and I am 26 years old.
[2023-10-01 07:44:20,942] {python.py:118} INFO - Done. Returned value was: None
[2023-10-01 07:44:21,587] {taskinstance.py:1166} INFO - Marking task as SUCCESS. dag_id=our_seventh_dag_v7, task_id=greet, execution_date=20220123T000000, start_date=20231001T074416, end_date=20231001T074421
[2023-10-01 07:44:22,085] {taskinstance.py:1220} INFO - 0 downstream tasks scheduled from follow-on schedule check
[2023-10-01 07:44:22,643] {local_task_job.py:146} INFO - Task exited with return code 0
