[2023-10-01 05:02:44,194] {taskinstance.py:851} INFO - Dependencies all met for <TaskInstance: our_first_dag_v1.first_task 2021-08-28T00:00:00+00:00 [queued]>
[2023-10-01 05:02:44,539] {taskinstance.py:851} INFO - Dependencies all met for <TaskInstance: our_first_dag_v1.first_task 2021-08-28T00:00:00+00:00 [queued]>
[2023-10-01 05:02:44,543] {taskinstance.py:1042} INFO - 
--------------------------------------------------------------------------------
[2023-10-01 05:02:44,546] {taskinstance.py:1043} INFO - Starting attempt 1 of 6
[2023-10-01 05:02:44,549] {taskinstance.py:1044} INFO - 
--------------------------------------------------------------------------------
[2023-10-01 05:02:44,633] {taskinstance.py:1063} INFO - Executing <Task(BashOperator): first_task> on 2021-08-28T00:00:00+00:00
[2023-10-01 05:02:44,672] {standard_task_runner.py:52} INFO - Started process 1087 to run task
[2023-10-01 05:02:44,725] {standard_task_runner.py:76} INFO - Running: ['airflow', 'tasks', 'run', 'our_first_dag_v1', 'first_task', '2021-08-28T00:00:00+00:00', '--job-id', '121', '--pool', 'default_pool', '--raw', '--subdir', 'DAGS_FOLDER/our_first_dag.py', '--cfg-path', '/tmp/tmpohfapi2i', '--error-file', '/tmp/tmp3zz0h5tx']
[2023-10-01 05:02:44,789] {standard_task_runner.py:77} INFO - Job 121: Subtask first_task
[2023-10-01 05:02:45,211] {logging_mixin.py:104} INFO - Running <TaskInstance: our_first_dag_v1.first_task 2021-08-28T00:00:00+00:00 [running]> on host c25e1f8124bc
[2023-10-01 05:02:45,464] {taskinstance.py:1257} INFO - Exporting the following env vars:
AIRFLOW_CTX_DAG_OWNER=coder2j
AIRFLOW_CTX_DAG_ID=our_first_dag_v1
AIRFLOW_CTX_TASK_ID=first_task
AIRFLOW_CTX_EXECUTION_DATE=2021-08-28T00:00:00+00:00
AIRFLOW_CTX_DAG_RUN_ID=scheduled__2021-08-28T00:00:00+00:00
[2023-10-01 05:02:45,481] {bash.py:135} INFO - Tmp dir root location: 
 /tmp
[2023-10-01 05:02:45,487] {bash.py:158} INFO - Running command: echo hello world, this is the first task!
[2023-10-01 05:02:45,558] {bash.py:169} INFO - Output:
[2023-10-01 05:02:45,574] {bash.py:173} INFO - hello world, this is the first task!
[2023-10-01 05:02:45,582] {bash.py:177} INFO - Command exited with return code 0
[2023-10-01 05:02:46,048] {taskinstance.py:1166} INFO - Marking task as SUCCESS. dag_id=our_first_dag_v1, task_id=first_task, execution_date=20210828T000000, start_date=20231001T050244, end_date=20231001T050246
[2023-10-01 05:02:47,633] {taskinstance.py:1220} INFO - 0 downstream tasks scheduled from follow-on schedule check
[2023-10-01 05:02:47,754] {local_task_job.py:146} INFO - Task exited with return code 0
[2023-10-01 05:19:05,437] {taskinstance.py:851} INFO - Dependencies all met for <TaskInstance: our_first_dag_v1.first_task 2021-08-28T00:00:00+00:00 [queued]>
[2023-10-01 05:19:05,527] {taskinstance.py:851} INFO - Dependencies all met for <TaskInstance: our_first_dag_v1.first_task 2021-08-28T00:00:00+00:00 [queued]>
[2023-10-01 05:19:05,531] {taskinstance.py:1042} INFO - 
--------------------------------------------------------------------------------
[2023-10-01 05:19:05,533] {taskinstance.py:1043} INFO - Starting attempt 1 of 6
[2023-10-01 05:19:05,535] {taskinstance.py:1044} INFO - 
--------------------------------------------------------------------------------
[2023-10-01 05:19:05,668] {taskinstance.py:1063} INFO - Executing <Task(BashOperator): first_task> on 2021-08-28T00:00:00+00:00
[2023-10-01 05:19:05,737] {standard_task_runner.py:52} INFO - Started process 326 to run task
[2023-10-01 05:19:05,789] {standard_task_runner.py:76} INFO - Running: ['airflow', 'tasks', 'run', 'our_first_dag_v1', 'first_task', '2021-08-28T00:00:00+00:00', '--job-id', '31', '--pool', 'default_pool', '--raw', '--subdir', 'DAGS_FOLDER/our_first_dag.py', '--cfg-path', '/tmp/tmpk9spu_50', '--error-file', '/tmp/tmpmhvg5vtf']
[2023-10-01 05:19:05,813] {standard_task_runner.py:77} INFO - Job 31: Subtask first_task
[2023-10-01 05:19:06,211] {logging_mixin.py:104} INFO - Running <TaskInstance: our_first_dag_v1.first_task 2021-08-28T00:00:00+00:00 [running]> on host d4ed655215d1
[2023-10-01 05:19:06,643] {taskinstance.py:1257} INFO - Exporting the following env vars:
AIRFLOW_CTX_DAG_OWNER=coder2j
AIRFLOW_CTX_DAG_ID=our_first_dag_v1
AIRFLOW_CTX_TASK_ID=first_task
AIRFLOW_CTX_EXECUTION_DATE=2021-08-28T00:00:00+00:00
AIRFLOW_CTX_DAG_RUN_ID=scheduled__2021-08-28T00:00:00+00:00
[2023-10-01 05:19:06,650] {bash.py:135} INFO - Tmp dir root location: 
 /tmp
[2023-10-01 05:19:06,653] {bash.py:158} INFO - Running command: echo hello world, this is the first task!
[2023-10-01 05:19:06,744] {bash.py:169} INFO - Output:
[2023-10-01 05:19:06,778] {bash.py:173} INFO - hello world, this is the first task!
[2023-10-01 05:19:06,781] {bash.py:177} INFO - Command exited with return code 0
[2023-10-01 05:19:07,041] {taskinstance.py:1166} INFO - Marking task as SUCCESS. dag_id=our_first_dag_v1, task_id=first_task, execution_date=20210828T000000, start_date=20231001T051905, end_date=20231001T051907
[2023-10-01 05:19:07,276] {taskinstance.py:1220} INFO - 0 downstream tasks scheduled from follow-on schedule check
[2023-10-01 05:19:07,350] {local_task_job.py:146} INFO - Task exited with return code 0
