[2023-10-01 08:00:06,273] {taskinstance.py:851} INFO - Dependencies all met for <TaskInstance: our_seventh_dag_v7.greet 2023-01-22T00:00:00+00:00 [queued]>
[2023-10-01 08:00:06,849] {taskinstance.py:851} INFO - Dependencies all met for <TaskInstance: our_seventh_dag_v7.greet 2023-01-22T00:00:00+00:00 [queued]>
[2023-10-01 08:00:06,854] {taskinstance.py:1042} INFO - 
--------------------------------------------------------------------------------
[2023-10-01 08:00:06,881] {taskinstance.py:1043} INFO - Starting attempt 1 of 6
[2023-10-01 08:00:06,913] {taskinstance.py:1044} INFO - 
--------------------------------------------------------------------------------
[2023-10-01 08:00:07,264] {taskinstance.py:1063} INFO - Executing <Task(PythonOperator): greet> on 2023-01-22T00:00:00+00:00
[2023-10-01 08:00:07,366] {standard_task_runner.py:52} INFO - Started process 24040 to run task
[2023-10-01 08:00:07,553] {standard_task_runner.py:76} INFO - Running: ['airflow', 'tasks', 'run', 'our_seventh_dag_v7', 'greet', '2023-01-22T00:00:00+00:00', '--job-id', '2423', '--pool', 'default_pool', '--raw', '--subdir', 'DAGS_FOLDER/our_seventh_dag.py', '--cfg-path', '/tmp/tmp5dyat0do', '--error-file', '/tmp/tmppir_v0jp']
[2023-10-01 08:00:07,623] {standard_task_runner.py:77} INFO - Job 2423: Subtask greet
[2023-10-01 08:00:09,232] {logging_mixin.py:104} INFO - Running <TaskInstance: our_seventh_dag_v7.greet 2023-01-22T00:00:00+00:00 [running]> on host d4ed655215d1
[2023-10-01 08:00:12,224] {taskinstance.py:1257} INFO - Exporting the following env vars:
AIRFLOW_CTX_DAG_OWNER=svastikkka
AIRFLOW_CTX_DAG_ID=our_seventh_dag_v7
AIRFLOW_CTX_TASK_ID=greet
AIRFLOW_CTX_EXECUTION_DATE=2023-01-22T00:00:00+00:00
AIRFLOW_CTX_DAG_RUN_ID=scheduled__2023-01-22T00:00:00+00:00
[2023-10-01 08:00:14,560] {logging_mixin.py:104} INFO - Hello My name is Manshu Sharma and I am 26 years old.
[2023-10-01 08:00:14,571] {python.py:118} INFO - Done. Returned value was: None
[2023-10-01 08:00:14,894] {taskinstance.py:1166} INFO - Marking task as SUCCESS. dag_id=our_seventh_dag_v7, task_id=greet, execution_date=20230122T000000, start_date=20231001T080006, end_date=20231001T080014
[2023-10-01 08:00:17,420] {taskinstance.py:1220} INFO - 0 downstream tasks scheduled from follow-on schedule check
[2023-10-01 08:00:17,883] {local_task_job.py:146} INFO - Task exited with return code 0
