[2023-10-01 06:00:59,444] {taskinstance.py:851} INFO - Dependencies all met for <TaskInstance: our_third_dag_v3.second_task 2021-10-03T00:00:00+00:00 [queued]>
[2023-10-01 06:00:59,793] {taskinstance.py:851} INFO - Dependencies all met for <TaskInstance: our_third_dag_v3.second_task 2021-10-03T00:00:00+00:00 [queued]>
[2023-10-01 06:00:59,808] {taskinstance.py:1042} INFO - 
--------------------------------------------------------------------------------
[2023-10-01 06:00:59,816] {taskinstance.py:1043} INFO - Starting attempt 1 of 6
[2023-10-01 06:00:59,831] {taskinstance.py:1044} INFO - 
--------------------------------------------------------------------------------
[2023-10-01 06:01:00,610] {taskinstance.py:1063} INFO - Executing <Task(BashOperator): second_task> on 2021-10-03T00:00:00+00:00
[2023-10-01 06:01:02,593] {standard_task_runner.py:52} INFO - Started process 3227 to run task
[2023-10-01 06:01:02,980] {standard_task_runner.py:76} INFO - Running: ['airflow', 'tasks', 'run', 'our_third_dag_v3', 'second_task', '2021-10-03T00:00:00+00:00', '--job-id', '351', '--pool', 'default_pool', '--raw', '--subdir', 'DAGS_FOLDER/our_third_dag.py', '--cfg-path', '/tmp/tmpou3m_v9_', '--error-file', '/tmp/tmpjcdy9c1f']
[2023-10-01 06:01:04,550] {standard_task_runner.py:77} INFO - Job 351: Subtask second_task
[2023-10-01 06:01:09,972] {logging_mixin.py:104} INFO - Running <TaskInstance: our_third_dag_v3.second_task 2021-10-03T00:00:00+00:00 [running]> on host d4ed655215d1
[2023-10-01 06:01:11,524] {taskinstance.py:1257} INFO - Exporting the following env vars:
AIRFLOW_CTX_DAG_OWNER=coder2j
AIRFLOW_CTX_DAG_ID=our_third_dag_v3
AIRFLOW_CTX_TASK_ID=second_task
AIRFLOW_CTX_EXECUTION_DATE=2021-10-03T00:00:00+00:00
AIRFLOW_CTX_DAG_RUN_ID=scheduled__2021-10-03T00:00:00+00:00
[2023-10-01 06:01:11,560] {bash.py:135} INFO - Tmp dir root location: 
 /tmp
[2023-10-01 06:01:11,616] {bash.py:158} INFO - Running command: echo hey, I am task2 and will be running after task1!
[2023-10-01 06:01:12,293] {bash.py:169} INFO - Output:
[2023-10-01 06:01:12,359] {bash.py:173} INFO - hey, I am task2 and will be running after task1!
[2023-10-01 06:01:12,366] {bash.py:177} INFO - Command exited with return code 0
[2023-10-01 06:01:12,721] {taskinstance.py:1166} INFO - Marking task as SUCCESS. dag_id=our_third_dag_v3, task_id=second_task, execution_date=20211003T000000, start_date=20231001T060059, end_date=20231001T060112
[2023-10-01 06:01:13,289] {taskinstance.py:1220} INFO - 0 downstream tasks scheduled from follow-on schedule check
[2023-10-01 06:01:13,438] {local_task_job.py:146} INFO - Task exited with return code 0
