[2023-10-01 05:58:39,704] {taskinstance.py:851} INFO - Dependencies all met for <TaskInstance: our_third_dag_v3.thrid_task 2021-09-06T00:00:00+00:00 [queued]>
[2023-10-01 05:58:40,347] {taskinstance.py:851} INFO - Dependencies all met for <TaskInstance: our_third_dag_v3.thrid_task 2021-09-06T00:00:00+00:00 [queued]>
[2023-10-01 05:58:40,373] {taskinstance.py:1042} INFO - 
--------------------------------------------------------------------------------
[2023-10-01 05:58:40,387] {taskinstance.py:1043} INFO - Starting attempt 1 of 6
[2023-10-01 05:58:40,390] {taskinstance.py:1044} INFO - 
--------------------------------------------------------------------------------
[2023-10-01 05:58:40,671] {taskinstance.py:1063} INFO - Executing <Task(BashOperator): thrid_task> on 2021-09-06T00:00:00+00:00
[2023-10-01 05:58:40,840] {standard_task_runner.py:52} INFO - Started process 2852 to run task
[2023-10-01 05:58:41,041] {standard_task_runner.py:76} INFO - Running: ['airflow', 'tasks', 'run', 'our_third_dag_v3', 'thrid_task', '2021-09-06T00:00:00+00:00', '--job-id', '270', '--pool', 'default_pool', '--raw', '--subdir', 'DAGS_FOLDER/our_third_dag.py', '--cfg-path', '/tmp/tmp3tb5q05q', '--error-file', '/tmp/tmphdjq2tn_']
[2023-10-01 05:58:41,130] {standard_task_runner.py:77} INFO - Job 270: Subtask thrid_task
[2023-10-01 05:58:43,073] {logging_mixin.py:104} INFO - Running <TaskInstance: our_third_dag_v3.thrid_task 2021-09-06T00:00:00+00:00 [running]> on host d4ed655215d1
[2023-10-01 05:58:44,524] {taskinstance.py:1257} INFO - Exporting the following env vars:
AIRFLOW_CTX_DAG_OWNER=coder2j
AIRFLOW_CTX_DAG_ID=our_third_dag_v3
AIRFLOW_CTX_TASK_ID=thrid_task
AIRFLOW_CTX_EXECUTION_DATE=2021-09-06T00:00:00+00:00
AIRFLOW_CTX_DAG_RUN_ID=scheduled__2021-09-06T00:00:00+00:00
[2023-10-01 05:58:44,548] {bash.py:135} INFO - Tmp dir root location: 
 /tmp
[2023-10-01 05:58:44,553] {bash.py:158} INFO - Running command: echo hey, I am task3 and will be running after task1 at the same time as task2!
[2023-10-01 05:58:44,862] {bash.py:169} INFO - Output:
[2023-10-01 05:58:44,897] {bash.py:173} INFO - hey, I am task3 and will be running after task1 at the same time as task2!
[2023-10-01 05:58:44,933] {bash.py:177} INFO - Command exited with return code 0
[2023-10-01 05:58:45,214] {taskinstance.py:1166} INFO - Marking task as SUCCESS. dag_id=our_third_dag_v3, task_id=thrid_task, execution_date=20210906T000000, start_date=20231001T055839, end_date=20231001T055845
[2023-10-01 05:58:46,498] {local_task_job.py:188} WARNING - State of this instance has been externally set to success. Terminating instance.
[2023-10-01 05:58:46,591] {process_utils.py:100} INFO - Sending Signals.SIGTERM to GPID 2852
[2023-10-01 05:58:46,890] {taskinstance.py:1239} ERROR - Received SIGTERM. Terminating subprocesses.
[2023-10-01 05:58:46,892] {bash.py:185} INFO - Sending SIGTERM signal to bash process group
[2023-10-01 05:58:46,981] {process_utils.py:66} INFO - Process psutil.Process(pid=2852, status='terminated', exitcode=1, started='05:58:39') (2852) terminated with exit code 1
