[2023-10-01 05:05:17,466] {taskinstance.py:851} INFO - Dependencies all met for <TaskInstance: our_first_dag_v1.first_task 2021-12-13T00:00:00+00:00 [queued]>
[2023-10-01 05:05:17,652] {taskinstance.py:851} INFO - Dependencies all met for <TaskInstance: our_first_dag_v1.first_task 2021-12-13T00:00:00+00:00 [queued]>
[2023-10-01 05:05:17,655] {taskinstance.py:1042} INFO - 
--------------------------------------------------------------------------------
[2023-10-01 05:05:17,657] {taskinstance.py:1043} INFO - Starting attempt 1 of 6
[2023-10-01 05:05:17,660] {taskinstance.py:1044} INFO - 
--------------------------------------------------------------------------------
[2023-10-01 05:05:17,762] {taskinstance.py:1063} INFO - Executing <Task(BashOperator): first_task> on 2021-12-13T00:00:00+00:00
[2023-10-01 05:05:17,817] {standard_task_runner.py:52} INFO - Started process 1474 to run task
[2023-10-01 05:05:17,856] {standard_task_runner.py:76} INFO - Running: ['airflow', 'tasks', 'run', 'our_first_dag_v1', 'first_task', '2021-12-13T00:00:00+00:00', '--job-id', '228', '--pool', 'default_pool', '--raw', '--subdir', 'DAGS_FOLDER/our_first_dag.py', '--cfg-path', '/tmp/tmpqvyuu9v9', '--error-file', '/tmp/tmpwgj8v1f2']
[2023-10-01 05:05:17,926] {standard_task_runner.py:77} INFO - Job 228: Subtask first_task
[2023-10-01 05:05:18,491] {logging_mixin.py:104} INFO - Running <TaskInstance: our_first_dag_v1.first_task 2021-12-13T00:00:00+00:00 [running]> on host c25e1f8124bc
[2023-10-01 05:05:18,950] {taskinstance.py:1257} INFO - Exporting the following env vars:
AIRFLOW_CTX_DAG_OWNER=coder2j
AIRFLOW_CTX_DAG_ID=our_first_dag_v1
AIRFLOW_CTX_TASK_ID=first_task
AIRFLOW_CTX_EXECUTION_DATE=2021-12-13T00:00:00+00:00
AIRFLOW_CTX_DAG_RUN_ID=scheduled__2021-12-13T00:00:00+00:00
[2023-10-01 05:05:18,962] {bash.py:135} INFO - Tmp dir root location: 
 /tmp
[2023-10-01 05:05:18,976] {bash.py:158} INFO - Running command: echo hello world, this is the first task!
[2023-10-01 05:05:19,088] {bash.py:169} INFO - Output:
[2023-10-01 05:05:19,101] {bash.py:173} INFO - hello world, this is the first task!
[2023-10-01 05:05:19,105] {bash.py:177} INFO - Command exited with return code 0
[2023-10-01 05:05:19,300] {taskinstance.py:1166} INFO - Marking task as SUCCESS. dag_id=our_first_dag_v1, task_id=first_task, execution_date=20211213T000000, start_date=20231001T050517, end_date=20231001T050519
[2023-10-01 05:05:19,496] {taskinstance.py:1220} INFO - 0 downstream tasks scheduled from follow-on schedule check
[2023-10-01 05:05:19,581] {local_task_job.py:146} INFO - Task exited with return code 0
