[2023-10-01 06:26:11,122] {taskinstance.py:851} INFO - Dependencies all met for <TaskInstance: our_fourth_dag_v4.thrid_task 2022-02-09T00:00:00+00:00 [queued]>
[2023-10-01 06:26:11,846] {taskinstance.py:851} INFO - Dependencies all met for <TaskInstance: our_fourth_dag_v4.thrid_task 2022-02-09T00:00:00+00:00 [queued]>
[2023-10-01 06:26:11,847] {taskinstance.py:1042} INFO - 
--------------------------------------------------------------------------------
[2023-10-01 06:26:11,849] {taskinstance.py:1043} INFO - Starting attempt 1 of 6
[2023-10-01 06:26:11,850] {taskinstance.py:1044} INFO - 
--------------------------------------------------------------------------------
[2023-10-01 06:26:12,948] {taskinstance.py:1063} INFO - Executing <Task(BashOperator): thrid_task> on 2022-02-09T00:00:00+00:00
[2023-10-01 06:26:13,562] {standard_task_runner.py:52} INFO - Started process 7023 to run task
[2023-10-01 06:26:14,168] {standard_task_runner.py:76} INFO - Running: ['airflow', 'tasks', 'run', 'our_fourth_dag_v4', 'thrid_task', '2022-02-09T00:00:00+00:00', '--job-id', '1016', '--pool', 'default_pool', '--raw', '--subdir', 'DAGS_FOLDER/our_fourth_dag.py', '--cfg-path', '/tmp/tmptuxdlp5r', '--error-file', '/tmp/tmp7ln_fvzj']
[2023-10-01 06:26:14,555] {standard_task_runner.py:77} INFO - Job 1016: Subtask thrid_task
[2023-10-01 06:26:19,645] {logging_mixin.py:104} INFO - Running <TaskInstance: our_fourth_dag_v4.thrid_task 2022-02-09T00:00:00+00:00 [running]> on host d4ed655215d1
[2023-10-01 06:26:20,466] {taskinstance.py:1257} INFO - Exporting the following env vars:
AIRFLOW_CTX_DAG_OWNER=svastikkka
AIRFLOW_CTX_DAG_ID=our_fourth_dag_v4
AIRFLOW_CTX_TASK_ID=thrid_task
AIRFLOW_CTX_EXECUTION_DATE=2022-02-09T00:00:00+00:00
AIRFLOW_CTX_DAG_RUN_ID=scheduled__2022-02-09T00:00:00+00:00
[2023-10-01 06:26:20,476] {bash.py:135} INFO - Tmp dir root location: 
 /tmp
[2023-10-01 06:26:20,492] {bash.py:158} INFO - Running command: echo hey, I am task3 and will be running after task1 at the same time as task2!
[2023-10-01 06:26:20,644] {bash.py:169} INFO - Output:
[2023-10-01 06:26:20,677] {bash.py:173} INFO - hey, I am task3 and will be running after task1 at the same time as task2!
[2023-10-01 06:26:20,700] {bash.py:177} INFO - Command exited with return code 0
[2023-10-01 06:26:21,110] {taskinstance.py:1166} INFO - Marking task as SUCCESS. dag_id=our_fourth_dag_v4, task_id=thrid_task, execution_date=20220209T000000, start_date=20231001T062611, end_date=20231001T062621
[2023-10-01 06:26:21,413] {taskinstance.py:1220} INFO - 0 downstream tasks scheduled from follow-on schedule check
[2023-10-01 06:26:21,590] {local_task_job.py:146} INFO - Task exited with return code 0
