[2023-10-01 07:49:12,418] {taskinstance.py:851} INFO - Dependencies all met for <TaskInstance: our_seventh_dag_v7.get_name 2022-06-21T00:00:00+00:00 [queued]>
[2023-10-01 07:49:12,564] {taskinstance.py:851} INFO - Dependencies all met for <TaskInstance: our_seventh_dag_v7.get_name 2022-06-21T00:00:00+00:00 [queued]>
[2023-10-01 07:49:12,565] {taskinstance.py:1042} INFO - 
--------------------------------------------------------------------------------
[2023-10-01 07:49:12,569] {taskinstance.py:1043} INFO - Starting attempt 1 of 6
[2023-10-01 07:49:12,571] {taskinstance.py:1044} INFO - 
--------------------------------------------------------------------------------
[2023-10-01 07:49:12,650] {taskinstance.py:1063} INFO - Executing <Task(PythonOperator): get_name> on 2022-06-21T00:00:00+00:00
[2023-10-01 07:49:12,690] {standard_task_runner.py:52} INFO - Started process 21498 to run task
[2023-10-01 07:49:12,734] {standard_task_runner.py:76} INFO - Running: ['airflow', 'tasks', 'run', 'our_seventh_dag_v7', 'get_name', '2022-06-21T00:00:00+00:00', '--job-id', '1984', '--pool', 'default_pool', '--raw', '--subdir', 'DAGS_FOLDER/our_seventh_dag.py', '--cfg-path', '/tmp/tmpewvf57w0', '--error-file', '/tmp/tmp3yv9qesf']
[2023-10-01 07:49:12,773] {standard_task_runner.py:77} INFO - Job 1984: Subtask get_name
[2023-10-01 07:49:13,340] {logging_mixin.py:104} INFO - Running <TaskInstance: our_seventh_dag_v7.get_name 2022-06-21T00:00:00+00:00 [running]> on host d4ed655215d1
[2023-10-01 07:49:13,675] {taskinstance.py:1257} INFO - Exporting the following env vars:
AIRFLOW_CTX_DAG_OWNER=svastikkka
AIRFLOW_CTX_DAG_ID=our_seventh_dag_v7
AIRFLOW_CTX_TASK_ID=get_name
AIRFLOW_CTX_EXECUTION_DATE=2022-06-21T00:00:00+00:00
AIRFLOW_CTX_DAG_RUN_ID=scheduled__2022-06-21T00:00:00+00:00
[2023-10-01 07:49:13,883] {python.py:118} INFO - Done. Returned value was: None
[2023-10-01 07:49:13,949] {taskinstance.py:1166} INFO - Marking task as SUCCESS. dag_id=our_seventh_dag_v7, task_id=get_name, execution_date=20220621T000000, start_date=20231001T074912, end_date=20231001T074913
[2023-10-01 07:49:14,270] {taskinstance.py:1220} INFO - 1 downstream tasks scheduled from follow-on schedule check
[2023-10-01 07:49:14,433] {local_task_job.py:146} INFO - Task exited with return code 0
