[2023-10-01 06:52:28,494] {taskinstance.py:851} INFO - Dependencies all met for <TaskInstance: our_sixth_dag_v6.greet 2021-09-18T00:00:00+00:00 [queued]>
[2023-10-01 06:52:28,683] {taskinstance.py:851} INFO - Dependencies all met for <TaskInstance: our_sixth_dag_v6.greet 2021-09-18T00:00:00+00:00 [queued]>
[2023-10-01 06:52:28,690] {taskinstance.py:1042} INFO - 
--------------------------------------------------------------------------------
[2023-10-01 06:52:28,697] {taskinstance.py:1043} INFO - Starting attempt 1 of 6
[2023-10-01 06:52:28,705] {taskinstance.py:1044} INFO - 
--------------------------------------------------------------------------------
[2023-10-01 06:52:28,900] {taskinstance.py:1063} INFO - Executing <Task(PythonOperator): greet> on 2021-09-18T00:00:00+00:00
[2023-10-01 06:52:28,995] {standard_task_runner.py:52} INFO - Started process 10654 to run task
[2023-10-01 06:52:29,197] {standard_task_runner.py:76} INFO - Running: ['airflow', 'tasks', 'run', 'our_sixth_dag_v6', 'greet', '2021-09-18T00:00:00+00:00', '--job-id', '1158', '--pool', 'default_pool', '--raw', '--subdir', 'DAGS_FOLDER/our_sixth_dag.py', '--cfg-path', '/tmp/tmp8oopjc6y', '--error-file', '/tmp/tmpj52wgp4s']
[2023-10-01 06:52:29,317] {standard_task_runner.py:77} INFO - Job 1158: Subtask greet
[2023-10-01 06:52:30,521] {logging_mixin.py:104} INFO - Running <TaskInstance: our_sixth_dag_v6.greet 2021-09-18T00:00:00+00:00 [running]> on host d4ed655215d1
[2023-10-01 06:52:33,206] {taskinstance.py:1257} INFO - Exporting the following env vars:
AIRFLOW_CTX_DAG_OWNER=svastikkka
AIRFLOW_CTX_DAG_ID=our_sixth_dag_v6
AIRFLOW_CTX_TASK_ID=greet
AIRFLOW_CTX_EXECUTION_DATE=2021-09-18T00:00:00+00:00
AIRFLOW_CTX_DAG_RUN_ID=scheduled__2021-09-18T00:00:00+00:00
[2023-10-01 06:52:33,354] {logging_mixin.py:104} INFO - Hello My name is Manshu and I am 20 years old.
[2023-10-01 06:52:33,356] {python.py:118} INFO - Done. Returned value was: None
[2023-10-01 06:52:33,461] {taskinstance.py:1166} INFO - Marking task as SUCCESS. dag_id=our_sixth_dag_v6, task_id=greet, execution_date=20210918T000000, start_date=20231001T065228, end_date=20231001T065233
[2023-10-01 06:52:34,638] {local_task_job.py:188} WARNING - State of this instance has been externally set to success. Terminating instance.
[2023-10-01 06:52:34,714] {process_utils.py:100} INFO - Sending Signals.SIGTERM to GPID 10654
[2023-10-01 06:52:35,652] {taskinstance.py:1239} ERROR - Received SIGTERM. Terminating subprocesses.
[2023-10-01 06:52:36,129] {process_utils.py:66} INFO - Process psutil.Process(pid=10654, status='terminated', exitcode=1, started='06:52:28') (10654) terminated with exit code 1
