[2023-10-01 07:41:17,863] {taskinstance.py:851} INFO - Dependencies all met for <TaskInstance: our_seventh_dag_v7.get_name 2021-11-04T00:00:00+00:00 [queued]>
[2023-10-01 07:41:18,011] {taskinstance.py:851} INFO - Dependencies all met for <TaskInstance: our_seventh_dag_v7.get_name 2021-11-04T00:00:00+00:00 [queued]>
[2023-10-01 07:41:18,015] {taskinstance.py:1042} INFO - 
--------------------------------------------------------------------------------
[2023-10-01 07:41:18,024] {taskinstance.py:1043} INFO - Starting attempt 1 of 6
[2023-10-01 07:41:18,027] {taskinstance.py:1044} INFO - 
--------------------------------------------------------------------------------
[2023-10-01 07:41:18,146] {taskinstance.py:1063} INFO - Executing <Task(PythonOperator): get_name> on 2021-11-04T00:00:00+00:00
[2023-10-01 07:41:18,197] {standard_task_runner.py:52} INFO - Started process 19225 to run task
[2023-10-01 07:41:18,302] {standard_task_runner.py:76} INFO - Running: ['airflow', 'tasks', 'run', 'our_seventh_dag_v7', 'get_name', '2021-11-04T00:00:00+00:00', '--job-id', '1526', '--pool', 'default_pool', '--raw', '--subdir', 'DAGS_FOLDER/our_seventh_dag.py', '--cfg-path', '/tmp/tmpdue_j3gp', '--error-file', '/tmp/tmpdad28f3_']
[2023-10-01 07:41:18,392] {standard_task_runner.py:77} INFO - Job 1526: Subtask get_name
[2023-10-01 07:41:19,189] {logging_mixin.py:104} INFO - Running <TaskInstance: our_seventh_dag_v7.get_name 2021-11-04T00:00:00+00:00 [running]> on host d4ed655215d1
[2023-10-01 07:41:19,998] {taskinstance.py:1257} INFO - Exporting the following env vars:
AIRFLOW_CTX_DAG_OWNER=svastikkka
AIRFLOW_CTX_DAG_ID=our_seventh_dag_v7
AIRFLOW_CTX_TASK_ID=get_name
AIRFLOW_CTX_EXECUTION_DATE=2021-11-04T00:00:00+00:00
AIRFLOW_CTX_DAG_RUN_ID=scheduled__2021-11-04T00:00:00+00:00
[2023-10-01 07:41:20,276] {python.py:118} INFO - Done. Returned value was: None
[2023-10-01 07:41:20,361] {taskinstance.py:1166} INFO - Marking task as SUCCESS. dag_id=our_seventh_dag_v7, task_id=get_name, execution_date=20211104T000000, start_date=20231001T074117, end_date=20231001T074120
[2023-10-01 07:41:21,607] {taskinstance.py:1220} INFO - 0 downstream tasks scheduled from follow-on schedule check
[2023-10-01 07:41:21,690] {local_task_job.py:146} INFO - Task exited with return code 0
