[2023-10-01 05:04:32,305] {taskinstance.py:851} INFO - Dependencies all met for <TaskInstance: our_first_dag_v1.first_task 2021-11-10T00:00:00+00:00 [queued]>
[2023-10-01 05:04:32,486] {taskinstance.py:851} INFO - Dependencies all met for <TaskInstance: our_first_dag_v1.first_task 2021-11-10T00:00:00+00:00 [queued]>
[2023-10-01 05:04:32,496] {taskinstance.py:1042} INFO - 
--------------------------------------------------------------------------------
[2023-10-01 05:04:32,498] {taskinstance.py:1043} INFO - Starting attempt 1 of 6
[2023-10-01 05:04:32,500] {taskinstance.py:1044} INFO - 
--------------------------------------------------------------------------------
[2023-10-01 05:04:32,609] {taskinstance.py:1063} INFO - Executing <Task(BashOperator): first_task> on 2021-11-10T00:00:00+00:00
[2023-10-01 05:04:32,665] {standard_task_runner.py:52} INFO - Started process 1355 to run task
[2023-10-01 05:04:32,720] {standard_task_runner.py:76} INFO - Running: ['airflow', 'tasks', 'run', 'our_first_dag_v1', 'first_task', '2021-11-10T00:00:00+00:00', '--job-id', '195', '--pool', 'default_pool', '--raw', '--subdir', 'DAGS_FOLDER/our_first_dag.py', '--cfg-path', '/tmp/tmp9t3anfy_', '--error-file', '/tmp/tmphxcvfh5f']
[2023-10-01 05:04:32,781] {standard_task_runner.py:77} INFO - Job 195: Subtask first_task
[2023-10-01 05:04:33,041] {logging_mixin.py:104} INFO - Running <TaskInstance: our_first_dag_v1.first_task 2021-11-10T00:00:00+00:00 [running]> on host c25e1f8124bc
[2023-10-01 05:04:33,609] {taskinstance.py:1257} INFO - Exporting the following env vars:
AIRFLOW_CTX_DAG_OWNER=coder2j
AIRFLOW_CTX_DAG_ID=our_first_dag_v1
AIRFLOW_CTX_TASK_ID=first_task
AIRFLOW_CTX_EXECUTION_DATE=2021-11-10T00:00:00+00:00
AIRFLOW_CTX_DAG_RUN_ID=scheduled__2021-11-10T00:00:00+00:00
[2023-10-01 05:04:33,611] {bash.py:135} INFO - Tmp dir root location: 
 /tmp
[2023-10-01 05:04:33,626] {bash.py:158} INFO - Running command: echo hello world, this is the first task!
[2023-10-01 05:04:33,726] {bash.py:169} INFO - Output:
[2023-10-01 05:04:33,755] {bash.py:173} INFO - hello world, this is the first task!
[2023-10-01 05:04:33,759] {bash.py:177} INFO - Command exited with return code 0
[2023-10-01 05:04:34,228] {taskinstance.py:1166} INFO - Marking task as SUCCESS. dag_id=our_first_dag_v1, task_id=first_task, execution_date=20211110T000000, start_date=20231001T050432, end_date=20231001T050434
[2023-10-01 05:04:34,593] {taskinstance.py:1220} INFO - 0 downstream tasks scheduled from follow-on schedule check
[2023-10-01 05:04:34,687] {local_task_job.py:146} INFO - Task exited with return code 0
[2023-10-01 05:20:31,178] {taskinstance.py:851} INFO - Dependencies all met for <TaskInstance: our_first_dag_v1.first_task 2021-11-10T00:00:00+00:00 [queued]>
[2023-10-01 05:20:31,264] {taskinstance.py:851} INFO - Dependencies all met for <TaskInstance: our_first_dag_v1.first_task 2021-11-10T00:00:00+00:00 [queued]>
[2023-10-01 05:20:31,266] {taskinstance.py:1042} INFO - 
--------------------------------------------------------------------------------
[2023-10-01 05:20:31,270] {taskinstance.py:1043} INFO - Starting attempt 1 of 6
[2023-10-01 05:20:31,272] {taskinstance.py:1044} INFO - 
--------------------------------------------------------------------------------
[2023-10-01 05:20:31,308] {taskinstance.py:1063} INFO - Executing <Task(BashOperator): first_task> on 2021-11-10T00:00:00+00:00
[2023-10-01 05:20:31,321] {standard_task_runner.py:52} INFO - Started process 582 to run task
[2023-10-01 05:20:31,346] {standard_task_runner.py:76} INFO - Running: ['airflow', 'tasks', 'run', 'our_first_dag_v1', 'first_task', '2021-11-10T00:00:00+00:00', '--job-id', '105', '--pool', 'default_pool', '--raw', '--subdir', 'DAGS_FOLDER/our_first_dag.py', '--cfg-path', '/tmp/tmpptmxmkt8', '--error-file', '/tmp/tmpyu4t5q_q']
[2023-10-01 05:20:31,362] {standard_task_runner.py:77} INFO - Job 105: Subtask first_task
[2023-10-01 05:20:31,784] {logging_mixin.py:104} INFO - Running <TaskInstance: our_first_dag_v1.first_task 2021-11-10T00:00:00+00:00 [running]> on host d4ed655215d1
[2023-10-01 05:20:32,005] {taskinstance.py:1257} INFO - Exporting the following env vars:
AIRFLOW_CTX_DAG_OWNER=coder2j
AIRFLOW_CTX_DAG_ID=our_first_dag_v1
AIRFLOW_CTX_TASK_ID=first_task
AIRFLOW_CTX_EXECUTION_DATE=2021-11-10T00:00:00+00:00
AIRFLOW_CTX_DAG_RUN_ID=scheduled__2021-11-10T00:00:00+00:00
[2023-10-01 05:20:32,011] {bash.py:135} INFO - Tmp dir root location: 
 /tmp
[2023-10-01 05:20:32,017] {bash.py:158} INFO - Running command: echo hello world, this is the first task!
[2023-10-01 05:20:32,044] {bash.py:169} INFO - Output:
[2023-10-01 05:20:32,055] {bash.py:173} INFO - hello world, this is the first task!
[2023-10-01 05:20:32,057] {bash.py:177} INFO - Command exited with return code 0
[2023-10-01 05:20:32,142] {taskinstance.py:1166} INFO - Marking task as SUCCESS. dag_id=our_first_dag_v1, task_id=first_task, execution_date=20211110T000000, start_date=20231001T052031, end_date=20231001T052032
[2023-10-01 05:20:36,429] {local_task_job.py:188} WARNING - State of this instance has been externally set to success. Terminating instance.
[2023-10-01 05:20:36,445] {process_utils.py:100} INFO - Sending Signals.SIGTERM to GPID 582
[2023-10-01 05:20:37,952] {taskinstance.py:1239} ERROR - Received SIGTERM. Terminating subprocesses.
[2023-10-01 05:20:37,957] {bash.py:185} INFO - Sending SIGTERM signal to bash process group
[2023-10-01 05:20:38,063] {process_utils.py:66} INFO - Process psutil.Process(pid=582, status='terminated', exitcode=1, started='05:20:31') (582) terminated with exit code 1
