[2023-10-01 05:59:18,038] {taskinstance.py:851} INFO - Dependencies all met for <TaskInstance: our_third_dag_v3.thrid_task 2021-09-12T00:00:00+00:00 [queued]>
[2023-10-01 05:59:18,353] {taskinstance.py:851} INFO - Dependencies all met for <TaskInstance: our_third_dag_v3.thrid_task 2021-09-12T00:00:00+00:00 [queued]>
[2023-10-01 05:59:18,357] {taskinstance.py:1042} INFO - 
--------------------------------------------------------------------------------
[2023-10-01 05:59:18,362] {taskinstance.py:1043} INFO - Starting attempt 1 of 6
[2023-10-01 05:59:18,363] {taskinstance.py:1044} INFO - 
--------------------------------------------------------------------------------
[2023-10-01 05:59:18,527] {taskinstance.py:1063} INFO - Executing <Task(BashOperator): thrid_task> on 2021-09-12T00:00:00+00:00
[2023-10-01 05:59:18,671] {standard_task_runner.py:52} INFO - Started process 2941 to run task
[2023-10-01 05:59:18,746] {standard_task_runner.py:76} INFO - Running: ['airflow', 'tasks', 'run', 'our_third_dag_v3', 'thrid_task', '2021-09-12T00:00:00+00:00', '--job-id', '289', '--pool', 'default_pool', '--raw', '--subdir', 'DAGS_FOLDER/our_third_dag.py', '--cfg-path', '/tmp/tmpa48li4nb', '--error-file', '/tmp/tmpax1vmbqu']
[2023-10-01 05:59:18,848] {standard_task_runner.py:77} INFO - Job 289: Subtask thrid_task
[2023-10-01 05:59:19,588] {logging_mixin.py:104} INFO - Running <TaskInstance: our_third_dag_v3.thrid_task 2021-09-12T00:00:00+00:00 [running]> on host d4ed655215d1
[2023-10-01 05:59:20,017] {taskinstance.py:1257} INFO - Exporting the following env vars:
AIRFLOW_CTX_DAG_OWNER=coder2j
AIRFLOW_CTX_DAG_ID=our_third_dag_v3
AIRFLOW_CTX_TASK_ID=thrid_task
AIRFLOW_CTX_EXECUTION_DATE=2021-09-12T00:00:00+00:00
AIRFLOW_CTX_DAG_RUN_ID=scheduled__2021-09-12T00:00:00+00:00
[2023-10-01 05:59:20,020] {bash.py:135} INFO - Tmp dir root location: 
 /tmp
[2023-10-01 05:59:20,034] {bash.py:158} INFO - Running command: echo hey, I am task3 and will be running after task1 at the same time as task2!
[2023-10-01 05:59:20,132] {bash.py:169} INFO - Output:
[2023-10-01 05:59:20,151] {bash.py:173} INFO - hey, I am task3 and will be running after task1 at the same time as task2!
[2023-10-01 05:59:20,158] {bash.py:177} INFO - Command exited with return code 0
[2023-10-01 05:59:20,676] {taskinstance.py:1166} INFO - Marking task as SUCCESS. dag_id=our_third_dag_v3, task_id=thrid_task, execution_date=20210912T000000, start_date=20231001T055918, end_date=20231001T055920
[2023-10-01 05:59:21,696] {taskinstance.py:1220} INFO - 0 downstream tasks scheduled from follow-on schedule check
[2023-10-01 05:59:22,054] {local_task_job.py:146} INFO - Task exited with return code 0
