[2023-10-01 09:59:31,318] {logging_mixin.py:104} INFO - Running <TaskInstance: postgres_v1.create_postgres_connection 2021-08-30T00:00:00+00:00 [None]> on host d4ed655215d1
[2023-10-01 09:59:33,348] {taskinstance.py:1239} ERROR - Received SIGTERM. Terminating subprocesses.
[2023-10-01 09:59:33,630] {taskinstance.py:1455} ERROR - Task received SIGTERM signal
Traceback (most recent call last):
  File "/home/airflow/.local/lib/python3.6/site-packages/airflow/models/taskinstance.py", line 1112, in _run_raw_task
    self._prepare_and_execute_task_with_callbacks(context, task)
  File "/home/airflow/.local/lib/python3.6/site-packages/airflow/models/taskinstance.py", line 1249, in _prepare_and_execute_task_with_callbacks
    self.render_templates(context=context)
  File "/home/airflow/.local/lib/python3.6/site-packages/airflow/models/taskinstance.py", line 1750, in render_templates
    self.task.render_template_fields(context)
  File "/home/airflow/.local/lib/python3.6/site-packages/airflow/models/baseoperator.py", line 857, in render_template_fields
    jinja_env = self.get_template_env()
  File "/home/airflow/.local/lib/python3.6/site-packages/airflow/models/baseoperator.py", line 952, in get_template_env
    return self.dag.get_template_env() if self.has_dag() else jinja2.Environment(cache_size=0)  # noqa
  File "/home/airflow/.local/lib/python3.6/site-packages/airflow/models/dag.py", line 996, in get_template_env
    env = jinja2.Environment(**jinja_env_options)  # type: ignore
  File "/home/airflow/.local/lib/python3.6/site-packages/jinja2/environment.py", line 359, in __init__
    self.extensions = load_extensions(self, extensions)
  File "/home/airflow/.local/lib/python3.6/site-packages/jinja2/environment.py", line 108, in load_extensions
    extension = import_string(extension)
  File "/home/airflow/.local/lib/python3.6/site-packages/jinja2/utils.py", line 131, in import_string
    return getattr(__import__(module, None, None, [obj]), obj)
  File "<frozen importlib._bootstrap>", line 971, in _find_and_load
  File "<frozen importlib._bootstrap>", line 955, in _find_and_load_unlocked
  File "<frozen importlib._bootstrap>", line 665, in _load_unlocked
  File "<frozen importlib._bootstrap_external>", line 674, in exec_module
  File "<frozen importlib._bootstrap_external>", line 779, in get_code
  File "<frozen importlib._bootstrap_external>", line 487, in _compile_bytecode
  File "/home/airflow/.local/lib/python3.6/site-packages/airflow/models/taskinstance.py", line 1241, in signal_handler
    raise AirflowException("Task received SIGTERM signal")
airflow.exceptions.AirflowException: Task received SIGTERM signal
[2023-10-01 09:59:33,797] {taskinstance.py:1503} INFO - Marking task as UP_FOR_RETRY. dag_id=postgres_v1, task_id=create_postgres_connection, execution_date=20210830T000000, start_date=20231001T095920, end_date=20231001T095933
[2023-10-01 10:01:49,328] {taskinstance.py:851} INFO - Dependencies all met for <TaskInstance: postgres_v1.create_postgres_connection 2021-08-30T00:00:00+00:00 [queued]>
[2023-10-01 10:01:49,376] {taskinstance.py:851} INFO - Dependencies all met for <TaskInstance: postgres_v1.create_postgres_connection 2021-08-30T00:00:00+00:00 [queued]>
[2023-10-01 10:01:49,378] {taskinstance.py:1042} INFO - 
--------------------------------------------------------------------------------
[2023-10-01 10:01:49,380] {taskinstance.py:1043} INFO - Starting attempt 2 of 6
[2023-10-01 10:01:49,381] {taskinstance.py:1044} INFO - 
--------------------------------------------------------------------------------
[2023-10-01 10:01:49,406] {taskinstance.py:1063} INFO - Executing <Task(PostgresOperator): create_postgres_connection> on 2021-08-30T00:00:00+00:00
[2023-10-01 10:01:49,447] {standard_task_runner.py:52} INFO - Started process 44642 to run task
[2023-10-01 10:01:49,589] {standard_task_runner.py:76} INFO - Running: ['airflow', 'tasks', 'run', 'postgres_v1', 'create_postgres_connection', '2021-08-30T00:00:00+00:00', '--job-id', '2646', '--pool', 'default_pool', '--raw', '--subdir', 'DAGS_FOLDER/1_postgresql.py', '--cfg-path', '/tmp/tmpawe2qg4_', '--error-file', '/tmp/tmp0p1dsu0n']
[2023-10-01 10:01:49,614] {standard_task_runner.py:77} INFO - Job 2646: Subtask create_postgres_connection
[2023-10-01 10:01:50,666] {logging_mixin.py:104} INFO - Running <TaskInstance: postgres_v1.create_postgres_connection 2021-08-30T00:00:00+00:00 [running]> on host d4ed655215d1
[2023-10-01 10:01:51,529] {taskinstance.py:1257} INFO - Exporting the following env vars:
AIRFLOW_CTX_DAG_OWNER=svastikkka
AIRFLOW_CTX_DAG_ID=postgres_v1
AIRFLOW_CTX_TASK_ID=create_postgres_connection
AIRFLOW_CTX_EXECUTION_DATE=2021-08-30T00:00:00+00:00
AIRFLOW_CTX_DAG_RUN_ID=scheduled__2021-08-30T00:00:00+00:00
[2023-10-01 10:01:51,532] {postgres.py:69} INFO - Executing: create table if not exists dags_run(
        dt  date,
        dag_id character varying,
        primary key (dt,dag_id)
        )
[2023-10-01 10:01:51,585] {base.py:74} INFO - Using connection to: id: posgres_testing. Host: host.docker.internal, Port: 5432, Schema: testing, Login: airflow, Password: XXXXXXXX, extra: None
[2023-10-01 10:01:51,694] {dbapi.py:180} INFO - Running statement: create table if not exists dags_run(
        dt  date,
        dag_id character varying,
        primary key (dt,dag_id)
        ), parameters: None
[2023-10-01 10:01:51,712] {dbapi.py:186} INFO - Rows affected: -1
[2023-10-01 10:01:51,740] {postgres.py:73} INFO - NOTICE:  relation "dags_run" already exists, skipping

[2023-10-01 10:01:51,798] {taskinstance.py:1166} INFO - Marking task as SUCCESS. dag_id=postgres_v1, task_id=create_postgres_connection, execution_date=20210830T000000, start_date=20231001T100149, end_date=20231001T100151
[2023-10-01 10:01:52,117] {taskinstance.py:1220} INFO - 1 downstream tasks scheduled from follow-on schedule check
[2023-10-01 10:01:52,149] {local_task_job.py:146} INFO - Task exited with return code 0
