[2023-10-01 05:58:37,667] {taskinstance.py:851} INFO - Dependencies all met for <TaskInstance: our_third_dag_v3.second_task 2021-09-05T00:00:00+00:00 [queued]>
[2023-10-01 05:58:37,918] {taskinstance.py:851} INFO - Dependencies all met for <TaskInstance: our_third_dag_v3.second_task 2021-09-05T00:00:00+00:00 [queued]>
[2023-10-01 05:58:37,923] {taskinstance.py:1042} INFO - 
--------------------------------------------------------------------------------
[2023-10-01 05:58:37,927] {taskinstance.py:1043} INFO - Starting attempt 1 of 6
[2023-10-01 05:58:37,933] {taskinstance.py:1044} INFO - 
--------------------------------------------------------------------------------
[2023-10-01 05:58:38,207] {taskinstance.py:1063} INFO - Executing <Task(BashOperator): second_task> on 2021-09-05T00:00:00+00:00
[2023-10-01 05:58:38,508] {standard_task_runner.py:52} INFO - Started process 2848 to run task
[2023-10-01 05:58:38,776] {standard_task_runner.py:76} INFO - Running: ['airflow', 'tasks', 'run', 'our_third_dag_v3', 'second_task', '2021-09-05T00:00:00+00:00', '--job-id', '269', '--pool', 'default_pool', '--raw', '--subdir', 'DAGS_FOLDER/our_third_dag.py', '--cfg-path', '/tmp/tmpt30ow5ic', '--error-file', '/tmp/tmpp0s3b2n4']
[2023-10-01 05:58:38,974] {standard_task_runner.py:77} INFO - Job 269: Subtask second_task
[2023-10-01 05:58:40,277] {logging_mixin.py:104} INFO - Running <TaskInstance: our_third_dag_v3.second_task 2021-09-05T00:00:00+00:00 [running]> on host d4ed655215d1
[2023-10-01 05:58:41,605] {taskinstance.py:1257} INFO - Exporting the following env vars:
AIRFLOW_CTX_DAG_OWNER=coder2j
AIRFLOW_CTX_DAG_ID=our_third_dag_v3
AIRFLOW_CTX_TASK_ID=second_task
AIRFLOW_CTX_EXECUTION_DATE=2021-09-05T00:00:00+00:00
AIRFLOW_CTX_DAG_RUN_ID=scheduled__2021-09-05T00:00:00+00:00
[2023-10-01 05:58:41,637] {bash.py:135} INFO - Tmp dir root location: 
 /tmp
[2023-10-01 05:58:41,666] {bash.py:158} INFO - Running command: echo hey, I am task2 and will be running after task1!
[2023-10-01 05:58:41,927] {bash.py:169} INFO - Output:
[2023-10-01 05:58:42,029] {bash.py:173} INFO - hey, I am task2 and will be running after task1!
[2023-10-01 05:58:42,041] {bash.py:177} INFO - Command exited with return code 0
[2023-10-01 05:58:42,994] {taskinstance.py:1166} INFO - Marking task as SUCCESS. dag_id=our_third_dag_v3, task_id=second_task, execution_date=20210905T000000, start_date=20231001T055837, end_date=20231001T055842
[2023-10-01 05:58:43,744] {taskinstance.py:1220} INFO - 0 downstream tasks scheduled from follow-on schedule check
[2023-10-01 05:58:44,570] {local_task_job.py:146} INFO - Task exited with return code 0
