[2023-10-01 07:56:23,025] {taskinstance.py:851} INFO - Dependencies all met for <TaskInstance: our_seventh_dag_v7.greet 2022-12-16T00:00:00+00:00 [queued]>
[2023-10-01 07:56:23,285] {taskinstance.py:851} INFO - Dependencies all met for <TaskInstance: our_seventh_dag_v7.greet 2022-12-16T00:00:00+00:00 [queued]>
[2023-10-01 07:56:23,288] {taskinstance.py:1042} INFO - 
--------------------------------------------------------------------------------
[2023-10-01 07:56:23,292] {taskinstance.py:1043} INFO - Starting attempt 1 of 6
[2023-10-01 07:56:23,303] {taskinstance.py:1044} INFO - 
--------------------------------------------------------------------------------
[2023-10-01 07:56:23,396] {taskinstance.py:1063} INFO - Executing <Task(PythonOperator): greet> on 2022-12-16T00:00:00+00:00
[2023-10-01 07:56:23,546] {standard_task_runner.py:52} INFO - Started process 23378 to run task
[2023-10-01 07:56:23,770] {standard_task_runner.py:76} INFO - Running: ['airflow', 'tasks', 'run', 'our_seventh_dag_v7', 'greet', '2022-12-16T00:00:00+00:00', '--job-id', '2347', '--pool', 'default_pool', '--raw', '--subdir', 'DAGS_FOLDER/our_seventh_dag.py', '--cfg-path', '/tmp/tmp6808dxym', '--error-file', '/tmp/tmpys741k8a']
[2023-10-01 07:56:23,875] {standard_task_runner.py:77} INFO - Job 2347: Subtask greet
[2023-10-01 07:56:25,086] {logging_mixin.py:104} INFO - Running <TaskInstance: our_seventh_dag_v7.greet 2022-12-16T00:00:00+00:00 [running]> on host d4ed655215d1
[2023-10-01 07:56:25,983] {taskinstance.py:1257} INFO - Exporting the following env vars:
AIRFLOW_CTX_DAG_OWNER=svastikkka
AIRFLOW_CTX_DAG_ID=our_seventh_dag_v7
AIRFLOW_CTX_TASK_ID=greet
AIRFLOW_CTX_EXECUTION_DATE=2022-12-16T00:00:00+00:00
AIRFLOW_CTX_DAG_RUN_ID=scheduled__2022-12-16T00:00:00+00:00
[2023-10-01 07:56:26,099] {logging_mixin.py:104} INFO - Hello My name is Manshu Sharma and I am 26 years old.
[2023-10-01 07:56:26,101] {python.py:118} INFO - Done. Returned value was: None
[2023-10-01 07:56:26,195] {taskinstance.py:1166} INFO - Marking task as SUCCESS. dag_id=our_seventh_dag_v7, task_id=greet, execution_date=20221216T000000, start_date=20231001T075623, end_date=20231001T075626
[2023-10-01 07:56:27,364] {taskinstance.py:1220} INFO - 0 downstream tasks scheduled from follow-on schedule check
[2023-10-01 07:56:33,332] {local_task_job.py:146} INFO - Task exited with return code 0
