[2023-10-01 07:48:03,434] {taskinstance.py:851} INFO - Dependencies all met for <TaskInstance: our_seventh_dag_v7.greet 2022-05-10T00:00:00+00:00 [queued]>
[2023-10-01 07:48:03,534] {taskinstance.py:851} INFO - Dependencies all met for <TaskInstance: our_seventh_dag_v7.greet 2022-05-10T00:00:00+00:00 [queued]>
[2023-10-01 07:48:03,536] {taskinstance.py:1042} INFO - 
--------------------------------------------------------------------------------
[2023-10-01 07:48:03,538] {taskinstance.py:1043} INFO - Starting attempt 1 of 6
[2023-10-01 07:48:03,539] {taskinstance.py:1044} INFO - 
--------------------------------------------------------------------------------
[2023-10-01 07:48:03,617] {taskinstance.py:1063} INFO - Executing <Task(PythonOperator): greet> on 2022-05-10T00:00:00+00:00
[2023-10-01 07:48:03,648] {standard_task_runner.py:52} INFO - Started process 21137 to run task
[2023-10-01 07:48:03,714] {standard_task_runner.py:76} INFO - Running: ['airflow', 'tasks', 'run', 'our_seventh_dag_v7', 'greet', '2022-05-10T00:00:00+00:00', '--job-id', '1907', '--pool', 'default_pool', '--raw', '--subdir', 'DAGS_FOLDER/our_seventh_dag.py', '--cfg-path', '/tmp/tmpoabhxijp', '--error-file', '/tmp/tmp18y8r13u']
[2023-10-01 07:48:03,728] {standard_task_runner.py:77} INFO - Job 1907: Subtask greet
[2023-10-01 07:48:04,015] {logging_mixin.py:104} INFO - Running <TaskInstance: our_seventh_dag_v7.greet 2022-05-10T00:00:00+00:00 [running]> on host d4ed655215d1
[2023-10-01 07:48:04,306] {taskinstance.py:1257} INFO - Exporting the following env vars:
AIRFLOW_CTX_DAG_OWNER=svastikkka
AIRFLOW_CTX_DAG_ID=our_seventh_dag_v7
AIRFLOW_CTX_TASK_ID=greet
AIRFLOW_CTX_EXECUTION_DATE=2022-05-10T00:00:00+00:00
AIRFLOW_CTX_DAG_RUN_ID=scheduled__2022-05-10T00:00:00+00:00
[2023-10-01 07:48:04,393] {logging_mixin.py:104} INFO - Hello My name is Manshu Sharma and I am 26 years old.
[2023-10-01 07:48:04,396] {python.py:118} INFO - Done. Returned value was: None
[2023-10-01 07:48:04,458] {taskinstance.py:1166} INFO - Marking task as SUCCESS. dag_id=our_seventh_dag_v7, task_id=greet, execution_date=20220510T000000, start_date=20231001T074803, end_date=20231001T074804
[2023-10-01 07:48:04,639] {taskinstance.py:1220} INFO - 0 downstream tasks scheduled from follow-on schedule check
[2023-10-01 07:48:04,754] {local_task_job.py:146} INFO - Task exited with return code 0
