[2023-10-01 05:53:29,648] {taskinstance.py:851} INFO - Dependencies all met for <TaskInstance: our_third_dag_v3.first_task 2021-08-09T00:00:00+00:00 [queued]>
[2023-10-01 05:53:30,164] {taskinstance.py:851} INFO - Dependencies all met for <TaskInstance: our_third_dag_v3.first_task 2021-08-09T00:00:00+00:00 [queued]>
[2023-10-01 05:53:30,173] {taskinstance.py:1042} INFO - 
--------------------------------------------------------------------------------
[2023-10-01 05:53:30,200] {taskinstance.py:1043} INFO - Starting attempt 1 of 6
[2023-10-01 05:53:30,206] {taskinstance.py:1044} INFO - 
--------------------------------------------------------------------------------
[2023-10-01 05:53:31,661] {taskinstance.py:1063} INFO - Executing <Task(BashOperator): first_task> on 2021-08-09T00:00:00+00:00
[2023-10-01 05:53:32,012] {standard_task_runner.py:52} INFO - Started process 2342 to run task
[2023-10-01 05:53:32,454] {standard_task_runner.py:76} INFO - Running: ['airflow', 'tasks', 'run', 'our_third_dag_v3', 'first_task', '2021-08-09T00:00:00+00:00', '--job-id', '175', '--pool', 'default_pool', '--raw', '--subdir', 'DAGS_FOLDER/our_third_dag.py', '--cfg-path', '/tmp/tmps6g7ik1j', '--error-file', '/tmp/tmpgag8ly3i']
[2023-10-01 05:53:32,681] {standard_task_runner.py:77} INFO - Job 175: Subtask first_task
[2023-10-01 05:53:36,106] {logging_mixin.py:104} INFO - Running <TaskInstance: our_third_dag_v3.first_task 2021-08-09T00:00:00+00:00 [running]> on host d4ed655215d1
[2023-10-01 05:53:45,089] {taskinstance.py:1257} INFO - Exporting the following env vars:
AIRFLOW_CTX_DAG_OWNER=coder2j
AIRFLOW_CTX_DAG_ID=our_third_dag_v3
AIRFLOW_CTX_TASK_ID=first_task
AIRFLOW_CTX_EXECUTION_DATE=2021-08-09T00:00:00+00:00
AIRFLOW_CTX_DAG_RUN_ID=scheduled__2021-08-09T00:00:00+00:00
[2023-10-01 05:53:45,183] {bash.py:135} INFO - Tmp dir root location: 
 /tmp
[2023-10-01 05:53:45,213] {bash.py:158} INFO - Running command: echo hello world, this is the first task!
[2023-10-01 05:53:45,838] {bash.py:169} INFO - Output:
[2023-10-01 05:53:46,012] {bash.py:173} INFO - hello world, this is the first task!
[2023-10-01 05:53:46,024] {bash.py:177} INFO - Command exited with return code 0
[2023-10-01 05:53:46,871] {taskinstance.py:1166} INFO - Marking task as SUCCESS. dag_id=our_third_dag_v3, task_id=first_task, execution_date=20210809T000000, start_date=20231001T055329, end_date=20231001T055346
[2023-10-01 05:53:47,981] {taskinstance.py:1220} INFO - 2 downstream tasks scheduled from follow-on schedule check
[2023-10-01 05:53:48,198] {local_task_job.py:146} INFO - Task exited with return code 0
