[2023-10-01 07:38:57,323] {taskinstance.py:851} INFO - Dependencies all met for <TaskInstance: our_seventh_dag_v7.get_name 2021-09-17T00:00:00+00:00 [queued]>
[2023-10-01 07:38:57,540] {taskinstance.py:851} INFO - Dependencies all met for <TaskInstance: our_seventh_dag_v7.get_name 2021-09-17T00:00:00+00:00 [queued]>
[2023-10-01 07:38:57,545] {taskinstance.py:1042} INFO - 
--------------------------------------------------------------------------------
[2023-10-01 07:38:57,550] {taskinstance.py:1043} INFO - Starting attempt 1 of 6
[2023-10-01 07:38:57,555] {taskinstance.py:1044} INFO - 
--------------------------------------------------------------------------------
[2023-10-01 07:38:57,742] {taskinstance.py:1063} INFO - Executing <Task(PythonOperator): get_name> on 2021-09-17T00:00:00+00:00
[2023-10-01 07:38:57,778] {standard_task_runner.py:52} INFO - Started process 18657 to run task
[2023-10-01 07:38:57,820] {standard_task_runner.py:76} INFO - Running: ['airflow', 'tasks', 'run', 'our_seventh_dag_v7', 'get_name', '2021-09-17T00:00:00+00:00', '--job-id', '1430', '--pool', 'default_pool', '--raw', '--subdir', 'DAGS_FOLDER/our_seventh_dag.py', '--cfg-path', '/tmp/tmpyes4gpk7', '--error-file', '/tmp/tmp33budunz']
[2023-10-01 07:38:57,872] {standard_task_runner.py:77} INFO - Job 1430: Subtask get_name
[2023-10-01 07:38:58,392] {logging_mixin.py:104} INFO - Running <TaskInstance: our_seventh_dag_v7.get_name 2021-09-17T00:00:00+00:00 [running]> on host d4ed655215d1
[2023-10-01 07:38:59,059] {taskinstance.py:1257} INFO - Exporting the following env vars:
AIRFLOW_CTX_DAG_OWNER=svastikkka
AIRFLOW_CTX_DAG_ID=our_seventh_dag_v7
AIRFLOW_CTX_TASK_ID=get_name
AIRFLOW_CTX_EXECUTION_DATE=2021-09-17T00:00:00+00:00
AIRFLOW_CTX_DAG_RUN_ID=scheduled__2021-09-17T00:00:00+00:00
[2023-10-01 07:38:59,569] {python.py:118} INFO - Done. Returned value was: None
[2023-10-01 07:38:59,669] {taskinstance.py:1166} INFO - Marking task as SUCCESS. dag_id=our_seventh_dag_v7, task_id=get_name, execution_date=20210917T000000, start_date=20231001T073857, end_date=20231001T073859
[2023-10-01 07:39:01,008] {taskinstance.py:1220} INFO - 0 downstream tasks scheduled from follow-on schedule check
[2023-10-01 07:39:01,290] {local_task_job.py:146} INFO - Task exited with return code 0
