[2023-10-01 07:54:15,650] {taskinstance.py:851} INFO - Dependencies all met for <TaskInstance: our_seventh_dag_v7.greet 2022-11-12T00:00:00+00:00 [queued]>
[2023-10-01 07:54:15,835] {taskinstance.py:851} INFO - Dependencies all met for <TaskInstance: our_seventh_dag_v7.greet 2022-11-12T00:00:00+00:00 [queued]>
[2023-10-01 07:54:15,839] {taskinstance.py:1042} INFO - 
--------------------------------------------------------------------------------
[2023-10-01 07:54:15,849] {taskinstance.py:1043} INFO - Starting attempt 1 of 6
[2023-10-01 07:54:15,854] {taskinstance.py:1044} INFO - 
--------------------------------------------------------------------------------
[2023-10-01 07:54:16,020] {taskinstance.py:1063} INFO - Executing <Task(PythonOperator): greet> on 2022-11-12T00:00:00+00:00
[2023-10-01 07:54:16,079] {standard_task_runner.py:52} INFO - Started process 22963 to run task
[2023-10-01 07:54:16,147] {standard_task_runner.py:76} INFO - Running: ['airflow', 'tasks', 'run', 'our_seventh_dag_v7', 'greet', '2022-11-12T00:00:00+00:00', '--job-id', '2280', '--pool', 'default_pool', '--raw', '--subdir', 'DAGS_FOLDER/our_seventh_dag.py', '--cfg-path', '/tmp/tmpen3e23ce', '--error-file', '/tmp/tmpg14gm32_']
[2023-10-01 07:54:16,169] {standard_task_runner.py:77} INFO - Job 2280: Subtask greet
[2023-10-01 07:54:16,577] {logging_mixin.py:104} INFO - Running <TaskInstance: our_seventh_dag_v7.greet 2022-11-12T00:00:00+00:00 [running]> on host d4ed655215d1
[2023-10-01 07:54:16,845] {taskinstance.py:1257} INFO - Exporting the following env vars:
AIRFLOW_CTX_DAG_OWNER=svastikkka
AIRFLOW_CTX_DAG_ID=our_seventh_dag_v7
AIRFLOW_CTX_TASK_ID=greet
AIRFLOW_CTX_EXECUTION_DATE=2022-11-12T00:00:00+00:00
AIRFLOW_CTX_DAG_RUN_ID=scheduled__2022-11-12T00:00:00+00:00
[2023-10-01 07:54:17,001] {logging_mixin.py:104} INFO - Hello My name is Manshu Sharma and I am 26 years old.
[2023-10-01 07:54:17,003] {python.py:118} INFO - Done. Returned value was: None
[2023-10-01 07:54:17,053] {taskinstance.py:1166} INFO - Marking task as SUCCESS. dag_id=our_seventh_dag_v7, task_id=greet, execution_date=20221112T000000, start_date=20231001T075415, end_date=20231001T075417
[2023-10-01 07:54:17,245] {taskinstance.py:1220} INFO - 0 downstream tasks scheduled from follow-on schedule check
[2023-10-01 07:54:17,349] {local_task_job.py:146} INFO - Task exited with return code 0
