[2023-10-01 06:35:49,218] {taskinstance.py:851} INFO - Dependencies all met for <TaskInstance: our_fifth_dag_v5.greet 2021-10-05T00:00:00+00:00 [queued]>
[2023-10-01 06:35:49,254] {taskinstance.py:851} INFO - Dependencies all met for <TaskInstance: our_fifth_dag_v5.greet 2021-10-05T00:00:00+00:00 [queued]>
[2023-10-01 06:35:49,255] {taskinstance.py:1042} INFO - 
--------------------------------------------------------------------------------
[2023-10-01 06:35:49,257] {taskinstance.py:1043} INFO - Starting attempt 1 of 6
[2023-10-01 06:35:49,260] {taskinstance.py:1044} INFO - 
--------------------------------------------------------------------------------
[2023-10-01 06:35:49,285] {taskinstance.py:1063} INFO - Executing <Task(PythonOperator): greet> on 2021-10-05T00:00:00+00:00
[2023-10-01 06:35:49,297] {standard_task_runner.py:52} INFO - Started process 8393 to run task
[2023-10-01 06:35:49,319] {standard_task_runner.py:76} INFO - Running: ['airflow', 'tasks', 'run', 'our_fifth_dag_v5', 'greet', '2021-10-05T00:00:00+00:00', '--job-id', '1087', '--pool', 'default_pool', '--raw', '--subdir', 'DAGS_FOLDER/our_fifth_dag.py', '--cfg-path', '/tmp/tmpwr53_yh6', '--error-file', '/tmp/tmpju8a_662']
[2023-10-01 06:35:49,324] {standard_task_runner.py:77} INFO - Job 1087: Subtask greet
[2023-10-01 06:35:49,428] {logging_mixin.py:104} INFO - Running <TaskInstance: our_fifth_dag_v5.greet 2021-10-05T00:00:00+00:00 [running]> on host d4ed655215d1
[2023-10-01 06:35:49,529] {taskinstance.py:1257} INFO - Exporting the following env vars:
AIRFLOW_CTX_DAG_OWNER=coder2j
AIRFLOW_CTX_DAG_ID=our_fifth_dag_v5
AIRFLOW_CTX_TASK_ID=greet
AIRFLOW_CTX_EXECUTION_DATE=2021-10-05T00:00:00+00:00
AIRFLOW_CTX_DAG_RUN_ID=scheduled__2021-10-05T00:00:00+00:00
[2023-10-01 06:35:49,532] {logging_mixin.py:104} INFO - Hello My name is Anshu and I am 20 years old.
[2023-10-01 06:35:49,535] {python.py:118} INFO - Done. Returned value was: None
[2023-10-01 06:35:49,564] {taskinstance.py:1166} INFO - Marking task as SUCCESS. dag_id=our_fifth_dag_v5, task_id=greet, execution_date=20211005T000000, start_date=20231001T063549, end_date=20231001T063549
[2023-10-01 06:35:49,617] {taskinstance.py:1220} INFO - 0 downstream tasks scheduled from follow-on schedule check
[2023-10-01 06:35:49,655] {local_task_job.py:146} INFO - Task exited with return code 0
