[2023-10-01 09:16:26,551] {taskinstance.py:851} INFO - Dependencies all met for <TaskInstance: cron.first_task 2021-08-04T00:00:00+00:00 [queued]>
[2023-10-01 09:16:30,619] {taskinstance.py:851} INFO - Dependencies all met for <TaskInstance: cron.first_task 2021-08-04T00:00:00+00:00 [queued]>
[2023-10-01 09:16:30,650] {taskinstance.py:1042} INFO - 
--------------------------------------------------------------------------------
[2023-10-01 09:16:30,715] {taskinstance.py:1043} INFO - Starting attempt 1 of 6
[2023-10-01 09:16:30,727] {taskinstance.py:1044} INFO - 
--------------------------------------------------------------------------------
[2023-10-01 09:16:36,013] {taskinstance.py:1063} INFO - Executing <Task(BashOperator): first_task> on 2021-08-04T00:00:00+00:00
[2023-10-01 09:16:36,442] {standard_task_runner.py:52} INFO - Started process 34380 to run task
[2023-10-01 09:16:36,751] {standard_task_runner.py:76} INFO - Running: ['airflow', 'tasks', 'run', 'cron', 'first_task', '2021-08-04T00:00:00+00:00', '--job-id', '2491', '--pool', 'default_pool', '--raw', '--subdir', 'DAGS_FOLDER/cron.py', '--cfg-path', '/tmp/tmpv8y3a1s3', '--error-file', '/tmp/tmp0f87epqs']
[2023-10-01 09:16:36,782] {standard_task_runner.py:77} INFO - Job 2491: Subtask first_task
[2023-10-01 09:16:56,975] {logging_mixin.py:104} INFO - Running <TaskInstance: cron.first_task 2021-08-04T00:00:00+00:00 [running]> on host d4ed655215d1
[2023-10-01 09:17:12,446] {taskinstance.py:1257} INFO - Exporting the following env vars:
AIRFLOW_CTX_DAG_OWNER=svastikkka
AIRFLOW_CTX_DAG_ID=cron
AIRFLOW_CTX_TASK_ID=first_task
AIRFLOW_CTX_EXECUTION_DATE=2021-08-04T00:00:00+00:00
AIRFLOW_CTX_DAG_RUN_ID=scheduled__2021-08-04T00:00:00+00:00
[2023-10-01 09:17:12,550] {bash.py:135} INFO - Tmp dir root location: 
 /tmp
[2023-10-01 09:17:12,728] {bash.py:158} INFO - Running command: echo hello world, this is the first task!
[2023-10-01 09:17:13,278] {bash.py:169} INFO - Output:
[2023-10-01 09:17:13,374] {bash.py:173} INFO - hello world, this is the first task!
[2023-10-01 09:17:13,418] {bash.py:177} INFO - Command exited with return code 0
[2023-10-01 09:17:14,300] {taskinstance.py:1166} INFO - Marking task as SUCCESS. dag_id=cron, task_id=first_task, execution_date=20210804T000000, start_date=20231001T091626, end_date=20231001T091714
[2023-10-01 09:17:16,275] {taskinstance.py:1220} INFO - 0 downstream tasks scheduled from follow-on schedule check
[2023-10-01 09:17:18,842] {local_task_job.py:188} WARNING - State of this instance has been externally set to success. Terminating instance.
[2023-10-01 09:17:20,952] {process_utils.py:100} INFO - Sending Signals.SIGTERM to GPID 34380
[2023-10-01 09:17:21,077] {process_utils.py:66} INFO - Process psutil.Process(pid=34380, status='terminated', exitcode=0, started='09:16:36') (34380) terminated with exit code 0
