[2023-10-01 05:59:37,105] {taskinstance.py:851} INFO - Dependencies all met for <TaskInstance: our_third_dag_v3.thrid_task 2021-09-17T00:00:00+00:00 [queued]>
[2023-10-01 05:59:38,298] {taskinstance.py:851} INFO - Dependencies all met for <TaskInstance: our_third_dag_v3.thrid_task 2021-09-17T00:00:00+00:00 [queued]>
[2023-10-01 05:59:38,325] {taskinstance.py:1042} INFO - 
--------------------------------------------------------------------------------
[2023-10-01 05:59:38,334] {taskinstance.py:1043} INFO - Starting attempt 1 of 6
[2023-10-01 05:59:38,342] {taskinstance.py:1044} INFO - 
--------------------------------------------------------------------------------
[2023-10-01 05:59:38,821] {taskinstance.py:1063} INFO - Executing <Task(BashOperator): thrid_task> on 2021-09-17T00:00:00+00:00
[2023-10-01 05:59:38,860] {standard_task_runner.py:52} INFO - Started process 3002 to run task
[2023-10-01 05:59:39,066] {standard_task_runner.py:76} INFO - Running: ['airflow', 'tasks', 'run', 'our_third_dag_v3', 'thrid_task', '2021-09-17T00:00:00+00:00', '--job-id', '300', '--pool', 'default_pool', '--raw', '--subdir', 'DAGS_FOLDER/our_third_dag.py', '--cfg-path', '/tmp/tmpckdc8r3m', '--error-file', '/tmp/tmpcckc9po_']
[2023-10-01 05:59:39,246] {standard_task_runner.py:77} INFO - Job 300: Subtask thrid_task
[2023-10-01 05:59:40,324] {logging_mixin.py:104} INFO - Running <TaskInstance: our_third_dag_v3.thrid_task 2021-09-17T00:00:00+00:00 [running]> on host d4ed655215d1
[2023-10-01 05:59:41,168] {taskinstance.py:1257} INFO - Exporting the following env vars:
AIRFLOW_CTX_DAG_OWNER=coder2j
AIRFLOW_CTX_DAG_ID=our_third_dag_v3
AIRFLOW_CTX_TASK_ID=thrid_task
AIRFLOW_CTX_EXECUTION_DATE=2021-09-17T00:00:00+00:00
AIRFLOW_CTX_DAG_RUN_ID=scheduled__2021-09-17T00:00:00+00:00
[2023-10-01 05:59:41,181] {bash.py:135} INFO - Tmp dir root location: 
 /tmp
[2023-10-01 05:59:41,199] {bash.py:158} INFO - Running command: echo hey, I am task3 and will be running after task1 at the same time as task2!
[2023-10-01 05:59:41,349] {bash.py:169} INFO - Output:
[2023-10-01 05:59:41,390] {bash.py:173} INFO - hey, I am task3 and will be running after task1 at the same time as task2!
[2023-10-01 05:59:41,435] {bash.py:177} INFO - Command exited with return code 0
[2023-10-01 05:59:41,701] {taskinstance.py:1166} INFO - Marking task as SUCCESS. dag_id=our_third_dag_v3, task_id=thrid_task, execution_date=20210917T000000, start_date=20231001T055937, end_date=20231001T055941
[2023-10-01 05:59:42,198] {taskinstance.py:1220} INFO - 0 downstream tasks scheduled from follow-on schedule check
[2023-10-01 05:59:42,426] {local_task_job.py:146} INFO - Task exited with return code 0
