[2023-10-01 05:58:23,998] {taskinstance.py:851} INFO - Dependencies all met for <TaskInstance: our_third_dag_v3.second_task 2021-09-03T00:00:00+00:00 [queued]>
[2023-10-01 05:58:24,382] {taskinstance.py:851} INFO - Dependencies all met for <TaskInstance: our_third_dag_v3.second_task 2021-09-03T00:00:00+00:00 [queued]>
[2023-10-01 05:58:24,384] {taskinstance.py:1042} INFO - 
--------------------------------------------------------------------------------
[2023-10-01 05:58:24,386] {taskinstance.py:1043} INFO - Starting attempt 1 of 6
[2023-10-01 05:58:24,389] {taskinstance.py:1044} INFO - 
--------------------------------------------------------------------------------
[2023-10-01 05:58:24,675] {taskinstance.py:1063} INFO - Executing <Task(BashOperator): second_task> on 2021-09-03T00:00:00+00:00
[2023-10-01 05:58:25,374] {standard_task_runner.py:52} INFO - Started process 2813 to run task
[2023-10-01 05:58:25,930] {standard_task_runner.py:76} INFO - Running: ['airflow', 'tasks', 'run', 'our_third_dag_v3', 'second_task', '2021-09-03T00:00:00+00:00', '--job-id', '262', '--pool', 'default_pool', '--raw', '--subdir', 'DAGS_FOLDER/our_third_dag.py', '--cfg-path', '/tmp/tmp6ianrwpu', '--error-file', '/tmp/tmpl_uo75o2']
[2023-10-01 05:58:26,379] {standard_task_runner.py:77} INFO - Job 262: Subtask second_task
[2023-10-01 05:58:28,600] {logging_mixin.py:104} INFO - Running <TaskInstance: our_third_dag_v3.second_task 2021-09-03T00:00:00+00:00 [running]> on host d4ed655215d1
[2023-10-01 05:58:29,670] {taskinstance.py:1257} INFO - Exporting the following env vars:
AIRFLOW_CTX_DAG_OWNER=coder2j
AIRFLOW_CTX_DAG_ID=our_third_dag_v3
AIRFLOW_CTX_TASK_ID=second_task
AIRFLOW_CTX_EXECUTION_DATE=2021-09-03T00:00:00+00:00
AIRFLOW_CTX_DAG_RUN_ID=scheduled__2021-09-03T00:00:00+00:00
[2023-10-01 05:58:29,683] {bash.py:135} INFO - Tmp dir root location: 
 /tmp
[2023-10-01 05:58:29,713] {bash.py:158} INFO - Running command: echo hey, I am task2 and will be running after task1!
[2023-10-01 05:58:29,954] {bash.py:169} INFO - Output:
[2023-10-01 05:58:29,991] {bash.py:173} INFO - hey, I am task2 and will be running after task1!
[2023-10-01 05:58:29,994] {bash.py:177} INFO - Command exited with return code 0
[2023-10-01 05:58:30,615] {taskinstance.py:1166} INFO - Marking task as SUCCESS. dag_id=our_third_dag_v3, task_id=second_task, execution_date=20210903T000000, start_date=20231001T055824, end_date=20231001T055830
[2023-10-01 05:58:31,470] {local_task_job.py:188} WARNING - State of this instance has been externally set to success. Terminating instance.
[2023-10-01 05:58:31,621] {taskinstance.py:1220} INFO - 0 downstream tasks scheduled from follow-on schedule check
[2023-10-01 05:58:31,647] {process_utils.py:100} INFO - Sending Signals.SIGTERM to GPID 2813
[2023-10-01 05:58:31,676] {taskinstance.py:1239} ERROR - Received SIGTERM. Terminating subprocesses.
[2023-10-01 05:58:31,700] {bash.py:185} INFO - Sending SIGTERM signal to bash process group
[2023-10-01 05:58:32,123] {process_utils.py:66} INFO - Process psutil.Process(pid=2813, status='terminated', exitcode=1, started='05:58:24') (2813) terminated with exit code 1
