[2023-10-01 06:03:33,235] {taskinstance.py:851} INFO - Dependencies all met for <TaskInstance: our_third_dag_v3.second_task 2021-10-27T00:00:00+00:00 [queued]>
[2023-10-01 06:03:34,274] {taskinstance.py:851} INFO - Dependencies all met for <TaskInstance: our_third_dag_v3.second_task 2021-10-27T00:00:00+00:00 [queued]>
[2023-10-01 06:03:34,277] {taskinstance.py:1042} INFO - 
--------------------------------------------------------------------------------
[2023-10-01 06:03:34,282] {taskinstance.py:1043} INFO - Starting attempt 1 of 6
[2023-10-01 06:03:34,324] {taskinstance.py:1044} INFO - 
--------------------------------------------------------------------------------
[2023-10-01 06:03:34,407] {taskinstance.py:1063} INFO - Executing <Task(BashOperator): second_task> on 2021-10-27T00:00:00+00:00
[2023-10-01 06:03:34,917] {standard_task_runner.py:52} INFO - Started process 3572 to run task
[2023-10-01 06:03:35,602] {standard_task_runner.py:76} INFO - Running: ['airflow', 'tasks', 'run', 'our_third_dag_v3', 'second_task', '2021-10-27T00:00:00+00:00', '--job-id', '425', '--pool', 'default_pool', '--raw', '--subdir', 'DAGS_FOLDER/our_third_dag.py', '--cfg-path', '/tmp/tmphes_hwsj', '--error-file', '/tmp/tmphlxem3hx']
[2023-10-01 06:03:35,795] {standard_task_runner.py:77} INFO - Job 425: Subtask second_task
[2023-10-01 06:03:37,968] {logging_mixin.py:104} INFO - Running <TaskInstance: our_third_dag_v3.second_task 2021-10-27T00:00:00+00:00 [running]> on host d4ed655215d1
[2023-10-01 06:03:39,133] {taskinstance.py:1257} INFO - Exporting the following env vars:
AIRFLOW_CTX_DAG_OWNER=coder2j
AIRFLOW_CTX_DAG_ID=our_third_dag_v3
AIRFLOW_CTX_TASK_ID=second_task
AIRFLOW_CTX_EXECUTION_DATE=2021-10-27T00:00:00+00:00
AIRFLOW_CTX_DAG_RUN_ID=scheduled__2021-10-27T00:00:00+00:00
[2023-10-01 06:03:39,156] {bash.py:135} INFO - Tmp dir root location: 
 /tmp
[2023-10-01 06:03:39,182] {bash.py:158} INFO - Running command: echo hey, I am task2 and will be running after task1!
[2023-10-01 06:03:39,441] {bash.py:169} INFO - Output:
[2023-10-01 06:03:39,511] {bash.py:173} INFO - hey, I am task2 and will be running after task1!
[2023-10-01 06:03:39,529] {bash.py:177} INFO - Command exited with return code 0
[2023-10-01 06:03:40,148] {taskinstance.py:1166} INFO - Marking task as SUCCESS. dag_id=our_third_dag_v3, task_id=second_task, execution_date=20211027T000000, start_date=20231001T060333, end_date=20231001T060340
[2023-10-01 06:03:40,415] {taskinstance.py:1220} INFO - 0 downstream tasks scheduled from follow-on schedule check
[2023-10-01 06:03:40,687] {local_task_job.py:146} INFO - Task exited with return code 0
