[2023-10-01 05:04:06,390] {taskinstance.py:851} INFO - Dependencies all met for <TaskInstance: our_first_dag_v1.first_task 2021-10-23T00:00:00+00:00 [queued]>
[2023-10-01 05:04:06,495] {taskinstance.py:851} INFO - Dependencies all met for <TaskInstance: our_first_dag_v1.first_task 2021-10-23T00:00:00+00:00 [queued]>
[2023-10-01 05:04:06,497] {taskinstance.py:1042} INFO - 
--------------------------------------------------------------------------------
[2023-10-01 05:04:06,501] {taskinstance.py:1043} INFO - Starting attempt 1 of 6
[2023-10-01 05:04:06,503] {taskinstance.py:1044} INFO - 
--------------------------------------------------------------------------------
[2023-10-01 05:04:06,573] {taskinstance.py:1063} INFO - Executing <Task(BashOperator): first_task> on 2021-10-23T00:00:00+00:00
[2023-10-01 05:04:06,618] {standard_task_runner.py:52} INFO - Started process 1290 to run task
[2023-10-01 05:04:06,671] {standard_task_runner.py:76} INFO - Running: ['airflow', 'tasks', 'run', 'our_first_dag_v1', 'first_task', '2021-10-23T00:00:00+00:00', '--job-id', '177', '--pool', 'default_pool', '--raw', '--subdir', 'DAGS_FOLDER/our_first_dag.py', '--cfg-path', '/tmp/tmpowfr2b4d', '--error-file', '/tmp/tmp2zvhs_bl']
[2023-10-01 05:04:06,685] {standard_task_runner.py:77} INFO - Job 177: Subtask first_task
[2023-10-01 05:04:06,915] {logging_mixin.py:104} INFO - Running <TaskInstance: our_first_dag_v1.first_task 2021-10-23T00:00:00+00:00 [running]> on host c25e1f8124bc
[2023-10-01 05:04:07,323] {taskinstance.py:1257} INFO - Exporting the following env vars:
AIRFLOW_CTX_DAG_OWNER=coder2j
AIRFLOW_CTX_DAG_ID=our_first_dag_v1
AIRFLOW_CTX_TASK_ID=first_task
AIRFLOW_CTX_EXECUTION_DATE=2021-10-23T00:00:00+00:00
AIRFLOW_CTX_DAG_RUN_ID=scheduled__2021-10-23T00:00:00+00:00
[2023-10-01 05:04:07,328] {bash.py:135} INFO - Tmp dir root location: 
 /tmp
[2023-10-01 05:04:07,338] {bash.py:158} INFO - Running command: echo hello world, this is the first task!
[2023-10-01 05:04:07,423] {bash.py:169} INFO - Output:
[2023-10-01 05:04:07,443] {bash.py:173} INFO - hello world, this is the first task!
[2023-10-01 05:04:07,446] {bash.py:177} INFO - Command exited with return code 0
[2023-10-01 05:04:07,552] {taskinstance.py:1166} INFO - Marking task as SUCCESS. dag_id=our_first_dag_v1, task_id=first_task, execution_date=20211023T000000, start_date=20231001T050406, end_date=20231001T050407
[2023-10-01 05:04:07,672] {taskinstance.py:1220} INFO - 0 downstream tasks scheduled from follow-on schedule check
[2023-10-01 05:04:07,787] {local_task_job.py:146} INFO - Task exited with return code 0
[2023-10-01 05:20:12,396] {taskinstance.py:851} INFO - Dependencies all met for <TaskInstance: our_first_dag_v1.first_task 2021-10-23T00:00:00+00:00 [queued]>
[2023-10-01 05:20:12,535] {taskinstance.py:851} INFO - Dependencies all met for <TaskInstance: our_first_dag_v1.first_task 2021-10-23T00:00:00+00:00 [queued]>
[2023-10-01 05:20:12,541] {taskinstance.py:1042} INFO - 
--------------------------------------------------------------------------------
[2023-10-01 05:20:12,546] {taskinstance.py:1043} INFO - Starting attempt 1 of 6
[2023-10-01 05:20:12,548] {taskinstance.py:1044} INFO - 
--------------------------------------------------------------------------------
[2023-10-01 05:20:12,619] {taskinstance.py:1063} INFO - Executing <Task(BashOperator): first_task> on 2021-10-23T00:00:00+00:00
[2023-10-01 05:20:12,635] {standard_task_runner.py:52} INFO - Started process 521 to run task
[2023-10-01 05:20:12,679] {standard_task_runner.py:76} INFO - Running: ['airflow', 'tasks', 'run', 'our_first_dag_v1', 'first_task', '2021-10-23T00:00:00+00:00', '--job-id', '87', '--pool', 'default_pool', '--raw', '--subdir', 'DAGS_FOLDER/our_first_dag.py', '--cfg-path', '/tmp/tmp3kdt1ats', '--error-file', '/tmp/tmp4mc_19c5']
[2023-10-01 05:20:12,709] {standard_task_runner.py:77} INFO - Job 87: Subtask first_task
[2023-10-01 05:20:13,117] {logging_mixin.py:104} INFO - Running <TaskInstance: our_first_dag_v1.first_task 2021-10-23T00:00:00+00:00 [running]> on host d4ed655215d1
[2023-10-01 05:20:13,617] {taskinstance.py:1257} INFO - Exporting the following env vars:
AIRFLOW_CTX_DAG_OWNER=coder2j
AIRFLOW_CTX_DAG_ID=our_first_dag_v1
AIRFLOW_CTX_TASK_ID=first_task
AIRFLOW_CTX_EXECUTION_DATE=2021-10-23T00:00:00+00:00
AIRFLOW_CTX_DAG_RUN_ID=scheduled__2021-10-23T00:00:00+00:00
[2023-10-01 05:20:13,623] {bash.py:135} INFO - Tmp dir root location: 
 /tmp
[2023-10-01 05:20:13,637] {bash.py:158} INFO - Running command: echo hello world, this is the first task!
[2023-10-01 05:20:13,746] {bash.py:169} INFO - Output:
[2023-10-01 05:20:13,760] {bash.py:173} INFO - hello world, this is the first task!
[2023-10-01 05:20:13,765] {bash.py:177} INFO - Command exited with return code 0
[2023-10-01 05:20:13,938] {taskinstance.py:1166} INFO - Marking task as SUCCESS. dag_id=our_first_dag_v1, task_id=first_task, execution_date=20211023T000000, start_date=20231001T052012, end_date=20231001T052013
[2023-10-01 05:20:14,098] {taskinstance.py:1220} INFO - 0 downstream tasks scheduled from follow-on schedule check
[2023-10-01 05:20:14,201] {local_task_job.py:146} INFO - Task exited with return code 0
