[2023-10-01 10:17:55,905] {taskinstance.py:851} INFO - Dependencies all met for <TaskInstance: postgres_v2.create_postgres_connection 2021-08-13T00:00:00+00:00 [queued]>
[2023-10-01 10:17:56,417] {taskinstance.py:851} INFO - Dependencies all met for <TaskInstance: postgres_v2.create_postgres_connection 2021-08-13T00:00:00+00:00 [queued]>
[2023-10-01 10:17:56,443] {taskinstance.py:1042} INFO - 
--------------------------------------------------------------------------------
[2023-10-01 10:17:56,460] {taskinstance.py:1043} INFO - Starting attempt 1 of 6
[2023-10-01 10:17:56,463] {taskinstance.py:1044} INFO - 
--------------------------------------------------------------------------------
[2023-10-01 10:17:57,012] {taskinstance.py:1063} INFO - Executing <Task(PostgresOperator): create_postgres_connection> on 2021-08-13T00:00:00+00:00
[2023-10-01 10:17:57,397] {standard_task_runner.py:52} INFO - Started process 47891 to run task
[2023-10-01 10:17:57,794] {standard_task_runner.py:76} INFO - Running: ['airflow', 'tasks', 'run', 'postgres_v2', 'create_postgres_connection', '2021-08-13T00:00:00+00:00', '--job-id', '2725', '--pool', 'default_pool', '--raw', '--subdir', 'DAGS_FOLDER/postgresql_example_2.py', '--cfg-path', '/tmp/tmp2fm8ssvs', '--error-file', '/tmp/tmpe8937718']
[2023-10-01 10:17:58,418] {standard_task_runner.py:77} INFO - Job 2725: Subtask create_postgres_connection
[2023-10-01 10:18:02,589] {logging_mixin.py:104} INFO - Running <TaskInstance: postgres_v2.create_postgres_connection 2021-08-13T00:00:00+00:00 [running]> on host d4ed655215d1
[2023-10-01 10:18:08,979] {taskinstance.py:1257} INFO - Exporting the following env vars:
AIRFLOW_CTX_DAG_OWNER=svastikkka
AIRFLOW_CTX_DAG_ID=postgres_v2
AIRFLOW_CTX_TASK_ID=create_postgres_connection
AIRFLOW_CTX_EXECUTION_DATE=2021-08-13T00:00:00+00:00
AIRFLOW_CTX_DAG_RUN_ID=scheduled__2021-08-13T00:00:00+00:00
[2023-10-01 10:18:08,988] {postgres.py:69} INFO - Executing: create table if not exists dags_run(
        dt  date,
        dag_id character varying,
        primary key (dt,dag_id)
        )
[2023-10-01 10:18:09,094] {base.py:74} INFO - Using connection to: id: posgres_testing. Host: host.docker.internal, Port: 5432, Schema: testing, Login: airflow, Password: XXXXXXXX, extra: None
[2023-10-01 10:18:09,158] {dbapi.py:180} INFO - Running statement: create table if not exists dags_run(
        dt  date,
        dag_id character varying,
        primary key (dt,dag_id)
        ), parameters: None
[2023-10-01 10:18:09,176] {dbapi.py:186} INFO - Rows affected: -1
[2023-10-01 10:18:09,191] {postgres.py:73} INFO - NOTICE:  relation "dags_run" already exists, skipping

[2023-10-01 10:18:09,482] {taskinstance.py:1166} INFO - Marking task as SUCCESS. dag_id=postgres_v2, task_id=create_postgres_connection, execution_date=20210813T000000, start_date=20231001T101755, end_date=20231001T101809
[2023-10-01 10:18:11,817] {taskinstance.py:1220} INFO - 1 downstream tasks scheduled from follow-on schedule check
[2023-10-01 10:18:13,663] {local_task_job.py:146} INFO - Task exited with return code 0
