[2023-10-01 06:42:58,004] {taskinstance.py:851} INFO - Dependencies all met for <TaskInstance: our_sixth_dag_v6.get_name 2021-09-05T00:00:00+00:00 [queued]>
[2023-10-01 06:42:58,353] {taskinstance.py:851} INFO - Dependencies all met for <TaskInstance: our_sixth_dag_v6.get_name 2021-09-05T00:00:00+00:00 [queued]>
[2023-10-01 06:42:58,354] {taskinstance.py:1042} INFO - 
--------------------------------------------------------------------------------
[2023-10-01 06:42:58,368] {taskinstance.py:1043} INFO - Starting attempt 1 of 6
[2023-10-01 06:42:58,371] {taskinstance.py:1044} INFO - 
--------------------------------------------------------------------------------
[2023-10-01 06:42:58,582] {taskinstance.py:1063} INFO - Executing <Task(PythonOperator): get_name> on 2021-09-05T00:00:00+00:00
[2023-10-01 06:42:58,614] {standard_task_runner.py:52} INFO - Started process 9422 to run task
[2023-10-01 06:42:58,732] {standard_task_runner.py:76} INFO - Running: ['airflow', 'tasks', 'run', 'our_sixth_dag_v6', 'get_name', '2021-09-05T00:00:00+00:00', '--job-id', '1125', '--pool', 'default_pool', '--raw', '--subdir', 'DAGS_FOLDER/our_sixth_dag.py', '--cfg-path', '/tmp/tmpc8qve0d6', '--error-file', '/tmp/tmpsct2m4of']
[2023-10-01 06:42:58,776] {standard_task_runner.py:77} INFO - Job 1125: Subtask get_name
[2023-10-01 06:42:59,684] {logging_mixin.py:104} INFO - Running <TaskInstance: our_sixth_dag_v6.get_name 2021-09-05T00:00:00+00:00 [running]> on host d4ed655215d1
[2023-10-01 06:43:02,817] {taskinstance.py:1257} INFO - Exporting the following env vars:
AIRFLOW_CTX_DAG_OWNER=svastikkka
AIRFLOW_CTX_DAG_ID=our_sixth_dag_v6
AIRFLOW_CTX_TASK_ID=get_name
AIRFLOW_CTX_EXECUTION_DATE=2021-09-05T00:00:00+00:00
AIRFLOW_CTX_DAG_RUN_ID=scheduled__2021-09-05T00:00:00+00:00
[2023-10-01 06:43:02,840] {python.py:118} INFO - Done. Returned value was: Manshu
[2023-10-01 06:43:03,112] {taskinstance.py:1166} INFO - Marking task as SUCCESS. dag_id=our_sixth_dag_v6, task_id=get_name, execution_date=20210905T000000, start_date=20231001T064258, end_date=20231001T064303
[2023-10-01 06:43:03,906] {taskinstance.py:1220} INFO - 0 downstream tasks scheduled from follow-on schedule check
[2023-10-01 06:43:05,148] {local_task_job.py:146} INFO - Task exited with return code 0
