[2023-10-01 06:22:50,673] {taskinstance.py:851} INFO - Dependencies all met for <TaskInstance: our_fourth_dag_v4.thrid_task 2022-01-23T00:00:00+00:00 [queued]>
[2023-10-01 06:22:51,981] {taskinstance.py:851} INFO - Dependencies all met for <TaskInstance: our_fourth_dag_v4.thrid_task 2022-01-23T00:00:00+00:00 [queued]>
[2023-10-01 06:22:51,984] {taskinstance.py:1042} INFO - 
--------------------------------------------------------------------------------
[2023-10-01 06:22:51,997] {taskinstance.py:1043} INFO - Starting attempt 1 of 6
[2023-10-01 06:22:52,000] {taskinstance.py:1044} INFO - 
--------------------------------------------------------------------------------
[2023-10-01 06:22:52,385] {taskinstance.py:1063} INFO - Executing <Task(BashOperator): thrid_task> on 2022-01-23T00:00:00+00:00
[2023-10-01 06:22:52,459] {standard_task_runner.py:52} INFO - Started process 6661 to run task
[2023-10-01 06:22:52,632] {standard_task_runner.py:76} INFO - Running: ['airflow', 'tasks', 'run', 'our_fourth_dag_v4', 'thrid_task', '2022-01-23T00:00:00+00:00', '--job-id', '968', '--pool', 'default_pool', '--raw', '--subdir', 'DAGS_FOLDER/our_fourth_dag.py', '--cfg-path', '/tmp/tmp67s2fxoa', '--error-file', '/tmp/tmp645_yyuh']
[2023-10-01 06:22:52,694] {standard_task_runner.py:77} INFO - Job 968: Subtask thrid_task
[2023-10-01 06:22:55,910] {logging_mixin.py:104} INFO - Running <TaskInstance: our_fourth_dag_v4.thrid_task 2022-01-23T00:00:00+00:00 [running]> on host d4ed655215d1
[2023-10-01 06:22:58,286] {taskinstance.py:1257} INFO - Exporting the following env vars:
AIRFLOW_CTX_DAG_OWNER=svastikkka
AIRFLOW_CTX_DAG_ID=our_fourth_dag_v4
AIRFLOW_CTX_TASK_ID=thrid_task
AIRFLOW_CTX_EXECUTION_DATE=2022-01-23T00:00:00+00:00
AIRFLOW_CTX_DAG_RUN_ID=scheduled__2022-01-23T00:00:00+00:00
[2023-10-01 06:22:58,332] {bash.py:135} INFO - Tmp dir root location: 
 /tmp
[2023-10-01 06:22:58,410] {bash.py:158} INFO - Running command: echo hey, I am task3 and will be running after task1 at the same time as task2!
[2023-10-01 06:22:58,944] {bash.py:169} INFO - Output:
[2023-10-01 06:22:58,986] {bash.py:173} INFO - hey, I am task3 and will be running after task1 at the same time as task2!
[2023-10-01 06:22:58,993] {bash.py:177} INFO - Command exited with return code 0
[2023-10-01 06:22:59,858] {taskinstance.py:1166} INFO - Marking task as SUCCESS. dag_id=our_fourth_dag_v4, task_id=thrid_task, execution_date=20220123T000000, start_date=20231001T062250, end_date=20231001T062259
[2023-10-01 06:23:02,249] {taskinstance.py:1220} INFO - 0 downstream tasks scheduled from follow-on schedule check
[2023-10-01 06:23:02,859] {local_task_job.py:146} INFO - Task exited with return code 0
