[2023-10-01 07:41:09,613] {taskinstance.py:851} INFO - Dependencies all met for <TaskInstance: our_seventh_dag_v7.greet 2021-10-28T00:00:00+00:00 [queued]>
[2023-10-01 07:41:09,868] {taskinstance.py:851} INFO - Dependencies all met for <TaskInstance: our_seventh_dag_v7.greet 2021-10-28T00:00:00+00:00 [queued]>
[2023-10-01 07:41:09,870] {taskinstance.py:1042} INFO - 
--------------------------------------------------------------------------------
[2023-10-01 07:41:09,875] {taskinstance.py:1043} INFO - Starting attempt 1 of 6
[2023-10-01 07:41:09,877] {taskinstance.py:1044} INFO - 
--------------------------------------------------------------------------------
[2023-10-01 07:41:09,939] {taskinstance.py:1063} INFO - Executing <Task(PythonOperator): greet> on 2021-10-28T00:00:00+00:00
[2023-10-01 07:41:09,959] {standard_task_runner.py:52} INFO - Started process 19183 to run task
[2023-10-01 07:41:10,016] {standard_task_runner.py:76} INFO - Running: ['airflow', 'tasks', 'run', 'our_seventh_dag_v7', 'greet', '2021-10-28T00:00:00+00:00', '--job-id', '1518', '--pool', 'default_pool', '--raw', '--subdir', 'DAGS_FOLDER/our_seventh_dag.py', '--cfg-path', '/tmp/tmpyxu1rtjn', '--error-file', '/tmp/tmp49db0c9q']
[2023-10-01 07:41:10,071] {standard_task_runner.py:77} INFO - Job 1518: Subtask greet
[2023-10-01 07:41:10,666] {logging_mixin.py:104} INFO - Running <TaskInstance: our_seventh_dag_v7.greet 2021-10-28T00:00:00+00:00 [running]> on host d4ed655215d1
[2023-10-01 07:41:11,151] {taskinstance.py:1257} INFO - Exporting the following env vars:
AIRFLOW_CTX_DAG_OWNER=svastikkka
AIRFLOW_CTX_DAG_ID=our_seventh_dag_v7
AIRFLOW_CTX_TASK_ID=greet
AIRFLOW_CTX_EXECUTION_DATE=2021-10-28T00:00:00+00:00
AIRFLOW_CTX_DAG_RUN_ID=scheduled__2021-10-28T00:00:00+00:00
[2023-10-01 07:41:11,484] {logging_mixin.py:104} INFO - Hello My name is Manshu Sharma and I am 26 years old.
[2023-10-01 07:41:11,489] {python.py:118} INFO - Done. Returned value was: None
[2023-10-01 07:41:11,667] {taskinstance.py:1166} INFO - Marking task as SUCCESS. dag_id=our_seventh_dag_v7, task_id=greet, execution_date=20211028T000000, start_date=20231001T074109, end_date=20231001T074111
[2023-10-01 07:41:12,412] {taskinstance.py:1220} INFO - 0 downstream tasks scheduled from follow-on schedule check
[2023-10-01 07:41:12,580] {local_task_job.py:146} INFO - Task exited with return code 0
