[2023-10-01 05:05:15,867] {taskinstance.py:851} INFO - Dependencies all met for <TaskInstance: our_first_dag_v1.first_task 2021-12-12T00:00:00+00:00 [queued]>
[2023-10-01 05:05:16,044] {taskinstance.py:851} INFO - Dependencies all met for <TaskInstance: our_first_dag_v1.first_task 2021-12-12T00:00:00+00:00 [queued]>
[2023-10-01 05:05:16,046] {taskinstance.py:1042} INFO - 
--------------------------------------------------------------------------------
[2023-10-01 05:05:16,048] {taskinstance.py:1043} INFO - Starting attempt 1 of 6
[2023-10-01 05:05:16,050] {taskinstance.py:1044} INFO - 
--------------------------------------------------------------------------------
[2023-10-01 05:05:16,124] {taskinstance.py:1063} INFO - Executing <Task(BashOperator): first_task> on 2021-12-12T00:00:00+00:00
[2023-10-01 05:05:16,140] {standard_task_runner.py:52} INFO - Started process 1470 to run task
[2023-10-01 05:05:16,179] {standard_task_runner.py:76} INFO - Running: ['airflow', 'tasks', 'run', 'our_first_dag_v1', 'first_task', '2021-12-12T00:00:00+00:00', '--job-id', '227', '--pool', 'default_pool', '--raw', '--subdir', 'DAGS_FOLDER/our_first_dag.py', '--cfg-path', '/tmp/tmpggvmyqee', '--error-file', '/tmp/tmpdubo_y1n']
[2023-10-01 05:05:16,242] {standard_task_runner.py:77} INFO - Job 227: Subtask first_task
[2023-10-01 05:05:16,883] {logging_mixin.py:104} INFO - Running <TaskInstance: our_first_dag_v1.first_task 2021-12-12T00:00:00+00:00 [running]> on host c25e1f8124bc
[2023-10-01 05:05:17,512] {taskinstance.py:1257} INFO - Exporting the following env vars:
AIRFLOW_CTX_DAG_OWNER=coder2j
AIRFLOW_CTX_DAG_ID=our_first_dag_v1
AIRFLOW_CTX_TASK_ID=first_task
AIRFLOW_CTX_EXECUTION_DATE=2021-12-12T00:00:00+00:00
AIRFLOW_CTX_DAG_RUN_ID=scheduled__2021-12-12T00:00:00+00:00
[2023-10-01 05:05:17,516] {bash.py:135} INFO - Tmp dir root location: 
 /tmp
[2023-10-01 05:05:17,535] {bash.py:158} INFO - Running command: echo hello world, this is the first task!
[2023-10-01 05:05:17,654] {bash.py:169} INFO - Output:
[2023-10-01 05:05:17,668] {bash.py:173} INFO - hello world, this is the first task!
[2023-10-01 05:05:17,670] {bash.py:177} INFO - Command exited with return code 0
[2023-10-01 05:05:17,841] {taskinstance.py:1166} INFO - Marking task as SUCCESS. dag_id=our_first_dag_v1, task_id=first_task, execution_date=20211212T000000, start_date=20231001T050515, end_date=20231001T050517
[2023-10-01 05:05:17,991] {taskinstance.py:1220} INFO - 0 downstream tasks scheduled from follow-on schedule check
[2023-10-01 05:05:18,113] {local_task_job.py:146} INFO - Task exited with return code 0
