[2023-10-01 07:43:23,739] {taskinstance.py:851} INFO - Dependencies all met for <TaskInstance: our_seventh_dag_v7.greet 2021-12-28T00:00:00+00:00 [queued]>
[2023-10-01 07:43:23,814] {taskinstance.py:851} INFO - Dependencies all met for <TaskInstance: our_seventh_dag_v7.greet 2021-12-28T00:00:00+00:00 [queued]>
[2023-10-01 07:43:23,816] {taskinstance.py:1042} INFO - 
--------------------------------------------------------------------------------
[2023-10-01 07:43:23,818] {taskinstance.py:1043} INFO - Starting attempt 1 of 6
[2023-10-01 07:43:23,819] {taskinstance.py:1044} INFO - 
--------------------------------------------------------------------------------
[2023-10-01 07:43:23,874] {taskinstance.py:1063} INFO - Executing <Task(PythonOperator): greet> on 2021-12-28T00:00:00+00:00
[2023-10-01 07:43:23,895] {standard_task_runner.py:52} INFO - Started process 19817 to run task
[2023-10-01 07:43:24,004] {standard_task_runner.py:76} INFO - Running: ['airflow', 'tasks', 'run', 'our_seventh_dag_v7', 'greet', '2021-12-28T00:00:00+00:00', '--job-id', '1642', '--pool', 'default_pool', '--raw', '--subdir', 'DAGS_FOLDER/our_seventh_dag.py', '--cfg-path', '/tmp/tmphgp_zv4p', '--error-file', '/tmp/tmpi3indrle']
[2023-10-01 07:43:24,114] {standard_task_runner.py:77} INFO - Job 1642: Subtask greet
[2023-10-01 07:43:24,780] {logging_mixin.py:104} INFO - Running <TaskInstance: our_seventh_dag_v7.greet 2021-12-28T00:00:00+00:00 [running]> on host d4ed655215d1
[2023-10-01 07:43:25,778] {taskinstance.py:1257} INFO - Exporting the following env vars:
AIRFLOW_CTX_DAG_OWNER=svastikkka
AIRFLOW_CTX_DAG_ID=our_seventh_dag_v7
AIRFLOW_CTX_TASK_ID=greet
AIRFLOW_CTX_EXECUTION_DATE=2021-12-28T00:00:00+00:00
AIRFLOW_CTX_DAG_RUN_ID=scheduled__2021-12-28T00:00:00+00:00
[2023-10-01 07:43:26,067] {logging_mixin.py:104} INFO - Hello My name is Manshu Sharma and I am 26 years old.
[2023-10-01 07:43:26,069] {python.py:118} INFO - Done. Returned value was: None
[2023-10-01 07:43:26,206] {taskinstance.py:1166} INFO - Marking task as SUCCESS. dag_id=our_seventh_dag_v7, task_id=greet, execution_date=20211228T000000, start_date=20231001T074323, end_date=20231001T074326
[2023-10-01 07:43:26,564] {taskinstance.py:1220} INFO - 0 downstream tasks scheduled from follow-on schedule check
[2023-10-01 07:43:26,685] {local_task_job.py:146} INFO - Task exited with return code 0
