[2023-10-01 05:04:45,697] {taskinstance.py:851} INFO - Dependencies all met for <TaskInstance: our_first_dag_v1.first_task 2021-11-21T00:00:00+00:00 [queued]>
[2023-10-01 05:04:45,793] {taskinstance.py:851} INFO - Dependencies all met for <TaskInstance: our_first_dag_v1.first_task 2021-11-21T00:00:00+00:00 [queued]>
[2023-10-01 05:04:45,795] {taskinstance.py:1042} INFO - 
--------------------------------------------------------------------------------
[2023-10-01 05:04:45,797] {taskinstance.py:1043} INFO - Starting attempt 1 of 6
[2023-10-01 05:04:45,798] {taskinstance.py:1044} INFO - 
--------------------------------------------------------------------------------
[2023-10-01 05:04:45,877] {taskinstance.py:1063} INFO - Executing <Task(BashOperator): first_task> on 2021-11-21T00:00:00+00:00
[2023-10-01 05:04:45,927] {standard_task_runner.py:52} INFO - Started process 1393 to run task
[2023-10-01 05:04:45,996] {standard_task_runner.py:76} INFO - Running: ['airflow', 'tasks', 'run', 'our_first_dag_v1', 'first_task', '2021-11-21T00:00:00+00:00', '--job-id', '206', '--pool', 'default_pool', '--raw', '--subdir', 'DAGS_FOLDER/our_first_dag.py', '--cfg-path', '/tmp/tmpuzgkdfiu', '--error-file', '/tmp/tmpr4l4rkax']
[2023-10-01 05:04:46,033] {standard_task_runner.py:77} INFO - Job 206: Subtask first_task
[2023-10-01 05:04:47,813] {logging_mixin.py:104} INFO - Running <TaskInstance: our_first_dag_v1.first_task 2021-11-21T00:00:00+00:00 [running]> on host c25e1f8124bc
[2023-10-01 05:04:49,741] {taskinstance.py:1257} INFO - Exporting the following env vars:
AIRFLOW_CTX_DAG_OWNER=coder2j
AIRFLOW_CTX_DAG_ID=our_first_dag_v1
AIRFLOW_CTX_TASK_ID=first_task
AIRFLOW_CTX_EXECUTION_DATE=2021-11-21T00:00:00+00:00
AIRFLOW_CTX_DAG_RUN_ID=scheduled__2021-11-21T00:00:00+00:00
[2023-10-01 05:04:49,755] {bash.py:135} INFO - Tmp dir root location: 
 /tmp
[2023-10-01 05:04:49,782] {bash.py:158} INFO - Running command: echo hello world, this is the first task!
[2023-10-01 05:04:50,015] {bash.py:169} INFO - Output:
[2023-10-01 05:04:50,102] {bash.py:173} INFO - hello world, this is the first task!
[2023-10-01 05:04:50,105] {bash.py:177} INFO - Command exited with return code 0
[2023-10-01 05:04:50,347] {taskinstance.py:1166} INFO - Marking task as SUCCESS. dag_id=our_first_dag_v1, task_id=first_task, execution_date=20211121T000000, start_date=20231001T050445, end_date=20231001T050450
[2023-10-01 05:04:51,444] {local_task_job.py:188} WARNING - State of this instance has been externally set to success. Terminating instance.
[2023-10-01 05:04:51,461] {process_utils.py:100} INFO - Sending Signals.SIGTERM to GPID 1393
[2023-10-01 05:04:51,701] {taskinstance.py:1239} ERROR - Received SIGTERM. Terminating subprocesses.
[2023-10-01 05:04:51,703] {bash.py:185} INFO - Sending SIGTERM signal to bash process group
[2023-10-01 05:04:51,848] {process_utils.py:66} INFO - Process psutil.Process(pid=1393, status='terminated', exitcode=1, started='05:04:45') (1393) terminated with exit code 1
