[2023-10-01 05:04:25,654] {taskinstance.py:851} INFO - Dependencies all met for <TaskInstance: our_first_dag_v1.first_task 2021-11-05T00:00:00+00:00 [queued]>
[2023-10-01 05:04:25,804] {taskinstance.py:851} INFO - Dependencies all met for <TaskInstance: our_first_dag_v1.first_task 2021-11-05T00:00:00+00:00 [queued]>
[2023-10-01 05:04:25,805] {taskinstance.py:1042} INFO - 
--------------------------------------------------------------------------------
[2023-10-01 05:04:25,807] {taskinstance.py:1043} INFO - Starting attempt 1 of 6
[2023-10-01 05:04:25,809] {taskinstance.py:1044} INFO - 
--------------------------------------------------------------------------------
[2023-10-01 05:04:25,946] {taskinstance.py:1063} INFO - Executing <Task(BashOperator): first_task> on 2021-11-05T00:00:00+00:00
[2023-10-01 05:04:26,048] {standard_task_runner.py:52} INFO - Started process 1341 to run task
[2023-10-01 05:04:26,132] {standard_task_runner.py:76} INFO - Running: ['airflow', 'tasks', 'run', 'our_first_dag_v1', 'first_task', '2021-11-05T00:00:00+00:00', '--job-id', '190', '--pool', 'default_pool', '--raw', '--subdir', 'DAGS_FOLDER/our_first_dag.py', '--cfg-path', '/tmp/tmpos3_4h4j', '--error-file', '/tmp/tmpq9sy2prw']
[2023-10-01 05:04:26,240] {standard_task_runner.py:77} INFO - Job 190: Subtask first_task
[2023-10-01 05:04:26,741] {logging_mixin.py:104} INFO - Running <TaskInstance: our_first_dag_v1.first_task 2021-11-05T00:00:00+00:00 [running]> on host c25e1f8124bc
[2023-10-01 05:04:27,277] {taskinstance.py:1257} INFO - Exporting the following env vars:
AIRFLOW_CTX_DAG_OWNER=coder2j
AIRFLOW_CTX_DAG_ID=our_first_dag_v1
AIRFLOW_CTX_TASK_ID=first_task
AIRFLOW_CTX_EXECUTION_DATE=2021-11-05T00:00:00+00:00
AIRFLOW_CTX_DAG_RUN_ID=scheduled__2021-11-05T00:00:00+00:00
[2023-10-01 05:04:27,280] {bash.py:135} INFO - Tmp dir root location: 
 /tmp
[2023-10-01 05:04:27,355] {bash.py:158} INFO - Running command: echo hello world, this is the first task!
[2023-10-01 05:04:27,605] {bash.py:169} INFO - Output:
[2023-10-01 05:04:27,640] {bash.py:173} INFO - hello world, this is the first task!
[2023-10-01 05:04:27,647] {bash.py:177} INFO - Command exited with return code 0
[2023-10-01 05:04:28,040] {taskinstance.py:1166} INFO - Marking task as SUCCESS. dag_id=our_first_dag_v1, task_id=first_task, execution_date=20211105T000000, start_date=20231001T050425, end_date=20231001T050428
[2023-10-01 05:04:28,684] {taskinstance.py:1220} INFO - 0 downstream tasks scheduled from follow-on schedule check
[2023-10-01 05:04:28,901] {local_task_job.py:146} INFO - Task exited with return code 0
[2023-10-01 05:20:26,395] {taskinstance.py:851} INFO - Dependencies all met for <TaskInstance: our_first_dag_v1.first_task 2021-11-05T00:00:00+00:00 [queued]>
[2023-10-01 05:20:26,498] {taskinstance.py:851} INFO - Dependencies all met for <TaskInstance: our_first_dag_v1.first_task 2021-11-05T00:00:00+00:00 [queued]>
[2023-10-01 05:20:26,500] {taskinstance.py:1042} INFO - 
--------------------------------------------------------------------------------
[2023-10-01 05:20:26,502] {taskinstance.py:1043} INFO - Starting attempt 1 of 6
[2023-10-01 05:20:26,504] {taskinstance.py:1044} INFO - 
--------------------------------------------------------------------------------
[2023-10-01 05:20:26,542] {taskinstance.py:1063} INFO - Executing <Task(BashOperator): first_task> on 2021-11-05T00:00:00+00:00
[2023-10-01 05:20:26,559] {standard_task_runner.py:52} INFO - Started process 564 to run task
[2023-10-01 05:20:26,613] {standard_task_runner.py:76} INFO - Running: ['airflow', 'tasks', 'run', 'our_first_dag_v1', 'first_task', '2021-11-05T00:00:00+00:00', '--job-id', '100', '--pool', 'default_pool', '--raw', '--subdir', 'DAGS_FOLDER/our_first_dag.py', '--cfg-path', '/tmp/tmpnjiw855x', '--error-file', '/tmp/tmppzvyod0w']
[2023-10-01 05:20:26,647] {standard_task_runner.py:77} INFO - Job 100: Subtask first_task
[2023-10-01 05:20:27,002] {logging_mixin.py:104} INFO - Running <TaskInstance: our_first_dag_v1.first_task 2021-11-05T00:00:00+00:00 [running]> on host d4ed655215d1
[2023-10-01 05:20:27,345] {taskinstance.py:1257} INFO - Exporting the following env vars:
AIRFLOW_CTX_DAG_OWNER=coder2j
AIRFLOW_CTX_DAG_ID=our_first_dag_v1
AIRFLOW_CTX_TASK_ID=first_task
AIRFLOW_CTX_EXECUTION_DATE=2021-11-05T00:00:00+00:00
AIRFLOW_CTX_DAG_RUN_ID=scheduled__2021-11-05T00:00:00+00:00
[2023-10-01 05:20:27,348] {bash.py:135} INFO - Tmp dir root location: 
 /tmp
[2023-10-01 05:20:27,351] {bash.py:158} INFO - Running command: echo hello world, this is the first task!
[2023-10-01 05:20:27,441] {bash.py:169} INFO - Output:
[2023-10-01 05:20:27,451] {bash.py:173} INFO - hello world, this is the first task!
[2023-10-01 05:20:27,465] {bash.py:177} INFO - Command exited with return code 0
[2023-10-01 05:20:27,588] {taskinstance.py:1166} INFO - Marking task as SUCCESS. dag_id=our_first_dag_v1, task_id=first_task, execution_date=20211105T000000, start_date=20231001T052026, end_date=20231001T052027
[2023-10-01 05:20:27,796] {taskinstance.py:1220} INFO - 0 downstream tasks scheduled from follow-on schedule check
[2023-10-01 05:20:27,891] {local_task_job.py:146} INFO - Task exited with return code 0
