[2023-10-01 07:37:54,792] {taskinstance.py:851} INFO - Dependencies all met for <TaskInstance: our_seventh_dag_v7.greet 2021-08-09T00:00:00+00:00 [queued]>
[2023-10-01 07:37:57,675] {taskinstance.py:851} INFO - Dependencies all met for <TaskInstance: our_seventh_dag_v7.greet 2021-08-09T00:00:00+00:00 [queued]>
[2023-10-01 07:37:57,702] {taskinstance.py:1042} INFO - 
--------------------------------------------------------------------------------
[2023-10-01 07:37:57,717] {taskinstance.py:1043} INFO - Starting attempt 2 of 6
[2023-10-01 07:37:57,725] {taskinstance.py:1044} INFO - 
--------------------------------------------------------------------------------
[2023-10-01 07:37:58,734] {taskinstance.py:1063} INFO - Executing <Task(PythonOperator): greet> on 2021-08-09T00:00:00+00:00
[2023-10-01 07:37:58,812] {standard_task_runner.py:52} INFO - Started process 18458 to run task
[2023-10-01 07:37:58,972] {standard_task_runner.py:76} INFO - Running: ['airflow', 'tasks', 'run', 'our_seventh_dag_v7', 'greet', '2021-08-09T00:00:00+00:00', '--job-id', '1402', '--pool', 'default_pool', '--raw', '--subdir', 'DAGS_FOLDER/our_seventh_dag.py', '--cfg-path', '/tmp/tmp_s1z059_', '--error-file', '/tmp/tmpmb63mskv']
[2023-10-01 07:37:59,084] {standard_task_runner.py:77} INFO - Job 1402: Subtask greet
[2023-10-01 07:38:00,693] {logging_mixin.py:104} INFO - Running <TaskInstance: our_seventh_dag_v7.greet 2021-08-09T00:00:00+00:00 [running]> on host d4ed655215d1
[2023-10-01 07:38:01,969] {taskinstance.py:1257} INFO - Exporting the following env vars:
AIRFLOW_CTX_DAG_OWNER=svastikkka
AIRFLOW_CTX_DAG_ID=our_seventh_dag_v7
AIRFLOW_CTX_TASK_ID=greet
AIRFLOW_CTX_EXECUTION_DATE=2021-08-09T00:00:00+00:00
AIRFLOW_CTX_DAG_RUN_ID=scheduled__2021-08-09T00:00:00+00:00
[2023-10-01 07:38:02,343] {logging_mixin.py:104} INFO - Hello My name is Manshu Sharma and I am 26 years old.
[2023-10-01 07:38:02,349] {python.py:118} INFO - Done. Returned value was: None
[2023-10-01 07:38:02,681] {taskinstance.py:1166} INFO - Marking task as SUCCESS. dag_id=our_seventh_dag_v7, task_id=greet, execution_date=20210809T000000, start_date=20231001T073755, end_date=20231001T073802
[2023-10-01 07:38:04,733] {local_task_job.py:188} WARNING - State of this instance has been externally set to success. Terminating instance.
[2023-10-01 07:38:05,027] {process_utils.py:100} INFO - Sending Signals.SIGTERM to GPID 18458
[2023-10-01 07:38:05,455] {taskinstance.py:1239} ERROR - Received SIGTERM. Terminating subprocesses.
[2023-10-01 07:38:05,756] {process_utils.py:66} INFO - Process psutil.Process(pid=18458, status='terminated', exitcode=1, started='07:37:57') (18458) terminated with exit code 1
