[2023-10-01 05:03:04,226] {taskinstance.py:851} INFO - Dependencies all met for <TaskInstance: our_first_dag_v1.first_task 2021-09-11T00:00:00+00:00 [queued]>
[2023-10-01 05:03:04,475] {taskinstance.py:851} INFO - Dependencies all met for <TaskInstance: our_first_dag_v1.first_task 2021-09-11T00:00:00+00:00 [queued]>
[2023-10-01 05:03:04,478] {taskinstance.py:1042} INFO - 
--------------------------------------------------------------------------------
[2023-10-01 05:03:04,480] {taskinstance.py:1043} INFO - Starting attempt 1 of 6
[2023-10-01 05:03:04,481] {taskinstance.py:1044} INFO - 
--------------------------------------------------------------------------------
[2023-10-01 05:03:04,568] {taskinstance.py:1063} INFO - Executing <Task(BashOperator): first_task> on 2021-09-11T00:00:00+00:00
[2023-10-01 05:03:04,597] {standard_task_runner.py:52} INFO - Started process 1139 to run task
[2023-10-01 05:03:04,658] {standard_task_runner.py:76} INFO - Running: ['airflow', 'tasks', 'run', 'our_first_dag_v1', 'first_task', '2021-09-11T00:00:00+00:00', '--job-id', '135', '--pool', 'default_pool', '--raw', '--subdir', 'DAGS_FOLDER/our_first_dag.py', '--cfg-path', '/tmp/tmpdh86ling', '--error-file', '/tmp/tmp92rd0pj8']
[2023-10-01 05:03:04,702] {standard_task_runner.py:77} INFO - Job 135: Subtask first_task
[2023-10-01 05:03:05,217] {logging_mixin.py:104} INFO - Running <TaskInstance: our_first_dag_v1.first_task 2021-09-11T00:00:00+00:00 [running]> on host c25e1f8124bc
[2023-10-01 05:03:05,653] {taskinstance.py:1257} INFO - Exporting the following env vars:
AIRFLOW_CTX_DAG_OWNER=coder2j
AIRFLOW_CTX_DAG_ID=our_first_dag_v1
AIRFLOW_CTX_TASK_ID=first_task
AIRFLOW_CTX_EXECUTION_DATE=2021-09-11T00:00:00+00:00
AIRFLOW_CTX_DAG_RUN_ID=scheduled__2021-09-11T00:00:00+00:00
[2023-10-01 05:03:05,655] {bash.py:135} INFO - Tmp dir root location: 
 /tmp
[2023-10-01 05:03:05,667] {bash.py:158} INFO - Running command: echo hello world, this is the first task!
[2023-10-01 05:03:05,817] {bash.py:169} INFO - Output:
[2023-10-01 05:03:05,855] {bash.py:173} INFO - hello world, this is the first task!
[2023-10-01 05:03:05,858] {bash.py:177} INFO - Command exited with return code 0
[2023-10-01 05:03:06,243] {taskinstance.py:1166} INFO - Marking task as SUCCESS. dag_id=our_first_dag_v1, task_id=first_task, execution_date=20210911T000000, start_date=20231001T050304, end_date=20231001T050306
[2023-10-01 05:03:06,606] {taskinstance.py:1220} INFO - 0 downstream tasks scheduled from follow-on schedule check
[2023-10-01 05:03:06,692] {local_task_job.py:146} INFO - Task exited with return code 0
[2023-10-01 05:19:24,350] {taskinstance.py:851} INFO - Dependencies all met for <TaskInstance: our_first_dag_v1.first_task 2021-09-11T00:00:00+00:00 [queued]>
[2023-10-01 05:19:24,479] {taskinstance.py:851} INFO - Dependencies all met for <TaskInstance: our_first_dag_v1.first_task 2021-09-11T00:00:00+00:00 [queued]>
[2023-10-01 05:19:24,482] {taskinstance.py:1042} INFO - 
--------------------------------------------------------------------------------
[2023-10-01 05:19:24,489] {taskinstance.py:1043} INFO - Starting attempt 1 of 6
[2023-10-01 05:19:24,491] {taskinstance.py:1044} INFO - 
--------------------------------------------------------------------------------
[2023-10-01 05:19:24,582] {taskinstance.py:1063} INFO - Executing <Task(BashOperator): first_task> on 2021-09-11T00:00:00+00:00
[2023-10-01 05:19:24,609] {standard_task_runner.py:52} INFO - Started process 373 to run task
[2023-10-01 05:19:24,651] {standard_task_runner.py:76} INFO - Running: ['airflow', 'tasks', 'run', 'our_first_dag_v1', 'first_task', '2021-09-11T00:00:00+00:00', '--job-id', '45', '--pool', 'default_pool', '--raw', '--subdir', 'DAGS_FOLDER/our_first_dag.py', '--cfg-path', '/tmp/tmp7szh_v_x', '--error-file', '/tmp/tmpt0bt882e']
[2023-10-01 05:19:24,686] {standard_task_runner.py:77} INFO - Job 45: Subtask first_task
[2023-10-01 05:19:25,059] {logging_mixin.py:104} INFO - Running <TaskInstance: our_first_dag_v1.first_task 2021-09-11T00:00:00+00:00 [running]> on host d4ed655215d1
[2023-10-01 05:19:25,383] {taskinstance.py:1257} INFO - Exporting the following env vars:
AIRFLOW_CTX_DAG_OWNER=coder2j
AIRFLOW_CTX_DAG_ID=our_first_dag_v1
AIRFLOW_CTX_TASK_ID=first_task
AIRFLOW_CTX_EXECUTION_DATE=2021-09-11T00:00:00+00:00
AIRFLOW_CTX_DAG_RUN_ID=scheduled__2021-09-11T00:00:00+00:00
[2023-10-01 05:19:25,387] {bash.py:135} INFO - Tmp dir root location: 
 /tmp
[2023-10-01 05:19:25,394] {bash.py:158} INFO - Running command: echo hello world, this is the first task!
[2023-10-01 05:19:25,441] {bash.py:169} INFO - Output:
[2023-10-01 05:19:25,450] {bash.py:173} INFO - hello world, this is the first task!
[2023-10-01 05:19:25,462] {bash.py:177} INFO - Command exited with return code 0
[2023-10-01 05:19:25,559] {taskinstance.py:1166} INFO - Marking task as SUCCESS. dag_id=our_first_dag_v1, task_id=first_task, execution_date=20210911T000000, start_date=20231001T051924, end_date=20231001T051925
[2023-10-01 05:19:25,717] {taskinstance.py:1220} INFO - 0 downstream tasks scheduled from follow-on schedule check
[2023-10-01 05:19:25,807] {local_task_job.py:146} INFO - Task exited with return code 0
