[2023-10-01 06:06:50,655] {taskinstance.py:851} INFO - Dependencies all met for <TaskInstance: our_fourth_dag_v4.first_task 2021-07-30T00:00:00+00:00 [queued]>
[2023-10-01 06:06:50,775] {taskinstance.py:851} INFO - Dependencies all met for <TaskInstance: our_fourth_dag_v4.first_task 2021-07-30T00:00:00+00:00 [queued]>
[2023-10-01 06:06:50,779] {taskinstance.py:1042} INFO - 
--------------------------------------------------------------------------------
[2023-10-01 06:06:50,783] {taskinstance.py:1043} INFO - Starting attempt 1 of 6
[2023-10-01 06:06:50,786] {taskinstance.py:1044} INFO - 
--------------------------------------------------------------------------------
[2023-10-01 06:06:50,902] {taskinstance.py:1063} INFO - Executing <Task(BashOperator): first_task> on 2021-07-30T00:00:00+00:00
[2023-10-01 06:06:51,001] {standard_task_runner.py:52} INFO - Started process 3879 to run task
[2023-10-01 06:06:51,179] {standard_task_runner.py:76} INFO - Running: ['airflow', 'tasks', 'run', 'our_fourth_dag_v4', 'first_task', '2021-07-30T00:00:00+00:00', '--job-id', '432', '--pool', 'default_pool', '--raw', '--subdir', 'DAGS_FOLDER/our_fourth_dag.py', '--cfg-path', '/tmp/tmph__2817b', '--error-file', '/tmp/tmpdmfb6sdd']
[2023-10-01 06:06:51,298] {standard_task_runner.py:77} INFO - Job 432: Subtask first_task
[2023-10-01 06:06:52,060] {logging_mixin.py:104} INFO - Running <TaskInstance: our_fourth_dag_v4.first_task 2021-07-30T00:00:00+00:00 [running]> on host d4ed655215d1
[2023-10-01 06:06:53,369] {taskinstance.py:1257} INFO - Exporting the following env vars:
AIRFLOW_CTX_DAG_OWNER=svastikkka
AIRFLOW_CTX_DAG_ID=our_fourth_dag_v4
AIRFLOW_CTX_TASK_ID=first_task
AIRFLOW_CTX_EXECUTION_DATE=2021-07-30T00:00:00+00:00
AIRFLOW_CTX_DAG_RUN_ID=scheduled__2021-07-30T00:00:00+00:00
[2023-10-01 06:06:53,377] {bash.py:135} INFO - Tmp dir root location: 
 /tmp
[2023-10-01 06:06:53,416] {bash.py:158} INFO - Running command: echo hello world, this is the first task!
[2023-10-01 06:06:53,592] {bash.py:169} INFO - Output:
[2023-10-01 06:06:53,705] {bash.py:173} INFO - hello world, this is the first task!
[2023-10-01 06:06:53,713] {bash.py:177} INFO - Command exited with return code 0
[2023-10-01 06:06:53,955] {taskinstance.py:1166} INFO - Marking task as SUCCESS. dag_id=our_fourth_dag_v4, task_id=first_task, execution_date=20210730T000000, start_date=20231001T060650, end_date=20231001T060653
[2023-10-01 06:06:54,518] {taskinstance.py:1220} INFO - 0 downstream tasks scheduled from follow-on schedule check
[2023-10-01 06:06:54,690] {local_task_job.py:146} INFO - Task exited with return code 0
