[2023-10-01 07:47:55,227] {taskinstance.py:851} INFO - Dependencies all met for <TaskInstance: our_seventh_dag_v7.get_name 2022-05-10T00:00:00+00:00 [queued]>
[2023-10-01 07:47:55,397] {taskinstance.py:851} INFO - Dependencies all met for <TaskInstance: our_seventh_dag_v7.get_name 2022-05-10T00:00:00+00:00 [queued]>
[2023-10-01 07:47:55,398] {taskinstance.py:1042} INFO - 
--------------------------------------------------------------------------------
[2023-10-01 07:47:55,400] {taskinstance.py:1043} INFO - Starting attempt 1 of 6
[2023-10-01 07:47:55,406] {taskinstance.py:1044} INFO - 
--------------------------------------------------------------------------------
[2023-10-01 07:47:55,535] {taskinstance.py:1063} INFO - Executing <Task(PythonOperator): get_name> on 2022-05-10T00:00:00+00:00
[2023-10-01 07:47:55,542] {standard_task_runner.py:52} INFO - Started process 21093 to run task
[2023-10-01 07:47:55,610] {standard_task_runner.py:76} INFO - Running: ['airflow', 'tasks', 'run', 'our_seventh_dag_v7', 'get_name', '2022-05-10T00:00:00+00:00', '--job-id', '1900', '--pool', 'default_pool', '--raw', '--subdir', 'DAGS_FOLDER/our_seventh_dag.py', '--cfg-path', '/tmp/tmpuq9d7fl5', '--error-file', '/tmp/tmpqm6kuu26']
[2023-10-01 07:47:55,662] {standard_task_runner.py:77} INFO - Job 1900: Subtask get_name
[2023-10-01 07:47:56,393] {logging_mixin.py:104} INFO - Running <TaskInstance: our_seventh_dag_v7.get_name 2022-05-10T00:00:00+00:00 [running]> on host d4ed655215d1
[2023-10-01 07:47:56,993] {taskinstance.py:1257} INFO - Exporting the following env vars:
AIRFLOW_CTX_DAG_OWNER=svastikkka
AIRFLOW_CTX_DAG_ID=our_seventh_dag_v7
AIRFLOW_CTX_TASK_ID=get_name
AIRFLOW_CTX_EXECUTION_DATE=2022-05-10T00:00:00+00:00
AIRFLOW_CTX_DAG_RUN_ID=scheduled__2022-05-10T00:00:00+00:00
[2023-10-01 07:47:57,349] {python.py:118} INFO - Done. Returned value was: None
[2023-10-01 07:47:57,451] {taskinstance.py:1166} INFO - Marking task as SUCCESS. dag_id=our_seventh_dag_v7, task_id=get_name, execution_date=20220510T000000, start_date=20231001T074755, end_date=20231001T074757
[2023-10-01 07:47:58,633] {taskinstance.py:1220} INFO - 0 downstream tasks scheduled from follow-on schedule check
[2023-10-01 07:47:58,802] {local_task_job.py:146} INFO - Task exited with return code 0
