[2023-10-01 10:06:48,858] {taskinstance.py:851} INFO - Dependencies all met for <TaskInstance: postgres_v1.insert_into_table 2021-09-07T00:00:00+00:00 [queued]>
[2023-10-01 10:06:59,341] {taskinstance.py:851} INFO - Dependencies all met for <TaskInstance: postgres_v1.insert_into_table 2021-09-07T00:00:00+00:00 [queued]>
[2023-10-01 10:06:59,352] {taskinstance.py:1042} INFO - 
--------------------------------------------------------------------------------
[2023-10-01 10:06:59,356] {taskinstance.py:1043} INFO - Starting attempt 1 of 6
[2023-10-01 10:06:59,359] {taskinstance.py:1044} INFO - 
--------------------------------------------------------------------------------
[2023-10-01 10:06:59,443] {taskinstance.py:1063} INFO - Executing <Task(PostgresOperator): insert_into_table> on 2021-09-07T00:00:00+00:00
[2023-10-01 10:06:59,508] {standard_task_runner.py:52} INFO - Started process 45949 to run task
[2023-10-01 10:06:59,608] {standard_task_runner.py:76} INFO - Running: ['airflow', 'tasks', 'run', 'postgres_v1', 'insert_into_table', '2021-09-07T00:00:00+00:00', '--job-id', '2692', '--pool', 'default_pool', '--raw', '--subdir', 'DAGS_FOLDER/1_postgresql.py', '--cfg-path', '/tmp/tmpibald7eq', '--error-file', '/tmp/tmp6u85rjkj']
[2023-10-01 10:06:59,707] {standard_task_runner.py:77} INFO - Job 2692: Subtask insert_into_table
[2023-10-01 10:07:01,356] {logging_mixin.py:104} INFO - Running <TaskInstance: postgres_v1.insert_into_table 2021-09-07T00:00:00+00:00 [running]> on host d4ed655215d1
[2023-10-01 10:07:02,540] {taskinstance.py:1257} INFO - Exporting the following env vars:
AIRFLOW_CTX_DAG_OWNER=svastikkka
AIRFLOW_CTX_DAG_ID=postgres_v1
AIRFLOW_CTX_TASK_ID=insert_into_table
AIRFLOW_CTX_EXECUTION_DATE=2021-09-07T00:00:00+00:00
AIRFLOW_CTX_DAG_RUN_ID=scheduled__2021-09-07T00:00:00+00:00
[2023-10-01 10:07:02,573] {postgres.py:69} INFO - Executing: 
            insert into dags_run (dt, dag_id) values ('2021-09-07', 'postgres_v1')
        
[2023-10-01 10:07:05,271] {base.py:74} INFO - Using connection to: id: posgres_testing. Host: host.docker.internal, Port: 5432, Schema: testing, Login: airflow, Password: XXXXXXXX, extra: None
[2023-10-01 10:07:06,697] {dbapi.py:180} INFO - Running statement: 
            insert into dags_run (dt, dag_id) values ('2021-09-07', 'postgres_v1')
        , parameters: None
[2023-10-01 10:07:06,892] {dbapi.py:186} INFO - Rows affected: 1
[2023-10-01 10:07:09,106] {taskinstance.py:1166} INFO - Marking task as SUCCESS. dag_id=postgres_v1, task_id=insert_into_table, execution_date=20210907T000000, start_date=20231001T100648, end_date=20231001T100709
[2023-10-01 10:07:12,390] {local_task_job.py:188} WARNING - State of this instance has been externally set to success. Terminating instance.
[2023-10-01 10:07:14,214] {process_utils.py:100} INFO - Sending Signals.SIGTERM to GPID 45949
[2023-10-01 10:07:14,528] {taskinstance.py:1239} ERROR - Received SIGTERM. Terminating subprocesses.
[2023-10-01 10:07:15,395] {process_utils.py:66} INFO - Process psutil.Process(pid=45949, status='terminated', exitcode=1, started='10:06:58') (45949) terminated with exit code 1
