[2023-10-01 06:53:14,722] {taskinstance.py:851} INFO - Dependencies all met for <TaskInstance: our_sixth_dag_v6.greet 2021-10-03T00:00:00+00:00 [queued]>
[2023-10-01 06:53:14,853] {taskinstance.py:851} INFO - Dependencies all met for <TaskInstance: our_sixth_dag_v6.greet 2021-10-03T00:00:00+00:00 [queued]>
[2023-10-01 06:53:14,865] {taskinstance.py:1042} INFO - 
--------------------------------------------------------------------------------
[2023-10-01 06:53:14,867] {taskinstance.py:1043} INFO - Starting attempt 1 of 6
[2023-10-01 06:53:14,868] {taskinstance.py:1044} INFO - 
--------------------------------------------------------------------------------
[2023-10-01 06:53:14,907] {taskinstance.py:1063} INFO - Executing <Task(PythonOperator): greet> on 2021-10-03T00:00:00+00:00
[2023-10-01 06:53:14,918] {standard_task_runner.py:52} INFO - Started process 10814 to run task
[2023-10-01 06:53:14,970] {standard_task_runner.py:76} INFO - Running: ['airflow', 'tasks', 'run', 'our_sixth_dag_v6', 'greet', '2021-10-03T00:00:00+00:00', '--job-id', '1189', '--pool', 'default_pool', '--raw', '--subdir', 'DAGS_FOLDER/our_sixth_dag.py', '--cfg-path', '/tmp/tmp0wm7dai2', '--error-file', '/tmp/tmpa3mkmz9z']
[2023-10-01 06:53:15,004] {standard_task_runner.py:77} INFO - Job 1189: Subtask greet
[2023-10-01 06:53:15,480] {logging_mixin.py:104} INFO - Running <TaskInstance: our_sixth_dag_v6.greet 2021-10-03T00:00:00+00:00 [running]> on host d4ed655215d1
[2023-10-01 06:53:16,304] {taskinstance.py:1257} INFO - Exporting the following env vars:
AIRFLOW_CTX_DAG_OWNER=svastikkka
AIRFLOW_CTX_DAG_ID=our_sixth_dag_v6
AIRFLOW_CTX_TASK_ID=greet
AIRFLOW_CTX_EXECUTION_DATE=2021-10-03T00:00:00+00:00
AIRFLOW_CTX_DAG_RUN_ID=scheduled__2021-10-03T00:00:00+00:00
[2023-10-01 06:53:16,425] {logging_mixin.py:104} INFO - Hello My name is Manshu and I am 20 years old.
[2023-10-01 06:53:16,429] {python.py:118} INFO - Done. Returned value was: None
[2023-10-01 06:53:16,470] {taskinstance.py:1166} INFO - Marking task as SUCCESS. dag_id=our_sixth_dag_v6, task_id=greet, execution_date=20211003T000000, start_date=20231001T065314, end_date=20231001T065316
[2023-10-01 06:53:20,763] {local_task_job.py:188} WARNING - State of this instance has been externally set to success. Terminating instance.
[2023-10-01 06:53:20,891] {taskinstance.py:1220} INFO - 0 downstream tasks scheduled from follow-on schedule check
[2023-10-01 06:53:20,954] {process_utils.py:100} INFO - Sending Signals.SIGTERM to GPID 10814
[2023-10-01 06:53:20,981] {taskinstance.py:1239} ERROR - Received SIGTERM. Terminating subprocesses.
[2023-10-01 06:53:21,926] {process_utils.py:66} INFO - Process psutil.Process(pid=10814, status='terminated', exitcode=1, started='06:53:14') (10814) terminated with exit code 1
