[2023-10-01 06:09:10,246] {taskinstance.py:851} INFO - Dependencies all met for <TaskInstance: our_fourth_dag_v4.first_task 2021-08-16T00:00:00+00:00 [queued]>
[2023-10-01 06:09:10,907] {taskinstance.py:851} INFO - Dependencies all met for <TaskInstance: our_fourth_dag_v4.first_task 2021-08-16T00:00:00+00:00 [queued]>
[2023-10-01 06:09:10,920] {taskinstance.py:1042} INFO - 
--------------------------------------------------------------------------------
[2023-10-01 06:09:10,935] {taskinstance.py:1043} INFO - Starting attempt 1 of 6
[2023-10-01 06:09:11,017] {taskinstance.py:1044} INFO - 
--------------------------------------------------------------------------------
[2023-10-01 06:09:11,572] {taskinstance.py:1063} INFO - Executing <Task(BashOperator): first_task> on 2021-08-16T00:00:00+00:00
[2023-10-01 06:09:11,744] {standard_task_runner.py:52} INFO - Started process 4119 to run task
[2023-10-01 06:09:12,071] {standard_task_runner.py:76} INFO - Running: ['airflow', 'tasks', 'run', 'our_fourth_dag_v4', 'first_task', '2021-08-16T00:00:00+00:00', '--job-id', '474', '--pool', 'default_pool', '--raw', '--subdir', 'DAGS_FOLDER/our_fourth_dag.py', '--cfg-path', '/tmp/tmpwilnxb2b', '--error-file', '/tmp/tmphiiuz4e9']
[2023-10-01 06:09:12,142] {standard_task_runner.py:77} INFO - Job 474: Subtask first_task
[2023-10-01 06:09:13,984] {logging_mixin.py:104} INFO - Running <TaskInstance: our_fourth_dag_v4.first_task 2021-08-16T00:00:00+00:00 [running]> on host d4ed655215d1
[2023-10-01 06:09:16,462] {taskinstance.py:1257} INFO - Exporting the following env vars:
AIRFLOW_CTX_DAG_OWNER=svastikkka
AIRFLOW_CTX_DAG_ID=our_fourth_dag_v4
AIRFLOW_CTX_TASK_ID=first_task
AIRFLOW_CTX_EXECUTION_DATE=2021-08-16T00:00:00+00:00
AIRFLOW_CTX_DAG_RUN_ID=scheduled__2021-08-16T00:00:00+00:00
[2023-10-01 06:09:16,483] {bash.py:135} INFO - Tmp dir root location: 
 /tmp
[2023-10-01 06:09:16,488] {bash.py:158} INFO - Running command: echo hello world, this is the first task!
[2023-10-01 06:09:17,141] {bash.py:169} INFO - Output:
[2023-10-01 06:09:17,397] {bash.py:173} INFO - hello world, this is the first task!
[2023-10-01 06:09:17,405] {bash.py:177} INFO - Command exited with return code 0
[2023-10-01 06:09:19,977] {taskinstance.py:1166} INFO - Marking task as SUCCESS. dag_id=our_fourth_dag_v4, task_id=first_task, execution_date=20210816T000000, start_date=20231001T060910, end_date=20231001T060919
[2023-10-01 06:09:25,950] {taskinstance.py:1220} INFO - 0 downstream tasks scheduled from follow-on schedule check
[2023-10-01 06:09:26,578] {local_task_job.py:188} WARNING - State of this instance has been externally set to success. Terminating instance.
[2023-10-01 06:09:27,211] {process_utils.py:100} INFO - Sending Signals.SIGTERM to GPID 4119
[2023-10-01 06:09:27,674] {process_utils.py:66} INFO - Process psutil.Process(pid=4119, status='terminated', exitcode=0, started='06:09:11') (4119) terminated with exit code 0
