[2023-10-01 06:17:13,282] {taskinstance.py:851} INFO - Dependencies all met for <TaskInstance: our_fourth_dag_v4.first_task 2021-11-28T00:00:00+00:00 [queued]>
[2023-10-01 06:17:13,519] {taskinstance.py:851} INFO - Dependencies all met for <TaskInstance: our_fourth_dag_v4.first_task 2021-11-28T00:00:00+00:00 [queued]>
[2023-10-01 06:17:13,528] {taskinstance.py:1042} INFO - 
--------------------------------------------------------------------------------
[2023-10-01 06:17:13,544] {taskinstance.py:1043} INFO - Starting attempt 1 of 6
[2023-10-01 06:17:13,550] {taskinstance.py:1044} INFO - 
--------------------------------------------------------------------------------
[2023-10-01 06:17:13,668] {taskinstance.py:1063} INFO - Executing <Task(BashOperator): first_task> on 2021-11-28T00:00:00+00:00
[2023-10-01 06:17:13,720] {standard_task_runner.py:52} INFO - Started process 5704 to run task
[2023-10-01 06:17:13,868] {standard_task_runner.py:76} INFO - Running: ['airflow', 'tasks', 'run', 'our_fourth_dag_v4', 'first_task', '2021-11-28T00:00:00+00:00', '--job-id', '788', '--pool', 'default_pool', '--raw', '--subdir', 'DAGS_FOLDER/our_fourth_dag.py', '--cfg-path', '/tmp/tmpvva7ghdv', '--error-file', '/tmp/tmpd33h69xk']
[2023-10-01 06:17:13,909] {standard_task_runner.py:77} INFO - Job 788: Subtask first_task
[2023-10-01 06:17:14,488] {logging_mixin.py:104} INFO - Running <TaskInstance: our_fourth_dag_v4.first_task 2021-11-28T00:00:00+00:00 [running]> on host d4ed655215d1
[2023-10-01 06:17:14,935] {taskinstance.py:1257} INFO - Exporting the following env vars:
AIRFLOW_CTX_DAG_OWNER=svastikkka
AIRFLOW_CTX_DAG_ID=our_fourth_dag_v4
AIRFLOW_CTX_TASK_ID=first_task
AIRFLOW_CTX_EXECUTION_DATE=2021-11-28T00:00:00+00:00
AIRFLOW_CTX_DAG_RUN_ID=scheduled__2021-11-28T00:00:00+00:00
[2023-10-01 06:17:14,937] {bash.py:135} INFO - Tmp dir root location: 
 /tmp
[2023-10-01 06:17:14,943] {bash.py:158} INFO - Running command: echo hello world, this is the first task!
[2023-10-01 06:17:15,005] {bash.py:169} INFO - Output:
[2023-10-01 06:17:15,016] {bash.py:173} INFO - hello world, this is the first task!
[2023-10-01 06:17:15,022] {bash.py:177} INFO - Command exited with return code 0
[2023-10-01 06:17:15,240] {taskinstance.py:1166} INFO - Marking task as SUCCESS. dag_id=our_fourth_dag_v4, task_id=first_task, execution_date=20211128T000000, start_date=20231001T061713, end_date=20231001T061715
[2023-10-01 06:17:15,726] {taskinstance.py:1220} INFO - 2 downstream tasks scheduled from follow-on schedule check
[2023-10-01 06:17:15,955] {local_task_job.py:146} INFO - Task exited with return code 0
