[2023-10-01 06:51:21,497] {taskinstance.py:845} INFO - Dependencies not met for <TaskInstance: our_sixth_dag_v6.get_name 2021-09-14T00:00:00+00:00 [scheduled]>, dependency 'Task Instance State' FAILED: Task is in the 'scheduled' state which is not a valid state for execution. The task must be cleared in order to be run.
[2023-10-01 06:51:21,908] {local_task_job.py:93} INFO - Task is not able to be run
[2023-10-01 06:51:56,443] {taskinstance.py:851} INFO - Dependencies all met for <TaskInstance: our_sixth_dag_v6.get_name 2021-09-14T00:00:00+00:00 [queued]>
[2023-10-01 06:51:57,385] {taskinstance.py:851} INFO - Dependencies all met for <TaskInstance: our_sixth_dag_v6.get_name 2021-09-14T00:00:00+00:00 [queued]>
[2023-10-01 06:51:57,392] {taskinstance.py:1042} INFO - 
--------------------------------------------------------------------------------
[2023-10-01 06:51:57,396] {taskinstance.py:1043} INFO - Starting attempt 1 of 6
[2023-10-01 06:51:57,400] {taskinstance.py:1044} INFO - 
--------------------------------------------------------------------------------
[2023-10-01 06:51:57,838] {taskinstance.py:1063} INFO - Executing <Task(PythonOperator): get_name> on 2021-09-14T00:00:00+00:00
[2023-10-01 06:51:58,498] {standard_task_runner.py:52} INFO - Started process 10563 to run task
[2023-10-01 06:51:58,925] {standard_task_runner.py:76} INFO - Running: ['airflow', 'tasks', 'run', 'our_sixth_dag_v6', 'get_name', '2021-09-14T00:00:00+00:00', '--job-id', '1145', '--pool', 'default_pool', '--raw', '--subdir', 'DAGS_FOLDER/our_sixth_dag.py', '--cfg-path', '/tmp/tmpkqpypg46', '--error-file', '/tmp/tmpt9vlhtbv']
[2023-10-01 06:51:59,372] {standard_task_runner.py:77} INFO - Job 1145: Subtask get_name
[2023-10-01 06:52:02,710] {logging_mixin.py:104} INFO - Running <TaskInstance: our_sixth_dag_v6.get_name 2021-09-14T00:00:00+00:00 [running]> on host d4ed655215d1
[2023-10-01 06:52:03,602] {taskinstance.py:1257} INFO - Exporting the following env vars:
AIRFLOW_CTX_DAG_OWNER=svastikkka
AIRFLOW_CTX_DAG_ID=our_sixth_dag_v6
AIRFLOW_CTX_TASK_ID=get_name
AIRFLOW_CTX_EXECUTION_DATE=2021-09-14T00:00:00+00:00
AIRFLOW_CTX_DAG_RUN_ID=scheduled__2021-09-14T00:00:00+00:00
[2023-10-01 06:52:03,646] {python.py:118} INFO - Done. Returned value was: Manshu
[2023-10-01 06:52:04,409] {taskinstance.py:1166} INFO - Marking task as SUCCESS. dag_id=our_sixth_dag_v6, task_id=get_name, execution_date=20210914T000000, start_date=20231001T065156, end_date=20231001T065204
[2023-10-01 06:52:05,626] {local_task_job.py:188} WARNING - State of this instance has been externally set to success. Terminating instance.
[2023-10-01 06:52:05,703] {process_utils.py:100} INFO - Sending Signals.SIGTERM to GPID 10563
[2023-10-01 06:52:06,039] {taskinstance.py:1239} ERROR - Received SIGTERM. Terminating subprocesses.
[2023-10-01 06:52:06,241] {process_utils.py:66} INFO - Process psutil.Process(pid=10563, status='terminated', exitcode=1, started='06:51:57') (10563) terminated with exit code 1
