[2023-10-01 16:03:45,179] {taskinstance.py:851} INFO - Dependencies all met for <TaskInstance: backup_postgres.perform_postgresql_backup 2023-10-01T16:01:29.713154+00:00 [queued]>
[2023-10-01 16:03:45,295] {taskinstance.py:851} INFO - Dependencies all met for <TaskInstance: backup_postgres.perform_postgresql_backup 2023-10-01T16:01:29.713154+00:00 [queued]>
[2023-10-01 16:03:45,298] {taskinstance.py:1042} INFO - 
--------------------------------------------------------------------------------
[2023-10-01 16:03:45,301] {taskinstance.py:1043} INFO - Starting attempt 2 of 6
[2023-10-01 16:03:45,304] {taskinstance.py:1044} INFO - 
--------------------------------------------------------------------------------
[2023-10-01 16:03:45,346] {taskinstance.py:1063} INFO - Executing <Task(BashOperator): perform_postgresql_backup> on 2023-10-01T16:01:29.713154+00:00
[2023-10-01 16:03:45,375] {standard_task_runner.py:52} INFO - Started process 6482 to run task
[2023-10-01 16:03:45,406] {standard_task_runner.py:76} INFO - Running: ['airflow', 'tasks', 'run', 'backup_postgres', 'perform_postgresql_backup', '2023-10-01T16:01:29.713154+00:00', '--job-id', '9', '--pool', 'default_pool', '--raw', '--subdir', 'DAGS_FOLDER/backup_postgres.py', '--cfg-path', '/tmp/tmp7by_z0ky', '--error-file', '/tmp/tmpgyye4gax']
[2023-10-01 16:03:45,447] {standard_task_runner.py:77} INFO - Job 9: Subtask perform_postgresql_backup
[2023-10-01 16:03:46,168] {logging_mixin.py:104} INFO - Running <TaskInstance: backup_postgres.perform_postgresql_backup 2023-10-01T16:01:29.713154+00:00 [running]> on host 55885b568803
[2023-10-01 16:03:46,534] {taskinstance.py:1257} INFO - Exporting the following env vars:
AIRFLOW_CTX_DAG_OWNER=svastikkka
AIRFLOW_CTX_DAG_ID=backup_postgres
AIRFLOW_CTX_TASK_ID=perform_postgresql_backup
AIRFLOW_CTX_EXECUTION_DATE=2023-10-01T16:01:29.713154+00:00
AIRFLOW_CTX_DAG_RUN_ID=manual__2023-10-01T16:01:29.713154+00:00
[2023-10-01 16:03:46,551] {bash.py:135} INFO - Tmp dir root location: 
 /tmp
[2023-10-01 16:03:46,559] {bash.py:158} INFO - Running command: pg_dump -U airflow -h host.docker.internal -d airflow -f /tmp/backup.sql
[2023-10-01 16:03:46,584] {bash.py:169} INFO - Output:
[2023-10-01 16:03:46,741] {bash.py:173} INFO - Password:
[2023-10-01 16:03:46,796] {bash.py:173} INFO - pg_dump: [archiver (db)] connection to database "airflow" failed: fe_sendauth: no password supplied
[2023-10-01 16:03:46,804] {bash.py:177} INFO - Command exited with return code 1
[2023-10-01 16:03:46,841] {taskinstance.py:1455} ERROR - Bash command failed. The command returned a non-zero exit code.
Traceback (most recent call last):
  File "/home/airflow/.local/lib/python3.6/site-packages/airflow/models/taskinstance.py", line 1112, in _run_raw_task
    self._prepare_and_execute_task_with_callbacks(context, task)
  File "/home/airflow/.local/lib/python3.6/site-packages/airflow/models/taskinstance.py", line 1285, in _prepare_and_execute_task_with_callbacks
    result = self._execute_task(context, task_copy)
  File "/home/airflow/.local/lib/python3.6/site-packages/airflow/models/taskinstance.py", line 1315, in _execute_task
    result = task_copy.execute(context=context)
  File "/home/airflow/.local/lib/python3.6/site-packages/airflow/operators/bash.py", line 180, in execute
    raise AirflowException('Bash command failed. The command returned a non-zero exit code.')
airflow.exceptions.AirflowException: Bash command failed. The command returned a non-zero exit code.
[2023-10-01 16:03:46,850] {taskinstance.py:1503} INFO - Marking task as UP_FOR_RETRY. dag_id=backup_postgres, task_id=perform_postgresql_backup, execution_date=20231001T160129, start_date=20231001T160345, end_date=20231001T160346
[2023-10-01 16:03:46,944] {local_task_job.py:146} INFO - Task exited with return code 1
