[2023-10-01 16:07:50,529] {taskinstance.py:851} INFO - Dependencies all met for <TaskInstance: backup_postgres.perform_postgresql_backup 2023-10-01T16:01:29.713154+00:00 [queued]>
[2023-10-01 16:07:50,570] {taskinstance.py:851} INFO - Dependencies all met for <TaskInstance: backup_postgres.perform_postgresql_backup 2023-10-01T16:01:29.713154+00:00 [queued]>
[2023-10-01 16:07:50,572] {taskinstance.py:1042} INFO - 
--------------------------------------------------------------------------------
[2023-10-01 16:07:50,574] {taskinstance.py:1043} INFO - Starting attempt 4 of 6
[2023-10-01 16:07:50,576] {taskinstance.py:1044} INFO - 
--------------------------------------------------------------------------------
[2023-10-01 16:07:50,595] {taskinstance.py:1063} INFO - Executing <Task(BashOperator): perform_postgresql_backup> on 2023-10-01T16:01:29.713154+00:00
[2023-10-01 16:07:50,603] {standard_task_runner.py:52} INFO - Started process 7832 to run task
[2023-10-01 16:07:50,619] {standard_task_runner.py:76} INFO - Running: ['airflow', 'tasks', 'run', 'backup_postgres', 'perform_postgresql_backup', '2023-10-01T16:01:29.713154+00:00', '--job-id', '20', '--pool', 'default_pool', '--raw', '--subdir', 'DAGS_FOLDER/backup_postgres.py', '--cfg-path', '/tmp/tmpcccstjju', '--error-file', '/tmp/tmptdzsp__9']
[2023-10-01 16:07:50,627] {standard_task_runner.py:77} INFO - Job 20: Subtask perform_postgresql_backup
[2023-10-01 16:07:50,809] {logging_mixin.py:104} INFO - Running <TaskInstance: backup_postgres.perform_postgresql_backup 2023-10-01T16:01:29.713154+00:00 [running]> on host 55885b568803
[2023-10-01 16:07:51,086] {taskinstance.py:1257} INFO - Exporting the following env vars:
AIRFLOW_CTX_DAG_OWNER=svastikkka
AIRFLOW_CTX_DAG_ID=backup_postgres
AIRFLOW_CTX_TASK_ID=perform_postgresql_backup
AIRFLOW_CTX_EXECUTION_DATE=2023-10-01T16:01:29.713154+00:00
AIRFLOW_CTX_DAG_RUN_ID=manual__2023-10-01T16:01:29.713154+00:00
[2023-10-01 16:07:51,089] {bash.py:135} INFO - Tmp dir root location: 
 /tmp
[2023-10-01 16:07:51,094] {bash.py:158} INFO - Running command: pg_dump -U airflow -h host.docker.internal -d airflow -f /tmp/backup.sql  -W airflow
[2023-10-01 16:07:51,242] {bash.py:169} INFO - Output:
[2023-10-01 16:07:51,653] {bash.py:173} INFO - pg_dump: too many command-line arguments (first is "airflow")
[2023-10-01 16:07:51,659] {bash.py:173} INFO - Try "pg_dump --help" for more information.
[2023-10-01 16:07:51,665] {bash.py:177} INFO - Command exited with return code 1
[2023-10-01 16:07:51,817] {taskinstance.py:1455} ERROR - Bash command failed. The command returned a non-zero exit code.
Traceback (most recent call last):
  File "/home/airflow/.local/lib/python3.6/site-packages/airflow/models/taskinstance.py", line 1112, in _run_raw_task
    self._prepare_and_execute_task_with_callbacks(context, task)
  File "/home/airflow/.local/lib/python3.6/site-packages/airflow/models/taskinstance.py", line 1285, in _prepare_and_execute_task_with_callbacks
    result = self._execute_task(context, task_copy)
  File "/home/airflow/.local/lib/python3.6/site-packages/airflow/models/taskinstance.py", line 1315, in _execute_task
    result = task_copy.execute(context=context)
  File "/home/airflow/.local/lib/python3.6/site-packages/airflow/operators/bash.py", line 180, in execute
    raise AirflowException('Bash command failed. The command returned a non-zero exit code.')
airflow.exceptions.AirflowException: Bash command failed. The command returned a non-zero exit code.
[2023-10-01 16:07:51,852] {taskinstance.py:1503} INFO - Marking task as UP_FOR_RETRY. dag_id=backup_postgres, task_id=perform_postgresql_backup, execution_date=20231001T160129, start_date=20231001T160750, end_date=20231001T160751
[2023-10-01 16:07:51,992] {local_task_job.py:146} INFO - Task exited with return code 1
