[2023-10-01 05:03:23,775] {taskinstance.py:851} INFO - Dependencies all met for <TaskInstance: our_first_dag_v1.first_task 2021-09-22T00:00:00+00:00 [queued]>
[2023-10-01 05:03:23,900] {taskinstance.py:851} INFO - Dependencies all met for <TaskInstance: our_first_dag_v1.first_task 2021-09-22T00:00:00+00:00 [queued]>
[2023-10-01 05:03:23,901] {taskinstance.py:1042} INFO - 
--------------------------------------------------------------------------------
[2023-10-01 05:03:23,903] {taskinstance.py:1043} INFO - Starting attempt 1 of 6
[2023-10-01 05:03:23,904] {taskinstance.py:1044} INFO - 
--------------------------------------------------------------------------------
[2023-10-01 05:03:23,994] {taskinstance.py:1063} INFO - Executing <Task(BashOperator): first_task> on 2021-09-22T00:00:00+00:00
[2023-10-01 05:03:24,019] {standard_task_runner.py:52} INFO - Started process 1173 to run task
[2023-10-01 05:03:24,098] {standard_task_runner.py:76} INFO - Running: ['airflow', 'tasks', 'run', 'our_first_dag_v1', 'first_task', '2021-09-22T00:00:00+00:00', '--job-id', '145', '--pool', 'default_pool', '--raw', '--subdir', 'DAGS_FOLDER/our_first_dag.py', '--cfg-path', '/tmp/tmpr_bw1qe6', '--error-file', '/tmp/tmpr4fia15d']
[2023-10-01 05:03:24,144] {standard_task_runner.py:77} INFO - Job 145: Subtask first_task
[2023-10-01 05:03:24,862] {logging_mixin.py:104} INFO - Running <TaskInstance: our_first_dag_v1.first_task 2021-09-22T00:00:00+00:00 [running]> on host c25e1f8124bc
[2023-10-01 05:03:25,636] {taskinstance.py:1257} INFO - Exporting the following env vars:
AIRFLOW_CTX_DAG_OWNER=coder2j
AIRFLOW_CTX_DAG_ID=our_first_dag_v1
AIRFLOW_CTX_TASK_ID=first_task
AIRFLOW_CTX_EXECUTION_DATE=2021-09-22T00:00:00+00:00
AIRFLOW_CTX_DAG_RUN_ID=scheduled__2021-09-22T00:00:00+00:00
[2023-10-01 05:03:25,639] {bash.py:135} INFO - Tmp dir root location: 
 /tmp
[2023-10-01 05:03:25,655] {bash.py:158} INFO - Running command: echo hello world, this is the first task!
[2023-10-01 05:03:25,773] {bash.py:169} INFO - Output:
[2023-10-01 05:03:25,815] {bash.py:173} INFO - hello world, this is the first task!
[2023-10-01 05:03:25,817] {bash.py:177} INFO - Command exited with return code 0
[2023-10-01 05:03:25,937] {taskinstance.py:1166} INFO - Marking task as SUCCESS. dag_id=our_first_dag_v1, task_id=first_task, execution_date=20210922T000000, start_date=20231001T050323, end_date=20231001T050325
[2023-10-01 05:03:26,305] {taskinstance.py:1220} INFO - 0 downstream tasks scheduled from follow-on schedule check
[2023-10-01 05:03:26,403] {local_task_job.py:146} INFO - Task exited with return code 0
[2023-10-01 05:19:37,339] {taskinstance.py:851} INFO - Dependencies all met for <TaskInstance: our_first_dag_v1.first_task 2021-09-22T00:00:00+00:00 [queued]>
[2023-10-01 05:19:37,769] {taskinstance.py:851} INFO - Dependencies all met for <TaskInstance: our_first_dag_v1.first_task 2021-09-22T00:00:00+00:00 [queued]>
[2023-10-01 05:19:37,774] {taskinstance.py:1042} INFO - 
--------------------------------------------------------------------------------
[2023-10-01 05:19:37,777] {taskinstance.py:1043} INFO - Starting attempt 1 of 6
[2023-10-01 05:19:37,787] {taskinstance.py:1044} INFO - 
--------------------------------------------------------------------------------
[2023-10-01 05:19:38,015] {taskinstance.py:1063} INFO - Executing <Task(BashOperator): first_task> on 2021-09-22T00:00:00+00:00
[2023-10-01 05:19:38,094] {standard_task_runner.py:52} INFO - Started process 412 to run task
[2023-10-01 05:19:38,166] {standard_task_runner.py:76} INFO - Running: ['airflow', 'tasks', 'run', 'our_first_dag_v1', 'first_task', '2021-09-22T00:00:00+00:00', '--job-id', '56', '--pool', 'default_pool', '--raw', '--subdir', 'DAGS_FOLDER/our_first_dag.py', '--cfg-path', '/tmp/tmps4kci7rn', '--error-file', '/tmp/tmp7bm4o02o']
[2023-10-01 05:19:38,222] {standard_task_runner.py:77} INFO - Job 56: Subtask first_task
[2023-10-01 05:19:39,641] {logging_mixin.py:104} INFO - Running <TaskInstance: our_first_dag_v1.first_task 2021-09-22T00:00:00+00:00 [running]> on host d4ed655215d1
[2023-10-01 05:19:40,492] {taskinstance.py:1257} INFO - Exporting the following env vars:
AIRFLOW_CTX_DAG_OWNER=coder2j
AIRFLOW_CTX_DAG_ID=our_first_dag_v1
AIRFLOW_CTX_TASK_ID=first_task
AIRFLOW_CTX_EXECUTION_DATE=2021-09-22T00:00:00+00:00
AIRFLOW_CTX_DAG_RUN_ID=scheduled__2021-09-22T00:00:00+00:00
[2023-10-01 05:19:40,524] {bash.py:135} INFO - Tmp dir root location: 
 /tmp
[2023-10-01 05:19:40,576] {bash.py:158} INFO - Running command: echo hello world, this is the first task!
[2023-10-01 05:19:40,733] {bash.py:169} INFO - Output:
[2023-10-01 05:19:40,868] {bash.py:173} INFO - hello world, this is the first task!
[2023-10-01 05:19:40,871] {bash.py:177} INFO - Command exited with return code 0
[2023-10-01 05:19:41,206] {taskinstance.py:1166} INFO - Marking task as SUCCESS. dag_id=our_first_dag_v1, task_id=first_task, execution_date=20210922T000000, start_date=20231001T051937, end_date=20231001T051941
[2023-10-01 05:19:41,362] {taskinstance.py:1220} INFO - 0 downstream tasks scheduled from follow-on schedule check
[2023-10-01 05:19:41,471] {local_task_job.py:146} INFO - Task exited with return code 0
