[2023-10-01 06:11:07,697] {taskinstance.py:851} INFO - Dependencies all met for <TaskInstance: our_fourth_dag_v4.first_task 2021-09-12T00:00:00+00:00 [queued]>
[2023-10-01 06:11:07,766] {taskinstance.py:851} INFO - Dependencies all met for <TaskInstance: our_fourth_dag_v4.first_task 2021-09-12T00:00:00+00:00 [queued]>
[2023-10-01 06:11:07,768] {taskinstance.py:1042} INFO - 
--------------------------------------------------------------------------------
[2023-10-01 06:11:07,769] {taskinstance.py:1043} INFO - Starting attempt 1 of 6
[2023-10-01 06:11:07,771] {taskinstance.py:1044} INFO - 
--------------------------------------------------------------------------------
[2023-10-01 06:11:08,084] {taskinstance.py:1063} INFO - Executing <Task(BashOperator): first_task> on 2021-09-12T00:00:00+00:00
[2023-10-01 06:11:08,215] {standard_task_runner.py:52} INFO - Started process 4527 to run task
[2023-10-01 06:11:08,331] {standard_task_runner.py:76} INFO - Running: ['airflow', 'tasks', 'run', 'our_fourth_dag_v4', 'first_task', '2021-09-12T00:00:00+00:00', '--job-id', '558', '--pool', 'default_pool', '--raw', '--subdir', 'DAGS_FOLDER/our_fourth_dag.py', '--cfg-path', '/tmp/tmp990n5j4h', '--error-file', '/tmp/tmp7crnxooo']
[2023-10-01 06:11:08,427] {standard_task_runner.py:77} INFO - Job 558: Subtask first_task
[2023-10-01 06:11:09,432] {logging_mixin.py:104} INFO - Running <TaskInstance: our_fourth_dag_v4.first_task 2021-09-12T00:00:00+00:00 [running]> on host d4ed655215d1
[2023-10-01 06:11:10,521] {taskinstance.py:1257} INFO - Exporting the following env vars:
AIRFLOW_CTX_DAG_OWNER=svastikkka
AIRFLOW_CTX_DAG_ID=our_fourth_dag_v4
AIRFLOW_CTX_TASK_ID=first_task
AIRFLOW_CTX_EXECUTION_DATE=2021-09-12T00:00:00+00:00
AIRFLOW_CTX_DAG_RUN_ID=scheduled__2021-09-12T00:00:00+00:00
[2023-10-01 06:11:10,525] {bash.py:135} INFO - Tmp dir root location: 
 /tmp
[2023-10-01 06:11:10,566] {bash.py:158} INFO - Running command: echo hello world, this is the first task!
[2023-10-01 06:11:10,795] {bash.py:169} INFO - Output:
[2023-10-01 06:11:10,819] {bash.py:173} INFO - hello world, this is the first task!
[2023-10-01 06:11:10,828] {bash.py:177} INFO - Command exited with return code 0
[2023-10-01 06:11:11,194] {taskinstance.py:1166} INFO - Marking task as SUCCESS. dag_id=our_fourth_dag_v4, task_id=first_task, execution_date=20210912T000000, start_date=20231001T061107, end_date=20231001T061111
[2023-10-01 06:11:12,376] {taskinstance.py:1220} INFO - 2 downstream tasks scheduled from follow-on schedule check
[2023-10-01 06:11:12,521] {local_task_job.py:146} INFO - Task exited with return code 0
