[2023-10-01 08:08:09,783] {taskinstance.py:851} INFO - Dependencies all met for <TaskInstance: our_eight_dag_v8.get_age 2021-08-12T00:00:00+00:00 [queued]>
[2023-10-01 08:08:10,108] {taskinstance.py:851} INFO - Dependencies all met for <TaskInstance: our_eight_dag_v8.get_age 2021-08-12T00:00:00+00:00 [queued]>
[2023-10-01 08:08:10,110] {taskinstance.py:1042} INFO - 
--------------------------------------------------------------------------------
[2023-10-01 08:08:10,112] {taskinstance.py:1043} INFO - Starting attempt 1 of 6
[2023-10-01 08:08:10,115] {taskinstance.py:1044} INFO - 
--------------------------------------------------------------------------------
[2023-10-01 08:08:10,302] {taskinstance.py:1063} INFO - Executing <Task(PythonOperator): get_age> on 2021-08-12T00:00:00+00:00
[2023-10-01 08:08:10,409] {standard_task_runner.py:52} INFO - Started process 24798 to run task
[2023-10-01 08:08:10,550] {standard_task_runner.py:76} INFO - Running: ['airflow', 'tasks', 'run', 'our_eight_dag_v8', 'get_age', '2021-08-12T00:00:00+00:00', '--job-id', '2465', '--pool', 'default_pool', '--raw', '--subdir', 'DAGS_FOLDER/our_eight_dag.py', '--cfg-path', '/tmp/tmpcc3050mp', '--error-file', '/tmp/tmpo2oi175x']
[2023-10-01 08:08:11,229] {standard_task_runner.py:77} INFO - Job 2465: Subtask get_age
[2023-10-01 08:08:13,660] {logging_mixin.py:104} INFO - Running <TaskInstance: our_eight_dag_v8.get_age 2021-08-12T00:00:00+00:00 [running]> on host d4ed655215d1
[2023-10-01 08:08:14,709] {taskinstance.py:1257} INFO - Exporting the following env vars:
AIRFLOW_CTX_DAG_OWNER=svastikkka
AIRFLOW_CTX_DAG_ID=our_eight_dag_v8
AIRFLOW_CTX_TASK_ID=get_age
AIRFLOW_CTX_EXECUTION_DATE=2021-08-12T00:00:00+00:00
AIRFLOW_CTX_DAG_RUN_ID=scheduled__2021-08-12T00:00:00+00:00
[2023-10-01 08:08:14,886] {python.py:118} INFO - Done. Returned value was: None
[2023-10-01 08:08:14,975] {taskinstance.py:1166} INFO - Marking task as SUCCESS. dag_id=our_eight_dag_v8, task_id=get_age, execution_date=20210812T000000, start_date=20231001T080809, end_date=20231001T080814
[2023-10-01 08:08:15,444] {taskinstance.py:1220} INFO - 0 downstream tasks scheduled from follow-on schedule check
[2023-10-01 08:08:15,861] {local_task_job.py:146} INFO - Task exited with return code 0
