[2023-10-01 06:25:31,723] {taskinstance.py:851} INFO - Dependencies all met for <TaskInstance: our_fourth_dag_v4.thrid_task 2022-02-05T00:00:00+00:00 [queued]>
[2023-10-01 06:25:32,821] {taskinstance.py:851} INFO - Dependencies all met for <TaskInstance: our_fourth_dag_v4.thrid_task 2022-02-05T00:00:00+00:00 [queued]>
[2023-10-01 06:25:32,858] {taskinstance.py:1042} INFO - 
--------------------------------------------------------------------------------
[2023-10-01 06:25:32,873] {taskinstance.py:1043} INFO - Starting attempt 1 of 6
[2023-10-01 06:25:32,878] {taskinstance.py:1044} INFO - 
--------------------------------------------------------------------------------
[2023-10-01 06:25:35,095] {taskinstance.py:1063} INFO - Executing <Task(BashOperator): thrid_task> on 2022-02-05T00:00:00+00:00
[2023-10-01 06:25:36,520] {standard_task_runner.py:52} INFO - Started process 6952 to run task
[2023-10-01 06:25:36,790] {standard_task_runner.py:76} INFO - Running: ['airflow', 'tasks', 'run', 'our_fourth_dag_v4', 'thrid_task', '2022-02-05T00:00:00+00:00', '--job-id', '1008', '--pool', 'default_pool', '--raw', '--subdir', 'DAGS_FOLDER/our_fourth_dag.py', '--cfg-path', '/tmp/tmpbp3ocxbz', '--error-file', '/tmp/tmpaor2yaja']
[2023-10-01 06:25:36,919] {standard_task_runner.py:77} INFO - Job 1008: Subtask thrid_task
[2023-10-01 06:25:39,023] {logging_mixin.py:104} INFO - Running <TaskInstance: our_fourth_dag_v4.thrid_task 2022-02-05T00:00:00+00:00 [running]> on host d4ed655215d1
[2023-10-01 06:25:41,890] {taskinstance.py:1257} INFO - Exporting the following env vars:
AIRFLOW_CTX_DAG_OWNER=svastikkka
AIRFLOW_CTX_DAG_ID=our_fourth_dag_v4
AIRFLOW_CTX_TASK_ID=thrid_task
AIRFLOW_CTX_EXECUTION_DATE=2022-02-05T00:00:00+00:00
AIRFLOW_CTX_DAG_RUN_ID=scheduled__2022-02-05T00:00:00+00:00
[2023-10-01 06:25:41,910] {bash.py:135} INFO - Tmp dir root location: 
 /tmp
[2023-10-01 06:25:41,925] {bash.py:158} INFO - Running command: echo hey, I am task3 and will be running after task1 at the same time as task2!
[2023-10-01 06:25:42,438] {bash.py:169} INFO - Output:
[2023-10-01 06:25:42,477] {bash.py:173} INFO - hey, I am task3 and will be running after task1 at the same time as task2!
[2023-10-01 06:25:42,482] {bash.py:177} INFO - Command exited with return code 0
[2023-10-01 06:25:43,227] {taskinstance.py:1166} INFO - Marking task as SUCCESS. dag_id=our_fourth_dag_v4, task_id=thrid_task, execution_date=20220205T000000, start_date=20231001T062531, end_date=20231001T062543
[2023-10-01 06:25:47,996] {taskinstance.py:1220} INFO - 0 downstream tasks scheduled from follow-on schedule check
[2023-10-01 06:25:49,826] {local_task_job.py:146} INFO - Task exited with return code 0
