[2023-10-01 07:49:58,759] {taskinstance.py:851} INFO - Dependencies all met for <TaskInstance: our_seventh_dag_v7.get_name 2022-07-13T00:00:00+00:00 [queued]>
[2023-10-01 07:49:58,968] {taskinstance.py:851} INFO - Dependencies all met for <TaskInstance: our_seventh_dag_v7.get_name 2022-07-13T00:00:00+00:00 [queued]>
[2023-10-01 07:49:58,971] {taskinstance.py:1042} INFO - 
--------------------------------------------------------------------------------
[2023-10-01 07:49:58,978] {taskinstance.py:1043} INFO - Starting attempt 1 of 6
[2023-10-01 07:49:58,985] {taskinstance.py:1044} INFO - 
--------------------------------------------------------------------------------
[2023-10-01 07:49:59,103] {taskinstance.py:1063} INFO - Executing <Task(PythonOperator): get_name> on 2022-07-13T00:00:00+00:00
[2023-10-01 07:49:59,153] {standard_task_runner.py:52} INFO - Started process 21714 to run task
[2023-10-01 07:49:59,217] {standard_task_runner.py:76} INFO - Running: ['airflow', 'tasks', 'run', 'our_seventh_dag_v7', 'get_name', '2022-07-13T00:00:00+00:00', '--job-id', '2028', '--pool', 'default_pool', '--raw', '--subdir', 'DAGS_FOLDER/our_seventh_dag.py', '--cfg-path', '/tmp/tmp7kwtuqdz', '--error-file', '/tmp/tmpva_w6lha']
[2023-10-01 07:49:59,285] {standard_task_runner.py:77} INFO - Job 2028: Subtask get_name
[2023-10-01 07:49:59,914] {logging_mixin.py:104} INFO - Running <TaskInstance: our_seventh_dag_v7.get_name 2022-07-13T00:00:00+00:00 [running]> on host d4ed655215d1
[2023-10-01 07:50:00,704] {taskinstance.py:1257} INFO - Exporting the following env vars:
AIRFLOW_CTX_DAG_OWNER=svastikkka
AIRFLOW_CTX_DAG_ID=our_seventh_dag_v7
AIRFLOW_CTX_TASK_ID=get_name
AIRFLOW_CTX_EXECUTION_DATE=2022-07-13T00:00:00+00:00
AIRFLOW_CTX_DAG_RUN_ID=scheduled__2022-07-13T00:00:00+00:00
[2023-10-01 07:50:01,085] {python.py:118} INFO - Done. Returned value was: None
[2023-10-01 07:50:01,185] {taskinstance.py:1166} INFO - Marking task as SUCCESS. dag_id=our_seventh_dag_v7, task_id=get_name, execution_date=20220713T000000, start_date=20231001T074958, end_date=20231001T075001
[2023-10-01 07:50:02,397] {taskinstance.py:1220} INFO - 0 downstream tasks scheduled from follow-on schedule check
[2023-10-01 07:50:02,525] {local_task_job.py:146} INFO - Task exited with return code 0
