[2023-10-01 09:59:37,462] {taskinstance.py:851} INFO - Dependencies all met for <TaskInstance: postgres_v1.create_postgres_connection 2021-09-01T00:00:00+00:00 [queued]>
[2023-10-01 09:59:37,961] {taskinstance.py:851} INFO - Dependencies all met for <TaskInstance: postgres_v1.create_postgres_connection 2021-09-01T00:00:00+00:00 [queued]>
[2023-10-01 09:59:37,971] {taskinstance.py:1042} INFO - 
--------------------------------------------------------------------------------
[2023-10-01 09:59:37,977] {taskinstance.py:1043} INFO - Starting attempt 1 of 6
[2023-10-01 09:59:37,981] {taskinstance.py:1044} INFO - 
--------------------------------------------------------------------------------
[2023-10-01 09:59:38,220] {taskinstance.py:1063} INFO - Executing <Task(PostgresOperator): create_postgres_connection> on 2021-09-01T00:00:00+00:00
[2023-10-01 09:59:38,352] {standard_task_runner.py:52} INFO - Started process 44155 to run task
[2023-10-01 09:59:38,503] {standard_task_runner.py:76} INFO - Running: ['airflow', 'tasks', 'run', 'postgres_v1', 'create_postgres_connection', '2021-09-01T00:00:00+00:00', '--job-id', '2627', '--pool', 'default_pool', '--raw', '--subdir', 'DAGS_FOLDER/1_postgresql.py', '--cfg-path', '/tmp/tmphji93tkl', '--error-file', '/tmp/tmp2dad5udk']
[2023-10-01 09:59:38,838] {standard_task_runner.py:77} INFO - Job 2627: Subtask create_postgres_connection
[2023-10-01 09:59:39,575] {logging_mixin.py:104} INFO - Running <TaskInstance: postgres_v1.create_postgres_connection 2021-09-01T00:00:00+00:00 [running]> on host d4ed655215d1
[2023-10-01 09:59:40,589] {taskinstance.py:1257} INFO - Exporting the following env vars:
AIRFLOW_CTX_DAG_OWNER=svastikkka
AIRFLOW_CTX_DAG_ID=postgres_v1
AIRFLOW_CTX_TASK_ID=create_postgres_connection
AIRFLOW_CTX_EXECUTION_DATE=2021-09-01T00:00:00+00:00
AIRFLOW_CTX_DAG_RUN_ID=scheduled__2021-09-01T00:00:00+00:00
[2023-10-01 09:59:40,599] {postgres.py:69} INFO - Executing: create table if not exists dags_run(
        dt  date,
        dag_id character varying,
        primary key (dt,dag_id)
        )
[2023-10-01 09:59:40,792] {base.py:74} INFO - Using connection to: id: posgres_testing. Host: host.docker.internal, Port: 5432, Schema: testing, Login: airflow, Password: XXXXXXXX, extra: None
[2023-10-01 09:59:40,960] {dbapi.py:180} INFO - Running statement: create table if not exists dags_run(
        dt  date,
        dag_id character varying,
        primary key (dt,dag_id)
        ), parameters: None
[2023-10-01 09:59:40,997] {dbapi.py:186} INFO - Rows affected: -1
[2023-10-01 09:59:41,016] {postgres.py:73} INFO - NOTICE:  relation "dags_run" already exists, skipping

[2023-10-01 09:59:41,167] {taskinstance.py:1166} INFO - Marking task as SUCCESS. dag_id=postgres_v1, task_id=create_postgres_connection, execution_date=20210901T000000, start_date=20231001T095937, end_date=20231001T095941
[2023-10-01 09:59:41,729] {taskinstance.py:1220} INFO - 1 downstream tasks scheduled from follow-on schedule check
[2023-10-01 09:59:41,936] {local_task_job.py:146} INFO - Task exited with return code 0
