[2023-10-01 06:13:12,022] {taskinstance.py:851} INFO - Dependencies all met for <TaskInstance: our_fourth_dag_v4.second_task 2021-10-08T00:00:00+00:00 [queued]>
[2023-10-01 06:13:12,355] {taskinstance.py:851} INFO - Dependencies all met for <TaskInstance: our_fourth_dag_v4.second_task 2021-10-08T00:00:00+00:00 [queued]>
[2023-10-01 06:13:12,359] {taskinstance.py:1042} INFO - 
--------------------------------------------------------------------------------
[2023-10-01 06:13:12,363] {taskinstance.py:1043} INFO - Starting attempt 1 of 6
[2023-10-01 06:13:12,368] {taskinstance.py:1044} INFO - 
--------------------------------------------------------------------------------
[2023-10-01 06:13:12,555] {taskinstance.py:1063} INFO - Executing <Task(BashOperator): second_task> on 2021-10-08T00:00:00+00:00
[2023-10-01 06:13:12,676] {standard_task_runner.py:52} INFO - Started process 4969 to run task
[2023-10-01 06:13:13,012] {standard_task_runner.py:76} INFO - Running: ['airflow', 'tasks', 'run', 'our_fourth_dag_v4', 'second_task', '2021-10-08T00:00:00+00:00', '--job-id', '648', '--pool', 'default_pool', '--raw', '--subdir', 'DAGS_FOLDER/our_fourth_dag.py', '--cfg-path', '/tmp/tmphyj4yb7q', '--error-file', '/tmp/tmpoztsnkrt']
[2023-10-01 06:13:13,224] {standard_task_runner.py:77} INFO - Job 648: Subtask second_task
[2023-10-01 06:13:15,437] {logging_mixin.py:104} INFO - Running <TaskInstance: our_fourth_dag_v4.second_task 2021-10-08T00:00:00+00:00 [running]> on host d4ed655215d1
[2023-10-01 06:13:16,421] {taskinstance.py:1257} INFO - Exporting the following env vars:
AIRFLOW_CTX_DAG_OWNER=svastikkka
AIRFLOW_CTX_DAG_ID=our_fourth_dag_v4
AIRFLOW_CTX_TASK_ID=second_task
AIRFLOW_CTX_EXECUTION_DATE=2021-10-08T00:00:00+00:00
AIRFLOW_CTX_DAG_RUN_ID=scheduled__2021-10-08T00:00:00+00:00
[2023-10-01 06:13:16,444] {bash.py:135} INFO - Tmp dir root location: 
 /tmp
[2023-10-01 06:13:16,477] {bash.py:158} INFO - Running command: echo hey, I am task2 and will be running after task1!
[2023-10-01 06:13:16,761] {bash.py:169} INFO - Output:
[2023-10-01 06:13:16,829] {bash.py:173} INFO - hey, I am task2 and will be running after task1!
[2023-10-01 06:13:16,862] {bash.py:177} INFO - Command exited with return code 0
[2023-10-01 06:13:17,714] {taskinstance.py:1166} INFO - Marking task as SUCCESS. dag_id=our_fourth_dag_v4, task_id=second_task, execution_date=20211008T000000, start_date=20231001T061312, end_date=20231001T061317
[2023-10-01 06:13:18,716] {local_task_job.py:188} WARNING - State of this instance has been externally set to success. Terminating instance.
[2023-10-01 06:13:18,954] {process_utils.py:100} INFO - Sending Signals.SIGTERM to GPID 4969
[2023-10-01 06:13:19,606] {taskinstance.py:1239} ERROR - Received SIGTERM. Terminating subprocesses.
[2023-10-01 06:13:19,635] {bash.py:185} INFO - Sending SIGTERM signal to bash process group
[2023-10-01 06:13:21,147] {process_utils.py:66} INFO - Process psutil.Process(pid=4969, status='terminated', exitcode=1, started='06:13:12') (4969) terminated with exit code 1
