[2023-10-01 06:16:56,851] {taskinstance.py:851} INFO - Dependencies all met for <TaskInstance: our_fourth_dag_v4.thrid_task 2021-11-19T00:00:00+00:00 [queued]>
[2023-10-01 06:16:57,250] {taskinstance.py:851} INFO - Dependencies all met for <TaskInstance: our_fourth_dag_v4.thrid_task 2021-11-19T00:00:00+00:00 [queued]>
[2023-10-01 06:16:57,257] {taskinstance.py:1042} INFO - 
--------------------------------------------------------------------------------
[2023-10-01 06:16:57,268] {taskinstance.py:1043} INFO - Starting attempt 1 of 6
[2023-10-01 06:16:57,278] {taskinstance.py:1044} INFO - 
--------------------------------------------------------------------------------
[2023-10-01 06:16:57,457] {taskinstance.py:1063} INFO - Executing <Task(BashOperator): thrid_task> on 2021-11-19T00:00:00+00:00
[2023-10-01 06:16:57,579] {standard_task_runner.py:52} INFO - Started process 5641 to run task
[2023-10-01 06:16:57,715] {standard_task_runner.py:76} INFO - Running: ['airflow', 'tasks', 'run', 'our_fourth_dag_v4', 'thrid_task', '2021-11-19T00:00:00+00:00', '--job-id', '773', '--pool', 'default_pool', '--raw', '--subdir', 'DAGS_FOLDER/our_fourth_dag.py', '--cfg-path', '/tmp/tmp9hptb21v', '--error-file', '/tmp/tmphoaazisa']
[2023-10-01 06:16:57,813] {standard_task_runner.py:77} INFO - Job 773: Subtask thrid_task
[2023-10-01 06:16:58,725] {logging_mixin.py:104} INFO - Running <TaskInstance: our_fourth_dag_v4.thrid_task 2021-11-19T00:00:00+00:00 [running]> on host d4ed655215d1
[2023-10-01 06:16:59,282] {taskinstance.py:1257} INFO - Exporting the following env vars:
AIRFLOW_CTX_DAG_OWNER=svastikkka
AIRFLOW_CTX_DAG_ID=our_fourth_dag_v4
AIRFLOW_CTX_TASK_ID=thrid_task
AIRFLOW_CTX_EXECUTION_DATE=2021-11-19T00:00:00+00:00
AIRFLOW_CTX_DAG_RUN_ID=scheduled__2021-11-19T00:00:00+00:00
[2023-10-01 06:16:59,289] {bash.py:135} INFO - Tmp dir root location: 
 /tmp
[2023-10-01 06:16:59,329] {bash.py:158} INFO - Running command: echo hey, I am task3 and will be running after task1 at the same time as task2!
[2023-10-01 06:16:59,507] {bash.py:169} INFO - Output:
[2023-10-01 06:16:59,539] {bash.py:173} INFO - hey, I am task3 and will be running after task1 at the same time as task2!
[2023-10-01 06:16:59,561] {bash.py:177} INFO - Command exited with return code 0
[2023-10-01 06:16:59,889] {taskinstance.py:1166} INFO - Marking task as SUCCESS. dag_id=our_fourth_dag_v4, task_id=thrid_task, execution_date=20211119T000000, start_date=20231001T061656, end_date=20231001T061659
[2023-10-01 06:17:00,429] {taskinstance.py:1220} INFO - 0 downstream tasks scheduled from follow-on schedule check
[2023-10-01 06:17:00,781] {local_task_job.py:146} INFO - Task exited with return code 0
