[2023-10-01 05:34:04,098] {taskinstance.py:851} INFO - Dependencies all met for <TaskInstance: our_second_dag_v2.first_task 2021-08-17T00:00:00+00:00 [queued]>
[2023-10-01 05:34:04,475] {taskinstance.py:851} INFO - Dependencies all met for <TaskInstance: our_second_dag_v2.first_task 2021-08-17T00:00:00+00:00 [queued]>
[2023-10-01 05:34:04,478] {taskinstance.py:1042} INFO - 
--------------------------------------------------------------------------------
[2023-10-01 05:34:04,481] {taskinstance.py:1043} INFO - Starting attempt 1 of 6
[2023-10-01 05:34:04,497] {taskinstance.py:1044} INFO - 
--------------------------------------------------------------------------------
[2023-10-01 05:34:05,238] {taskinstance.py:1063} INFO - Executing <Task(BashOperator): first_task> on 2021-08-17T00:00:00+00:00
[2023-10-01 05:34:10,305] {standard_task_runner.py:52} INFO - Started process 1205 to run task
[2023-10-01 05:34:11,952] {standard_task_runner.py:76} INFO - Running: ['airflow', 'tasks', 'run', 'our_second_dag_v2', 'first_task', '2021-08-17T00:00:00+00:00', '--job-id', '148', '--pool', 'default_pool', '--raw', '--subdir', 'DAGS_FOLDER/our_second_dag.py', '--cfg-path', '/tmp/tmphwu03kso', '--error-file', '/tmp/tmpvfolwx95']
[2023-10-01 05:34:12,666] {standard_task_runner.py:77} INFO - Job 148: Subtask first_task
[2023-10-01 05:34:14,617] {logging_mixin.py:104} INFO - Running <TaskInstance: our_second_dag_v2.first_task 2021-08-17T00:00:00+00:00 [running]> on host d4ed655215d1
[2023-10-01 05:34:15,059] {taskinstance.py:1257} INFO - Exporting the following env vars:
AIRFLOW_CTX_DAG_OWNER=coder2j
AIRFLOW_CTX_DAG_ID=our_second_dag_v2
AIRFLOW_CTX_TASK_ID=first_task
AIRFLOW_CTX_EXECUTION_DATE=2021-08-17T00:00:00+00:00
AIRFLOW_CTX_DAG_RUN_ID=scheduled__2021-08-17T00:00:00+00:00
[2023-10-01 05:34:15,067] {bash.py:135} INFO - Tmp dir root location: 
 /tmp
[2023-10-01 05:34:15,075] {bash.py:158} INFO - Running command: echo hello world, this is the first task!
[2023-10-01 05:34:15,247] {bash.py:169} INFO - Output:
[2023-10-01 05:34:15,309] {bash.py:173} INFO - hello world, this is the first task!
[2023-10-01 05:34:15,315] {bash.py:177} INFO - Command exited with return code 0
[2023-10-01 05:34:15,535] {taskinstance.py:1166} INFO - Marking task as SUCCESS. dag_id=our_second_dag_v2, task_id=first_task, execution_date=20210817T000000, start_date=20231001T053404, end_date=20231001T053415
[2023-10-01 05:34:15,742] {taskinstance.py:1220} INFO - 1 downstream tasks scheduled from follow-on schedule check
[2023-10-01 05:34:15,829] {local_task_job.py:146} INFO - Task exited with return code 0
