[2023-10-01 07:56:37,701] {taskinstance.py:851} INFO - Dependencies all met for <TaskInstance: our_seventh_dag_v7.greet 2022-12-17T00:00:00+00:00 [queued]>
[2023-10-01 07:56:38,410] {taskinstance.py:851} INFO - Dependencies all met for <TaskInstance: our_seventh_dag_v7.greet 2022-12-17T00:00:00+00:00 [queued]>
[2023-10-01 07:56:38,739] {taskinstance.py:1042} INFO - 
--------------------------------------------------------------------------------
[2023-10-01 07:56:38,780] {taskinstance.py:1043} INFO - Starting attempt 1 of 6
[2023-10-01 07:56:38,810] {taskinstance.py:1044} INFO - 
--------------------------------------------------------------------------------
[2023-10-01 07:56:40,162] {taskinstance.py:1063} INFO - Executing <Task(PythonOperator): greet> on 2022-12-17T00:00:00+00:00
[2023-10-01 07:56:40,466] {standard_task_runner.py:52} INFO - Started process 23401 to run task
[2023-10-01 07:56:40,769] {standard_task_runner.py:76} INFO - Running: ['airflow', 'tasks', 'run', 'our_seventh_dag_v7', 'greet', '2022-12-17T00:00:00+00:00', '--job-id', '2349', '--pool', 'default_pool', '--raw', '--subdir', 'DAGS_FOLDER/our_seventh_dag.py', '--cfg-path', '/tmp/tmpe1g4i215', '--error-file', '/tmp/tmpusnq_2vn']
[2023-10-01 07:56:41,082] {standard_task_runner.py:77} INFO - Job 2349: Subtask greet
[2023-10-01 07:56:42,369] {logging_mixin.py:104} INFO - Running <TaskInstance: our_seventh_dag_v7.greet 2022-12-17T00:00:00+00:00 [running]> on host d4ed655215d1
[2023-10-01 07:56:44,146] {taskinstance.py:1257} INFO - Exporting the following env vars:
AIRFLOW_CTX_DAG_OWNER=svastikkka
AIRFLOW_CTX_DAG_ID=our_seventh_dag_v7
AIRFLOW_CTX_TASK_ID=greet
AIRFLOW_CTX_EXECUTION_DATE=2022-12-17T00:00:00+00:00
AIRFLOW_CTX_DAG_RUN_ID=scheduled__2022-12-17T00:00:00+00:00
[2023-10-01 07:56:44,572] {logging_mixin.py:104} INFO - Hello My name is Manshu Sharma and I am 26 years old.
[2023-10-01 07:56:44,574] {python.py:118} INFO - Done. Returned value was: None
[2023-10-01 07:56:44,890] {taskinstance.py:1166} INFO - Marking task as SUCCESS. dag_id=our_seventh_dag_v7, task_id=greet, execution_date=20221217T000000, start_date=20231001T075637, end_date=20231001T075644
[2023-10-01 07:56:45,606] {taskinstance.py:1220} INFO - 0 downstream tasks scheduled from follow-on schedule check
[2023-10-01 07:56:46,351] {local_task_job.py:146} INFO - Task exited with return code 0
