[2023-10-01 06:09:37,827] {taskinstance.py:851} INFO - Dependencies all met for <TaskInstance: our_fourth_dag_v4.second_task 2021-08-16T00:00:00+00:00 [queued]>
[2023-10-01 06:09:38,263] {taskinstance.py:851} INFO - Dependencies all met for <TaskInstance: our_fourth_dag_v4.second_task 2021-08-16T00:00:00+00:00 [queued]>
[2023-10-01 06:09:38,270] {taskinstance.py:1042} INFO - 
--------------------------------------------------------------------------------
[2023-10-01 06:09:38,285] {taskinstance.py:1043} INFO - Starting attempt 1 of 6
[2023-10-01 06:09:38,296] {taskinstance.py:1044} INFO - 
--------------------------------------------------------------------------------
[2023-10-01 06:09:38,530] {taskinstance.py:1063} INFO - Executing <Task(BashOperator): second_task> on 2021-08-16T00:00:00+00:00
[2023-10-01 06:09:38,892] {standard_task_runner.py:52} INFO - Started process 4188 to run task
[2023-10-01 06:09:38,963] {standard_task_runner.py:76} INFO - Running: ['airflow', 'tasks', 'run', 'our_fourth_dag_v4', 'second_task', '2021-08-16T00:00:00+00:00', '--job-id', '488', '--pool', 'default_pool', '--raw', '--subdir', 'DAGS_FOLDER/our_fourth_dag.py', '--cfg-path', '/tmp/tmpib9lgxng', '--error-file', '/tmp/tmpbrsv7nu9']
[2023-10-01 06:09:39,017] {standard_task_runner.py:77} INFO - Job 488: Subtask second_task
[2023-10-01 06:09:41,067] {logging_mixin.py:104} INFO - Running <TaskInstance: our_fourth_dag_v4.second_task 2021-08-16T00:00:00+00:00 [running]> on host d4ed655215d1
[2023-10-01 06:09:42,385] {taskinstance.py:1257} INFO - Exporting the following env vars:
AIRFLOW_CTX_DAG_OWNER=svastikkka
AIRFLOW_CTX_DAG_ID=our_fourth_dag_v4
AIRFLOW_CTX_TASK_ID=second_task
AIRFLOW_CTX_EXECUTION_DATE=2021-08-16T00:00:00+00:00
AIRFLOW_CTX_DAG_RUN_ID=scheduled__2021-08-16T00:00:00+00:00
[2023-10-01 06:09:42,388] {bash.py:135} INFO - Tmp dir root location: 
 /tmp
[2023-10-01 06:09:42,394] {bash.py:158} INFO - Running command: echo hey, I am task2 and will be running after task1!
[2023-10-01 06:09:42,910] {bash.py:169} INFO - Output:
[2023-10-01 06:09:43,013] {bash.py:173} INFO - hey, I am task2 and will be running after task1!
[2023-10-01 06:09:43,031] {bash.py:177} INFO - Command exited with return code 0
[2023-10-01 06:09:43,472] {taskinstance.py:1166} INFO - Marking task as SUCCESS. dag_id=our_fourth_dag_v4, task_id=second_task, execution_date=20210816T000000, start_date=20231001T060937, end_date=20231001T060943
[2023-10-01 06:09:45,007] {local_task_job.py:188} WARNING - State of this instance has been externally set to success. Terminating instance.
[2023-10-01 06:09:45,032] {process_utils.py:100} INFO - Sending Signals.SIGTERM to GPID 4188
[2023-10-01 06:09:45,381] {taskinstance.py:1239} ERROR - Received SIGTERM. Terminating subprocesses.
[2023-10-01 06:09:45,387] {bash.py:185} INFO - Sending SIGTERM signal to bash process group
[2023-10-01 06:09:45,648] {process_utils.py:66} INFO - Process psutil.Process(pid=4188, status='terminated', exitcode=1, started='06:09:38') (4188) terminated with exit code 1
