[2023-10-01 07:44:04,405] {taskinstance.py:851} INFO - Dependencies all met for <TaskInstance: our_seventh_dag_v7.get_name 2022-01-23T00:00:00+00:00 [queued]>
[2023-10-01 07:44:04,667] {taskinstance.py:851} INFO - Dependencies all met for <TaskInstance: our_seventh_dag_v7.get_name 2022-01-23T00:00:00+00:00 [queued]>
[2023-10-01 07:44:04,678] {taskinstance.py:1042} INFO - 
--------------------------------------------------------------------------------
[2023-10-01 07:44:04,681] {taskinstance.py:1043} INFO - Starting attempt 1 of 6
[2023-10-01 07:44:04,683] {taskinstance.py:1044} INFO - 
--------------------------------------------------------------------------------
[2023-10-01 07:44:04,905] {taskinstance.py:1063} INFO - Executing <Task(PythonOperator): get_name> on 2022-01-23T00:00:00+00:00
[2023-10-01 07:44:05,011] {standard_task_runner.py:52} INFO - Started process 20018 to run task
[2023-10-01 07:44:05,123] {standard_task_runner.py:76} INFO - Running: ['airflow', 'tasks', 'run', 'our_seventh_dag_v7', 'get_name', '2022-01-23T00:00:00+00:00', '--job-id', '1685', '--pool', 'default_pool', '--raw', '--subdir', 'DAGS_FOLDER/our_seventh_dag.py', '--cfg-path', '/tmp/tmpvdhy886f', '--error-file', '/tmp/tmp3rgbw6y5']
[2023-10-01 07:44:05,246] {standard_task_runner.py:77} INFO - Job 1685: Subtask get_name
[2023-10-01 07:44:05,508] {logging_mixin.py:104} INFO - Running <TaskInstance: our_seventh_dag_v7.get_name 2022-01-23T00:00:00+00:00 [running]> on host d4ed655215d1
[2023-10-01 07:44:07,212] {taskinstance.py:1257} INFO - Exporting the following env vars:
AIRFLOW_CTX_DAG_OWNER=svastikkka
AIRFLOW_CTX_DAG_ID=our_seventh_dag_v7
AIRFLOW_CTX_TASK_ID=get_name
AIRFLOW_CTX_EXECUTION_DATE=2022-01-23T00:00:00+00:00
AIRFLOW_CTX_DAG_RUN_ID=scheduled__2022-01-23T00:00:00+00:00
[2023-10-01 07:44:07,902] {python.py:118} INFO - Done. Returned value was: None
[2023-10-01 07:44:08,190] {taskinstance.py:1166} INFO - Marking task as SUCCESS. dag_id=our_seventh_dag_v7, task_id=get_name, execution_date=20220123T000000, start_date=20231001T074404, end_date=20231001T074408
[2023-10-01 07:44:08,608] {taskinstance.py:1220} INFO - 1 downstream tasks scheduled from follow-on schedule check
[2023-10-01 07:44:08,778] {local_task_job.py:146} INFO - Task exited with return code 0
