[2023-10-01 09:52:07,145] {taskinstance.py:851} INFO - Dependencies all met for <TaskInstance: postgres_v1.create_postgres_connection 2021-08-07T00:00:00+00:00 [queued]>
[2023-10-01 09:52:07,595] {taskinstance.py:851} INFO - Dependencies all met for <TaskInstance: postgres_v1.create_postgres_connection 2021-08-07T00:00:00+00:00 [queued]>
[2023-10-01 09:52:07,602] {taskinstance.py:1042} INFO - 
--------------------------------------------------------------------------------
[2023-10-01 09:52:07,604] {taskinstance.py:1043} INFO - Starting attempt 5 of 6
[2023-10-01 09:52:07,607] {taskinstance.py:1044} INFO - 
--------------------------------------------------------------------------------
[2023-10-01 09:52:07,794] {taskinstance.py:1063} INFO - Executing <Task(PostgresOperator): create_postgres_connection> on 2021-08-07T00:00:00+00:00
[2023-10-01 09:52:07,949] {standard_task_runner.py:52} INFO - Started process 42681 to run task
[2023-10-01 09:52:08,071] {standard_task_runner.py:76} INFO - Running: ['airflow', 'tasks', 'run', 'postgres_v1', 'create_postgres_connection', '2021-08-07T00:00:00+00:00', '--job-id', '2600', '--pool', 'default_pool', '--raw', '--subdir', 'DAGS_FOLDER/1_postgresql.py', '--cfg-path', '/tmp/tmpu94sv28l', '--error-file', '/tmp/tmpkv88p6_p']
[2023-10-01 09:52:08,263] {standard_task_runner.py:77} INFO - Job 2600: Subtask create_postgres_connection
[2023-10-01 09:52:10,793] {logging_mixin.py:104} INFO - Running <TaskInstance: postgres_v1.create_postgres_connection 2021-08-07T00:00:00+00:00 [running]> on host d4ed655215d1
[2023-10-01 09:52:14,494] {taskinstance.py:1257} INFO - Exporting the following env vars:
AIRFLOW_CTX_DAG_OWNER=svastikkka
AIRFLOW_CTX_DAG_ID=postgres_v1
AIRFLOW_CTX_TASK_ID=create_postgres_connection
AIRFLOW_CTX_EXECUTION_DATE=2021-08-07T00:00:00+00:00
AIRFLOW_CTX_DAG_RUN_ID=scheduled__2021-08-07T00:00:00+00:00
[2023-10-01 09:52:14,582] {postgres.py:69} INFO - Executing: create table if not exists dags_run(
        dt  date,
        dag_id character varying,
        primary key (dt,dag_id)
        )
[2023-10-01 09:52:15,528] {base.py:74} INFO - Using connection to: id: posgres_testing. Host: host.docker.internal, Port: 5432, Schema: testing, Login: airflow, Password: XXXXXXXX, extra: None
[2023-10-01 09:52:17,385] {dbapi.py:180} INFO - Running statement: create table if not exists dags_run(
        dt  date,
        dag_id character varying,
        primary key (dt,dag_id)
        ), parameters: None
[2023-10-01 09:52:18,293] {dbapi.py:186} INFO - Rows affected: -1
[2023-10-01 09:52:18,322] {postgres.py:73} INFO - NOTICE:  relation "dags_run" already exists, skipping

[2023-10-01 09:52:18,675] {taskinstance.py:1166} INFO - Marking task as SUCCESS. dag_id=postgres_v1, task_id=create_postgres_connection, execution_date=20210807T000000, start_date=20231001T095207, end_date=20231001T095218
[2023-10-01 09:52:22,549] {taskinstance.py:1220} INFO - 0 downstream tasks scheduled from follow-on schedule check
[2023-10-01 09:52:23,505] {local_task_job.py:146} INFO - Task exited with return code 0
