[2023-10-01 06:52:33,830] {taskinstance.py:851} INFO - Dependencies all met for <TaskInstance: our_sixth_dag_v6.get_name 2021-09-23T00:00:00+00:00 [queued]>
[2023-10-01 06:52:34,158] {taskinstance.py:851} INFO - Dependencies all met for <TaskInstance: our_sixth_dag_v6.get_name 2021-09-23T00:00:00+00:00 [queued]>
[2023-10-01 06:52:34,164] {taskinstance.py:1042} INFO - 
--------------------------------------------------------------------------------
[2023-10-01 06:52:34,165] {taskinstance.py:1043} INFO - Starting attempt 1 of 6
[2023-10-01 06:52:34,166] {taskinstance.py:1044} INFO - 
--------------------------------------------------------------------------------
[2023-10-01 06:52:34,633] {taskinstance.py:1063} INFO - Executing <Task(PythonOperator): get_name> on 2021-09-23T00:00:00+00:00
[2023-10-01 06:52:34,781] {standard_task_runner.py:52} INFO - Started process 10672 to run task
[2023-10-01 06:52:34,852] {standard_task_runner.py:76} INFO - Running: ['airflow', 'tasks', 'run', 'our_sixth_dag_v6', 'get_name', '2021-09-23T00:00:00+00:00', '--job-id', '1161', '--pool', 'default_pool', '--raw', '--subdir', 'DAGS_FOLDER/our_sixth_dag.py', '--cfg-path', '/tmp/tmpt7mxgoo6', '--error-file', '/tmp/tmp277a_89c']
[2023-10-01 06:52:34,923] {standard_task_runner.py:77} INFO - Job 1161: Subtask get_name
[2023-10-01 06:52:36,856] {logging_mixin.py:104} INFO - Running <TaskInstance: our_sixth_dag_v6.get_name 2021-09-23T00:00:00+00:00 [running]> on host d4ed655215d1
[2023-10-01 06:52:38,554] {taskinstance.py:1257} INFO - Exporting the following env vars:
AIRFLOW_CTX_DAG_OWNER=svastikkka
AIRFLOW_CTX_DAG_ID=our_sixth_dag_v6
AIRFLOW_CTX_TASK_ID=get_name
AIRFLOW_CTX_EXECUTION_DATE=2021-09-23T00:00:00+00:00
AIRFLOW_CTX_DAG_RUN_ID=scheduled__2021-09-23T00:00:00+00:00
[2023-10-01 06:52:38,560] {python.py:118} INFO - Done. Returned value was: Manshu
[2023-10-01 06:52:38,810] {taskinstance.py:1166} INFO - Marking task as SUCCESS. dag_id=our_sixth_dag_v6, task_id=get_name, execution_date=20210923T000000, start_date=20231001T065233, end_date=20231001T065238
[2023-10-01 06:52:40,371] {taskinstance.py:1220} INFO - 0 downstream tasks scheduled from follow-on schedule check
[2023-10-01 06:52:40,543] {local_task_job.py:188} WARNING - State of this instance has been externally set to success. Terminating instance.
[2023-10-01 06:52:40,609] {process_utils.py:100} INFO - Sending Signals.SIGTERM to GPID 10672
[2023-10-01 06:52:40,632] {process_utils.py:66} INFO - Process psutil.Process(pid=10672, status='terminated', exitcode=0, started='06:52:34') (10672) terminated with exit code 0
