[2023-10-01 05:34:15,289] {taskinstance.py:851} INFO - Dependencies all met for <TaskInstance: our_second_dag_v2.first_task 2021-08-18T00:00:00+00:00 [queued]>
[2023-10-01 05:34:15,449] {taskinstance.py:851} INFO - Dependencies all met for <TaskInstance: our_second_dag_v2.first_task 2021-08-18T00:00:00+00:00 [queued]>
[2023-10-01 05:34:15,451] {taskinstance.py:1042} INFO - 
--------------------------------------------------------------------------------
[2023-10-01 05:34:15,453] {taskinstance.py:1043} INFO - Starting attempt 1 of 6
[2023-10-01 05:34:15,455] {taskinstance.py:1044} INFO - 
--------------------------------------------------------------------------------
[2023-10-01 05:34:15,489] {taskinstance.py:1063} INFO - Executing <Task(BashOperator): first_task> on 2021-08-18T00:00:00+00:00
[2023-10-01 05:34:15,503] {standard_task_runner.py:52} INFO - Started process 1214 to run task
[2023-10-01 05:34:15,623] {standard_task_runner.py:76} INFO - Running: ['airflow', 'tasks', 'run', 'our_second_dag_v2', 'first_task', '2021-08-18T00:00:00+00:00', '--job-id', '150', '--pool', 'default_pool', '--raw', '--subdir', 'DAGS_FOLDER/our_second_dag.py', '--cfg-path', '/tmp/tmputhmnjc2', '--error-file', '/tmp/tmpyosjtv95']
[2023-10-01 05:34:15,631] {standard_task_runner.py:77} INFO - Job 150: Subtask first_task
[2023-10-01 05:34:16,122] {logging_mixin.py:104} INFO - Running <TaskInstance: our_second_dag_v2.first_task 2021-08-18T00:00:00+00:00 [running]> on host d4ed655215d1
[2023-10-01 05:34:16,741] {taskinstance.py:1257} INFO - Exporting the following env vars:
AIRFLOW_CTX_DAG_OWNER=coder2j
AIRFLOW_CTX_DAG_ID=our_second_dag_v2
AIRFLOW_CTX_TASK_ID=first_task
AIRFLOW_CTX_EXECUTION_DATE=2021-08-18T00:00:00+00:00
AIRFLOW_CTX_DAG_RUN_ID=scheduled__2021-08-18T00:00:00+00:00
[2023-10-01 05:34:16,748] {bash.py:135} INFO - Tmp dir root location: 
 /tmp
[2023-10-01 05:34:16,753] {bash.py:158} INFO - Running command: echo hello world, this is the first task!
[2023-10-01 05:34:16,810] {bash.py:169} INFO - Output:
[2023-10-01 05:34:16,830] {bash.py:173} INFO - hello world, this is the first task!
[2023-10-01 05:34:16,842] {bash.py:177} INFO - Command exited with return code 0
[2023-10-01 05:34:17,045] {taskinstance.py:1166} INFO - Marking task as SUCCESS. dag_id=our_second_dag_v2, task_id=first_task, execution_date=20210818T000000, start_date=20231001T053415, end_date=20231001T053417
[2023-10-01 05:34:18,654] {taskinstance.py:1220} INFO - 1 downstream tasks scheduled from follow-on schedule check
[2023-10-01 05:34:19,261] {local_task_job.py:146} INFO - Task exited with return code 0
