[2023-10-01 05:03:31,743] {taskinstance.py:851} INFO - Dependencies all met for <TaskInstance: our_first_dag_v1.first_task 2021-09-27T00:00:00+00:00 [queued]>
[2023-10-01 05:03:31,889] {taskinstance.py:851} INFO - Dependencies all met for <TaskInstance: our_first_dag_v1.first_task 2021-09-27T00:00:00+00:00 [queued]>
[2023-10-01 05:03:31,891] {taskinstance.py:1042} INFO - 
--------------------------------------------------------------------------------
[2023-10-01 05:03:31,893] {taskinstance.py:1043} INFO - Starting attempt 1 of 6
[2023-10-01 05:03:31,895] {taskinstance.py:1044} INFO - 
--------------------------------------------------------------------------------
[2023-10-01 05:03:32,002] {taskinstance.py:1063} INFO - Executing <Task(BashOperator): first_task> on 2021-09-27T00:00:00+00:00
[2023-10-01 05:03:32,054] {standard_task_runner.py:52} INFO - Started process 1197 to run task
[2023-10-01 05:03:32,199] {standard_task_runner.py:76} INFO - Running: ['airflow', 'tasks', 'run', 'our_first_dag_v1', 'first_task', '2021-09-27T00:00:00+00:00', '--job-id', '151', '--pool', 'default_pool', '--raw', '--subdir', 'DAGS_FOLDER/our_first_dag.py', '--cfg-path', '/tmp/tmpyfhb_9_x', '--error-file', '/tmp/tmpv1kj94_a']
[2023-10-01 05:03:32,446] {standard_task_runner.py:77} INFO - Job 151: Subtask first_task
[2023-10-01 05:03:33,844] {logging_mixin.py:104} INFO - Running <TaskInstance: our_first_dag_v1.first_task 2021-09-27T00:00:00+00:00 [running]> on host c25e1f8124bc
[2023-10-01 05:03:34,576] {taskinstance.py:1257} INFO - Exporting the following env vars:
AIRFLOW_CTX_DAG_OWNER=coder2j
AIRFLOW_CTX_DAG_ID=our_first_dag_v1
AIRFLOW_CTX_TASK_ID=first_task
AIRFLOW_CTX_EXECUTION_DATE=2021-09-27T00:00:00+00:00
AIRFLOW_CTX_DAG_RUN_ID=scheduled__2021-09-27T00:00:00+00:00
[2023-10-01 05:03:34,580] {bash.py:135} INFO - Tmp dir root location: 
 /tmp
[2023-10-01 05:03:34,594] {bash.py:158} INFO - Running command: echo hello world, this is the first task!
[2023-10-01 05:03:34,700] {bash.py:169} INFO - Output:
[2023-10-01 05:03:34,749] {bash.py:173} INFO - hello world, this is the first task!
[2023-10-01 05:03:34,767] {bash.py:177} INFO - Command exited with return code 0
[2023-10-01 05:03:34,944] {taskinstance.py:1166} INFO - Marking task as SUCCESS. dag_id=our_first_dag_v1, task_id=first_task, execution_date=20210927T000000, start_date=20231001T050331, end_date=20231001T050334
[2023-10-01 05:03:35,185] {taskinstance.py:1220} INFO - 0 downstream tasks scheduled from follow-on schedule check
[2023-10-01 05:03:35,331] {local_task_job.py:146} INFO - Task exited with return code 0
[2023-10-01 05:19:45,290] {taskinstance.py:851} INFO - Dependencies all met for <TaskInstance: our_first_dag_v1.first_task 2021-09-27T00:00:00+00:00 [queued]>
[2023-10-01 05:19:45,439] {taskinstance.py:851} INFO - Dependencies all met for <TaskInstance: our_first_dag_v1.first_task 2021-09-27T00:00:00+00:00 [queued]>
[2023-10-01 05:19:45,440] {taskinstance.py:1042} INFO - 
--------------------------------------------------------------------------------
[2023-10-01 05:19:45,442] {taskinstance.py:1043} INFO - Starting attempt 1 of 6
[2023-10-01 05:19:45,452] {taskinstance.py:1044} INFO - 
--------------------------------------------------------------------------------
[2023-10-01 05:19:45,556] {taskinstance.py:1063} INFO - Executing <Task(BashOperator): first_task> on 2021-09-27T00:00:00+00:00
[2023-10-01 05:19:45,609] {standard_task_runner.py:52} INFO - Started process 433 to run task
[2023-10-01 05:19:45,661] {standard_task_runner.py:76} INFO - Running: ['airflow', 'tasks', 'run', 'our_first_dag_v1', 'first_task', '2021-09-27T00:00:00+00:00', '--job-id', '61', '--pool', 'default_pool', '--raw', '--subdir', 'DAGS_FOLDER/our_first_dag.py', '--cfg-path', '/tmp/tmptjrttnb6', '--error-file', '/tmp/tmpoa_hcvhd']
[2023-10-01 05:19:45,733] {standard_task_runner.py:77} INFO - Job 61: Subtask first_task
[2023-10-01 05:19:46,121] {logging_mixin.py:104} INFO - Running <TaskInstance: our_first_dag_v1.first_task 2021-09-27T00:00:00+00:00 [running]> on host d4ed655215d1
[2023-10-01 05:19:46,522] {taskinstance.py:1257} INFO - Exporting the following env vars:
AIRFLOW_CTX_DAG_OWNER=coder2j
AIRFLOW_CTX_DAG_ID=our_first_dag_v1
AIRFLOW_CTX_TASK_ID=first_task
AIRFLOW_CTX_EXECUTION_DATE=2021-09-27T00:00:00+00:00
AIRFLOW_CTX_DAG_RUN_ID=scheduled__2021-09-27T00:00:00+00:00
[2023-10-01 05:19:46,530] {bash.py:135} INFO - Tmp dir root location: 
 /tmp
[2023-10-01 05:19:46,540] {bash.py:158} INFO - Running command: echo hello world, this is the first task!
[2023-10-01 05:19:46,622] {bash.py:169} INFO - Output:
[2023-10-01 05:19:46,636] {bash.py:173} INFO - hello world, this is the first task!
[2023-10-01 05:19:46,642] {bash.py:177} INFO - Command exited with return code 0
[2023-10-01 05:19:46,793] {taskinstance.py:1166} INFO - Marking task as SUCCESS. dag_id=our_first_dag_v1, task_id=first_task, execution_date=20210927T000000, start_date=20231001T051945, end_date=20231001T051946
[2023-10-01 05:19:46,946] {taskinstance.py:1220} INFO - 0 downstream tasks scheduled from follow-on schedule check
[2023-10-01 05:19:47,052] {local_task_job.py:146} INFO - Task exited with return code 0
