[2023-10-01 05:33:18,617] {taskinstance.py:851} INFO - Dependencies all met for <TaskInstance: our_second_dag_v2.first_task 2021-08-11T00:00:00+00:00 [queued]>
[2023-10-01 05:33:19,069] {taskinstance.py:851} INFO - Dependencies all met for <TaskInstance: our_second_dag_v2.first_task 2021-08-11T00:00:00+00:00 [queued]>
[2023-10-01 05:33:19,071] {taskinstance.py:1042} INFO - 
--------------------------------------------------------------------------------
[2023-10-01 05:33:19,075] {taskinstance.py:1043} INFO - Starting attempt 1 of 6
[2023-10-01 05:33:19,081] {taskinstance.py:1044} INFO - 
--------------------------------------------------------------------------------
[2023-10-01 05:33:19,201] {taskinstance.py:1063} INFO - Executing <Task(BashOperator): first_task> on 2021-08-11T00:00:00+00:00
[2023-10-01 05:33:19,852] {standard_task_runner.py:52} INFO - Started process 1138 to run task
[2023-10-01 05:33:20,283] {standard_task_runner.py:76} INFO - Running: ['airflow', 'tasks', 'run', 'our_second_dag_v2', 'first_task', '2021-08-11T00:00:00+00:00', '--job-id', '135', '--pool', 'default_pool', '--raw', '--subdir', 'DAGS_FOLDER/our_second_dag.py', '--cfg-path', '/tmp/tmphr3sja9n', '--error-file', '/tmp/tmpvynnp89i']
[2023-10-01 05:33:20,446] {standard_task_runner.py:77} INFO - Job 135: Subtask first_task
[2023-10-01 05:33:23,090] {logging_mixin.py:104} INFO - Running <TaskInstance: our_second_dag_v2.first_task 2021-08-11T00:00:00+00:00 [running]> on host d4ed655215d1
[2023-10-01 05:33:25,102] {taskinstance.py:1257} INFO - Exporting the following env vars:
AIRFLOW_CTX_DAG_OWNER=coder2j
AIRFLOW_CTX_DAG_ID=our_second_dag_v2
AIRFLOW_CTX_TASK_ID=first_task
AIRFLOW_CTX_EXECUTION_DATE=2021-08-11T00:00:00+00:00
AIRFLOW_CTX_DAG_RUN_ID=scheduled__2021-08-11T00:00:00+00:00
[2023-10-01 05:33:25,162] {bash.py:135} INFO - Tmp dir root location: 
 /tmp
[2023-10-01 05:33:25,208] {bash.py:158} INFO - Running command: echo hello world, this is the first task!
[2023-10-01 05:33:25,689] {bash.py:169} INFO - Output:
[2023-10-01 05:33:25,766] {bash.py:173} INFO - hello world, this is the first task!
[2023-10-01 05:33:25,787] {bash.py:177} INFO - Command exited with return code 0
[2023-10-01 05:33:26,627] {taskinstance.py:1166} INFO - Marking task as SUCCESS. dag_id=our_second_dag_v2, task_id=first_task, execution_date=20210811T000000, start_date=20231001T053318, end_date=20231001T053326
[2023-10-01 05:33:27,562] {taskinstance.py:1220} INFO - 1 downstream tasks scheduled from follow-on schedule check
[2023-10-01 05:33:28,253] {local_task_job.py:146} INFO - Task exited with return code 0
