[2023-10-01 07:43:09,636] {taskinstance.py:851} INFO - Dependencies all met for <TaskInstance: our_seventh_dag_v7.get_name 2021-12-26T00:00:00+00:00 [queued]>
[2023-10-01 07:43:09,840] {taskinstance.py:851} INFO - Dependencies all met for <TaskInstance: our_seventh_dag_v7.get_name 2021-12-26T00:00:00+00:00 [queued]>
[2023-10-01 07:43:09,855] {taskinstance.py:1042} INFO - 
--------------------------------------------------------------------------------
[2023-10-01 07:43:09,861] {taskinstance.py:1043} INFO - Starting attempt 1 of 6
[2023-10-01 07:43:09,864] {taskinstance.py:1044} INFO - 
--------------------------------------------------------------------------------
[2023-10-01 07:43:10,122] {taskinstance.py:1063} INFO - Executing <Task(PythonOperator): get_name> on 2021-12-26T00:00:00+00:00
[2023-10-01 07:43:10,301] {standard_task_runner.py:52} INFO - Started process 19745 to run task
[2023-10-01 07:43:10,391] {standard_task_runner.py:76} INFO - Running: ['airflow', 'tasks', 'run', 'our_seventh_dag_v7', 'get_name', '2021-12-26T00:00:00+00:00', '--job-id', '1629', '--pool', 'default_pool', '--raw', '--subdir', 'DAGS_FOLDER/our_seventh_dag.py', '--cfg-path', '/tmp/tmpiludced5', '--error-file', '/tmp/tmpmnwmhq5r']
[2023-10-01 07:43:10,489] {standard_task_runner.py:77} INFO - Job 1629: Subtask get_name
[2023-10-01 07:43:11,133] {logging_mixin.py:104} INFO - Running <TaskInstance: our_seventh_dag_v7.get_name 2021-12-26T00:00:00+00:00 [running]> on host d4ed655215d1
[2023-10-01 07:43:11,570] {taskinstance.py:1257} INFO - Exporting the following env vars:
AIRFLOW_CTX_DAG_OWNER=svastikkka
AIRFLOW_CTX_DAG_ID=our_seventh_dag_v7
AIRFLOW_CTX_TASK_ID=get_name
AIRFLOW_CTX_EXECUTION_DATE=2021-12-26T00:00:00+00:00
AIRFLOW_CTX_DAG_RUN_ID=scheduled__2021-12-26T00:00:00+00:00
[2023-10-01 07:43:11,871] {python.py:118} INFO - Done. Returned value was: None
[2023-10-01 07:43:12,009] {taskinstance.py:1166} INFO - Marking task as SUCCESS. dag_id=our_seventh_dag_v7, task_id=get_name, execution_date=20211226T000000, start_date=20231001T074309, end_date=20231001T074312
[2023-10-01 07:43:12,514] {taskinstance.py:1220} INFO - 1 downstream tasks scheduled from follow-on schedule check
[2023-10-01 07:43:12,630] {local_task_job.py:146} INFO - Task exited with return code 0
