[2023-10-01 06:22:49,749] {taskinstance.py:851} INFO - Dependencies all met for <TaskInstance: our_fourth_dag_v4.second_task 2022-01-23T00:00:00+00:00 [queued]>
[2023-10-01 06:22:50,266] {taskinstance.py:851} INFO - Dependencies all met for <TaskInstance: our_fourth_dag_v4.second_task 2022-01-23T00:00:00+00:00 [queued]>
[2023-10-01 06:22:50,269] {taskinstance.py:1042} INFO - 
--------------------------------------------------------------------------------
[2023-10-01 06:22:50,281] {taskinstance.py:1043} INFO - Starting attempt 1 of 6
[2023-10-01 06:22:50,287] {taskinstance.py:1044} INFO - 
--------------------------------------------------------------------------------
[2023-10-01 06:22:50,582] {taskinstance.py:1063} INFO - Executing <Task(BashOperator): second_task> on 2022-01-23T00:00:00+00:00
[2023-10-01 06:22:50,915] {standard_task_runner.py:52} INFO - Started process 6654 to run task
[2023-10-01 06:22:51,928] {standard_task_runner.py:76} INFO - Running: ['airflow', 'tasks', 'run', 'our_fourth_dag_v4', 'second_task', '2022-01-23T00:00:00+00:00', '--job-id', '967', '--pool', 'default_pool', '--raw', '--subdir', 'DAGS_FOLDER/our_fourth_dag.py', '--cfg-path', '/tmp/tmp_zkntwra', '--error-file', '/tmp/tmpjiv_r4zv']
[2023-10-01 06:22:52,097] {standard_task_runner.py:77} INFO - Job 967: Subtask second_task
[2023-10-01 06:22:53,580] {logging_mixin.py:104} INFO - Running <TaskInstance: our_fourth_dag_v4.second_task 2022-01-23T00:00:00+00:00 [running]> on host d4ed655215d1
[2023-10-01 06:22:56,343] {taskinstance.py:1257} INFO - Exporting the following env vars:
AIRFLOW_CTX_DAG_OWNER=svastikkka
AIRFLOW_CTX_DAG_ID=our_fourth_dag_v4
AIRFLOW_CTX_TASK_ID=second_task
AIRFLOW_CTX_EXECUTION_DATE=2022-01-23T00:00:00+00:00
AIRFLOW_CTX_DAG_RUN_ID=scheduled__2022-01-23T00:00:00+00:00
[2023-10-01 06:22:56,358] {bash.py:135} INFO - Tmp dir root location: 
 /tmp
[2023-10-01 06:22:56,379] {bash.py:158} INFO - Running command: echo hey, I am task2 and will be running after task1!
[2023-10-01 06:22:57,227] {bash.py:169} INFO - Output:
[2023-10-01 06:22:57,328] {bash.py:173} INFO - hey, I am task2 and will be running after task1!
[2023-10-01 06:22:57,344] {bash.py:177} INFO - Command exited with return code 0
[2023-10-01 06:22:58,075] {taskinstance.py:1166} INFO - Marking task as SUCCESS. dag_id=our_fourth_dag_v4, task_id=second_task, execution_date=20220123T000000, start_date=20231001T062249, end_date=20231001T062258
[2023-10-01 06:22:59,080] {taskinstance.py:1220} INFO - 0 downstream tasks scheduled from follow-on schedule check
[2023-10-01 06:22:59,360] {local_task_job.py:146} INFO - Task exited with return code 0
