[2023-10-01 06:29:30,146] {taskinstance.py:851} INFO - Dependencies all met for <TaskInstance: our_fifth_dag_v5.greet 2021-08-31T00:00:00+00:00 [queued]>
[2023-10-01 06:29:30,352] {taskinstance.py:851} INFO - Dependencies all met for <TaskInstance: our_fifth_dag_v5.greet 2021-08-31T00:00:00+00:00 [queued]>
[2023-10-01 06:29:30,356] {taskinstance.py:1042} INFO - 
--------------------------------------------------------------------------------
[2023-10-01 06:29:30,361] {taskinstance.py:1043} INFO - Starting attempt 1 of 6
[2023-10-01 06:29:30,362] {taskinstance.py:1044} INFO - 
--------------------------------------------------------------------------------
[2023-10-01 06:29:30,590] {taskinstance.py:1063} INFO - Executing <Task(PythonOperator): greet> on 2021-08-31T00:00:00+00:00
[2023-10-01 06:29:30,661] {standard_task_runner.py:52} INFO - Started process 7454 to run task
[2023-10-01 06:29:30,749] {standard_task_runner.py:76} INFO - Running: ['airflow', 'tasks', 'run', 'our_fifth_dag_v5', 'greet', '2021-08-31T00:00:00+00:00', '--job-id', '1052', '--pool', 'default_pool', '--raw', '--subdir', 'DAGS_FOLDER/our_fifth_dag.py', '--cfg-path', '/tmp/tmphgn77vgb', '--error-file', '/tmp/tmp3levh3tm']
[2023-10-01 06:29:30,785] {standard_task_runner.py:77} INFO - Job 1052: Subtask greet
[2023-10-01 06:29:31,872] {logging_mixin.py:104} INFO - Running <TaskInstance: our_fifth_dag_v5.greet 2021-08-31T00:00:00+00:00 [running]> on host d4ed655215d1
[2023-10-01 06:29:33,443] {taskinstance.py:1257} INFO - Exporting the following env vars:
AIRFLOW_CTX_DAG_OWNER=coder2j
AIRFLOW_CTX_DAG_ID=our_fifth_dag_v5
AIRFLOW_CTX_TASK_ID=greet
AIRFLOW_CTX_EXECUTION_DATE=2021-08-31T00:00:00+00:00
AIRFLOW_CTX_DAG_RUN_ID=scheduled__2021-08-31T00:00:00+00:00
[2023-10-01 06:29:33,529] {logging_mixin.py:104} INFO - Hello how are you
[2023-10-01 06:29:33,556] {python.py:118} INFO - Done. Returned value was: None
[2023-10-01 06:29:33,770] {taskinstance.py:1166} INFO - Marking task as SUCCESS. dag_id=our_fifth_dag_v5, task_id=greet, execution_date=20210831T000000, start_date=20231001T062930, end_date=20231001T062933
[2023-10-01 06:29:40,806] {local_task_job.py:188} WARNING - State of this instance has been externally set to success. Terminating instance.
[2023-10-01 06:29:40,973] {process_utils.py:100} INFO - Sending Signals.SIGTERM to GPID 7454
[2023-10-01 06:29:41,784] {taskinstance.py:1239} ERROR - Received SIGTERM. Terminating subprocesses.
[2023-10-01 06:29:43,136] {process_utils.py:66} INFO - Process psutil.Process(pid=7454, status='terminated', exitcode=1, started='06:29:30') (7454) terminated with exit code 1
