[2023-10-01 05:03:09,217] {taskinstance.py:851} INFO - Dependencies all met for <TaskInstance: our_first_dag_v1.first_task 2021-09-16T00:00:00+00:00 [queued]>
[2023-10-01 05:03:09,350] {taskinstance.py:851} INFO - Dependencies all met for <TaskInstance: our_first_dag_v1.first_task 2021-09-16T00:00:00+00:00 [queued]>
[2023-10-01 05:03:09,372] {taskinstance.py:1042} INFO - 
--------------------------------------------------------------------------------
[2023-10-01 05:03:09,383] {taskinstance.py:1043} INFO - Starting attempt 1 of 6
[2023-10-01 05:03:09,389] {taskinstance.py:1044} INFO - 
--------------------------------------------------------------------------------
[2023-10-01 05:03:09,478] {taskinstance.py:1063} INFO - Executing <Task(BashOperator): first_task> on 2021-09-16T00:00:00+00:00
[2023-10-01 05:03:09,552] {standard_task_runner.py:52} INFO - Started process 1153 to run task
[2023-10-01 05:03:09,670] {standard_task_runner.py:76} INFO - Running: ['airflow', 'tasks', 'run', 'our_first_dag_v1', 'first_task', '2021-09-16T00:00:00+00:00', '--job-id', '140', '--pool', 'default_pool', '--raw', '--subdir', 'DAGS_FOLDER/our_first_dag.py', '--cfg-path', '/tmp/tmpd7e8zuyr', '--error-file', '/tmp/tmpkgeb735_']
[2023-10-01 05:03:09,737] {standard_task_runner.py:77} INFO - Job 140: Subtask first_task
[2023-10-01 05:03:10,305] {logging_mixin.py:104} INFO - Running <TaskInstance: our_first_dag_v1.first_task 2021-09-16T00:00:00+00:00 [running]> on host c25e1f8124bc
[2023-10-01 05:03:13,819] {taskinstance.py:1257} INFO - Exporting the following env vars:
AIRFLOW_CTX_DAG_OWNER=coder2j
AIRFLOW_CTX_DAG_ID=our_first_dag_v1
AIRFLOW_CTX_TASK_ID=first_task
AIRFLOW_CTX_EXECUTION_DATE=2021-09-16T00:00:00+00:00
AIRFLOW_CTX_DAG_RUN_ID=scheduled__2021-09-16T00:00:00+00:00
[2023-10-01 05:03:13,917] {bash.py:135} INFO - Tmp dir root location: 
 /tmp
[2023-10-01 05:03:13,998] {bash.py:158} INFO - Running command: echo hello world, this is the first task!
[2023-10-01 05:03:14,285] {bash.py:169} INFO - Output:
[2023-10-01 05:03:14,291] {bash.py:173} INFO - hello world, this is the first task!
[2023-10-01 05:03:14,305] {bash.py:177} INFO - Command exited with return code 0
[2023-10-01 05:03:14,555] {taskinstance.py:1166} INFO - Marking task as SUCCESS. dag_id=our_first_dag_v1, task_id=first_task, execution_date=20210916T000000, start_date=20231001T050309, end_date=20231001T050314
[2023-10-01 05:03:15,020] {local_task_job.py:188} WARNING - State of this instance has been externally set to success. Terminating instance.
[2023-10-01 05:03:15,073] {process_utils.py:100} INFO - Sending Signals.SIGTERM to GPID 1153
[2023-10-01 05:03:15,675] {taskinstance.py:1239} ERROR - Received SIGTERM. Terminating subprocesses.
[2023-10-01 05:03:15,677] {bash.py:185} INFO - Sending SIGTERM signal to bash process group
[2023-10-01 05:03:15,798] {process_utils.py:66} INFO - Process psutil.Process(pid=1153, status='terminated', exitcode=1, started='05:03:08') (1153) terminated with exit code 1
[2023-10-01 05:19:31,480] {taskinstance.py:851} INFO - Dependencies all met for <TaskInstance: our_first_dag_v1.first_task 2021-09-16T00:00:00+00:00 [queued]>
[2023-10-01 05:19:31,646] {taskinstance.py:851} INFO - Dependencies all met for <TaskInstance: our_first_dag_v1.first_task 2021-09-16T00:00:00+00:00 [queued]>
[2023-10-01 05:19:31,650] {taskinstance.py:1042} INFO - 
--------------------------------------------------------------------------------
[2023-10-01 05:19:31,654] {taskinstance.py:1043} INFO - Starting attempt 1 of 6
[2023-10-01 05:19:31,662] {taskinstance.py:1044} INFO - 
--------------------------------------------------------------------------------
[2023-10-01 05:19:31,785] {taskinstance.py:1063} INFO - Executing <Task(BashOperator): first_task> on 2021-09-16T00:00:00+00:00
[2023-10-01 05:19:31,808] {standard_task_runner.py:52} INFO - Started process 395 to run task
[2023-10-01 05:19:31,859] {standard_task_runner.py:76} INFO - Running: ['airflow', 'tasks', 'run', 'our_first_dag_v1', 'first_task', '2021-09-16T00:00:00+00:00', '--job-id', '50', '--pool', 'default_pool', '--raw', '--subdir', 'DAGS_FOLDER/our_first_dag.py', '--cfg-path', '/tmp/tmpg6fjmjbj', '--error-file', '/tmp/tmpxja_i0u_']
[2023-10-01 05:19:31,875] {standard_task_runner.py:77} INFO - Job 50: Subtask first_task
[2023-10-01 05:19:32,589] {logging_mixin.py:104} INFO - Running <TaskInstance: our_first_dag_v1.first_task 2021-09-16T00:00:00+00:00 [running]> on host d4ed655215d1
[2023-10-01 05:19:33,069] {taskinstance.py:1257} INFO - Exporting the following env vars:
AIRFLOW_CTX_DAG_OWNER=coder2j
AIRFLOW_CTX_DAG_ID=our_first_dag_v1
AIRFLOW_CTX_TASK_ID=first_task
AIRFLOW_CTX_EXECUTION_DATE=2021-09-16T00:00:00+00:00
AIRFLOW_CTX_DAG_RUN_ID=scheduled__2021-09-16T00:00:00+00:00
[2023-10-01 05:19:33,077] {bash.py:135} INFO - Tmp dir root location: 
 /tmp
[2023-10-01 05:19:33,089] {bash.py:158} INFO - Running command: echo hello world, this is the first task!
[2023-10-01 05:19:33,184] {bash.py:169} INFO - Output:
[2023-10-01 05:19:33,208] {bash.py:173} INFO - hello world, this is the first task!
[2023-10-01 05:19:33,212] {bash.py:177} INFO - Command exited with return code 0
[2023-10-01 05:19:33,435] {taskinstance.py:1166} INFO - Marking task as SUCCESS. dag_id=our_first_dag_v1, task_id=first_task, execution_date=20210916T000000, start_date=20231001T051931, end_date=20231001T051933
[2023-10-01 05:19:33,746] {taskinstance.py:1220} INFO - 0 downstream tasks scheduled from follow-on schedule check
[2023-10-01 05:19:33,899] {local_task_job.py:146} INFO - Task exited with return code 0
