[2023-10-01 06:56:08,924] {taskinstance.py:851} INFO - Dependencies all met for <TaskInstance: our_sixth_dag_v6.get_name 2021-11-24T00:00:00+00:00 [queued]>
[2023-10-01 06:56:10,226] {taskinstance.py:851} INFO - Dependencies all met for <TaskInstance: our_sixth_dag_v6.get_name 2021-11-24T00:00:00+00:00 [queued]>
[2023-10-01 06:56:10,231] {taskinstance.py:1042} INFO - 
--------------------------------------------------------------------------------
[2023-10-01 06:56:10,234] {taskinstance.py:1043} INFO - Starting attempt 1 of 6
[2023-10-01 06:56:10,236] {taskinstance.py:1044} INFO - 
--------------------------------------------------------------------------------
[2023-10-01 06:56:10,352] {taskinstance.py:1063} INFO - Executing <Task(PythonOperator): get_name> on 2021-11-24T00:00:00+00:00
[2023-10-01 06:56:10,509] {standard_task_runner.py:52} INFO - Started process 11380 to run task
[2023-10-01 06:56:11,029] {standard_task_runner.py:76} INFO - Running: ['airflow', 'tasks', 'run', 'our_sixth_dag_v6', 'get_name', '2021-11-24T00:00:00+00:00', '--job-id', '1285', '--pool', 'default_pool', '--raw', '--subdir', 'DAGS_FOLDER/our_sixth_dag.py', '--cfg-path', '/tmp/tmpyf4q778g', '--error-file', '/tmp/tmp_mic8cn0']
[2023-10-01 06:56:11,148] {standard_task_runner.py:77} INFO - Job 1285: Subtask get_name
[2023-10-01 06:56:12,626] {logging_mixin.py:104} INFO - Running <TaskInstance: our_sixth_dag_v6.get_name 2021-11-24T00:00:00+00:00 [running]> on host d4ed655215d1
[2023-10-01 06:56:13,660] {taskinstance.py:1257} INFO - Exporting the following env vars:
AIRFLOW_CTX_DAG_OWNER=svastikkka
AIRFLOW_CTX_DAG_ID=our_sixth_dag_v6
AIRFLOW_CTX_TASK_ID=get_name
AIRFLOW_CTX_EXECUTION_DATE=2021-11-24T00:00:00+00:00
AIRFLOW_CTX_DAG_RUN_ID=scheduled__2021-11-24T00:00:00+00:00
[2023-10-01 06:56:13,808] {python.py:118} INFO - Done. Returned value was: Manshu
[2023-10-01 06:56:14,394] {taskinstance.py:1166} INFO - Marking task as SUCCESS. dag_id=our_sixth_dag_v6, task_id=get_name, execution_date=20211124T000000, start_date=20231001T065609, end_date=20231001T065614
[2023-10-01 06:56:16,512] {local_task_job.py:188} WARNING - State of this instance has been externally set to success. Terminating instance.
[2023-10-01 06:56:16,782] {process_utils.py:100} INFO - Sending Signals.SIGTERM to GPID 11380
[2023-10-01 06:56:17,588] {taskinstance.py:1239} ERROR - Received SIGTERM. Terminating subprocesses.
[2023-10-01 06:56:17,815] {process_utils.py:66} INFO - Process psutil.Process(pid=11380, status='terminated', exitcode=1, started='06:56:09') (11380) terminated with exit code 1
