[2023-10-01 05:58:34,340] {taskinstance.py:851} INFO - Dependencies all met for <TaskInstance: our_third_dag_v3.first_task 2021-09-09T00:00:00+00:00 [queued]>
[2023-10-01 05:58:34,646] {taskinstance.py:851} INFO - Dependencies all met for <TaskInstance: our_third_dag_v3.first_task 2021-09-09T00:00:00+00:00 [queued]>
[2023-10-01 05:58:34,657] {taskinstance.py:1042} INFO - 
--------------------------------------------------------------------------------
[2023-10-01 05:58:34,659] {taskinstance.py:1043} INFO - Starting attempt 1 of 6
[2023-10-01 05:58:34,665] {taskinstance.py:1044} INFO - 
--------------------------------------------------------------------------------
[2023-10-01 05:58:34,888] {taskinstance.py:1063} INFO - Executing <Task(BashOperator): first_task> on 2021-09-09T00:00:00+00:00
[2023-10-01 05:58:35,051] {standard_task_runner.py:52} INFO - Started process 2841 to run task
[2023-10-01 05:58:35,346] {standard_task_runner.py:76} INFO - Running: ['airflow', 'tasks', 'run', 'our_third_dag_v3', 'first_task', '2021-09-09T00:00:00+00:00', '--job-id', '267', '--pool', 'default_pool', '--raw', '--subdir', 'DAGS_FOLDER/our_third_dag.py', '--cfg-path', '/tmp/tmp9_795yye', '--error-file', '/tmp/tmpbo0u3epw']
[2023-10-01 05:58:35,681] {standard_task_runner.py:77} INFO - Job 267: Subtask first_task
[2023-10-01 05:58:38,147] {logging_mixin.py:104} INFO - Running <TaskInstance: our_third_dag_v3.first_task 2021-09-09T00:00:00+00:00 [running]> on host d4ed655215d1
[2023-10-01 05:58:39,484] {taskinstance.py:1257} INFO - Exporting the following env vars:
AIRFLOW_CTX_DAG_OWNER=coder2j
AIRFLOW_CTX_DAG_ID=our_third_dag_v3
AIRFLOW_CTX_TASK_ID=first_task
AIRFLOW_CTX_EXECUTION_DATE=2021-09-09T00:00:00+00:00
AIRFLOW_CTX_DAG_RUN_ID=scheduled__2021-09-09T00:00:00+00:00
[2023-10-01 05:58:39,500] {bash.py:135} INFO - Tmp dir root location: 
 /tmp
[2023-10-01 05:58:39,521] {bash.py:158} INFO - Running command: echo hello world, this is the first task!
[2023-10-01 05:58:39,747] {bash.py:169} INFO - Output:
[2023-10-01 05:58:39,779] {bash.py:173} INFO - hello world, this is the first task!
[2023-10-01 05:58:39,812] {bash.py:177} INFO - Command exited with return code 0
[2023-10-01 05:58:40,364] {taskinstance.py:1166} INFO - Marking task as SUCCESS. dag_id=our_third_dag_v3, task_id=first_task, execution_date=20210909T000000, start_date=20231001T055834, end_date=20231001T055840
[2023-10-01 05:58:40,877] {local_task_job.py:188} WARNING - State of this instance has been externally set to success. Terminating instance.
[2023-10-01 05:58:41,090] {process_utils.py:100} INFO - Sending Signals.SIGTERM to GPID 2841
[2023-10-01 05:58:42,425] {taskinstance.py:1239} ERROR - Received SIGTERM. Terminating subprocesses.
[2023-10-01 05:58:42,427] {bash.py:185} INFO - Sending SIGTERM signal to bash process group
[2023-10-01 05:58:42,701] {process_utils.py:66} INFO - Process psutil.Process(pid=2841, status='terminated', exitcode=1, started='05:58:34') (2841) terminated with exit code 1
