[2023-10-01 07:39:02,897] {taskinstance.py:851} INFO - Dependencies all met for <TaskInstance: our_seventh_dag_v7.get_name 2021-09-19T00:00:00+00:00 [queued]>
[2023-10-01 07:39:03,114] {taskinstance.py:851} INFO - Dependencies all met for <TaskInstance: our_seventh_dag_v7.get_name 2021-09-19T00:00:00+00:00 [queued]>
[2023-10-01 07:39:03,116] {taskinstance.py:1042} INFO - 
--------------------------------------------------------------------------------
[2023-10-01 07:39:03,118] {taskinstance.py:1043} INFO - Starting attempt 1 of 6
[2023-10-01 07:39:03,121] {taskinstance.py:1044} INFO - 
--------------------------------------------------------------------------------
[2023-10-01 07:39:03,405] {taskinstance.py:1063} INFO - Executing <Task(PythonOperator): get_name> on 2021-09-19T00:00:00+00:00
[2023-10-01 07:39:03,538] {standard_task_runner.py:52} INFO - Started process 18673 to run task
[2023-10-01 07:39:03,646] {standard_task_runner.py:76} INFO - Running: ['airflow', 'tasks', 'run', 'our_seventh_dag_v7', 'get_name', '2021-09-19T00:00:00+00:00', '--job-id', '1434', '--pool', 'default_pool', '--raw', '--subdir', 'DAGS_FOLDER/our_seventh_dag.py', '--cfg-path', '/tmp/tmpgyo0xvso', '--error-file', '/tmp/tmpjp9m8qkf']
[2023-10-01 07:39:03,714] {standard_task_runner.py:77} INFO - Job 1434: Subtask get_name
[2023-10-01 07:39:04,484] {logging_mixin.py:104} INFO - Running <TaskInstance: our_seventh_dag_v7.get_name 2021-09-19T00:00:00+00:00 [running]> on host d4ed655215d1
[2023-10-01 07:39:05,119] {taskinstance.py:1257} INFO - Exporting the following env vars:
AIRFLOW_CTX_DAG_OWNER=svastikkka
AIRFLOW_CTX_DAG_ID=our_seventh_dag_v7
AIRFLOW_CTX_TASK_ID=get_name
AIRFLOW_CTX_EXECUTION_DATE=2021-09-19T00:00:00+00:00
AIRFLOW_CTX_DAG_RUN_ID=scheduled__2021-09-19T00:00:00+00:00
[2023-10-01 07:39:05,524] {python.py:118} INFO - Done. Returned value was: None
[2023-10-01 07:39:05,596] {taskinstance.py:1166} INFO - Marking task as SUCCESS. dag_id=our_seventh_dag_v7, task_id=get_name, execution_date=20210919T000000, start_date=20231001T073902, end_date=20231001T073905
[2023-10-01 07:39:06,073] {taskinstance.py:1220} INFO - 1 downstream tasks scheduled from follow-on schedule check
[2023-10-01 07:39:06,634] {local_task_job.py:146} INFO - Task exited with return code 0
