[2023-10-01 07:55:52,628] {taskinstance.py:851} INFO - Dependencies all met for <TaskInstance: our_seventh_dag_v7.get_name 2022-12-17T00:00:00+00:00 [queued]>
[2023-10-01 07:55:53,054] {taskinstance.py:851} INFO - Dependencies all met for <TaskInstance: our_seventh_dag_v7.get_name 2022-12-17T00:00:00+00:00 [queued]>
[2023-10-01 07:55:53,076] {taskinstance.py:1042} INFO - 
--------------------------------------------------------------------------------
[2023-10-01 07:55:53,090] {taskinstance.py:1043} INFO - Starting attempt 1 of 6
[2023-10-01 07:55:53,101] {taskinstance.py:1044} INFO - 
--------------------------------------------------------------------------------
[2023-10-01 07:55:53,327] {taskinstance.py:1063} INFO - Executing <Task(PythonOperator): get_name> on 2022-12-17T00:00:00+00:00
[2023-10-01 07:55:53,392] {standard_task_runner.py:52} INFO - Started process 23334 to run task
[2023-10-01 07:55:53,541] {standard_task_runner.py:76} INFO - Running: ['airflow', 'tasks', 'run', 'our_seventh_dag_v7', 'get_name', '2022-12-17T00:00:00+00:00', '--job-id', '2342', '--pool', 'default_pool', '--raw', '--subdir', 'DAGS_FOLDER/our_seventh_dag.py', '--cfg-path', '/tmp/tmp9f1fxt2c', '--error-file', '/tmp/tmpgwh70gce']
[2023-10-01 07:55:53,652] {standard_task_runner.py:77} INFO - Job 2342: Subtask get_name
[2023-10-01 07:55:54,838] {logging_mixin.py:104} INFO - Running <TaskInstance: our_seventh_dag_v7.get_name 2022-12-17T00:00:00+00:00 [running]> on host d4ed655215d1
[2023-10-01 07:55:55,464] {taskinstance.py:1257} INFO - Exporting the following env vars:
AIRFLOW_CTX_DAG_OWNER=svastikkka
AIRFLOW_CTX_DAG_ID=our_seventh_dag_v7
AIRFLOW_CTX_TASK_ID=get_name
AIRFLOW_CTX_EXECUTION_DATE=2022-12-17T00:00:00+00:00
AIRFLOW_CTX_DAG_RUN_ID=scheduled__2022-12-17T00:00:00+00:00
[2023-10-01 07:56:01,718] {python.py:118} INFO - Done. Returned value was: None
[2023-10-01 07:56:05,178] {taskinstance.py:1166} INFO - Marking task as SUCCESS. dag_id=our_seventh_dag_v7, task_id=get_name, execution_date=20221217T000000, start_date=20231001T075552, end_date=20231001T075605
[2023-10-01 07:56:10,703] {taskinstance.py:1220} INFO - 1 downstream tasks scheduled from follow-on schedule check
[2023-10-01 07:56:11,237] {local_task_job.py:188} WARNING - State of this instance has been externally set to success. Terminating instance.
[2023-10-01 07:56:11,403] {process_utils.py:100} INFO - Sending Signals.SIGTERM to GPID 23334
[2023-10-01 07:56:12,505] {process_utils.py:66} INFO - Process psutil.Process(pid=23334, status='terminated', exitcode=0, started='07:55:53') (23334) terminated with exit code 0
