[2023-10-01 07:58:23,418] {taskinstance.py:851} INFO - Dependencies all met for <TaskInstance: our_seventh_dag_v7.get_name 2023-01-11T00:00:00+00:00 [queued]>
[2023-10-01 07:58:23,896] {taskinstance.py:851} INFO - Dependencies all met for <TaskInstance: our_seventh_dag_v7.get_name 2023-01-11T00:00:00+00:00 [queued]>
[2023-10-01 07:58:23,898] {taskinstance.py:1042} INFO - 
--------------------------------------------------------------------------------
[2023-10-01 07:58:23,908] {taskinstance.py:1043} INFO - Starting attempt 1 of 6
[2023-10-01 07:58:23,911] {taskinstance.py:1044} INFO - 
--------------------------------------------------------------------------------
[2023-10-01 07:58:24,155] {taskinstance.py:1063} INFO - Executing <Task(PythonOperator): get_name> on 2023-01-11T00:00:00+00:00
[2023-10-01 07:58:24,533] {standard_task_runner.py:52} INFO - Started process 23752 to run task
[2023-10-01 07:58:24,865] {standard_task_runner.py:76} INFO - Running: ['airflow', 'tasks', 'run', 'our_seventh_dag_v7', 'get_name', '2023-01-11T00:00:00+00:00', '--job-id', '2391', '--pool', 'default_pool', '--raw', '--subdir', 'DAGS_FOLDER/our_seventh_dag.py', '--cfg-path', '/tmp/tmpcize7xvp', '--error-file', '/tmp/tmpfknpif9v']
[2023-10-01 07:58:24,961] {standard_task_runner.py:77} INFO - Job 2391: Subtask get_name
[2023-10-01 07:58:25,888] {logging_mixin.py:104} INFO - Running <TaskInstance: our_seventh_dag_v7.get_name 2023-01-11T00:00:00+00:00 [running]> on host d4ed655215d1
[2023-10-01 07:58:26,682] {taskinstance.py:1257} INFO - Exporting the following env vars:
AIRFLOW_CTX_DAG_OWNER=svastikkka
AIRFLOW_CTX_DAG_ID=our_seventh_dag_v7
AIRFLOW_CTX_TASK_ID=get_name
AIRFLOW_CTX_EXECUTION_DATE=2023-01-11T00:00:00+00:00
AIRFLOW_CTX_DAG_RUN_ID=scheduled__2023-01-11T00:00:00+00:00
[2023-10-01 07:58:27,239] {python.py:118} INFO - Done. Returned value was: None
[2023-10-01 07:58:27,342] {taskinstance.py:1166} INFO - Marking task as SUCCESS. dag_id=our_seventh_dag_v7, task_id=get_name, execution_date=20230111T000000, start_date=20231001T075823, end_date=20231001T075827
[2023-10-01 07:58:27,833] {taskinstance.py:1220} INFO - 1 downstream tasks scheduled from follow-on schedule check
[2023-10-01 07:58:28,091] {local_task_job.py:146} INFO - Task exited with return code 0
