[2023-10-01 06:02:46,204] {taskinstance.py:851} INFO - Dependencies all met for <TaskInstance: our_third_dag_v3.second_task 2021-10-23T00:00:00+00:00 [queued]>
[2023-10-01 06:02:46,595] {taskinstance.py:851} INFO - Dependencies all met for <TaskInstance: our_third_dag_v3.second_task 2021-10-23T00:00:00+00:00 [queued]>
[2023-10-01 06:02:46,600] {taskinstance.py:1042} INFO - 
--------------------------------------------------------------------------------
[2023-10-01 06:02:46,606] {taskinstance.py:1043} INFO - Starting attempt 1 of 6
[2023-10-01 06:02:46,616] {taskinstance.py:1044} INFO - 
--------------------------------------------------------------------------------
[2023-10-01 06:02:46,848] {taskinstance.py:1063} INFO - Executing <Task(BashOperator): second_task> on 2021-10-23T00:00:00+00:00
[2023-10-01 06:02:46,977] {standard_task_runner.py:52} INFO - Started process 3496 to run task
[2023-10-01 06:02:47,025] {standard_task_runner.py:76} INFO - Running: ['airflow', 'tasks', 'run', 'our_third_dag_v3', 'second_task', '2021-10-23T00:00:00+00:00', '--job-id', '408', '--pool', 'default_pool', '--raw', '--subdir', 'DAGS_FOLDER/our_third_dag.py', '--cfg-path', '/tmp/tmpiq4adx1u', '--error-file', '/tmp/tmppr8jbyoy']
[2023-10-01 06:02:47,090] {standard_task_runner.py:77} INFO - Job 408: Subtask second_task
[2023-10-01 06:02:47,722] {logging_mixin.py:104} INFO - Running <TaskInstance: our_third_dag_v3.second_task 2021-10-23T00:00:00+00:00 [running]> on host d4ed655215d1
[2023-10-01 06:02:48,565] {taskinstance.py:1257} INFO - Exporting the following env vars:
AIRFLOW_CTX_DAG_OWNER=coder2j
AIRFLOW_CTX_DAG_ID=our_third_dag_v3
AIRFLOW_CTX_TASK_ID=second_task
AIRFLOW_CTX_EXECUTION_DATE=2021-10-23T00:00:00+00:00
AIRFLOW_CTX_DAG_RUN_ID=scheduled__2021-10-23T00:00:00+00:00
[2023-10-01 06:02:48,569] {bash.py:135} INFO - Tmp dir root location: 
 /tmp
[2023-10-01 06:02:48,573] {bash.py:158} INFO - Running command: echo hey, I am task2 and will be running after task1!
[2023-10-01 06:02:48,744] {bash.py:169} INFO - Output:
[2023-10-01 06:02:48,774] {bash.py:173} INFO - hey, I am task2 and will be running after task1!
[2023-10-01 06:02:48,804] {bash.py:177} INFO - Command exited with return code 0
[2023-10-01 06:02:49,086] {taskinstance.py:1166} INFO - Marking task as SUCCESS. dag_id=our_third_dag_v3, task_id=second_task, execution_date=20211023T000000, start_date=20231001T060246, end_date=20231001T060249
[2023-10-01 06:02:49,785] {taskinstance.py:1220} INFO - 0 downstream tasks scheduled from follow-on schedule check
[2023-10-01 06:02:49,929] {local_task_job.py:146} INFO - Task exited with return code 0
