[2023-10-01 05:32:38,949] {taskinstance.py:851} INFO - Dependencies all met for <TaskInstance: our_second_dag_v2.first_task 2021-08-07T00:00:00+00:00 [queued]>
[2023-10-01 05:32:39,199] {taskinstance.py:851} INFO - Dependencies all met for <TaskInstance: our_second_dag_v2.first_task 2021-08-07T00:00:00+00:00 [queued]>
[2023-10-01 05:32:39,206] {taskinstance.py:1042} INFO - 
--------------------------------------------------------------------------------
[2023-10-01 05:32:39,208] {taskinstance.py:1043} INFO - Starting attempt 1 of 6
[2023-10-01 05:32:39,212] {taskinstance.py:1044} INFO - 
--------------------------------------------------------------------------------
[2023-10-01 05:32:39,487] {taskinstance.py:1063} INFO - Executing <Task(BashOperator): first_task> on 2021-08-07T00:00:00+00:00
[2023-10-01 05:32:39,556] {standard_task_runner.py:52} INFO - Started process 1080 to run task
[2023-10-01 05:32:39,702] {standard_task_runner.py:76} INFO - Running: ['airflow', 'tasks', 'run', 'our_second_dag_v2', 'first_task', '2021-08-07T00:00:00+00:00', '--job-id', '123', '--pool', 'default_pool', '--raw', '--subdir', 'DAGS_FOLDER/our_second_dag.py', '--cfg-path', '/tmp/tmp8bw257oa', '--error-file', '/tmp/tmpmnbm7q03']
[2023-10-01 05:32:39,821] {standard_task_runner.py:77} INFO - Job 123: Subtask first_task
[2023-10-01 05:32:43,181] {logging_mixin.py:104} INFO - Running <TaskInstance: our_second_dag_v2.first_task 2021-08-07T00:00:00+00:00 [running]> on host d4ed655215d1
[2023-10-01 05:32:47,260] {taskinstance.py:1257} INFO - Exporting the following env vars:
AIRFLOW_CTX_DAG_OWNER=coder2j
AIRFLOW_CTX_DAG_ID=our_second_dag_v2
AIRFLOW_CTX_TASK_ID=first_task
AIRFLOW_CTX_EXECUTION_DATE=2021-08-07T00:00:00+00:00
AIRFLOW_CTX_DAG_RUN_ID=scheduled__2021-08-07T00:00:00+00:00
[2023-10-01 05:32:47,712] {bash.py:135} INFO - Tmp dir root location: 
 /tmp
[2023-10-01 05:32:47,943] {bash.py:158} INFO - Running command: echo hello world, this is the first task!
[2023-10-01 05:32:49,247] {bash.py:169} INFO - Output:
[2023-10-01 05:32:49,369] {bash.py:173} INFO - hello world, this is the first task!
[2023-10-01 05:32:49,394] {bash.py:177} INFO - Command exited with return code 0
[2023-10-01 05:32:50,861] {taskinstance.py:1166} INFO - Marking task as SUCCESS. dag_id=our_second_dag_v2, task_id=first_task, execution_date=20210807T000000, start_date=20231001T053239, end_date=20231001T053250
[2023-10-01 05:32:53,182] {taskinstance.py:1220} INFO - 1 downstream tasks scheduled from follow-on schedule check
[2023-10-01 05:32:59,089] {local_task_job.py:146} INFO - Task exited with return code 0
