[2023-10-01 05:33:27,214] {taskinstance.py:851} INFO - Dependencies all met for <TaskInstance: our_second_dag_v2.second_task 2021-08-06T00:00:00+00:00 [queued]>
[2023-10-01 05:33:27,594] {taskinstance.py:851} INFO - Dependencies all met for <TaskInstance: our_second_dag_v2.second_task 2021-08-06T00:00:00+00:00 [queued]>
[2023-10-01 05:33:27,632] {taskinstance.py:1042} INFO - 
--------------------------------------------------------------------------------
[2023-10-01 05:33:27,664] {taskinstance.py:1043} INFO - Starting attempt 1 of 6
[2023-10-01 05:33:27,682] {taskinstance.py:1044} INFO - 
--------------------------------------------------------------------------------
[2023-10-01 05:33:28,058] {taskinstance.py:1063} INFO - Executing <Task(BashOperator): second_task> on 2021-08-06T00:00:00+00:00
[2023-10-01 05:33:28,258] {standard_task_runner.py:52} INFO - Started process 1153 to run task
[2023-10-01 05:33:28,361] {standard_task_runner.py:76} INFO - Running: ['airflow', 'tasks', 'run', 'our_second_dag_v2', 'second_task', '2021-08-06T00:00:00+00:00', '--job-id', '138', '--pool', 'default_pool', '--raw', '--subdir', 'DAGS_FOLDER/our_second_dag.py', '--cfg-path', '/tmp/tmpe3t1f42h', '--error-file', '/tmp/tmp9qmnzgvy']
[2023-10-01 05:33:28,381] {standard_task_runner.py:77} INFO - Job 138: Subtask second_task
[2023-10-01 05:33:28,987] {logging_mixin.py:104} INFO - Running <TaskInstance: our_second_dag_v2.second_task 2021-08-06T00:00:00+00:00 [running]> on host d4ed655215d1
[2023-10-01 05:33:29,521] {taskinstance.py:1257} INFO - Exporting the following env vars:
AIRFLOW_CTX_DAG_OWNER=coder2j
AIRFLOW_CTX_DAG_ID=our_second_dag_v2
AIRFLOW_CTX_TASK_ID=second_task
AIRFLOW_CTX_EXECUTION_DATE=2021-08-06T00:00:00+00:00
AIRFLOW_CTX_DAG_RUN_ID=scheduled__2021-08-06T00:00:00+00:00
[2023-10-01 05:33:29,526] {bash.py:135} INFO - Tmp dir root location: 
 /tmp
[2023-10-01 05:33:29,539] {bash.py:158} INFO - Running command: echo hey, I am task2 and will be running after task1!
[2023-10-01 05:33:29,695] {bash.py:169} INFO - Output:
[2023-10-01 05:33:29,735] {bash.py:173} INFO - hey, I am task2 and will be running after task1!
[2023-10-01 05:33:29,750] {bash.py:177} INFO - Command exited with return code 0
[2023-10-01 05:33:30,047] {taskinstance.py:1166} INFO - Marking task as SUCCESS. dag_id=our_second_dag_v2, task_id=second_task, execution_date=20210806T000000, start_date=20231001T053327, end_date=20231001T053330
[2023-10-01 05:33:30,376] {taskinstance.py:1220} INFO - 0 downstream tasks scheduled from follow-on schedule check
[2023-10-01 05:33:30,537] {local_task_job.py:146} INFO - Task exited with return code 0
