[2023-10-01 07:53:44,462] {taskinstance.py:851} INFO - Dependencies all met for <TaskInstance: our_seventh_dag_v7.get_name 2022-10-31T00:00:00+00:00 [queued]>
[2023-10-01 07:53:44,565] {taskinstance.py:851} INFO - Dependencies all met for <TaskInstance: our_seventh_dag_v7.get_name 2022-10-31T00:00:00+00:00 [queued]>
[2023-10-01 07:53:44,567] {taskinstance.py:1042} INFO - 
--------------------------------------------------------------------------------
[2023-10-01 07:53:44,569] {taskinstance.py:1043} INFO - Starting attempt 1 of 6
[2023-10-01 07:53:44,571] {taskinstance.py:1044} INFO - 
--------------------------------------------------------------------------------
[2023-10-01 07:53:44,621] {taskinstance.py:1063} INFO - Executing <Task(PythonOperator): get_name> on 2022-10-31T00:00:00+00:00
[2023-10-01 07:53:44,645] {standard_task_runner.py:52} INFO - Started process 22808 to run task
[2023-10-01 07:53:44,750] {standard_task_runner.py:76} INFO - Running: ['airflow', 'tasks', 'run', 'our_seventh_dag_v7', 'get_name', '2022-10-31T00:00:00+00:00', '--job-id', '2248', '--pool', 'default_pool', '--raw', '--subdir', 'DAGS_FOLDER/our_seventh_dag.py', '--cfg-path', '/tmp/tmps82doywg', '--error-file', '/tmp/tmpic8y77yf']
[2023-10-01 07:53:44,795] {standard_task_runner.py:77} INFO - Job 2248: Subtask get_name
[2023-10-01 07:53:45,066] {logging_mixin.py:104} INFO - Running <TaskInstance: our_seventh_dag_v7.get_name 2022-10-31T00:00:00+00:00 [running]> on host d4ed655215d1
[2023-10-01 07:53:45,311] {taskinstance.py:1257} INFO - Exporting the following env vars:
AIRFLOW_CTX_DAG_OWNER=svastikkka
AIRFLOW_CTX_DAG_ID=our_seventh_dag_v7
AIRFLOW_CTX_TASK_ID=get_name
AIRFLOW_CTX_EXECUTION_DATE=2022-10-31T00:00:00+00:00
AIRFLOW_CTX_DAG_RUN_ID=scheduled__2022-10-31T00:00:00+00:00
[2023-10-01 07:53:45,448] {python.py:118} INFO - Done. Returned value was: None
[2023-10-01 07:53:45,492] {taskinstance.py:1166} INFO - Marking task as SUCCESS. dag_id=our_seventh_dag_v7, task_id=get_name, execution_date=20221031T000000, start_date=20231001T075344, end_date=20231001T075345
[2023-10-01 07:53:45,668] {taskinstance.py:1220} INFO - 1 downstream tasks scheduled from follow-on schedule check
[2023-10-01 07:53:45,774] {local_task_job.py:146} INFO - Task exited with return code 0
