[2023-10-01 07:33:24,570] {taskinstance.py:851} INFO - Dependencies all met for <TaskInstance: our_seventh_dag_v7.get_name 2021-07-30T00:00:00+00:00 [queued]>
[2023-10-01 07:33:25,646] {taskinstance.py:851} INFO - Dependencies all met for <TaskInstance: our_seventh_dag_v7.get_name 2021-07-30T00:00:00+00:00 [queued]>
[2023-10-01 07:33:25,649] {taskinstance.py:1042} INFO - 
--------------------------------------------------------------------------------
[2023-10-01 07:33:25,651] {taskinstance.py:1043} INFO - Starting attempt 1 of 6
[2023-10-01 07:33:25,653] {taskinstance.py:1044} INFO - 
--------------------------------------------------------------------------------
[2023-10-01 07:33:25,875] {taskinstance.py:1063} INFO - Executing <Task(PythonOperator): get_name> on 2021-07-30T00:00:00+00:00
[2023-10-01 07:33:26,046] {standard_task_runner.py:52} INFO - Started process 17832 to run task
[2023-10-01 07:33:26,229] {standard_task_runner.py:76} INFO - Running: ['airflow', 'tasks', 'run', 'our_seventh_dag_v7', 'get_name', '2021-07-30T00:00:00+00:00', '--job-id', '1326', '--pool', 'default_pool', '--raw', '--subdir', 'DAGS_FOLDER/our_seventh_dag.py', '--cfg-path', '/tmp/tmpqxyi0nvf', '--error-file', '/tmp/tmpruc0yzqg']
[2023-10-01 07:33:26,377] {standard_task_runner.py:77} INFO - Job 1326: Subtask get_name
[2023-10-01 07:33:27,695] {logging_mixin.py:104} INFO - Running <TaskInstance: our_seventh_dag_v7.get_name 2021-07-30T00:00:00+00:00 [running]> on host d4ed655215d1
[2023-10-01 07:33:38,513] {taskinstance.py:1257} INFO - Exporting the following env vars:
AIRFLOW_CTX_DAG_OWNER=svastikkka
AIRFLOW_CTX_DAG_ID=our_seventh_dag_v7
AIRFLOW_CTX_TASK_ID=get_name
AIRFLOW_CTX_EXECUTION_DATE=2021-07-30T00:00:00+00:00
AIRFLOW_CTX_DAG_RUN_ID=scheduled__2021-07-30T00:00:00+00:00
[2023-10-01 07:33:44,024] {python.py:118} INFO - Done. Returned value was: None
[2023-10-01 07:33:48,618] {taskinstance.py:1166} INFO - Marking task as SUCCESS. dag_id=our_seventh_dag_v7, task_id=get_name, execution_date=20210730T000000, start_date=20231001T073324, end_date=20231001T073348
[2023-10-01 07:33:52,921] {local_task_job.py:188} WARNING - State of this instance has been externally set to success. Terminating instance.
[2023-10-01 07:33:53,281] {process_utils.py:100} INFO - Sending Signals.SIGTERM to GPID 17832
[2023-10-01 07:33:53,340] {taskinstance.py:1239} ERROR - Received SIGTERM. Terminating subprocesses.
[2023-10-01 07:33:53,853] {process_utils.py:66} INFO - Process psutil.Process(pid=17832, status='terminated', exitcode=1, started='07:33:26') (17832) terminated with exit code 1
