[2023-10-01 07:54:38,635] {taskinstance.py:851} INFO - Dependencies all met for <TaskInstance: our_seventh_dag_v7.greet 2022-11-23T00:00:00+00:00 [queued]>
[2023-10-01 07:54:39,071] {taskinstance.py:851} INFO - Dependencies all met for <TaskInstance: our_seventh_dag_v7.greet 2022-11-23T00:00:00+00:00 [queued]>
[2023-10-01 07:54:39,074] {taskinstance.py:1042} INFO - 
--------------------------------------------------------------------------------
[2023-10-01 07:54:39,079] {taskinstance.py:1043} INFO - Starting attempt 1 of 6
[2023-10-01 07:54:39,081] {taskinstance.py:1044} INFO - 
--------------------------------------------------------------------------------
[2023-10-01 07:54:39,554] {taskinstance.py:1063} INFO - Executing <Task(PythonOperator): greet> on 2022-11-23T00:00:00+00:00
[2023-10-01 07:54:39,698] {standard_task_runner.py:52} INFO - Started process 23075 to run task
[2023-10-01 07:54:40,036] {standard_task_runner.py:76} INFO - Running: ['airflow', 'tasks', 'run', 'our_seventh_dag_v7', 'greet', '2022-11-23T00:00:00+00:00', '--job-id', '2302', '--pool', 'default_pool', '--raw', '--subdir', 'DAGS_FOLDER/our_seventh_dag.py', '--cfg-path', '/tmp/tmpe_4y224k', '--error-file', '/tmp/tmpr2sy3c2w']
[2023-10-01 07:54:40,387] {standard_task_runner.py:77} INFO - Job 2302: Subtask greet
[2023-10-01 07:54:40,882] {logging_mixin.py:104} INFO - Running <TaskInstance: our_seventh_dag_v7.greet 2022-11-23T00:00:00+00:00 [running]> on host d4ed655215d1
[2023-10-01 07:54:41,520] {taskinstance.py:1257} INFO - Exporting the following env vars:
AIRFLOW_CTX_DAG_OWNER=svastikkka
AIRFLOW_CTX_DAG_ID=our_seventh_dag_v7
AIRFLOW_CTX_TASK_ID=greet
AIRFLOW_CTX_EXECUTION_DATE=2022-11-23T00:00:00+00:00
AIRFLOW_CTX_DAG_RUN_ID=scheduled__2022-11-23T00:00:00+00:00
[2023-10-01 07:54:41,607] {logging_mixin.py:104} INFO - Hello My name is Manshu Sharma and I am 26 years old.
[2023-10-01 07:54:41,609] {python.py:118} INFO - Done. Returned value was: None
[2023-10-01 07:54:41,712] {taskinstance.py:1166} INFO - Marking task as SUCCESS. dag_id=our_seventh_dag_v7, task_id=greet, execution_date=20221123T000000, start_date=20231001T075438, end_date=20231001T075441
[2023-10-01 07:54:42,496] {taskinstance.py:1220} INFO - 0 downstream tasks scheduled from follow-on schedule check
[2023-10-01 07:54:42,712] {local_task_job.py:146} INFO - Task exited with return code 0
