[2023-10-01 06:16:18,435] {taskinstance.py:851} INFO - Dependencies all met for <TaskInstance: our_fourth_dag_v4.second_task 2021-11-12T00:00:00+00:00 [queued]>
[2023-10-01 06:16:18,854] {taskinstance.py:851} INFO - Dependencies all met for <TaskInstance: our_fourth_dag_v4.second_task 2021-11-12T00:00:00+00:00 [queued]>
[2023-10-01 06:16:18,880] {taskinstance.py:1042} INFO - 
--------------------------------------------------------------------------------
[2023-10-01 06:16:18,889] {taskinstance.py:1043} INFO - Starting attempt 1 of 6
[2023-10-01 06:16:18,902] {taskinstance.py:1044} INFO - 
--------------------------------------------------------------------------------
[2023-10-01 06:16:19,335] {taskinstance.py:1063} INFO - Executing <Task(BashOperator): second_task> on 2021-11-12T00:00:00+00:00
[2023-10-01 06:16:19,581] {standard_task_runner.py:52} INFO - Started process 5522 to run task
[2023-10-01 06:16:19,954] {standard_task_runner.py:76} INFO - Running: ['airflow', 'tasks', 'run', 'our_fourth_dag_v4', 'second_task', '2021-11-12T00:00:00+00:00', '--job-id', '751', '--pool', 'default_pool', '--raw', '--subdir', 'DAGS_FOLDER/our_fourth_dag.py', '--cfg-path', '/tmp/tmp65vxkym2', '--error-file', '/tmp/tmphpgdetp7']
[2023-10-01 06:16:20,142] {standard_task_runner.py:77} INFO - Job 751: Subtask second_task
[2023-10-01 06:16:21,384] {logging_mixin.py:104} INFO - Running <TaskInstance: our_fourth_dag_v4.second_task 2021-11-12T00:00:00+00:00 [running]> on host d4ed655215d1
[2023-10-01 06:16:22,942] {taskinstance.py:1257} INFO - Exporting the following env vars:
AIRFLOW_CTX_DAG_OWNER=svastikkka
AIRFLOW_CTX_DAG_ID=our_fourth_dag_v4
AIRFLOW_CTX_TASK_ID=second_task
AIRFLOW_CTX_EXECUTION_DATE=2021-11-12T00:00:00+00:00
AIRFLOW_CTX_DAG_RUN_ID=scheduled__2021-11-12T00:00:00+00:00
[2023-10-01 06:16:22,952] {bash.py:135} INFO - Tmp dir root location: 
 /tmp
[2023-10-01 06:16:23,055] {bash.py:158} INFO - Running command: echo hey, I am task2 and will be running after task1!
[2023-10-01 06:16:24,427] {bash.py:169} INFO - Output:
[2023-10-01 06:16:24,569] {bash.py:173} INFO - hey, I am task2 and will be running after task1!
[2023-10-01 06:16:24,572] {bash.py:177} INFO - Command exited with return code 0
[2023-10-01 06:16:26,108] {taskinstance.py:1166} INFO - Marking task as SUCCESS. dag_id=our_fourth_dag_v4, task_id=second_task, execution_date=20211112T000000, start_date=20231001T061618, end_date=20231001T061626
[2023-10-01 06:16:33,803] {local_task_job.py:188} WARNING - State of this instance has been externally set to success. Terminating instance.
[2023-10-01 06:16:34,101] {process_utils.py:100} INFO - Sending Signals.SIGTERM to GPID 5522
[2023-10-01 06:16:34,271] {taskinstance.py:1239} ERROR - Received SIGTERM. Terminating subprocesses.
[2023-10-01 06:16:34,295] {bash.py:185} INFO - Sending SIGTERM signal to bash process group
[2023-10-01 06:16:35,446] {process_utils.py:66} INFO - Process psutil.Process(pid=5522, status='terminated', exitcode=1, started='06:16:19') (5522) terminated with exit code 1
