[2023-10-01 07:40:26,977] {taskinstance.py:851} INFO - Dependencies all met for <TaskInstance: our_seventh_dag_v7.get_name 2021-10-16T00:00:00+00:00 [queued]>
[2023-10-01 07:40:27,162] {taskinstance.py:851} INFO - Dependencies all met for <TaskInstance: our_seventh_dag_v7.get_name 2021-10-16T00:00:00+00:00 [queued]>
[2023-10-01 07:40:27,163] {taskinstance.py:1042} INFO - 
--------------------------------------------------------------------------------
[2023-10-01 07:40:27,165] {taskinstance.py:1043} INFO - Starting attempt 1 of 6
[2023-10-01 07:40:27,190] {taskinstance.py:1044} INFO - 
--------------------------------------------------------------------------------
[2023-10-01 07:40:27,294] {taskinstance.py:1063} INFO - Executing <Task(PythonOperator): get_name> on 2021-10-16T00:00:00+00:00
[2023-10-01 07:40:27,321] {standard_task_runner.py:52} INFO - Started process 19003 to run task
[2023-10-01 07:40:27,370] {standard_task_runner.py:76} INFO - Running: ['airflow', 'tasks', 'run', 'our_seventh_dag_v7', 'get_name', '2021-10-16T00:00:00+00:00', '--job-id', '1489', '--pool', 'default_pool', '--raw', '--subdir', 'DAGS_FOLDER/our_seventh_dag.py', '--cfg-path', '/tmp/tmpheo51ssj', '--error-file', '/tmp/tmp2rcz039t']
[2023-10-01 07:40:27,403] {standard_task_runner.py:77} INFO - Job 1489: Subtask get_name
[2023-10-01 07:40:27,614] {logging_mixin.py:104} INFO - Running <TaskInstance: our_seventh_dag_v7.get_name 2021-10-16T00:00:00+00:00 [running]> on host d4ed655215d1
[2023-10-01 07:40:27,924] {taskinstance.py:1257} INFO - Exporting the following env vars:
AIRFLOW_CTX_DAG_OWNER=svastikkka
AIRFLOW_CTX_DAG_ID=our_seventh_dag_v7
AIRFLOW_CTX_TASK_ID=get_name
AIRFLOW_CTX_EXECUTION_DATE=2021-10-16T00:00:00+00:00
AIRFLOW_CTX_DAG_RUN_ID=scheduled__2021-10-16T00:00:00+00:00
[2023-10-01 07:40:28,098] {python.py:118} INFO - Done. Returned value was: None
[2023-10-01 07:40:28,171] {taskinstance.py:1166} INFO - Marking task as SUCCESS. dag_id=our_seventh_dag_v7, task_id=get_name, execution_date=20211016T000000, start_date=20231001T074026, end_date=20231001T074028
[2023-10-01 07:40:29,074] {taskinstance.py:1220} INFO - 0 downstream tasks scheduled from follow-on schedule check
[2023-10-01 07:40:29,196] {local_task_job.py:146} INFO - Task exited with return code 0
