[2023-10-01 08:07:41,987] {taskinstance.py:851} INFO - Dependencies all met for <TaskInstance: our_eight_dag_v8.greet 2021-08-05T00:00:00+00:00 [queued]>
[2023-10-01 08:07:42,454] {taskinstance.py:851} INFO - Dependencies all met for <TaskInstance: our_eight_dag_v8.greet 2021-08-05T00:00:00+00:00 [queued]>
[2023-10-01 08:07:42,461] {taskinstance.py:1042} INFO - 
--------------------------------------------------------------------------------
[2023-10-01 08:07:42,467] {taskinstance.py:1043} INFO - Starting attempt 1 of 6
[2023-10-01 08:07:42,478] {taskinstance.py:1044} INFO - 
--------------------------------------------------------------------------------
[2023-10-01 08:07:43,590] {taskinstance.py:1063} INFO - Executing <Task(PythonOperator): greet> on 2021-08-05T00:00:00+00:00
[2023-10-01 08:07:44,403] {standard_task_runner.py:52} INFO - Started process 24724 to run task
[2023-10-01 08:07:44,856] {standard_task_runner.py:76} INFO - Running: ['airflow', 'tasks', 'run', 'our_eight_dag_v8', 'greet', '2021-08-05T00:00:00+00:00', '--job-id', '2454', '--pool', 'default_pool', '--raw', '--subdir', 'DAGS_FOLDER/our_eight_dag.py', '--cfg-path', '/tmp/tmpc902c2dr', '--error-file', '/tmp/tmpw1m83oda']
[2023-10-01 08:07:45,272] {standard_task_runner.py:77} INFO - Job 2454: Subtask greet
[2023-10-01 08:07:46,191] {logging_mixin.py:104} INFO - Running <TaskInstance: our_eight_dag_v8.greet 2021-08-05T00:00:00+00:00 [running]> on host d4ed655215d1
[2023-10-01 08:07:48,609] {taskinstance.py:1257} INFO - Exporting the following env vars:
AIRFLOW_CTX_DAG_OWNER=svastikkka
AIRFLOW_CTX_DAG_ID=our_eight_dag_v8
AIRFLOW_CTX_TASK_ID=greet
AIRFLOW_CTX_EXECUTION_DATE=2021-08-05T00:00:00+00:00
AIRFLOW_CTX_DAG_RUN_ID=scheduled__2021-08-05T00:00:00+00:00
[2023-10-01 08:07:49,236] {logging_mixin.py:104} INFO - Hello My name is Manshu Sharma and I am 21 years old.
[2023-10-01 08:07:49,246] {python.py:118} INFO - Done. Returned value was: None
[2023-10-01 08:07:49,617] {taskinstance.py:1166} INFO - Marking task as SUCCESS. dag_id=our_eight_dag_v8, task_id=greet, execution_date=20210805T000000, start_date=20231001T080742, end_date=20231001T080749
[2023-10-01 08:07:50,581] {taskinstance.py:1220} INFO - 0 downstream tasks scheduled from follow-on schedule check
[2023-10-01 08:07:51,616] {local_task_job.py:146} INFO - Task exited with return code 0
