[2023-10-01 07:59:22,564] {taskinstance.py:851} INFO - Dependencies all met for <TaskInstance: our_seventh_dag_v7.greet 2023-01-17T00:00:00+00:00 [queued]>
[2023-10-01 07:59:23,061] {taskinstance.py:851} INFO - Dependencies all met for <TaskInstance: our_seventh_dag_v7.greet 2023-01-17T00:00:00+00:00 [queued]>
[2023-10-01 07:59:23,064] {taskinstance.py:1042} INFO - 
--------------------------------------------------------------------------------
[2023-10-01 07:59:23,079] {taskinstance.py:1043} INFO - Starting attempt 1 of 6
[2023-10-01 07:59:23,094] {taskinstance.py:1044} INFO - 
--------------------------------------------------------------------------------
[2023-10-01 07:59:23,297] {taskinstance.py:1063} INFO - Executing <Task(PythonOperator): greet> on 2023-01-17T00:00:00+00:00
[2023-10-01 07:59:23,621] {standard_task_runner.py:52} INFO - Started process 23929 to run task
[2023-10-01 07:59:23,853] {standard_task_runner.py:76} INFO - Running: ['airflow', 'tasks', 'run', 'our_seventh_dag_v7', 'greet', '2023-01-17T00:00:00+00:00', '--job-id', '2412', '--pool', 'default_pool', '--raw', '--subdir', 'DAGS_FOLDER/our_seventh_dag.py', '--cfg-path', '/tmp/tmp6t44lpxm', '--error-file', '/tmp/tmp_v7dmmgp']
[2023-10-01 07:59:24,069] {standard_task_runner.py:77} INFO - Job 2412: Subtask greet
[2023-10-01 07:59:26,151] {logging_mixin.py:104} INFO - Running <TaskInstance: our_seventh_dag_v7.greet 2023-01-17T00:00:00+00:00 [running]> on host d4ed655215d1
[2023-10-01 07:59:27,475] {taskinstance.py:1257} INFO - Exporting the following env vars:
AIRFLOW_CTX_DAG_OWNER=svastikkka
AIRFLOW_CTX_DAG_ID=our_seventh_dag_v7
AIRFLOW_CTX_TASK_ID=greet
AIRFLOW_CTX_EXECUTION_DATE=2023-01-17T00:00:00+00:00
AIRFLOW_CTX_DAG_RUN_ID=scheduled__2023-01-17T00:00:00+00:00
[2023-10-01 07:59:27,853] {logging_mixin.py:104} INFO - Hello My name is Manshu Sharma and I am 26 years old.
[2023-10-01 07:59:27,859] {python.py:118} INFO - Done. Returned value was: None
[2023-10-01 07:59:28,107] {taskinstance.py:1166} INFO - Marking task as SUCCESS. dag_id=our_seventh_dag_v7, task_id=greet, execution_date=20230117T000000, start_date=20231001T075922, end_date=20231001T075928
[2023-10-01 07:59:31,177] {taskinstance.py:1220} INFO - 0 downstream tasks scheduled from follow-on schedule check
[2023-10-01 07:59:32,490] {local_task_job.py:188} WARNING - State of this instance has been externally set to success. Terminating instance.
[2023-10-01 07:59:32,537] {process_utils.py:100} INFO - Sending Signals.SIGTERM to GPID 23929
[2023-10-01 07:59:32,961] {process_utils.py:66} INFO - Process psutil.Process(pid=23929, status='terminated', exitcode=0, started='07:59:22') (23929) terminated with exit code 0
