[2023-10-01 06:13:56,267] {taskinstance.py:851} INFO - Dependencies all met for <TaskInstance: our_fourth_dag_v4.first_task 2021-10-18T00:00:00+00:00 [queued]>
[2023-10-01 06:13:56,846] {taskinstance.py:851} INFO - Dependencies all met for <TaskInstance: our_fourth_dag_v4.first_task 2021-10-18T00:00:00+00:00 [queued]>
[2023-10-01 06:13:56,851] {taskinstance.py:1042} INFO - 
--------------------------------------------------------------------------------
[2023-10-01 06:13:56,854] {taskinstance.py:1043} INFO - Starting attempt 1 of 6
[2023-10-01 06:13:56,858] {taskinstance.py:1044} INFO - 
--------------------------------------------------------------------------------
[2023-10-01 06:13:57,013] {taskinstance.py:1063} INFO - Executing <Task(BashOperator): first_task> on 2021-10-18T00:00:00+00:00
[2023-10-01 06:13:57,175] {standard_task_runner.py:52} INFO - Started process 5079 to run task
[2023-10-01 06:13:57,326] {standard_task_runner.py:76} INFO - Running: ['airflow', 'tasks', 'run', 'our_fourth_dag_v4', 'first_task', '2021-10-18T00:00:00+00:00', '--job-id', '666', '--pool', 'default_pool', '--raw', '--subdir', 'DAGS_FOLDER/our_fourth_dag.py', '--cfg-path', '/tmp/tmpcyc8xvmo', '--error-file', '/tmp/tmp45456d6f']
[2023-10-01 06:13:57,447] {standard_task_runner.py:77} INFO - Job 666: Subtask first_task
[2023-10-01 06:13:59,401] {logging_mixin.py:104} INFO - Running <TaskInstance: our_fourth_dag_v4.first_task 2021-10-18T00:00:00+00:00 [running]> on host d4ed655215d1
[2023-10-01 06:14:00,605] {taskinstance.py:1257} INFO - Exporting the following env vars:
AIRFLOW_CTX_DAG_OWNER=svastikkka
AIRFLOW_CTX_DAG_ID=our_fourth_dag_v4
AIRFLOW_CTX_TASK_ID=first_task
AIRFLOW_CTX_EXECUTION_DATE=2021-10-18T00:00:00+00:00
AIRFLOW_CTX_DAG_RUN_ID=scheduled__2021-10-18T00:00:00+00:00
[2023-10-01 06:14:00,617] {bash.py:135} INFO - Tmp dir root location: 
 /tmp
[2023-10-01 06:14:00,645] {bash.py:158} INFO - Running command: echo hello world, this is the first task!
[2023-10-01 06:14:00,884] {bash.py:169} INFO - Output:
[2023-10-01 06:14:00,950] {bash.py:173} INFO - hello world, this is the first task!
[2023-10-01 06:14:00,965] {bash.py:177} INFO - Command exited with return code 0
[2023-10-01 06:14:01,506] {taskinstance.py:1166} INFO - Marking task as SUCCESS. dag_id=our_fourth_dag_v4, task_id=first_task, execution_date=20211018T000000, start_date=20231001T061356, end_date=20231001T061401
[2023-10-01 06:14:02,657] {taskinstance.py:1220} INFO - 2 downstream tasks scheduled from follow-on schedule check
[2023-10-01 06:14:02,739] {local_task_job.py:188} WARNING - State of this instance has been externally set to success. Terminating instance.
[2023-10-01 06:14:02,918] {process_utils.py:100} INFO - Sending Signals.SIGTERM to GPID 5079
[2023-10-01 06:14:02,943] {process_utils.py:66} INFO - Process psutil.Process(pid=5079, status='terminated', exitcode=0, started='06:13:56') (5079) terminated with exit code 0
