[2023-10-01 05:03:34,809] {taskinstance.py:851} INFO - Dependencies all met for <TaskInstance: our_first_dag_v1.first_task 2021-09-29T00:00:00+00:00 [queued]>
[2023-10-01 05:03:34,971] {taskinstance.py:851} INFO - Dependencies all met for <TaskInstance: our_first_dag_v1.first_task 2021-09-29T00:00:00+00:00 [queued]>
[2023-10-01 05:03:34,973] {taskinstance.py:1042} INFO - 
--------------------------------------------------------------------------------
[2023-10-01 05:03:34,981] {taskinstance.py:1043} INFO - Starting attempt 1 of 6
[2023-10-01 05:03:34,985] {taskinstance.py:1044} INFO - 
--------------------------------------------------------------------------------
[2023-10-01 05:03:35,099] {taskinstance.py:1063} INFO - Executing <Task(BashOperator): first_task> on 2021-09-29T00:00:00+00:00
[2023-10-01 05:03:35,135] {standard_task_runner.py:52} INFO - Started process 1204 to run task
[2023-10-01 05:03:35,208] {standard_task_runner.py:76} INFO - Running: ['airflow', 'tasks', 'run', 'our_first_dag_v1', 'first_task', '2021-09-29T00:00:00+00:00', '--job-id', '153', '--pool', 'default_pool', '--raw', '--subdir', 'DAGS_FOLDER/our_first_dag.py', '--cfg-path', '/tmp/tmphdjml4fj', '--error-file', '/tmp/tmpho__fij_']
[2023-10-01 05:03:35,246] {standard_task_runner.py:77} INFO - Job 153: Subtask first_task
[2023-10-01 05:03:35,757] {logging_mixin.py:104} INFO - Running <TaskInstance: our_first_dag_v1.first_task 2021-09-29T00:00:00+00:00 [running]> on host c25e1f8124bc
[2023-10-01 05:03:36,159] {taskinstance.py:1257} INFO - Exporting the following env vars:
AIRFLOW_CTX_DAG_OWNER=coder2j
AIRFLOW_CTX_DAG_ID=our_first_dag_v1
AIRFLOW_CTX_TASK_ID=first_task
AIRFLOW_CTX_EXECUTION_DATE=2021-09-29T00:00:00+00:00
AIRFLOW_CTX_DAG_RUN_ID=scheduled__2021-09-29T00:00:00+00:00
[2023-10-01 05:03:36,181] {bash.py:135} INFO - Tmp dir root location: 
 /tmp
[2023-10-01 05:03:36,185] {bash.py:158} INFO - Running command: echo hello world, this is the first task!
[2023-10-01 05:03:36,359] {bash.py:169} INFO - Output:
[2023-10-01 05:03:36,396] {bash.py:173} INFO - hello world, this is the first task!
[2023-10-01 05:03:36,400] {bash.py:177} INFO - Command exited with return code 0
[2023-10-01 05:03:36,648] {taskinstance.py:1166} INFO - Marking task as SUCCESS. dag_id=our_first_dag_v1, task_id=first_task, execution_date=20210929T000000, start_date=20231001T050334, end_date=20231001T050336
[2023-10-01 05:03:37,371] {taskinstance.py:1220} INFO - 0 downstream tasks scheduled from follow-on schedule check
[2023-10-01 05:03:37,526] {local_task_job.py:146} INFO - Task exited with return code 0
[2023-10-01 05:19:47,208] {taskinstance.py:851} INFO - Dependencies all met for <TaskInstance: our_first_dag_v1.first_task 2021-09-29T00:00:00+00:00 [queued]>
[2023-10-01 05:19:47,412] {taskinstance.py:851} INFO - Dependencies all met for <TaskInstance: our_first_dag_v1.first_task 2021-09-29T00:00:00+00:00 [queued]>
[2023-10-01 05:19:47,417] {taskinstance.py:1042} INFO - 
--------------------------------------------------------------------------------
[2023-10-01 05:19:47,427] {taskinstance.py:1043} INFO - Starting attempt 1 of 6
[2023-10-01 05:19:47,429] {taskinstance.py:1044} INFO - 
--------------------------------------------------------------------------------
[2023-10-01 05:19:47,518] {taskinstance.py:1063} INFO - Executing <Task(BashOperator): first_task> on 2021-09-29T00:00:00+00:00
[2023-10-01 05:19:47,554] {standard_task_runner.py:52} INFO - Started process 438 to run task
[2023-10-01 05:19:47,567] {standard_task_runner.py:76} INFO - Running: ['airflow', 'tasks', 'run', 'our_first_dag_v1', 'first_task', '2021-09-29T00:00:00+00:00', '--job-id', '63', '--pool', 'default_pool', '--raw', '--subdir', 'DAGS_FOLDER/our_first_dag.py', '--cfg-path', '/tmp/tmpf2remjdh', '--error-file', '/tmp/tmpq64dhi1n']
[2023-10-01 05:19:47,665] {standard_task_runner.py:77} INFO - Job 63: Subtask first_task
[2023-10-01 05:19:48,310] {logging_mixin.py:104} INFO - Running <TaskInstance: our_first_dag_v1.first_task 2021-09-29T00:00:00+00:00 [running]> on host d4ed655215d1
[2023-10-01 05:19:48,877] {taskinstance.py:1257} INFO - Exporting the following env vars:
AIRFLOW_CTX_DAG_OWNER=coder2j
AIRFLOW_CTX_DAG_ID=our_first_dag_v1
AIRFLOW_CTX_TASK_ID=first_task
AIRFLOW_CTX_EXECUTION_DATE=2021-09-29T00:00:00+00:00
AIRFLOW_CTX_DAG_RUN_ID=scheduled__2021-09-29T00:00:00+00:00
[2023-10-01 05:19:48,882] {bash.py:135} INFO - Tmp dir root location: 
 /tmp
[2023-10-01 05:19:48,885] {bash.py:158} INFO - Running command: echo hello world, this is the first task!
[2023-10-01 05:19:49,010] {bash.py:169} INFO - Output:
[2023-10-01 05:19:49,028] {bash.py:173} INFO - hello world, this is the first task!
[2023-10-01 05:19:49,046] {bash.py:177} INFO - Command exited with return code 0
[2023-10-01 05:19:49,306] {taskinstance.py:1166} INFO - Marking task as SUCCESS. dag_id=our_first_dag_v1, task_id=first_task, execution_date=20210929T000000, start_date=20231001T051947, end_date=20231001T051949
[2023-10-01 05:19:49,640] {taskinstance.py:1220} INFO - 0 downstream tasks scheduled from follow-on schedule check
[2023-10-01 05:19:49,720] {local_task_job.py:146} INFO - Task exited with return code 0
