[2023-10-01 07:40:23,081] {taskinstance.py:851} INFO - Dependencies all met for <TaskInstance: our_seventh_dag_v7.get_name 2021-10-14T00:00:00+00:00 [queued]>
[2023-10-01 07:40:23,201] {taskinstance.py:851} INFO - Dependencies all met for <TaskInstance: our_seventh_dag_v7.get_name 2021-10-14T00:00:00+00:00 [queued]>
[2023-10-01 07:40:23,203] {taskinstance.py:1042} INFO - 
--------------------------------------------------------------------------------
[2023-10-01 07:40:23,205] {taskinstance.py:1043} INFO - Starting attempt 1 of 6
[2023-10-01 07:40:23,206] {taskinstance.py:1044} INFO - 
--------------------------------------------------------------------------------
[2023-10-01 07:40:23,373] {taskinstance.py:1063} INFO - Executing <Task(PythonOperator): get_name> on 2021-10-14T00:00:00+00:00
[2023-10-01 07:40:23,428] {standard_task_runner.py:52} INFO - Started process 18992 to run task
[2023-10-01 07:40:23,525] {standard_task_runner.py:76} INFO - Running: ['airflow', 'tasks', 'run', 'our_seventh_dag_v7', 'get_name', '2021-10-14T00:00:00+00:00', '--job-id', '1484', '--pool', 'default_pool', '--raw', '--subdir', 'DAGS_FOLDER/our_seventh_dag.py', '--cfg-path', '/tmp/tmpuogfgmon', '--error-file', '/tmp/tmpn592b0_b']
[2023-10-01 07:40:23,580] {standard_task_runner.py:77} INFO - Job 1484: Subtask get_name
[2023-10-01 07:40:24,186] {logging_mixin.py:104} INFO - Running <TaskInstance: our_seventh_dag_v7.get_name 2021-10-14T00:00:00+00:00 [running]> on host d4ed655215d1
[2023-10-01 07:40:24,777] {taskinstance.py:1257} INFO - Exporting the following env vars:
AIRFLOW_CTX_DAG_OWNER=svastikkka
AIRFLOW_CTX_DAG_ID=our_seventh_dag_v7
AIRFLOW_CTX_TASK_ID=get_name
AIRFLOW_CTX_EXECUTION_DATE=2021-10-14T00:00:00+00:00
AIRFLOW_CTX_DAG_RUN_ID=scheduled__2021-10-14T00:00:00+00:00
[2023-10-01 07:40:25,130] {python.py:118} INFO - Done. Returned value was: None
[2023-10-01 07:40:25,213] {taskinstance.py:1166} INFO - Marking task as SUCCESS. dag_id=our_seventh_dag_v7, task_id=get_name, execution_date=20211014T000000, start_date=20231001T074023, end_date=20231001T074025
[2023-10-01 07:40:26,122] {taskinstance.py:1220} INFO - 0 downstream tasks scheduled from follow-on schedule check
[2023-10-01 07:40:26,273] {local_task_job.py:146} INFO - Task exited with return code 0
