[2023-10-01 07:36:45,191] {taskinstance.py:851} INFO - Dependencies all met for <TaskInstance: our_seventh_dag_v7.greet 2021-08-06T00:00:00+00:00 [queued]>
[2023-10-01 07:36:45,268] {taskinstance.py:851} INFO - Dependencies all met for <TaskInstance: our_seventh_dag_v7.greet 2021-08-06T00:00:00+00:00 [queued]>
[2023-10-01 07:36:45,270] {taskinstance.py:1042} INFO - 
--------------------------------------------------------------------------------
[2023-10-01 07:36:45,272] {taskinstance.py:1043} INFO - Starting attempt 2 of 6
[2023-10-01 07:36:45,275] {taskinstance.py:1044} INFO - 
--------------------------------------------------------------------------------
[2023-10-01 07:36:45,385] {taskinstance.py:1063} INFO - Executing <Task(PythonOperator): greet> on 2021-08-06T00:00:00+00:00
[2023-10-01 07:36:45,407] {standard_task_runner.py:52} INFO - Started process 18302 to run task
[2023-10-01 07:36:45,509] {standard_task_runner.py:76} INFO - Running: ['airflow', 'tasks', 'run', 'our_seventh_dag_v7', 'greet', '2021-08-06T00:00:00+00:00', '--job-id', '1382', '--pool', 'default_pool', '--raw', '--subdir', 'DAGS_FOLDER/our_seventh_dag.py', '--cfg-path', '/tmp/tmp7v_o_42n', '--error-file', '/tmp/tmpydrx9dng']
[2023-10-01 07:36:45,592] {standard_task_runner.py:77} INFO - Job 1382: Subtask greet
[2023-10-01 07:36:45,971] {logging_mixin.py:104} INFO - Running <TaskInstance: our_seventh_dag_v7.greet 2021-08-06T00:00:00+00:00 [running]> on host d4ed655215d1
[2023-10-01 07:36:46,256] {taskinstance.py:1257} INFO - Exporting the following env vars:
AIRFLOW_CTX_DAG_OWNER=svastikkka
AIRFLOW_CTX_DAG_ID=our_seventh_dag_v7
AIRFLOW_CTX_TASK_ID=greet
AIRFLOW_CTX_EXECUTION_DATE=2021-08-06T00:00:00+00:00
AIRFLOW_CTX_DAG_RUN_ID=scheduled__2021-08-06T00:00:00+00:00
[2023-10-01 07:36:46,343] {logging_mixin.py:104} INFO - Hello My name is Manshu, The great  Sharma and I am 26 years old.
[2023-10-01 07:36:46,346] {python.py:118} INFO - Done. Returned value was: None
[2023-10-01 07:36:46,409] {taskinstance.py:1166} INFO - Marking task as SUCCESS. dag_id=our_seventh_dag_v7, task_id=greet, execution_date=20210806T000000, start_date=20231001T073645, end_date=20231001T073646
[2023-10-01 07:36:46,853] {taskinstance.py:1220} INFO - 0 downstream tasks scheduled from follow-on schedule check
[2023-10-01 07:36:46,962] {local_task_job.py:146} INFO - Task exited with return code 0
