[2023-10-01 16:15:03,456] {taskinstance.py:851} INFO - Dependencies all met for <TaskInstance: backup_postgres.print_current_path 2023-10-01T16:14:58.821315+00:00 [queued]>
[2023-10-01 16:15:03,551] {taskinstance.py:851} INFO - Dependencies all met for <TaskInstance: backup_postgres.print_current_path 2023-10-01T16:14:58.821315+00:00 [queued]>
[2023-10-01 16:15:03,553] {taskinstance.py:1042} INFO - 
--------------------------------------------------------------------------------
[2023-10-01 16:15:03,555] {taskinstance.py:1043} INFO - Starting attempt 1 of 6
[2023-10-01 16:15:03,557] {taskinstance.py:1044} INFO - 
--------------------------------------------------------------------------------
[2023-10-01 16:15:03,618] {taskinstance.py:1063} INFO - Executing <Task(BashOperator): print_current_path> on 2023-10-01T16:14:58.821315+00:00
[2023-10-01 16:15:03,656] {standard_task_runner.py:52} INFO - Started process 10166 to run task
[2023-10-01 16:15:03,665] {standard_task_runner.py:76} INFO - Running: ['airflow', 'tasks', 'run', 'backup_postgres', 'print_current_path', '2023-10-01T16:14:58.821315+00:00', '--job-id', '36', '--pool', 'default_pool', '--raw', '--subdir', 'DAGS_FOLDER/backup_postgres.py', '--cfg-path', '/tmp/tmpjc3kkrb7', '--error-file', '/tmp/tmp_hhhbh6l']
[2023-10-01 16:15:03,740] {standard_task_runner.py:77} INFO - Job 36: Subtask print_current_path
[2023-10-01 16:15:04,217] {logging_mixin.py:104} INFO - Running <TaskInstance: backup_postgres.print_current_path 2023-10-01T16:14:58.821315+00:00 [running]> on host 55885b568803
[2023-10-01 16:15:04,731] {taskinstance.py:1257} INFO - Exporting the following env vars:
AIRFLOW_CTX_DAG_OWNER=svastikkka
AIRFLOW_CTX_DAG_ID=backup_postgres
AIRFLOW_CTX_TASK_ID=print_current_path
AIRFLOW_CTX_EXECUTION_DATE=2023-10-01T16:14:58.821315+00:00
AIRFLOW_CTX_DAG_RUN_ID=manual__2023-10-01T16:14:58.821315+00:00
[2023-10-01 16:15:04,745] {bash.py:135} INFO - Tmp dir root location: 
 /tmp
[2023-10-01 16:15:04,772] {bash.py:158} INFO - Running command: pwd
[2023-10-01 16:15:05,713] {bash.py:169} INFO - Output:
[2023-10-01 16:15:05,830] {bash.py:173} INFO - /tmp/airflowtmpg7v22pge
[2023-10-01 16:15:05,882] {bash.py:177} INFO - Command exited with return code 0
[2023-10-01 16:15:11,613] {taskinstance.py:1166} INFO - Marking task as SUCCESS. dag_id=backup_postgres, task_id=print_current_path, execution_date=20231001T161458, start_date=20231001T161503, end_date=20231001T161511
[2023-10-01 16:15:12,383] {local_task_job.py:188} WARNING - State of this instance has been externally set to success. Terminating instance.
[2023-10-01 16:15:12,446] {process_utils.py:100} INFO - Sending Signals.SIGTERM to GPID 10166
[2023-10-01 16:15:12,471] {taskinstance.py:1239} ERROR - Received SIGTERM. Terminating subprocesses.
[2023-10-01 16:15:12,491] {bash.py:185} INFO - Sending SIGTERM signal to bash process group
[2023-10-01 16:15:12,642] {process_utils.py:66} INFO - Process psutil.Process(pid=10166, status='terminated', exitcode=1, started='16:15:02') (10166) terminated with exit code 1
