[2023-10-01 06:21:42,865] {taskinstance.py:851} INFO - Dependencies all met for <TaskInstance: our_fourth_dag_v4.first_task 2022-01-21T00:00:00+00:00 [queued]>
[2023-10-01 06:21:43,271] {taskinstance.py:851} INFO - Dependencies all met for <TaskInstance: our_fourth_dag_v4.first_task 2022-01-21T00:00:00+00:00 [queued]>
[2023-10-01 06:21:43,272] {taskinstance.py:1042} INFO - 
--------------------------------------------------------------------------------
[2023-10-01 06:21:43,274] {taskinstance.py:1043} INFO - Starting attempt 1 of 6
[2023-10-01 06:21:43,283] {taskinstance.py:1044} INFO - 
--------------------------------------------------------------------------------
[2023-10-01 06:21:43,649] {taskinstance.py:1063} INFO - Executing <Task(BashOperator): first_task> on 2022-01-21T00:00:00+00:00
[2023-10-01 06:21:43,715] {standard_task_runner.py:52} INFO - Started process 6536 to run task
[2023-10-01 06:21:43,931] {standard_task_runner.py:76} INFO - Running: ['airflow', 'tasks', 'run', 'our_fourth_dag_v4', 'first_task', '2022-01-21T00:00:00+00:00', '--job-id', '950', '--pool', 'default_pool', '--raw', '--subdir', 'DAGS_FOLDER/our_fourth_dag.py', '--cfg-path', '/tmp/tmpruyecw76', '--error-file', '/tmp/tmpwpw2fpig']
[2023-10-01 06:21:44,513] {standard_task_runner.py:77} INFO - Job 950: Subtask first_task
[2023-10-01 06:21:45,831] {logging_mixin.py:104} INFO - Running <TaskInstance: our_fourth_dag_v4.first_task 2022-01-21T00:00:00+00:00 [running]> on host d4ed655215d1
[2023-10-01 06:21:46,663] {taskinstance.py:1257} INFO - Exporting the following env vars:
AIRFLOW_CTX_DAG_OWNER=svastikkka
AIRFLOW_CTX_DAG_ID=our_fourth_dag_v4
AIRFLOW_CTX_TASK_ID=first_task
AIRFLOW_CTX_EXECUTION_DATE=2022-01-21T00:00:00+00:00
AIRFLOW_CTX_DAG_RUN_ID=scheduled__2022-01-21T00:00:00+00:00
[2023-10-01 06:21:46,690] {bash.py:135} INFO - Tmp dir root location: 
 /tmp
[2023-10-01 06:21:46,706] {bash.py:158} INFO - Running command: echo hello world, this is the first task!
[2023-10-01 06:21:46,815] {bash.py:169} INFO - Output:
[2023-10-01 06:21:46,850] {bash.py:173} INFO - hello world, this is the first task!
[2023-10-01 06:21:46,856] {bash.py:177} INFO - Command exited with return code 0
[2023-10-01 06:21:47,641] {taskinstance.py:1166} INFO - Marking task as SUCCESS. dag_id=our_fourth_dag_v4, task_id=first_task, execution_date=20220121T000000, start_date=20231001T062142, end_date=20231001T062147
[2023-10-01 06:21:49,141] {taskinstance.py:1220} INFO - 2 downstream tasks scheduled from follow-on schedule check
[2023-10-01 06:21:49,377] {local_task_job.py:146} INFO - Task exited with return code 0
