[2023-10-01 05:04:09,890] {taskinstance.py:851} INFO - Dependencies all met for <TaskInstance: our_first_dag_v1.first_task 2021-10-26T00:00:00+00:00 [queued]>
[2023-10-01 05:04:10,017] {taskinstance.py:851} INFO - Dependencies all met for <TaskInstance: our_first_dag_v1.first_task 2021-10-26T00:00:00+00:00 [queued]>
[2023-10-01 05:04:10,019] {taskinstance.py:1042} INFO - 
--------------------------------------------------------------------------------
[2023-10-01 05:04:10,023] {taskinstance.py:1043} INFO - Starting attempt 1 of 6
[2023-10-01 05:04:10,027] {taskinstance.py:1044} INFO - 
--------------------------------------------------------------------------------
[2023-10-01 05:04:10,117] {taskinstance.py:1063} INFO - Executing <Task(BashOperator): first_task> on 2021-10-26T00:00:00+00:00
[2023-10-01 05:04:10,151] {standard_task_runner.py:52} INFO - Started process 1298 to run task
[2023-10-01 05:04:10,198] {standard_task_runner.py:76} INFO - Running: ['airflow', 'tasks', 'run', 'our_first_dag_v1', 'first_task', '2021-10-26T00:00:00+00:00', '--job-id', '180', '--pool', 'default_pool', '--raw', '--subdir', 'DAGS_FOLDER/our_first_dag.py', '--cfg-path', '/tmp/tmp0xelh59m', '--error-file', '/tmp/tmpo13yt_u1']
[2023-10-01 05:04:10,243] {standard_task_runner.py:77} INFO - Job 180: Subtask first_task
[2023-10-01 05:04:10,670] {logging_mixin.py:104} INFO - Running <TaskInstance: our_first_dag_v1.first_task 2021-10-26T00:00:00+00:00 [running]> on host c25e1f8124bc
[2023-10-01 05:04:11,430] {taskinstance.py:1257} INFO - Exporting the following env vars:
AIRFLOW_CTX_DAG_OWNER=coder2j
AIRFLOW_CTX_DAG_ID=our_first_dag_v1
AIRFLOW_CTX_TASK_ID=first_task
AIRFLOW_CTX_EXECUTION_DATE=2021-10-26T00:00:00+00:00
AIRFLOW_CTX_DAG_RUN_ID=scheduled__2021-10-26T00:00:00+00:00
[2023-10-01 05:04:11,438] {bash.py:135} INFO - Tmp dir root location: 
 /tmp
[2023-10-01 05:04:11,459] {bash.py:158} INFO - Running command: echo hello world, this is the first task!
[2023-10-01 05:04:11,573] {bash.py:169} INFO - Output:
[2023-10-01 05:04:11,597] {bash.py:173} INFO - hello world, this is the first task!
[2023-10-01 05:04:11,628] {bash.py:177} INFO - Command exited with return code 0
[2023-10-01 05:04:11,886] {taskinstance.py:1166} INFO - Marking task as SUCCESS. dag_id=our_first_dag_v1, task_id=first_task, execution_date=20211026T000000, start_date=20231001T050409, end_date=20231001T050411
[2023-10-01 05:04:12,442] {taskinstance.py:1220} INFO - 0 downstream tasks scheduled from follow-on schedule check
[2023-10-01 05:04:12,678] {local_task_job.py:146} INFO - Task exited with return code 0
[2023-10-01 05:20:14,881] {taskinstance.py:851} INFO - Dependencies all met for <TaskInstance: our_first_dag_v1.first_task 2021-10-26T00:00:00+00:00 [queued]>
[2023-10-01 05:20:15,011] {taskinstance.py:851} INFO - Dependencies all met for <TaskInstance: our_first_dag_v1.first_task 2021-10-26T00:00:00+00:00 [queued]>
[2023-10-01 05:20:15,014] {taskinstance.py:1042} INFO - 
--------------------------------------------------------------------------------
[2023-10-01 05:20:15,018] {taskinstance.py:1043} INFO - Starting attempt 1 of 6
[2023-10-01 05:20:15,022] {taskinstance.py:1044} INFO - 
--------------------------------------------------------------------------------
[2023-10-01 05:20:15,155] {taskinstance.py:1063} INFO - Executing <Task(BashOperator): first_task> on 2021-10-26T00:00:00+00:00
[2023-10-01 05:20:15,199] {standard_task_runner.py:52} INFO - Started process 530 to run task
[2023-10-01 05:20:15,295] {standard_task_runner.py:76} INFO - Running: ['airflow', 'tasks', 'run', 'our_first_dag_v1', 'first_task', '2021-10-26T00:00:00+00:00', '--job-id', '90', '--pool', 'default_pool', '--raw', '--subdir', 'DAGS_FOLDER/our_first_dag.py', '--cfg-path', '/tmp/tmpgy8uwg7s', '--error-file', '/tmp/tmpfgm2a3fz']
[2023-10-01 05:20:15,333] {standard_task_runner.py:77} INFO - Job 90: Subtask first_task
[2023-10-01 05:20:15,893] {logging_mixin.py:104} INFO - Running <TaskInstance: our_first_dag_v1.first_task 2021-10-26T00:00:00+00:00 [running]> on host d4ed655215d1
[2023-10-01 05:20:16,322] {taskinstance.py:1257} INFO - Exporting the following env vars:
AIRFLOW_CTX_DAG_OWNER=coder2j
AIRFLOW_CTX_DAG_ID=our_first_dag_v1
AIRFLOW_CTX_TASK_ID=first_task
AIRFLOW_CTX_EXECUTION_DATE=2021-10-26T00:00:00+00:00
AIRFLOW_CTX_DAG_RUN_ID=scheduled__2021-10-26T00:00:00+00:00
[2023-10-01 05:20:16,338] {bash.py:135} INFO - Tmp dir root location: 
 /tmp
[2023-10-01 05:20:16,355] {bash.py:158} INFO - Running command: echo hello world, this is the first task!
[2023-10-01 05:20:16,432] {bash.py:169} INFO - Output:
[2023-10-01 05:20:16,485] {bash.py:173} INFO - hello world, this is the first task!
[2023-10-01 05:20:16,487] {bash.py:177} INFO - Command exited with return code 0
[2023-10-01 05:20:16,676] {taskinstance.py:1166} INFO - Marking task as SUCCESS. dag_id=our_first_dag_v1, task_id=first_task, execution_date=20211026T000000, start_date=20231001T052014, end_date=20231001T052016
[2023-10-01 05:20:17,031] {taskinstance.py:1220} INFO - 0 downstream tasks scheduled from follow-on schedule check
[2023-10-01 05:20:17,121] {local_task_job.py:146} INFO - Task exited with return code 0
