[2023-10-01 06:07:05,829] {taskinstance.py:851} INFO - Dependencies all met for <TaskInstance: our_fourth_dag_v4.second_task 2021-08-01T00:00:00+00:00 [queued]>
[2023-10-01 06:07:06,680] {taskinstance.py:851} INFO - Dependencies all met for <TaskInstance: our_fourth_dag_v4.second_task 2021-08-01T00:00:00+00:00 [queued]>
[2023-10-01 06:07:06,685] {taskinstance.py:1042} INFO - 
--------------------------------------------------------------------------------
[2023-10-01 06:07:06,697] {taskinstance.py:1043} INFO - Starting attempt 1 of 6
[2023-10-01 06:07:06,705] {taskinstance.py:1044} INFO - 
--------------------------------------------------------------------------------
[2023-10-01 06:07:06,990] {taskinstance.py:1063} INFO - Executing <Task(BashOperator): second_task> on 2021-08-01T00:00:00+00:00
[2023-10-01 06:07:07,108] {standard_task_runner.py:52} INFO - Started process 3941 to run task
[2023-10-01 06:07:07,491] {standard_task_runner.py:76} INFO - Running: ['airflow', 'tasks', 'run', 'our_fourth_dag_v4', 'second_task', '2021-08-01T00:00:00+00:00', '--job-id', '443', '--pool', 'default_pool', '--raw', '--subdir', 'DAGS_FOLDER/our_fourth_dag.py', '--cfg-path', '/tmp/tmpc4w29rti', '--error-file', '/tmp/tmpr49_m8v4']
[2023-10-01 06:07:07,910] {standard_task_runner.py:77} INFO - Job 443: Subtask second_task
[2023-10-01 06:07:21,807] {logging_mixin.py:104} INFO - Running <TaskInstance: our_fourth_dag_v4.second_task 2021-08-01T00:00:00+00:00 [running]> on host d4ed655215d1
[2023-10-01 06:07:51,584] {taskinstance.py:1257} INFO - Exporting the following env vars:
AIRFLOW_CTX_DAG_OWNER=svastikkka
AIRFLOW_CTX_DAG_ID=our_fourth_dag_v4
AIRFLOW_CTX_TASK_ID=second_task
AIRFLOW_CTX_EXECUTION_DATE=2021-08-01T00:00:00+00:00
AIRFLOW_CTX_DAG_RUN_ID=scheduled__2021-08-01T00:00:00+00:00
[2023-10-01 06:07:51,831] {bash.py:135} INFO - Tmp dir root location: 
 /tmp
[2023-10-01 06:07:51,975] {bash.py:158} INFO - Running command: echo hey, I am task2 and will be running after task1!
[2023-10-01 06:07:55,579] {bash.py:169} INFO - Output:
[2023-10-01 06:07:57,458] {bash.py:173} INFO - hey, I am task2 and will be running after task1!
[2023-10-01 06:07:57,815] {bash.py:177} INFO - Command exited with return code 0
[2023-10-01 06:08:01,376] {taskinstance.py:1166} INFO - Marking task as SUCCESS. dag_id=our_fourth_dag_v4, task_id=second_task, execution_date=20210801T000000, start_date=20231001T060705, end_date=20231001T060801
[2023-10-01 06:08:03,454] {taskinstance.py:1220} INFO - 0 downstream tasks scheduled from follow-on schedule check
[2023-10-01 06:08:05,057] {local_task_job.py:146} INFO - Task exited with return code 0
