[2023-10-01 07:35:21,882] {taskinstance.py:851} INFO - Dependencies all met for <TaskInstance: our_seventh_dag_v7.get_name 2021-08-13T00:00:00+00:00 [queued]>
[2023-10-01 07:35:22,474] {taskinstance.py:851} INFO - Dependencies all met for <TaskInstance: our_seventh_dag_v7.get_name 2021-08-13T00:00:00+00:00 [queued]>
[2023-10-01 07:35:22,483] {taskinstance.py:1042} INFO - 
--------------------------------------------------------------------------------
[2023-10-01 07:35:22,492] {taskinstance.py:1043} INFO - Starting attempt 1 of 6
[2023-10-01 07:35:23,010] {taskinstance.py:1044} INFO - 
--------------------------------------------------------------------------------
[2023-10-01 07:35:23,734] {taskinstance.py:1063} INFO - Executing <Task(PythonOperator): get_name> on 2021-08-13T00:00:00+00:00
[2023-10-01 07:35:23,939] {standard_task_runner.py:52} INFO - Started process 18012 to run task
[2023-10-01 07:35:24,304] {standard_task_runner.py:76} INFO - Running: ['airflow', 'tasks', 'run', 'our_seventh_dag_v7', 'get_name', '2021-08-13T00:00:00+00:00', '--job-id', '1348', '--pool', 'default_pool', '--raw', '--subdir', 'DAGS_FOLDER/our_seventh_dag.py', '--cfg-path', '/tmp/tmpttia1yfb', '--error-file', '/tmp/tmpn6k9gfp7']
[2023-10-01 07:35:24,326] {standard_task_runner.py:77} INFO - Job 1348: Subtask get_name
[2023-10-01 07:35:25,482] {logging_mixin.py:104} INFO - Running <TaskInstance: our_seventh_dag_v7.get_name 2021-08-13T00:00:00+00:00 [running]> on host d4ed655215d1
[2023-10-01 07:35:27,578] {taskinstance.py:1257} INFO - Exporting the following env vars:
AIRFLOW_CTX_DAG_OWNER=svastikkka
AIRFLOW_CTX_DAG_ID=our_seventh_dag_v7
AIRFLOW_CTX_TASK_ID=get_name
AIRFLOW_CTX_EXECUTION_DATE=2021-08-13T00:00:00+00:00
AIRFLOW_CTX_DAG_RUN_ID=scheduled__2021-08-13T00:00:00+00:00
[2023-10-01 07:35:28,563] {python.py:118} INFO - Done. Returned value was: None
[2023-10-01 07:35:29,648] {taskinstance.py:1166} INFO - Marking task as SUCCESS. dag_id=our_seventh_dag_v7, task_id=get_name, execution_date=20210813T000000, start_date=20231001T073522, end_date=20231001T073529
[2023-10-01 07:35:31,401] {local_task_job.py:188} WARNING - State of this instance has been externally set to success. Terminating instance.
[2023-10-01 07:35:31,462] {process_utils.py:100} INFO - Sending Signals.SIGTERM to GPID 18012
[2023-10-01 07:35:32,008] {taskinstance.py:1239} ERROR - Received SIGTERM. Terminating subprocesses.
[2023-10-01 07:35:32,363] {process_utils.py:66} INFO - Process psutil.Process(pid=18012, status='terminated', exitcode=1, started='07:35:22') (18012) terminated with exit code 1
