[2023-10-01 07:39:37,282] {taskinstance.py:851} INFO - Dependencies all met for <TaskInstance: our_seventh_dag_v7.get_name 2021-09-27T00:00:00+00:00 [queued]>
[2023-10-01 07:39:37,443] {taskinstance.py:851} INFO - Dependencies all met for <TaskInstance: our_seventh_dag_v7.get_name 2021-09-27T00:00:00+00:00 [queued]>
[2023-10-01 07:39:37,454] {taskinstance.py:1042} INFO - 
--------------------------------------------------------------------------------
[2023-10-01 07:39:37,463] {taskinstance.py:1043} INFO - Starting attempt 1 of 6
[2023-10-01 07:39:37,465] {taskinstance.py:1044} INFO - 
--------------------------------------------------------------------------------
[2023-10-01 07:39:37,570] {taskinstance.py:1063} INFO - Executing <Task(PythonOperator): get_name> on 2021-09-27T00:00:00+00:00
[2023-10-01 07:39:37,625] {standard_task_runner.py:52} INFO - Started process 18786 to run task
[2023-10-01 07:39:37,672] {standard_task_runner.py:76} INFO - Running: ['airflow', 'tasks', 'run', 'our_seventh_dag_v7', 'get_name', '2021-09-27T00:00:00+00:00', '--job-id', '1449', '--pool', 'default_pool', '--raw', '--subdir', 'DAGS_FOLDER/our_seventh_dag.py', '--cfg-path', '/tmp/tmpmyxozpbo', '--error-file', '/tmp/tmpvajn0c2q']
[2023-10-01 07:39:37,704] {standard_task_runner.py:77} INFO - Job 1449: Subtask get_name
[2023-10-01 07:39:38,032] {logging_mixin.py:104} INFO - Running <TaskInstance: our_seventh_dag_v7.get_name 2021-09-27T00:00:00+00:00 [running]> on host d4ed655215d1
[2023-10-01 07:39:38,500] {taskinstance.py:1257} INFO - Exporting the following env vars:
AIRFLOW_CTX_DAG_OWNER=svastikkka
AIRFLOW_CTX_DAG_ID=our_seventh_dag_v7
AIRFLOW_CTX_TASK_ID=get_name
AIRFLOW_CTX_EXECUTION_DATE=2021-09-27T00:00:00+00:00
AIRFLOW_CTX_DAG_RUN_ID=scheduled__2021-09-27T00:00:00+00:00
[2023-10-01 07:39:38,795] {python.py:118} INFO - Done. Returned value was: None
[2023-10-01 07:39:38,912] {taskinstance.py:1166} INFO - Marking task as SUCCESS. dag_id=our_seventh_dag_v7, task_id=get_name, execution_date=20210927T000000, start_date=20231001T073937, end_date=20231001T073938
[2023-10-01 07:39:39,137] {taskinstance.py:1220} INFO - 1 downstream tasks scheduled from follow-on schedule check
[2023-10-01 07:39:39,229] {local_task_job.py:146} INFO - Task exited with return code 0
