[2023-10-01 06:14:34,396] {taskinstance.py:851} INFO - Dependencies all met for <TaskInstance: our_fourth_dag_v4.thrid_task 2021-10-21T00:00:00+00:00 [queued]>
[2023-10-01 06:14:34,899] {taskinstance.py:851} INFO - Dependencies all met for <TaskInstance: our_fourth_dag_v4.thrid_task 2021-10-21T00:00:00+00:00 [queued]>
[2023-10-01 06:14:34,909] {taskinstance.py:1042} INFO - 
--------------------------------------------------------------------------------
[2023-10-01 06:14:34,916] {taskinstance.py:1043} INFO - Starting attempt 1 of 6
[2023-10-01 06:14:34,930] {taskinstance.py:1044} INFO - 
--------------------------------------------------------------------------------
[2023-10-01 06:14:36,081] {taskinstance.py:1063} INFO - Executing <Task(BashOperator): thrid_task> on 2021-10-21T00:00:00+00:00
[2023-10-01 06:14:36,271] {standard_task_runner.py:52} INFO - Started process 5201 to run task
[2023-10-01 06:14:36,454] {standard_task_runner.py:76} INFO - Running: ['airflow', 'tasks', 'run', 'our_fourth_dag_v4', 'thrid_task', '2021-10-21T00:00:00+00:00', '--job-id', '687', '--pool', 'default_pool', '--raw', '--subdir', 'DAGS_FOLDER/our_fourth_dag.py', '--cfg-path', '/tmp/tmpema_8548', '--error-file', '/tmp/tmpj2rh1e2x']
[2023-10-01 06:14:36,587] {standard_task_runner.py:77} INFO - Job 687: Subtask thrid_task
[2023-10-01 06:14:37,747] {logging_mixin.py:104} INFO - Running <TaskInstance: our_fourth_dag_v4.thrid_task 2021-10-21T00:00:00+00:00 [running]> on host d4ed655215d1
[2023-10-01 06:14:38,507] {taskinstance.py:1257} INFO - Exporting the following env vars:
AIRFLOW_CTX_DAG_OWNER=svastikkka
AIRFLOW_CTX_DAG_ID=our_fourth_dag_v4
AIRFLOW_CTX_TASK_ID=thrid_task
AIRFLOW_CTX_EXECUTION_DATE=2021-10-21T00:00:00+00:00
AIRFLOW_CTX_DAG_RUN_ID=scheduled__2021-10-21T00:00:00+00:00
[2023-10-01 06:14:38,516] {bash.py:135} INFO - Tmp dir root location: 
 /tmp
[2023-10-01 06:14:38,522] {bash.py:158} INFO - Running command: echo hey, I am task3 and will be running after task1 at the same time as task2!
[2023-10-01 06:14:38,646] {bash.py:169} INFO - Output:
[2023-10-01 06:14:38,679] {bash.py:173} INFO - hey, I am task3 and will be running after task1 at the same time as task2!
[2023-10-01 06:14:38,690] {bash.py:177} INFO - Command exited with return code 0
[2023-10-01 06:14:38,955] {taskinstance.py:1166} INFO - Marking task as SUCCESS. dag_id=our_fourth_dag_v4, task_id=thrid_task, execution_date=20211021T000000, start_date=20231001T061434, end_date=20231001T061438
[2023-10-01 06:14:40,186] {taskinstance.py:1220} INFO - 0 downstream tasks scheduled from follow-on schedule check
[2023-10-01 06:14:40,495] {local_task_job.py:146} INFO - Task exited with return code 0
