[2023-10-01 06:18:41,004] {taskinstance.py:851} INFO - Dependencies all met for <TaskInstance: our_fourth_dag_v4.thrid_task 2021-12-22T00:00:00+00:00 [queued]>
[2023-10-01 06:18:41,225] {taskinstance.py:851} INFO - Dependencies all met for <TaskInstance: our_fourth_dag_v4.thrid_task 2021-12-22T00:00:00+00:00 [queued]>
[2023-10-01 06:18:41,228] {taskinstance.py:1042} INFO - 
--------------------------------------------------------------------------------
[2023-10-01 06:18:41,229] {taskinstance.py:1043} INFO - Starting attempt 1 of 6
[2023-10-01 06:18:41,237] {taskinstance.py:1044} INFO - 
--------------------------------------------------------------------------------
[2023-10-01 06:18:41,299] {taskinstance.py:1063} INFO - Executing <Task(BashOperator): thrid_task> on 2021-12-22T00:00:00+00:00
[2023-10-01 06:18:41,342] {standard_task_runner.py:52} INFO - Started process 6099 to run task
[2023-10-01 06:18:41,424] {standard_task_runner.py:76} INFO - Running: ['airflow', 'tasks', 'run', 'our_fourth_dag_v4', 'thrid_task', '2021-12-22T00:00:00+00:00', '--job-id', '873', '--pool', 'default_pool', '--raw', '--subdir', 'DAGS_FOLDER/our_fourth_dag.py', '--cfg-path', '/tmp/tmp84ojf7he', '--error-file', '/tmp/tmp3bxkamqn']
[2023-10-01 06:18:41,480] {standard_task_runner.py:77} INFO - Job 873: Subtask thrid_task
[2023-10-01 06:18:41,900] {logging_mixin.py:104} INFO - Running <TaskInstance: our_fourth_dag_v4.thrid_task 2021-12-22T00:00:00+00:00 [running]> on host d4ed655215d1
[2023-10-01 06:18:42,837] {taskinstance.py:1257} INFO - Exporting the following env vars:
AIRFLOW_CTX_DAG_OWNER=svastikkka
AIRFLOW_CTX_DAG_ID=our_fourth_dag_v4
AIRFLOW_CTX_TASK_ID=thrid_task
AIRFLOW_CTX_EXECUTION_DATE=2021-12-22T00:00:00+00:00
AIRFLOW_CTX_DAG_RUN_ID=scheduled__2021-12-22T00:00:00+00:00
[2023-10-01 06:18:42,874] {bash.py:135} INFO - Tmp dir root location: 
 /tmp
[2023-10-01 06:18:42,883] {bash.py:158} INFO - Running command: echo hey, I am task3 and will be running after task1 at the same time as task2!
[2023-10-01 06:18:43,322] {bash.py:169} INFO - Output:
[2023-10-01 06:18:43,391] {bash.py:173} INFO - hey, I am task3 and will be running after task1 at the same time as task2!
[2023-10-01 06:18:43,412] {bash.py:177} INFO - Command exited with return code 0
[2023-10-01 06:18:45,668] {taskinstance.py:1166} INFO - Marking task as SUCCESS. dag_id=our_fourth_dag_v4, task_id=thrid_task, execution_date=20211222T000000, start_date=20231001T061841, end_date=20231001T061845
[2023-10-01 06:18:46,919] {local_task_job.py:188} WARNING - State of this instance has been externally set to success. Terminating instance.
[2023-10-01 06:18:47,019] {process_utils.py:100} INFO - Sending Signals.SIGTERM to GPID 6099
[2023-10-01 06:18:47,120] {taskinstance.py:1239} ERROR - Received SIGTERM. Terminating subprocesses.
[2023-10-01 06:18:47,121] {bash.py:185} INFO - Sending SIGTERM signal to bash process group
[2023-10-01 06:18:48,462] {process_utils.py:66} INFO - Process psutil.Process(pid=6099, status='terminated', exitcode=1, started='06:18:41') (6099) terminated with exit code 1
