[2023-10-01 06:50:03,197] {taskinstance.py:851} INFO - Dependencies all met for <TaskInstance: our_sixth_dag_v6.greet 2021-09-08T00:00:00+00:00 [queued]>
[2023-10-01 06:50:04,036] {taskinstance.py:851} INFO - Dependencies all met for <TaskInstance: our_sixth_dag_v6.greet 2021-09-08T00:00:00+00:00 [queued]>
[2023-10-01 06:50:04,062] {taskinstance.py:1042} INFO - 
--------------------------------------------------------------------------------
[2023-10-01 06:50:04,067] {taskinstance.py:1043} INFO - Starting attempt 1 of 6
[2023-10-01 06:50:04,074] {taskinstance.py:1044} INFO - 
--------------------------------------------------------------------------------
[2023-10-01 06:50:08,370] {taskinstance.py:1063} INFO - Executing <Task(PythonOperator): greet> on 2021-09-08T00:00:00+00:00
[2023-10-01 06:50:10,058] {standard_task_runner.py:52} INFO - Started process 10488 to run task
[2023-10-01 06:50:11,193] {standard_task_runner.py:76} INFO - Running: ['airflow', 'tasks', 'run', 'our_sixth_dag_v6', 'greet', '2021-09-08T00:00:00+00:00', '--job-id', '1134', '--pool', 'default_pool', '--raw', '--subdir', 'DAGS_FOLDER/our_sixth_dag.py', '--cfg-path', '/tmp/tmpyz6615tb', '--error-file', '/tmp/tmp0ni7fbsn']
[2023-10-01 06:50:13,515] {standard_task_runner.py:77} INFO - Job 1134: Subtask greet
[2023-10-01 06:50:47,251] {logging_mixin.py:104} INFO - Running <TaskInstance: our_sixth_dag_v6.greet 2021-09-08T00:00:00+00:00 [running]> on host d4ed655215d1
[2023-10-01 06:50:52,478] {taskinstance.py:1257} INFO - Exporting the following env vars:
AIRFLOW_CTX_DAG_OWNER=svastikkka
AIRFLOW_CTX_DAG_ID=our_sixth_dag_v6
AIRFLOW_CTX_TASK_ID=greet
AIRFLOW_CTX_EXECUTION_DATE=2021-09-08T00:00:00+00:00
AIRFLOW_CTX_DAG_RUN_ID=scheduled__2021-09-08T00:00:00+00:00
[2023-10-01 06:50:52,918] {logging_mixin.py:104} INFO - Hello My name is Manshu and I am 20 years old.
[2023-10-01 06:50:53,016] {python.py:118} INFO - Done. Returned value was: None
[2023-10-01 06:50:54,321] {taskinstance.py:1166} INFO - Marking task as SUCCESS. dag_id=our_sixth_dag_v6, task_id=greet, execution_date=20210908T000000, start_date=20231001T065003, end_date=20231001T065054
[2023-10-01 06:51:01,258] {taskinstance.py:1220} INFO - 0 downstream tasks scheduled from follow-on schedule check
[2023-10-01 06:51:09,855] {local_task_job.py:146} INFO - Task exited with return code 0
