[2023-10-01 06:25:14,955] {taskinstance.py:851} INFO - Dependencies all met for <TaskInstance: our_fourth_dag_v4.first_task 2022-02-07T00:00:00+00:00 [queued]>
[2023-10-01 06:25:15,757] {taskinstance.py:851} INFO - Dependencies all met for <TaskInstance: our_fourth_dag_v4.first_task 2022-02-07T00:00:00+00:00 [queued]>
[2023-10-01 06:25:15,762] {taskinstance.py:1042} INFO - 
--------------------------------------------------------------------------------
[2023-10-01 06:25:15,766] {taskinstance.py:1043} INFO - Starting attempt 1 of 6
[2023-10-01 06:25:15,770] {taskinstance.py:1044} INFO - 
--------------------------------------------------------------------------------
[2023-10-01 06:25:16,251] {taskinstance.py:1063} INFO - Executing <Task(BashOperator): first_task> on 2022-02-07T00:00:00+00:00
[2023-10-01 06:25:16,346] {standard_task_runner.py:52} INFO - Started process 6920 to run task
[2023-10-01 06:25:16,663] {standard_task_runner.py:76} INFO - Running: ['airflow', 'tasks', 'run', 'our_fourth_dag_v4', 'first_task', '2022-02-07T00:00:00+00:00', '--job-id', '998', '--pool', 'default_pool', '--raw', '--subdir', 'DAGS_FOLDER/our_fourth_dag.py', '--cfg-path', '/tmp/tmpjxvjqex3', '--error-file', '/tmp/tmp6zlfdbq1']
[2023-10-01 06:25:17,027] {standard_task_runner.py:77} INFO - Job 998: Subtask first_task
[2023-10-01 06:25:18,469] {logging_mixin.py:104} INFO - Running <TaskInstance: our_fourth_dag_v4.first_task 2022-02-07T00:00:00+00:00 [running]> on host d4ed655215d1
[2023-10-01 06:25:19,851] {taskinstance.py:1257} INFO - Exporting the following env vars:
AIRFLOW_CTX_DAG_OWNER=svastikkka
AIRFLOW_CTX_DAG_ID=our_fourth_dag_v4
AIRFLOW_CTX_TASK_ID=first_task
AIRFLOW_CTX_EXECUTION_DATE=2022-02-07T00:00:00+00:00
AIRFLOW_CTX_DAG_RUN_ID=scheduled__2022-02-07T00:00:00+00:00
[2023-10-01 06:25:19,871] {bash.py:135} INFO - Tmp dir root location: 
 /tmp
[2023-10-01 06:25:19,897] {bash.py:158} INFO - Running command: echo hello world, this is the first task!
[2023-10-01 06:25:20,173] {bash.py:169} INFO - Output:
[2023-10-01 06:25:20,271] {bash.py:173} INFO - hello world, this is the first task!
[2023-10-01 06:25:20,327] {bash.py:177} INFO - Command exited with return code 0
[2023-10-01 06:25:22,333] {taskinstance.py:1166} INFO - Marking task as SUCCESS. dag_id=our_fourth_dag_v4, task_id=first_task, execution_date=20220207T000000, start_date=20231001T062515, end_date=20231001T062522
[2023-10-01 06:25:24,306] {local_task_job.py:188} WARNING - State of this instance has been externally set to success. Terminating instance.
[2023-10-01 06:25:24,608] {process_utils.py:100} INFO - Sending Signals.SIGTERM to GPID 6920
[2023-10-01 06:25:24,712] {taskinstance.py:1239} ERROR - Received SIGTERM. Terminating subprocesses.
[2023-10-01 06:25:24,782] {bash.py:185} INFO - Sending SIGTERM signal to bash process group
[2023-10-01 06:25:25,129] {process_utils.py:66} INFO - Process psutil.Process(pid=6920, status='terminated', exitcode=1, started='06:25:15') (6920) terminated with exit code 1
