[2023-10-01 05:06:23,390] {taskinstance.py:851} INFO - Dependencies all met for <TaskInstance: our_first_dag_v1.first_task 2022-02-03T00:00:00+00:00 [queued]>
[2023-10-01 05:06:23,638] {taskinstance.py:851} INFO - Dependencies all met for <TaskInstance: our_first_dag_v1.first_task 2022-02-03T00:00:00+00:00 [queued]>
[2023-10-01 05:06:23,658] {taskinstance.py:1042} INFO - 
--------------------------------------------------------------------------------
[2023-10-01 05:06:23,659] {taskinstance.py:1043} INFO - Starting attempt 1 of 6
[2023-10-01 05:06:23,660] {taskinstance.py:1044} INFO - 
--------------------------------------------------------------------------------
[2023-10-01 05:06:23,870] {taskinstance.py:1063} INFO - Executing <Task(BashOperator): first_task> on 2022-02-03T00:00:00+00:00
[2023-10-01 05:06:23,946] {standard_task_runner.py:52} INFO - Started process 1658 to run task
[2023-10-01 05:06:24,020] {standard_task_runner.py:76} INFO - Running: ['airflow', 'tasks', 'run', 'our_first_dag_v1', 'first_task', '2022-02-03T00:00:00+00:00', '--job-id', '280', '--pool', 'default_pool', '--raw', '--subdir', 'DAGS_FOLDER/our_first_dag.py', '--cfg-path', '/tmp/tmpf7k2kp3u', '--error-file', '/tmp/tmp0yrm9lnc']
[2023-10-01 05:06:24,083] {standard_task_runner.py:77} INFO - Job 280: Subtask first_task
[2023-10-01 05:06:24,594] {logging_mixin.py:104} INFO - Running <TaskInstance: our_first_dag_v1.first_task 2022-02-03T00:00:00+00:00 [running]> on host c25e1f8124bc
[2023-10-01 05:06:25,094] {taskinstance.py:1257} INFO - Exporting the following env vars:
AIRFLOW_CTX_DAG_OWNER=coder2j
AIRFLOW_CTX_DAG_ID=our_first_dag_v1
AIRFLOW_CTX_TASK_ID=first_task
AIRFLOW_CTX_EXECUTION_DATE=2022-02-03T00:00:00+00:00
AIRFLOW_CTX_DAG_RUN_ID=scheduled__2022-02-03T00:00:00+00:00
[2023-10-01 05:06:25,106] {bash.py:135} INFO - Tmp dir root location: 
 /tmp
[2023-10-01 05:06:25,118] {bash.py:158} INFO - Running command: echo hello world, this is the first task!
[2023-10-01 05:06:25,207] {bash.py:169} INFO - Output:
[2023-10-01 05:06:25,226] {bash.py:173} INFO - hello world, this is the first task!
[2023-10-01 05:06:25,242] {bash.py:177} INFO - Command exited with return code 0
[2023-10-01 05:06:25,448] {taskinstance.py:1166} INFO - Marking task as SUCCESS. dag_id=our_first_dag_v1, task_id=first_task, execution_date=20220203T000000, start_date=20231001T050623, end_date=20231001T050625
[2023-10-01 05:06:25,666] {taskinstance.py:1220} INFO - 0 downstream tasks scheduled from follow-on schedule check
[2023-10-01 05:06:25,765] {local_task_job.py:146} INFO - Task exited with return code 0
