[2023-10-01 06:14:55,096] {taskinstance.py:851} INFO - Dependencies all met for <TaskInstance: our_fourth_dag_v4.second_task 2021-10-25T00:00:00+00:00 [queued]>
[2023-10-01 06:14:55,566] {taskinstance.py:851} INFO - Dependencies all met for <TaskInstance: our_fourth_dag_v4.second_task 2021-10-25T00:00:00+00:00 [queued]>
[2023-10-01 06:14:55,570] {taskinstance.py:1042} INFO - 
--------------------------------------------------------------------------------
[2023-10-01 06:14:55,574] {taskinstance.py:1043} INFO - Starting attempt 1 of 6
[2023-10-01 06:14:55,586] {taskinstance.py:1044} INFO - 
--------------------------------------------------------------------------------
[2023-10-01 06:14:55,994] {taskinstance.py:1063} INFO - Executing <Task(BashOperator): second_task> on 2021-10-25T00:00:00+00:00
[2023-10-01 06:14:56,022] {standard_task_runner.py:52} INFO - Started process 5254 to run task
[2023-10-01 06:14:56,074] {standard_task_runner.py:76} INFO - Running: ['airflow', 'tasks', 'run', 'our_fourth_dag_v4', 'second_task', '2021-10-25T00:00:00+00:00', '--job-id', '697', '--pool', 'default_pool', '--raw', '--subdir', 'DAGS_FOLDER/our_fourth_dag.py', '--cfg-path', '/tmp/tmpzdaru9za', '--error-file', '/tmp/tmp0v5c7atb']
[2023-10-01 06:14:56,105] {standard_task_runner.py:77} INFO - Job 697: Subtask second_task
[2023-10-01 06:14:59,821] {logging_mixin.py:104} INFO - Running <TaskInstance: our_fourth_dag_v4.second_task 2021-10-25T00:00:00+00:00 [running]> on host d4ed655215d1
[2023-10-01 06:15:01,731] {taskinstance.py:1257} INFO - Exporting the following env vars:
AIRFLOW_CTX_DAG_OWNER=svastikkka
AIRFLOW_CTX_DAG_ID=our_fourth_dag_v4
AIRFLOW_CTX_TASK_ID=second_task
AIRFLOW_CTX_EXECUTION_DATE=2021-10-25T00:00:00+00:00
AIRFLOW_CTX_DAG_RUN_ID=scheduled__2021-10-25T00:00:00+00:00
[2023-10-01 06:15:01,780] {bash.py:135} INFO - Tmp dir root location: 
 /tmp
[2023-10-01 06:15:01,794] {bash.py:158} INFO - Running command: echo hey, I am task2 and will be running after task1!
[2023-10-01 06:15:03,154] {bash.py:169} INFO - Output:
[2023-10-01 06:15:03,208] {bash.py:173} INFO - hey, I am task2 and will be running after task1!
[2023-10-01 06:15:03,255] {bash.py:177} INFO - Command exited with return code 0
[2023-10-01 06:15:03,880] {taskinstance.py:1166} INFO - Marking task as SUCCESS. dag_id=our_fourth_dag_v4, task_id=second_task, execution_date=20211025T000000, start_date=20231001T061455, end_date=20231001T061503
[2023-10-01 06:15:04,907] {taskinstance.py:1220} INFO - 0 downstream tasks scheduled from follow-on schedule check
[2023-10-01 06:15:05,562] {local_task_job.py:146} INFO - Task exited with return code 0
