[2023-10-01 08:07:50,382] {taskinstance.py:851} INFO - Dependencies all met for <TaskInstance: our_eight_dag_v8.get_name 2021-08-09T00:00:00+00:00 [queued]>
[2023-10-01 08:07:51,567] {taskinstance.py:851} INFO - Dependencies all met for <TaskInstance: our_eight_dag_v8.get_name 2021-08-09T00:00:00+00:00 [queued]>
[2023-10-01 08:07:51,573] {taskinstance.py:1042} INFO - 
--------------------------------------------------------------------------------
[2023-10-01 08:07:51,599] {taskinstance.py:1043} INFO - Starting attempt 1 of 6
[2023-10-01 08:07:51,621] {taskinstance.py:1044} INFO - 
--------------------------------------------------------------------------------
[2023-10-01 08:07:52,084] {taskinstance.py:1063} INFO - Executing <Task(PythonOperator): get_name> on 2021-08-09T00:00:00+00:00
[2023-10-01 08:07:52,448] {standard_task_runner.py:52} INFO - Started process 24743 to run task
[2023-10-01 08:07:53,003] {standard_task_runner.py:76} INFO - Running: ['airflow', 'tasks', 'run', 'our_eight_dag_v8', 'get_name', '2021-08-09T00:00:00+00:00', '--job-id', '2457', '--pool', 'default_pool', '--raw', '--subdir', 'DAGS_FOLDER/our_eight_dag.py', '--cfg-path', '/tmp/tmphk34bs5c', '--error-file', '/tmp/tmple86kssq']
[2023-10-01 08:07:53,029] {standard_task_runner.py:77} INFO - Job 2457: Subtask get_name
[2023-10-01 08:07:54,865] {logging_mixin.py:104} INFO - Running <TaskInstance: our_eight_dag_v8.get_name 2021-08-09T00:00:00+00:00 [running]> on host d4ed655215d1
[2023-10-01 08:07:56,573] {taskinstance.py:1257} INFO - Exporting the following env vars:
AIRFLOW_CTX_DAG_OWNER=svastikkka
AIRFLOW_CTX_DAG_ID=our_eight_dag_v8
AIRFLOW_CTX_TASK_ID=get_name
AIRFLOW_CTX_EXECUTION_DATE=2021-08-09T00:00:00+00:00
AIRFLOW_CTX_DAG_RUN_ID=scheduled__2021-08-09T00:00:00+00:00
[2023-10-01 08:07:57,472] {python.py:118} INFO - Done. Returned value was: None
[2023-10-01 08:07:57,727] {taskinstance.py:1166} INFO - Marking task as SUCCESS. dag_id=our_eight_dag_v8, task_id=get_name, execution_date=20210809T000000, start_date=20231001T080750, end_date=20231001T080757
[2023-10-01 08:07:58,314] {local_task_job.py:188} WARNING - State of this instance has been externally set to success. Terminating instance.
[2023-10-01 08:07:58,424] {process_utils.py:100} INFO - Sending Signals.SIGTERM to GPID 24743
[2023-10-01 08:07:58,503] {taskinstance.py:1239} ERROR - Received SIGTERM. Terminating subprocesses.
[2023-10-01 08:07:59,703] {process_utils.py:66} INFO - Process psutil.Process(pid=24743, status='terminated', exitcode=1, started='08:07:52') (24743) terminated with exit code 1
