[2023-10-01 07:50:54,709] {taskinstance.py:851} INFO - Dependencies all met for <TaskInstance: our_seventh_dag_v7.greet 2022-08-09T00:00:00+00:00 [queued]>
[2023-10-01 07:50:55,037] {taskinstance.py:851} INFO - Dependencies all met for <TaskInstance: our_seventh_dag_v7.greet 2022-08-09T00:00:00+00:00 [queued]>
[2023-10-01 07:50:55,058] {taskinstance.py:1042} INFO - 
--------------------------------------------------------------------------------
[2023-10-01 07:50:55,069] {taskinstance.py:1043} INFO - Starting attempt 1 of 6
[2023-10-01 07:50:55,075] {taskinstance.py:1044} INFO - 
--------------------------------------------------------------------------------
[2023-10-01 07:50:55,274] {taskinstance.py:1063} INFO - Executing <Task(PythonOperator): greet> on 2022-08-09T00:00:00+00:00
[2023-10-01 07:50:55,360] {standard_task_runner.py:52} INFO - Started process 22003 to run task
[2023-10-01 07:50:55,474] {standard_task_runner.py:76} INFO - Running: ['airflow', 'tasks', 'run', 'our_seventh_dag_v7', 'greet', '2022-08-09T00:00:00+00:00', '--job-id', '2090', '--pool', 'default_pool', '--raw', '--subdir', 'DAGS_FOLDER/our_seventh_dag.py', '--cfg-path', '/tmp/tmpmawws21q', '--error-file', '/tmp/tmpmpre5d1s']
[2023-10-01 07:50:55,578] {standard_task_runner.py:77} INFO - Job 2090: Subtask greet
[2023-10-01 07:50:56,100] {logging_mixin.py:104} INFO - Running <TaskInstance: our_seventh_dag_v7.greet 2022-08-09T00:00:00+00:00 [running]> on host d4ed655215d1
[2023-10-01 07:50:56,622] {taskinstance.py:1257} INFO - Exporting the following env vars:
AIRFLOW_CTX_DAG_OWNER=svastikkka
AIRFLOW_CTX_DAG_ID=our_seventh_dag_v7
AIRFLOW_CTX_TASK_ID=greet
AIRFLOW_CTX_EXECUTION_DATE=2022-08-09T00:00:00+00:00
AIRFLOW_CTX_DAG_RUN_ID=scheduled__2022-08-09T00:00:00+00:00
[2023-10-01 07:50:56,840] {logging_mixin.py:104} INFO - Hello My name is Manshu Sharma and I am 26 years old.
[2023-10-01 07:50:56,847] {python.py:118} INFO - Done. Returned value was: None
[2023-10-01 07:50:57,042] {taskinstance.py:1166} INFO - Marking task as SUCCESS. dag_id=our_seventh_dag_v7, task_id=greet, execution_date=20220809T000000, start_date=20231001T075054, end_date=20231001T075057
[2023-10-01 07:50:57,509] {taskinstance.py:1220} INFO - 0 downstream tasks scheduled from follow-on schedule check
[2023-10-01 07:50:57,791] {local_task_job.py:146} INFO - Task exited with return code 0
