[2023-10-01 06:28:58,148] {taskinstance.py:851} INFO - Dependencies all met for <TaskInstance: our_fifth_dag_v5.greet 2021-08-20T00:00:00+00:00 [queued]>
[2023-10-01 06:28:58,358] {taskinstance.py:851} INFO - Dependencies all met for <TaskInstance: our_fifth_dag_v5.greet 2021-08-20T00:00:00+00:00 [queued]>
[2023-10-01 06:28:58,362] {taskinstance.py:1042} INFO - 
--------------------------------------------------------------------------------
[2023-10-01 06:28:58,369] {taskinstance.py:1043} INFO - Starting attempt 1 of 6
[2023-10-01 06:28:58,371] {taskinstance.py:1044} INFO - 
--------------------------------------------------------------------------------
[2023-10-01 06:28:58,719] {taskinstance.py:1063} INFO - Executing <Task(PythonOperator): greet> on 2021-08-20T00:00:00+00:00
[2023-10-01 06:28:58,932] {standard_task_runner.py:52} INFO - Started process 7376 to run task
[2023-10-01 06:28:59,056] {standard_task_runner.py:76} INFO - Running: ['airflow', 'tasks', 'run', 'our_fifth_dag_v5', 'greet', '2021-08-20T00:00:00+00:00', '--job-id', '1041', '--pool', 'default_pool', '--raw', '--subdir', 'DAGS_FOLDER/our_fifth_dag.py', '--cfg-path', '/tmp/tmp6ufgg7ac', '--error-file', '/tmp/tmpjf1zma9x']
[2023-10-01 06:28:59,273] {standard_task_runner.py:77} INFO - Job 1041: Subtask greet
[2023-10-01 06:29:00,567] {logging_mixin.py:104} INFO - Running <TaskInstance: our_fifth_dag_v5.greet 2021-08-20T00:00:00+00:00 [running]> on host d4ed655215d1
[2023-10-01 06:29:01,463] {taskinstance.py:1257} INFO - Exporting the following env vars:
AIRFLOW_CTX_DAG_OWNER=coder2j
AIRFLOW_CTX_DAG_ID=our_fifth_dag_v5
AIRFLOW_CTX_TASK_ID=greet
AIRFLOW_CTX_EXECUTION_DATE=2021-08-20T00:00:00+00:00
AIRFLOW_CTX_DAG_RUN_ID=scheduled__2021-08-20T00:00:00+00:00
[2023-10-01 06:29:01,476] {logging_mixin.py:104} INFO - Hello how are you
[2023-10-01 06:29:01,523] {python.py:118} INFO - Done. Returned value was: None
[2023-10-01 06:29:01,837] {taskinstance.py:1166} INFO - Marking task as SUCCESS. dag_id=our_fifth_dag_v5, task_id=greet, execution_date=20210820T000000, start_date=20231001T062858, end_date=20231001T062901
[2023-10-01 06:29:05,269] {taskinstance.py:1220} INFO - 0 downstream tasks scheduled from follow-on schedule check
[2023-10-01 06:29:05,833] {local_task_job.py:188} WARNING - State of this instance has been externally set to success. Terminating instance.
[2023-10-01 06:29:06,076] {process_utils.py:100} INFO - Sending Signals.SIGTERM to GPID 7376
[2023-10-01 06:29:06,207] {process_utils.py:66} INFO - Process psutil.Process(pid=7376, status='terminated', exitcode=0, started='06:28:58') (7376) terminated with exit code 0
