[2023-10-01 06:13:32,200] {taskinstance.py:851} INFO - Dependencies all met for <TaskInstance: our_fourth_dag_v4.thrid_task 2021-10-11T00:00:00+00:00 [queued]>
[2023-10-01 06:13:33,534] {taskinstance.py:851} INFO - Dependencies all met for <TaskInstance: our_fourth_dag_v4.thrid_task 2021-10-11T00:00:00+00:00 [queued]>
[2023-10-01 06:13:33,555] {taskinstance.py:1042} INFO - 
--------------------------------------------------------------------------------
[2023-10-01 06:13:33,596] {taskinstance.py:1043} INFO - Starting attempt 1 of 6
[2023-10-01 06:13:33,652] {taskinstance.py:1044} INFO - 
--------------------------------------------------------------------------------
[2023-10-01 06:13:34,663] {taskinstance.py:1063} INFO - Executing <Task(BashOperator): thrid_task> on 2021-10-11T00:00:00+00:00
[2023-10-01 06:13:34,786] {standard_task_runner.py:52} INFO - Started process 5028 to run task
[2023-10-01 06:13:35,250] {standard_task_runner.py:76} INFO - Running: ['airflow', 'tasks', 'run', 'our_fourth_dag_v4', 'thrid_task', '2021-10-11T00:00:00+00:00', '--job-id', '656', '--pool', 'default_pool', '--raw', '--subdir', 'DAGS_FOLDER/our_fourth_dag.py', '--cfg-path', '/tmp/tmpju1j4r45', '--error-file', '/tmp/tmphai12j_l']
[2023-10-01 06:13:35,275] {standard_task_runner.py:77} INFO - Job 656: Subtask thrid_task
[2023-10-01 06:13:38,211] {logging_mixin.py:104} INFO - Running <TaskInstance: our_fourth_dag_v4.thrid_task 2021-10-11T00:00:00+00:00 [running]> on host d4ed655215d1
[2023-10-01 06:13:40,082] {taskinstance.py:1257} INFO - Exporting the following env vars:
AIRFLOW_CTX_DAG_OWNER=svastikkka
AIRFLOW_CTX_DAG_ID=our_fourth_dag_v4
AIRFLOW_CTX_TASK_ID=thrid_task
AIRFLOW_CTX_EXECUTION_DATE=2021-10-11T00:00:00+00:00
AIRFLOW_CTX_DAG_RUN_ID=scheduled__2021-10-11T00:00:00+00:00
[2023-10-01 06:13:40,285] {bash.py:135} INFO - Tmp dir root location: 
 /tmp
[2023-10-01 06:13:40,430] {bash.py:158} INFO - Running command: echo hey, I am task3 and will be running after task1 at the same time as task2!
[2023-10-01 06:13:40,781] {bash.py:169} INFO - Output:
[2023-10-01 06:13:40,857] {bash.py:173} INFO - hey, I am task3 and will be running after task1 at the same time as task2!
[2023-10-01 06:13:40,969] {bash.py:177} INFO - Command exited with return code 0
[2023-10-01 06:13:42,422] {taskinstance.py:1166} INFO - Marking task as SUCCESS. dag_id=our_fourth_dag_v4, task_id=thrid_task, execution_date=20211011T000000, start_date=20231001T061332, end_date=20231001T061342
[2023-10-01 06:13:47,696] {taskinstance.py:1220} INFO - 0 downstream tasks scheduled from follow-on schedule check
[2023-10-01 06:13:48,374] {local_task_job.py:146} INFO - Task exited with return code 0
