[2023-10-01 04:59:42,362] {taskinstance.py:851} INFO - Dependencies all met for <TaskInstance: our_first_dag_v5.first_task 2021-09-19T00:00:00+00:00 [queued]>
[2023-10-01 04:59:42,605] {taskinstance.py:851} INFO - Dependencies all met for <TaskInstance: our_first_dag_v5.first_task 2021-09-19T00:00:00+00:00 [queued]>
[2023-10-01 04:59:42,609] {taskinstance.py:1042} INFO - 
--------------------------------------------------------------------------------
[2023-10-01 04:59:42,611] {taskinstance.py:1043} INFO - Starting attempt 1 of 6
[2023-10-01 04:59:42,612] {taskinstance.py:1044} INFO - 
--------------------------------------------------------------------------------
[2023-10-01 04:59:42,714] {taskinstance.py:1063} INFO - Executing <Task(BashOperator): first_task> on 2021-09-19T00:00:00+00:00
[2023-10-01 04:59:42,748] {standard_task_runner.py:52} INFO - Started process 832 to run task
[2023-10-01 04:59:42,777] {standard_task_runner.py:76} INFO - Running: ['airflow', 'tasks', 'run', 'our_first_dag_v5', 'first_task', '2021-09-19T00:00:00+00:00', '--job-id', '61', '--pool', 'default_pool', '--raw', '--subdir', 'DAGS_FOLDER/our_first_dag.py', '--cfg-path', '/tmp/tmpz84y0_1w', '--error-file', '/tmp/tmpery95r8t']
[2023-10-01 04:59:42,789] {standard_task_runner.py:77} INFO - Job 61: Subtask first_task
[2023-10-01 04:59:43,595] {logging_mixin.py:104} INFO - Running <TaskInstance: our_first_dag_v5.first_task 2021-09-19T00:00:00+00:00 [running]> on host c25e1f8124bc
[2023-10-01 04:59:44,342] {taskinstance.py:1257} INFO - Exporting the following env vars:
AIRFLOW_CTX_DAG_OWNER=coder2j
AIRFLOW_CTX_DAG_ID=our_first_dag_v5
AIRFLOW_CTX_TASK_ID=first_task
AIRFLOW_CTX_EXECUTION_DATE=2021-09-19T00:00:00+00:00
AIRFLOW_CTX_DAG_RUN_ID=scheduled__2021-09-19T00:00:00+00:00
[2023-10-01 04:59:44,364] {bash.py:135} INFO - Tmp dir root location: 
 /tmp
[2023-10-01 04:59:44,383] {bash.py:158} INFO - Running command: echo hello world, this is the first task!
[2023-10-01 04:59:44,526] {bash.py:169} INFO - Output:
[2023-10-01 04:59:44,557] {bash.py:173} INFO - hello world, this is the first task!
[2023-10-01 04:59:44,562] {bash.py:177} INFO - Command exited with return code 0
[2023-10-01 04:59:44,844] {taskinstance.py:1166} INFO - Marking task as SUCCESS. dag_id=our_first_dag_v5, task_id=first_task, execution_date=20210919T000000, start_date=20231001T045942, end_date=20231001T045944
[2023-10-01 04:59:45,211] {taskinstance.py:1220} INFO - 0 downstream tasks scheduled from follow-on schedule check
[2023-10-01 04:59:45,311] {local_task_job.py:146} INFO - Task exited with return code 0
