[2023-10-01 06:29:17,690] {taskinstance.py:851} INFO - Dependencies all met for <TaskInstance: our_fifth_dag_v5.greet 2021-08-26T00:00:00+00:00 [queued]>
[2023-10-01 06:29:17,903] {taskinstance.py:851} INFO - Dependencies all met for <TaskInstance: our_fifth_dag_v5.greet 2021-08-26T00:00:00+00:00 [queued]>
[2023-10-01 06:29:17,915] {taskinstance.py:1042} INFO - 
--------------------------------------------------------------------------------
[2023-10-01 06:29:17,919] {taskinstance.py:1043} INFO - Starting attempt 1 of 6
[2023-10-01 06:29:17,928] {taskinstance.py:1044} INFO - 
--------------------------------------------------------------------------------
[2023-10-01 06:29:18,034] {taskinstance.py:1063} INFO - Executing <Task(PythonOperator): greet> on 2021-08-26T00:00:00+00:00
[2023-10-01 06:29:18,172] {standard_task_runner.py:52} INFO - Started process 7420 to run task
[2023-10-01 06:29:18,217] {standard_task_runner.py:76} INFO - Running: ['airflow', 'tasks', 'run', 'our_fifth_dag_v5', 'greet', '2021-08-26T00:00:00+00:00', '--job-id', '1047', '--pool', 'default_pool', '--raw', '--subdir', 'DAGS_FOLDER/our_fifth_dag.py', '--cfg-path', '/tmp/tmprzd7ze07', '--error-file', '/tmp/tmpsadyya1s']
[2023-10-01 06:29:18,280] {standard_task_runner.py:77} INFO - Job 1047: Subtask greet
[2023-10-01 06:29:18,932] {logging_mixin.py:104} INFO - Running <TaskInstance: our_fifth_dag_v5.greet 2021-08-26T00:00:00+00:00 [running]> on host d4ed655215d1
[2023-10-01 06:29:19,569] {taskinstance.py:1257} INFO - Exporting the following env vars:
AIRFLOW_CTX_DAG_OWNER=coder2j
AIRFLOW_CTX_DAG_ID=our_fifth_dag_v5
AIRFLOW_CTX_TASK_ID=greet
AIRFLOW_CTX_EXECUTION_DATE=2021-08-26T00:00:00+00:00
AIRFLOW_CTX_DAG_RUN_ID=scheduled__2021-08-26T00:00:00+00:00
[2023-10-01 06:29:19,576] {logging_mixin.py:104} INFO - Hello how are you
[2023-10-01 06:29:19,598] {python.py:118} INFO - Done. Returned value was: None
[2023-10-01 06:29:19,671] {taskinstance.py:1166} INFO - Marking task as SUCCESS. dag_id=our_fifth_dag_v5, task_id=greet, execution_date=20210826T000000, start_date=20231001T062917, end_date=20231001T062919
[2023-10-01 06:29:20,891] {taskinstance.py:1220} INFO - 0 downstream tasks scheduled from follow-on schedule check
[2023-10-01 06:29:21,082] {local_task_job.py:146} INFO - Task exited with return code 0
