[2023-10-01 06:03:17,558] {taskinstance.py:851} INFO - Dependencies all met for <TaskInstance: our_third_dag_v3.first_task 2021-10-30T00:00:00+00:00 [queued]>
[2023-10-01 06:03:25,069] {taskinstance.py:851} INFO - Dependencies all met for <TaskInstance: our_third_dag_v3.first_task 2021-10-30T00:00:00+00:00 [queued]>
[2023-10-01 06:03:25,170] {taskinstance.py:1042} INFO - 
--------------------------------------------------------------------------------
[2023-10-01 06:03:25,181] {taskinstance.py:1043} INFO - Starting attempt 1 of 6
[2023-10-01 06:03:25,200] {taskinstance.py:1044} INFO - 
--------------------------------------------------------------------------------
[2023-10-01 06:03:26,567] {taskinstance.py:1063} INFO - Executing <Task(BashOperator): first_task> on 2021-10-30T00:00:00+00:00
[2023-10-01 06:03:26,836] {standard_task_runner.py:52} INFO - Started process 3547 to run task
[2023-10-01 06:03:27,192] {standard_task_runner.py:76} INFO - Running: ['airflow', 'tasks', 'run', 'our_third_dag_v3', 'first_task', '2021-10-30T00:00:00+00:00', '--job-id', '420', '--pool', 'default_pool', '--raw', '--subdir', 'DAGS_FOLDER/our_third_dag.py', '--cfg-path', '/tmp/tmpno_tej9v', '--error-file', '/tmp/tmpl1amqdqs']
[2023-10-01 06:03:27,357] {standard_task_runner.py:77} INFO - Job 420: Subtask first_task
[2023-10-01 06:03:28,749] {logging_mixin.py:104} INFO - Running <TaskInstance: our_third_dag_v3.first_task 2021-10-30T00:00:00+00:00 [running]> on host d4ed655215d1
[2023-10-01 06:03:29,914] {taskinstance.py:1257} INFO - Exporting the following env vars:
AIRFLOW_CTX_DAG_OWNER=coder2j
AIRFLOW_CTX_DAG_ID=our_third_dag_v3
AIRFLOW_CTX_TASK_ID=first_task
AIRFLOW_CTX_EXECUTION_DATE=2021-10-30T00:00:00+00:00
AIRFLOW_CTX_DAG_RUN_ID=scheduled__2021-10-30T00:00:00+00:00
[2023-10-01 06:03:29,933] {bash.py:135} INFO - Tmp dir root location: 
 /tmp
[2023-10-01 06:03:29,951] {bash.py:158} INFO - Running command: echo hello world, this is the first task!
[2023-10-01 06:03:30,008] {bash.py:169} INFO - Output:
[2023-10-01 06:03:30,034] {bash.py:173} INFO - hello world, this is the first task!
[2023-10-01 06:03:30,040] {bash.py:177} INFO - Command exited with return code 0
[2023-10-01 06:03:30,484] {taskinstance.py:1166} INFO - Marking task as SUCCESS. dag_id=our_third_dag_v3, task_id=first_task, execution_date=20211030T000000, start_date=20231001T060320, end_date=20231001T060330
[2023-10-01 06:03:33,058] {local_task_job.py:188} WARNING - State of this instance has been externally set to success. Terminating instance.
[2023-10-01 06:03:33,179] {process_utils.py:100} INFO - Sending Signals.SIGTERM to GPID 3547
[2023-10-01 06:03:33,238] {taskinstance.py:1239} ERROR - Received SIGTERM. Terminating subprocesses.
[2023-10-01 06:03:33,243] {bash.py:185} INFO - Sending SIGTERM signal to bash process group
[2023-10-01 06:03:33,615] {process_utils.py:66} INFO - Process psutil.Process(pid=3547, status='terminated', exitcode=1, started='06:03:26') (3547) terminated with exit code 1
