[2023-10-01 06:01:36,537] {taskinstance.py:851} INFO - Dependencies all met for <TaskInstance: our_third_dag_v3.first_task 2021-10-12T00:00:00+00:00 [queued]>
[2023-10-01 06:01:37,076] {taskinstance.py:851} INFO - Dependencies all met for <TaskInstance: our_third_dag_v3.first_task 2021-10-12T00:00:00+00:00 [queued]>
[2023-10-01 06:01:37,078] {taskinstance.py:1042} INFO - 
--------------------------------------------------------------------------------
[2023-10-01 06:01:37,080] {taskinstance.py:1043} INFO - Starting attempt 1 of 6
[2023-10-01 06:01:37,094] {taskinstance.py:1044} INFO - 
--------------------------------------------------------------------------------
[2023-10-01 06:01:37,379] {taskinstance.py:1063} INFO - Executing <Task(BashOperator): first_task> on 2021-10-12T00:00:00+00:00
[2023-10-01 06:01:37,457] {standard_task_runner.py:52} INFO - Started process 3299 to run task
[2023-10-01 06:01:37,565] {standard_task_runner.py:76} INFO - Running: ['airflow', 'tasks', 'run', 'our_third_dag_v3', 'first_task', '2021-10-12T00:00:00+00:00', '--job-id', '366', '--pool', 'default_pool', '--raw', '--subdir', 'DAGS_FOLDER/our_third_dag.py', '--cfg-path', '/tmp/tmp5rwy4nks', '--error-file', '/tmp/tmphsbm_ek2']
[2023-10-01 06:01:37,650] {standard_task_runner.py:77} INFO - Job 366: Subtask first_task
[2023-10-01 06:01:38,722] {logging_mixin.py:104} INFO - Running <TaskInstance: our_third_dag_v3.first_task 2021-10-12T00:00:00+00:00 [running]> on host d4ed655215d1
[2023-10-01 06:01:39,315] {taskinstance.py:1257} INFO - Exporting the following env vars:
AIRFLOW_CTX_DAG_OWNER=coder2j
AIRFLOW_CTX_DAG_ID=our_third_dag_v3
AIRFLOW_CTX_TASK_ID=first_task
AIRFLOW_CTX_EXECUTION_DATE=2021-10-12T00:00:00+00:00
AIRFLOW_CTX_DAG_RUN_ID=scheduled__2021-10-12T00:00:00+00:00
[2023-10-01 06:01:39,342] {bash.py:135} INFO - Tmp dir root location: 
 /tmp
[2023-10-01 06:01:39,357] {bash.py:158} INFO - Running command: echo hello world, this is the first task!
[2023-10-01 06:01:39,619] {bash.py:169} INFO - Output:
[2023-10-01 06:01:39,649] {bash.py:173} INFO - hello world, this is the first task!
[2023-10-01 06:01:39,661] {bash.py:177} INFO - Command exited with return code 0
[2023-10-01 06:01:40,110] {taskinstance.py:1166} INFO - Marking task as SUCCESS. dag_id=our_third_dag_v3, task_id=first_task, execution_date=20211012T000000, start_date=20231001T060136, end_date=20231001T060140
[2023-10-01 06:01:41,348] {taskinstance.py:1220} INFO - 2 downstream tasks scheduled from follow-on schedule check
[2023-10-01 06:01:41,539] {local_task_job.py:146} INFO - Task exited with return code 0
