[2023-10-01 06:55:11,686] {taskinstance.py:851} INFO - Dependencies all met for <TaskInstance: our_sixth_dag_v6.greet 2021-11-10T00:00:00+00:00 [queued]>
[2023-10-01 06:55:11,845] {taskinstance.py:851} INFO - Dependencies all met for <TaskInstance: our_sixth_dag_v6.greet 2021-11-10T00:00:00+00:00 [queued]>
[2023-10-01 06:55:11,847] {taskinstance.py:1042} INFO - 
--------------------------------------------------------------------------------
[2023-10-01 06:55:11,848] {taskinstance.py:1043} INFO - Starting attempt 1 of 6
[2023-10-01 06:55:11,850] {taskinstance.py:1044} INFO - 
--------------------------------------------------------------------------------
[2023-10-01 06:55:11,927] {taskinstance.py:1063} INFO - Executing <Task(PythonOperator): greet> on 2021-11-10T00:00:00+00:00
[2023-10-01 06:55:11,963] {standard_task_runner.py:52} INFO - Started process 11239 to run task
[2023-10-01 06:55:12,051] {standard_task_runner.py:76} INFO - Running: ['airflow', 'tasks', 'run', 'our_sixth_dag_v6', 'greet', '2021-11-10T00:00:00+00:00', '--job-id', '1263', '--pool', 'default_pool', '--raw', '--subdir', 'DAGS_FOLDER/our_sixth_dag.py', '--cfg-path', '/tmp/tmpwy88czk3', '--error-file', '/tmp/tmpfzofske5']
[2023-10-01 06:55:12,140] {standard_task_runner.py:77} INFO - Job 1263: Subtask greet
[2023-10-01 06:55:12,801] {logging_mixin.py:104} INFO - Running <TaskInstance: our_sixth_dag_v6.greet 2021-11-10T00:00:00+00:00 [running]> on host d4ed655215d1
[2023-10-01 06:55:13,605] {taskinstance.py:1257} INFO - Exporting the following env vars:
AIRFLOW_CTX_DAG_OWNER=svastikkka
AIRFLOW_CTX_DAG_ID=our_sixth_dag_v6
AIRFLOW_CTX_TASK_ID=greet
AIRFLOW_CTX_EXECUTION_DATE=2021-11-10T00:00:00+00:00
AIRFLOW_CTX_DAG_RUN_ID=scheduled__2021-11-10T00:00:00+00:00
[2023-10-01 06:55:13,728] {logging_mixin.py:104} INFO - Hello My name is Manshu and I am 20 years old.
[2023-10-01 06:55:13,731] {python.py:118} INFO - Done. Returned value was: None
[2023-10-01 06:55:14,042] {taskinstance.py:1166} INFO - Marking task as SUCCESS. dag_id=our_sixth_dag_v6, task_id=greet, execution_date=20211110T000000, start_date=20231001T065511, end_date=20231001T065514
[2023-10-01 06:55:15,316] {taskinstance.py:1220} INFO - 0 downstream tasks scheduled from follow-on schedule check
[2023-10-01 06:55:15,607] {local_task_job.py:146} INFO - Task exited with return code 0
