[2023-10-01 07:52:30,491] {taskinstance.py:851} INFO - Dependencies all met for <TaskInstance: our_seventh_dag_v7.greet 2022-09-26T00:00:00+00:00 [queued]>
[2023-10-01 07:52:30,703] {taskinstance.py:851} INFO - Dependencies all met for <TaskInstance: our_seventh_dag_v7.greet 2022-09-26T00:00:00+00:00 [queued]>
[2023-10-01 07:52:30,706] {taskinstance.py:1042} INFO - 
--------------------------------------------------------------------------------
[2023-10-01 07:52:30,726] {taskinstance.py:1043} INFO - Starting attempt 1 of 6
[2023-10-01 07:52:30,732] {taskinstance.py:1044} INFO - 
--------------------------------------------------------------------------------
[2023-10-01 07:52:31,013] {taskinstance.py:1063} INFO - Executing <Task(PythonOperator): greet> on 2022-09-26T00:00:00+00:00
[2023-10-01 07:52:31,073] {standard_task_runner.py:52} INFO - Started process 22474 to run task
[2023-10-01 07:52:31,162] {standard_task_runner.py:76} INFO - Running: ['airflow', 'tasks', 'run', 'our_seventh_dag_v7', 'greet', '2022-09-26T00:00:00+00:00', '--job-id', '2185', '--pool', 'default_pool', '--raw', '--subdir', 'DAGS_FOLDER/our_seventh_dag.py', '--cfg-path', '/tmp/tmpjczavqcy', '--error-file', '/tmp/tmp81jljy84']
[2023-10-01 07:52:31,290] {standard_task_runner.py:77} INFO - Job 2185: Subtask greet
[2023-10-01 07:52:32,525] {logging_mixin.py:104} INFO - Running <TaskInstance: our_seventh_dag_v7.greet 2022-09-26T00:00:00+00:00 [running]> on host d4ed655215d1
[2023-10-01 07:52:33,602] {taskinstance.py:1257} INFO - Exporting the following env vars:
AIRFLOW_CTX_DAG_OWNER=svastikkka
AIRFLOW_CTX_DAG_ID=our_seventh_dag_v7
AIRFLOW_CTX_TASK_ID=greet
AIRFLOW_CTX_EXECUTION_DATE=2022-09-26T00:00:00+00:00
AIRFLOW_CTX_DAG_RUN_ID=scheduled__2022-09-26T00:00:00+00:00
[2023-10-01 07:52:33,832] {logging_mixin.py:104} INFO - Hello My name is Manshu Sharma and I am 26 years old.
[2023-10-01 07:52:33,833] {python.py:118} INFO - Done. Returned value was: None
[2023-10-01 07:52:33,952] {taskinstance.py:1166} INFO - Marking task as SUCCESS. dag_id=our_seventh_dag_v7, task_id=greet, execution_date=20220926T000000, start_date=20231001T075230, end_date=20231001T075233
[2023-10-01 07:52:37,284] {local_task_job.py:188} WARNING - State of this instance has been externally set to success. Terminating instance.
[2023-10-01 07:52:37,669] {taskinstance.py:1220} INFO - 0 downstream tasks scheduled from follow-on schedule check
[2023-10-01 07:52:38,028] {process_utils.py:100} INFO - Sending Signals.SIGTERM to GPID 22474
[2023-10-01 07:52:38,346] {process_utils.py:66} INFO - Process psutil.Process(pid=22474, status='terminated', exitcode=0, started='07:52:30') (22474) terminated with exit code 0
