[2023-10-01 06:35:28,042] {taskinstance.py:851} INFO - Dependencies all met for <TaskInstance: our_fifth_dag_v5.greet 2021-10-03T00:00:00+00:00 [queued]>
[2023-10-01 06:35:28,078] {taskinstance.py:851} INFO - Dependencies all met for <TaskInstance: our_fifth_dag_v5.greet 2021-10-03T00:00:00+00:00 [queued]>
[2023-10-01 06:35:28,080] {taskinstance.py:1042} INFO - 
--------------------------------------------------------------------------------
[2023-10-01 06:35:28,082] {taskinstance.py:1043} INFO - Starting attempt 1 of 6
[2023-10-01 06:35:28,083] {taskinstance.py:1044} INFO - 
--------------------------------------------------------------------------------
[2023-10-01 06:35:28,117] {taskinstance.py:1063} INFO - Executing <Task(PythonOperator): greet> on 2021-10-03T00:00:00+00:00
[2023-10-01 06:35:28,127] {standard_task_runner.py:52} INFO - Started process 8339 to run task
[2023-10-01 06:35:28,149] {standard_task_runner.py:76} INFO - Running: ['airflow', 'tasks', 'run', 'our_fifth_dag_v5', 'greet', '2021-10-03T00:00:00+00:00', '--job-id', '1085', '--pool', 'default_pool', '--raw', '--subdir', 'DAGS_FOLDER/our_fifth_dag.py', '--cfg-path', '/tmp/tmpv4dsib9h', '--error-file', '/tmp/tmpf0kge3zw']
[2023-10-01 06:35:28,162] {standard_task_runner.py:77} INFO - Job 1085: Subtask greet
[2023-10-01 06:35:28,308] {logging_mixin.py:104} INFO - Running <TaskInstance: our_fifth_dag_v5.greet 2021-10-03T00:00:00+00:00 [running]> on host d4ed655215d1
[2023-10-01 06:35:28,670] {taskinstance.py:1257} INFO - Exporting the following env vars:
AIRFLOW_CTX_DAG_OWNER=coder2j
AIRFLOW_CTX_DAG_ID=our_fifth_dag_v5
AIRFLOW_CTX_TASK_ID=greet
AIRFLOW_CTX_EXECUTION_DATE=2021-10-03T00:00:00+00:00
AIRFLOW_CTX_DAG_RUN_ID=scheduled__2021-10-03T00:00:00+00:00
[2023-10-01 06:35:28,676] {logging_mixin.py:104} INFO - Hello My name is Anshu and I am 20 years old.
[2023-10-01 06:35:28,678] {python.py:118} INFO - Done. Returned value was: None
[2023-10-01 06:35:28,717] {taskinstance.py:1166} INFO - Marking task as SUCCESS. dag_id=our_fifth_dag_v5, task_id=greet, execution_date=20211003T000000, start_date=20231001T063528, end_date=20231001T063528
[2023-10-01 06:35:28,809] {taskinstance.py:1220} INFO - 0 downstream tasks scheduled from follow-on schedule check
[2023-10-01 06:35:28,847] {local_task_job.py:146} INFO - Task exited with return code 0
