[2023-10-01 10:02:28,447] {taskinstance.py:851} INFO - Dependencies all met for <TaskInstance: postgres_v1.insert_into_table 2021-09-02T00:00:00+00:00 [queued]>
[2023-10-01 10:02:28,884] {taskinstance.py:851} INFO - Dependencies all met for <TaskInstance: postgres_v1.insert_into_table 2021-09-02T00:00:00+00:00 [queued]>
[2023-10-01 10:02:28,890] {taskinstance.py:1042} INFO - 
--------------------------------------------------------------------------------
[2023-10-01 10:02:28,901] {taskinstance.py:1043} INFO - Starting attempt 2 of 6
[2023-10-01 10:02:28,906] {taskinstance.py:1044} INFO - 
--------------------------------------------------------------------------------
[2023-10-01 10:02:29,136] {taskinstance.py:1063} INFO - Executing <Task(PostgresOperator): insert_into_table> on 2021-09-02T00:00:00+00:00
[2023-10-01 10:02:29,190] {standard_task_runner.py:52} INFO - Started process 44824 to run task
[2023-10-01 10:02:29,384] {standard_task_runner.py:76} INFO - Running: ['airflow', 'tasks', 'run', 'postgres_v1', 'insert_into_table', '2021-09-02T00:00:00+00:00', '--job-id', '2653', '--pool', 'default_pool', '--raw', '--subdir', 'DAGS_FOLDER/1_postgresql.py', '--cfg-path', '/tmp/tmpiqa1t1i7', '--error-file', '/tmp/tmpr0h03uxo']
[2023-10-01 10:02:29,450] {standard_task_runner.py:77} INFO - Job 2653: Subtask insert_into_table
[2023-10-01 10:02:30,089] {logging_mixin.py:104} INFO - Running <TaskInstance: postgres_v1.insert_into_table 2021-09-02T00:00:00+00:00 [running]> on host d4ed655215d1
[2023-10-01 10:02:30,524] {taskinstance.py:1257} INFO - Exporting the following env vars:
AIRFLOW_CTX_DAG_OWNER=svastikkka
AIRFLOW_CTX_DAG_ID=postgres_v1
AIRFLOW_CTX_TASK_ID=insert_into_table
AIRFLOW_CTX_EXECUTION_DATE=2021-09-02T00:00:00+00:00
AIRFLOW_CTX_DAG_RUN_ID=scheduled__2021-09-02T00:00:00+00:00
[2023-10-01 10:02:30,534] {postgres.py:69} INFO - Executing: 
            insert into dag_runs (dt, dag_id) values ('2021-09-02', 'postgres_v1')
        
[2023-10-01 10:02:30,762] {base.py:74} INFO - Using connection to: id: posgres_testing. Host: host.docker.internal, Port: 5432, Schema: testing, Login: airflow, Password: XXXXXXXX, extra: None
[2023-10-01 10:02:30,882] {dbapi.py:180} INFO - Running statement: 
            insert into dag_runs (dt, dag_id) values ('2021-09-02', 'postgres_v1')
        , parameters: None
[2023-10-01 10:02:30,907] {taskinstance.py:1455} ERROR - relation "dag_runs" does not exist
LINE 2:             insert into dag_runs (dt, dag_id) values ('2021-...
                                ^
Traceback (most recent call last):
  File "/home/airflow/.local/lib/python3.6/site-packages/airflow/models/taskinstance.py", line 1112, in _run_raw_task
    self._prepare_and_execute_task_with_callbacks(context, task)
  File "/home/airflow/.local/lib/python3.6/site-packages/airflow/models/taskinstance.py", line 1285, in _prepare_and_execute_task_with_callbacks
    result = self._execute_task(context, task_copy)
  File "/home/airflow/.local/lib/python3.6/site-packages/airflow/models/taskinstance.py", line 1315, in _execute_task
    result = task_copy.execute(context=context)
  File "/home/airflow/.local/lib/python3.6/site-packages/airflow/providers/postgres/operators/postgres.py", line 71, in execute
    self.hook.run(self.sql, self.autocommit, parameters=self.parameters)
  File "/home/airflow/.local/lib/python3.6/site-packages/airflow/hooks/dbapi.py", line 184, in run
    cur.execute(sql_statement)
psycopg2.errors.UndefinedTable: relation "dag_runs" does not exist
LINE 2:             insert into dag_runs (dt, dag_id) values ('2021-...
                                ^

[2023-10-01 10:02:30,943] {taskinstance.py:1503} INFO - Marking task as UP_FOR_RETRY. dag_id=postgres_v1, task_id=insert_into_table, execution_date=20210902T000000, start_date=20231001T100228, end_date=20231001T100230
[2023-10-01 10:02:31,169] {local_task_job.py:146} INFO - Task exited with return code 1
