[2023-10-01 07:39:29,269] {taskinstance.py:851} INFO - Dependencies all met for <TaskInstance: our_seventh_dag_v7.greet 2021-09-20T00:00:00+00:00 [queued]>
[2023-10-01 07:39:29,638] {taskinstance.py:851} INFO - Dependencies all met for <TaskInstance: our_seventh_dag_v7.greet 2021-09-20T00:00:00+00:00 [queued]>
[2023-10-01 07:39:29,641] {taskinstance.py:1042} INFO - 
--------------------------------------------------------------------------------
[2023-10-01 07:39:29,643] {taskinstance.py:1043} INFO - Starting attempt 1 of 6
[2023-10-01 07:39:29,645] {taskinstance.py:1044} INFO - 
--------------------------------------------------------------------------------
[2023-10-01 07:39:29,837] {taskinstance.py:1063} INFO - Executing <Task(PythonOperator): greet> on 2021-09-20T00:00:00+00:00
[2023-10-01 07:39:29,887] {standard_task_runner.py:52} INFO - Started process 18750 to run task
[2023-10-01 07:39:30,001] {standard_task_runner.py:76} INFO - Running: ['airflow', 'tasks', 'run', 'our_seventh_dag_v7', 'greet', '2021-09-20T00:00:00+00:00', '--job-id', '1443', '--pool', 'default_pool', '--raw', '--subdir', 'DAGS_FOLDER/our_seventh_dag.py', '--cfg-path', '/tmp/tmpj6hzna_i', '--error-file', '/tmp/tmpgy6kkbwi']
[2023-10-01 07:39:30,093] {standard_task_runner.py:77} INFO - Job 1443: Subtask greet
[2023-10-01 07:39:31,485] {logging_mixin.py:104} INFO - Running <TaskInstance: our_seventh_dag_v7.greet 2021-09-20T00:00:00+00:00 [running]> on host d4ed655215d1
[2023-10-01 07:39:32,335] {taskinstance.py:1257} INFO - Exporting the following env vars:
AIRFLOW_CTX_DAG_OWNER=svastikkka
AIRFLOW_CTX_DAG_ID=our_seventh_dag_v7
AIRFLOW_CTX_TASK_ID=greet
AIRFLOW_CTX_EXECUTION_DATE=2021-09-20T00:00:00+00:00
AIRFLOW_CTX_DAG_RUN_ID=scheduled__2021-09-20T00:00:00+00:00
[2023-10-01 07:39:32,533] {logging_mixin.py:104} INFO - Hello My name is Manshu Sharma and I am 26 years old.
[2023-10-01 07:39:32,546] {python.py:118} INFO - Done. Returned value was: None
[2023-10-01 07:39:32,729] {taskinstance.py:1166} INFO - Marking task as SUCCESS. dag_id=our_seventh_dag_v7, task_id=greet, execution_date=20210920T000000, start_date=20231001T073929, end_date=20231001T073932
[2023-10-01 07:39:33,127] {taskinstance.py:1220} INFO - 0 downstream tasks scheduled from follow-on schedule check
[2023-10-01 07:39:33,316] {local_task_job.py:146} INFO - Task exited with return code 0
