[2023-10-01 08:08:49,419] {taskinstance.py:851} INFO - Dependencies all met for <TaskInstance: our_eight_dag_v8.get_name 2021-08-16T00:00:00+00:00 [queued]>
[2023-10-01 08:08:50,319] {taskinstance.py:851} INFO - Dependencies all met for <TaskInstance: our_eight_dag_v8.get_name 2021-08-16T00:00:00+00:00 [queued]>
[2023-10-01 08:08:50,339] {taskinstance.py:1042} INFO - 
--------------------------------------------------------------------------------
[2023-10-01 08:08:50,364] {taskinstance.py:1043} INFO - Starting attempt 1 of 6
[2023-10-01 08:08:50,382] {taskinstance.py:1044} INFO - 
--------------------------------------------------------------------------------
[2023-10-01 08:08:50,908] {taskinstance.py:1063} INFO - Executing <Task(PythonOperator): get_name> on 2021-08-16T00:00:00+00:00
[2023-10-01 08:08:51,090] {standard_task_runner.py:52} INFO - Started process 24883 to run task
[2023-10-01 08:08:51,537] {standard_task_runner.py:76} INFO - Running: ['airflow', 'tasks', 'run', 'our_eight_dag_v8', 'get_name', '2021-08-16T00:00:00+00:00', '--job-id', '2477', '--pool', 'default_pool', '--raw', '--subdir', 'DAGS_FOLDER/our_eight_dag.py', '--cfg-path', '/tmp/tmpkq24j1m4', '--error-file', '/tmp/tmpryedai2s']
[2023-10-01 08:08:52,072] {standard_task_runner.py:77} INFO - Job 2477: Subtask get_name
[2023-10-01 08:08:53,558] {logging_mixin.py:104} INFO - Running <TaskInstance: our_eight_dag_v8.get_name 2021-08-16T00:00:00+00:00 [running]> on host d4ed655215d1
[2023-10-01 08:08:57,275] {taskinstance.py:1257} INFO - Exporting the following env vars:
AIRFLOW_CTX_DAG_OWNER=svastikkka
AIRFLOW_CTX_DAG_ID=our_eight_dag_v8
AIRFLOW_CTX_TASK_ID=get_name
AIRFLOW_CTX_EXECUTION_DATE=2021-08-16T00:00:00+00:00
AIRFLOW_CTX_DAG_RUN_ID=scheduled__2021-08-16T00:00:00+00:00
[2023-10-01 08:08:58,117] {python.py:118} INFO - Done. Returned value was: None
[2023-10-01 08:08:58,470] {taskinstance.py:1166} INFO - Marking task as SUCCESS. dag_id=our_eight_dag_v8, task_id=get_name, execution_date=20210816T000000, start_date=20231001T080849, end_date=20231001T080858
[2023-10-01 08:08:59,131] {taskinstance.py:1220} INFO - 0 downstream tasks scheduled from follow-on schedule check
[2023-10-01 08:08:59,336] {local_task_job.py:146} INFO - Task exited with return code 0
