[2023-10-01 06:29:28,918] {taskinstance.py:851} INFO - Dependencies all met for <TaskInstance: our_fifth_dag_v5.greet 2021-08-30T00:00:00+00:00 [queued]>
[2023-10-01 06:29:29,158] {taskinstance.py:851} INFO - Dependencies all met for <TaskInstance: our_fifth_dag_v5.greet 2021-08-30T00:00:00+00:00 [queued]>
[2023-10-01 06:29:29,166] {taskinstance.py:1042} INFO - 
--------------------------------------------------------------------------------
[2023-10-01 06:29:29,170] {taskinstance.py:1043} INFO - Starting attempt 1 of 6
[2023-10-01 06:29:29,187] {taskinstance.py:1044} INFO - 
--------------------------------------------------------------------------------
[2023-10-01 06:29:29,324] {taskinstance.py:1063} INFO - Executing <Task(PythonOperator): greet> on 2021-08-30T00:00:00+00:00
[2023-10-01 06:29:29,411] {standard_task_runner.py:52} INFO - Started process 7451 to run task
[2023-10-01 06:29:29,560] {standard_task_runner.py:76} INFO - Running: ['airflow', 'tasks', 'run', 'our_fifth_dag_v5', 'greet', '2021-08-30T00:00:00+00:00', '--job-id', '1051', '--pool', 'default_pool', '--raw', '--subdir', 'DAGS_FOLDER/our_fifth_dag.py', '--cfg-path', '/tmp/tmpj7731_v_', '--error-file', '/tmp/tmpdk_58ssj']
[2023-10-01 06:29:29,678] {standard_task_runner.py:77} INFO - Job 1051: Subtask greet
[2023-10-01 06:29:30,516] {logging_mixin.py:104} INFO - Running <TaskInstance: our_fifth_dag_v5.greet 2021-08-30T00:00:00+00:00 [running]> on host d4ed655215d1
[2023-10-01 06:29:31,534] {taskinstance.py:1257} INFO - Exporting the following env vars:
AIRFLOW_CTX_DAG_OWNER=coder2j
AIRFLOW_CTX_DAG_ID=our_fifth_dag_v5
AIRFLOW_CTX_TASK_ID=greet
AIRFLOW_CTX_EXECUTION_DATE=2021-08-30T00:00:00+00:00
AIRFLOW_CTX_DAG_RUN_ID=scheduled__2021-08-30T00:00:00+00:00
[2023-10-01 06:29:31,543] {logging_mixin.py:104} INFO - Hello how are you
[2023-10-01 06:29:31,547] {python.py:118} INFO - Done. Returned value was: None
[2023-10-01 06:29:31,817] {taskinstance.py:1166} INFO - Marking task as SUCCESS. dag_id=our_fifth_dag_v5, task_id=greet, execution_date=20210830T000000, start_date=20231001T062928, end_date=20231001T062931
[2023-10-01 06:29:32,914] {taskinstance.py:1220} INFO - 0 downstream tasks scheduled from follow-on schedule check
[2023-10-01 06:29:33,090] {local_task_job.py:146} INFO - Task exited with return code 0
