[2023-10-01 05:58:03,353] {taskinstance.py:851} INFO - Dependencies all met for <TaskInstance: our_third_dag_v3.first_task 2021-09-04T00:00:00+00:00 [queued]>
[2023-10-01 05:58:04,198] {taskinstance.py:851} INFO - Dependencies all met for <TaskInstance: our_third_dag_v3.first_task 2021-09-04T00:00:00+00:00 [queued]>
[2023-10-01 05:58:04,229] {taskinstance.py:1042} INFO - 
--------------------------------------------------------------------------------
[2023-10-01 05:58:04,238] {taskinstance.py:1043} INFO - Starting attempt 1 of 6
[2023-10-01 05:58:04,247] {taskinstance.py:1044} INFO - 
--------------------------------------------------------------------------------
[2023-10-01 05:58:04,784] {taskinstance.py:1063} INFO - Executing <Task(BashOperator): first_task> on 2021-09-04T00:00:00+00:00
[2023-10-01 05:58:04,972] {standard_task_runner.py:52} INFO - Started process 2771 to run task
[2023-10-01 05:58:05,274] {standard_task_runner.py:76} INFO - Running: ['airflow', 'tasks', 'run', 'our_third_dag_v3', 'first_task', '2021-09-04T00:00:00+00:00', '--job-id', '256', '--pool', 'default_pool', '--raw', '--subdir', 'DAGS_FOLDER/our_third_dag.py', '--cfg-path', '/tmp/tmpdfa4hfdt', '--error-file', '/tmp/tmphznymx04']
[2023-10-01 05:58:05,466] {standard_task_runner.py:77} INFO - Job 256: Subtask first_task
[2023-10-01 05:58:07,607] {logging_mixin.py:104} INFO - Running <TaskInstance: our_third_dag_v3.first_task 2021-09-04T00:00:00+00:00 [running]> on host d4ed655215d1
[2023-10-01 05:58:09,923] {taskinstance.py:1257} INFO - Exporting the following env vars:
AIRFLOW_CTX_DAG_OWNER=coder2j
AIRFLOW_CTX_DAG_ID=our_third_dag_v3
AIRFLOW_CTX_TASK_ID=first_task
AIRFLOW_CTX_EXECUTION_DATE=2021-09-04T00:00:00+00:00
AIRFLOW_CTX_DAG_RUN_ID=scheduled__2021-09-04T00:00:00+00:00
[2023-10-01 05:58:10,084] {bash.py:135} INFO - Tmp dir root location: 
 /tmp
[2023-10-01 05:58:10,297] {bash.py:158} INFO - Running command: echo hello world, this is the first task!
[2023-10-01 05:58:10,812] {bash.py:169} INFO - Output:
[2023-10-01 05:58:10,948] {bash.py:173} INFO - hello world, this is the first task!
[2023-10-01 05:58:11,032] {bash.py:177} INFO - Command exited with return code 0
[2023-10-01 05:58:15,675] {taskinstance.py:1166} INFO - Marking task as SUCCESS. dag_id=our_third_dag_v3, task_id=first_task, execution_date=20210904T000000, start_date=20231001T055803, end_date=20231001T055815
[2023-10-01 05:58:17,015] {taskinstance.py:1220} INFO - 2 downstream tasks scheduled from follow-on schedule check
[2023-10-01 05:58:17,326] {local_task_job.py:146} INFO - Task exited with return code 0
