[2023-10-01 06:01:41,313] {taskinstance.py:851} INFO - Dependencies all met for <TaskInstance: our_third_dag_v3.thrid_task 2021-10-09T00:00:00+00:00 [queued]>
[2023-10-01 06:01:41,512] {taskinstance.py:851} INFO - Dependencies all met for <TaskInstance: our_third_dag_v3.thrid_task 2021-10-09T00:00:00+00:00 [queued]>
[2023-10-01 06:01:41,528] {taskinstance.py:1042} INFO - 
--------------------------------------------------------------------------------
[2023-10-01 06:01:41,534] {taskinstance.py:1043} INFO - Starting attempt 1 of 6
[2023-10-01 06:01:41,538] {taskinstance.py:1044} INFO - 
--------------------------------------------------------------------------------
[2023-10-01 06:01:41,818] {taskinstance.py:1063} INFO - Executing <Task(BashOperator): thrid_task> on 2021-10-09T00:00:00+00:00
[2023-10-01 06:01:41,838] {standard_task_runner.py:52} INFO - Started process 3310 to run task
[2023-10-01 06:01:42,026] {standard_task_runner.py:76} INFO - Running: ['airflow', 'tasks', 'run', 'our_third_dag_v3', 'thrid_task', '2021-10-09T00:00:00+00:00', '--job-id', '368', '--pool', 'default_pool', '--raw', '--subdir', 'DAGS_FOLDER/our_third_dag.py', '--cfg-path', '/tmp/tmp1oqtxpp4', '--error-file', '/tmp/tmpzo6sqrcz']
[2023-10-01 06:01:42,131] {standard_task_runner.py:77} INFO - Job 368: Subtask thrid_task
[2023-10-01 06:01:43,201] {logging_mixin.py:104} INFO - Running <TaskInstance: our_third_dag_v3.thrid_task 2021-10-09T00:00:00+00:00 [running]> on host d4ed655215d1
[2023-10-01 06:01:44,611] {taskinstance.py:1257} INFO - Exporting the following env vars:
AIRFLOW_CTX_DAG_OWNER=coder2j
AIRFLOW_CTX_DAG_ID=our_third_dag_v3
AIRFLOW_CTX_TASK_ID=thrid_task
AIRFLOW_CTX_EXECUTION_DATE=2021-10-09T00:00:00+00:00
AIRFLOW_CTX_DAG_RUN_ID=scheduled__2021-10-09T00:00:00+00:00
[2023-10-01 06:01:44,641] {bash.py:135} INFO - Tmp dir root location: 
 /tmp
[2023-10-01 06:01:44,714] {bash.py:158} INFO - Running command: echo hey, I am task3 and will be running after task1 at the same time as task2!
[2023-10-01 06:01:45,590] {bash.py:169} INFO - Output:
[2023-10-01 06:01:45,688] {bash.py:173} INFO - hey, I am task3 and will be running after task1 at the same time as task2!
[2023-10-01 06:01:45,698] {bash.py:177} INFO - Command exited with return code 0
[2023-10-01 06:01:45,988] {taskinstance.py:1166} INFO - Marking task as SUCCESS. dag_id=our_third_dag_v3, task_id=thrid_task, execution_date=20211009T000000, start_date=20231001T060141, end_date=20231001T060145
[2023-10-01 06:01:48,037] {local_task_job.py:188} WARNING - State of this instance has been externally set to success. Terminating instance.
[2023-10-01 06:01:48,501] {process_utils.py:100} INFO - Sending Signals.SIGTERM to GPID 3310
[2023-10-01 06:01:51,035] {taskinstance.py:1239} ERROR - Received SIGTERM. Terminating subprocesses.
[2023-10-01 06:01:51,212] {bash.py:185} INFO - Sending SIGTERM signal to bash process group
[2023-10-01 06:01:52,684] {process_utils.py:66} INFO - Process psutil.Process(pid=3310, status='terminated', exitcode=1, started='06:01:41') (3310) terminated with exit code 1
