[2023-10-01 06:51:12,484] {taskinstance.py:851} INFO - Dependencies all met for <TaskInstance: our_sixth_dag_v6.get_name 2021-09-12T00:00:00+00:00 [None]>
[2023-10-01 06:51:13,229] {taskinstance.py:851} INFO - Dependencies all met for <TaskInstance: our_sixth_dag_v6.get_name 2021-09-12T00:00:00+00:00 [None]>
[2023-10-01 06:51:13,237] {taskinstance.py:1042} INFO - 
--------------------------------------------------------------------------------
[2023-10-01 06:51:13,246] {taskinstance.py:1043} INFO - Starting attempt 1 of 6
[2023-10-01 06:51:13,251] {taskinstance.py:1044} INFO - 
--------------------------------------------------------------------------------
[2023-10-01 06:51:13,425] {taskinstance.py:1063} INFO - Executing <Task(PythonOperator): get_name> on 2021-09-12T00:00:00+00:00
[2023-10-01 06:51:13,686] {standard_task_runner.py:52} INFO - Started process 10502 to run task
[2023-10-01 06:51:14,470] {standard_task_runner.py:76} INFO - Running: ['airflow', 'tasks', 'run', 'our_sixth_dag_v6', 'get_name', '2021-09-12T00:00:00+00:00', '--job-id', '1138', '--pool', 'default_pool', '--raw', '--subdir', 'DAGS_FOLDER/our_sixth_dag.py', '--cfg-path', '/tmp/tmp8gsq2b9q', '--error-file', '/tmp/tmpek205n2r']
[2023-10-01 06:51:14,730] {standard_task_runner.py:77} INFO - Job 1138: Subtask get_name
[2023-10-01 06:51:19,276] {logging_mixin.py:104} INFO - Running <TaskInstance: our_sixth_dag_v6.get_name 2021-09-12T00:00:00+00:00 [running]> on host d4ed655215d1
[2023-10-01 06:51:19,896] {taskinstance.py:1257} INFO - Exporting the following env vars:
AIRFLOW_CTX_DAG_OWNER=svastikkka
AIRFLOW_CTX_DAG_ID=our_sixth_dag_v6
AIRFLOW_CTX_TASK_ID=get_name
AIRFLOW_CTX_EXECUTION_DATE=2021-09-12T00:00:00+00:00
AIRFLOW_CTX_DAG_RUN_ID=scheduled__2021-09-12T00:00:00+00:00
[2023-10-01 06:51:19,905] {python.py:118} INFO - Done. Returned value was: Manshu
[2023-10-01 06:51:20,040] {taskinstance.py:1166} INFO - Marking task as SUCCESS. dag_id=our_sixth_dag_v6, task_id=get_name, execution_date=20210912T000000, start_date=20231001T065112, end_date=20231001T065120
[2023-10-01 06:51:22,585] {taskinstance.py:1220} INFO - 1 downstream tasks scheduled from follow-on schedule check
[2023-10-01 06:51:31,075] {local_task_job.py:146} INFO - Task exited with return code 0
