[2023-10-01 06:03:06,689] {taskinstance.py:851} INFO - Dependencies all met for <TaskInstance: our_third_dag_v3.first_task 2021-10-29T00:00:00+00:00 [queued]>
[2023-10-01 06:03:08,042] {taskinstance.py:851} INFO - Dependencies all met for <TaskInstance: our_third_dag_v3.first_task 2021-10-29T00:00:00+00:00 [queued]>
[2023-10-01 06:03:08,091] {taskinstance.py:1042} INFO - 
--------------------------------------------------------------------------------
[2023-10-01 06:03:08,104] {taskinstance.py:1043} INFO - Starting attempt 1 of 6
[2023-10-01 06:03:08,117] {taskinstance.py:1044} INFO - 
--------------------------------------------------------------------------------
[2023-10-01 06:03:08,576] {taskinstance.py:1063} INFO - Executing <Task(BashOperator): first_task> on 2021-10-29T00:00:00+00:00
[2023-10-01 06:03:08,862] {standard_task_runner.py:52} INFO - Started process 3543 to run task
[2023-10-01 06:03:09,446] {standard_task_runner.py:76} INFO - Running: ['airflow', 'tasks', 'run', 'our_third_dag_v3', 'first_task', '2021-10-29T00:00:00+00:00', '--job-id', '418', '--pool', 'default_pool', '--raw', '--subdir', 'DAGS_FOLDER/our_third_dag.py', '--cfg-path', '/tmp/tmpn0egmyhi', '--error-file', '/tmp/tmpbmxvinzp']
[2023-10-01 06:03:10,103] {standard_task_runner.py:77} INFO - Job 418: Subtask first_task
[2023-10-01 06:03:20,670] {logging_mixin.py:104} INFO - Running <TaskInstance: our_third_dag_v3.first_task 2021-10-29T00:00:00+00:00 [running]> on host d4ed655215d1
[2023-10-01 06:03:27,341] {taskinstance.py:1257} INFO - Exporting the following env vars:
AIRFLOW_CTX_DAG_OWNER=coder2j
AIRFLOW_CTX_DAG_ID=our_third_dag_v3
AIRFLOW_CTX_TASK_ID=first_task
AIRFLOW_CTX_EXECUTION_DATE=2021-10-29T00:00:00+00:00
AIRFLOW_CTX_DAG_RUN_ID=scheduled__2021-10-29T00:00:00+00:00
[2023-10-01 06:03:27,432] {bash.py:135} INFO - Tmp dir root location: 
 /tmp
[2023-10-01 06:03:27,532] {bash.py:158} INFO - Running command: echo hello world, this is the first task!
[2023-10-01 06:03:27,967] {bash.py:169} INFO - Output:
[2023-10-01 06:03:28,163] {bash.py:173} INFO - hello world, this is the first task!
[2023-10-01 06:03:28,221] {bash.py:177} INFO - Command exited with return code 0
[2023-10-01 06:03:28,936] {taskinstance.py:1166} INFO - Marking task as SUCCESS. dag_id=our_third_dag_v3, task_id=first_task, execution_date=20211029T000000, start_date=20231001T060307, end_date=20231001T060328
[2023-10-01 06:03:32,978] {taskinstance.py:1220} INFO - 0 downstream tasks scheduled from follow-on schedule check
[2023-10-01 06:03:33,227] {local_task_job.py:188} WARNING - State of this instance has been externally set to success. Terminating instance.
[2023-10-01 06:03:33,492] {process_utils.py:100} INFO - Sending Signals.SIGTERM to GPID 3543
[2023-10-01 06:03:33,500] {process_utils.py:66} INFO - Process psutil.Process(pid=3543, status='terminated', exitcode=0, started='06:03:08') (3543) terminated with exit code 0
