[2023-10-01 07:46:41,482] {taskinstance.py:851} INFO - Dependencies all met for <TaskInstance: our_seventh_dag_v7.greet 2022-03-31T00:00:00+00:00 [queued]>
[2023-10-01 07:46:41,721] {taskinstance.py:851} INFO - Dependencies all met for <TaskInstance: our_seventh_dag_v7.greet 2022-03-31T00:00:00+00:00 [queued]>
[2023-10-01 07:46:41,726] {taskinstance.py:1042} INFO - 
--------------------------------------------------------------------------------
[2023-10-01 07:46:41,730] {taskinstance.py:1043} INFO - Starting attempt 1 of 6
[2023-10-01 07:46:41,736] {taskinstance.py:1044} INFO - 
--------------------------------------------------------------------------------
[2023-10-01 07:46:41,899] {taskinstance.py:1063} INFO - Executing <Task(PythonOperator): greet> on 2022-03-31T00:00:00+00:00
[2023-10-01 07:46:41,965] {standard_task_runner.py:52} INFO - Started process 20739 to run task
[2023-10-01 07:46:42,084] {standard_task_runner.py:76} INFO - Running: ['airflow', 'tasks', 'run', 'our_seventh_dag_v7', 'greet', '2022-03-31T00:00:00+00:00', '--job-id', '1828', '--pool', 'default_pool', '--raw', '--subdir', 'DAGS_FOLDER/our_seventh_dag.py', '--cfg-path', '/tmp/tmp741csgy6', '--error-file', '/tmp/tmp9q7q9243']
[2023-10-01 07:46:42,177] {standard_task_runner.py:77} INFO - Job 1828: Subtask greet
[2023-10-01 07:46:42,944] {logging_mixin.py:104} INFO - Running <TaskInstance: our_seventh_dag_v7.greet 2022-03-31T00:00:00+00:00 [running]> on host d4ed655215d1
[2023-10-01 07:46:43,503] {taskinstance.py:1257} INFO - Exporting the following env vars:
AIRFLOW_CTX_DAG_OWNER=svastikkka
AIRFLOW_CTX_DAG_ID=our_seventh_dag_v7
AIRFLOW_CTX_TASK_ID=greet
AIRFLOW_CTX_EXECUTION_DATE=2022-03-31T00:00:00+00:00
AIRFLOW_CTX_DAG_RUN_ID=scheduled__2022-03-31T00:00:00+00:00
[2023-10-01 07:46:43,643] {logging_mixin.py:104} INFO - Hello My name is Manshu Sharma and I am 26 years old.
[2023-10-01 07:46:43,649] {python.py:118} INFO - Done. Returned value was: None
[2023-10-01 07:46:43,757] {taskinstance.py:1166} INFO - Marking task as SUCCESS. dag_id=our_seventh_dag_v7, task_id=greet, execution_date=20220331T000000, start_date=20231001T074641, end_date=20231001T074643
[2023-10-01 07:46:44,352] {taskinstance.py:1220} INFO - 0 downstream tasks scheduled from follow-on schedule check
[2023-10-01 07:46:44,514] {local_task_job.py:146} INFO - Task exited with return code 0
