[2023-10-01 07:43:28,110] {taskinstance.py:851} INFO - Dependencies all met for <TaskInstance: our_seventh_dag_v7.greet 2021-12-30T00:00:00+00:00 [queued]>
[2023-10-01 07:43:28,226] {taskinstance.py:851} INFO - Dependencies all met for <TaskInstance: our_seventh_dag_v7.greet 2021-12-30T00:00:00+00:00 [queued]>
[2023-10-01 07:43:28,228] {taskinstance.py:1042} INFO - 
--------------------------------------------------------------------------------
[2023-10-01 07:43:28,229] {taskinstance.py:1043} INFO - Starting attempt 1 of 6
[2023-10-01 07:43:28,231] {taskinstance.py:1044} INFO - 
--------------------------------------------------------------------------------
[2023-10-01 07:43:28,337] {taskinstance.py:1063} INFO - Executing <Task(PythonOperator): greet> on 2021-12-30T00:00:00+00:00
[2023-10-01 07:43:28,375] {standard_task_runner.py:52} INFO - Started process 19835 to run task
[2023-10-01 07:43:28,433] {standard_task_runner.py:76} INFO - Running: ['airflow', 'tasks', 'run', 'our_seventh_dag_v7', 'greet', '2021-12-30T00:00:00+00:00', '--job-id', '1646', '--pool', 'default_pool', '--raw', '--subdir', 'DAGS_FOLDER/our_seventh_dag.py', '--cfg-path', '/tmp/tmpcf_54m7f', '--error-file', '/tmp/tmpq279vw3e']
[2023-10-01 07:43:28,465] {standard_task_runner.py:77} INFO - Job 1646: Subtask greet
[2023-10-01 07:43:28,865] {logging_mixin.py:104} INFO - Running <TaskInstance: our_seventh_dag_v7.greet 2021-12-30T00:00:00+00:00 [running]> on host d4ed655215d1
[2023-10-01 07:43:29,083] {taskinstance.py:1257} INFO - Exporting the following env vars:
AIRFLOW_CTX_DAG_OWNER=svastikkka
AIRFLOW_CTX_DAG_ID=our_seventh_dag_v7
AIRFLOW_CTX_TASK_ID=greet
AIRFLOW_CTX_EXECUTION_DATE=2021-12-30T00:00:00+00:00
AIRFLOW_CTX_DAG_RUN_ID=scheduled__2021-12-30T00:00:00+00:00
[2023-10-01 07:43:29,173] {logging_mixin.py:104} INFO - Hello My name is Manshu Sharma and I am 26 years old.
[2023-10-01 07:43:29,177] {python.py:118} INFO - Done. Returned value was: None
[2023-10-01 07:43:29,228] {taskinstance.py:1166} INFO - Marking task as SUCCESS. dag_id=our_seventh_dag_v7, task_id=greet, execution_date=20211230T000000, start_date=20231001T074328, end_date=20231001T074329
[2023-10-01 07:43:29,418] {taskinstance.py:1220} INFO - 0 downstream tasks scheduled from follow-on schedule check
[2023-10-01 07:43:29,512] {local_task_job.py:146} INFO - Task exited with return code 0
