[2023-10-01 06:01:31,977] {taskinstance.py:851} INFO - Dependencies all met for <TaskInstance: our_third_dag_v3.first_task 2021-10-10T00:00:00+00:00 [queued]>
[2023-10-01 06:01:32,530] {taskinstance.py:851} INFO - Dependencies all met for <TaskInstance: our_third_dag_v3.first_task 2021-10-10T00:00:00+00:00 [queued]>
[2023-10-01 06:01:32,532] {taskinstance.py:1042} INFO - 
--------------------------------------------------------------------------------
[2023-10-01 06:01:32,533] {taskinstance.py:1043} INFO - Starting attempt 1 of 6
[2023-10-01 06:01:32,535] {taskinstance.py:1044} INFO - 
--------------------------------------------------------------------------------
[2023-10-01 06:01:32,680] {taskinstance.py:1063} INFO - Executing <Task(BashOperator): first_task> on 2021-10-10T00:00:00+00:00
[2023-10-01 06:01:32,795] {standard_task_runner.py:52} INFO - Started process 3278 to run task
[2023-10-01 06:01:32,836] {standard_task_runner.py:76} INFO - Running: ['airflow', 'tasks', 'run', 'our_third_dag_v3', 'first_task', '2021-10-10T00:00:00+00:00', '--job-id', '361', '--pool', 'default_pool', '--raw', '--subdir', 'DAGS_FOLDER/our_third_dag.py', '--cfg-path', '/tmp/tmpkglneaqy', '--error-file', '/tmp/tmpvjo2zzt6']
[2023-10-01 06:01:32,851] {standard_task_runner.py:77} INFO - Job 361: Subtask first_task
[2023-10-01 06:01:33,520] {logging_mixin.py:104} INFO - Running <TaskInstance: our_third_dag_v3.first_task 2021-10-10T00:00:00+00:00 [running]> on host d4ed655215d1
[2023-10-01 06:01:34,282] {taskinstance.py:1257} INFO - Exporting the following env vars:
AIRFLOW_CTX_DAG_OWNER=coder2j
AIRFLOW_CTX_DAG_ID=our_third_dag_v3
AIRFLOW_CTX_TASK_ID=first_task
AIRFLOW_CTX_EXECUTION_DATE=2021-10-10T00:00:00+00:00
AIRFLOW_CTX_DAG_RUN_ID=scheduled__2021-10-10T00:00:00+00:00
[2023-10-01 06:01:34,284] {bash.py:135} INFO - Tmp dir root location: 
 /tmp
[2023-10-01 06:01:34,329] {bash.py:158} INFO - Running command: echo hello world, this is the first task!
[2023-10-01 06:01:34,594] {bash.py:169} INFO - Output:
[2023-10-01 06:01:34,630] {bash.py:173} INFO - hello world, this is the first task!
[2023-10-01 06:01:34,642] {bash.py:177} INFO - Command exited with return code 0
[2023-10-01 06:01:35,035] {taskinstance.py:1166} INFO - Marking task as SUCCESS. dag_id=our_third_dag_v3, task_id=first_task, execution_date=20211010T000000, start_date=20231001T060132, end_date=20231001T060135
[2023-10-01 06:01:36,559] {taskinstance.py:1220} INFO - 0 downstream tasks scheduled from follow-on schedule check
[2023-10-01 06:01:36,808] {local_task_job.py:146} INFO - Task exited with return code 0
