[2023-10-01 05:03:45,435] {taskinstance.py:851} INFO - Dependencies all met for <TaskInstance: our_first_dag_v1.first_task 2021-10-08T00:00:00+00:00 [queued]>
[2023-10-01 05:03:45,925] {taskinstance.py:851} INFO - Dependencies all met for <TaskInstance: our_first_dag_v1.first_task 2021-10-08T00:00:00+00:00 [queued]>
[2023-10-01 05:03:45,928] {taskinstance.py:1042} INFO - 
--------------------------------------------------------------------------------
[2023-10-01 05:03:45,930] {taskinstance.py:1043} INFO - Starting attempt 1 of 6
[2023-10-01 05:03:45,936] {taskinstance.py:1044} INFO - 
--------------------------------------------------------------------------------
[2023-10-01 05:03:46,184] {taskinstance.py:1063} INFO - Executing <Task(BashOperator): first_task> on 2021-10-08T00:00:00+00:00
[2023-10-01 05:03:46,293] {standard_task_runner.py:52} INFO - Started process 1234 to run task
[2023-10-01 05:03:46,417] {standard_task_runner.py:76} INFO - Running: ['airflow', 'tasks', 'run', 'our_first_dag_v1', 'first_task', '2021-10-08T00:00:00+00:00', '--job-id', '162', '--pool', 'default_pool', '--raw', '--subdir', 'DAGS_FOLDER/our_first_dag.py', '--cfg-path', '/tmp/tmpnpcpm7pi', '--error-file', '/tmp/tmpsi2zdqmd']
[2023-10-01 05:03:46,451] {standard_task_runner.py:77} INFO - Job 162: Subtask first_task
[2023-10-01 05:03:46,969] {logging_mixin.py:104} INFO - Running <TaskInstance: our_first_dag_v1.first_task 2021-10-08T00:00:00+00:00 [running]> on host c25e1f8124bc
[2023-10-01 05:03:47,228] {taskinstance.py:1257} INFO - Exporting the following env vars:
AIRFLOW_CTX_DAG_OWNER=coder2j
AIRFLOW_CTX_DAG_ID=our_first_dag_v1
AIRFLOW_CTX_TASK_ID=first_task
AIRFLOW_CTX_EXECUTION_DATE=2021-10-08T00:00:00+00:00
AIRFLOW_CTX_DAG_RUN_ID=scheduled__2021-10-08T00:00:00+00:00
[2023-10-01 05:03:47,240] {bash.py:135} INFO - Tmp dir root location: 
 /tmp
[2023-10-01 05:03:47,247] {bash.py:158} INFO - Running command: echo hello world, this is the first task!
[2023-10-01 05:03:47,295] {bash.py:169} INFO - Output:
[2023-10-01 05:03:47,318] {bash.py:173} INFO - hello world, this is the first task!
[2023-10-01 05:03:47,326] {bash.py:177} INFO - Command exited with return code 0
[2023-10-01 05:03:47,560] {taskinstance.py:1166} INFO - Marking task as SUCCESS. dag_id=our_first_dag_v1, task_id=first_task, execution_date=20211008T000000, start_date=20231001T050345, end_date=20231001T050347
[2023-10-01 05:03:47,694] {taskinstance.py:1220} INFO - 0 downstream tasks scheduled from follow-on schedule check
[2023-10-01 05:03:47,835] {local_task_job.py:146} INFO - Task exited with return code 0
[2023-10-01 05:19:57,121] {taskinstance.py:851} INFO - Dependencies all met for <TaskInstance: our_first_dag_v1.first_task 2021-10-08T00:00:00+00:00 [queued]>
[2023-10-01 05:19:57,206] {taskinstance.py:851} INFO - Dependencies all met for <TaskInstance: our_first_dag_v1.first_task 2021-10-08T00:00:00+00:00 [queued]>
[2023-10-01 05:19:57,207] {taskinstance.py:1042} INFO - 
--------------------------------------------------------------------------------
[2023-10-01 05:19:57,214] {taskinstance.py:1043} INFO - Starting attempt 1 of 6
[2023-10-01 05:19:57,220] {taskinstance.py:1044} INFO - 
--------------------------------------------------------------------------------
[2023-10-01 05:19:57,307] {taskinstance.py:1063} INFO - Executing <Task(BashOperator): first_task> on 2021-10-08T00:00:00+00:00
[2023-10-01 05:19:57,365] {standard_task_runner.py:52} INFO - Started process 470 to run task
[2023-10-01 05:19:57,435] {standard_task_runner.py:76} INFO - Running: ['airflow', 'tasks', 'run', 'our_first_dag_v1', 'first_task', '2021-10-08T00:00:00+00:00', '--job-id', '72', '--pool', 'default_pool', '--raw', '--subdir', 'DAGS_FOLDER/our_first_dag.py', '--cfg-path', '/tmp/tmpd47mvlny', '--error-file', '/tmp/tmpummn3xbq']
[2023-10-01 05:19:57,515] {standard_task_runner.py:77} INFO - Job 72: Subtask first_task
[2023-10-01 05:19:57,873] {logging_mixin.py:104} INFO - Running <TaskInstance: our_first_dag_v1.first_task 2021-10-08T00:00:00+00:00 [running]> on host d4ed655215d1
[2023-10-01 05:19:58,272] {taskinstance.py:1257} INFO - Exporting the following env vars:
AIRFLOW_CTX_DAG_OWNER=coder2j
AIRFLOW_CTX_DAG_ID=our_first_dag_v1
AIRFLOW_CTX_TASK_ID=first_task
AIRFLOW_CTX_EXECUTION_DATE=2021-10-08T00:00:00+00:00
AIRFLOW_CTX_DAG_RUN_ID=scheduled__2021-10-08T00:00:00+00:00
[2023-10-01 05:19:58,284] {bash.py:135} INFO - Tmp dir root location: 
 /tmp
[2023-10-01 05:19:58,314] {bash.py:158} INFO - Running command: echo hello world, this is the first task!
[2023-10-01 05:19:58,365] {bash.py:169} INFO - Output:
[2023-10-01 05:19:58,400] {bash.py:173} INFO - hello world, this is the first task!
[2023-10-01 05:19:58,409] {bash.py:177} INFO - Command exited with return code 0
[2023-10-01 05:19:58,599] {taskinstance.py:1166} INFO - Marking task as SUCCESS. dag_id=our_first_dag_v1, task_id=first_task, execution_date=20211008T000000, start_date=20231001T051957, end_date=20231001T051958
[2023-10-01 05:19:58,879] {taskinstance.py:1220} INFO - 0 downstream tasks scheduled from follow-on schedule check
[2023-10-01 05:19:58,980] {local_task_job.py:146} INFO - Task exited with return code 0
