[2023-10-01 09:18:20,921] {taskinstance.py:851} INFO - Dependencies all met for <TaskInstance: cron.first_task 2021-08-20T00:00:00+00:00 [queued]>
[2023-10-01 09:18:21,354] {taskinstance.py:851} INFO - Dependencies all met for <TaskInstance: cron.first_task 2021-08-20T00:00:00+00:00 [queued]>
[2023-10-01 09:18:21,358] {taskinstance.py:1042} INFO - 
--------------------------------------------------------------------------------
[2023-10-01 09:18:21,369] {taskinstance.py:1043} INFO - Starting attempt 1 of 6
[2023-10-01 09:18:21,373] {taskinstance.py:1044} INFO - 
--------------------------------------------------------------------------------
[2023-10-01 09:18:21,539] {taskinstance.py:1063} INFO - Executing <Task(BashOperator): first_task> on 2021-08-20T00:00:00+00:00
[2023-10-01 09:18:21,652] {standard_task_runner.py:52} INFO - Started process 34581 to run task
[2023-10-01 09:18:21,904] {standard_task_runner.py:76} INFO - Running: ['airflow', 'tasks', 'run', 'cron', 'first_task', '2021-08-20T00:00:00+00:00', '--job-id', '2512', '--pool', 'default_pool', '--raw', '--subdir', 'DAGS_FOLDER/cron.py', '--cfg-path', '/tmp/tmp59h54t2j', '--error-file', '/tmp/tmpaj__0qij']
[2023-10-01 09:18:21,988] {standard_task_runner.py:77} INFO - Job 2512: Subtask first_task
[2023-10-01 09:18:23,114] {logging_mixin.py:104} INFO - Running <TaskInstance: cron.first_task 2021-08-20T00:00:00+00:00 [running]> on host d4ed655215d1
[2023-10-01 09:18:23,835] {taskinstance.py:1257} INFO - Exporting the following env vars:
AIRFLOW_CTX_DAG_OWNER=svastikkka
AIRFLOW_CTX_DAG_ID=cron
AIRFLOW_CTX_TASK_ID=first_task
AIRFLOW_CTX_EXECUTION_DATE=2021-08-20T00:00:00+00:00
AIRFLOW_CTX_DAG_RUN_ID=scheduled__2021-08-20T00:00:00+00:00
[2023-10-01 09:18:23,839] {bash.py:135} INFO - Tmp dir root location: 
 /tmp
[2023-10-01 09:18:23,896] {bash.py:158} INFO - Running command: echo hello world, this is the first task!
[2023-10-01 09:18:24,115] {bash.py:169} INFO - Output:
[2023-10-01 09:18:24,152] {bash.py:173} INFO - hello world, this is the first task!
[2023-10-01 09:18:24,159] {bash.py:177} INFO - Command exited with return code 0
[2023-10-01 09:18:24,811] {taskinstance.py:1166} INFO - Marking task as SUCCESS. dag_id=cron, task_id=first_task, execution_date=20210820T000000, start_date=20231001T091820, end_date=20231001T091824
[2023-10-01 09:18:27,897] {local_task_job.py:188} WARNING - State of this instance has been externally set to success. Terminating instance.
[2023-10-01 09:18:28,066] {process_utils.py:100} INFO - Sending Signals.SIGTERM to GPID 34581
[2023-10-01 09:18:28,376] {taskinstance.py:1239} ERROR - Received SIGTERM. Terminating subprocesses.
[2023-10-01 09:18:28,391] {bash.py:185} INFO - Sending SIGTERM signal to bash process group
[2023-10-01 09:18:28,970] {process_utils.py:66} INFO - Process psutil.Process(pid=34581, status='terminated', exitcode=1, started='09:18:20') (34581) terminated with exit code 1
