[2023-10-01 06:08:10,141] {taskinstance.py:851} INFO - Dependencies all met for <TaskInstance: our_fourth_dag_v4.second_task 2021-08-04T00:00:00+00:00 [queued]>
[2023-10-01 06:08:10,700] {taskinstance.py:851} INFO - Dependencies all met for <TaskInstance: our_fourth_dag_v4.second_task 2021-08-04T00:00:00+00:00 [queued]>
[2023-10-01 06:08:10,709] {taskinstance.py:1042} INFO - 
--------------------------------------------------------------------------------
[2023-10-01 06:08:10,713] {taskinstance.py:1043} INFO - Starting attempt 1 of 6
[2023-10-01 06:08:10,719] {taskinstance.py:1044} INFO - 
--------------------------------------------------------------------------------
[2023-10-01 06:08:11,043] {taskinstance.py:1063} INFO - Executing <Task(BashOperator): second_task> on 2021-08-04T00:00:00+00:00
[2023-10-01 06:08:11,506] {standard_task_runner.py:52} INFO - Started process 3982 to run task
[2023-10-01 06:08:12,288] {standard_task_runner.py:76} INFO - Running: ['airflow', 'tasks', 'run', 'our_fourth_dag_v4', 'second_task', '2021-08-04T00:00:00+00:00', '--job-id', '451', '--pool', 'default_pool', '--raw', '--subdir', 'DAGS_FOLDER/our_fourth_dag.py', '--cfg-path', '/tmp/tmpg6r3wolg', '--error-file', '/tmp/tmp6lcnnbln']
[2023-10-01 06:08:12,432] {standard_task_runner.py:77} INFO - Job 451: Subtask second_task
[2023-10-01 06:08:14,515] {logging_mixin.py:104} INFO - Running <TaskInstance: our_fourth_dag_v4.second_task 2021-08-04T00:00:00+00:00 [running]> on host d4ed655215d1
[2023-10-01 06:08:15,859] {taskinstance.py:1257} INFO - Exporting the following env vars:
AIRFLOW_CTX_DAG_OWNER=svastikkka
AIRFLOW_CTX_DAG_ID=our_fourth_dag_v4
AIRFLOW_CTX_TASK_ID=second_task
AIRFLOW_CTX_EXECUTION_DATE=2021-08-04T00:00:00+00:00
AIRFLOW_CTX_DAG_RUN_ID=scheduled__2021-08-04T00:00:00+00:00
[2023-10-01 06:08:15,864] {bash.py:135} INFO - Tmp dir root location: 
 /tmp
[2023-10-01 06:08:15,892] {bash.py:158} INFO - Running command: echo hey, I am task2 and will be running after task1!
[2023-10-01 06:08:16,237] {bash.py:169} INFO - Output:
[2023-10-01 06:08:16,271] {bash.py:173} INFO - hey, I am task2 and will be running after task1!
[2023-10-01 06:08:16,342] {bash.py:177} INFO - Command exited with return code 0
[2023-10-01 06:08:16,602] {taskinstance.py:1166} INFO - Marking task as SUCCESS. dag_id=our_fourth_dag_v4, task_id=second_task, execution_date=20210804T000000, start_date=20231001T060810, end_date=20231001T060816
[2023-10-01 06:08:17,473] {local_task_job.py:188} WARNING - State of this instance has been externally set to success. Terminating instance.
[2023-10-01 06:08:17,629] {process_utils.py:100} INFO - Sending Signals.SIGTERM to GPID 3982
[2023-10-01 06:08:17,748] {taskinstance.py:1239} ERROR - Received SIGTERM. Terminating subprocesses.
[2023-10-01 06:08:17,750] {bash.py:185} INFO - Sending SIGTERM signal to bash process group
[2023-10-01 06:08:17,765] {logging_mixin.py:104} WARNING - --- Logging error ---
[2023-10-01 06:08:17,909] {logging_mixin.py:104} WARNING - Traceback (most recent call last):
[2023-10-01 06:08:17,913] {logging_mixin.py:104} WARNING -   File "/usr/local/lib/python3.6/logging/__init__.py", line 994, in emit
    msg = self.format(record)
[2023-10-01 06:08:17,919] {logging_mixin.py:104} WARNING -   File "/usr/local/lib/python3.6/logging/__init__.py", line 840, in format
    return fmt.format(record)
[2023-10-01 06:08:17,926] {logging_mixin.py:104} WARNING -   File "/usr/local/lib/python3.6/logging/__init__.py", line 578, in format
    if self.usesTime():
[2023-10-01 06:08:17,933] {logging_mixin.py:104} WARNING -   File "/usr/local/lib/python3.6/logging/__init__.py", line 546, in usesTime
    return self._style.usesTime()
[2023-10-01 06:08:17,935] {logging_mixin.py:104} WARNING -   File "/home/airflow/.local/lib/python3.6/site-packages/airflow/models/taskinstance.py", line 1240, in signal_handler
    task_copy.on_kill()
[2023-10-01 06:08:17,938] {logging_mixin.py:104} WARNING -   File "/home/airflow/.local/lib/python3.6/site-packages/airflow/operators/bash.py", line 187, in on_kill
    os.killpg(os.getpgid(self.sub_process.pid), signal.SIGTERM)
[2023-10-01 06:08:17,955] {logging_mixin.py:104} WARNING - ProcessLookupError: [Errno 3] No such process
[2023-10-01 06:08:17,960] {logging_mixin.py:104} WARNING - Call stack:
[2023-10-01 06:08:18,503] {logging_mixin.py:104} WARNING -   File "/home/airflow/.local/bin/airflow", line 8, in <module>
    sys.exit(main())
[2023-10-01 06:08:18,901] {logging_mixin.py:104} WARNING -   File "/home/airflow/.local/lib/python3.6/site-packages/airflow/__main__.py", line 40, in main
    args.func(args)
[2023-10-01 06:08:18,986] {logging_mixin.py:104} WARNING -   File "/home/airflow/.local/lib/python3.6/site-packages/airflow/cli/cli_parser.py", line 48, in command
    return func(*args, **kwargs)
[2023-10-01 06:08:19,014] {logging_mixin.py:104} WARNING -   File "/home/airflow/.local/lib/python3.6/site-packages/airflow/utils/cli.py", line 89, in wrapper
    return f(*args, **kwargs)
[2023-10-01 06:08:19,016] {logging_mixin.py:104} WARNING -   File "/home/airflow/.local/lib/python3.6/site-packages/airflow/cli/commands/scheduler_command.py", line 63, in scheduler
    job.run()
[2023-10-01 06:08:19,019] {logging_mixin.py:104} WARNING -   File "/home/airflow/.local/lib/python3.6/site-packages/airflow/jobs/base_job.py", line 237, in run
    self._execute()
[2023-10-01 06:08:19,020] {logging_mixin.py:104} WARNING -   File "/home/airflow/.local/lib/python3.6/site-packages/airflow/jobs/scheduler_job.py", line 1272, in _execute
    self.executor.start()
[2023-10-01 06:08:19,026] {logging_mixin.py:104} WARNING -   File "/home/airflow/.local/lib/python3.6/site-packages/airflow/executors/local_executor.py", line 346, in start
    self.impl.start()
[2023-10-01 06:08:19,028] {logging_mixin.py:104} WARNING -   File "/home/airflow/.local/lib/python3.6/site-packages/airflow/executors/local_executor.py", line 291, in start
    worker.start()
[2023-10-01 06:08:19,035] {logging_mixin.py:104} WARNING -   File "/usr/local/lib/python3.6/multiprocessing/process.py", line 105, in start
    self._popen = self._Popen(self)
[2023-10-01 06:08:19,045] {logging_mixin.py:104} WARNING -   File "/usr/local/lib/python3.6/multiprocessing/context.py", line 223, in _Popen
    return _default_context.get_context().Process._Popen(process_obj)
[2023-10-01 06:08:19,047] {logging_mixin.py:104} WARNING -   File "/usr/local/lib/python3.6/multiprocessing/context.py", line 277, in _Popen
    return Popen(process_obj)
[2023-10-01 06:08:19,056] {logging_mixin.py:104} WARNING -   File "/usr/local/lib/python3.6/multiprocessing/popen_fork.py", line 19, in __init__
    self._launch(process_obj)
[2023-10-01 06:08:19,075] {logging_mixin.py:104} WARNING -   File "/usr/local/lib/python3.6/multiprocessing/popen_fork.py", line 73, in _launch
    code = process_obj._bootstrap()
[2023-10-01 06:08:19,078] {logging_mixin.py:104} WARNING -   File "/usr/local/lib/python3.6/multiprocessing/process.py", line 258, in _bootstrap
    self.run()
[2023-10-01 06:08:19,081] {logging_mixin.py:104} WARNING -   File "/home/airflow/.local/lib/python3.6/site-packages/airflow/executors/local_executor.py", line 69, in run
    return super().run()
[2023-10-01 06:08:19,086] {logging_mixin.py:104} WARNING -   File "/usr/local/lib/python3.6/multiprocessing/process.py", line 93, in run
    self._target(*self._args, **self._kwargs)
[2023-10-01 06:08:19,089] {logging_mixin.py:104} WARNING -   File "/home/airflow/.local/lib/python3.6/site-packages/airflow/executors/local_executor.py", line 181, in do_work
    self.execute_work(key=key, command=command)
[2023-10-01 06:08:19,114] {logging_mixin.py:104} WARNING -   File "/home/airflow/.local/lib/python3.6/site-packages/airflow/executors/local_executor.py", line 85, in execute_work
    state = self._execute_work_in_fork(command)
[2023-10-01 06:08:19,154] {logging_mixin.py:104} WARNING -   File "/home/airflow/.local/lib/python3.6/site-packages/airflow/executors/local_executor.py", line 123, in _execute_work_in_fork
    args.func(args)
[2023-10-01 06:08:19,162] {logging_mixin.py:104} WARNING -   File "/home/airflow/.local/lib/python3.6/site-packages/airflow/cli/cli_parser.py", line 48, in command
    return func(*args, **kwargs)
[2023-10-01 06:08:19,169] {logging_mixin.py:104} WARNING -   File "/home/airflow/.local/lib/python3.6/site-packages/airflow/utils/cli.py", line 89, in wrapper
    return f(*args, **kwargs)
[2023-10-01 06:08:19,171] {logging_mixin.py:104} WARNING -   File "/home/airflow/.local/lib/python3.6/site-packages/airflow/cli/commands/task_command.py", line 235, in task_run
    _run_task_by_selected_method(args, dag, ti)
[2023-10-01 06:08:19,174] {logging_mixin.py:104} WARNING -   File "/home/airflow/.local/lib/python3.6/site-packages/airflow/cli/commands/task_command.py", line 64, in _run_task_by_selected_method
    _run_task_by_local_task_job(args, ti)
[2023-10-01 06:08:19,178] {logging_mixin.py:104} WARNING -   File "/home/airflow/.local/lib/python3.6/site-packages/airflow/cli/commands/task_command.py", line 120, in _run_task_by_local_task_job
    run_job.run()
[2023-10-01 06:08:19,466] {logging_mixin.py:104} WARNING -   File "/home/airflow/.local/lib/python3.6/site-packages/airflow/jobs/base_job.py", line 237, in run
    self._execute()
[2023-10-01 06:08:19,469] {logging_mixin.py:104} WARNING -   File "/home/airflow/.local/lib/python3.6/site-packages/airflow/jobs/local_task_job.py", line 97, in _execute
    self.task_runner.start()
[2023-10-01 06:08:19,477] {logging_mixin.py:104} WARNING -   File "/home/airflow/.local/lib/python3.6/site-packages/airflow/task/task_runner/standard_task_runner.py", line 41, in start
    self.process = self._start_by_fork()
[2023-10-01 06:08:19,487] {logging_mixin.py:104} WARNING -   File "/home/airflow/.local/lib/python3.6/site-packages/airflow/task/task_runner/standard_task_runner.py", line 85, in _start_by_fork
    args.func(args, dag=self.dag)
[2023-10-01 06:08:19,490] {logging_mixin.py:104} WARNING -   File "/home/airflow/.local/lib/python3.6/site-packages/airflow/cli/cli_parser.py", line 48, in command
    return func(*args, **kwargs)
[2023-10-01 06:08:19,503] {logging_mixin.py:104} WARNING -   File "/home/airflow/.local/lib/python3.6/site-packages/airflow/utils/cli.py", line 89, in wrapper
    return f(*args, **kwargs)
[2023-10-01 06:08:19,518] {logging_mixin.py:104} WARNING -   File "/home/airflow/.local/lib/python3.6/site-packages/airflow/cli/commands/task_command.py", line 235, in task_run
    _run_task_by_selected_method(args, dag, ti)
[2023-10-01 06:08:19,534] {logging_mixin.py:104} WARNING -   File "/home/airflow/.local/lib/python3.6/site-packages/airflow/cli/commands/task_command.py", line 66, in _run_task_by_selected_method
    _run_raw_task(args, ti)
[2023-10-01 06:08:19,849] {logging_mixin.py:104} WARNING -   File "/home/airflow/.local/lib/python3.6/site-packages/airflow/cli/commands/task_command.py", line 152, in _run_raw_task
    error_file=args.error_file,
[2023-10-01 06:08:19,854] {logging_mixin.py:104} WARNING -   File "/home/airflow/.local/lib/python3.6/site-packages/airflow/utils/session.py", line 65, in wrapper
    return func(*args, session=session, **kwargs)
[2023-10-01 06:08:19,861] {logging_mixin.py:104} WARNING -   File "/home/airflow/.local/lib/python3.6/site-packages/airflow/models/taskinstance.py", line 1176, in _run_raw_task
    self._run_mini_scheduler_on_child_tasks(session)
[2023-10-01 06:08:19,870] {logging_mixin.py:104} WARNING -   File "/home/airflow/.local/lib/python3.6/site-packages/airflow/utils/session.py", line 62, in wrapper
    return func(*args, **kwargs)
[2023-10-01 06:08:19,928] {logging_mixin.py:104} WARNING -   File "/home/airflow/.local/lib/python3.6/site-packages/airflow/models/taskinstance.py", line 1220, in _run_mini_scheduler_on_child_tasks
    self.log.info("%d downstream tasks scheduled from follow-on schedule check", num)
[2023-10-01 06:08:19,947] {logging_mixin.py:104} WARNING -   File "/usr/local/lib/python3.6/logging/__init__.py", line 1308, in info
    self._log(INFO, msg, args, **kwargs)
[2023-10-01 06:08:19,972] {logging_mixin.py:104} WARNING -   File "/usr/local/lib/python3.6/logging/__init__.py", line 1444, in _log
    self.handle(record)
[2023-10-01 06:08:19,999] {logging_mixin.py:104} WARNING -   File "/usr/local/lib/python3.6/logging/__init__.py", line 1454, in handle
    self.callHandlers(record)
[2023-10-01 06:08:20,017] {logging_mixin.py:104} WARNING -   File "/usr/local/lib/python3.6/logging/__init__.py", line 1516, in callHandlers
    hdlr.handle(record)
[2023-10-01 06:08:20,019] {logging_mixin.py:104} WARNING -   File "/usr/local/lib/python3.6/logging/__init__.py", line 865, in handle
    self.emit(record)
[2023-10-01 06:08:20,033] {logging_mixin.py:104} WARNING -   File "/home/airflow/.local/lib/python3.6/site-packages/airflow/utils/log/file_task_handler.py", line 64, in emit
    self.handler.emit(record)
[2023-10-01 06:08:20,040] {logging_mixin.py:104} WARNING - Message: '%d downstream tasks scheduled from follow-on schedule check'
Arguments: (0,)
[2023-10-01 06:08:21,270] {process_utils.py:66} INFO - Process psutil.Process(pid=3982, status='terminated', exitcode=0, started='06:08:11') (3982) terminated with exit code 0
