[2023-10-01 06:10:20,465] {taskinstance.py:851} INFO - Dependencies all met for <TaskInstance: our_fourth_dag_v4.thrid_task 2021-08-26T00:00:00+00:00 [queued]>
[2023-10-01 06:10:21,092] {taskinstance.py:851} INFO - Dependencies all met for <TaskInstance: our_fourth_dag_v4.thrid_task 2021-08-26T00:00:00+00:00 [queued]>
[2023-10-01 06:10:21,097] {taskinstance.py:1042} INFO - 
--------------------------------------------------------------------------------
[2023-10-01 06:10:21,120] {taskinstance.py:1043} INFO - Starting attempt 1 of 6
[2023-10-01 06:10:21,123] {taskinstance.py:1044} INFO - 
--------------------------------------------------------------------------------
[2023-10-01 06:10:21,482] {taskinstance.py:1063} INFO - Executing <Task(BashOperator): thrid_task> on 2021-08-26T00:00:00+00:00
[2023-10-01 06:10:21,615] {standard_task_runner.py:52} INFO - Started process 4339 to run task
[2023-10-01 06:10:21,581] {standard_task_runner.py:76} INFO - Running: ['airflow', 'tasks', 'run', 'our_fourth_dag_v4', 'thrid_task', '2021-08-26T00:00:00+00:00', '--job-id', '517', '--pool', 'default_pool', '--raw', '--subdir', 'DAGS_FOLDER/our_fourth_dag.py', '--cfg-path', '/tmp/tmp_2fbcqm1', '--error-file', '/tmp/tmpzeebvnp1']
[2023-10-01 06:10:21,715] {standard_task_runner.py:77} INFO - Job 517: Subtask thrid_task
[2023-10-01 06:10:22,736] {logging_mixin.py:104} INFO - Running <TaskInstance: our_fourth_dag_v4.thrid_task 2021-08-26T00:00:00+00:00 [running]> on host d4ed655215d1
[2023-10-01 06:10:23,455] {taskinstance.py:1257} INFO - Exporting the following env vars:
AIRFLOW_CTX_DAG_OWNER=svastikkka
AIRFLOW_CTX_DAG_ID=our_fourth_dag_v4
AIRFLOW_CTX_TASK_ID=thrid_task
AIRFLOW_CTX_EXECUTION_DATE=2021-08-26T00:00:00+00:00
AIRFLOW_CTX_DAG_RUN_ID=scheduled__2021-08-26T00:00:00+00:00
[2023-10-01 06:10:23,467] {bash.py:135} INFO - Tmp dir root location: 
 /tmp
[2023-10-01 06:10:23,519] {bash.py:158} INFO - Running command: echo hey, I am task3 and will be running after task1 at the same time as task2!
[2023-10-01 06:10:23,704] {bash.py:169} INFO - Output:
[2023-10-01 06:10:23,733] {bash.py:173} INFO - hey, I am task3 and will be running after task1 at the same time as task2!
[2023-10-01 06:10:23,777] {bash.py:177} INFO - Command exited with return code 0
[2023-10-01 06:10:24,074] {taskinstance.py:1166} INFO - Marking task as SUCCESS. dag_id=our_fourth_dag_v4, task_id=thrid_task, execution_date=20210826T000000, start_date=20231001T061020, end_date=20231001T061024
[2023-10-01 06:10:24,839] {taskinstance.py:1220} INFO - 0 downstream tasks scheduled from follow-on schedule check
[2023-10-01 06:10:25,346] {local_task_job.py:146} INFO - Task exited with return code 0
