[2023-10-01 06:13:11,404] {taskinstance.py:851} INFO - Dependencies all met for <TaskInstance: our_fourth_dag_v4.first_task 2021-10-12T00:00:00+00:00 [queued]>
[2023-10-01 06:13:11,836] {taskinstance.py:851} INFO - Dependencies all met for <TaskInstance: our_fourth_dag_v4.first_task 2021-10-12T00:00:00+00:00 [queued]>
[2023-10-01 06:13:11,849] {taskinstance.py:1042} INFO - 
--------------------------------------------------------------------------------
[2023-10-01 06:13:11,862] {taskinstance.py:1043} INFO - Starting attempt 1 of 6
[2023-10-01 06:13:11,869] {taskinstance.py:1044} INFO - 
--------------------------------------------------------------------------------
[2023-10-01 06:13:12,258] {taskinstance.py:1063} INFO - Executing <Task(BashOperator): first_task> on 2021-10-12T00:00:00+00:00
[2023-10-01 06:13:12,377] {standard_task_runner.py:52} INFO - Started process 4966 to run task
[2023-10-01 06:13:12,405] {standard_task_runner.py:76} INFO - Running: ['airflow', 'tasks', 'run', 'our_fourth_dag_v4', 'first_task', '2021-10-12T00:00:00+00:00', '--job-id', '646', '--pool', 'default_pool', '--raw', '--subdir', 'DAGS_FOLDER/our_fourth_dag.py', '--cfg-path', '/tmp/tmpkwbuayps', '--error-file', '/tmp/tmps7jz24vu']
[2023-10-01 06:13:12,542] {standard_task_runner.py:77} INFO - Job 646: Subtask first_task
[2023-10-01 06:13:14,986] {logging_mixin.py:104} INFO - Running <TaskInstance: our_fourth_dag_v4.first_task 2021-10-12T00:00:00+00:00 [running]> on host d4ed655215d1
[2023-10-01 06:13:16,301] {taskinstance.py:1257} INFO - Exporting the following env vars:
AIRFLOW_CTX_DAG_OWNER=svastikkka
AIRFLOW_CTX_DAG_ID=our_fourth_dag_v4
AIRFLOW_CTX_TASK_ID=first_task
AIRFLOW_CTX_EXECUTION_DATE=2021-10-12T00:00:00+00:00
AIRFLOW_CTX_DAG_RUN_ID=scheduled__2021-10-12T00:00:00+00:00
[2023-10-01 06:13:16,317] {bash.py:135} INFO - Tmp dir root location: 
 /tmp
[2023-10-01 06:13:16,323] {bash.py:158} INFO - Running command: echo hello world, this is the first task!
[2023-10-01 06:13:16,651] {bash.py:169} INFO - Output:
[2023-10-01 06:13:16,725] {bash.py:173} INFO - hello world, this is the first task!
[2023-10-01 06:13:16,744] {bash.py:177} INFO - Command exited with return code 0
[2023-10-01 06:13:17,492] {taskinstance.py:1166} INFO - Marking task as SUCCESS. dag_id=our_fourth_dag_v4, task_id=first_task, execution_date=20211012T000000, start_date=20231001T061311, end_date=20231001T061317
[2023-10-01 06:13:18,189] {local_task_job.py:188} WARNING - State of this instance has been externally set to success. Terminating instance.
[2023-10-01 06:13:18,367] {process_utils.py:100} INFO - Sending Signals.SIGTERM to GPID 4966
[2023-10-01 06:13:19,597] {taskinstance.py:1239} ERROR - Received SIGTERM. Terminating subprocesses.
[2023-10-01 06:13:19,646] {bash.py:185} INFO - Sending SIGTERM signal to bash process group
[2023-10-01 06:13:20,224] {process_utils.py:66} INFO - Process psutil.Process(pid=4966, status='terminated', exitcode=1, started='06:13:12') (4966) terminated with exit code 1
