[2023-10-01 06:21:03,422] {taskinstance.py:851} INFO - Dependencies all met for <TaskInstance: our_fourth_dag_v4.thrid_task 2022-01-12T00:00:00+00:00 [queued]>
[2023-10-01 06:21:05,460] {taskinstance.py:851} INFO - Dependencies all met for <TaskInstance: our_fourth_dag_v4.thrid_task 2022-01-12T00:00:00+00:00 [queued]>
[2023-10-01 06:21:05,512] {taskinstance.py:1042} INFO - 
--------------------------------------------------------------------------------
[2023-10-01 06:21:05,514] {taskinstance.py:1043} INFO - Starting attempt 1 of 6
[2023-10-01 06:21:05,518] {taskinstance.py:1044} INFO - 
--------------------------------------------------------------------------------
[2023-10-01 06:21:06,159] {taskinstance.py:1063} INFO - Executing <Task(BashOperator): thrid_task> on 2022-01-12T00:00:00+00:00
[2023-10-01 06:21:06,258] {standard_task_runner.py:52} INFO - Started process 6438 to run task
[2023-10-01 06:21:06,629] {standard_task_runner.py:76} INFO - Running: ['airflow', 'tasks', 'run', 'our_fourth_dag_v4', 'thrid_task', '2022-01-12T00:00:00+00:00', '--job-id', '935', '--pool', 'default_pool', '--raw', '--subdir', 'DAGS_FOLDER/our_fourth_dag.py', '--cfg-path', '/tmp/tmpp8f9whot', '--error-file', '/tmp/tmprbvp32bm']
[2023-10-01 06:21:06,906] {standard_task_runner.py:77} INFO - Job 935: Subtask thrid_task
[2023-10-01 06:21:09,029] {logging_mixin.py:104} INFO - Running <TaskInstance: our_fourth_dag_v4.thrid_task 2022-01-12T00:00:00+00:00 [running]> on host d4ed655215d1
[2023-10-01 06:21:12,645] {taskinstance.py:1257} INFO - Exporting the following env vars:
AIRFLOW_CTX_DAG_OWNER=svastikkka
AIRFLOW_CTX_DAG_ID=our_fourth_dag_v4
AIRFLOW_CTX_TASK_ID=thrid_task
AIRFLOW_CTX_EXECUTION_DATE=2022-01-12T00:00:00+00:00
AIRFLOW_CTX_DAG_RUN_ID=scheduled__2022-01-12T00:00:00+00:00
[2023-10-01 06:21:12,661] {bash.py:135} INFO - Tmp dir root location: 
 /tmp
[2023-10-01 06:21:12,679] {bash.py:158} INFO - Running command: echo hey, I am task3 and will be running after task1 at the same time as task2!
[2023-10-01 06:21:12,966] {bash.py:169} INFO - Output:
[2023-10-01 06:21:13,043] {bash.py:173} INFO - hey, I am task3 and will be running after task1 at the same time as task2!
[2023-10-01 06:21:13,064] {bash.py:177} INFO - Command exited with return code 0
[2023-10-01 06:21:13,708] {taskinstance.py:1166} INFO - Marking task as SUCCESS. dag_id=our_fourth_dag_v4, task_id=thrid_task, execution_date=20220112T000000, start_date=20231001T062103, end_date=20231001T062113
[2023-10-01 06:21:14,386] {taskinstance.py:1220} INFO - 0 downstream tasks scheduled from follow-on schedule check
[2023-10-01 06:21:14,598] {local_task_job.py:146} INFO - Task exited with return code 0
