[2023-10-01 07:40:31,487] {taskinstance.py:851} INFO - Dependencies all met for <TaskInstance: our_seventh_dag_v7.greet 2021-10-15T00:00:00+00:00 [queued]>
[2023-10-01 07:40:31,702] {taskinstance.py:851} INFO - Dependencies all met for <TaskInstance: our_seventh_dag_v7.greet 2021-10-15T00:00:00+00:00 [queued]>
[2023-10-01 07:40:31,703] {taskinstance.py:1042} INFO - 
--------------------------------------------------------------------------------
[2023-10-01 07:40:31,705] {taskinstance.py:1043} INFO - Starting attempt 1 of 6
[2023-10-01 07:40:31,706] {taskinstance.py:1044} INFO - 
--------------------------------------------------------------------------------
[2023-10-01 07:40:31,774] {taskinstance.py:1063} INFO - Executing <Task(PythonOperator): greet> on 2021-10-15T00:00:00+00:00
[2023-10-01 07:40:31,852] {standard_task_runner.py:52} INFO - Started process 19025 to run task
[2023-10-01 07:40:31,934] {standard_task_runner.py:76} INFO - Running: ['airflow', 'tasks', 'run', 'our_seventh_dag_v7', 'greet', '2021-10-15T00:00:00+00:00', '--job-id', '1493', '--pool', 'default_pool', '--raw', '--subdir', 'DAGS_FOLDER/our_seventh_dag.py', '--cfg-path', '/tmp/tmplnpp4l1q', '--error-file', '/tmp/tmp8bbn9m1j']
[2023-10-01 07:40:31,978] {standard_task_runner.py:77} INFO - Job 1493: Subtask greet
[2023-10-01 07:40:32,385] {logging_mixin.py:104} INFO - Running <TaskInstance: our_seventh_dag_v7.greet 2021-10-15T00:00:00+00:00 [running]> on host d4ed655215d1
[2023-10-01 07:40:32,692] {taskinstance.py:1257} INFO - Exporting the following env vars:
AIRFLOW_CTX_DAG_OWNER=svastikkka
AIRFLOW_CTX_DAG_ID=our_seventh_dag_v7
AIRFLOW_CTX_TASK_ID=greet
AIRFLOW_CTX_EXECUTION_DATE=2021-10-15T00:00:00+00:00
AIRFLOW_CTX_DAG_RUN_ID=scheduled__2021-10-15T00:00:00+00:00
[2023-10-01 07:40:32,799] {logging_mixin.py:104} INFO - Hello My name is Manshu Sharma and I am 26 years old.
[2023-10-01 07:40:32,802] {python.py:118} INFO - Done. Returned value was: None
[2023-10-01 07:40:32,885] {taskinstance.py:1166} INFO - Marking task as SUCCESS. dag_id=our_seventh_dag_v7, task_id=greet, execution_date=20211015T000000, start_date=20231001T074031, end_date=20231001T074032
[2023-10-01 07:40:37,765] {local_task_job.py:188} WARNING - State of this instance has been externally set to success. Terminating instance.
[2023-10-01 07:40:37,878] {process_utils.py:100} INFO - Sending Signals.SIGTERM to GPID 19025
[2023-10-01 07:40:40,348] {taskinstance.py:1239} ERROR - Received SIGTERM. Terminating subprocesses.
[2023-10-01 07:40:41,885] {process_utils.py:66} INFO - Process psutil.Process(pid=19025, status='terminated', exitcode=1, started='07:40:31') (19025) terminated with exit code 1
