[2023-10-01 05:54:21,053] {taskinstance.py:851} INFO - Dependencies all met for <TaskInstance: our_third_dag_v3.second_task 2021-08-08T00:00:00+00:00 [queued]>
[2023-10-01 05:54:26,348] {taskinstance.py:851} INFO - Dependencies all met for <TaskInstance: our_third_dag_v3.second_task 2021-08-08T00:00:00+00:00 [queued]>
[2023-10-01 05:54:26,358] {taskinstance.py:1042} INFO - 
--------------------------------------------------------------------------------
[2023-10-01 05:54:26,368] {taskinstance.py:1043} INFO - Starting attempt 1 of 6
[2023-10-01 05:54:26,375] {taskinstance.py:1044} INFO - 
--------------------------------------------------------------------------------
[2023-10-01 05:54:27,135] {taskinstance.py:1063} INFO - Executing <Task(BashOperator): second_task> on 2021-08-08T00:00:00+00:00
[2023-10-01 05:54:28,420] {standard_task_runner.py:52} INFO - Started process 2401 to run task
[2023-10-01 05:54:29,168] {standard_task_runner.py:76} INFO - Running: ['airflow', 'tasks', 'run', 'our_third_dag_v3', 'second_task', '2021-08-08T00:00:00+00:00', '--job-id', '184', '--pool', 'default_pool', '--raw', '--subdir', 'DAGS_FOLDER/our_third_dag.py', '--cfg-path', '/tmp/tmpsm8zw3gh', '--error-file', '/tmp/tmpkk81mput']
[2023-10-01 05:54:29,340] {standard_task_runner.py:77} INFO - Job 184: Subtask second_task
[2023-10-01 05:54:38,639] {logging_mixin.py:104} INFO - Running <TaskInstance: our_third_dag_v3.second_task 2021-08-08T00:00:00+00:00 [running]> on host d4ed655215d1
[2023-10-01 05:54:41,719] {taskinstance.py:1257} INFO - Exporting the following env vars:
AIRFLOW_CTX_DAG_OWNER=coder2j
AIRFLOW_CTX_DAG_ID=our_third_dag_v3
AIRFLOW_CTX_TASK_ID=second_task
AIRFLOW_CTX_EXECUTION_DATE=2021-08-08T00:00:00+00:00
AIRFLOW_CTX_DAG_RUN_ID=scheduled__2021-08-08T00:00:00+00:00
[2023-10-01 05:54:41,870] {bash.py:135} INFO - Tmp dir root location: 
 /tmp
[2023-10-01 05:54:42,109] {bash.py:158} INFO - Running command: echo hey, I am task2 and will be running after task1!
[2023-10-01 05:54:42,799] {bash.py:169} INFO - Output:
[2023-10-01 05:54:42,888] {bash.py:173} INFO - hey, I am task2 and will be running after task1!
[2023-10-01 05:54:42,941] {bash.py:177} INFO - Command exited with return code 0
[2023-10-01 05:54:44,392] {taskinstance.py:1166} INFO - Marking task as SUCCESS. dag_id=our_third_dag_v3, task_id=second_task, execution_date=20210808T000000, start_date=20231001T055421, end_date=20231001T055444
[2023-10-01 05:54:48,510] {taskinstance.py:1220} INFO - 0 downstream tasks scheduled from follow-on schedule check
[2023-10-01 05:54:49,364] {local_task_job.py:188} WARNING - State of this instance has been externally set to success. Terminating instance.
