[2023-10-01 07:53:26,142] {taskinstance.py:851} INFO - Dependencies all met for <TaskInstance: our_seventh_dag_v7.get_name 2022-10-22T00:00:00+00:00 [queued]>
[2023-10-01 07:53:26,455] {taskinstance.py:851} INFO - Dependencies all met for <TaskInstance: our_seventh_dag_v7.get_name 2022-10-22T00:00:00+00:00 [queued]>
[2023-10-01 07:53:26,459] {taskinstance.py:1042} INFO - 
--------------------------------------------------------------------------------
[2023-10-01 07:53:26,461] {taskinstance.py:1043} INFO - Starting attempt 1 of 6
[2023-10-01 07:53:26,467] {taskinstance.py:1044} INFO - 
--------------------------------------------------------------------------------
[2023-10-01 07:53:26,617] {taskinstance.py:1063} INFO - Executing <Task(PythonOperator): get_name> on 2022-10-22T00:00:00+00:00
[2023-10-01 07:53:26,689] {standard_task_runner.py:52} INFO - Started process 22716 to run task
[2023-10-01 07:53:26,778] {standard_task_runner.py:76} INFO - Running: ['airflow', 'tasks', 'run', 'our_seventh_dag_v7', 'get_name', '2022-10-22T00:00:00+00:00', '--job-id', '2229', '--pool', 'default_pool', '--raw', '--subdir', 'DAGS_FOLDER/our_seventh_dag.py', '--cfg-path', '/tmp/tmpkkxrybfg', '--error-file', '/tmp/tmp6b_d3i91']
[2023-10-01 07:53:26,846] {standard_task_runner.py:77} INFO - Job 2229: Subtask get_name
[2023-10-01 07:53:27,379] {logging_mixin.py:104} INFO - Running <TaskInstance: our_seventh_dag_v7.get_name 2022-10-22T00:00:00+00:00 [running]> on host d4ed655215d1
[2023-10-01 07:53:28,221] {taskinstance.py:1257} INFO - Exporting the following env vars:
AIRFLOW_CTX_DAG_OWNER=svastikkka
AIRFLOW_CTX_DAG_ID=our_seventh_dag_v7
AIRFLOW_CTX_TASK_ID=get_name
AIRFLOW_CTX_EXECUTION_DATE=2022-10-22T00:00:00+00:00
AIRFLOW_CTX_DAG_RUN_ID=scheduled__2022-10-22T00:00:00+00:00
[2023-10-01 07:53:28,581] {python.py:118} INFO - Done. Returned value was: None
[2023-10-01 07:53:28,661] {taskinstance.py:1166} INFO - Marking task as SUCCESS. dag_id=our_seventh_dag_v7, task_id=get_name, execution_date=20221022T000000, start_date=20231001T075326, end_date=20231001T075328
[2023-10-01 07:53:28,949] {taskinstance.py:1220} INFO - 1 downstream tasks scheduled from follow-on schedule check
[2023-10-01 07:53:29,051] {local_task_job.py:146} INFO - Task exited with return code 0
