[2023-10-01 05:03:31,871] {taskinstance.py:851} INFO - Dependencies all met for <TaskInstance: our_first_dag_v1.first_task 2021-09-28T00:00:00+00:00 [queued]>
[2023-10-01 05:03:32,031] {taskinstance.py:851} INFO - Dependencies all met for <TaskInstance: our_first_dag_v1.first_task 2021-09-28T00:00:00+00:00 [queued]>
[2023-10-01 05:03:32,037] {taskinstance.py:1042} INFO - 
--------------------------------------------------------------------------------
[2023-10-01 05:03:32,039] {taskinstance.py:1043} INFO - Starting attempt 1 of 6
[2023-10-01 05:03:32,041] {taskinstance.py:1044} INFO - 
--------------------------------------------------------------------------------
[2023-10-01 05:03:32,179] {taskinstance.py:1063} INFO - Executing <Task(BashOperator): first_task> on 2021-09-28T00:00:00+00:00
[2023-10-01 05:03:32,356] {standard_task_runner.py:52} INFO - Started process 1198 to run task
[2023-10-01 05:03:32,547] {standard_task_runner.py:76} INFO - Running: ['airflow', 'tasks', 'run', 'our_first_dag_v1', 'first_task', '2021-09-28T00:00:00+00:00', '--job-id', '152', '--pool', 'default_pool', '--raw', '--subdir', 'DAGS_FOLDER/our_first_dag.py', '--cfg-path', '/tmp/tmpmu2cxw92', '--error-file', '/tmp/tmpnibqxopv']
[2023-10-01 05:03:32,616] {standard_task_runner.py:77} INFO - Job 152: Subtask first_task
[2023-10-01 05:03:34,215] {logging_mixin.py:104} INFO - Running <TaskInstance: our_first_dag_v1.first_task 2021-09-28T00:00:00+00:00 [running]> on host c25e1f8124bc
[2023-10-01 05:03:34,724] {taskinstance.py:1257} INFO - Exporting the following env vars:
AIRFLOW_CTX_DAG_OWNER=coder2j
AIRFLOW_CTX_DAG_ID=our_first_dag_v1
AIRFLOW_CTX_TASK_ID=first_task
AIRFLOW_CTX_EXECUTION_DATE=2021-09-28T00:00:00+00:00
AIRFLOW_CTX_DAG_RUN_ID=scheduled__2021-09-28T00:00:00+00:00
[2023-10-01 05:03:34,730] {bash.py:135} INFO - Tmp dir root location: 
 /tmp
[2023-10-01 05:03:34,747] {bash.py:158} INFO - Running command: echo hello world, this is the first task!
[2023-10-01 05:03:34,829] {bash.py:169} INFO - Output:
[2023-10-01 05:03:34,836] {bash.py:173} INFO - hello world, this is the first task!
[2023-10-01 05:03:34,838] {bash.py:177} INFO - Command exited with return code 0
[2023-10-01 05:03:34,994] {taskinstance.py:1166} INFO - Marking task as SUCCESS. dag_id=our_first_dag_v1, task_id=first_task, execution_date=20210928T000000, start_date=20231001T050331, end_date=20231001T050334
[2023-10-01 05:03:35,168] {taskinstance.py:1220} INFO - 0 downstream tasks scheduled from follow-on schedule check
[2023-10-01 05:03:35,289] {local_task_job.py:146} INFO - Task exited with return code 0
[2023-10-01 05:19:46,020] {taskinstance.py:851} INFO - Dependencies all met for <TaskInstance: our_first_dag_v1.first_task 2021-09-28T00:00:00+00:00 [queued]>
[2023-10-01 05:19:46,128] {taskinstance.py:851} INFO - Dependencies all met for <TaskInstance: our_first_dag_v1.first_task 2021-09-28T00:00:00+00:00 [queued]>
[2023-10-01 05:19:46,131] {taskinstance.py:1042} INFO - 
--------------------------------------------------------------------------------
[2023-10-01 05:19:46,133] {taskinstance.py:1043} INFO - Starting attempt 1 of 6
[2023-10-01 05:19:46,135] {taskinstance.py:1044} INFO - 
--------------------------------------------------------------------------------
[2023-10-01 05:19:46,192] {taskinstance.py:1063} INFO - Executing <Task(BashOperator): first_task> on 2021-09-28T00:00:00+00:00
[2023-10-01 05:19:46,221] {standard_task_runner.py:52} INFO - Started process 434 to run task
[2023-10-01 05:19:46,266] {standard_task_runner.py:76} INFO - Running: ['airflow', 'tasks', 'run', 'our_first_dag_v1', 'first_task', '2021-09-28T00:00:00+00:00', '--job-id', '62', '--pool', 'default_pool', '--raw', '--subdir', 'DAGS_FOLDER/our_first_dag.py', '--cfg-path', '/tmp/tmpc5jva5bi', '--error-file', '/tmp/tmpwoknqr76']
[2023-10-01 05:19:46,330] {standard_task_runner.py:77} INFO - Job 62: Subtask first_task
[2023-10-01 05:19:46,836] {logging_mixin.py:104} INFO - Running <TaskInstance: our_first_dag_v1.first_task 2021-09-28T00:00:00+00:00 [running]> on host d4ed655215d1
[2023-10-01 05:19:47,276] {taskinstance.py:1257} INFO - Exporting the following env vars:
AIRFLOW_CTX_DAG_OWNER=coder2j
AIRFLOW_CTX_DAG_ID=our_first_dag_v1
AIRFLOW_CTX_TASK_ID=first_task
AIRFLOW_CTX_EXECUTION_DATE=2021-09-28T00:00:00+00:00
AIRFLOW_CTX_DAG_RUN_ID=scheduled__2021-09-28T00:00:00+00:00
[2023-10-01 05:19:47,282] {bash.py:135} INFO - Tmp dir root location: 
 /tmp
[2023-10-01 05:19:47,308] {bash.py:158} INFO - Running command: echo hello world, this is the first task!
[2023-10-01 05:19:47,347] {bash.py:169} INFO - Output:
[2023-10-01 05:19:47,364] {bash.py:173} INFO - hello world, this is the first task!
[2023-10-01 05:19:47,368] {bash.py:177} INFO - Command exited with return code 0
[2023-10-01 05:19:47,508] {taskinstance.py:1166} INFO - Marking task as SUCCESS. dag_id=our_first_dag_v1, task_id=first_task, execution_date=20210928T000000, start_date=20231001T051946, end_date=20231001T051947
[2023-10-01 05:19:47,725] {taskinstance.py:1220} INFO - 0 downstream tasks scheduled from follow-on schedule check
[2023-10-01 05:19:47,850] {local_task_job.py:146} INFO - Task exited with return code 0
