[2023-10-01 09:16:27,820] {taskinstance.py:851} INFO - Dependencies all met for <TaskInstance: cron.first_task 2021-08-02T00:00:00+00:00 [queued]>
[2023-10-01 09:16:30,827] {taskinstance.py:851} INFO - Dependencies all met for <TaskInstance: cron.first_task 2021-08-02T00:00:00+00:00 [queued]>
[2023-10-01 09:16:30,915] {taskinstance.py:1042} INFO - 
--------------------------------------------------------------------------------
[2023-10-01 09:16:30,939] {taskinstance.py:1043} INFO - Starting attempt 1 of 6
[2023-10-01 09:16:30,987] {taskinstance.py:1044} INFO - 
--------------------------------------------------------------------------------
[2023-10-01 09:16:36,546] {taskinstance.py:1063} INFO - Executing <Task(BashOperator): first_task> on 2021-08-02T00:00:00+00:00
[2023-10-01 09:16:36,848] {standard_task_runner.py:52} INFO - Started process 34384 to run task
[2023-10-01 09:16:37,104] {standard_task_runner.py:76} INFO - Running: ['airflow', 'tasks', 'run', 'cron', 'first_task', '2021-08-02T00:00:00+00:00', '--job-id', '2498', '--pool', 'default_pool', '--raw', '--subdir', 'DAGS_FOLDER/cron.py', '--cfg-path', '/tmp/tmp9ol_g_g4', '--error-file', '/tmp/tmprf64n4mh']
[2023-10-01 09:16:37,133] {standard_task_runner.py:77} INFO - Job 2498: Subtask first_task
[2023-10-01 09:16:58,176] {logging_mixin.py:104} INFO - Running <TaskInstance: cron.first_task 2021-08-02T00:00:00+00:00 [running]> on host d4ed655215d1
[2023-10-01 09:17:11,024] {taskinstance.py:1257} INFO - Exporting the following env vars:
AIRFLOW_CTX_DAG_OWNER=svastikkka
AIRFLOW_CTX_DAG_ID=cron
AIRFLOW_CTX_TASK_ID=first_task
AIRFLOW_CTX_EXECUTION_DATE=2021-08-02T00:00:00+00:00
AIRFLOW_CTX_DAG_RUN_ID=scheduled__2021-08-02T00:00:00+00:00
[2023-10-01 09:17:11,042] {bash.py:135} INFO - Tmp dir root location: 
 /tmp
[2023-10-01 09:17:11,157] {bash.py:158} INFO - Running command: echo hello world, this is the first task!
[2023-10-01 09:17:12,501] {bash.py:169} INFO - Output:
[2023-10-01 09:17:12,556] {bash.py:173} INFO - hello world, this is the first task!
[2023-10-01 09:17:12,559] {bash.py:177} INFO - Command exited with return code 0
[2023-10-01 09:17:13,442] {taskinstance.py:1166} INFO - Marking task as SUCCESS. dag_id=cron, task_id=first_task, execution_date=20210802T000000, start_date=20231001T091627, end_date=20231001T091713
[2023-10-01 09:17:14,476] {taskinstance.py:1220} INFO - 0 downstream tasks scheduled from follow-on schedule check
[2023-10-01 09:17:15,106] {local_task_job.py:146} INFO - Task exited with return code 0
