[2023-10-01 04:58:36,204] {taskinstance.py:851} INFO - Dependencies all met for <TaskInstance: our_first_dag_v5.first_task 2021-08-17T00:00:00+00:00 [queued]>
[2023-10-01 04:58:36,293] {taskinstance.py:851} INFO - Dependencies all met for <TaskInstance: our_first_dag_v5.first_task 2021-08-17T00:00:00+00:00 [queued]>
[2023-10-01 04:58:36,294] {taskinstance.py:1042} INFO - 
--------------------------------------------------------------------------------
[2023-10-01 04:58:36,296] {taskinstance.py:1043} INFO - Starting attempt 1 of 6
[2023-10-01 04:58:36,298] {taskinstance.py:1044} INFO - 
--------------------------------------------------------------------------------
[2023-10-01 04:58:36,411] {taskinstance.py:1063} INFO - Executing <Task(BashOperator): first_task> on 2021-08-17T00:00:00+00:00
[2023-10-01 04:58:36,445] {standard_task_runner.py:52} INFO - Started process 709 to run task
[2023-10-01 04:58:36,491] {standard_task_runner.py:76} INFO - Running: ['airflow', 'tasks', 'run', 'our_first_dag_v5', 'first_task', '2021-08-17T00:00:00+00:00', '--job-id', '28', '--pool', 'default_pool', '--raw', '--subdir', 'DAGS_FOLDER/our_first_dag.py', '--cfg-path', '/tmp/tmpq74zvybj', '--error-file', '/tmp/tmplx0tulgq']
[2023-10-01 04:58:36,504] {standard_task_runner.py:77} INFO - Job 28: Subtask first_task
[2023-10-01 04:58:36,872] {logging_mixin.py:104} INFO - Running <TaskInstance: our_first_dag_v5.first_task 2021-08-17T00:00:00+00:00 [running]> on host c25e1f8124bc
[2023-10-01 04:58:37,109] {taskinstance.py:1257} INFO - Exporting the following env vars:
AIRFLOW_CTX_DAG_OWNER=coder2j
AIRFLOW_CTX_DAG_ID=our_first_dag_v5
AIRFLOW_CTX_TASK_ID=first_task
AIRFLOW_CTX_EXECUTION_DATE=2021-08-17T00:00:00+00:00
AIRFLOW_CTX_DAG_RUN_ID=scheduled__2021-08-17T00:00:00+00:00
[2023-10-01 04:58:37,111] {bash.py:135} INFO - Tmp dir root location: 
 /tmp
[2023-10-01 04:58:37,115] {bash.py:158} INFO - Running command: echo hello world, this is the first task!
[2023-10-01 04:58:37,180] {bash.py:169} INFO - Output:
[2023-10-01 04:58:37,199] {bash.py:173} INFO - hello world, this is the first task!
[2023-10-01 04:58:37,201] {bash.py:177} INFO - Command exited with return code 0
[2023-10-01 04:58:37,323] {taskinstance.py:1166} INFO - Marking task as SUCCESS. dag_id=our_first_dag_v5, task_id=first_task, execution_date=20210817T000000, start_date=20231001T045836, end_date=20231001T045837
[2023-10-01 04:58:37,880] {taskinstance.py:1220} INFO - 0 downstream tasks scheduled from follow-on schedule check
[2023-10-01 04:58:38,018] {local_task_job.py:146} INFO - Task exited with return code 0
