[2023-10-01 06:26:03,834] {taskinstance.py:851} INFO - Dependencies all met for <TaskInstance: our_fourth_dag_v4.first_task 2022-02-11T00:00:00+00:00 [queued]>
[2023-10-01 06:26:04,827] {taskinstance.py:851} INFO - Dependencies all met for <TaskInstance: our_fourth_dag_v4.first_task 2022-02-11T00:00:00+00:00 [queued]>
[2023-10-01 06:26:04,845] {taskinstance.py:1042} INFO - 
--------------------------------------------------------------------------------
[2023-10-01 06:26:04,849] {taskinstance.py:1043} INFO - Starting attempt 1 of 6
[2023-10-01 06:26:04,851] {taskinstance.py:1044} INFO - 
--------------------------------------------------------------------------------
[2023-10-01 06:26:05,432] {taskinstance.py:1063} INFO - Executing <Task(BashOperator): first_task> on 2022-02-11T00:00:00+00:00
[2023-10-01 06:26:05,648] {standard_task_runner.py:52} INFO - Started process 6999 to run task
[2023-10-01 06:26:05,955] {standard_task_runner.py:76} INFO - Running: ['airflow', 'tasks', 'run', 'our_fourth_dag_v4', 'first_task', '2022-02-11T00:00:00+00:00', '--job-id', '1012', '--pool', 'default_pool', '--raw', '--subdir', 'DAGS_FOLDER/our_fourth_dag.py', '--cfg-path', '/tmp/tmpd97fy0xm', '--error-file', '/tmp/tmpnozcqusb']
[2023-10-01 06:26:06,040] {standard_task_runner.py:77} INFO - Job 1012: Subtask first_task
[2023-10-01 06:26:07,313] {logging_mixin.py:104} INFO - Running <TaskInstance: our_fourth_dag_v4.first_task 2022-02-11T00:00:00+00:00 [running]> on host d4ed655215d1
[2023-10-01 06:26:08,479] {taskinstance.py:1257} INFO - Exporting the following env vars:
AIRFLOW_CTX_DAG_OWNER=svastikkka
AIRFLOW_CTX_DAG_ID=our_fourth_dag_v4
AIRFLOW_CTX_TASK_ID=first_task
AIRFLOW_CTX_EXECUTION_DATE=2022-02-11T00:00:00+00:00
AIRFLOW_CTX_DAG_RUN_ID=scheduled__2022-02-11T00:00:00+00:00
[2023-10-01 06:26:08,485] {bash.py:135} INFO - Tmp dir root location: 
 /tmp
[2023-10-01 06:26:08,506] {bash.py:158} INFO - Running command: echo hello world, this is the first task!
[2023-10-01 06:26:08,642] {bash.py:169} INFO - Output:
[2023-10-01 06:26:08,689] {bash.py:173} INFO - hello world, this is the first task!
[2023-10-01 06:26:08,703] {bash.py:177} INFO - Command exited with return code 0
[2023-10-01 06:26:09,155] {taskinstance.py:1166} INFO - Marking task as SUCCESS. dag_id=our_fourth_dag_v4, task_id=first_task, execution_date=20220211T000000, start_date=20231001T062604, end_date=20231001T062609
[2023-10-01 06:26:10,377] {taskinstance.py:1220} INFO - 2 downstream tasks scheduled from follow-on schedule check
[2023-10-01 06:26:10,674] {local_task_job.py:146} INFO - Task exited with return code 0
