[2023-10-01 07:48:48,630] {taskinstance.py:851} INFO - Dependencies all met for <TaskInstance: our_seventh_dag_v7.greet 2022-06-04T00:00:00+00:00 [queued]>
[2023-10-01 07:48:48,761] {taskinstance.py:851} INFO - Dependencies all met for <TaskInstance: our_seventh_dag_v7.greet 2022-06-04T00:00:00+00:00 [queued]>
[2023-10-01 07:48:48,763] {taskinstance.py:1042} INFO - 
--------------------------------------------------------------------------------
[2023-10-01 07:48:48,765] {taskinstance.py:1043} INFO - Starting attempt 1 of 6
[2023-10-01 07:48:48,767] {taskinstance.py:1044} INFO - 
--------------------------------------------------------------------------------
[2023-10-01 07:48:48,886] {taskinstance.py:1063} INFO - Executing <Task(PythonOperator): greet> on 2022-06-04T00:00:00+00:00
[2023-10-01 07:48:48,951] {standard_task_runner.py:52} INFO - Started process 21378 to run task
[2023-10-01 07:48:49,050] {standard_task_runner.py:76} INFO - Running: ['airflow', 'tasks', 'run', 'our_seventh_dag_v7', 'greet', '2022-06-04T00:00:00+00:00', '--job-id', '1958', '--pool', 'default_pool', '--raw', '--subdir', 'DAGS_FOLDER/our_seventh_dag.py', '--cfg-path', '/tmp/tmpngb19y3y', '--error-file', '/tmp/tmp00cwe85g']
[2023-10-01 07:48:49,161] {standard_task_runner.py:77} INFO - Job 1958: Subtask greet
[2023-10-01 07:48:49,816] {logging_mixin.py:104} INFO - Running <TaskInstance: our_seventh_dag_v7.greet 2022-06-04T00:00:00+00:00 [running]> on host d4ed655215d1
[2023-10-01 07:48:50,345] {taskinstance.py:1257} INFO - Exporting the following env vars:
AIRFLOW_CTX_DAG_OWNER=svastikkka
AIRFLOW_CTX_DAG_ID=our_seventh_dag_v7
AIRFLOW_CTX_TASK_ID=greet
AIRFLOW_CTX_EXECUTION_DATE=2022-06-04T00:00:00+00:00
AIRFLOW_CTX_DAG_RUN_ID=scheduled__2022-06-04T00:00:00+00:00
[2023-10-01 07:48:50,493] {logging_mixin.py:104} INFO - Hello My name is Manshu Sharma and I am 26 years old.
[2023-10-01 07:48:50,501] {python.py:118} INFO - Done. Returned value was: None
[2023-10-01 07:48:50,619] {taskinstance.py:1166} INFO - Marking task as SUCCESS. dag_id=our_seventh_dag_v7, task_id=greet, execution_date=20220604T000000, start_date=20231001T074848, end_date=20231001T074850
[2023-10-01 07:48:51,068] {taskinstance.py:1220} INFO - 0 downstream tasks scheduled from follow-on schedule check
[2023-10-01 07:48:51,176] {local_task_job.py:146} INFO - Task exited with return code 0
