[2023-10-01 06:52:15,633] {taskinstance.py:851} INFO - Dependencies all met for <TaskInstance: our_sixth_dag_v6.greet 2021-09-15T00:00:00+00:00 [queued]>
[2023-10-01 06:52:16,011] {taskinstance.py:851} INFO - Dependencies all met for <TaskInstance: our_sixth_dag_v6.greet 2021-09-15T00:00:00+00:00 [queued]>
[2023-10-01 06:52:16,012] {taskinstance.py:1042} INFO - 
--------------------------------------------------------------------------------
[2023-10-01 06:52:16,016] {taskinstance.py:1043} INFO - Starting attempt 1 of 6
[2023-10-01 06:52:16,019] {taskinstance.py:1044} INFO - 
--------------------------------------------------------------------------------
[2023-10-01 06:52:16,248] {taskinstance.py:1063} INFO - Executing <Task(PythonOperator): greet> on 2021-09-15T00:00:00+00:00
[2023-10-01 06:52:16,353] {standard_task_runner.py:52} INFO - Started process 10615 to run task
[2023-10-01 06:52:16,475] {standard_task_runner.py:76} INFO - Running: ['airflow', 'tasks', 'run', 'our_sixth_dag_v6', 'greet', '2021-09-15T00:00:00+00:00', '--job-id', '1152', '--pool', 'default_pool', '--raw', '--subdir', 'DAGS_FOLDER/our_sixth_dag.py', '--cfg-path', '/tmp/tmpz21layc4', '--error-file', '/tmp/tmp23_z6hgg']
[2023-10-01 06:52:16,589] {standard_task_runner.py:77} INFO - Job 1152: Subtask greet
[2023-10-01 06:52:18,498] {logging_mixin.py:104} INFO - Running <TaskInstance: our_sixth_dag_v6.greet 2021-09-15T00:00:00+00:00 [running]> on host d4ed655215d1
[2023-10-01 06:52:19,675] {taskinstance.py:1257} INFO - Exporting the following env vars:
AIRFLOW_CTX_DAG_OWNER=svastikkka
AIRFLOW_CTX_DAG_ID=our_sixth_dag_v6
AIRFLOW_CTX_TASK_ID=greet
AIRFLOW_CTX_EXECUTION_DATE=2021-09-15T00:00:00+00:00
AIRFLOW_CTX_DAG_RUN_ID=scheduled__2021-09-15T00:00:00+00:00
[2023-10-01 06:52:19,827] {logging_mixin.py:104} INFO - Hello My name is Manshu and I am 20 years old.
[2023-10-01 06:52:19,829] {python.py:118} INFO - Done. Returned value was: None
[2023-10-01 06:52:19,972] {taskinstance.py:1166} INFO - Marking task as SUCCESS. dag_id=our_sixth_dag_v6, task_id=greet, execution_date=20210915T000000, start_date=20231001T065215, end_date=20231001T065219
[2023-10-01 06:52:20,803] {taskinstance.py:1220} INFO - 0 downstream tasks scheduled from follow-on schedule check
[2023-10-01 06:52:21,049] {local_task_job.py:146} INFO - Task exited with return code 0
