[2023-10-01 05:04:18,663] {taskinstance.py:851} INFO - Dependencies all met for <TaskInstance: our_first_dag_v1.first_task 2021-11-01T00:00:00+00:00 [queued]>
[2023-10-01 05:04:18,772] {taskinstance.py:851} INFO - Dependencies all met for <TaskInstance: our_first_dag_v1.first_task 2021-11-01T00:00:00+00:00 [queued]>
[2023-10-01 05:04:18,779] {taskinstance.py:1042} INFO - 
--------------------------------------------------------------------------------
[2023-10-01 05:04:18,780] {taskinstance.py:1043} INFO - Starting attempt 1 of 6
[2023-10-01 05:04:18,781] {taskinstance.py:1044} INFO - 
--------------------------------------------------------------------------------
[2023-10-01 05:04:18,830] {taskinstance.py:1063} INFO - Executing <Task(BashOperator): first_task> on 2021-11-01T00:00:00+00:00
[2023-10-01 05:04:18,856] {standard_task_runner.py:52} INFO - Started process 1323 to run task
[2023-10-01 05:04:18,913] {standard_task_runner.py:76} INFO - Running: ['airflow', 'tasks', 'run', 'our_first_dag_v1', 'first_task', '2021-11-01T00:00:00+00:00', '--job-id', '186', '--pool', 'default_pool', '--raw', '--subdir', 'DAGS_FOLDER/our_first_dag.py', '--cfg-path', '/tmp/tmpq3oxjd_f', '--error-file', '/tmp/tmp49n6xwj0']
[2023-10-01 05:04:18,991] {standard_task_runner.py:77} INFO - Job 186: Subtask first_task
[2023-10-01 05:04:19,436] {logging_mixin.py:104} INFO - Running <TaskInstance: our_first_dag_v1.first_task 2021-11-01T00:00:00+00:00 [running]> on host c25e1f8124bc
[2023-10-01 05:04:19,922] {taskinstance.py:1257} INFO - Exporting the following env vars:
AIRFLOW_CTX_DAG_OWNER=coder2j
AIRFLOW_CTX_DAG_ID=our_first_dag_v1
AIRFLOW_CTX_TASK_ID=first_task
AIRFLOW_CTX_EXECUTION_DATE=2021-11-01T00:00:00+00:00
AIRFLOW_CTX_DAG_RUN_ID=scheduled__2021-11-01T00:00:00+00:00
[2023-10-01 05:04:19,929] {bash.py:135} INFO - Tmp dir root location: 
 /tmp
[2023-10-01 05:04:19,937] {bash.py:158} INFO - Running command: echo hello world, this is the first task!
[2023-10-01 05:04:20,060] {bash.py:169} INFO - Output:
[2023-10-01 05:04:20,113] {bash.py:173} INFO - hello world, this is the first task!
[2023-10-01 05:04:20,133] {bash.py:177} INFO - Command exited with return code 0
[2023-10-01 05:04:20,279] {taskinstance.py:1166} INFO - Marking task as SUCCESS. dag_id=our_first_dag_v1, task_id=first_task, execution_date=20211101T000000, start_date=20231001T050418, end_date=20231001T050420
[2023-10-01 05:04:22,173] {taskinstance.py:1220} INFO - 0 downstream tasks scheduled from follow-on schedule check
[2023-10-01 05:04:22,574] {local_task_job.py:146} INFO - Task exited with return code 0
[2023-10-01 05:20:21,348] {taskinstance.py:851} INFO - Dependencies all met for <TaskInstance: our_first_dag_v1.first_task 2021-11-01T00:00:00+00:00 [queued]>
[2023-10-01 05:20:21,522] {taskinstance.py:851} INFO - Dependencies all met for <TaskInstance: our_first_dag_v1.first_task 2021-11-01T00:00:00+00:00 [queued]>
[2023-10-01 05:20:21,524] {taskinstance.py:1042} INFO - 
--------------------------------------------------------------------------------
[2023-10-01 05:20:21,528] {taskinstance.py:1043} INFO - Starting attempt 1 of 6
[2023-10-01 05:20:21,530] {taskinstance.py:1044} INFO - 
--------------------------------------------------------------------------------
[2023-10-01 05:20:21,594] {taskinstance.py:1063} INFO - Executing <Task(BashOperator): first_task> on 2021-11-01T00:00:00+00:00
[2023-10-01 05:20:21,641] {standard_task_runner.py:52} INFO - Started process 552 to run task
[2023-10-01 05:20:21,727] {standard_task_runner.py:76} INFO - Running: ['airflow', 'tasks', 'run', 'our_first_dag_v1', 'first_task', '2021-11-01T00:00:00+00:00', '--job-id', '96', '--pool', 'default_pool', '--raw', '--subdir', 'DAGS_FOLDER/our_first_dag.py', '--cfg-path', '/tmp/tmplu6ct6_p', '--error-file', '/tmp/tmpo14lrx_v']
[2023-10-01 05:20:21,777] {standard_task_runner.py:77} INFO - Job 96: Subtask first_task
[2023-10-01 05:20:22,249] {logging_mixin.py:104} INFO - Running <TaskInstance: our_first_dag_v1.first_task 2021-11-01T00:00:00+00:00 [running]> on host d4ed655215d1
[2023-10-01 05:20:22,579] {taskinstance.py:1257} INFO - Exporting the following env vars:
AIRFLOW_CTX_DAG_OWNER=coder2j
AIRFLOW_CTX_DAG_ID=our_first_dag_v1
AIRFLOW_CTX_TASK_ID=first_task
AIRFLOW_CTX_EXECUTION_DATE=2021-11-01T00:00:00+00:00
AIRFLOW_CTX_DAG_RUN_ID=scheduled__2021-11-01T00:00:00+00:00
[2023-10-01 05:20:22,583] {bash.py:135} INFO - Tmp dir root location: 
 /tmp
[2023-10-01 05:20:22,587] {bash.py:158} INFO - Running command: echo hello world, this is the first task!
[2023-10-01 05:20:22,681] {bash.py:169} INFO - Output:
[2023-10-01 05:20:22,685] {bash.py:173} INFO - hello world, this is the first task!
[2023-10-01 05:20:22,702] {bash.py:177} INFO - Command exited with return code 0
[2023-10-01 05:20:22,900] {taskinstance.py:1166} INFO - Marking task as SUCCESS. dag_id=our_first_dag_v1, task_id=first_task, execution_date=20211101T000000, start_date=20231001T052021, end_date=20231001T052022
[2023-10-01 05:20:24,281] {taskinstance.py:1220} INFO - 0 downstream tasks scheduled from follow-on schedule check
[2023-10-01 05:20:24,596] {local_task_job.py:146} INFO - Task exited with return code 0
