[2023-10-01 05:05:44,920] {taskinstance.py:851} INFO - Dependencies all met for <TaskInstance: our_first_dag_v1.first_task 2022-01-04T00:00:00+00:00 [queued]>
[2023-10-01 05:05:45,168] {taskinstance.py:851} INFO - Dependencies all met for <TaskInstance: our_first_dag_v1.first_task 2022-01-04T00:00:00+00:00 [queued]>
[2023-10-01 05:05:45,171] {taskinstance.py:1042} INFO - 
--------------------------------------------------------------------------------
[2023-10-01 05:05:45,176] {taskinstance.py:1043} INFO - Starting attempt 1 of 6
[2023-10-01 05:05:45,182] {taskinstance.py:1044} INFO - 
--------------------------------------------------------------------------------
[2023-10-01 05:05:45,270] {taskinstance.py:1063} INFO - Executing <Task(BashOperator): first_task> on 2022-01-04T00:00:00+00:00
[2023-10-01 05:05:45,289] {standard_task_runner.py:52} INFO - Started process 1550 to run task
[2023-10-01 05:05:45,366] {standard_task_runner.py:76} INFO - Running: ['airflow', 'tasks', 'run', 'our_first_dag_v1', 'first_task', '2022-01-04T00:00:00+00:00', '--job-id', '250', '--pool', 'default_pool', '--raw', '--subdir', 'DAGS_FOLDER/our_first_dag.py', '--cfg-path', '/tmp/tmpvzeq9zvm', '--error-file', '/tmp/tmp8qunpgl_']
[2023-10-01 05:05:45,392] {standard_task_runner.py:77} INFO - Job 250: Subtask first_task
[2023-10-01 05:05:45,924] {logging_mixin.py:104} INFO - Running <TaskInstance: our_first_dag_v1.first_task 2022-01-04T00:00:00+00:00 [running]> on host c25e1f8124bc
[2023-10-01 05:05:46,461] {taskinstance.py:1257} INFO - Exporting the following env vars:
AIRFLOW_CTX_DAG_OWNER=coder2j
AIRFLOW_CTX_DAG_ID=our_first_dag_v1
AIRFLOW_CTX_TASK_ID=first_task
AIRFLOW_CTX_EXECUTION_DATE=2022-01-04T00:00:00+00:00
AIRFLOW_CTX_DAG_RUN_ID=scheduled__2022-01-04T00:00:00+00:00
[2023-10-01 05:05:46,465] {bash.py:135} INFO - Tmp dir root location: 
 /tmp
[2023-10-01 05:05:46,475] {bash.py:158} INFO - Running command: echo hello world, this is the first task!
[2023-10-01 05:05:46,570] {bash.py:169} INFO - Output:
[2023-10-01 05:05:46,610] {bash.py:173} INFO - hello world, this is the first task!
[2023-10-01 05:05:46,662] {bash.py:177} INFO - Command exited with return code 0
[2023-10-01 05:05:47,079] {taskinstance.py:1166} INFO - Marking task as SUCCESS. dag_id=our_first_dag_v1, task_id=first_task, execution_date=20220104T000000, start_date=20231001T050544, end_date=20231001T050547
[2023-10-01 05:05:47,643] {taskinstance.py:1220} INFO - 0 downstream tasks scheduled from follow-on schedule check
[2023-10-01 05:05:47,864] {local_task_job.py:146} INFO - Task exited with return code 0
