[2023-10-01 06:21:23,920] {taskinstance.py:851} INFO - Dependencies all met for <TaskInstance: our_fourth_dag_v4.second_task 2022-01-15T00:00:00+00:00 [queued]>
[2023-10-01 06:21:28,746] {taskinstance.py:851} INFO - Dependencies all met for <TaskInstance: our_fourth_dag_v4.second_task 2022-01-15T00:00:00+00:00 [queued]>
[2023-10-01 06:21:28,852] {taskinstance.py:1042} INFO - 
--------------------------------------------------------------------------------
[2023-10-01 06:21:28,879] {taskinstance.py:1043} INFO - Starting attempt 1 of 6
[2023-10-01 06:21:28,887] {taskinstance.py:1044} INFO - 
--------------------------------------------------------------------------------
[2023-10-01 06:21:29,822] {taskinstance.py:1063} INFO - Executing <Task(BashOperator): second_task> on 2022-01-15T00:00:00+00:00
[2023-10-01 06:21:29,927] {standard_task_runner.py:52} INFO - Started process 6493 to run task
[2023-10-01 06:21:30,122] {standard_task_runner.py:76} INFO - Running: ['airflow', 'tasks', 'run', 'our_fourth_dag_v4', 'second_task', '2022-01-15T00:00:00+00:00', '--job-id', '943', '--pool', 'default_pool', '--raw', '--subdir', 'DAGS_FOLDER/our_fourth_dag.py', '--cfg-path', '/tmp/tmpmn4dioeu', '--error-file', '/tmp/tmpa_5z_rby']
[2023-10-01 06:21:30,284] {standard_task_runner.py:77} INFO - Job 943: Subtask second_task
[2023-10-01 06:21:31,765] {logging_mixin.py:104} INFO - Running <TaskInstance: our_fourth_dag_v4.second_task 2022-01-15T00:00:00+00:00 [running]> on host d4ed655215d1
[2023-10-01 06:21:32,824] {taskinstance.py:1257} INFO - Exporting the following env vars:
AIRFLOW_CTX_DAG_OWNER=svastikkka
AIRFLOW_CTX_DAG_ID=our_fourth_dag_v4
AIRFLOW_CTX_TASK_ID=second_task
AIRFLOW_CTX_EXECUTION_DATE=2022-01-15T00:00:00+00:00
AIRFLOW_CTX_DAG_RUN_ID=scheduled__2022-01-15T00:00:00+00:00
[2023-10-01 06:21:32,841] {bash.py:135} INFO - Tmp dir root location: 
 /tmp
[2023-10-01 06:21:32,884] {bash.py:158} INFO - Running command: echo hey, I am task2 and will be running after task1!
[2023-10-01 06:21:33,076] {bash.py:169} INFO - Output:
[2023-10-01 06:21:33,145] {bash.py:173} INFO - hey, I am task2 and will be running after task1!
[2023-10-01 06:21:33,161] {bash.py:177} INFO - Command exited with return code 0
[2023-10-01 06:21:33,605] {taskinstance.py:1166} INFO - Marking task as SUCCESS. dag_id=our_fourth_dag_v4, task_id=second_task, execution_date=20220115T000000, start_date=20231001T062124, end_date=20231001T062133
[2023-10-01 06:21:36,206] {local_task_job.py:188} WARNING - State of this instance has been externally set to success. Terminating instance.
[2023-10-01 06:21:36,301] {process_utils.py:100} INFO - Sending Signals.SIGTERM to GPID 6493
[2023-10-01 06:21:36,351] {taskinstance.py:1239} ERROR - Received SIGTERM. Terminating subprocesses.
[2023-10-01 06:21:36,364] {bash.py:185} INFO - Sending SIGTERM signal to bash process group
[2023-10-01 06:21:36,529] {process_utils.py:66} INFO - Process psutil.Process(pid=6493, status='terminated', exitcode=1, started='06:21:29') (6493) terminated with exit code 1
