[2023-10-01 07:36:12,157] {taskinstance.py:851} INFO - Dependencies all met for <TaskInstance: our_seventh_dag_v7.get_name 2021-08-21T00:00:00+00:00 [queued]>
[2023-10-01 07:36:12,392] {taskinstance.py:851} INFO - Dependencies all met for <TaskInstance: our_seventh_dag_v7.get_name 2021-08-21T00:00:00+00:00 [queued]>
[2023-10-01 07:36:12,402] {taskinstance.py:1042} INFO - 
--------------------------------------------------------------------------------
[2023-10-01 07:36:12,885] {taskinstance.py:1043} INFO - Starting attempt 1 of 6
[2023-10-01 07:36:12,909] {taskinstance.py:1044} INFO - 
--------------------------------------------------------------------------------
[2023-10-01 07:36:13,129] {taskinstance.py:1063} INFO - Executing <Task(PythonOperator): get_name> on 2021-08-21T00:00:00+00:00
[2023-10-01 07:36:13,222] {standard_task_runner.py:52} INFO - Started process 18189 to run task
[2023-10-01 07:36:13,243] {standard_task_runner.py:76} INFO - Running: ['airflow', 'tasks', 'run', 'our_seventh_dag_v7', 'get_name', '2021-08-21T00:00:00+00:00', '--job-id', '1367', '--pool', 'default_pool', '--raw', '--subdir', 'DAGS_FOLDER/our_seventh_dag.py', '--cfg-path', '/tmp/tmpwxgjel7g', '--error-file', '/tmp/tmp3ukx1ujo']
[2023-10-01 07:36:13,371] {standard_task_runner.py:77} INFO - Job 1367: Subtask get_name
[2023-10-01 07:36:14,139] {logging_mixin.py:104} INFO - Running <TaskInstance: our_seventh_dag_v7.get_name 2021-08-21T00:00:00+00:00 [running]> on host d4ed655215d1
[2023-10-01 07:36:14,484] {taskinstance.py:1257} INFO - Exporting the following env vars:
AIRFLOW_CTX_DAG_OWNER=svastikkka
AIRFLOW_CTX_DAG_ID=our_seventh_dag_v7
AIRFLOW_CTX_TASK_ID=get_name
AIRFLOW_CTX_EXECUTION_DATE=2021-08-21T00:00:00+00:00
AIRFLOW_CTX_DAG_RUN_ID=scheduled__2021-08-21T00:00:00+00:00
[2023-10-01 07:36:14,677] {python.py:118} INFO - Done. Returned value was: None
[2023-10-01 07:36:14,748] {taskinstance.py:1166} INFO - Marking task as SUCCESS. dag_id=our_seventh_dag_v7, task_id=get_name, execution_date=20210821T000000, start_date=20231001T073612, end_date=20231001T073614
[2023-10-01 07:36:15,583] {taskinstance.py:1220} INFO - 1 downstream tasks scheduled from follow-on schedule check
[2023-10-01 07:36:15,664] {local_task_job.py:146} INFO - Task exited with return code 0
