[2023-10-01 07:59:07,823] {taskinstance.py:851} INFO - Dependencies all met for <TaskInstance: our_seventh_dag_v7.greet 2023-01-15T00:00:00+00:00 [queued]>
[2023-10-01 07:59:08,152] {taskinstance.py:851} INFO - Dependencies all met for <TaskInstance: our_seventh_dag_v7.greet 2023-01-15T00:00:00+00:00 [queued]>
[2023-10-01 07:59:08,162] {taskinstance.py:1042} INFO - 
--------------------------------------------------------------------------------
[2023-10-01 07:59:08,181] {taskinstance.py:1043} INFO - Starting attempt 1 of 6
[2023-10-01 07:59:08,198] {taskinstance.py:1044} INFO - 
--------------------------------------------------------------------------------
[2023-10-01 07:59:08,566] {taskinstance.py:1063} INFO - Executing <Task(PythonOperator): greet> on 2023-01-15T00:00:00+00:00
[2023-10-01 07:59:08,913] {standard_task_runner.py:52} INFO - Started process 23896 to run task
[2023-10-01 07:59:09,290] {standard_task_runner.py:76} INFO - Running: ['airflow', 'tasks', 'run', 'our_seventh_dag_v7', 'greet', '2023-01-15T00:00:00+00:00', '--job-id', '2408', '--pool', 'default_pool', '--raw', '--subdir', 'DAGS_FOLDER/our_seventh_dag.py', '--cfg-path', '/tmp/tmpm5hr41mw', '--error-file', '/tmp/tmpc5ndlnd8']
[2023-10-01 07:59:09,437] {standard_task_runner.py:77} INFO - Job 2408: Subtask greet
[2023-10-01 07:59:10,962] {logging_mixin.py:104} INFO - Running <TaskInstance: our_seventh_dag_v7.greet 2023-01-15T00:00:00+00:00 [running]> on host d4ed655215d1
[2023-10-01 07:59:12,296] {taskinstance.py:1257} INFO - Exporting the following env vars:
AIRFLOW_CTX_DAG_OWNER=svastikkka
AIRFLOW_CTX_DAG_ID=our_seventh_dag_v7
AIRFLOW_CTX_TASK_ID=greet
AIRFLOW_CTX_EXECUTION_DATE=2023-01-15T00:00:00+00:00
AIRFLOW_CTX_DAG_RUN_ID=scheduled__2023-01-15T00:00:00+00:00
[2023-10-01 07:59:12,792] {logging_mixin.py:104} INFO - Hello My name is Manshu Sharma and I am 26 years old.
[2023-10-01 07:59:12,817] {python.py:118} INFO - Done. Returned value was: None
[2023-10-01 07:59:12,891] {taskinstance.py:1166} INFO - Marking task as SUCCESS. dag_id=our_seventh_dag_v7, task_id=greet, execution_date=20230115T000000, start_date=20231001T075907, end_date=20231001T075912
[2023-10-01 07:59:16,170] {local_task_job.py:188} WARNING - State of this instance has been externally set to success. Terminating instance.
[2023-10-01 07:59:17,724] {process_utils.py:100} INFO - Sending Signals.SIGTERM to GPID 23896
[2023-10-01 07:59:21,601] {taskinstance.py:1239} ERROR - Received SIGTERM. Terminating subprocesses.
[2023-10-01 07:59:21,888] {process_utils.py:66} INFO - Process psutil.Process(pid=23896, status='terminated', exitcode=1, started='07:59:07') (23896) terminated with exit code 1
