[2023-10-01 06:56:29,740] {taskinstance.py:851} INFO - Dependencies all met for <TaskInstance: our_sixth_dag_v6.greet 2021-11-26T00:00:00+00:00 [queued]>
[2023-10-01 06:56:29,854] {taskinstance.py:851} INFO - Dependencies all met for <TaskInstance: our_sixth_dag_v6.greet 2021-11-26T00:00:00+00:00 [queued]>
[2023-10-01 06:56:29,857] {taskinstance.py:1042} INFO - 
--------------------------------------------------------------------------------
[2023-10-01 06:56:29,860] {taskinstance.py:1043} INFO - Starting attempt 1 of 6
[2023-10-01 06:56:29,863] {taskinstance.py:1044} INFO - 
--------------------------------------------------------------------------------
[2023-10-01 06:56:30,005] {taskinstance.py:1063} INFO - Executing <Task(PythonOperator): greet> on 2021-11-26T00:00:00+00:00
[2023-10-01 06:56:30,022] {standard_task_runner.py:52} INFO - Started process 11448 to run task
[2023-10-01 06:56:30,101] {standard_task_runner.py:76} INFO - Running: ['airflow', 'tasks', 'run', 'our_sixth_dag_v6', 'greet', '2021-11-26T00:00:00+00:00', '--job-id', '1297', '--pool', 'default_pool', '--raw', '--subdir', 'DAGS_FOLDER/our_sixth_dag.py', '--cfg-path', '/tmp/tmpei6bqcy9', '--error-file', '/tmp/tmpjm9uz69h']
[2023-10-01 06:56:30,176] {standard_task_runner.py:77} INFO - Job 1297: Subtask greet
[2023-10-01 06:56:30,874] {logging_mixin.py:104} INFO - Running <TaskInstance: our_sixth_dag_v6.greet 2021-11-26T00:00:00+00:00 [running]> on host d4ed655215d1
[2023-10-01 06:56:32,258] {taskinstance.py:1257} INFO - Exporting the following env vars:
AIRFLOW_CTX_DAG_OWNER=svastikkka
AIRFLOW_CTX_DAG_ID=our_sixth_dag_v6
AIRFLOW_CTX_TASK_ID=greet
AIRFLOW_CTX_EXECUTION_DATE=2021-11-26T00:00:00+00:00
AIRFLOW_CTX_DAG_RUN_ID=scheduled__2021-11-26T00:00:00+00:00
[2023-10-01 06:56:32,414] {logging_mixin.py:104} INFO - Hello My name is Manshu and I am 26 years old.
[2023-10-01 06:56:32,433] {python.py:118} INFO - Done. Returned value was: None
[2023-10-01 06:56:32,612] {taskinstance.py:1166} INFO - Marking task as SUCCESS. dag_id=our_sixth_dag_v6, task_id=greet, execution_date=20211126T000000, start_date=20231001T065629, end_date=20231001T065632
[2023-10-01 06:56:33,857] {taskinstance.py:1220} INFO - 0 downstream tasks scheduled from follow-on schedule check
[2023-10-01 06:56:34,071] {local_task_job.py:146} INFO - Task exited with return code 0
