[2023-10-01 07:50:36,024] {taskinstance.py:851} INFO - Dependencies all met for <TaskInstance: our_seventh_dag_v7.greet 2022-07-29T00:00:00+00:00 [queued]>
[2023-10-01 07:50:36,255] {taskinstance.py:851} INFO - Dependencies all met for <TaskInstance: our_seventh_dag_v7.greet 2022-07-29T00:00:00+00:00 [queued]>
[2023-10-01 07:50:36,261] {taskinstance.py:1042} INFO - 
--------------------------------------------------------------------------------
[2023-10-01 07:50:36,264] {taskinstance.py:1043} INFO - Starting attempt 1 of 6
[2023-10-01 07:50:36,267] {taskinstance.py:1044} INFO - 
--------------------------------------------------------------------------------
[2023-10-01 07:50:36,397] {taskinstance.py:1063} INFO - Executing <Task(PythonOperator): greet> on 2022-07-29T00:00:00+00:00
[2023-10-01 07:50:36,447] {standard_task_runner.py:52} INFO - Started process 21908 to run task
[2023-10-01 07:50:36,460] {standard_task_runner.py:76} INFO - Running: ['airflow', 'tasks', 'run', 'our_seventh_dag_v7', 'greet', '2022-07-29T00:00:00+00:00', '--job-id', '2067', '--pool', 'default_pool', '--raw', '--subdir', 'DAGS_FOLDER/our_seventh_dag.py', '--cfg-path', '/tmp/tmpib9kknu3', '--error-file', '/tmp/tmp4q18coom']
[2023-10-01 07:50:36,560] {standard_task_runner.py:77} INFO - Job 2067: Subtask greet
[2023-10-01 07:50:37,179] {logging_mixin.py:104} INFO - Running <TaskInstance: our_seventh_dag_v7.greet 2022-07-29T00:00:00+00:00 [running]> on host d4ed655215d1
[2023-10-01 07:50:37,592] {taskinstance.py:1257} INFO - Exporting the following env vars:
AIRFLOW_CTX_DAG_OWNER=svastikkka
AIRFLOW_CTX_DAG_ID=our_seventh_dag_v7
AIRFLOW_CTX_TASK_ID=greet
AIRFLOW_CTX_EXECUTION_DATE=2022-07-29T00:00:00+00:00
AIRFLOW_CTX_DAG_RUN_ID=scheduled__2022-07-29T00:00:00+00:00
[2023-10-01 07:50:37,735] {logging_mixin.py:104} INFO - Hello My name is Manshu Sharma and I am 26 years old.
[2023-10-01 07:50:37,765] {python.py:118} INFO - Done. Returned value was: None
[2023-10-01 07:50:37,847] {taskinstance.py:1166} INFO - Marking task as SUCCESS. dag_id=our_seventh_dag_v7, task_id=greet, execution_date=20220729T000000, start_date=20231001T075036, end_date=20231001T075037
[2023-10-01 07:50:38,084] {taskinstance.py:1220} INFO - 0 downstream tasks scheduled from follow-on schedule check
[2023-10-01 07:50:38,212] {local_task_job.py:146} INFO - Task exited with return code 0
