[2023-10-01 06:25:26,294] {taskinstance.py:851} INFO - Dependencies all met for <TaskInstance: our_fourth_dag_v4.second_task 2022-02-05T00:00:00+00:00 [queued]>
[2023-10-01 06:25:29,590] {taskinstance.py:851} INFO - Dependencies all met for <TaskInstance: our_fourth_dag_v4.second_task 2022-02-05T00:00:00+00:00 [queued]>
[2023-10-01 06:25:29,646] {taskinstance.py:1042} INFO - 
--------------------------------------------------------------------------------
[2023-10-01 06:25:29,651] {taskinstance.py:1043} INFO - Starting attempt 1 of 6
[2023-10-01 06:25:29,657] {taskinstance.py:1044} INFO - 
--------------------------------------------------------------------------------
[2023-10-01 06:25:30,062] {taskinstance.py:1063} INFO - Executing <Task(BashOperator): second_task> on 2022-02-05T00:00:00+00:00
[2023-10-01 06:25:30,511] {standard_task_runner.py:52} INFO - Started process 6946 to run task
[2023-10-01 06:25:30,689] {standard_task_runner.py:76} INFO - Running: ['airflow', 'tasks', 'run', 'our_fourth_dag_v4', 'second_task', '2022-02-05T00:00:00+00:00', '--job-id', '1006', '--pool', 'default_pool', '--raw', '--subdir', 'DAGS_FOLDER/our_fourth_dag.py', '--cfg-path', '/tmp/tmpzujixklk', '--error-file', '/tmp/tmpxo7mxrxh']
[2023-10-01 06:25:31,481] {standard_task_runner.py:77} INFO - Job 1006: Subtask second_task
[2023-10-01 06:25:36,330] {logging_mixin.py:104} INFO - Running <TaskInstance: our_fourth_dag_v4.second_task 2022-02-05T00:00:00+00:00 [running]> on host d4ed655215d1
[2023-10-01 06:25:38,139] {taskinstance.py:1257} INFO - Exporting the following env vars:
AIRFLOW_CTX_DAG_OWNER=svastikkka
AIRFLOW_CTX_DAG_ID=our_fourth_dag_v4
AIRFLOW_CTX_TASK_ID=second_task
AIRFLOW_CTX_EXECUTION_DATE=2022-02-05T00:00:00+00:00
AIRFLOW_CTX_DAG_RUN_ID=scheduled__2022-02-05T00:00:00+00:00
[2023-10-01 06:25:38,156] {bash.py:135} INFO - Tmp dir root location: 
 /tmp
[2023-10-01 06:25:38,249] {bash.py:158} INFO - Running command: echo hey, I am task2 and will be running after task1!
[2023-10-01 06:25:38,914] {bash.py:169} INFO - Output:
[2023-10-01 06:25:38,947] {bash.py:173} INFO - hey, I am task2 and will be running after task1!
[2023-10-01 06:25:38,957] {bash.py:177} INFO - Command exited with return code 0
[2023-10-01 06:25:40,821] {taskinstance.py:1166} INFO - Marking task as SUCCESS. dag_id=our_fourth_dag_v4, task_id=second_task, execution_date=20220205T000000, start_date=20231001T062526, end_date=20231001T062540
[2023-10-01 06:25:42,429] {taskinstance.py:1220} INFO - 0 downstream tasks scheduled from follow-on schedule check
[2023-10-01 06:25:43,152] {local_task_job.py:146} INFO - Task exited with return code 0
