[2023-10-01 10:18:13,920] {taskinstance.py:851} INFO - Dependencies all met for <TaskInstance: postgres_v2.insert_into_table 2021-08-07T00:00:00+00:00 [queued]>
[2023-10-01 10:18:15,112] {taskinstance.py:851} INFO - Dependencies all met for <TaskInstance: postgres_v2.insert_into_table 2021-08-07T00:00:00+00:00 [queued]>
[2023-10-01 10:18:15,118] {taskinstance.py:1042} INFO - 
--------------------------------------------------------------------------------
[2023-10-01 10:18:15,121] {taskinstance.py:1043} INFO - Starting attempt 1 of 6
[2023-10-01 10:18:15,123] {taskinstance.py:1044} INFO - 
--------------------------------------------------------------------------------
[2023-10-01 10:18:15,940] {taskinstance.py:1063} INFO - Executing <Task(PostgresOperator): insert_into_table> on 2021-08-07T00:00:00+00:00
[2023-10-01 10:18:16,618] {standard_task_runner.py:52} INFO - Started process 47919 to run task
[2023-10-01 10:18:17,172] {standard_task_runner.py:76} INFO - Running: ['airflow', 'tasks', 'run', 'postgres_v2', 'insert_into_table', '2021-08-07T00:00:00+00:00', '--job-id', '2731', '--pool', 'default_pool', '--raw', '--subdir', 'DAGS_FOLDER/postgresql_example_2.py', '--cfg-path', '/tmp/tmpjo7orla8', '--error-file', '/tmp/tmpzoz36c10']
[2023-10-01 10:18:18,117] {standard_task_runner.py:77} INFO - Job 2731: Subtask insert_into_table
[2023-10-01 10:18:22,806] {logging_mixin.py:104} INFO - Running <TaskInstance: postgres_v2.insert_into_table 2021-08-07T00:00:00+00:00 [running]> on host d4ed655215d1
[2023-10-01 10:18:24,062] {taskinstance.py:1257} INFO - Exporting the following env vars:
AIRFLOW_CTX_DAG_OWNER=svastikkka
AIRFLOW_CTX_DAG_ID=postgres_v2
AIRFLOW_CTX_TASK_ID=insert_into_table
AIRFLOW_CTX_EXECUTION_DATE=2021-08-07T00:00:00+00:00
AIRFLOW_CTX_DAG_RUN_ID=scheduled__2021-08-07T00:00:00+00:00
[2023-10-01 10:18:24,235] {postgres.py:69} INFO - Executing: 
            insert into dags_run (dt, dag_id) values ('2021-08-07', 'postgres_v2')
        
[2023-10-01 10:18:24,365] {base.py:74} INFO - Using connection to: id: posgres_testing. Host: host.docker.internal, Port: 5432, Schema: testing, Login: airflow, Password: XXXXXXXX, extra: None
[2023-10-01 10:18:24,516] {dbapi.py:180} INFO - Running statement: 
            insert into dags_run (dt, dag_id) values ('2021-08-07', 'postgres_v2')
        , parameters: None
[2023-10-01 10:18:24,561] {dbapi.py:186} INFO - Rows affected: 1
[2023-10-01 10:18:24,700] {taskinstance.py:1166} INFO - Marking task as SUCCESS. dag_id=postgres_v2, task_id=insert_into_table, execution_date=20210807T000000, start_date=20231001T101814, end_date=20231001T101824
[2023-10-01 10:18:26,122] {taskinstance.py:1220} INFO - 0 downstream tasks scheduled from follow-on schedule check
[2023-10-01 10:18:28,473] {local_task_job.py:146} INFO - Task exited with return code 0
