[2023-10-01 05:03:23,762] {taskinstance.py:851} INFO - Dependencies all met for <TaskInstance: our_first_dag_v1.first_task 2021-09-21T00:00:00+00:00 [queued]>
[2023-10-01 05:03:24,051] {taskinstance.py:851} INFO - Dependencies all met for <TaskInstance: our_first_dag_v1.first_task 2021-09-21T00:00:00+00:00 [queued]>
[2023-10-01 05:03:24,054] {taskinstance.py:1042} INFO - 
--------------------------------------------------------------------------------
[2023-10-01 05:03:24,061] {taskinstance.py:1043} INFO - Starting attempt 1 of 6
[2023-10-01 05:03:24,067] {taskinstance.py:1044} INFO - 
--------------------------------------------------------------------------------
[2023-10-01 05:03:24,300] {taskinstance.py:1063} INFO - Executing <Task(BashOperator): first_task> on 2021-09-21T00:00:00+00:00
[2023-10-01 05:03:24,393] {standard_task_runner.py:52} INFO - Started process 1179 to run task
[2023-10-01 05:03:24,510] {standard_task_runner.py:76} INFO - Running: ['airflow', 'tasks', 'run', 'our_first_dag_v1', 'first_task', '2021-09-21T00:00:00+00:00', '--job-id', '146', '--pool', 'default_pool', '--raw', '--subdir', 'DAGS_FOLDER/our_first_dag.py', '--cfg-path', '/tmp/tmpn8r6tydy', '--error-file', '/tmp/tmpg6xllr0e']
[2023-10-01 05:03:24,594] {standard_task_runner.py:77} INFO - Job 146: Subtask first_task
[2023-10-01 05:03:25,434] {logging_mixin.py:104} INFO - Running <TaskInstance: our_first_dag_v1.first_task 2021-09-21T00:00:00+00:00 [running]> on host c25e1f8124bc
[2023-10-01 05:03:25,955] {taskinstance.py:1257} INFO - Exporting the following env vars:
AIRFLOW_CTX_DAG_OWNER=coder2j
AIRFLOW_CTX_DAG_ID=our_first_dag_v1
AIRFLOW_CTX_TASK_ID=first_task
AIRFLOW_CTX_EXECUTION_DATE=2021-09-21T00:00:00+00:00
AIRFLOW_CTX_DAG_RUN_ID=scheduled__2021-09-21T00:00:00+00:00
[2023-10-01 05:03:25,962] {bash.py:135} INFO - Tmp dir root location: 
 /tmp
[2023-10-01 05:03:25,972] {bash.py:158} INFO - Running command: echo hello world, this is the first task!
[2023-10-01 05:03:26,096] {bash.py:169} INFO - Output:
[2023-10-01 05:03:26,122] {bash.py:173} INFO - hello world, this is the first task!
[2023-10-01 05:03:26,130] {bash.py:177} INFO - Command exited with return code 0
[2023-10-01 05:03:26,279] {taskinstance.py:1166} INFO - Marking task as SUCCESS. dag_id=our_first_dag_v1, task_id=first_task, execution_date=20210921T000000, start_date=20231001T050323, end_date=20231001T050326
[2023-10-01 05:03:26,492] {taskinstance.py:1220} INFO - 0 downstream tasks scheduled from follow-on schedule check
[2023-10-01 05:03:26,646] {local_task_job.py:146} INFO - Task exited with return code 0
[2023-10-01 05:19:36,872] {taskinstance.py:851} INFO - Dependencies all met for <TaskInstance: our_first_dag_v1.first_task 2021-09-21T00:00:00+00:00 [queued]>
[2023-10-01 05:19:36,936] {taskinstance.py:851} INFO - Dependencies all met for <TaskInstance: our_first_dag_v1.first_task 2021-09-21T00:00:00+00:00 [queued]>
[2023-10-01 05:19:36,938] {taskinstance.py:1042} INFO - 
--------------------------------------------------------------------------------
[2023-10-01 05:19:36,940] {taskinstance.py:1043} INFO - Starting attempt 1 of 6
[2023-10-01 05:19:36,941] {taskinstance.py:1044} INFO - 
--------------------------------------------------------------------------------
[2023-10-01 05:19:37,007] {taskinstance.py:1063} INFO - Executing <Task(BashOperator): first_task> on 2021-09-21T00:00:00+00:00
[2023-10-01 05:19:37,027] {standard_task_runner.py:52} INFO - Started process 410 to run task
[2023-10-01 05:19:37,100] {standard_task_runner.py:76} INFO - Running: ['airflow', 'tasks', 'run', 'our_first_dag_v1', 'first_task', '2021-09-21T00:00:00+00:00', '--job-id', '55', '--pool', 'default_pool', '--raw', '--subdir', 'DAGS_FOLDER/our_first_dag.py', '--cfg-path', '/tmp/tmpxnk6xem4', '--error-file', '/tmp/tmpur6ebhcf']
[2023-10-01 05:19:37,136] {standard_task_runner.py:77} INFO - Job 55: Subtask first_task
[2023-10-01 05:19:38,059] {logging_mixin.py:104} INFO - Running <TaskInstance: our_first_dag_v1.first_task 2021-09-21T00:00:00+00:00 [running]> on host d4ed655215d1
[2023-10-01 05:19:38,482] {taskinstance.py:1257} INFO - Exporting the following env vars:
AIRFLOW_CTX_DAG_OWNER=coder2j
AIRFLOW_CTX_DAG_ID=our_first_dag_v1
AIRFLOW_CTX_TASK_ID=first_task
AIRFLOW_CTX_EXECUTION_DATE=2021-09-21T00:00:00+00:00
AIRFLOW_CTX_DAG_RUN_ID=scheduled__2021-09-21T00:00:00+00:00
[2023-10-01 05:19:38,494] {bash.py:135} INFO - Tmp dir root location: 
 /tmp
[2023-10-01 05:19:38,642] {bash.py:158} INFO - Running command: echo hello world, this is the first task!
[2023-10-01 05:19:39,925] {bash.py:169} INFO - Output:
[2023-10-01 05:19:39,929] {bash.py:173} INFO - hello world, this is the first task!
[2023-10-01 05:19:39,933] {bash.py:177} INFO - Command exited with return code 0
[2023-10-01 05:19:40,069] {taskinstance.py:1166} INFO - Marking task as SUCCESS. dag_id=our_first_dag_v1, task_id=first_task, execution_date=20210921T000000, start_date=20231001T051936, end_date=20231001T051940
[2023-10-01 05:19:41,136] {taskinstance.py:1220} INFO - 0 downstream tasks scheduled from follow-on schedule check
[2023-10-01 05:19:41,355] {local_task_job.py:146} INFO - Task exited with return code 0
