[2023-10-01 06:24:57,835] {taskinstance.py:851} INFO - Dependencies all met for <TaskInstance: our_fourth_dag_v4.first_task 2022-02-06T00:00:00+00:00 [queued]>
[2023-10-01 06:24:58,944] {taskinstance.py:851} INFO - Dependencies all met for <TaskInstance: our_fourth_dag_v4.first_task 2022-02-06T00:00:00+00:00 [queued]>
[2023-10-01 06:24:58,947] {taskinstance.py:1042} INFO - 
--------------------------------------------------------------------------------
[2023-10-01 06:24:58,972] {taskinstance.py:1043} INFO - Starting attempt 1 of 6
[2023-10-01 06:24:58,991] {taskinstance.py:1044} INFO - 
--------------------------------------------------------------------------------
[2023-10-01 06:25:00,740] {taskinstance.py:1063} INFO - Executing <Task(BashOperator): first_task> on 2022-02-06T00:00:00+00:00
[2023-10-01 06:25:01,023] {standard_task_runner.py:52} INFO - Started process 6893 to run task
[2023-10-01 06:25:01,958] {standard_task_runner.py:76} INFO - Running: ['airflow', 'tasks', 'run', 'our_fourth_dag_v4', 'first_task', '2022-02-06T00:00:00+00:00', '--job-id', '997', '--pool', 'default_pool', '--raw', '--subdir', 'DAGS_FOLDER/our_fourth_dag.py', '--cfg-path', '/tmp/tmpntdmn5yw', '--error-file', '/tmp/tmpl7ud9wtu']
[2023-10-01 06:25:06,886] {standard_task_runner.py:77} INFO - Job 997: Subtask first_task
[2023-10-01 06:25:11,448] {logging_mixin.py:104} INFO - Running <TaskInstance: our_fourth_dag_v4.first_task 2022-02-06T00:00:00+00:00 [running]> on host d4ed655215d1
[2023-10-01 06:25:14,144] {taskinstance.py:1257} INFO - Exporting the following env vars:
AIRFLOW_CTX_DAG_OWNER=svastikkka
AIRFLOW_CTX_DAG_ID=our_fourth_dag_v4
AIRFLOW_CTX_TASK_ID=first_task
AIRFLOW_CTX_EXECUTION_DATE=2022-02-06T00:00:00+00:00
AIRFLOW_CTX_DAG_RUN_ID=scheduled__2022-02-06T00:00:00+00:00
[2023-10-01 06:25:14,154] {bash.py:135} INFO - Tmp dir root location: 
 /tmp
[2023-10-01 06:25:14,183] {bash.py:158} INFO - Running command: echo hello world, this is the first task!
[2023-10-01 06:25:14,899] {bash.py:169} INFO - Output:
[2023-10-01 06:25:14,968] {bash.py:173} INFO - hello world, this is the first task!
[2023-10-01 06:25:14,984] {bash.py:177} INFO - Command exited with return code 0
[2023-10-01 06:25:15,922] {taskinstance.py:1166} INFO - Marking task as SUCCESS. dag_id=our_fourth_dag_v4, task_id=first_task, execution_date=20220206T000000, start_date=20231001T062458, end_date=20231001T062515
[2023-10-01 06:25:16,994] {taskinstance.py:1220} INFO - 2 downstream tasks scheduled from follow-on schedule check
[2023-10-01 06:25:17,383] {local_task_job.py:146} INFO - Task exited with return code 0
