[2023-10-01 07:39:13,129] {taskinstance.py:851} INFO - Dependencies all met for <TaskInstance: our_seventh_dag_v7.greet 2021-09-18T00:00:00+00:00 [queued]>
[2023-10-01 07:39:13,950] {taskinstance.py:851} INFO - Dependencies all met for <TaskInstance: our_seventh_dag_v7.greet 2021-09-18T00:00:00+00:00 [queued]>
[2023-10-01 07:39:13,954] {taskinstance.py:1042} INFO - 
--------------------------------------------------------------------------------
[2023-10-01 07:39:13,961] {taskinstance.py:1043} INFO - Starting attempt 1 of 6
[2023-10-01 07:39:13,969] {taskinstance.py:1044} INFO - 
--------------------------------------------------------------------------------
[2023-10-01 07:39:14,523] {taskinstance.py:1063} INFO - Executing <Task(PythonOperator): greet> on 2021-09-18T00:00:00+00:00
[2023-10-01 07:39:14,649] {standard_task_runner.py:52} INFO - Started process 18714 to run task
[2023-10-01 07:39:15,212] {standard_task_runner.py:76} INFO - Running: ['airflow', 'tasks', 'run', 'our_seventh_dag_v7', 'greet', '2021-09-18T00:00:00+00:00', '--job-id', '1439', '--pool', 'default_pool', '--raw', '--subdir', 'DAGS_FOLDER/our_seventh_dag.py', '--cfg-path', '/tmp/tmpl0fvws94', '--error-file', '/tmp/tmp2iap34an']
[2023-10-01 07:39:15,357] {standard_task_runner.py:77} INFO - Job 1439: Subtask greet
[2023-10-01 07:39:19,677] {logging_mixin.py:104} INFO - Running <TaskInstance: our_seventh_dag_v7.greet 2021-09-18T00:00:00+00:00 [running]> on host d4ed655215d1
[2023-10-01 07:39:21,998] {taskinstance.py:1257} INFO - Exporting the following env vars:
AIRFLOW_CTX_DAG_OWNER=svastikkka
AIRFLOW_CTX_DAG_ID=our_seventh_dag_v7
AIRFLOW_CTX_TASK_ID=greet
AIRFLOW_CTX_EXECUTION_DATE=2021-09-18T00:00:00+00:00
AIRFLOW_CTX_DAG_RUN_ID=scheduled__2021-09-18T00:00:00+00:00
[2023-10-01 07:39:22,254] {logging_mixin.py:104} INFO - Hello My name is Manshu Sharma and I am 26 years old.
[2023-10-01 07:39:22,262] {python.py:118} INFO - Done. Returned value was: None
[2023-10-01 07:39:22,430] {taskinstance.py:1166} INFO - Marking task as SUCCESS. dag_id=our_seventh_dag_v7, task_id=greet, execution_date=20210918T000000, start_date=20231001T073913, end_date=20231001T073922
[2023-10-01 07:39:25,051] {taskinstance.py:1220} INFO - 0 downstream tasks scheduled from follow-on schedule check
[2023-10-01 07:39:26,214] {local_task_job.py:146} INFO - Task exited with return code 0
