[2023-10-01 08:08:13,815] {taskinstance.py:851} INFO - Dependencies all met for <TaskInstance: our_eight_dag_v8.greet 2021-08-08T00:00:00+00:00 [queued]>
[2023-10-01 08:08:14,191] {taskinstance.py:851} INFO - Dependencies all met for <TaskInstance: our_eight_dag_v8.greet 2021-08-08T00:00:00+00:00 [queued]>
[2023-10-01 08:08:14,194] {taskinstance.py:1042} INFO - 
--------------------------------------------------------------------------------
[2023-10-01 08:08:14,206] {taskinstance.py:1043} INFO - Starting attempt 1 of 6
[2023-10-01 08:08:14,227] {taskinstance.py:1044} INFO - 
--------------------------------------------------------------------------------
[2023-10-01 08:08:14,402] {taskinstance.py:1063} INFO - Executing <Task(PythonOperator): greet> on 2021-08-08T00:00:00+00:00
[2023-10-01 08:08:14,502] {standard_task_runner.py:52} INFO - Started process 24810 to run task
[2023-10-01 08:08:14,590] {standard_task_runner.py:76} INFO - Running: ['airflow', 'tasks', 'run', 'our_eight_dag_v8', 'greet', '2021-08-08T00:00:00+00:00', '--job-id', '2466', '--pool', 'default_pool', '--raw', '--subdir', 'DAGS_FOLDER/our_eight_dag.py', '--cfg-path', '/tmp/tmppmc55ne5', '--error-file', '/tmp/tmpqgy0p0oj']
[2023-10-01 08:08:14,643] {standard_task_runner.py:77} INFO - Job 2466: Subtask greet
[2023-10-01 08:08:15,823] {logging_mixin.py:104} INFO - Running <TaskInstance: our_eight_dag_v8.greet 2021-08-08T00:00:00+00:00 [running]> on host d4ed655215d1
[2023-10-01 08:08:17,195] {taskinstance.py:1257} INFO - Exporting the following env vars:
AIRFLOW_CTX_DAG_OWNER=svastikkka
AIRFLOW_CTX_DAG_ID=our_eight_dag_v8
AIRFLOW_CTX_TASK_ID=greet
AIRFLOW_CTX_EXECUTION_DATE=2021-08-08T00:00:00+00:00
AIRFLOW_CTX_DAG_RUN_ID=scheduled__2021-08-08T00:00:00+00:00
[2023-10-01 08:08:17,633] {logging_mixin.py:104} INFO - Hello My name is Manshu Sharma and I am 21 years old.
[2023-10-01 08:08:17,635] {python.py:118} INFO - Done. Returned value was: None
[2023-10-01 08:08:17,780] {taskinstance.py:1166} INFO - Marking task as SUCCESS. dag_id=our_eight_dag_v8, task_id=greet, execution_date=20210808T000000, start_date=20231001T080813, end_date=20231001T080817
[2023-10-01 08:08:23,219] {local_task_job.py:188} WARNING - State of this instance has been externally set to success. Terminating instance.
[2023-10-01 08:08:23,247] {process_utils.py:100} INFO - Sending Signals.SIGTERM to GPID 24810
[2023-10-01 08:08:25,992] {taskinstance.py:1239} ERROR - Received SIGTERM. Terminating subprocesses.
[2023-10-01 08:08:27,346] {process_utils.py:66} INFO - Process psutil.Process(pid=24810, status='terminated', exitcode=1, started='08:08:14') (24810) terminated with exit code 1
