[2023-10-01 05:00:01,229] {taskinstance.py:851} INFO - Dependencies all met for <TaskInstance: our_first_dag_v5.first_task 2021-10-01T00:00:00+00:00 [queued]>
[2023-10-01 05:00:01,458] {taskinstance.py:851} INFO - Dependencies all met for <TaskInstance: our_first_dag_v5.first_task 2021-10-01T00:00:00+00:00 [queued]>
[2023-10-01 05:00:01,460] {taskinstance.py:1042} INFO - 
--------------------------------------------------------------------------------
[2023-10-01 05:00:01,462] {taskinstance.py:1043} INFO - Starting attempt 1 of 6
[2023-10-01 05:00:01,464] {taskinstance.py:1044} INFO - 
--------------------------------------------------------------------------------
[2023-10-01 05:00:01,567] {taskinstance.py:1063} INFO - Executing <Task(BashOperator): first_task> on 2021-10-01T00:00:00+00:00
[2023-10-01 05:00:01,616] {standard_task_runner.py:52} INFO - Started process 873 to run task
[2023-10-01 05:00:01,679] {standard_task_runner.py:76} INFO - Running: ['airflow', 'tasks', 'run', 'our_first_dag_v5', 'first_task', '2021-10-01T00:00:00+00:00', '--job-id', '73', '--pool', 'default_pool', '--raw', '--subdir', 'DAGS_FOLDER/our_first_dag.py', '--cfg-path', '/tmp/tmp3dw75sx3', '--error-file', '/tmp/tmp_x_zbb54']
[2023-10-01 05:00:01,706] {standard_task_runner.py:77} INFO - Job 73: Subtask first_task
[2023-10-01 05:00:02,250] {logging_mixin.py:104} INFO - Running <TaskInstance: our_first_dag_v5.first_task 2021-10-01T00:00:00+00:00 [running]> on host c25e1f8124bc
[2023-10-01 05:00:02,847] {taskinstance.py:1257} INFO - Exporting the following env vars:
AIRFLOW_CTX_DAG_OWNER=coder2j
AIRFLOW_CTX_DAG_ID=our_first_dag_v5
AIRFLOW_CTX_TASK_ID=first_task
AIRFLOW_CTX_EXECUTION_DATE=2021-10-01T00:00:00+00:00
AIRFLOW_CTX_DAG_RUN_ID=scheduled__2021-10-01T00:00:00+00:00
[2023-10-01 05:00:02,850] {bash.py:135} INFO - Tmp dir root location: 
 /tmp
[2023-10-01 05:00:02,859] {bash.py:158} INFO - Running command: echo hello world, this is the first task!
[2023-10-01 05:00:02,977] {bash.py:169} INFO - Output:
[2023-10-01 05:00:03,000] {bash.py:173} INFO - hello world, this is the first task!
[2023-10-01 05:00:03,010] {bash.py:177} INFO - Command exited with return code 0
[2023-10-01 05:00:03,126] {taskinstance.py:1166} INFO - Marking task as SUCCESS. dag_id=our_first_dag_v5, task_id=first_task, execution_date=20211001T000000, start_date=20231001T050001, end_date=20231001T050003
[2023-10-01 05:00:03,479] {taskinstance.py:1220} INFO - 0 downstream tasks scheduled from follow-on schedule check
[2023-10-01 05:00:03,642] {local_task_job.py:146} INFO - Task exited with return code 0
