[2023-10-01 05:55:22,338] {taskinstance.py:851} INFO - Dependencies all met for <TaskInstance: our_third_dag_v3.thrid_task 2021-08-14T00:00:00+00:00 [queued]>
[2023-10-01 05:55:22,861] {taskinstance.py:851} INFO - Dependencies all met for <TaskInstance: our_third_dag_v3.thrid_task 2021-08-14T00:00:00+00:00 [queued]>
[2023-10-01 05:55:22,933] {taskinstance.py:1042} INFO - 
--------------------------------------------------------------------------------
[2023-10-01 05:55:22,935] {taskinstance.py:1043} INFO - Starting attempt 1 of 6
[2023-10-01 05:55:22,975] {taskinstance.py:1044} INFO - 
--------------------------------------------------------------------------------
[2023-10-01 05:55:23,740] {taskinstance.py:1063} INFO - Executing <Task(BashOperator): thrid_task> on 2021-08-14T00:00:00+00:00
[2023-10-01 05:55:23,885] {standard_task_runner.py:52} INFO - Started process 2502 to run task
[2023-10-01 05:55:24,227] {standard_task_runner.py:76} INFO - Running: ['airflow', 'tasks', 'run', 'our_third_dag_v3', 'thrid_task', '2021-08-14T00:00:00+00:00', '--job-id', '202', '--pool', 'default_pool', '--raw', '--subdir', 'DAGS_FOLDER/our_third_dag.py', '--cfg-path', '/tmp/tmp3luwx151', '--error-file', '/tmp/tmp7mn6xsws']
[2023-10-01 05:55:24,377] {standard_task_runner.py:77} INFO - Job 202: Subtask thrid_task
[2023-10-01 05:55:26,370] {logging_mixin.py:104} INFO - Running <TaskInstance: our_third_dag_v3.thrid_task 2021-08-14T00:00:00+00:00 [running]> on host d4ed655215d1
[2023-10-01 05:55:27,546] {taskinstance.py:1257} INFO - Exporting the following env vars:
AIRFLOW_CTX_DAG_OWNER=coder2j
AIRFLOW_CTX_DAG_ID=our_third_dag_v3
AIRFLOW_CTX_TASK_ID=thrid_task
AIRFLOW_CTX_EXECUTION_DATE=2021-08-14T00:00:00+00:00
AIRFLOW_CTX_DAG_RUN_ID=scheduled__2021-08-14T00:00:00+00:00
[2023-10-01 05:55:27,555] {bash.py:135} INFO - Tmp dir root location: 
 /tmp
[2023-10-01 05:55:27,564] {bash.py:158} INFO - Running command: echo hey, I am task3 and will be running after task1 at the same time as task2!
[2023-10-01 05:55:27,863] {bash.py:169} INFO - Output:
[2023-10-01 05:55:27,908] {bash.py:173} INFO - hey, I am task3 and will be running after task1 at the same time as task2!
[2023-10-01 05:55:27,919] {bash.py:177} INFO - Command exited with return code 0
[2023-10-01 05:55:28,170] {taskinstance.py:1166} INFO - Marking task as SUCCESS. dag_id=our_third_dag_v3, task_id=thrid_task, execution_date=20210814T000000, start_date=20231001T055522, end_date=20231001T055528
[2023-10-01 05:55:29,657] {local_task_job.py:188} WARNING - State of this instance has been externally set to success. Terminating instance.
[2023-10-01 05:55:29,832] {process_utils.py:100} INFO - Sending Signals.SIGTERM to GPID 2502
[2023-10-01 05:55:32,524] {taskinstance.py:1239} ERROR - Received SIGTERM. Terminating subprocesses.
[2023-10-01 05:55:32,540] {bash.py:185} INFO - Sending SIGTERM signal to bash process group
[2023-10-01 05:55:33,436] {process_utils.py:66} INFO - Process psutil.Process(pid=2502, status='terminated', exitcode=1, started='05:55:22') (2502) terminated with exit code 1
