[2023-10-01 06:20:17,085] {taskinstance.py:851} INFO - Dependencies all met for <TaskInstance: our_fourth_dag_v4.second_task 2022-01-09T00:00:00+00:00 [queued]>
[2023-10-01 06:20:18,866] {taskinstance.py:851} INFO - Dependencies all met for <TaskInstance: our_fourth_dag_v4.second_task 2022-01-09T00:00:00+00:00 [queued]>
[2023-10-01 06:20:18,871] {taskinstance.py:1042} INFO - 
--------------------------------------------------------------------------------
[2023-10-01 06:20:18,872] {taskinstance.py:1043} INFO - Starting attempt 1 of 6
[2023-10-01 06:20:18,874] {taskinstance.py:1044} INFO - 
--------------------------------------------------------------------------------
[2023-10-01 06:20:19,146] {taskinstance.py:1063} INFO - Executing <Task(BashOperator): second_task> on 2022-01-09T00:00:00+00:00
[2023-10-01 06:20:19,582] {standard_task_runner.py:52} INFO - Started process 6360 to run task
[2023-10-01 06:20:19,880] {standard_task_runner.py:76} INFO - Running: ['airflow', 'tasks', 'run', 'our_fourth_dag_v4', 'second_task', '2022-01-09T00:00:00+00:00', '--job-id', '925', '--pool', 'default_pool', '--raw', '--subdir', 'DAGS_FOLDER/our_fourth_dag.py', '--cfg-path', '/tmp/tmp2aipa5fm', '--error-file', '/tmp/tmpagu_huqx']
[2023-10-01 06:20:20,030] {standard_task_runner.py:77} INFO - Job 925: Subtask second_task
[2023-10-01 06:20:25,575] {logging_mixin.py:104} INFO - Running <TaskInstance: our_fourth_dag_v4.second_task 2022-01-09T00:00:00+00:00 [running]> on host d4ed655215d1
[2023-10-01 06:20:31,326] {taskinstance.py:1257} INFO - Exporting the following env vars:
AIRFLOW_CTX_DAG_OWNER=svastikkka
AIRFLOW_CTX_DAG_ID=our_fourth_dag_v4
AIRFLOW_CTX_TASK_ID=second_task
AIRFLOW_CTX_EXECUTION_DATE=2022-01-09T00:00:00+00:00
AIRFLOW_CTX_DAG_RUN_ID=scheduled__2022-01-09T00:00:00+00:00
[2023-10-01 06:20:31,371] {bash.py:135} INFO - Tmp dir root location: 
 /tmp
[2023-10-01 06:20:31,418] {bash.py:158} INFO - Running command: echo hey, I am task2 and will be running after task1!
[2023-10-01 06:20:31,859] {bash.py:169} INFO - Output:
[2023-10-01 06:20:32,156] {bash.py:173} INFO - hey, I am task2 and will be running after task1!
[2023-10-01 06:20:32,241] {bash.py:177} INFO - Command exited with return code 0
[2023-10-01 06:20:33,479] {taskinstance.py:1166} INFO - Marking task as SUCCESS. dag_id=our_fourth_dag_v4, task_id=second_task, execution_date=20220109T000000, start_date=20231001T062017, end_date=20231001T062033
[2023-10-01 06:20:36,200] {taskinstance.py:1220} INFO - 0 downstream tasks scheduled from follow-on schedule check
[2023-10-01 06:20:36,455] {local_task_job.py:146} INFO - Task exited with return code 0
