[2023-10-01 05:02:43,993] {taskinstance.py:851} INFO - Dependencies all met for <TaskInstance: our_first_dag_v1.first_task 2021-08-27T00:00:00+00:00 [queued]>
[2023-10-01 05:02:44,294] {taskinstance.py:851} INFO - Dependencies all met for <TaskInstance: our_first_dag_v1.first_task 2021-08-27T00:00:00+00:00 [queued]>
[2023-10-01 05:02:44,298] {taskinstance.py:1042} INFO - 
--------------------------------------------------------------------------------
[2023-10-01 05:02:44,313] {taskinstance.py:1043} INFO - Starting attempt 1 of 6
[2023-10-01 05:02:44,314] {taskinstance.py:1044} INFO - 
--------------------------------------------------------------------------------
[2023-10-01 05:02:44,458] {taskinstance.py:1063} INFO - Executing <Task(BashOperator): first_task> on 2021-08-27T00:00:00+00:00
[2023-10-01 05:02:44,533] {standard_task_runner.py:52} INFO - Started process 1086 to run task
[2023-10-01 05:02:44,646] {standard_task_runner.py:76} INFO - Running: ['airflow', 'tasks', 'run', 'our_first_dag_v1', 'first_task', '2021-08-27T00:00:00+00:00', '--job-id', '120', '--pool', 'default_pool', '--raw', '--subdir', 'DAGS_FOLDER/our_first_dag.py', '--cfg-path', '/tmp/tmpwmqa8i_h', '--error-file', '/tmp/tmp8bx0qz_o']
[2023-10-01 05:02:44,688] {standard_task_runner.py:77} INFO - Job 120: Subtask first_task
[2023-10-01 05:02:45,224] {logging_mixin.py:104} INFO - Running <TaskInstance: our_first_dag_v1.first_task 2021-08-27T00:00:00+00:00 [running]> on host c25e1f8124bc
[2023-10-01 05:02:45,640] {taskinstance.py:1257} INFO - Exporting the following env vars:
AIRFLOW_CTX_DAG_OWNER=coder2j
AIRFLOW_CTX_DAG_ID=our_first_dag_v1
AIRFLOW_CTX_TASK_ID=first_task
AIRFLOW_CTX_EXECUTION_DATE=2021-08-27T00:00:00+00:00
AIRFLOW_CTX_DAG_RUN_ID=scheduled__2021-08-27T00:00:00+00:00
[2023-10-01 05:02:45,658] {bash.py:135} INFO - Tmp dir root location: 
 /tmp
[2023-10-01 05:02:45,673] {bash.py:158} INFO - Running command: echo hello world, this is the first task!
[2023-10-01 05:02:46,072] {bash.py:169} INFO - Output:
[2023-10-01 05:02:46,174] {bash.py:173} INFO - hello world, this is the first task!
[2023-10-01 05:02:46,192] {bash.py:177} INFO - Command exited with return code 0
[2023-10-01 05:02:46,495] {taskinstance.py:1166} INFO - Marking task as SUCCESS. dag_id=our_first_dag_v1, task_id=first_task, execution_date=20210827T000000, start_date=20231001T050244, end_date=20231001T050246
[2023-10-01 05:02:47,693] {taskinstance.py:1220} INFO - 0 downstream tasks scheduled from follow-on schedule check
[2023-10-01 05:02:47,845] {local_task_job.py:146} INFO - Task exited with return code 0
[2023-10-01 05:19:03,188] {taskinstance.py:851} INFO - Dependencies all met for <TaskInstance: our_first_dag_v1.first_task 2021-08-27T00:00:00+00:00 [queued]>
[2023-10-01 05:19:03,306] {taskinstance.py:851} INFO - Dependencies all met for <TaskInstance: our_first_dag_v1.first_task 2021-08-27T00:00:00+00:00 [queued]>
[2023-10-01 05:19:03,312] {taskinstance.py:1042} INFO - 
--------------------------------------------------------------------------------
[2023-10-01 05:19:03,315] {taskinstance.py:1043} INFO - Starting attempt 1 of 6
[2023-10-01 05:19:03,323] {taskinstance.py:1044} INFO - 
--------------------------------------------------------------------------------
[2023-10-01 05:19:03,397] {taskinstance.py:1063} INFO - Executing <Task(BashOperator): first_task> on 2021-08-27T00:00:00+00:00
[2023-10-01 05:19:03,410] {standard_task_runner.py:52} INFO - Started process 319 to run task
[2023-10-01 05:19:03,449] {standard_task_runner.py:76} INFO - Running: ['airflow', 'tasks', 'run', 'our_first_dag_v1', 'first_task', '2021-08-27T00:00:00+00:00', '--job-id', '30', '--pool', 'default_pool', '--raw', '--subdir', 'DAGS_FOLDER/our_first_dag.py', '--cfg-path', '/tmp/tmpnz2_80fg', '--error-file', '/tmp/tmp20m4m4ul']
[2023-10-01 05:19:03,506] {standard_task_runner.py:77} INFO - Job 30: Subtask first_task
[2023-10-01 05:19:04,491] {logging_mixin.py:104} INFO - Running <TaskInstance: our_first_dag_v1.first_task 2021-08-27T00:00:00+00:00 [running]> on host d4ed655215d1
[2023-10-01 05:19:05,585] {taskinstance.py:1257} INFO - Exporting the following env vars:
AIRFLOW_CTX_DAG_OWNER=coder2j
AIRFLOW_CTX_DAG_ID=our_first_dag_v1
AIRFLOW_CTX_TASK_ID=first_task
AIRFLOW_CTX_EXECUTION_DATE=2021-08-27T00:00:00+00:00
AIRFLOW_CTX_DAG_RUN_ID=scheduled__2021-08-27T00:00:00+00:00
[2023-10-01 05:19:05,592] {bash.py:135} INFO - Tmp dir root location: 
 /tmp
[2023-10-01 05:19:05,612] {bash.py:158} INFO - Running command: echo hello world, this is the first task!
[2023-10-01 05:19:05,726] {bash.py:169} INFO - Output:
[2023-10-01 05:19:05,749] {bash.py:173} INFO - hello world, this is the first task!
[2023-10-01 05:19:05,751] {bash.py:177} INFO - Command exited with return code 0
[2023-10-01 05:19:05,963] {taskinstance.py:1166} INFO - Marking task as SUCCESS. dag_id=our_first_dag_v1, task_id=first_task, execution_date=20210827T000000, start_date=20231001T051903, end_date=20231001T051905
[2023-10-01 05:19:06,093] {taskinstance.py:1220} INFO - 0 downstream tasks scheduled from follow-on schedule check
[2023-10-01 05:19:06,189] {local_task_job.py:146} INFO - Task exited with return code 0
