[2023-10-01 05:04:03,807] {taskinstance.py:851} INFO - Dependencies all met for <TaskInstance: our_first_dag_v1.first_task 2021-10-21T00:00:00+00:00 [queued]>
[2023-10-01 05:04:04,066] {taskinstance.py:851} INFO - Dependencies all met for <TaskInstance: our_first_dag_v1.first_task 2021-10-21T00:00:00+00:00 [queued]>
[2023-10-01 05:04:04,094] {taskinstance.py:1042} INFO - 
--------------------------------------------------------------------------------
[2023-10-01 05:04:04,096] {taskinstance.py:1043} INFO - Starting attempt 1 of 6
[2023-10-01 05:04:04,097] {taskinstance.py:1044} INFO - 
--------------------------------------------------------------------------------
[2023-10-01 05:04:04,164] {taskinstance.py:1063} INFO - Executing <Task(BashOperator): first_task> on 2021-10-21T00:00:00+00:00
[2023-10-01 05:04:04,236] {standard_task_runner.py:52} INFO - Started process 1284 to run task
[2023-10-01 05:04:04,376] {standard_task_runner.py:76} INFO - Running: ['airflow', 'tasks', 'run', 'our_first_dag_v1', 'first_task', '2021-10-21T00:00:00+00:00', '--job-id', '175', '--pool', 'default_pool', '--raw', '--subdir', 'DAGS_FOLDER/our_first_dag.py', '--cfg-path', '/tmp/tmpdfqvh2md', '--error-file', '/tmp/tmp_nhxexhk']
[2023-10-01 05:04:04,439] {standard_task_runner.py:77} INFO - Job 175: Subtask first_task
[2023-10-01 05:04:05,151] {logging_mixin.py:104} INFO - Running <TaskInstance: our_first_dag_v1.first_task 2021-10-21T00:00:00+00:00 [running]> on host c25e1f8124bc
[2023-10-01 05:04:05,467] {taskinstance.py:1257} INFO - Exporting the following env vars:
AIRFLOW_CTX_DAG_OWNER=coder2j
AIRFLOW_CTX_DAG_ID=our_first_dag_v1
AIRFLOW_CTX_TASK_ID=first_task
AIRFLOW_CTX_EXECUTION_DATE=2021-10-21T00:00:00+00:00
AIRFLOW_CTX_DAG_RUN_ID=scheduled__2021-10-21T00:00:00+00:00
[2023-10-01 05:04:05,474] {bash.py:135} INFO - Tmp dir root location: 
 /tmp
[2023-10-01 05:04:05,485] {bash.py:158} INFO - Running command: echo hello world, this is the first task!
[2023-10-01 05:04:05,601] {bash.py:169} INFO - Output:
[2023-10-01 05:04:05,619] {bash.py:173} INFO - hello world, this is the first task!
[2023-10-01 05:04:05,628] {bash.py:177} INFO - Command exited with return code 0
[2023-10-01 05:04:05,786] {taskinstance.py:1166} INFO - Marking task as SUCCESS. dag_id=our_first_dag_v1, task_id=first_task, execution_date=20211021T000000, start_date=20231001T050403, end_date=20231001T050405
[2023-10-01 05:04:06,088] {taskinstance.py:1220} INFO - 0 downstream tasks scheduled from follow-on schedule check
[2023-10-01 05:04:06,328] {local_task_job.py:146} INFO - Task exited with return code 0
[2023-10-01 05:20:10,457] {taskinstance.py:851} INFO - Dependencies all met for <TaskInstance: our_first_dag_v1.first_task 2021-10-21T00:00:00+00:00 [queued]>
[2023-10-01 05:20:10,550] {taskinstance.py:851} INFO - Dependencies all met for <TaskInstance: our_first_dag_v1.first_task 2021-10-21T00:00:00+00:00 [queued]>
[2023-10-01 05:20:10,554] {taskinstance.py:1042} INFO - 
--------------------------------------------------------------------------------
[2023-10-01 05:20:10,556] {taskinstance.py:1043} INFO - Starting attempt 1 of 6
[2023-10-01 05:20:10,557] {taskinstance.py:1044} INFO - 
--------------------------------------------------------------------------------
[2023-10-01 05:20:10,626] {taskinstance.py:1063} INFO - Executing <Task(BashOperator): first_task> on 2021-10-21T00:00:00+00:00
[2023-10-01 05:20:10,649] {standard_task_runner.py:52} INFO - Started process 515 to run task
[2023-10-01 05:20:10,670] {standard_task_runner.py:76} INFO - Running: ['airflow', 'tasks', 'run', 'our_first_dag_v1', 'first_task', '2021-10-21T00:00:00+00:00', '--job-id', '85', '--pool', 'default_pool', '--raw', '--subdir', 'DAGS_FOLDER/our_first_dag.py', '--cfg-path', '/tmp/tmpjen62ysk', '--error-file', '/tmp/tmp2foowz33']
[2023-10-01 05:20:10,706] {standard_task_runner.py:77} INFO - Job 85: Subtask first_task
[2023-10-01 05:20:10,969] {logging_mixin.py:104} INFO - Running <TaskInstance: our_first_dag_v1.first_task 2021-10-21T00:00:00+00:00 [running]> on host d4ed655215d1
[2023-10-01 05:20:11,129] {taskinstance.py:1257} INFO - Exporting the following env vars:
AIRFLOW_CTX_DAG_OWNER=coder2j
AIRFLOW_CTX_DAG_ID=our_first_dag_v1
AIRFLOW_CTX_TASK_ID=first_task
AIRFLOW_CTX_EXECUTION_DATE=2021-10-21T00:00:00+00:00
AIRFLOW_CTX_DAG_RUN_ID=scheduled__2021-10-21T00:00:00+00:00
[2023-10-01 05:20:11,134] {bash.py:135} INFO - Tmp dir root location: 
 /tmp
[2023-10-01 05:20:11,136] {bash.py:158} INFO - Running command: echo hello world, this is the first task!
[2023-10-01 05:20:11,277] {bash.py:169} INFO - Output:
[2023-10-01 05:20:11,296] {bash.py:173} INFO - hello world, this is the first task!
[2023-10-01 05:20:11,316] {bash.py:177} INFO - Command exited with return code 0
[2023-10-01 05:20:11,565] {taskinstance.py:1166} INFO - Marking task as SUCCESS. dag_id=our_first_dag_v1, task_id=first_task, execution_date=20211021T000000, start_date=20231001T052010, end_date=20231001T052011
[2023-10-01 05:20:12,047] {taskinstance.py:1220} INFO - 0 downstream tasks scheduled from follow-on schedule check
[2023-10-01 05:20:12,173] {local_task_job.py:146} INFO - Task exited with return code 0
