[2023-10-01 09:58:48,915] {taskinstance.py:851} INFO - Dependencies all met for <TaskInstance: postgres_v1.insert_into_table 2021-08-22T00:00:00+00:00 [queued]>
[2023-10-01 09:58:50,272] {taskinstance.py:851} INFO - Dependencies all met for <TaskInstance: postgres_v1.insert_into_table 2021-08-22T00:00:00+00:00 [queued]>
[2023-10-01 09:58:50,370] {taskinstance.py:1042} INFO - 
--------------------------------------------------------------------------------
[2023-10-01 09:58:50,440] {taskinstance.py:1043} INFO - Starting attempt 1 of 6
[2023-10-01 09:58:50,464] {taskinstance.py:1044} INFO - 
--------------------------------------------------------------------------------
[2023-10-01 09:58:51,762] {taskinstance.py:1063} INFO - Executing <Task(PostgresOperator): insert_into_table> on 2021-08-22T00:00:00+00:00
[2023-10-01 09:58:52,061] {standard_task_runner.py:52} INFO - Started process 44119 to run task
[2023-10-01 09:58:52,720] {standard_task_runner.py:76} INFO - Running: ['airflow', 'tasks', 'run', 'postgres_v1', 'insert_into_table', '2021-08-22T00:00:00+00:00', '--job-id', '2621', '--pool', 'default_pool', '--raw', '--subdir', 'DAGS_FOLDER/1_postgresql.py', '--cfg-path', '/tmp/tmpibisr2pb', '--error-file', '/tmp/tmp5lh48iij']
[2023-10-01 09:58:53,875] {standard_task_runner.py:77} INFO - Job 2621: Subtask insert_into_table
[2023-10-01 09:59:18,201] {logging_mixin.py:104} INFO - Running <TaskInstance: postgres_v1.insert_into_table 2021-08-22T00:00:00+00:00 [running]> on host d4ed655215d1
[2023-10-01 09:59:24,784] {taskinstance.py:1257} INFO - Exporting the following env vars:
AIRFLOW_CTX_DAG_OWNER=svastikkka
AIRFLOW_CTX_DAG_ID=postgres_v1
AIRFLOW_CTX_TASK_ID=insert_into_table
AIRFLOW_CTX_EXECUTION_DATE=2021-08-22T00:00:00+00:00
AIRFLOW_CTX_DAG_RUN_ID=scheduled__2021-08-22T00:00:00+00:00
[2023-10-01 09:59:24,812] {postgres.py:69} INFO - Executing: 
            insert into dag_runs (dt, dag_id) values ('2021-08-22', 'postgres_v1')
        
[2023-10-01 09:59:26,953] {taskinstance.py:1455} ERROR - The conn_id `postgres_localhost` isn't defined
Traceback (most recent call last):
  File "/home/airflow/.local/lib/python3.6/site-packages/airflow/models/taskinstance.py", line 1112, in _run_raw_task
    self._prepare_and_execute_task_with_callbacks(context, task)
  File "/home/airflow/.local/lib/python3.6/site-packages/airflow/models/taskinstance.py", line 1285, in _prepare_and_execute_task_with_callbacks
    result = self._execute_task(context, task_copy)
  File "/home/airflow/.local/lib/python3.6/site-packages/airflow/models/taskinstance.py", line 1315, in _execute_task
    result = task_copy.execute(context=context)
  File "/home/airflow/.local/lib/python3.6/site-packages/airflow/providers/postgres/operators/postgres.py", line 71, in execute
    self.hook.run(self.sql, self.autocommit, parameters=self.parameters)
  File "/home/airflow/.local/lib/python3.6/site-packages/airflow/hooks/dbapi.py", line 173, in run
    with closing(self.get_conn()) as conn:
  File "/home/airflow/.local/lib/python3.6/site-packages/airflow/providers/postgres/hooks/postgres.py", line 83, in get_conn
    conn = self.connection or self.get_connection(conn_id)
  File "/home/airflow/.local/lib/python3.6/site-packages/airflow/hooks/base.py", line 63, in get_connection
    conn = Connection.get_connection_from_secrets(conn_id)
  File "/home/airflow/.local/lib/python3.6/site-packages/airflow/models/connection.py", line 354, in get_connection_from_secrets
    raise AirflowNotFoundException(f"The conn_id `{conn_id}` isn't defined")
airflow.exceptions.AirflowNotFoundException: The conn_id `postgres_localhost` isn't defined
[2023-10-01 09:59:27,055] {taskinstance.py:1503} INFO - Marking task as UP_FOR_RETRY. dag_id=postgres_v1, task_id=insert_into_table, execution_date=20210822T000000, start_date=20231001T095849, end_date=20231001T095927
[2023-10-01 09:59:29,165] {local_task_job.py:146} INFO - Task exited with return code 1
