[2023-10-01 07:36:23,680] {taskinstance.py:851} INFO - Dependencies all met for <TaskInstance: our_seventh_dag_v7.greet 2021-08-22T00:00:00+00:00 [queued]>
[2023-10-01 07:36:24,010] {taskinstance.py:851} INFO - Dependencies all met for <TaskInstance: our_seventh_dag_v7.greet 2021-08-22T00:00:00+00:00 [queued]>
[2023-10-01 07:36:24,020] {taskinstance.py:1042} INFO - 
--------------------------------------------------------------------------------
[2023-10-01 07:36:24,024] {taskinstance.py:1043} INFO - Starting attempt 1 of 6
[2023-10-01 07:36:24,028] {taskinstance.py:1044} INFO - 
--------------------------------------------------------------------------------
[2023-10-01 07:36:25,583] {taskinstance.py:1063} INFO - Executing <Task(PythonOperator): greet> on 2021-08-22T00:00:00+00:00
[2023-10-01 07:36:25,689] {standard_task_runner.py:52} INFO - Started process 18223 to run task
[2023-10-01 07:36:26,678] {standard_task_runner.py:76} INFO - Running: ['airflow', 'tasks', 'run', 'our_seventh_dag_v7', 'greet', '2021-08-22T00:00:00+00:00', '--job-id', '1373', '--pool', 'default_pool', '--raw', '--subdir', 'DAGS_FOLDER/our_seventh_dag.py', '--cfg-path', '/tmp/tmp7gvzd_ov', '--error-file', '/tmp/tmppf094_hq']
[2023-10-01 07:36:26,846] {standard_task_runner.py:77} INFO - Job 1373: Subtask greet
[2023-10-01 07:36:28,449] {logging_mixin.py:104} INFO - Running <TaskInstance: our_seventh_dag_v7.greet 2021-08-22T00:00:00+00:00 [running]> on host d4ed655215d1
[2023-10-01 07:36:29,242] {taskinstance.py:1257} INFO - Exporting the following env vars:
AIRFLOW_CTX_DAG_OWNER=svastikkka
AIRFLOW_CTX_DAG_ID=our_seventh_dag_v7
AIRFLOW_CTX_TASK_ID=greet
AIRFLOW_CTX_EXECUTION_DATE=2021-08-22T00:00:00+00:00
AIRFLOW_CTX_DAG_RUN_ID=scheduled__2021-08-22T00:00:00+00:00
[2023-10-01 07:36:29,391] {logging_mixin.py:104} INFO - Hello My name is Manshu Sharma and I am 26 years old.
[2023-10-01 07:36:29,396] {python.py:118} INFO - Done. Returned value was: None
[2023-10-01 07:36:29,567] {taskinstance.py:1166} INFO - Marking task as SUCCESS. dag_id=our_seventh_dag_v7, task_id=greet, execution_date=20210822T000000, start_date=20231001T073623, end_date=20231001T073629
[2023-10-01 07:36:31,461] {local_task_job.py:188} WARNING - State of this instance has been externally set to success. Terminating instance.
[2023-10-01 07:36:31,544] {process_utils.py:100} INFO - Sending Signals.SIGTERM to GPID 18223
[2023-10-01 07:36:31,551] {taskinstance.py:1239} ERROR - Received SIGTERM. Terminating subprocesses.
[2023-10-01 07:36:31,821] {process_utils.py:66} INFO - Process psutil.Process(pid=18223, status='terminated', exitcode=1, started='07:36:24') (18223) terminated with exit code 1
