[2023-10-01 08:07:52,886] {taskinstance.py:851} INFO - Dependencies all met for <TaskInstance: our_eight_dag_v8.greet 2021-08-06T00:00:00+00:00 [queued]>
[2023-10-01 08:07:53,507] {taskinstance.py:851} INFO - Dependencies all met for <TaskInstance: our_eight_dag_v8.greet 2021-08-06T00:00:00+00:00 [queued]>
[2023-10-01 08:07:53,533] {taskinstance.py:1042} INFO - 
--------------------------------------------------------------------------------
[2023-10-01 08:07:53,552] {taskinstance.py:1043} INFO - Starting attempt 1 of 6
[2023-10-01 08:07:53,555] {taskinstance.py:1044} INFO - 
--------------------------------------------------------------------------------
[2023-10-01 08:07:54,058] {taskinstance.py:1063} INFO - Executing <Task(PythonOperator): greet> on 2021-08-06T00:00:00+00:00
[2023-10-01 08:07:54,148] {standard_task_runner.py:52} INFO - Started process 24750 to run task
[2023-10-01 08:07:54,383] {standard_task_runner.py:76} INFO - Running: ['airflow', 'tasks', 'run', 'our_eight_dag_v8', 'greet', '2021-08-06T00:00:00+00:00', '--job-id', '2458', '--pool', 'default_pool', '--raw', '--subdir', 'DAGS_FOLDER/our_eight_dag.py', '--cfg-path', '/tmp/tmpyjhp5n00', '--error-file', '/tmp/tmpwp1bo1s0']
[2023-10-01 08:07:54,633] {standard_task_runner.py:77} INFO - Job 2458: Subtask greet
[2023-10-01 08:07:56,279] {logging_mixin.py:104} INFO - Running <TaskInstance: our_eight_dag_v8.greet 2021-08-06T00:00:00+00:00 [running]> on host d4ed655215d1
[2023-10-01 08:07:58,032] {taskinstance.py:1257} INFO - Exporting the following env vars:
AIRFLOW_CTX_DAG_OWNER=svastikkka
AIRFLOW_CTX_DAG_ID=our_eight_dag_v8
AIRFLOW_CTX_TASK_ID=greet
AIRFLOW_CTX_EXECUTION_DATE=2021-08-06T00:00:00+00:00
AIRFLOW_CTX_DAG_RUN_ID=scheduled__2021-08-06T00:00:00+00:00
[2023-10-01 08:07:59,473] {logging_mixin.py:104} INFO - Hello My name is Manshu Sharma and I am 21 years old.
[2023-10-01 08:07:59,479] {python.py:118} INFO - Done. Returned value was: None
[2023-10-01 08:07:59,869] {taskinstance.py:1166} INFO - Marking task as SUCCESS. dag_id=our_eight_dag_v8, task_id=greet, execution_date=20210806T000000, start_date=20231001T080753, end_date=20231001T080759
[2023-10-01 08:08:01,206] {taskinstance.py:1220} INFO - 0 downstream tasks scheduled from follow-on schedule check
[2023-10-01 08:08:01,521] {local_task_job.py:146} INFO - Task exited with return code 0
