[2023-10-01 07:52:59,148] {taskinstance.py:851} INFO - Dependencies all met for <TaskInstance: our_seventh_dag_v7.greet 2022-10-07T00:00:00+00:00 [queued]>
[2023-10-01 07:52:59,356] {taskinstance.py:851} INFO - Dependencies all met for <TaskInstance: our_seventh_dag_v7.greet 2022-10-07T00:00:00+00:00 [queued]>
[2023-10-01 07:52:59,360] {taskinstance.py:1042} INFO - 
--------------------------------------------------------------------------------
[2023-10-01 07:52:59,363] {taskinstance.py:1043} INFO - Starting attempt 1 of 6
[2023-10-01 07:52:59,365] {taskinstance.py:1044} INFO - 
--------------------------------------------------------------------------------
[2023-10-01 07:52:59,425] {taskinstance.py:1063} INFO - Executing <Task(PythonOperator): greet> on 2022-10-07T00:00:00+00:00
[2023-10-01 07:52:59,443] {standard_task_runner.py:52} INFO - Started process 22596 to run task
[2023-10-01 07:52:59,525] {standard_task_runner.py:76} INFO - Running: ['airflow', 'tasks', 'run', 'our_seventh_dag_v7', 'greet', '2022-10-07T00:00:00+00:00', '--job-id', '2208', '--pool', 'default_pool', '--raw', '--subdir', 'DAGS_FOLDER/our_seventh_dag.py', '--cfg-path', '/tmp/tmpmhwxzq7o', '--error-file', '/tmp/tmpve5str09']
[2023-10-01 07:52:59,561] {standard_task_runner.py:77} INFO - Job 2208: Subtask greet
[2023-10-01 07:53:01,084] {logging_mixin.py:104} INFO - Running <TaskInstance: our_seventh_dag_v7.greet 2022-10-07T00:00:00+00:00 [running]> on host d4ed655215d1
[2023-10-01 07:53:01,527] {taskinstance.py:1257} INFO - Exporting the following env vars:
AIRFLOW_CTX_DAG_OWNER=svastikkka
AIRFLOW_CTX_DAG_ID=our_seventh_dag_v7
AIRFLOW_CTX_TASK_ID=greet
AIRFLOW_CTX_EXECUTION_DATE=2022-10-07T00:00:00+00:00
AIRFLOW_CTX_DAG_RUN_ID=scheduled__2022-10-07T00:00:00+00:00
[2023-10-01 07:53:01,674] {logging_mixin.py:104} INFO - Hello My name is Manshu Sharma and I am 26 years old.
[2023-10-01 07:53:01,682] {python.py:118} INFO - Done. Returned value was: None
[2023-10-01 07:53:01,784] {taskinstance.py:1166} INFO - Marking task as SUCCESS. dag_id=our_seventh_dag_v7, task_id=greet, execution_date=20221007T000000, start_date=20231001T075259, end_date=20231001T075301
[2023-10-01 07:53:04,796] {local_task_job.py:188} WARNING - State of this instance has been externally set to success. Terminating instance.
[2023-10-01 07:53:04,879] {process_utils.py:100} INFO - Sending Signals.SIGTERM to GPID 22596
[2023-10-01 07:53:08,221] {taskinstance.py:1239} ERROR - Received SIGTERM. Terminating subprocesses.
[2023-10-01 07:53:08,459] {process_utils.py:66} INFO - Process psutil.Process(pid=22596, status='terminated', exitcode=1, started='07:52:59') (22596) terminated with exit code 1
