[2023-10-01 06:01:41,997] {taskinstance.py:851} INFO - Dependencies all met for <TaskInstance: our_third_dag_v3.second_task 2021-10-09T00:00:00+00:00 [queued]>
[2023-10-01 06:01:42,301] {taskinstance.py:851} INFO - Dependencies all met for <TaskInstance: our_third_dag_v3.second_task 2021-10-09T00:00:00+00:00 [queued]>
[2023-10-01 06:01:42,304] {taskinstance.py:1042} INFO - 
--------------------------------------------------------------------------------
[2023-10-01 06:01:42,307] {taskinstance.py:1043} INFO - Starting attempt 1 of 6
[2023-10-01 06:01:42,334] {taskinstance.py:1044} INFO - 
--------------------------------------------------------------------------------
[2023-10-01 06:01:42,478] {taskinstance.py:1063} INFO - Executing <Task(BashOperator): second_task> on 2021-10-09T00:00:00+00:00
[2023-10-01 06:01:42,530] {standard_task_runner.py:52} INFO - Started process 3314 to run task
[2023-10-01 06:01:42,665] {standard_task_runner.py:76} INFO - Running: ['airflow', 'tasks', 'run', 'our_third_dag_v3', 'second_task', '2021-10-09T00:00:00+00:00', '--job-id', '371', '--pool', 'default_pool', '--raw', '--subdir', 'DAGS_FOLDER/our_third_dag.py', '--cfg-path', '/tmp/tmp19ue5v30', '--error-file', '/tmp/tmpycp6kq75']
[2023-10-01 06:01:42,761] {standard_task_runner.py:77} INFO - Job 371: Subtask second_task
[2023-10-01 06:01:44,753] {logging_mixin.py:104} INFO - Running <TaskInstance: our_third_dag_v3.second_task 2021-10-09T00:00:00+00:00 [running]> on host d4ed655215d1
[2023-10-01 06:01:46,675] {taskinstance.py:1257} INFO - Exporting the following env vars:
AIRFLOW_CTX_DAG_OWNER=coder2j
AIRFLOW_CTX_DAG_ID=our_third_dag_v3
AIRFLOW_CTX_TASK_ID=second_task
AIRFLOW_CTX_EXECUTION_DATE=2021-10-09T00:00:00+00:00
AIRFLOW_CTX_DAG_RUN_ID=scheduled__2021-10-09T00:00:00+00:00
[2023-10-01 06:01:46,692] {bash.py:135} INFO - Tmp dir root location: 
 /tmp
[2023-10-01 06:01:46,743] {bash.py:158} INFO - Running command: echo hey, I am task2 and will be running after task1!
[2023-10-01 06:01:47,266] {bash.py:169} INFO - Output:
[2023-10-01 06:01:47,348] {bash.py:173} INFO - hey, I am task2 and will be running after task1!
[2023-10-01 06:01:47,352] {bash.py:177} INFO - Command exited with return code 0
[2023-10-01 06:01:48,584] {taskinstance.py:1166} INFO - Marking task as SUCCESS. dag_id=our_third_dag_v3, task_id=second_task, execution_date=20211009T000000, start_date=20231001T060142, end_date=20231001T060148
[2023-10-01 06:01:52,929] {taskinstance.py:1220} INFO - 0 downstream tasks scheduled from follow-on schedule check
[2023-10-01 06:01:54,831] {local_task_job.py:146} INFO - Task exited with return code 0
