[2023-10-01 05:56:35,966] {taskinstance.py:851} INFO - Dependencies all met for <TaskInstance: our_third_dag_v3.second_task 2021-08-25T00:00:00+00:00 [queued]>
[2023-10-01 05:56:36,238] {taskinstance.py:851} INFO - Dependencies all met for <TaskInstance: our_third_dag_v3.second_task 2021-08-25T00:00:00+00:00 [queued]>
[2023-10-01 05:56:36,240] {taskinstance.py:1042} INFO - 
--------------------------------------------------------------------------------
[2023-10-01 05:56:36,242] {taskinstance.py:1043} INFO - Starting attempt 1 of 6
[2023-10-01 05:56:36,243] {taskinstance.py:1044} INFO - 
--------------------------------------------------------------------------------
[2023-10-01 05:56:36,631] {taskinstance.py:1063} INFO - Executing <Task(BashOperator): second_task> on 2021-08-25T00:00:00+00:00
[2023-10-01 05:56:36,707] {standard_task_runner.py:52} INFO - Started process 2646 to run task
[2023-10-01 05:56:36,840] {standard_task_runner.py:76} INFO - Running: ['airflow', 'tasks', 'run', 'our_third_dag_v3', 'second_task', '2021-08-25T00:00:00+00:00', '--job-id', '232', '--pool', 'default_pool', '--raw', '--subdir', 'DAGS_FOLDER/our_third_dag.py', '--cfg-path', '/tmp/tmph25h0vn8', '--error-file', '/tmp/tmpdw14qehe']
[2023-10-01 05:56:36,942] {standard_task_runner.py:77} INFO - Job 232: Subtask second_task
[2023-10-01 05:56:38,710] {logging_mixin.py:104} INFO - Running <TaskInstance: our_third_dag_v3.second_task 2021-08-25T00:00:00+00:00 [running]> on host d4ed655215d1
[2023-10-01 05:56:40,035] {taskinstance.py:1257} INFO - Exporting the following env vars:
AIRFLOW_CTX_DAG_OWNER=coder2j
AIRFLOW_CTX_DAG_ID=our_third_dag_v3
AIRFLOW_CTX_TASK_ID=second_task
AIRFLOW_CTX_EXECUTION_DATE=2021-08-25T00:00:00+00:00
AIRFLOW_CTX_DAG_RUN_ID=scheduled__2021-08-25T00:00:00+00:00
[2023-10-01 05:56:40,085] {bash.py:135} INFO - Tmp dir root location: 
 /tmp
[2023-10-01 05:56:40,116] {bash.py:158} INFO - Running command: echo hey, I am task2 and will be running after task1!
[2023-10-01 05:56:40,885] {bash.py:169} INFO - Output:
[2023-10-01 05:56:40,951] {bash.py:173} INFO - hey, I am task2 and will be running after task1!
[2023-10-01 05:56:40,969] {bash.py:177} INFO - Command exited with return code 0
[2023-10-01 05:56:42,527] {taskinstance.py:1166} INFO - Marking task as SUCCESS. dag_id=our_third_dag_v3, task_id=second_task, execution_date=20210825T000000, start_date=20231001T055636, end_date=20231001T055642
[2023-10-01 05:56:43,217] {local_task_job.py:188} WARNING - State of this instance has been externally set to success. Terminating instance.
[2023-10-01 05:56:43,391] {process_utils.py:100} INFO - Sending Signals.SIGTERM to GPID 2646
[2023-10-01 05:56:48,694] {taskinstance.py:1239} ERROR - Received SIGTERM. Terminating subprocesses.
[2023-10-01 05:56:48,702] {bash.py:185} INFO - Sending SIGTERM signal to bash process group
[2023-10-01 05:56:49,871] {process_utils.py:66} INFO - Process psutil.Process(pid=2646, status='terminated', exitcode=1, started='05:56:35') (2646) terminated with exit code 1
