[2023-10-01 05:04:26,474] {taskinstance.py:851} INFO - Dependencies all met for <TaskInstance: our_first_dag_v1.first_task 2021-11-07T00:00:00+00:00 [queued]>
[2023-10-01 05:04:26,632] {taskinstance.py:851} INFO - Dependencies all met for <TaskInstance: our_first_dag_v1.first_task 2021-11-07T00:00:00+00:00 [queued]>
[2023-10-01 05:04:26,635] {taskinstance.py:1042} INFO - 
--------------------------------------------------------------------------------
[2023-10-01 05:04:26,637] {taskinstance.py:1043} INFO - Starting attempt 1 of 6
[2023-10-01 05:04:26,641] {taskinstance.py:1044} INFO - 
--------------------------------------------------------------------------------
[2023-10-01 05:04:26,760] {taskinstance.py:1063} INFO - Executing <Task(BashOperator): first_task> on 2021-11-07T00:00:00+00:00
[2023-10-01 05:04:26,806] {standard_task_runner.py:52} INFO - Started process 1342 to run task
[2023-10-01 05:04:26,902] {standard_task_runner.py:76} INFO - Running: ['airflow', 'tasks', 'run', 'our_first_dag_v1', 'first_task', '2021-11-07T00:00:00+00:00', '--job-id', '191', '--pool', 'default_pool', '--raw', '--subdir', 'DAGS_FOLDER/our_first_dag.py', '--cfg-path', '/tmp/tmp35ziifjv', '--error-file', '/tmp/tmpi29spfig']
[2023-10-01 05:04:26,961] {standard_task_runner.py:77} INFO - Job 191: Subtask first_task
[2023-10-01 05:04:27,557] {logging_mixin.py:104} INFO - Running <TaskInstance: our_first_dag_v1.first_task 2021-11-07T00:00:00+00:00 [running]> on host c25e1f8124bc
[2023-10-01 05:04:28,568] {taskinstance.py:1257} INFO - Exporting the following env vars:
AIRFLOW_CTX_DAG_OWNER=coder2j
AIRFLOW_CTX_DAG_ID=our_first_dag_v1
AIRFLOW_CTX_TASK_ID=first_task
AIRFLOW_CTX_EXECUTION_DATE=2021-11-07T00:00:00+00:00
AIRFLOW_CTX_DAG_RUN_ID=scheduled__2021-11-07T00:00:00+00:00
[2023-10-01 05:04:28,573] {bash.py:135} INFO - Tmp dir root location: 
 /tmp
[2023-10-01 05:04:28,593] {bash.py:158} INFO - Running command: echo hello world, this is the first task!
[2023-10-01 05:04:28,798] {bash.py:169} INFO - Output:
[2023-10-01 05:04:28,816] {bash.py:173} INFO - hello world, this is the first task!
[2023-10-01 05:04:28,822] {bash.py:177} INFO - Command exited with return code 0
[2023-10-01 05:04:29,050] {taskinstance.py:1166} INFO - Marking task as SUCCESS. dag_id=our_first_dag_v1, task_id=first_task, execution_date=20211107T000000, start_date=20231001T050426, end_date=20231001T050429
[2023-10-01 05:04:30,786] {taskinstance.py:1220} INFO - 0 downstream tasks scheduled from follow-on schedule check
[2023-10-01 05:04:31,100] {local_task_job.py:146} INFO - Task exited with return code 0
[2023-10-01 05:20:28,290] {taskinstance.py:851} INFO - Dependencies all met for <TaskInstance: our_first_dag_v1.first_task 2021-11-07T00:00:00+00:00 [queued]>
[2023-10-01 05:20:28,416] {taskinstance.py:851} INFO - Dependencies all met for <TaskInstance: our_first_dag_v1.first_task 2021-11-07T00:00:00+00:00 [queued]>
[2023-10-01 05:20:28,418] {taskinstance.py:1042} INFO - 
--------------------------------------------------------------------------------
[2023-10-01 05:20:28,421] {taskinstance.py:1043} INFO - Starting attempt 1 of 6
[2023-10-01 05:20:28,423] {taskinstance.py:1044} INFO - 
--------------------------------------------------------------------------------
[2023-10-01 05:20:28,509] {taskinstance.py:1063} INFO - Executing <Task(BashOperator): first_task> on 2021-11-07T00:00:00+00:00
[2023-10-01 05:20:28,540] {standard_task_runner.py:52} INFO - Started process 575 to run task
[2023-10-01 05:20:28,551] {standard_task_runner.py:76} INFO - Running: ['airflow', 'tasks', 'run', 'our_first_dag_v1', 'first_task', '2021-11-07T00:00:00+00:00', '--job-id', '102', '--pool', 'default_pool', '--raw', '--subdir', 'DAGS_FOLDER/our_first_dag.py', '--cfg-path', '/tmp/tmpyusui_yd', '--error-file', '/tmp/tmpq10v_d0y']
[2023-10-01 05:20:28,664] {standard_task_runner.py:77} INFO - Job 102: Subtask first_task
[2023-10-01 05:20:29,075] {logging_mixin.py:104} INFO - Running <TaskInstance: our_first_dag_v1.first_task 2021-11-07T00:00:00+00:00 [running]> on host d4ed655215d1
[2023-10-01 05:20:29,405] {taskinstance.py:1257} INFO - Exporting the following env vars:
AIRFLOW_CTX_DAG_OWNER=coder2j
AIRFLOW_CTX_DAG_ID=our_first_dag_v1
AIRFLOW_CTX_TASK_ID=first_task
AIRFLOW_CTX_EXECUTION_DATE=2021-11-07T00:00:00+00:00
AIRFLOW_CTX_DAG_RUN_ID=scheduled__2021-11-07T00:00:00+00:00
[2023-10-01 05:20:29,412] {bash.py:135} INFO - Tmp dir root location: 
 /tmp
[2023-10-01 05:20:29,436] {bash.py:158} INFO - Running command: echo hello world, this is the first task!
[2023-10-01 05:20:29,520] {bash.py:169} INFO - Output:
[2023-10-01 05:20:29,545] {bash.py:173} INFO - hello world, this is the first task!
[2023-10-01 05:20:29,550] {bash.py:177} INFO - Command exited with return code 0
[2023-10-01 05:20:29,773] {taskinstance.py:1166} INFO - Marking task as SUCCESS. dag_id=our_first_dag_v1, task_id=first_task, execution_date=20211107T000000, start_date=20231001T052028, end_date=20231001T052029
[2023-10-01 05:20:34,457] {local_task_job.py:188} WARNING - State of this instance has been externally set to success. Terminating instance.
[2023-10-01 05:20:34,508] {process_utils.py:100} INFO - Sending Signals.SIGTERM to GPID 575
[2023-10-01 05:20:37,948] {taskinstance.py:1239} ERROR - Received SIGTERM. Terminating subprocesses.
[2023-10-01 05:20:37,953] {bash.py:185} INFO - Sending SIGTERM signal to bash process group
[2023-10-01 05:20:38,036] {process_utils.py:66} INFO - Process psutil.Process(pid=575, status='terminated', exitcode=1, started='05:20:28') (575) terminated with exit code 1
