[2023-10-01 08:09:12,573] {taskinstance.py:851} INFO - Dependencies all met for <TaskInstance: our_eight_dag_v8.get_age 2021-08-19T00:00:00+00:00 [queued]>
[2023-10-01 08:09:14,700] {taskinstance.py:851} INFO - Dependencies all met for <TaskInstance: our_eight_dag_v8.get_age 2021-08-19T00:00:00+00:00 [queued]>
[2023-10-01 08:09:14,710] {taskinstance.py:1042} INFO - 
--------------------------------------------------------------------------------
[2023-10-01 08:09:14,716] {taskinstance.py:1043} INFO - Starting attempt 1 of 6
[2023-10-01 08:09:14,729] {taskinstance.py:1044} INFO - 
--------------------------------------------------------------------------------
[2023-10-01 08:09:14,880] {taskinstance.py:1063} INFO - Executing <Task(PythonOperator): get_age> on 2021-08-19T00:00:00+00:00
[2023-10-01 08:09:15,028] {standard_task_runner.py:52} INFO - Started process 24942 to run task
[2023-10-01 08:09:15,363] {standard_task_runner.py:76} INFO - Running: ['airflow', 'tasks', 'run', 'our_eight_dag_v8', 'get_age', '2021-08-19T00:00:00+00:00', '--job-id', '2485', '--pool', 'default_pool', '--raw', '--subdir', 'DAGS_FOLDER/our_eight_dag.py', '--cfg-path', '/tmp/tmplp4ol538', '--error-file', '/tmp/tmpf3fet5km']
[2023-10-01 08:09:16,170] {standard_task_runner.py:77} INFO - Job 2485: Subtask get_age
[2023-10-01 08:09:20,183] {logging_mixin.py:104} INFO - Running <TaskInstance: our_eight_dag_v8.get_age 2021-08-19T00:00:00+00:00 [running]> on host d4ed655215d1
[2023-10-01 08:09:21,989] {taskinstance.py:1257} INFO - Exporting the following env vars:
AIRFLOW_CTX_DAG_OWNER=svastikkka
AIRFLOW_CTX_DAG_ID=our_eight_dag_v8
AIRFLOW_CTX_TASK_ID=get_age
AIRFLOW_CTX_EXECUTION_DATE=2021-08-19T00:00:00+00:00
AIRFLOW_CTX_DAG_RUN_ID=scheduled__2021-08-19T00:00:00+00:00
[2023-10-01 08:09:22,451] {python.py:118} INFO - Done. Returned value was: None
[2023-10-01 08:09:22,805] {taskinstance.py:1166} INFO - Marking task as SUCCESS. dag_id=our_eight_dag_v8, task_id=get_age, execution_date=20210819T000000, start_date=20231001T080912, end_date=20231001T080922
[2023-10-01 08:09:23,755] {taskinstance.py:1220} INFO - 0 downstream tasks scheduled from follow-on schedule check
[2023-10-01 08:09:24,014] {local_task_job.py:146} INFO - Task exited with return code 0
