[2023-10-01 06:09:53,602] {taskinstance.py:851} INFO - Dependencies all met for <TaskInstance: our_fourth_dag_v4.second_task 2021-08-20T00:00:00+00:00 [queued]>
[2023-10-01 06:09:53,878] {taskinstance.py:851} INFO - Dependencies all met for <TaskInstance: our_fourth_dag_v4.second_task 2021-08-20T00:00:00+00:00 [queued]>
[2023-10-01 06:09:53,887] {taskinstance.py:1042} INFO - 
--------------------------------------------------------------------------------
[2023-10-01 06:09:53,893] {taskinstance.py:1043} INFO - Starting attempt 1 of 6
[2023-10-01 06:09:53,895] {taskinstance.py:1044} INFO - 
--------------------------------------------------------------------------------
[2023-10-01 06:09:54,707] {taskinstance.py:1063} INFO - Executing <Task(BashOperator): second_task> on 2021-08-20T00:00:00+00:00
[2023-10-01 06:09:54,899] {standard_task_runner.py:52} INFO - Started process 4241 to run task
[2023-10-01 06:09:55,082] {standard_task_runner.py:76} INFO - Running: ['airflow', 'tasks', 'run', 'our_fourth_dag_v4', 'second_task', '2021-08-20T00:00:00+00:00', '--job-id', '498', '--pool', 'default_pool', '--raw', '--subdir', 'DAGS_FOLDER/our_fourth_dag.py', '--cfg-path', '/tmp/tmpff628b5p', '--error-file', '/tmp/tmpiz7vf1vk']
[2023-10-01 06:09:55,180] {standard_task_runner.py:77} INFO - Job 498: Subtask second_task
[2023-10-01 06:09:56,867] {logging_mixin.py:104} INFO - Running <TaskInstance: our_fourth_dag_v4.second_task 2021-08-20T00:00:00+00:00 [running]> on host d4ed655215d1
[2023-10-01 06:09:58,621] {taskinstance.py:1257} INFO - Exporting the following env vars:
AIRFLOW_CTX_DAG_OWNER=svastikkka
AIRFLOW_CTX_DAG_ID=our_fourth_dag_v4
AIRFLOW_CTX_TASK_ID=second_task
AIRFLOW_CTX_EXECUTION_DATE=2021-08-20T00:00:00+00:00
AIRFLOW_CTX_DAG_RUN_ID=scheduled__2021-08-20T00:00:00+00:00
[2023-10-01 06:09:58,685] {bash.py:135} INFO - Tmp dir root location: 
 /tmp
[2023-10-01 06:09:58,748] {bash.py:158} INFO - Running command: echo hey, I am task2 and will be running after task1!
[2023-10-01 06:09:59,922] {bash.py:169} INFO - Output:
[2023-10-01 06:10:00,262] {bash.py:173} INFO - hey, I am task2 and will be running after task1!
[2023-10-01 06:10:00,274] {bash.py:177} INFO - Command exited with return code 0
[2023-10-01 06:10:01,655] {taskinstance.py:1166} INFO - Marking task as SUCCESS. dag_id=our_fourth_dag_v4, task_id=second_task, execution_date=20210820T000000, start_date=20231001T060953, end_date=20231001T061001
[2023-10-01 06:10:02,442] {taskinstance.py:1220} INFO - 0 downstream tasks scheduled from follow-on schedule check
[2023-10-01 06:10:02,925] {local_task_job.py:146} INFO - Task exited with return code 0
