[2023-10-01 06:54:47,678] {taskinstance.py:851} INFO - Dependencies all met for <TaskInstance: our_sixth_dag_v6.get_name 2021-11-06T00:00:00+00:00 [queued]>
[2023-10-01 06:54:48,065] {taskinstance.py:851} INFO - Dependencies all met for <TaskInstance: our_sixth_dag_v6.get_name 2021-11-06T00:00:00+00:00 [queued]>
[2023-10-01 06:54:48,068] {taskinstance.py:1042} INFO - 
--------------------------------------------------------------------------------
[2023-10-01 06:54:48,072] {taskinstance.py:1043} INFO - Starting attempt 1 of 6
[2023-10-01 06:54:48,081] {taskinstance.py:1044} INFO - 
--------------------------------------------------------------------------------
[2023-10-01 06:54:48,249] {taskinstance.py:1063} INFO - Executing <Task(PythonOperator): get_name> on 2021-11-06T00:00:00+00:00
[2023-10-01 06:54:48,415] {standard_task_runner.py:52} INFO - Started process 11158 to run task
[2023-10-01 06:54:48,633] {standard_task_runner.py:76} INFO - Running: ['airflow', 'tasks', 'run', 'our_sixth_dag_v6', 'get_name', '2021-11-06T00:00:00+00:00', '--job-id', '1249', '--pool', 'default_pool', '--raw', '--subdir', 'DAGS_FOLDER/our_sixth_dag.py', '--cfg-path', '/tmp/tmpa3gqss78', '--error-file', '/tmp/tmpkhz5oif5']
[2023-10-01 06:54:48,827] {standard_task_runner.py:77} INFO - Job 1249: Subtask get_name
[2023-10-01 06:54:50,825] {logging_mixin.py:104} INFO - Running <TaskInstance: our_sixth_dag_v6.get_name 2021-11-06T00:00:00+00:00 [running]> on host d4ed655215d1
[2023-10-01 06:54:51,484] {taskinstance.py:1257} INFO - Exporting the following env vars:
AIRFLOW_CTX_DAG_OWNER=svastikkka
AIRFLOW_CTX_DAG_ID=our_sixth_dag_v6
AIRFLOW_CTX_TASK_ID=get_name
AIRFLOW_CTX_EXECUTION_DATE=2021-11-06T00:00:00+00:00
AIRFLOW_CTX_DAG_RUN_ID=scheduled__2021-11-06T00:00:00+00:00
[2023-10-01 06:54:51,491] {python.py:118} INFO - Done. Returned value was: Manshu
[2023-10-01 06:54:51,689] {taskinstance.py:1166} INFO - Marking task as SUCCESS. dag_id=our_sixth_dag_v6, task_id=get_name, execution_date=20211106T000000, start_date=20231001T065447, end_date=20231001T065451
[2023-10-01 06:54:52,144] {taskinstance.py:1220} INFO - 1 downstream tasks scheduled from follow-on schedule check
[2023-10-01 06:54:52,272] {local_task_job.py:146} INFO - Task exited with return code 0
