[2023-10-01 09:17:14,318] {taskinstance.py:851} INFO - Dependencies all met for <TaskInstance: cron.first_task 2021-08-07T00:00:00+00:00 [queued]>
[2023-10-01 09:17:16,658] {taskinstance.py:851} INFO - Dependencies all met for <TaskInstance: cron.first_task 2021-08-07T00:00:00+00:00 [queued]>
[2023-10-01 09:17:16,660] {taskinstance.py:1042} INFO - 
--------------------------------------------------------------------------------
[2023-10-01 09:17:16,664] {taskinstance.py:1043} INFO - Starting attempt 1 of 6
[2023-10-01 09:17:16,689] {taskinstance.py:1044} INFO - 
--------------------------------------------------------------------------------
[2023-10-01 09:17:18,814] {taskinstance.py:1063} INFO - Executing <Task(BashOperator): first_task> on 2021-08-07T00:00:00+00:00
[2023-10-01 09:17:20,743] {standard_task_runner.py:52} INFO - Started process 34412 to run task
[2023-10-01 09:17:22,128] {standard_task_runner.py:76} INFO - Running: ['airflow', 'tasks', 'run', 'cron', 'first_task', '2021-08-07T00:00:00+00:00', '--job-id', '2501', '--pool', 'default_pool', '--raw', '--subdir', 'DAGS_FOLDER/cron.py', '--cfg-path', '/tmp/tmpaqmy30s8', '--error-file', '/tmp/tmpzl7_ezjg']
[2023-10-01 09:17:25,918] {standard_task_runner.py:77} INFO - Job 2501: Subtask first_task
[2023-10-01 09:17:31,347] {logging_mixin.py:104} INFO - Running <TaskInstance: cron.first_task 2021-08-07T00:00:00+00:00 [running]> on host d4ed655215d1
[2023-10-01 09:17:32,268] {taskinstance.py:1257} INFO - Exporting the following env vars:
AIRFLOW_CTX_DAG_OWNER=svastikkka
AIRFLOW_CTX_DAG_ID=cron
AIRFLOW_CTX_TASK_ID=first_task
AIRFLOW_CTX_EXECUTION_DATE=2021-08-07T00:00:00+00:00
AIRFLOW_CTX_DAG_RUN_ID=scheduled__2021-08-07T00:00:00+00:00
[2023-10-01 09:17:32,327] {bash.py:135} INFO - Tmp dir root location: 
 /tmp
[2023-10-01 09:17:32,440] {bash.py:158} INFO - Running command: echo hello world, this is the first task!
[2023-10-01 09:17:32,909] {bash.py:169} INFO - Output:
[2023-10-01 09:17:32,925] {bash.py:173} INFO - hello world, this is the first task!
[2023-10-01 09:17:32,929] {bash.py:177} INFO - Command exited with return code 0
[2023-10-01 09:17:33,579] {taskinstance.py:1166} INFO - Marking task as SUCCESS. dag_id=cron, task_id=first_task, execution_date=20210807T000000, start_date=20231001T091715, end_date=20231001T091733
[2023-10-01 09:17:34,113] {taskinstance.py:1220} INFO - 0 downstream tasks scheduled from follow-on schedule check
[2023-10-01 09:17:34,195] {local_task_job.py:146} INFO - Task exited with return code 0
