[2023-10-01 05:32:13,558] {taskinstance.py:851} INFO - Dependencies all met for <TaskInstance: our_second_dag_v2.first_task 2021-08-04T00:00:00+00:00 [queued]>
[2023-10-01 05:32:16,337] {taskinstance.py:851} INFO - Dependencies all met for <TaskInstance: our_second_dag_v2.first_task 2021-08-04T00:00:00+00:00 [queued]>
[2023-10-01 05:32:16,395] {taskinstance.py:1042} INFO - 
--------------------------------------------------------------------------------
[2023-10-01 05:32:16,433] {taskinstance.py:1043} INFO - Starting attempt 1 of 6
[2023-10-01 05:32:16,437] {taskinstance.py:1044} INFO - 
--------------------------------------------------------------------------------
[2023-10-01 05:32:18,573] {taskinstance.py:1063} INFO - Executing <Task(BashOperator): first_task> on 2021-08-04T00:00:00+00:00
[2023-10-01 05:32:19,391] {standard_task_runner.py:52} INFO - Started process 1059 to run task
[2023-10-01 05:32:20,644] {standard_task_runner.py:76} INFO - Running: ['airflow', 'tasks', 'run', 'our_second_dag_v2', 'first_task', '2021-08-04T00:00:00+00:00', '--job-id', '121', '--pool', 'default_pool', '--raw', '--subdir', 'DAGS_FOLDER/our_second_dag.py', '--cfg-path', '/tmp/tmp5hb1fsfp', '--error-file', '/tmp/tmp26zpyfjk']
[2023-10-01 05:32:21,192] {standard_task_runner.py:77} INFO - Job 121: Subtask first_task
[2023-10-01 05:32:30,120] {logging_mixin.py:104} INFO - Running <TaskInstance: our_second_dag_v2.first_task 2021-08-04T00:00:00+00:00 [running]> on host d4ed655215d1
[2023-10-01 05:32:31,583] {taskinstance.py:1257} INFO - Exporting the following env vars:
AIRFLOW_CTX_DAG_OWNER=coder2j
AIRFLOW_CTX_DAG_ID=our_second_dag_v2
AIRFLOW_CTX_TASK_ID=first_task
AIRFLOW_CTX_EXECUTION_DATE=2021-08-04T00:00:00+00:00
AIRFLOW_CTX_DAG_RUN_ID=scheduled__2021-08-04T00:00:00+00:00
[2023-10-01 05:32:31,805] {bash.py:135} INFO - Tmp dir root location: 
 /tmp
[2023-10-01 05:32:31,898] {bash.py:158} INFO - Running command: echo hello world, this is the first task!
[2023-10-01 05:32:32,204] {bash.py:169} INFO - Output:
[2023-10-01 05:32:32,223] {bash.py:173} INFO - hello world, this is the first task!
[2023-10-01 05:32:32,227] {bash.py:177} INFO - Command exited with return code 0
[2023-10-01 05:32:33,399] {taskinstance.py:1166} INFO - Marking task as SUCCESS. dag_id=our_second_dag_v2, task_id=first_task, execution_date=20210804T000000, start_date=20231001T053213, end_date=20231001T053233
[2023-10-01 05:32:34,333] {local_task_job.py:188} WARNING - State of this instance has been externally set to success. Terminating instance.
[2023-10-01 05:32:34,411] {process_utils.py:100} INFO - Sending Signals.SIGTERM to GPID 1059
[2023-10-01 05:32:36,590] {taskinstance.py:1239} ERROR - Received SIGTERM. Terminating subprocesses.
[2023-10-01 05:32:36,602] {bash.py:185} INFO - Sending SIGTERM signal to bash process group
[2023-10-01 05:32:37,721] {process_utils.py:66} INFO - Process psutil.Process(pid=1059, status='terminated', exitcode=1, started='05:32:18') (1059) terminated with exit code 1
