[2023-10-01 06:14:41,677] {taskinstance.py:851} INFO - Dependencies all met for <TaskInstance: our_fourth_dag_v4.thrid_task 2021-10-23T00:00:00+00:00 [queued]>
[2023-10-01 06:14:42,049] {taskinstance.py:851} INFO - Dependencies all met for <TaskInstance: our_fourth_dag_v4.thrid_task 2021-10-23T00:00:00+00:00 [queued]>
[2023-10-01 06:14:42,055] {taskinstance.py:1042} INFO - 
--------------------------------------------------------------------------------
[2023-10-01 06:14:42,062] {taskinstance.py:1043} INFO - Starting attempt 1 of 6
[2023-10-01 06:14:42,067] {taskinstance.py:1044} INFO - 
--------------------------------------------------------------------------------
[2023-10-01 06:14:42,284] {taskinstance.py:1063} INFO - Executing <Task(BashOperator): thrid_task> on 2021-10-23T00:00:00+00:00
[2023-10-01 06:14:42,350] {standard_task_runner.py:52} INFO - Started process 5220 to run task
[2023-10-01 06:14:42,893] {standard_task_runner.py:76} INFO - Running: ['airflow', 'tasks', 'run', 'our_fourth_dag_v4', 'thrid_task', '2021-10-23T00:00:00+00:00', '--job-id', '691', '--pool', 'default_pool', '--raw', '--subdir', 'DAGS_FOLDER/our_fourth_dag.py', '--cfg-path', '/tmp/tmp8tfgc9a3', '--error-file', '/tmp/tmpfuxm945x']
[2023-10-01 06:14:43,272] {standard_task_runner.py:77} INFO - Job 691: Subtask thrid_task
[2023-10-01 06:14:45,421] {logging_mixin.py:104} INFO - Running <TaskInstance: our_fourth_dag_v4.thrid_task 2021-10-23T00:00:00+00:00 [running]> on host d4ed655215d1
[2023-10-01 06:14:47,569] {taskinstance.py:1257} INFO - Exporting the following env vars:
AIRFLOW_CTX_DAG_OWNER=svastikkka
AIRFLOW_CTX_DAG_ID=our_fourth_dag_v4
AIRFLOW_CTX_TASK_ID=thrid_task
AIRFLOW_CTX_EXECUTION_DATE=2021-10-23T00:00:00+00:00
AIRFLOW_CTX_DAG_RUN_ID=scheduled__2021-10-23T00:00:00+00:00
[2023-10-01 06:14:47,634] {bash.py:135} INFO - Tmp dir root location: 
 /tmp
[2023-10-01 06:14:47,706] {bash.py:158} INFO - Running command: echo hey, I am task3 and will be running after task1 at the same time as task2!
[2023-10-01 06:14:48,339] {bash.py:169} INFO - Output:
[2023-10-01 06:14:48,347] {bash.py:173} INFO - hey, I am task3 and will be running after task1 at the same time as task2!
[2023-10-01 06:14:48,353] {bash.py:177} INFO - Command exited with return code 0
[2023-10-01 06:14:48,853] {taskinstance.py:1166} INFO - Marking task as SUCCESS. dag_id=our_fourth_dag_v4, task_id=thrid_task, execution_date=20211023T000000, start_date=20231001T061441, end_date=20231001T061448
[2023-10-01 06:14:53,787] {taskinstance.py:1220} INFO - 0 downstream tasks scheduled from follow-on schedule check
[2023-10-01 06:14:54,282] {local_task_job.py:188} WARNING - State of this instance has been externally set to success. Terminating instance.
[2023-10-01 06:14:54,392] {process_utils.py:100} INFO - Sending Signals.SIGTERM to GPID 5220
[2023-10-01 06:14:54,447] {process_utils.py:66} INFO - Process psutil.Process(pid=5220, status='terminated', exitcode=0, started='06:14:42') (5220) terminated with exit code 0
