[2023-10-01 09:16:28,008] {taskinstance.py:851} INFO - Dependencies all met for <TaskInstance: cron.first_task 2021-08-06T00:00:00+00:00 [queued]>
[2023-10-01 09:16:28,726] {taskinstance.py:851} INFO - Dependencies all met for <TaskInstance: cron.first_task 2021-08-06T00:00:00+00:00 [queued]>
[2023-10-01 09:16:28,739] {taskinstance.py:1042} INFO - 
--------------------------------------------------------------------------------
[2023-10-01 09:16:28,760] {taskinstance.py:1043} INFO - Starting attempt 1 of 6
[2023-10-01 09:16:28,843] {taskinstance.py:1044} INFO - 
--------------------------------------------------------------------------------
[2023-10-01 09:16:30,789] {taskinstance.py:1063} INFO - Executing <Task(BashOperator): first_task> on 2021-08-06T00:00:00+00:00
[2023-10-01 09:16:32,960] {standard_task_runner.py:52} INFO - Started process 34373 to run task
[2023-10-01 09:16:35,124] {standard_task_runner.py:76} INFO - Running: ['airflow', 'tasks', 'run', 'cron', 'first_task', '2021-08-06T00:00:00+00:00', '--job-id', '2494', '--pool', 'default_pool', '--raw', '--subdir', 'DAGS_FOLDER/cron.py', '--cfg-path', '/tmp/tmpjnfv_yb0', '--error-file', '/tmp/tmpabwie6ir']
[2023-10-01 09:16:36,176] {standard_task_runner.py:77} INFO - Job 2494: Subtask first_task
[2023-10-01 09:16:38,448] {logging_mixin.py:104} INFO - Running <TaskInstance: cron.first_task 2021-08-06T00:00:00+00:00 [running]> on host d4ed655215d1
[2023-10-01 09:17:05,056] {taskinstance.py:1257} INFO - Exporting the following env vars:
AIRFLOW_CTX_DAG_OWNER=svastikkka
AIRFLOW_CTX_DAG_ID=cron
AIRFLOW_CTX_TASK_ID=first_task
AIRFLOW_CTX_EXECUTION_DATE=2021-08-06T00:00:00+00:00
AIRFLOW_CTX_DAG_RUN_ID=scheduled__2021-08-06T00:00:00+00:00
[2023-10-01 09:17:05,090] {bash.py:135} INFO - Tmp dir root location: 
 /tmp
[2023-10-01 09:17:06,105] {bash.py:158} INFO - Running command: echo hello world, this is the first task!
[2023-10-01 09:17:11,262] {bash.py:169} INFO - Output:
[2023-10-01 09:17:11,505] {bash.py:173} INFO - hello world, this is the first task!
[2023-10-01 09:17:11,570] {bash.py:177} INFO - Command exited with return code 0
[2023-10-01 09:17:13,620] {taskinstance.py:1166} INFO - Marking task as SUCCESS. dag_id=cron, task_id=first_task, execution_date=20210806T000000, start_date=20231001T091628, end_date=20231001T091713
[2023-10-01 09:17:16,425] {taskinstance.py:1220} INFO - 0 downstream tasks scheduled from follow-on schedule check
[2023-10-01 09:17:24,610] {local_task_job.py:146} INFO - Task exited with return code 0
