[2023-10-01 05:53:51,217] {taskinstance.py:851} INFO - Dependencies all met for <TaskInstance: our_third_dag_v3.second_task 2021-08-06T00:00:00+00:00 [queued]>
[2023-10-01 05:53:51,777] {taskinstance.py:851} INFO - Dependencies all met for <TaskInstance: our_third_dag_v3.second_task 2021-08-06T00:00:00+00:00 [queued]>
[2023-10-01 05:53:51,840] {taskinstance.py:1042} INFO - 
--------------------------------------------------------------------------------
[2023-10-01 05:53:51,845] {taskinstance.py:1043} INFO - Starting attempt 1 of 6
[2023-10-01 05:53:51,847] {taskinstance.py:1044} INFO - 
--------------------------------------------------------------------------------
[2023-10-01 05:53:52,256] {taskinstance.py:1063} INFO - Executing <Task(BashOperator): second_task> on 2021-08-06T00:00:00+00:00
[2023-10-01 05:53:52,646] {standard_task_runner.py:52} INFO - Started process 2372 to run task
[2023-10-01 05:53:53,182] {standard_task_runner.py:76} INFO - Running: ['airflow', 'tasks', 'run', 'our_third_dag_v3', 'second_task', '2021-08-06T00:00:00+00:00', '--job-id', '181', '--pool', 'default_pool', '--raw', '--subdir', 'DAGS_FOLDER/our_third_dag.py', '--cfg-path', '/tmp/tmpmox1lb_8', '--error-file', '/tmp/tmpncj0ast2']
[2023-10-01 05:53:53,373] {standard_task_runner.py:77} INFO - Job 181: Subtask second_task
[2023-10-01 05:53:56,047] {logging_mixin.py:104} INFO - Running <TaskInstance: our_third_dag_v3.second_task 2021-08-06T00:00:00+00:00 [running]> on host d4ed655215d1
[2023-10-01 05:54:04,327] {taskinstance.py:1257} INFO - Exporting the following env vars:
AIRFLOW_CTX_DAG_OWNER=coder2j
AIRFLOW_CTX_DAG_ID=our_third_dag_v3
AIRFLOW_CTX_TASK_ID=second_task
AIRFLOW_CTX_EXECUTION_DATE=2021-08-06T00:00:00+00:00
AIRFLOW_CTX_DAG_RUN_ID=scheduled__2021-08-06T00:00:00+00:00
[2023-10-01 05:54:04,607] {bash.py:135} INFO - Tmp dir root location: 
 /tmp
[2023-10-01 05:54:05,667] {bash.py:158} INFO - Running command: echo hey, I am task2 and will be running after task1!
[2023-10-01 05:54:09,780] {bash.py:169} INFO - Output:
[2023-10-01 05:54:09,802] {bash.py:173} INFO - hey, I am task2 and will be running after task1!
[2023-10-01 05:54:09,871] {bash.py:177} INFO - Command exited with return code 0
[2023-10-01 05:54:13,934] {taskinstance.py:1166} INFO - Marking task as SUCCESS. dag_id=our_third_dag_v3, task_id=second_task, execution_date=20210806T000000, start_date=20231001T055351, end_date=20231001T055413
[2023-10-01 05:54:21,181] {local_task_job.py:188} WARNING - State of this instance has been externally set to success. Terminating instance.
[2023-10-01 05:54:22,144] {process_utils.py:100} INFO - Sending Signals.SIGTERM to GPID 2372
[2023-10-01 05:54:27,472] {taskinstance.py:1239} ERROR - Received SIGTERM. Terminating subprocesses.
[2023-10-01 05:54:27,538] {bash.py:185} INFO - Sending SIGTERM signal to bash process group
[2023-10-01 05:54:31,716] {process_utils.py:66} INFO - Process psutil.Process(pid=2372, status='terminated', exitcode=1, started='05:53:51') (2372) terminated with exit code 1
