[2023-10-01 07:39:38,646] {taskinstance.py:851} INFO - Dependencies all met for <TaskInstance: our_seventh_dag_v7.greet 2021-09-23T00:00:00+00:00 [queued]>
[2023-10-01 07:39:38,811] {taskinstance.py:851} INFO - Dependencies all met for <TaskInstance: our_seventh_dag_v7.greet 2021-09-23T00:00:00+00:00 [queued]>
[2023-10-01 07:39:38,812] {taskinstance.py:1042} INFO - 
--------------------------------------------------------------------------------
[2023-10-01 07:39:38,815] {taskinstance.py:1043} INFO - Starting attempt 1 of 6
[2023-10-01 07:39:38,819] {taskinstance.py:1044} INFO - 
--------------------------------------------------------------------------------
[2023-10-01 07:39:38,946] {taskinstance.py:1063} INFO - Executing <Task(PythonOperator): greet> on 2021-09-23T00:00:00+00:00
[2023-10-01 07:39:38,977] {standard_task_runner.py:52} INFO - Started process 18790 to run task
[2023-10-01 07:39:39,011] {standard_task_runner.py:76} INFO - Running: ['airflow', 'tasks', 'run', 'our_seventh_dag_v7', 'greet', '2021-09-23T00:00:00+00:00', '--job-id', '1451', '--pool', 'default_pool', '--raw', '--subdir', 'DAGS_FOLDER/our_seventh_dag.py', '--cfg-path', '/tmp/tmpwuywr424', '--error-file', '/tmp/tmpcvwa2yfc']
[2023-10-01 07:39:39,079] {standard_task_runner.py:77} INFO - Job 1451: Subtask greet
[2023-10-01 07:39:39,758] {logging_mixin.py:104} INFO - Running <TaskInstance: our_seventh_dag_v7.greet 2021-09-23T00:00:00+00:00 [running]> on host d4ed655215d1
[2023-10-01 07:39:40,454] {taskinstance.py:1257} INFO - Exporting the following env vars:
AIRFLOW_CTX_DAG_OWNER=svastikkka
AIRFLOW_CTX_DAG_ID=our_seventh_dag_v7
AIRFLOW_CTX_TASK_ID=greet
AIRFLOW_CTX_EXECUTION_DATE=2021-09-23T00:00:00+00:00
AIRFLOW_CTX_DAG_RUN_ID=scheduled__2021-09-23T00:00:00+00:00
[2023-10-01 07:39:40,669] {logging_mixin.py:104} INFO - Hello My name is Manshu Sharma and I am 26 years old.
[2023-10-01 07:39:40,672] {python.py:118} INFO - Done. Returned value was: None
[2023-10-01 07:39:40,841] {taskinstance.py:1166} INFO - Marking task as SUCCESS. dag_id=our_seventh_dag_v7, task_id=greet, execution_date=20210923T000000, start_date=20231001T073938, end_date=20231001T073940
[2023-10-01 07:39:41,186] {taskinstance.py:1220} INFO - 0 downstream tasks scheduled from follow-on schedule check
[2023-10-01 07:39:41,345] {local_task_job.py:146} INFO - Task exited with return code 0
