[2023-10-01 05:04:39,641] {taskinstance.py:851} INFO - Dependencies all met for <TaskInstance: our_first_dag_v1.first_task 2021-11-15T00:00:00+00:00 [queued]>
[2023-10-01 05:04:39,721] {taskinstance.py:851} INFO - Dependencies all met for <TaskInstance: our_first_dag_v1.first_task 2021-11-15T00:00:00+00:00 [queued]>
[2023-10-01 05:04:39,725] {taskinstance.py:1042} INFO - 
--------------------------------------------------------------------------------
[2023-10-01 05:04:39,727] {taskinstance.py:1043} INFO - Starting attempt 1 of 6
[2023-10-01 05:04:39,728] {taskinstance.py:1044} INFO - 
--------------------------------------------------------------------------------
[2023-10-01 05:04:39,796] {taskinstance.py:1063} INFO - Executing <Task(BashOperator): first_task> on 2021-11-15T00:00:00+00:00
[2023-10-01 05:04:39,879] {standard_task_runner.py:52} INFO - Started process 1375 to run task
[2023-10-01 05:04:39,982] {standard_task_runner.py:76} INFO - Running: ['airflow', 'tasks', 'run', 'our_first_dag_v1', 'first_task', '2021-11-15T00:00:00+00:00', '--job-id', '200', '--pool', 'default_pool', '--raw', '--subdir', 'DAGS_FOLDER/our_first_dag.py', '--cfg-path', '/tmp/tmpauenj4_m', '--error-file', '/tmp/tmpjriu6lsu']
[2023-10-01 05:04:40,055] {standard_task_runner.py:77} INFO - Job 200: Subtask first_task
[2023-10-01 05:04:40,347] {logging_mixin.py:104} INFO - Running <TaskInstance: our_first_dag_v1.first_task 2021-11-15T00:00:00+00:00 [running]> on host c25e1f8124bc
[2023-10-01 05:04:40,929] {taskinstance.py:1257} INFO - Exporting the following env vars:
AIRFLOW_CTX_DAG_OWNER=coder2j
AIRFLOW_CTX_DAG_ID=our_first_dag_v1
AIRFLOW_CTX_TASK_ID=first_task
AIRFLOW_CTX_EXECUTION_DATE=2021-11-15T00:00:00+00:00
AIRFLOW_CTX_DAG_RUN_ID=scheduled__2021-11-15T00:00:00+00:00
[2023-10-01 05:04:40,933] {bash.py:135} INFO - Tmp dir root location: 
 /tmp
[2023-10-01 05:04:40,948] {bash.py:158} INFO - Running command: echo hello world, this is the first task!
[2023-10-01 05:04:40,992] {bash.py:169} INFO - Output:
[2023-10-01 05:04:41,006] {bash.py:173} INFO - hello world, this is the first task!
[2023-10-01 05:04:41,010] {bash.py:177} INFO - Command exited with return code 0
[2023-10-01 05:04:41,150] {taskinstance.py:1166} INFO - Marking task as SUCCESS. dag_id=our_first_dag_v1, task_id=first_task, execution_date=20211115T000000, start_date=20231001T050439, end_date=20231001T050441
[2023-10-01 05:04:41,606] {taskinstance.py:1220} INFO - 0 downstream tasks scheduled from follow-on schedule check
[2023-10-01 05:04:41,702] {local_task_job.py:146} INFO - Task exited with return code 0
[2023-10-01 05:20:43,907] {taskinstance.py:851} INFO - Dependencies all met for <TaskInstance: our_first_dag_v1.first_task 2021-11-15T00:00:00+00:00 [queued]>
[2023-10-01 05:20:45,416] {taskinstance.py:851} INFO - Dependencies all met for <TaskInstance: our_first_dag_v1.first_task 2021-11-15T00:00:00+00:00 [queued]>
[2023-10-01 05:20:46,342] {taskinstance.py:1042} INFO - 
--------------------------------------------------------------------------------
[2023-10-01 05:20:46,486] {taskinstance.py:1043} INFO - Starting attempt 1 of 6
[2023-10-01 05:20:46,561] {taskinstance.py:1044} INFO - 
--------------------------------------------------------------------------------
[2023-10-01 05:20:47,453] {taskinstance.py:1063} INFO - Executing <Task(BashOperator): first_task> on 2021-11-15T00:00:00+00:00
[2023-10-01 05:20:47,879] {standard_task_runner.py:52} INFO - Started process 605 to run task
[2023-10-01 05:20:47,995] {standard_task_runner.py:76} INFO - Running: ['airflow', 'tasks', 'run', 'our_first_dag_v1', 'first_task', '2021-11-15T00:00:00+00:00', '--job-id', '110', '--pool', 'default_pool', '--raw', '--subdir', 'DAGS_FOLDER/our_first_dag.py', '--cfg-path', '/tmp/tmpc9atqs__', '--error-file', '/tmp/tmpc83fiprk']
[2023-10-01 05:20:48,197] {standard_task_runner.py:77} INFO - Job 110: Subtask first_task
[2023-10-01 05:20:49,236] {logging_mixin.py:104} INFO - Running <TaskInstance: our_first_dag_v1.first_task 2021-11-15T00:00:00+00:00 [running]> on host d4ed655215d1
[2023-10-01 05:20:52,076] {taskinstance.py:1257} INFO - Exporting the following env vars:
AIRFLOW_CTX_DAG_OWNER=coder2j
AIRFLOW_CTX_DAG_ID=our_first_dag_v1
AIRFLOW_CTX_TASK_ID=first_task
AIRFLOW_CTX_EXECUTION_DATE=2021-11-15T00:00:00+00:00
AIRFLOW_CTX_DAG_RUN_ID=scheduled__2021-11-15T00:00:00+00:00
[2023-10-01 05:20:52,148] {bash.py:135} INFO - Tmp dir root location: 
 /tmp
[2023-10-01 05:20:52,250] {bash.py:158} INFO - Running command: echo hello world, this is the first task!
[2023-10-01 05:20:56,220] {bash.py:169} INFO - Output:
[2023-10-01 05:20:57,294] {bash.py:173} INFO - hello world, this is the first task!
[2023-10-01 05:20:57,308] {bash.py:177} INFO - Command exited with return code 0
[2023-10-01 05:21:01,395] {taskinstance.py:1166} INFO - Marking task as SUCCESS. dag_id=our_first_dag_v1, task_id=first_task, execution_date=20211115T000000, start_date=20231001T052043, end_date=20231001T052101
[2023-10-01 05:21:04,681] {taskinstance.py:1220} INFO - 0 downstream tasks scheduled from follow-on schedule check
[2023-10-01 05:21:09,320] {local_task_job.py:188} WARNING - State of this instance has been externally set to success. Terminating instance.
[2023-10-01 05:21:10,621] {process_utils.py:100} INFO - Sending Signals.SIGTERM to GPID 605
[2023-10-01 05:21:10,670] {process_utils.py:66} INFO - Process psutil.Process(pid=605, status='terminated', exitcode=0, started='05:20:47') (605) terminated with exit code 0
