[2023-10-01 06:15:00,536] {taskinstance.py:851} INFO - Dependencies all met for <TaskInstance: our_fourth_dag_v4.second_task 2021-10-26T00:00:00+00:00 [queued]>
[2023-10-01 06:15:01,648] {taskinstance.py:851} INFO - Dependencies all met for <TaskInstance: our_fourth_dag_v4.second_task 2021-10-26T00:00:00+00:00 [queued]>
[2023-10-01 06:15:01,660] {taskinstance.py:1042} INFO - 
--------------------------------------------------------------------------------
[2023-10-01 06:15:01,686] {taskinstance.py:1043} INFO - Starting attempt 1 of 6
[2023-10-01 06:15:01,743] {taskinstance.py:1044} INFO - 
--------------------------------------------------------------------------------
[2023-10-01 06:15:02,305] {taskinstance.py:1063} INFO - Executing <Task(BashOperator): second_task> on 2021-10-26T00:00:00+00:00
[2023-10-01 06:15:03,165] {standard_task_runner.py:52} INFO - Started process 5269 to run task
[2023-10-01 06:15:03,335] {standard_task_runner.py:76} INFO - Running: ['airflow', 'tasks', 'run', 'our_fourth_dag_v4', 'second_task', '2021-10-26T00:00:00+00:00', '--job-id', '700', '--pool', 'default_pool', '--raw', '--subdir', 'DAGS_FOLDER/our_fourth_dag.py', '--cfg-path', '/tmp/tmpg0a7abhi', '--error-file', '/tmp/tmpnkpci6l6']
[2023-10-01 06:15:03,404] {standard_task_runner.py:77} INFO - Job 700: Subtask second_task
[2023-10-01 06:15:05,213] {logging_mixin.py:104} INFO - Running <TaskInstance: our_fourth_dag_v4.second_task 2021-10-26T00:00:00+00:00 [running]> on host d4ed655215d1
[2023-10-01 06:15:06,499] {taskinstance.py:1257} INFO - Exporting the following env vars:
AIRFLOW_CTX_DAG_OWNER=svastikkka
AIRFLOW_CTX_DAG_ID=our_fourth_dag_v4
AIRFLOW_CTX_TASK_ID=second_task
AIRFLOW_CTX_EXECUTION_DATE=2021-10-26T00:00:00+00:00
AIRFLOW_CTX_DAG_RUN_ID=scheduled__2021-10-26T00:00:00+00:00
[2023-10-01 06:15:06,511] {bash.py:135} INFO - Tmp dir root location: 
 /tmp
[2023-10-01 06:15:06,520] {bash.py:158} INFO - Running command: echo hey, I am task2 and will be running after task1!
[2023-10-01 06:15:06,716] {bash.py:169} INFO - Output:
[2023-10-01 06:15:06,826] {bash.py:173} INFO - hey, I am task2 and will be running after task1!
[2023-10-01 06:15:06,858] {bash.py:177} INFO - Command exited with return code 0
[2023-10-01 06:15:07,310] {taskinstance.py:1166} INFO - Marking task as SUCCESS. dag_id=our_fourth_dag_v4, task_id=second_task, execution_date=20211026T000000, start_date=20231001T061500, end_date=20231001T061507
[2023-10-01 06:15:07,941] {taskinstance.py:1220} INFO - 0 downstream tasks scheduled from follow-on schedule check
[2023-10-01 06:15:08,128] {local_task_job.py:146} INFO - Task exited with return code 0
