[2023-10-01 05:57:21,633] {taskinstance.py:851} INFO - Dependencies all met for <TaskInstance: our_third_dag_v3.second_task 2021-08-28T00:00:00+00:00 [queued]>
[2023-10-01 05:57:23,124] {taskinstance.py:851} INFO - Dependencies all met for <TaskInstance: our_third_dag_v3.second_task 2021-08-28T00:00:00+00:00 [queued]>
[2023-10-01 05:57:23,406] {taskinstance.py:1042} INFO - 
--------------------------------------------------------------------------------
[2023-10-01 05:57:23,520] {taskinstance.py:1043} INFO - Starting attempt 1 of 6
[2023-10-01 05:57:23,622] {taskinstance.py:1044} INFO - 
--------------------------------------------------------------------------------
[2023-10-01 05:57:24,379] {taskinstance.py:1063} INFO - Executing <Task(BashOperator): second_task> on 2021-08-28T00:00:00+00:00
[2023-10-01 05:57:24,475] {standard_task_runner.py:52} INFO - Started process 2713 to run task
[2023-10-01 05:57:25,123] {standard_task_runner.py:76} INFO - Running: ['airflow', 'tasks', 'run', 'our_third_dag_v3', 'second_task', '2021-08-28T00:00:00+00:00', '--job-id', '243', '--pool', 'default_pool', '--raw', '--subdir', 'DAGS_FOLDER/our_third_dag.py', '--cfg-path', '/tmp/tmpxai7boa2', '--error-file', '/tmp/tmpihzf0noc']
[2023-10-01 05:57:25,257] {standard_task_runner.py:77} INFO - Job 243: Subtask second_task
[2023-10-01 05:57:27,177] {logging_mixin.py:104} INFO - Running <TaskInstance: our_third_dag_v3.second_task 2021-08-28T00:00:00+00:00 [running]> on host d4ed655215d1
[2023-10-01 05:57:28,646] {taskinstance.py:1257} INFO - Exporting the following env vars:
AIRFLOW_CTX_DAG_OWNER=coder2j
AIRFLOW_CTX_DAG_ID=our_third_dag_v3
AIRFLOW_CTX_TASK_ID=second_task
AIRFLOW_CTX_EXECUTION_DATE=2021-08-28T00:00:00+00:00
AIRFLOW_CTX_DAG_RUN_ID=scheduled__2021-08-28T00:00:00+00:00
[2023-10-01 05:57:28,724] {bash.py:135} INFO - Tmp dir root location: 
 /tmp
[2023-10-01 05:57:28,838] {bash.py:158} INFO - Running command: echo hey, I am task2 and will be running after task1!
[2023-10-01 05:57:30,329] {bash.py:169} INFO - Output:
[2023-10-01 05:57:30,630] {bash.py:173} INFO - hey, I am task2 and will be running after task1!
[2023-10-01 05:57:31,047] {bash.py:177} INFO - Command exited with return code 0
[2023-10-01 05:57:32,659] {taskinstance.py:1166} INFO - Marking task as SUCCESS. dag_id=our_third_dag_v3, task_id=second_task, execution_date=20210828T000000, start_date=20231001T055721, end_date=20231001T055732
[2023-10-01 05:57:37,535] {taskinstance.py:1220} INFO - 0 downstream tasks scheduled from follow-on schedule check
[2023-10-01 05:57:37,709] {local_task_job.py:188} WARNING - State of this instance has been externally set to success. Terminating instance.
[2023-10-01 05:57:37,990] {process_utils.py:100} INFO - Sending Signals.SIGTERM to GPID 2713
[2023-10-01 05:57:38,260] {process_utils.py:66} INFO - Process psutil.Process(pid=2713, status='terminated', exitcode=0, started='05:57:23') (2713) terminated with exit code 0
