[2023-10-01 07:54:43,504] {taskinstance.py:851} INFO - Dependencies all met for <TaskInstance: our_seventh_dag_v7.get_name 2022-11-29T00:00:00+00:00 [queued]>
[2023-10-01 07:54:43,697] {taskinstance.py:851} INFO - Dependencies all met for <TaskInstance: our_seventh_dag_v7.get_name 2022-11-29T00:00:00+00:00 [queued]>
[2023-10-01 07:54:43,709] {taskinstance.py:1042} INFO - 
--------------------------------------------------------------------------------
[2023-10-01 07:54:43,716] {taskinstance.py:1043} INFO - Starting attempt 1 of 6
[2023-10-01 07:54:43,725] {taskinstance.py:1044} INFO - 
--------------------------------------------------------------------------------
[2023-10-01 07:54:43,998] {taskinstance.py:1063} INFO - Executing <Task(PythonOperator): get_name> on 2022-11-29T00:00:00+00:00
[2023-10-01 07:54:44,107] {standard_task_runner.py:52} INFO - Started process 23102 to run task
[2023-10-01 07:54:44,179] {standard_task_runner.py:76} INFO - Running: ['airflow', 'tasks', 'run', 'our_seventh_dag_v7', 'get_name', '2022-11-29T00:00:00+00:00', '--job-id', '2305', '--pool', 'default_pool', '--raw', '--subdir', 'DAGS_FOLDER/our_seventh_dag.py', '--cfg-path', '/tmp/tmppd5kjmp_', '--error-file', '/tmp/tmparmwhpsi']
[2023-10-01 07:54:44,222] {standard_task_runner.py:77} INFO - Job 2305: Subtask get_name
[2023-10-01 07:54:44,740] {logging_mixin.py:104} INFO - Running <TaskInstance: our_seventh_dag_v7.get_name 2022-11-29T00:00:00+00:00 [running]> on host d4ed655215d1
[2023-10-01 07:54:45,318] {taskinstance.py:1257} INFO - Exporting the following env vars:
AIRFLOW_CTX_DAG_OWNER=svastikkka
AIRFLOW_CTX_DAG_ID=our_seventh_dag_v7
AIRFLOW_CTX_TASK_ID=get_name
AIRFLOW_CTX_EXECUTION_DATE=2022-11-29T00:00:00+00:00
AIRFLOW_CTX_DAG_RUN_ID=scheduled__2022-11-29T00:00:00+00:00
[2023-10-01 07:54:45,517] {python.py:118} INFO - Done. Returned value was: None
[2023-10-01 07:54:45,548] {taskinstance.py:1166} INFO - Marking task as SUCCESS. dag_id=our_seventh_dag_v7, task_id=get_name, execution_date=20221129T000000, start_date=20231001T075443, end_date=20231001T075445
[2023-10-01 07:54:45,846] {taskinstance.py:1220} INFO - 1 downstream tasks scheduled from follow-on schedule check
[2023-10-01 07:54:45,937] {local_task_job.py:146} INFO - Task exited with return code 0
