[2023-10-01 07:40:56,388] {taskinstance.py:851} INFO - Dependencies all met for <TaskInstance: our_seventh_dag_v7.get_name 2021-10-26T00:00:00+00:00 [queued]>
[2023-10-01 07:40:56,549] {taskinstance.py:851} INFO - Dependencies all met for <TaskInstance: our_seventh_dag_v7.get_name 2021-10-26T00:00:00+00:00 [queued]>
[2023-10-01 07:40:56,557] {taskinstance.py:1042} INFO - 
--------------------------------------------------------------------------------
[2023-10-01 07:40:56,561] {taskinstance.py:1043} INFO - Starting attempt 1 of 6
[2023-10-01 07:40:56,565] {taskinstance.py:1044} INFO - 
--------------------------------------------------------------------------------
[2023-10-01 07:40:56,746] {taskinstance.py:1063} INFO - Executing <Task(PythonOperator): get_name> on 2021-10-26T00:00:00+00:00
[2023-10-01 07:40:56,790] {standard_task_runner.py:52} INFO - Started process 19126 to run task
[2023-10-01 07:40:56,957] {standard_task_runner.py:76} INFO - Running: ['airflow', 'tasks', 'run', 'our_seventh_dag_v7', 'get_name', '2021-10-26T00:00:00+00:00', '--job-id', '1508', '--pool', 'default_pool', '--raw', '--subdir', 'DAGS_FOLDER/our_seventh_dag.py', '--cfg-path', '/tmp/tmp8s9gwb2_', '--error-file', '/tmp/tmpxorz_imn']
[2023-10-01 07:40:57,001] {standard_task_runner.py:77} INFO - Job 1508: Subtask get_name
[2023-10-01 07:40:58,252] {logging_mixin.py:104} INFO - Running <TaskInstance: our_seventh_dag_v7.get_name 2021-10-26T00:00:00+00:00 [running]> on host d4ed655215d1
[2023-10-01 07:40:59,031] {taskinstance.py:1257} INFO - Exporting the following env vars:
AIRFLOW_CTX_DAG_OWNER=svastikkka
AIRFLOW_CTX_DAG_ID=our_seventh_dag_v7
AIRFLOW_CTX_TASK_ID=get_name
AIRFLOW_CTX_EXECUTION_DATE=2021-10-26T00:00:00+00:00
AIRFLOW_CTX_DAG_RUN_ID=scheduled__2021-10-26T00:00:00+00:00
[2023-10-01 07:40:59,548] {python.py:118} INFO - Done. Returned value was: None
[2023-10-01 07:40:59,667] {taskinstance.py:1166} INFO - Marking task as SUCCESS. dag_id=our_seventh_dag_v7, task_id=get_name, execution_date=20211026T000000, start_date=20231001T074056, end_date=20231001T074059
[2023-10-01 07:40:59,928] {taskinstance.py:1220} INFO - 1 downstream tasks scheduled from follow-on schedule check
[2023-10-01 07:41:00,004] {local_task_job.py:146} INFO - Task exited with return code 0
