[2023-10-01 06:17:27,715] {taskinstance.py:851} INFO - Dependencies all met for <TaskInstance: our_fourth_dag_v4.first_task 2021-12-02T00:00:00+00:00 [queued]>
[2023-10-01 06:17:28,011] {taskinstance.py:851} INFO - Dependencies all met for <TaskInstance: our_fourth_dag_v4.first_task 2021-12-02T00:00:00+00:00 [queued]>
[2023-10-01 06:17:28,019] {taskinstance.py:1042} INFO - 
--------------------------------------------------------------------------------
[2023-10-01 06:17:28,033] {taskinstance.py:1043} INFO - Starting attempt 1 of 6
[2023-10-01 06:17:28,035] {taskinstance.py:1044} INFO - 
--------------------------------------------------------------------------------
[2023-10-01 06:17:28,363] {taskinstance.py:1063} INFO - Executing <Task(BashOperator): first_task> on 2021-12-02T00:00:00+00:00
[2023-10-01 06:17:28,441] {standard_task_runner.py:52} INFO - Started process 5767 to run task
[2023-10-01 06:17:28,629] {standard_task_runner.py:76} INFO - Running: ['airflow', 'tasks', 'run', 'our_fourth_dag_v4', 'first_task', '2021-12-02T00:00:00+00:00', '--job-id', '801', '--pool', 'default_pool', '--raw', '--subdir', 'DAGS_FOLDER/our_fourth_dag.py', '--cfg-path', '/tmp/tmpemp3da7o', '--error-file', '/tmp/tmpqizzhk62']
[2023-10-01 06:17:28,747] {standard_task_runner.py:77} INFO - Job 801: Subtask first_task
[2023-10-01 06:17:29,363] {logging_mixin.py:104} INFO - Running <TaskInstance: our_fourth_dag_v4.first_task 2021-12-02T00:00:00+00:00 [running]> on host d4ed655215d1
[2023-10-01 06:17:30,232] {taskinstance.py:1257} INFO - Exporting the following env vars:
AIRFLOW_CTX_DAG_OWNER=svastikkka
AIRFLOW_CTX_DAG_ID=our_fourth_dag_v4
AIRFLOW_CTX_TASK_ID=first_task
AIRFLOW_CTX_EXECUTION_DATE=2021-12-02T00:00:00+00:00
AIRFLOW_CTX_DAG_RUN_ID=scheduled__2021-12-02T00:00:00+00:00
[2023-10-01 06:17:30,255] {bash.py:135} INFO - Tmp dir root location: 
 /tmp
[2023-10-01 06:17:30,286] {bash.py:158} INFO - Running command: echo hello world, this is the first task!
[2023-10-01 06:17:30,435] {bash.py:169} INFO - Output:
[2023-10-01 06:17:30,472] {bash.py:173} INFO - hello world, this is the first task!
[2023-10-01 06:17:30,477] {bash.py:177} INFO - Command exited with return code 0
[2023-10-01 06:17:30,823] {taskinstance.py:1166} INFO - Marking task as SUCCESS. dag_id=our_fourth_dag_v4, task_id=first_task, execution_date=20211202T000000, start_date=20231001T061727, end_date=20231001T061730
[2023-10-01 06:17:31,362] {taskinstance.py:1220} INFO - 2 downstream tasks scheduled from follow-on schedule check
[2023-10-01 06:17:31,546] {local_task_job.py:146} INFO - Task exited with return code 0
