[2023-10-01 08:06:41,225] {taskinstance.py:851} INFO - Dependencies all met for <TaskInstance: our_eight_dag_v8.get_age 2021-08-05T00:00:00+00:00 [None]>
[2023-10-01 08:06:42,707] {taskinstance.py:851} INFO - Dependencies all met for <TaskInstance: our_eight_dag_v8.get_age 2021-08-05T00:00:00+00:00 [None]>
[2023-10-01 08:06:42,726] {taskinstance.py:1042} INFO - 
--------------------------------------------------------------------------------
[2023-10-01 08:06:42,731] {taskinstance.py:1043} INFO - Starting attempt 1 of 6
[2023-10-01 08:06:42,753] {taskinstance.py:1044} INFO - 
--------------------------------------------------------------------------------
[2023-10-01 08:06:43,616] {taskinstance.py:1063} INFO - Executing <Task(PythonOperator): get_age> on 2021-08-05T00:00:00+00:00
[2023-10-01 08:06:43,899] {standard_task_runner.py:52} INFO - Started process 24683 to run task
[2023-10-01 08:06:44,751] {standard_task_runner.py:76} INFO - Running: ['airflow', 'tasks', 'run', 'our_eight_dag_v8', 'get_age', '2021-08-05T00:00:00+00:00', '--job-id', '2442', '--pool', 'default_pool', '--raw', '--subdir', 'DAGS_FOLDER/our_eight_dag.py', '--cfg-path', '/tmp/tmpzq3jj_t3', '--error-file', '/tmp/tmpr3yu9wrr']
[2023-10-01 08:06:45,811] {standard_task_runner.py:77} INFO - Job 2442: Subtask get_age
[2023-10-01 08:06:50,412] {logging_mixin.py:104} INFO - Running <TaskInstance: our_eight_dag_v8.get_age 2021-08-05T00:00:00+00:00 [running]> on host d4ed655215d1
[2023-10-01 08:06:53,169] {taskinstance.py:1257} INFO - Exporting the following env vars:
AIRFLOW_CTX_DAG_OWNER=svastikkka
AIRFLOW_CTX_DAG_ID=our_eight_dag_v8
AIRFLOW_CTX_TASK_ID=get_age
AIRFLOW_CTX_EXECUTION_DATE=2021-08-05T00:00:00+00:00
AIRFLOW_CTX_DAG_RUN_ID=scheduled__2021-08-05T00:00:00+00:00
[2023-10-01 08:06:54,006] {python.py:118} INFO - Done. Returned value was: None
[2023-10-01 08:06:54,469] {taskinstance.py:1166} INFO - Marking task as SUCCESS. dag_id=our_eight_dag_v8, task_id=get_age, execution_date=20210805T000000, start_date=20231001T080641, end_date=20231001T080654
[2023-10-01 08:06:54,877] {taskinstance.py:1220} INFO - 0 downstream tasks scheduled from follow-on schedule check
[2023-10-01 08:06:55,003] {local_task_job.py:146} INFO - Task exited with return code 0
