[2023-10-01 06:08:44,738] {taskinstance.py:851} INFO - Dependencies all met for <TaskInstance: our_fourth_dag_v4.thrid_task 2021-08-09T00:00:00+00:00 [queued]>
[2023-10-01 06:08:45,641] {taskinstance.py:851} INFO - Dependencies all met for <TaskInstance: our_fourth_dag_v4.thrid_task 2021-08-09T00:00:00+00:00 [queued]>
[2023-10-01 06:08:45,645] {taskinstance.py:1042} INFO - 
--------------------------------------------------------------------------------
[2023-10-01 06:08:45,650] {taskinstance.py:1043} INFO - Starting attempt 1 of 6
[2023-10-01 06:08:45,652] {taskinstance.py:1044} INFO - 
--------------------------------------------------------------------------------
[2023-10-01 06:08:45,825] {taskinstance.py:1063} INFO - Executing <Task(BashOperator): thrid_task> on 2021-08-09T00:00:00+00:00
[2023-10-01 06:08:46,509] {standard_task_runner.py:52} INFO - Started process 4064 to run task
[2023-10-01 06:08:46,471] {standard_task_runner.py:76} INFO - Running: ['airflow', 'tasks', 'run', 'our_fourth_dag_v4', 'thrid_task', '2021-08-09T00:00:00+00:00', '--job-id', '466', '--pool', 'default_pool', '--raw', '--subdir', 'DAGS_FOLDER/our_fourth_dag.py', '--cfg-path', '/tmp/tmpo47twnze', '--error-file', '/tmp/tmpp6j67084']
[2023-10-01 06:08:47,581] {standard_task_runner.py:77} INFO - Job 466: Subtask thrid_task
[2023-10-01 06:08:57,309] {logging_mixin.py:104} INFO - Running <TaskInstance: our_fourth_dag_v4.thrid_task 2021-08-09T00:00:00+00:00 [running]> on host d4ed655215d1
[2023-10-01 06:08:58,841] {taskinstance.py:1257} INFO - Exporting the following env vars:
AIRFLOW_CTX_DAG_OWNER=svastikkka
AIRFLOW_CTX_DAG_ID=our_fourth_dag_v4
AIRFLOW_CTX_TASK_ID=thrid_task
AIRFLOW_CTX_EXECUTION_DATE=2021-08-09T00:00:00+00:00
AIRFLOW_CTX_DAG_RUN_ID=scheduled__2021-08-09T00:00:00+00:00
[2023-10-01 06:08:58,897] {bash.py:135} INFO - Tmp dir root location: 
 /tmp
[2023-10-01 06:08:58,918] {bash.py:158} INFO - Running command: echo hey, I am task3 and will be running after task1 at the same time as task2!
[2023-10-01 06:08:59,194] {bash.py:169} INFO - Output:
[2023-10-01 06:08:59,196] {bash.py:173} INFO - hey, I am task3 and will be running after task1 at the same time as task2!
[2023-10-01 06:08:59,199] {bash.py:177} INFO - Command exited with return code 0
[2023-10-01 06:08:59,501] {taskinstance.py:1166} INFO - Marking task as SUCCESS. dag_id=our_fourth_dag_v4, task_id=thrid_task, execution_date=20210809T000000, start_date=20231001T060844, end_date=20231001T060859
[2023-10-01 06:08:59,915] {taskinstance.py:1220} INFO - 0 downstream tasks scheduled from follow-on schedule check
[2023-10-01 06:09:00,263] {local_task_job.py:146} INFO - Task exited with return code 0
