[2023-10-01 05:03:50,669] {taskinstance.py:851} INFO - Dependencies all met for <TaskInstance: our_first_dag_v1.first_task 2021-10-12T00:00:00+00:00 [queued]>
[2023-10-01 05:03:51,719] {taskinstance.py:851} INFO - Dependencies all met for <TaskInstance: our_first_dag_v1.first_task 2021-10-12T00:00:00+00:00 [queued]>
[2023-10-01 05:03:51,863] {taskinstance.py:1042} INFO - 
--------------------------------------------------------------------------------
[2023-10-01 05:03:51,872] {taskinstance.py:1043} INFO - Starting attempt 1 of 6
[2023-10-01 05:03:51,874] {taskinstance.py:1044} INFO - 
--------------------------------------------------------------------------------
[2023-10-01 05:03:52,010] {taskinstance.py:1063} INFO - Executing <Task(BashOperator): first_task> on 2021-10-12T00:00:00+00:00
[2023-10-01 05:03:52,234] {standard_task_runner.py:52} INFO - Started process 1254 to run task
[2023-10-01 05:03:52,445] {standard_task_runner.py:76} INFO - Running: ['airflow', 'tasks', 'run', 'our_first_dag_v1', 'first_task', '2021-10-12T00:00:00+00:00', '--job-id', '166', '--pool', 'default_pool', '--raw', '--subdir', 'DAGS_FOLDER/our_first_dag.py', '--cfg-path', '/tmp/tmp0hnfg5az', '--error-file', '/tmp/tmps7oqaz2w']
[2023-10-01 05:03:52,549] {standard_task_runner.py:77} INFO - Job 166: Subtask first_task
[2023-10-01 05:03:52,900] {logging_mixin.py:104} INFO - Running <TaskInstance: our_first_dag_v1.first_task 2021-10-12T00:00:00+00:00 [running]> on host c25e1f8124bc
[2023-10-01 05:03:53,281] {taskinstance.py:1257} INFO - Exporting the following env vars:
AIRFLOW_CTX_DAG_OWNER=coder2j
AIRFLOW_CTX_DAG_ID=our_first_dag_v1
AIRFLOW_CTX_TASK_ID=first_task
AIRFLOW_CTX_EXECUTION_DATE=2021-10-12T00:00:00+00:00
AIRFLOW_CTX_DAG_RUN_ID=scheduled__2021-10-12T00:00:00+00:00
[2023-10-01 05:03:53,284] {bash.py:135} INFO - Tmp dir root location: 
 /tmp
[2023-10-01 05:03:53,289] {bash.py:158} INFO - Running command: echo hello world, this is the first task!
[2023-10-01 05:03:53,459] {bash.py:169} INFO - Output:
[2023-10-01 05:03:53,507] {bash.py:173} INFO - hello world, this is the first task!
[2023-10-01 05:03:53,509] {bash.py:177} INFO - Command exited with return code 0
[2023-10-01 05:03:53,617] {taskinstance.py:1166} INFO - Marking task as SUCCESS. dag_id=our_first_dag_v1, task_id=first_task, execution_date=20211012T000000, start_date=20231001T050350, end_date=20231001T050353
[2023-10-01 05:03:54,428] {taskinstance.py:1220} INFO - 0 downstream tasks scheduled from follow-on schedule check
[2023-10-01 05:03:54,567] {local_task_job.py:146} INFO - Task exited with return code 0
[2023-10-01 05:20:02,539] {taskinstance.py:851} INFO - Dependencies all met for <TaskInstance: our_first_dag_v1.first_task 2021-10-12T00:00:00+00:00 [queued]>
[2023-10-01 05:20:02,638] {taskinstance.py:851} INFO - Dependencies all met for <TaskInstance: our_first_dag_v1.first_task 2021-10-12T00:00:00+00:00 [queued]>
[2023-10-01 05:20:02,640] {taskinstance.py:1042} INFO - 
--------------------------------------------------------------------------------
[2023-10-01 05:20:02,642] {taskinstance.py:1043} INFO - Starting attempt 1 of 6
[2023-10-01 05:20:02,647] {taskinstance.py:1044} INFO - 
--------------------------------------------------------------------------------
[2023-10-01 05:20:02,719] {taskinstance.py:1063} INFO - Executing <Task(BashOperator): first_task> on 2021-10-12T00:00:00+00:00
[2023-10-01 05:20:02,794] {standard_task_runner.py:52} INFO - Started process 483 to run task
[2023-10-01 05:20:02,856] {standard_task_runner.py:76} INFO - Running: ['airflow', 'tasks', 'run', 'our_first_dag_v1', 'first_task', '2021-10-12T00:00:00+00:00', '--job-id', '76', '--pool', 'default_pool', '--raw', '--subdir', 'DAGS_FOLDER/our_first_dag.py', '--cfg-path', '/tmp/tmpgxe6mv9b', '--error-file', '/tmp/tmprozpekt5']
[2023-10-01 05:20:02,894] {standard_task_runner.py:77} INFO - Job 76: Subtask first_task
[2023-10-01 05:20:03,381] {logging_mixin.py:104} INFO - Running <TaskInstance: our_first_dag_v1.first_task 2021-10-12T00:00:00+00:00 [running]> on host d4ed655215d1
[2023-10-01 05:20:03,639] {taskinstance.py:1257} INFO - Exporting the following env vars:
AIRFLOW_CTX_DAG_OWNER=coder2j
AIRFLOW_CTX_DAG_ID=our_first_dag_v1
AIRFLOW_CTX_TASK_ID=first_task
AIRFLOW_CTX_EXECUTION_DATE=2021-10-12T00:00:00+00:00
AIRFLOW_CTX_DAG_RUN_ID=scheduled__2021-10-12T00:00:00+00:00
[2023-10-01 05:20:03,644] {bash.py:135} INFO - Tmp dir root location: 
 /tmp
[2023-10-01 05:20:03,648] {bash.py:158} INFO - Running command: echo hello world, this is the first task!
[2023-10-01 05:20:03,708] {bash.py:169} INFO - Output:
[2023-10-01 05:20:03,719] {bash.py:173} INFO - hello world, this is the first task!
[2023-10-01 05:20:03,720] {bash.py:177} INFO - Command exited with return code 0
[2023-10-01 05:20:03,933] {taskinstance.py:1166} INFO - Marking task as SUCCESS. dag_id=our_first_dag_v1, task_id=first_task, execution_date=20211012T000000, start_date=20231001T052002, end_date=20231001T052003
[2023-10-01 05:20:04,114] {taskinstance.py:1220} INFO - 0 downstream tasks scheduled from follow-on schedule check
[2023-10-01 05:20:04,179] {local_task_job.py:146} INFO - Task exited with return code 0
