[2023-10-01 06:16:45,627] {taskinstance.py:851} INFO - Dependencies all met for <TaskInstance: our_fourth_dag_v4.first_task 2021-11-20T00:00:00+00:00 [queued]>
[2023-10-01 06:16:45,971] {taskinstance.py:851} INFO - Dependencies all met for <TaskInstance: our_fourth_dag_v4.first_task 2021-11-20T00:00:00+00:00 [queued]>
[2023-10-01 06:16:45,973] {taskinstance.py:1042} INFO - 
--------------------------------------------------------------------------------
[2023-10-01 06:16:45,975] {taskinstance.py:1043} INFO - Starting attempt 1 of 6
[2023-10-01 06:16:45,976] {taskinstance.py:1044} INFO - 
--------------------------------------------------------------------------------
[2023-10-01 06:16:46,147] {taskinstance.py:1063} INFO - Executing <Task(BashOperator): first_task> on 2021-11-20T00:00:00+00:00
[2023-10-01 06:16:46,229] {standard_task_runner.py:52} INFO - Started process 5595 to run task
[2023-10-01 06:16:46,321] {standard_task_runner.py:76} INFO - Running: ['airflow', 'tasks', 'run', 'our_fourth_dag_v4', 'first_task', '2021-11-20T00:00:00+00:00', '--job-id', '763', '--pool', 'default_pool', '--raw', '--subdir', 'DAGS_FOLDER/our_fourth_dag.py', '--cfg-path', '/tmp/tmp4hsxqtxg', '--error-file', '/tmp/tmp3voo3u62']
[2023-10-01 06:16:46,398] {standard_task_runner.py:77} INFO - Job 763: Subtask first_task
[2023-10-01 06:16:46,976] {logging_mixin.py:104} INFO - Running <TaskInstance: our_fourth_dag_v4.first_task 2021-11-20T00:00:00+00:00 [running]> on host d4ed655215d1
[2023-10-01 06:16:48,083] {taskinstance.py:1257} INFO - Exporting the following env vars:
AIRFLOW_CTX_DAG_OWNER=svastikkka
AIRFLOW_CTX_DAG_ID=our_fourth_dag_v4
AIRFLOW_CTX_TASK_ID=first_task
AIRFLOW_CTX_EXECUTION_DATE=2021-11-20T00:00:00+00:00
AIRFLOW_CTX_DAG_RUN_ID=scheduled__2021-11-20T00:00:00+00:00
[2023-10-01 06:16:48,473] {bash.py:135} INFO - Tmp dir root location: 
 /tmp
[2023-10-01 06:16:48,628] {bash.py:158} INFO - Running command: echo hello world, this is the first task!
[2023-10-01 06:16:50,136] {bash.py:169} INFO - Output:
[2023-10-01 06:16:50,201] {bash.py:173} INFO - hello world, this is the first task!
[2023-10-01 06:16:50,232] {bash.py:177} INFO - Command exited with return code 0
[2023-10-01 06:16:50,645] {taskinstance.py:1166} INFO - Marking task as SUCCESS. dag_id=our_fourth_dag_v4, task_id=first_task, execution_date=20211120T000000, start_date=20231001T061645, end_date=20231001T061650
[2023-10-01 06:16:52,017] {local_task_job.py:188} WARNING - State of this instance has been externally set to success. Terminating instance.
[2023-10-01 06:16:52,111] {process_utils.py:100} INFO - Sending Signals.SIGTERM to GPID 5595
[2023-10-01 06:16:52,950] {taskinstance.py:1239} ERROR - Received SIGTERM. Terminating subprocesses.
[2023-10-01 06:16:52,952] {bash.py:185} INFO - Sending SIGTERM signal to bash process group
[2023-10-01 06:16:53,130] {process_utils.py:66} INFO - Process psutil.Process(pid=5595, status='terminated', exitcode=1, started='06:16:46') (5595) terminated with exit code 1
