[2023-10-01 17:23:52,525] {taskinstance.py:851} INFO - Dependencies all met for <TaskInstance: backup_postgres.check_backup_path 2023-10-01T17:20:54.818264+00:00 [queued]>
[2023-10-01 17:23:52,681] {taskinstance.py:851} INFO - Dependencies all met for <TaskInstance: backup_postgres.check_backup_path 2023-10-01T17:20:54.818264+00:00 [queued]>
[2023-10-01 17:23:52,689] {taskinstance.py:1042} INFO - 
--------------------------------------------------------------------------------
[2023-10-01 17:23:52,698] {taskinstance.py:1043} INFO - Starting attempt 1 of 6
[2023-10-01 17:23:52,716] {taskinstance.py:1044} INFO - 
--------------------------------------------------------------------------------
[2023-10-01 17:23:53,175] {taskinstance.py:1063} INFO - Executing <Task(BashOperator): check_backup_path> on 2023-10-01T17:20:54.818264+00:00
[2023-10-01 17:23:53,254] {standard_task_runner.py:52} INFO - Started process 2522 to run task
[2023-10-01 17:23:53,344] {standard_task_runner.py:76} INFO - Running: ['airflow', 'tasks', 'run', 'backup_postgres', 'check_backup_path', '2023-10-01T17:20:54.818264+00:00', '--job-id', '5', '--pool', 'default_pool', '--raw', '--subdir', 'DAGS_FOLDER/backup_postgres.py', '--cfg-path', '/tmp/tmprsyplitj', '--error-file', '/tmp/tmpq6ih64cw']
[2023-10-01 17:23:53,407] {standard_task_runner.py:77} INFO - Job 5: Subtask check_backup_path
[2023-10-01 17:23:54,591] {logging_mixin.py:104} INFO - Running <TaskInstance: backup_postgres.check_backup_path 2023-10-01T17:20:54.818264+00:00 [running]> on host c1a95d6e7033
[2023-10-01 17:23:55,745] {taskinstance.py:1257} INFO - Exporting the following env vars:
AIRFLOW_CTX_DAG_OWNER=svastikkka
AIRFLOW_CTX_DAG_ID=backup_postgres
AIRFLOW_CTX_TASK_ID=check_backup_path
AIRFLOW_CTX_EXECUTION_DATE=2023-10-01T17:20:54.818264+00:00
AIRFLOW_CTX_DAG_RUN_ID=manual__2023-10-01T17:20:54.818264+00:00
[2023-10-01 17:23:55,756] {bash.py:135} INFO - Tmp dir root location: 
 /tmp
[2023-10-01 17:23:55,760] {bash.py:158} INFO - Running command: pwd
[2023-10-01 17:23:55,942] {bash.py:169} INFO - Output:
[2023-10-01 17:23:55,976] {bash.py:173} INFO - /tmp/airflowtmpimhxsyko
[2023-10-01 17:23:55,990] {bash.py:177} INFO - Command exited with return code 0
[2023-10-01 17:23:56,237] {taskinstance.py:1166} INFO - Marking task as SUCCESS. dag_id=backup_postgres, task_id=check_backup_path, execution_date=20231001T172054, start_date=20231001T172352, end_date=20231001T172356
[2023-10-01 17:23:56,633] {taskinstance.py:1220} INFO - 0 downstream tasks scheduled from follow-on schedule check
[2023-10-01 17:23:56,727] {local_task_job.py:146} INFO - Task exited with return code 0
