[2023-10-01 07:58:00,048] {taskinstance.py:851} INFO - Dependencies all met for <TaskInstance: our_seventh_dag_v7.greet 2023-01-02T00:00:00+00:00 [queued]>
[2023-10-01 07:58:00,402] {taskinstance.py:851} INFO - Dependencies all met for <TaskInstance: our_seventh_dag_v7.greet 2023-01-02T00:00:00+00:00 [queued]>
[2023-10-01 07:58:00,410] {taskinstance.py:1042} INFO - 
--------------------------------------------------------------------------------
[2023-10-01 07:58:00,415] {taskinstance.py:1043} INFO - Starting attempt 1 of 6
[2023-10-01 07:58:00,425] {taskinstance.py:1044} INFO - 
--------------------------------------------------------------------------------
[2023-10-01 07:58:00,838] {taskinstance.py:1063} INFO - Executing <Task(PythonOperator): greet> on 2023-01-02T00:00:00+00:00
[2023-10-01 07:58:01,018] {standard_task_runner.py:52} INFO - Started process 23668 to run task
[2023-10-01 07:58:01,123] {standard_task_runner.py:76} INFO - Running: ['airflow', 'tasks', 'run', 'our_seventh_dag_v7', 'greet', '2023-01-02T00:00:00+00:00', '--job-id', '2381', '--pool', 'default_pool', '--raw', '--subdir', 'DAGS_FOLDER/our_seventh_dag.py', '--cfg-path', '/tmp/tmpfs2j6qpr', '--error-file', '/tmp/tmpgyxdfqvy']
[2023-10-01 07:58:01,249] {standard_task_runner.py:77} INFO - Job 2381: Subtask greet
[2023-10-01 07:58:03,365] {logging_mixin.py:104} INFO - Running <TaskInstance: our_seventh_dag_v7.greet 2023-01-02T00:00:00+00:00 [running]> on host d4ed655215d1
[2023-10-01 07:58:04,548] {taskinstance.py:1257} INFO - Exporting the following env vars:
AIRFLOW_CTX_DAG_OWNER=svastikkka
AIRFLOW_CTX_DAG_ID=our_seventh_dag_v7
AIRFLOW_CTX_TASK_ID=greet
AIRFLOW_CTX_EXECUTION_DATE=2023-01-02T00:00:00+00:00
AIRFLOW_CTX_DAG_RUN_ID=scheduled__2023-01-02T00:00:00+00:00
[2023-10-01 07:58:04,833] {logging_mixin.py:104} INFO - Hello My name is Manshu Sharma and I am 26 years old.
[2023-10-01 07:58:04,836] {python.py:118} INFO - Done. Returned value was: None
[2023-10-01 07:58:05,004] {taskinstance.py:1166} INFO - Marking task as SUCCESS. dag_id=our_seventh_dag_v7, task_id=greet, execution_date=20230102T000000, start_date=20231001T075800, end_date=20231001T075805
[2023-10-01 07:58:06,582] {local_task_job.py:188} WARNING - State of this instance has been externally set to success. Terminating instance.
[2023-10-01 07:58:06,857] {process_utils.py:100} INFO - Sending Signals.SIGTERM to GPID 23668
[2023-10-01 07:58:06,957] {taskinstance.py:1239} ERROR - Received SIGTERM. Terminating subprocesses.
[2023-10-01 07:58:07,694] {process_utils.py:66} INFO - Process psutil.Process(pid=23668, status='terminated', exitcode=1, started='07:58:01') (23668) terminated with exit code 1
