[2023-10-01 07:36:54,673] {taskinstance.py:851} INFO - Dependencies all met for <TaskInstance: our_seventh_dag_v7.get_name 2021-08-28T00:00:00+00:00 [queued]>
[2023-10-01 07:36:55,224] {taskinstance.py:851} INFO - Dependencies all met for <TaskInstance: our_seventh_dag_v7.get_name 2021-08-28T00:00:00+00:00 [queued]>
[2023-10-01 07:36:55,237] {taskinstance.py:1042} INFO - 
--------------------------------------------------------------------------------
[2023-10-01 07:36:55,247] {taskinstance.py:1043} INFO - Starting attempt 1 of 6
[2023-10-01 07:36:55,261] {taskinstance.py:1044} INFO - 
--------------------------------------------------------------------------------
[2023-10-01 07:36:55,474] {taskinstance.py:1063} INFO - Executing <Task(PythonOperator): get_name> on 2021-08-28T00:00:00+00:00
[2023-10-01 07:36:55,813] {standard_task_runner.py:52} INFO - Started process 18340 to run task
[2023-10-01 07:36:56,261] {standard_task_runner.py:76} INFO - Running: ['airflow', 'tasks', 'run', 'our_seventh_dag_v7', 'get_name', '2021-08-28T00:00:00+00:00', '--job-id', '1389', '--pool', 'default_pool', '--raw', '--subdir', 'DAGS_FOLDER/our_seventh_dag.py', '--cfg-path', '/tmp/tmpeo7s10s3', '--error-file', '/tmp/tmp8x3cw_nh']
[2023-10-01 07:36:56,406] {standard_task_runner.py:77} INFO - Job 1389: Subtask get_name
[2023-10-01 07:36:58,831] {logging_mixin.py:104} INFO - Running <TaskInstance: our_seventh_dag_v7.get_name 2021-08-28T00:00:00+00:00 [running]> on host d4ed655215d1
[2023-10-01 07:36:59,768] {taskinstance.py:1257} INFO - Exporting the following env vars:
AIRFLOW_CTX_DAG_OWNER=svastikkka
AIRFLOW_CTX_DAG_ID=our_seventh_dag_v7
AIRFLOW_CTX_TASK_ID=get_name
AIRFLOW_CTX_EXECUTION_DATE=2021-08-28T00:00:00+00:00
AIRFLOW_CTX_DAG_RUN_ID=scheduled__2021-08-28T00:00:00+00:00
[2023-10-01 07:37:00,329] {python.py:118} INFO - Done. Returned value was: None
[2023-10-01 07:37:00,450] {taskinstance.py:1166} INFO - Marking task as SUCCESS. dag_id=our_seventh_dag_v7, task_id=get_name, execution_date=20210828T000000, start_date=20231001T073654, end_date=20231001T073700
[2023-10-01 07:37:00,858] {taskinstance.py:1220} INFO - 1 downstream tasks scheduled from follow-on schedule check
[2023-10-01 07:37:01,314] {local_task_job.py:146} INFO - Task exited with return code 0
