[2023-10-01 05:02:15,193] {taskinstance.py:851} INFO - Dependencies all met for <TaskInstance: our_first_dag_v1.first_task 2021-08-09T00:00:00+00:00 [queued]>
[2023-10-01 05:02:15,285] {taskinstance.py:851} INFO - Dependencies all met for <TaskInstance: our_first_dag_v1.first_task 2021-08-09T00:00:00+00:00 [queued]>
[2023-10-01 05:02:15,287] {taskinstance.py:1042} INFO - 
--------------------------------------------------------------------------------
[2023-10-01 05:02:15,288] {taskinstance.py:1043} INFO - Starting attempt 1 of 6
[2023-10-01 05:02:15,290] {taskinstance.py:1044} INFO - 
--------------------------------------------------------------------------------
[2023-10-01 05:02:15,353] {taskinstance.py:1063} INFO - Executing <Task(BashOperator): first_task> on 2021-08-09T00:00:00+00:00
[2023-10-01 05:02:15,390] {standard_task_runner.py:52} INFO - Started process 1020 to run task
[2023-10-01 05:02:15,442] {standard_task_runner.py:76} INFO - Running: ['airflow', 'tasks', 'run', 'our_first_dag_v1', 'first_task', '2021-08-09T00:00:00+00:00', '--job-id', '102', '--pool', 'default_pool', '--raw', '--subdir', 'DAGS_FOLDER/our_first_dag.py', '--cfg-path', '/tmp/tmpqmd2xmg5', '--error-file', '/tmp/tmp8vgrqggz']
[2023-10-01 05:02:15,471] {standard_task_runner.py:77} INFO - Job 102: Subtask first_task
[2023-10-01 05:02:16,087] {logging_mixin.py:104} INFO - Running <TaskInstance: our_first_dag_v1.first_task 2021-08-09T00:00:00+00:00 [running]> on host c25e1f8124bc
[2023-10-01 05:02:16,662] {taskinstance.py:1257} INFO - Exporting the following env vars:
AIRFLOW_CTX_DAG_OWNER=coder2j
AIRFLOW_CTX_DAG_ID=our_first_dag_v1
AIRFLOW_CTX_TASK_ID=first_task
AIRFLOW_CTX_EXECUTION_DATE=2021-08-09T00:00:00+00:00
AIRFLOW_CTX_DAG_RUN_ID=scheduled__2021-08-09T00:00:00+00:00
[2023-10-01 05:02:16,665] {bash.py:135} INFO - Tmp dir root location: 
 /tmp
[2023-10-01 05:02:16,684] {bash.py:158} INFO - Running command: echo hello world, this is the first task!
[2023-10-01 05:02:16,839] {bash.py:169} INFO - Output:
[2023-10-01 05:02:16,864] {bash.py:173} INFO - hello world, this is the first task!
[2023-10-01 05:02:16,868] {bash.py:177} INFO - Command exited with return code 0
[2023-10-01 05:02:17,045] {taskinstance.py:1166} INFO - Marking task as SUCCESS. dag_id=our_first_dag_v1, task_id=first_task, execution_date=20210809T000000, start_date=20231001T050215, end_date=20231001T050217
[2023-10-01 05:02:17,260] {taskinstance.py:1220} INFO - 0 downstream tasks scheduled from follow-on schedule check
[2023-10-01 05:02:17,419] {local_task_job.py:146} INFO - Task exited with return code 0
[2023-10-01 05:18:24,073] {taskinstance.py:851} INFO - Dependencies all met for <TaskInstance: our_first_dag_v1.first_task 2021-08-09T00:00:00+00:00 [queued]>
[2023-10-01 05:18:24,159] {taskinstance.py:851} INFO - Dependencies all met for <TaskInstance: our_first_dag_v1.first_task 2021-08-09T00:00:00+00:00 [queued]>
[2023-10-01 05:18:24,163] {taskinstance.py:1042} INFO - 
--------------------------------------------------------------------------------
[2023-10-01 05:18:24,164] {taskinstance.py:1043} INFO - Starting attempt 1 of 6
[2023-10-01 05:18:24,166] {taskinstance.py:1044} INFO - 
--------------------------------------------------------------------------------
[2023-10-01 05:18:24,239] {taskinstance.py:1063} INFO - Executing <Task(BashOperator): first_task> on 2021-08-09T00:00:00+00:00
[2023-10-01 05:18:24,314] {standard_task_runner.py:52} INFO - Started process 255 to run task
[2023-10-01 05:18:24,390] {standard_task_runner.py:76} INFO - Running: ['airflow', 'tasks', 'run', 'our_first_dag_v1', 'first_task', '2021-08-09T00:00:00+00:00', '--job-id', '12', '--pool', 'default_pool', '--raw', '--subdir', 'DAGS_FOLDER/our_first_dag.py', '--cfg-path', '/tmp/tmpcxs88am4', '--error-file', '/tmp/tmp43rreuu7']
[2023-10-01 05:18:24,418] {standard_task_runner.py:77} INFO - Job 12: Subtask first_task
[2023-10-01 05:18:24,785] {logging_mixin.py:104} INFO - Running <TaskInstance: our_first_dag_v1.first_task 2021-08-09T00:00:00+00:00 [running]> on host d4ed655215d1
[2023-10-01 05:18:25,824] {taskinstance.py:1257} INFO - Exporting the following env vars:
AIRFLOW_CTX_DAG_OWNER=coder2j
AIRFLOW_CTX_DAG_ID=our_first_dag_v1
AIRFLOW_CTX_TASK_ID=first_task
AIRFLOW_CTX_EXECUTION_DATE=2021-08-09T00:00:00+00:00
AIRFLOW_CTX_DAG_RUN_ID=scheduled__2021-08-09T00:00:00+00:00
[2023-10-01 05:18:25,841] {bash.py:135} INFO - Tmp dir root location: 
 /tmp
[2023-10-01 05:18:25,881] {bash.py:158} INFO - Running command: echo hello world, this is the first task!
[2023-10-01 05:18:26,468] {bash.py:169} INFO - Output:
[2023-10-01 05:18:26,541] {bash.py:173} INFO - hello world, this is the first task!
[2023-10-01 05:18:26,858] {bash.py:177} INFO - Command exited with return code 0
[2023-10-01 05:18:27,336] {taskinstance.py:1166} INFO - Marking task as SUCCESS. dag_id=our_first_dag_v1, task_id=first_task, execution_date=20210809T000000, start_date=20231001T051824, end_date=20231001T051827
[2023-10-01 05:18:28,665] {taskinstance.py:1220} INFO - 0 downstream tasks scheduled from follow-on schedule check
[2023-10-01 05:18:28,876] {local_task_job.py:146} INFO - Task exited with return code 0
