[2023-10-01 06:18:46,289] {taskinstance.py:851} INFO - Dependencies all met for <TaskInstance: our_fourth_dag_v4.first_task 2021-12-28T00:00:00+00:00 [queued]>
[2023-10-01 06:18:46,564] {taskinstance.py:851} INFO - Dependencies all met for <TaskInstance: our_fourth_dag_v4.first_task 2021-12-28T00:00:00+00:00 [queued]>
[2023-10-01 06:18:46,566] {taskinstance.py:1042} INFO - 
--------------------------------------------------------------------------------
[2023-10-01 06:18:46,568] {taskinstance.py:1043} INFO - Starting attempt 1 of 6
[2023-10-01 06:18:46,570] {taskinstance.py:1044} INFO - 
--------------------------------------------------------------------------------
[2023-10-01 06:18:46,755] {taskinstance.py:1063} INFO - Executing <Task(BashOperator): first_task> on 2021-12-28T00:00:00+00:00
[2023-10-01 06:18:46,949] {standard_task_runner.py:52} INFO - Started process 6112 to run task
[2023-10-01 06:18:47,044] {standard_task_runner.py:76} INFO - Running: ['airflow', 'tasks', 'run', 'our_fourth_dag_v4', 'first_task', '2021-12-28T00:00:00+00:00', '--job-id', '877', '--pool', 'default_pool', '--raw', '--subdir', 'DAGS_FOLDER/our_fourth_dag.py', '--cfg-path', '/tmp/tmp4n34otv0', '--error-file', '/tmp/tmpfj7_b7gj']
[2023-10-01 06:18:47,051] {standard_task_runner.py:77} INFO - Job 877: Subtask first_task
[2023-10-01 06:18:50,357] {logging_mixin.py:104} INFO - Running <TaskInstance: our_fourth_dag_v4.first_task 2021-12-28T00:00:00+00:00 [running]> on host d4ed655215d1
[2023-10-01 06:18:51,589] {taskinstance.py:1257} INFO - Exporting the following env vars:
AIRFLOW_CTX_DAG_OWNER=svastikkka
AIRFLOW_CTX_DAG_ID=our_fourth_dag_v4
AIRFLOW_CTX_TASK_ID=first_task
AIRFLOW_CTX_EXECUTION_DATE=2021-12-28T00:00:00+00:00
AIRFLOW_CTX_DAG_RUN_ID=scheduled__2021-12-28T00:00:00+00:00
[2023-10-01 06:18:51,605] {bash.py:135} INFO - Tmp dir root location: 
 /tmp
[2023-10-01 06:18:51,696] {bash.py:158} INFO - Running command: echo hello world, this is the first task!
[2023-10-01 06:18:51,865] {bash.py:169} INFO - Output:
[2023-10-01 06:18:51,878] {bash.py:173} INFO - hello world, this is the first task!
[2023-10-01 06:18:51,880] {bash.py:177} INFO - Command exited with return code 0
[2023-10-01 06:18:52,138] {taskinstance.py:1166} INFO - Marking task as SUCCESS. dag_id=our_fourth_dag_v4, task_id=first_task, execution_date=20211228T000000, start_date=20231001T061846, end_date=20231001T061852
[2023-10-01 06:18:53,080] {local_task_job.py:188} WARNING - State of this instance has been externally set to success. Terminating instance.
[2023-10-01 06:18:53,777] {process_utils.py:100} INFO - Sending Signals.SIGTERM to GPID 6112
[2023-10-01 06:18:53,920] {taskinstance.py:1239} ERROR - Received SIGTERM. Terminating subprocesses.
[2023-10-01 06:18:53,993] {bash.py:185} INFO - Sending SIGTERM signal to bash process group
[2023-10-01 06:18:55,854] {process_utils.py:66} INFO - Process psutil.Process(pid=6112, status='terminated', exitcode=1, started='06:18:46') (6112) terminated with exit code 1
