[2023-10-01 06:23:47,110] {taskinstance.py:851} INFO - Dependencies all met for <TaskInstance: our_fourth_dag_v4.second_task 2022-01-27T00:00:00+00:00 [queued]>
[2023-10-01 06:23:48,186] {taskinstance.py:851} INFO - Dependencies all met for <TaskInstance: our_fourth_dag_v4.second_task 2022-01-27T00:00:00+00:00 [queued]>
[2023-10-01 06:23:48,208] {taskinstance.py:1042} INFO - 
--------------------------------------------------------------------------------
[2023-10-01 06:23:48,236] {taskinstance.py:1043} INFO - Starting attempt 1 of 6
[2023-10-01 06:23:48,262] {taskinstance.py:1044} INFO - 
--------------------------------------------------------------------------------
[2023-10-01 06:23:48,664] {taskinstance.py:1063} INFO - Executing <Task(BashOperator): second_task> on 2022-01-27T00:00:00+00:00
[2023-10-01 06:23:49,087] {standard_task_runner.py:52} INFO - Started process 6773 to run task
[2023-10-01 06:23:49,671] {standard_task_runner.py:76} INFO - Running: ['airflow', 'tasks', 'run', 'our_fourth_dag_v4', 'second_task', '2022-01-27T00:00:00+00:00', '--job-id', '976', '--pool', 'default_pool', '--raw', '--subdir', 'DAGS_FOLDER/our_fourth_dag.py', '--cfg-path', '/tmp/tmp2yneh7yu', '--error-file', '/tmp/tmpaphrb475']
[2023-10-01 06:23:49,839] {standard_task_runner.py:77} INFO - Job 976: Subtask second_task
[2023-10-01 06:23:52,550] {logging_mixin.py:104} INFO - Running <TaskInstance: our_fourth_dag_v4.second_task 2022-01-27T00:00:00+00:00 [running]> on host d4ed655215d1
[2023-10-01 06:24:05,143] {taskinstance.py:1257} INFO - Exporting the following env vars:
AIRFLOW_CTX_DAG_OWNER=svastikkka
AIRFLOW_CTX_DAG_ID=our_fourth_dag_v4
AIRFLOW_CTX_TASK_ID=second_task
AIRFLOW_CTX_EXECUTION_DATE=2022-01-27T00:00:00+00:00
AIRFLOW_CTX_DAG_RUN_ID=scheduled__2022-01-27T00:00:00+00:00
[2023-10-01 06:24:05,158] {bash.py:135} INFO - Tmp dir root location: 
 /tmp
[2023-10-01 06:24:05,293] {bash.py:158} INFO - Running command: echo hey, I am task2 and will be running after task1!
[2023-10-01 06:24:07,090] {bash.py:169} INFO - Output:
[2023-10-01 06:24:07,282] {bash.py:173} INFO - hey, I am task2 and will be running after task1!
[2023-10-01 06:24:07,299] {bash.py:177} INFO - Command exited with return code 0
[2023-10-01 06:24:09,970] {taskinstance.py:1166} INFO - Marking task as SUCCESS. dag_id=our_fourth_dag_v4, task_id=second_task, execution_date=20220127T000000, start_date=20231001T062347, end_date=20231001T062409
[2023-10-01 06:24:18,660] {local_task_job.py:188} WARNING - State of this instance has been externally set to success. Terminating instance.
[2023-10-01 06:24:20,968] {process_utils.py:100} INFO - Sending Signals.SIGTERM to GPID 6773
[2023-10-01 06:24:21,172] {taskinstance.py:1239} ERROR - Received SIGTERM. Terminating subprocesses.
[2023-10-01 06:24:21,467] {bash.py:185} INFO - Sending SIGTERM signal to bash process group
[2023-10-01 06:24:22,605] {process_utils.py:66} INFO - Process psutil.Process(pid=6773, status='terminated', exitcode=1, started='06:23:48') (6773) terminated with exit code 1
