[2023-10-01 06:16:40,914] {taskinstance.py:851} INFO - Dependencies all met for <TaskInstance: our_fourth_dag_v4.thrid_task 2021-11-14T00:00:00+00:00 [queued]>
[2023-10-01 06:16:41,261] {taskinstance.py:851} INFO - Dependencies all met for <TaskInstance: our_fourth_dag_v4.thrid_task 2021-11-14T00:00:00+00:00 [queued]>
[2023-10-01 06:16:41,272] {taskinstance.py:1042} INFO - 
--------------------------------------------------------------------------------
[2023-10-01 06:16:41,275] {taskinstance.py:1043} INFO - Starting attempt 1 of 6
[2023-10-01 06:16:41,295] {taskinstance.py:1044} INFO - 
--------------------------------------------------------------------------------
[2023-10-01 06:16:41,547] {taskinstance.py:1063} INFO - Executing <Task(BashOperator): thrid_task> on 2021-11-14T00:00:00+00:00
[2023-10-01 06:16:41,670] {standard_task_runner.py:52} INFO - Started process 5576 to run task
[2023-10-01 06:16:41,799] {standard_task_runner.py:76} INFO - Running: ['airflow', 'tasks', 'run', 'our_fourth_dag_v4', 'thrid_task', '2021-11-14T00:00:00+00:00', '--job-id', '758', '--pool', 'default_pool', '--raw', '--subdir', 'DAGS_FOLDER/our_fourth_dag.py', '--cfg-path', '/tmp/tmpvuk_8ger', '--error-file', '/tmp/tmpfea2ejhq']
[2023-10-01 06:16:41,945] {standard_task_runner.py:77} INFO - Job 758: Subtask thrid_task
[2023-10-01 06:16:42,670] {logging_mixin.py:104} INFO - Running <TaskInstance: our_fourth_dag_v4.thrid_task 2021-11-14T00:00:00+00:00 [running]> on host d4ed655215d1
[2023-10-01 06:16:43,750] {taskinstance.py:1257} INFO - Exporting the following env vars:
AIRFLOW_CTX_DAG_OWNER=svastikkka
AIRFLOW_CTX_DAG_ID=our_fourth_dag_v4
AIRFLOW_CTX_TASK_ID=thrid_task
AIRFLOW_CTX_EXECUTION_DATE=2021-11-14T00:00:00+00:00
AIRFLOW_CTX_DAG_RUN_ID=scheduled__2021-11-14T00:00:00+00:00
[2023-10-01 06:16:43,787] {bash.py:135} INFO - Tmp dir root location: 
 /tmp
[2023-10-01 06:16:43,801] {bash.py:158} INFO - Running command: echo hey, I am task3 and will be running after task1 at the same time as task2!
[2023-10-01 06:16:44,102] {bash.py:169} INFO - Output:
[2023-10-01 06:16:44,192] {bash.py:173} INFO - hey, I am task3 and will be running after task1 at the same time as task2!
[2023-10-01 06:16:44,214] {bash.py:177} INFO - Command exited with return code 0
[2023-10-01 06:16:44,820] {taskinstance.py:1166} INFO - Marking task as SUCCESS. dag_id=our_fourth_dag_v4, task_id=thrid_task, execution_date=20211114T000000, start_date=20231001T061640, end_date=20231001T061644
[2023-10-01 06:16:45,205] {taskinstance.py:1220} INFO - 0 downstream tasks scheduled from follow-on schedule check
[2023-10-01 06:16:45,359] {local_task_job.py:146} INFO - Task exited with return code 0
