[2023-10-01 06:01:13,985] {taskinstance.py:851} INFO - Dependencies all met for <TaskInstance: our_third_dag_v3.thrid_task 2021-10-04T00:00:00+00:00 [queued]>
[2023-10-01 06:01:14,145] {taskinstance.py:851} INFO - Dependencies all met for <TaskInstance: our_third_dag_v3.thrid_task 2021-10-04T00:00:00+00:00 [queued]>
[2023-10-01 06:01:14,147] {taskinstance.py:1042} INFO - 
--------------------------------------------------------------------------------
[2023-10-01 06:01:14,149] {taskinstance.py:1043} INFO - Starting attempt 1 of 6
[2023-10-01 06:01:14,150] {taskinstance.py:1044} INFO - 
--------------------------------------------------------------------------------
[2023-10-01 06:01:14,254] {taskinstance.py:1063} INFO - Executing <Task(BashOperator): thrid_task> on 2021-10-04T00:00:00+00:00
[2023-10-01 06:01:14,305] {standard_task_runner.py:52} INFO - Started process 3250 to run task
[2023-10-01 06:01:14,349] {standard_task_runner.py:76} INFO - Running: ['airflow', 'tasks', 'run', 'our_third_dag_v3', 'thrid_task', '2021-10-04T00:00:00+00:00', '--job-id', '356', '--pool', 'default_pool', '--raw', '--subdir', 'DAGS_FOLDER/our_third_dag.py', '--cfg-path', '/tmp/tmpd2tmop1n', '--error-file', '/tmp/tmpmqg7nrf5']
[2023-10-01 06:01:14,378] {standard_task_runner.py:77} INFO - Job 356: Subtask thrid_task
[2023-10-01 06:01:14,703] {logging_mixin.py:104} INFO - Running <TaskInstance: our_third_dag_v3.thrid_task 2021-10-04T00:00:00+00:00 [running]> on host d4ed655215d1
[2023-10-01 06:01:15,358] {taskinstance.py:1257} INFO - Exporting the following env vars:
AIRFLOW_CTX_DAG_OWNER=coder2j
AIRFLOW_CTX_DAG_ID=our_third_dag_v3
AIRFLOW_CTX_TASK_ID=thrid_task
AIRFLOW_CTX_EXECUTION_DATE=2021-10-04T00:00:00+00:00
AIRFLOW_CTX_DAG_RUN_ID=scheduled__2021-10-04T00:00:00+00:00
[2023-10-01 06:01:15,363] {bash.py:135} INFO - Tmp dir root location: 
 /tmp
[2023-10-01 06:01:15,379] {bash.py:158} INFO - Running command: echo hey, I am task3 and will be running after task1 at the same time as task2!
[2023-10-01 06:01:15,609] {bash.py:169} INFO - Output:
[2023-10-01 06:01:15,720] {bash.py:173} INFO - hey, I am task3 and will be running after task1 at the same time as task2!
[2023-10-01 06:01:15,738] {bash.py:177} INFO - Command exited with return code 0
[2023-10-01 06:01:16,129] {taskinstance.py:1166} INFO - Marking task as SUCCESS. dag_id=our_third_dag_v3, task_id=thrid_task, execution_date=20211004T000000, start_date=20231001T060114, end_date=20231001T060116
[2023-10-01 06:01:20,019] {taskinstance.py:1220} INFO - 0 downstream tasks scheduled from follow-on schedule check
[2023-10-01 06:01:23,692] {local_task_job.py:146} INFO - Task exited with return code 0
