[2023-10-01 05:59:59,425] {taskinstance.py:851} INFO - Dependencies all met for <TaskInstance: our_third_dag_v3.thrid_task 2021-09-22T00:00:00+00:00 [queued]>
[2023-10-01 05:59:59,871] {taskinstance.py:851} INFO - Dependencies all met for <TaskInstance: our_third_dag_v3.thrid_task 2021-09-22T00:00:00+00:00 [queued]>
[2023-10-01 05:59:59,881] {taskinstance.py:1042} INFO - 
--------------------------------------------------------------------------------
[2023-10-01 05:59:59,887] {taskinstance.py:1043} INFO - Starting attempt 1 of 6
[2023-10-01 05:59:59,889] {taskinstance.py:1044} INFO - 
--------------------------------------------------------------------------------
[2023-10-01 06:00:00,184] {taskinstance.py:1063} INFO - Executing <Task(BashOperator): thrid_task> on 2021-09-22T00:00:00+00:00
[2023-10-01 06:00:00,340] {standard_task_runner.py:52} INFO - Started process 3078 to run task
[2023-10-01 06:00:00,524] {standard_task_runner.py:76} INFO - Running: ['airflow', 'tasks', 'run', 'our_third_dag_v3', 'thrid_task', '2021-09-22T00:00:00+00:00', '--job-id', '319', '--pool', 'default_pool', '--raw', '--subdir', 'DAGS_FOLDER/our_third_dag.py', '--cfg-path', '/tmp/tmpx0_s0_xu', '--error-file', '/tmp/tmp7z3z7r7f']
[2023-10-01 06:00:00,688] {standard_task_runner.py:77} INFO - Job 319: Subtask thrid_task
[2023-10-01 06:00:02,840] {logging_mixin.py:104} INFO - Running <TaskInstance: our_third_dag_v3.thrid_task 2021-09-22T00:00:00+00:00 [running]> on host d4ed655215d1
[2023-10-01 06:00:07,013] {taskinstance.py:1257} INFO - Exporting the following env vars:
AIRFLOW_CTX_DAG_OWNER=coder2j
AIRFLOW_CTX_DAG_ID=our_third_dag_v3
AIRFLOW_CTX_TASK_ID=thrid_task
AIRFLOW_CTX_EXECUTION_DATE=2021-09-22T00:00:00+00:00
AIRFLOW_CTX_DAG_RUN_ID=scheduled__2021-09-22T00:00:00+00:00
[2023-10-01 06:00:07,198] {bash.py:135} INFO - Tmp dir root location: 
 /tmp
[2023-10-01 06:00:07,641] {bash.py:158} INFO - Running command: echo hey, I am task3 and will be running after task1 at the same time as task2!
[2023-10-01 06:00:08,309] {bash.py:169} INFO - Output:
[2023-10-01 06:00:08,746] {bash.py:173} INFO - hey, I am task3 and will be running after task1 at the same time as task2!
[2023-10-01 06:00:08,766] {bash.py:177} INFO - Command exited with return code 0
[2023-10-01 06:00:09,249] {taskinstance.py:1166} INFO - Marking task as SUCCESS. dag_id=our_third_dag_v3, task_id=thrid_task, execution_date=20210922T000000, start_date=20231001T055959, end_date=20231001T060009
[2023-10-01 06:00:09,660] {taskinstance.py:1220} INFO - 0 downstream tasks scheduled from follow-on schedule check
[2023-10-01 06:00:10,157] {local_task_job.py:146} INFO - Task exited with return code 0
