[2023-10-01 07:37:47,703] {taskinstance.py:851} INFO - Dependencies all met for <TaskInstance: our_seventh_dag_v7.get_name 2021-09-02T00:00:00+00:00 [queued]>
[2023-10-01 07:37:49,293] {taskinstance.py:851} INFO - Dependencies all met for <TaskInstance: our_seventh_dag_v7.get_name 2021-09-02T00:00:00+00:00 [queued]>
[2023-10-01 07:37:49,334] {taskinstance.py:1042} INFO - 
--------------------------------------------------------------------------------
[2023-10-01 07:37:49,350] {taskinstance.py:1043} INFO - Starting attempt 1 of 6
[2023-10-01 07:37:49,354] {taskinstance.py:1044} INFO - 
--------------------------------------------------------------------------------
[2023-10-01 07:37:49,794] {taskinstance.py:1063} INFO - Executing <Task(PythonOperator): get_name> on 2021-09-02T00:00:00+00:00
[2023-10-01 07:37:49,926] {standard_task_runner.py:52} INFO - Started process 18431 to run task
[2023-10-01 07:37:50,378] {standard_task_runner.py:76} INFO - Running: ['airflow', 'tasks', 'run', 'our_seventh_dag_v7', 'get_name', '2021-09-02T00:00:00+00:00', '--job-id', '1398', '--pool', 'default_pool', '--raw', '--subdir', 'DAGS_FOLDER/our_seventh_dag.py', '--cfg-path', '/tmp/tmpati_culw', '--error-file', '/tmp/tmpuknzdiop']
[2023-10-01 07:37:50,496] {standard_task_runner.py:77} INFO - Job 1398: Subtask get_name
[2023-10-01 07:37:51,748] {logging_mixin.py:104} INFO - Running <TaskInstance: our_seventh_dag_v7.get_name 2021-09-02T00:00:00+00:00 [running]> on host d4ed655215d1
[2023-10-01 07:37:53,435] {taskinstance.py:1257} INFO - Exporting the following env vars:
AIRFLOW_CTX_DAG_OWNER=svastikkka
AIRFLOW_CTX_DAG_ID=our_seventh_dag_v7
AIRFLOW_CTX_TASK_ID=get_name
AIRFLOW_CTX_EXECUTION_DATE=2021-09-02T00:00:00+00:00
AIRFLOW_CTX_DAG_RUN_ID=scheduled__2021-09-02T00:00:00+00:00
[2023-10-01 07:37:54,103] {python.py:118} INFO - Done. Returned value was: None
[2023-10-01 07:37:54,929] {taskinstance.py:1166} INFO - Marking task as SUCCESS. dag_id=our_seventh_dag_v7, task_id=get_name, execution_date=20210902T000000, start_date=20231001T073748, end_date=20231001T073754
[2023-10-01 07:37:56,687] {local_task_job.py:188} WARNING - State of this instance has been externally set to success. Terminating instance.
[2023-10-01 07:37:56,908] {process_utils.py:100} INFO - Sending Signals.SIGTERM to GPID 18431
[2023-10-01 07:37:59,572] {taskinstance.py:1239} ERROR - Received SIGTERM. Terminating subprocesses.
[2023-10-01 07:37:59,982] {process_utils.py:66} INFO - Process psutil.Process(pid=18431, status='terminated', exitcode=1, started='07:37:49') (18431) terminated with exit code 1
