[2023-10-01 07:52:00,731] {taskinstance.py:851} INFO - Dependencies all met for <TaskInstance: our_seventh_dag_v7.greet 2022-09-14T00:00:00+00:00 [queued]>
[2023-10-01 07:52:01,003] {taskinstance.py:851} INFO - Dependencies all met for <TaskInstance: our_seventh_dag_v7.greet 2022-09-14T00:00:00+00:00 [queued]>
[2023-10-01 07:52:01,007] {taskinstance.py:1042} INFO - 
--------------------------------------------------------------------------------
[2023-10-01 07:52:01,020] {taskinstance.py:1043} INFO - Starting attempt 1 of 6
[2023-10-01 07:52:01,047] {taskinstance.py:1044} INFO - 
--------------------------------------------------------------------------------
[2023-10-01 07:52:01,259] {taskinstance.py:1063} INFO - Executing <Task(PythonOperator): greet> on 2022-09-14T00:00:00+00:00
[2023-10-01 07:52:01,322] {standard_task_runner.py:52} INFO - Started process 22338 to run task
[2023-10-01 07:52:01,486] {standard_task_runner.py:76} INFO - Running: ['airflow', 'tasks', 'run', 'our_seventh_dag_v7', 'greet', '2022-09-14T00:00:00+00:00', '--job-id', '2160', '--pool', 'default_pool', '--raw', '--subdir', 'DAGS_FOLDER/our_seventh_dag.py', '--cfg-path', '/tmp/tmpo_07cv36', '--error-file', '/tmp/tmp3xf93inp']
[2023-10-01 07:52:01,707] {standard_task_runner.py:77} INFO - Job 2160: Subtask greet
[2023-10-01 07:52:04,667] {logging_mixin.py:104} INFO - Running <TaskInstance: our_seventh_dag_v7.greet 2022-09-14T00:00:00+00:00 [running]> on host d4ed655215d1
[2023-10-01 07:52:05,996] {taskinstance.py:1257} INFO - Exporting the following env vars:
AIRFLOW_CTX_DAG_OWNER=svastikkka
AIRFLOW_CTX_DAG_ID=our_seventh_dag_v7
AIRFLOW_CTX_TASK_ID=greet
AIRFLOW_CTX_EXECUTION_DATE=2022-09-14T00:00:00+00:00
AIRFLOW_CTX_DAG_RUN_ID=scheduled__2022-09-14T00:00:00+00:00
[2023-10-01 07:52:06,340] {logging_mixin.py:104} INFO - Hello My name is Manshu Sharma and I am 26 years old.
[2023-10-01 07:52:06,350] {python.py:118} INFO - Done. Returned value was: None
[2023-10-01 07:52:06,468] {taskinstance.py:1166} INFO - Marking task as SUCCESS. dag_id=our_seventh_dag_v7, task_id=greet, execution_date=20220914T000000, start_date=20231001T075200, end_date=20231001T075206
[2023-10-01 07:52:06,800] {local_task_job.py:188} WARNING - State of this instance has been externally set to success. Terminating instance.
[2023-10-01 07:52:06,825] {process_utils.py:100} INFO - Sending Signals.SIGTERM to GPID 22338
[2023-10-01 07:52:08,135] {taskinstance.py:1239} ERROR - Received SIGTERM. Terminating subprocesses.
[2023-10-01 07:52:08,324] {process_utils.py:66} INFO - Process psutil.Process(pid=22338, status='terminated', exitcode=1, started='07:52:01') (22338) terminated with exit code 1
