[2023-10-01 06:28:39,420] {taskinstance.py:851} INFO - Dependencies all met for <TaskInstance: our_fifth_dag_v5.greet 2021-08-10T00:00:00+00:00 [queued]>
[2023-10-01 06:28:39,798] {taskinstance.py:851} INFO - Dependencies all met for <TaskInstance: our_fifth_dag_v5.greet 2021-08-10T00:00:00+00:00 [queued]>
[2023-10-01 06:28:39,800] {taskinstance.py:1042} INFO - 
--------------------------------------------------------------------------------
[2023-10-01 06:28:39,814] {taskinstance.py:1043} INFO - Starting attempt 1 of 6
[2023-10-01 06:28:39,816] {taskinstance.py:1044} INFO - 
--------------------------------------------------------------------------------
[2023-10-01 06:28:39,980] {taskinstance.py:1063} INFO - Executing <Task(PythonOperator): greet> on 2021-08-10T00:00:00+00:00
[2023-10-01 06:28:40,816] {standard_task_runner.py:52} INFO - Started process 7322 to run task
[2023-10-01 06:28:41,932] {standard_task_runner.py:76} INFO - Running: ['airflow', 'tasks', 'run', 'our_fifth_dag_v5', 'greet', '2021-08-10T00:00:00+00:00', '--job-id', '1031', '--pool', 'default_pool', '--raw', '--subdir', 'DAGS_FOLDER/our_fifth_dag.py', '--cfg-path', '/tmp/tmpe0m9gfbj', '--error-file', '/tmp/tmp25fhfjbr']
[2023-10-01 06:28:42,063] {standard_task_runner.py:77} INFO - Job 1031: Subtask greet
[2023-10-01 06:28:45,459] {logging_mixin.py:104} INFO - Running <TaskInstance: our_fifth_dag_v5.greet 2021-08-10T00:00:00+00:00 [running]> on host d4ed655215d1
[2023-10-01 06:28:47,057] {taskinstance.py:1257} INFO - Exporting the following env vars:
AIRFLOW_CTX_DAG_OWNER=coder2j
AIRFLOW_CTX_DAG_ID=our_fifth_dag_v5
AIRFLOW_CTX_TASK_ID=greet
AIRFLOW_CTX_EXECUTION_DATE=2021-08-10T00:00:00+00:00
AIRFLOW_CTX_DAG_RUN_ID=scheduled__2021-08-10T00:00:00+00:00
[2023-10-01 06:28:47,077] {logging_mixin.py:104} INFO - Hello how are you
[2023-10-01 06:28:47,119] {python.py:118} INFO - Done. Returned value was: None
[2023-10-01 06:28:47,408] {taskinstance.py:1166} INFO - Marking task as SUCCESS. dag_id=our_fifth_dag_v5, task_id=greet, execution_date=20210810T000000, start_date=20231001T062839, end_date=20231001T062847
[2023-10-01 06:28:48,238] {taskinstance.py:1220} INFO - 0 downstream tasks scheduled from follow-on schedule check
[2023-10-01 06:28:48,376] {local_task_job.py:146} INFO - Task exited with return code 0
