[2023-10-01 06:55:45,231] {taskinstance.py:851} INFO - Dependencies all met for <TaskInstance: our_sixth_dag_v6.get_name 2021-11-20T00:00:00+00:00 [queued]>
[2023-10-01 06:55:45,566] {taskinstance.py:851} INFO - Dependencies all met for <TaskInstance: our_sixth_dag_v6.get_name 2021-11-20T00:00:00+00:00 [queued]>
[2023-10-01 06:55:45,571] {taskinstance.py:1042} INFO - 
--------------------------------------------------------------------------------
[2023-10-01 06:55:45,573] {taskinstance.py:1043} INFO - Starting attempt 1 of 6
[2023-10-01 06:55:45,575] {taskinstance.py:1044} INFO - 
--------------------------------------------------------------------------------
[2023-10-01 06:55:45,711] {taskinstance.py:1063} INFO - Executing <Task(PythonOperator): get_name> on 2021-11-20T00:00:00+00:00
[2023-10-01 06:55:45,776] {standard_task_runner.py:52} INFO - Started process 11327 to run task
[2023-10-01 06:55:45,926] {standard_task_runner.py:76} INFO - Running: ['airflow', 'tasks', 'run', 'our_sixth_dag_v6', 'get_name', '2021-11-20T00:00:00+00:00', '--job-id', '1277', '--pool', 'default_pool', '--raw', '--subdir', 'DAGS_FOLDER/our_sixth_dag.py', '--cfg-path', '/tmp/tmp91rz2eon', '--error-file', '/tmp/tmpx3co7eap']
[2023-10-01 06:55:46,020] {standard_task_runner.py:77} INFO - Job 1277: Subtask get_name
[2023-10-01 06:55:48,349] {logging_mixin.py:104} INFO - Running <TaskInstance: our_sixth_dag_v6.get_name 2021-11-20T00:00:00+00:00 [running]> on host d4ed655215d1
[2023-10-01 06:55:51,016] {taskinstance.py:1257} INFO - Exporting the following env vars:
AIRFLOW_CTX_DAG_OWNER=svastikkka
AIRFLOW_CTX_DAG_ID=our_sixth_dag_v6
AIRFLOW_CTX_TASK_ID=get_name
AIRFLOW_CTX_EXECUTION_DATE=2021-11-20T00:00:00+00:00
AIRFLOW_CTX_DAG_RUN_ID=scheduled__2021-11-20T00:00:00+00:00
[2023-10-01 06:55:51,024] {python.py:118} INFO - Done. Returned value was: Manshu
[2023-10-01 06:55:51,447] {taskinstance.py:1166} INFO - Marking task as SUCCESS. dag_id=our_sixth_dag_v6, task_id=get_name, execution_date=20211120T000000, start_date=20231001T065545, end_date=20231001T065551
[2023-10-01 06:55:57,715] {local_task_job.py:188} WARNING - State of this instance has been externally set to success. Terminating instance.
[2023-10-01 06:55:57,959] {process_utils.py:100} INFO - Sending Signals.SIGTERM to GPID 11327
[2023-10-01 06:55:57,990] {taskinstance.py:1239} ERROR - Received SIGTERM. Terminating subprocesses.
[2023-10-01 06:55:58,648] {process_utils.py:66} INFO - Process psutil.Process(pid=11327, status='terminated', exitcode=1, started='06:55:45') (11327) terminated with exit code 1
