[2023-10-01 17:23:23,928] {taskinstance.py:851} INFO - Dependencies all met for <TaskInstance: backup_postgres.list_current_directory 2023-10-01T17:20:54.818264+00:00 [queued]>
[2023-10-01 17:23:25,234] {taskinstance.py:851} INFO - Dependencies all met for <TaskInstance: backup_postgres.list_current_directory 2023-10-01T17:20:54.818264+00:00 [queued]>
[2023-10-01 17:23:25,238] {taskinstance.py:1042} INFO - 
--------------------------------------------------------------------------------
[2023-10-01 17:23:25,248] {taskinstance.py:1043} INFO - Starting attempt 1 of 6
[2023-10-01 17:23:25,309] {taskinstance.py:1044} INFO - 
--------------------------------------------------------------------------------
[2023-10-01 17:23:25,459] {taskinstance.py:1063} INFO - Executing <Task(BashOperator): list_current_directory> on 2023-10-01T17:20:54.818264+00:00
[2023-10-01 17:23:25,703] {standard_task_runner.py:52} INFO - Started process 2417 to run task
[2023-10-01 17:23:25,839] {standard_task_runner.py:76} INFO - Running: ['airflow', 'tasks', 'run', 'backup_postgres', 'list_current_directory', '2023-10-01T17:20:54.818264+00:00', '--job-id', '3', '--pool', 'default_pool', '--raw', '--subdir', 'DAGS_FOLDER/backup_postgres.py', '--cfg-path', '/tmp/tmpukpt7k4f', '--error-file', '/tmp/tmp3sih3hu0']
[2023-10-01 17:23:26,411] {standard_task_runner.py:77} INFO - Job 3: Subtask list_current_directory
[2023-10-01 17:23:27,274] {logging_mixin.py:104} INFO - Running <TaskInstance: backup_postgres.list_current_directory 2023-10-01T17:20:54.818264+00:00 [running]> on host c1a95d6e7033
[2023-10-01 17:23:32,316] {taskinstance.py:1257} INFO - Exporting the following env vars:
AIRFLOW_CTX_DAG_OWNER=svastikkka
AIRFLOW_CTX_DAG_ID=backup_postgres
AIRFLOW_CTX_TASK_ID=list_current_directory
AIRFLOW_CTX_EXECUTION_DATE=2023-10-01T17:20:54.818264+00:00
AIRFLOW_CTX_DAG_RUN_ID=manual__2023-10-01T17:20:54.818264+00:00
[2023-10-01 17:23:32,498] {bash.py:135} INFO - Tmp dir root location: 
 /tmp
[2023-10-01 17:23:32,745] {bash.py:158} INFO - Running command: ls -l
[2023-10-01 17:23:33,832] {bash.py:169} INFO - Output:
[2023-10-01 17:23:34,276] {bash.py:173} INFO - total 0
[2023-10-01 17:23:34,316] {bash.py:177} INFO - Command exited with return code 0
[2023-10-01 17:23:35,889] {taskinstance.py:1166} INFO - Marking task as SUCCESS. dag_id=backup_postgres, task_id=list_current_directory, execution_date=20231001T172054, start_date=20231001T172324, end_date=20231001T172335
[2023-10-01 17:23:36,415] {taskinstance.py:1220} INFO - 0 downstream tasks scheduled from follow-on schedule check
[2023-10-01 17:23:36,801] {local_task_job.py:146} INFO - Task exited with return code 0
