[2023-10-01 08:09:25,144] {taskinstance.py:851} INFO - Dependencies all met for <TaskInstance: our_eight_dag_v8.get_name 2021-08-20T00:00:00+00:00 [queued]>
[2023-10-01 08:09:25,717] {taskinstance.py:851} INFO - Dependencies all met for <TaskInstance: our_eight_dag_v8.get_name 2021-08-20T00:00:00+00:00 [queued]>
[2023-10-01 08:09:25,720] {taskinstance.py:1042} INFO - 
--------------------------------------------------------------------------------
[2023-10-01 08:09:25,724] {taskinstance.py:1043} INFO - Starting attempt 1 of 6
[2023-10-01 08:09:25,730] {taskinstance.py:1044} INFO - 
--------------------------------------------------------------------------------
[2023-10-01 08:09:26,030] {taskinstance.py:1063} INFO - Executing <Task(PythonOperator): get_name> on 2021-08-20T00:00:00+00:00
[2023-10-01 08:09:26,168] {standard_task_runner.py:52} INFO - Started process 24972 to run task
[2023-10-01 08:09:26,279] {standard_task_runner.py:76} INFO - Running: ['airflow', 'tasks', 'run', 'our_eight_dag_v8', 'get_name', '2021-08-20T00:00:00+00:00', '--job-id', '2490', '--pool', 'default_pool', '--raw', '--subdir', 'DAGS_FOLDER/our_eight_dag.py', '--cfg-path', '/tmp/tmpcnkv505b', '--error-file', '/tmp/tmp7tod_hfj']
[2023-10-01 08:09:26,299] {standard_task_runner.py:77} INFO - Job 2490: Subtask get_name
[2023-10-01 08:09:27,285] {logging_mixin.py:104} INFO - Running <TaskInstance: our_eight_dag_v8.get_name 2021-08-20T00:00:00+00:00 [running]> on host d4ed655215d1
[2023-10-01 08:09:27,897] {taskinstance.py:1257} INFO - Exporting the following env vars:
AIRFLOW_CTX_DAG_OWNER=svastikkka
AIRFLOW_CTX_DAG_ID=our_eight_dag_v8
AIRFLOW_CTX_TASK_ID=get_name
AIRFLOW_CTX_EXECUTION_DATE=2021-08-20T00:00:00+00:00
AIRFLOW_CTX_DAG_RUN_ID=scheduled__2021-08-20T00:00:00+00:00
[2023-10-01 08:09:28,253] {python.py:118} INFO - Done. Returned value was: None
[2023-10-01 08:09:28,394] {taskinstance.py:1166} INFO - Marking task as SUCCESS. dag_id=our_eight_dag_v8, task_id=get_name, execution_date=20210820T000000, start_date=20231001T080925, end_date=20231001T080928
[2023-10-01 08:09:28,664] {taskinstance.py:1220} INFO - 1 downstream tasks scheduled from follow-on schedule check
[2023-10-01 08:09:28,728] {local_task_job.py:146} INFO - Task exited with return code 0
