[2023-10-01 07:40:55,765] {taskinstance.py:851} INFO - Dependencies all met for <TaskInstance: our_seventh_dag_v7.greet 2021-10-21T00:00:00+00:00 [queued]>
[2023-10-01 07:40:55,905] {taskinstance.py:851} INFO - Dependencies all met for <TaskInstance: our_seventh_dag_v7.greet 2021-10-21T00:00:00+00:00 [queued]>
[2023-10-01 07:40:55,908] {taskinstance.py:1042} INFO - 
--------------------------------------------------------------------------------
[2023-10-01 07:40:55,910] {taskinstance.py:1043} INFO - Starting attempt 1 of 6
[2023-10-01 07:40:55,913] {taskinstance.py:1044} INFO - 
--------------------------------------------------------------------------------
[2023-10-01 07:40:56,017] {taskinstance.py:1063} INFO - Executing <Task(PythonOperator): greet> on 2021-10-21T00:00:00+00:00
[2023-10-01 07:40:56,045] {standard_task_runner.py:52} INFO - Started process 19123 to run task
[2023-10-01 07:40:56,114] {standard_task_runner.py:76} INFO - Running: ['airflow', 'tasks', 'run', 'our_seventh_dag_v7', 'greet', '2021-10-21T00:00:00+00:00', '--job-id', '1506', '--pool', 'default_pool', '--raw', '--subdir', 'DAGS_FOLDER/our_seventh_dag.py', '--cfg-path', '/tmp/tmp9_2pxl40', '--error-file', '/tmp/tmpnq86l29f']
[2023-10-01 07:40:56,185] {standard_task_runner.py:77} INFO - Job 1506: Subtask greet
[2023-10-01 07:40:56,902] {logging_mixin.py:104} INFO - Running <TaskInstance: our_seventh_dag_v7.greet 2021-10-21T00:00:00+00:00 [running]> on host d4ed655215d1
[2023-10-01 07:40:57,350] {taskinstance.py:1257} INFO - Exporting the following env vars:
AIRFLOW_CTX_DAG_OWNER=svastikkka
AIRFLOW_CTX_DAG_ID=our_seventh_dag_v7
AIRFLOW_CTX_TASK_ID=greet
AIRFLOW_CTX_EXECUTION_DATE=2021-10-21T00:00:00+00:00
AIRFLOW_CTX_DAG_RUN_ID=scheduled__2021-10-21T00:00:00+00:00
[2023-10-01 07:40:57,955] {logging_mixin.py:104} INFO - Hello My name is Manshu Sharma and I am 26 years old.
[2023-10-01 07:40:58,103] {python.py:118} INFO - Done. Returned value was: None
[2023-10-01 07:40:58,273] {taskinstance.py:1166} INFO - Marking task as SUCCESS. dag_id=our_seventh_dag_v7, task_id=greet, execution_date=20211021T000000, start_date=20231001T074055, end_date=20231001T074058
[2023-10-01 07:40:58,753] {taskinstance.py:1220} INFO - 0 downstream tasks scheduled from follow-on schedule check
[2023-10-01 07:40:59,092] {local_task_job.py:146} INFO - Task exited with return code 0
