[2023-10-01 05:02:59,833] {taskinstance.py:851} INFO - Dependencies all met for <TaskInstance: our_first_dag_v1.first_task 2021-09-08T00:00:00+00:00 [queued]>
[2023-10-01 05:02:59,978] {taskinstance.py:851} INFO - Dependencies all met for <TaskInstance: our_first_dag_v1.first_task 2021-09-08T00:00:00+00:00 [queued]>
[2023-10-01 05:02:59,980] {taskinstance.py:1042} INFO - 
--------------------------------------------------------------------------------
[2023-10-01 05:02:59,985] {taskinstance.py:1043} INFO - Starting attempt 1 of 6
[2023-10-01 05:02:59,987] {taskinstance.py:1044} INFO - 
--------------------------------------------------------------------------------
[2023-10-01 05:03:00,115] {taskinstance.py:1063} INFO - Executing <Task(BashOperator): first_task> on 2021-09-08T00:00:00+00:00
[2023-10-01 05:03:00,170] {standard_task_runner.py:52} INFO - Started process 1131 to run task
[2023-10-01 05:03:00,240] {standard_task_runner.py:76} INFO - Running: ['airflow', 'tasks', 'run', 'our_first_dag_v1', 'first_task', '2021-09-08T00:00:00+00:00', '--job-id', '132', '--pool', 'default_pool', '--raw', '--subdir', 'DAGS_FOLDER/our_first_dag.py', '--cfg-path', '/tmp/tmpt4_02bmj', '--error-file', '/tmp/tmpa17wm56c']
[2023-10-01 05:03:00,333] {standard_task_runner.py:77} INFO - Job 132: Subtask first_task
[2023-10-01 05:03:00,798] {logging_mixin.py:104} INFO - Running <TaskInstance: our_first_dag_v1.first_task 2021-09-08T00:00:00+00:00 [running]> on host c25e1f8124bc
[2023-10-01 05:03:01,496] {taskinstance.py:1257} INFO - Exporting the following env vars:
AIRFLOW_CTX_DAG_OWNER=coder2j
AIRFLOW_CTX_DAG_ID=our_first_dag_v1
AIRFLOW_CTX_TASK_ID=first_task
AIRFLOW_CTX_EXECUTION_DATE=2021-09-08T00:00:00+00:00
AIRFLOW_CTX_DAG_RUN_ID=scheduled__2021-09-08T00:00:00+00:00
[2023-10-01 05:03:01,501] {bash.py:135} INFO - Tmp dir root location: 
 /tmp
[2023-10-01 05:03:01,510] {bash.py:158} INFO - Running command: echo hello world, this is the first task!
[2023-10-01 05:03:01,646] {bash.py:169} INFO - Output:
[2023-10-01 05:03:01,676] {bash.py:173} INFO - hello world, this is the first task!
[2023-10-01 05:03:01,678] {bash.py:177} INFO - Command exited with return code 0
[2023-10-01 05:03:01,921] {taskinstance.py:1166} INFO - Marking task as SUCCESS. dag_id=our_first_dag_v1, task_id=first_task, execution_date=20210908T000000, start_date=20231001T050259, end_date=20231001T050301
[2023-10-01 05:03:03,072] {taskinstance.py:1220} INFO - 0 downstream tasks scheduled from follow-on schedule check
[2023-10-01 05:03:03,235] {local_task_job.py:146} INFO - Task exited with return code 0
[2023-10-01 05:19:20,680] {taskinstance.py:851} INFO - Dependencies all met for <TaskInstance: our_first_dag_v1.first_task 2021-09-08T00:00:00+00:00 [queued]>
[2023-10-01 05:19:20,911] {taskinstance.py:851} INFO - Dependencies all met for <TaskInstance: our_first_dag_v1.first_task 2021-09-08T00:00:00+00:00 [queued]>
[2023-10-01 05:19:20,912] {taskinstance.py:1042} INFO - 
--------------------------------------------------------------------------------
[2023-10-01 05:19:20,918] {taskinstance.py:1043} INFO - Starting attempt 1 of 6
[2023-10-01 05:19:20,922] {taskinstance.py:1044} INFO - 
--------------------------------------------------------------------------------
[2023-10-01 05:19:21,053] {taskinstance.py:1063} INFO - Executing <Task(BashOperator): first_task> on 2021-09-08T00:00:00+00:00
[2023-10-01 05:19:21,109] {standard_task_runner.py:52} INFO - Started process 364 to run task
[2023-10-01 05:19:21,173] {standard_task_runner.py:76} INFO - Running: ['airflow', 'tasks', 'run', 'our_first_dag_v1', 'first_task', '2021-09-08T00:00:00+00:00', '--job-id', '42', '--pool', 'default_pool', '--raw', '--subdir', 'DAGS_FOLDER/our_first_dag.py', '--cfg-path', '/tmp/tmpw22akdei', '--error-file', '/tmp/tmp2qoa7yps']
[2023-10-01 05:19:21,261] {standard_task_runner.py:77} INFO - Job 42: Subtask first_task
[2023-10-01 05:19:22,058] {logging_mixin.py:104} INFO - Running <TaskInstance: our_first_dag_v1.first_task 2021-09-08T00:00:00+00:00 [running]> on host d4ed655215d1
[2023-10-01 05:19:22,487] {taskinstance.py:1257} INFO - Exporting the following env vars:
AIRFLOW_CTX_DAG_OWNER=coder2j
AIRFLOW_CTX_DAG_ID=our_first_dag_v1
AIRFLOW_CTX_TASK_ID=first_task
AIRFLOW_CTX_EXECUTION_DATE=2021-09-08T00:00:00+00:00
AIRFLOW_CTX_DAG_RUN_ID=scheduled__2021-09-08T00:00:00+00:00
[2023-10-01 05:19:22,491] {bash.py:135} INFO - Tmp dir root location: 
 /tmp
[2023-10-01 05:19:22,502] {bash.py:158} INFO - Running command: echo hello world, this is the first task!
[2023-10-01 05:19:22,584] {bash.py:169} INFO - Output:
[2023-10-01 05:19:22,603] {bash.py:173} INFO - hello world, this is the first task!
[2023-10-01 05:19:22,605] {bash.py:177} INFO - Command exited with return code 0
[2023-10-01 05:19:22,741] {taskinstance.py:1166} INFO - Marking task as SUCCESS. dag_id=our_first_dag_v1, task_id=first_task, execution_date=20210908T000000, start_date=20231001T051920, end_date=20231001T051922
[2023-10-01 05:19:22,933] {taskinstance.py:1220} INFO - 0 downstream tasks scheduled from follow-on schedule check
[2023-10-01 05:19:23,001] {local_task_job.py:146} INFO - Task exited with return code 0
