[2023-10-01 07:53:58,520] {taskinstance.py:851} INFO - Dependencies all met for <TaskInstance: our_seventh_dag_v7.greet 2022-11-04T00:00:00+00:00 [queued]>
[2023-10-01 07:53:58,864] {taskinstance.py:851} INFO - Dependencies all met for <TaskInstance: our_seventh_dag_v7.greet 2022-11-04T00:00:00+00:00 [queued]>
[2023-10-01 07:53:58,866] {taskinstance.py:1042} INFO - 
--------------------------------------------------------------------------------
[2023-10-01 07:53:58,872] {taskinstance.py:1043} INFO - Starting attempt 1 of 6
[2023-10-01 07:53:58,875] {taskinstance.py:1044} INFO - 
--------------------------------------------------------------------------------
[2023-10-01 07:53:58,979] {taskinstance.py:1063} INFO - Executing <Task(PythonOperator): greet> on 2022-11-04T00:00:00+00:00
[2023-10-01 07:53:59,068] {standard_task_runner.py:52} INFO - Started process 22886 to run task
[2023-10-01 07:53:59,177] {standard_task_runner.py:76} INFO - Running: ['airflow', 'tasks', 'run', 'our_seventh_dag_v7', 'greet', '2022-11-04T00:00:00+00:00', '--job-id', '2263', '--pool', 'default_pool', '--raw', '--subdir', 'DAGS_FOLDER/our_seventh_dag.py', '--cfg-path', '/tmp/tmp2goid9kv', '--error-file', '/tmp/tmph6bisx00']
[2023-10-01 07:53:59,246] {standard_task_runner.py:77} INFO - Job 2263: Subtask greet
[2023-10-01 07:54:00,007] {logging_mixin.py:104} INFO - Running <TaskInstance: our_seventh_dag_v7.greet 2022-11-04T00:00:00+00:00 [running]> on host d4ed655215d1
[2023-10-01 07:54:00,882] {taskinstance.py:1257} INFO - Exporting the following env vars:
AIRFLOW_CTX_DAG_OWNER=svastikkka
AIRFLOW_CTX_DAG_ID=our_seventh_dag_v7
AIRFLOW_CTX_TASK_ID=greet
AIRFLOW_CTX_EXECUTION_DATE=2022-11-04T00:00:00+00:00
AIRFLOW_CTX_DAG_RUN_ID=scheduled__2022-11-04T00:00:00+00:00
[2023-10-01 07:54:01,152] {logging_mixin.py:104} INFO - Hello My name is Manshu Sharma and I am 26 years old.
[2023-10-01 07:54:01,164] {python.py:118} INFO - Done. Returned value was: None
[2023-10-01 07:54:01,296] {taskinstance.py:1166} INFO - Marking task as SUCCESS. dag_id=our_seventh_dag_v7, task_id=greet, execution_date=20221104T000000, start_date=20231001T075358, end_date=20231001T075401
[2023-10-01 07:54:01,912] {taskinstance.py:1220} INFO - 0 downstream tasks scheduled from follow-on schedule check
[2023-10-01 07:54:02,072] {local_task_job.py:146} INFO - Task exited with return code 0
