[2023-10-01 05:04:42,572] {taskinstance.py:851} INFO - Dependencies all met for <TaskInstance: our_first_dag_v1.first_task 2021-11-18T00:00:00+00:00 [queued]>
[2023-10-01 05:04:42,847] {taskinstance.py:851} INFO - Dependencies all met for <TaskInstance: our_first_dag_v1.first_task 2021-11-18T00:00:00+00:00 [queued]>
[2023-10-01 05:04:42,854] {taskinstance.py:1042} INFO - 
--------------------------------------------------------------------------------
[2023-10-01 05:04:42,857] {taskinstance.py:1043} INFO - Starting attempt 1 of 6
[2023-10-01 05:04:42,865] {taskinstance.py:1044} INFO - 
--------------------------------------------------------------------------------
[2023-10-01 05:04:43,009] {taskinstance.py:1063} INFO - Executing <Task(BashOperator): first_task> on 2021-11-18T00:00:00+00:00
[2023-10-01 05:04:43,092] {standard_task_runner.py:52} INFO - Started process 1383 to run task
[2023-10-01 05:04:43,144] {standard_task_runner.py:76} INFO - Running: ['airflow', 'tasks', 'run', 'our_first_dag_v1', 'first_task', '2021-11-18T00:00:00+00:00', '--job-id', '203', '--pool', 'default_pool', '--raw', '--subdir', 'DAGS_FOLDER/our_first_dag.py', '--cfg-path', '/tmp/tmpfkx2l9lg', '--error-file', '/tmp/tmp3e9n4nx6']
[2023-10-01 05:04:43,185] {standard_task_runner.py:77} INFO - Job 203: Subtask first_task
[2023-10-01 05:04:43,883] {logging_mixin.py:104} INFO - Running <TaskInstance: our_first_dag_v1.first_task 2021-11-18T00:00:00+00:00 [running]> on host c25e1f8124bc
[2023-10-01 05:04:44,282] {taskinstance.py:1257} INFO - Exporting the following env vars:
AIRFLOW_CTX_DAG_OWNER=coder2j
AIRFLOW_CTX_DAG_ID=our_first_dag_v1
AIRFLOW_CTX_TASK_ID=first_task
AIRFLOW_CTX_EXECUTION_DATE=2021-11-18T00:00:00+00:00
AIRFLOW_CTX_DAG_RUN_ID=scheduled__2021-11-18T00:00:00+00:00
[2023-10-01 05:04:44,285] {bash.py:135} INFO - Tmp dir root location: 
 /tmp
[2023-10-01 05:04:44,294] {bash.py:158} INFO - Running command: echo hello world, this is the first task!
[2023-10-01 05:04:44,382] {bash.py:169} INFO - Output:
[2023-10-01 05:04:44,399] {bash.py:173} INFO - hello world, this is the first task!
[2023-10-01 05:04:44,427] {bash.py:177} INFO - Command exited with return code 0
[2023-10-01 05:04:44,601] {taskinstance.py:1166} INFO - Marking task as SUCCESS. dag_id=our_first_dag_v1, task_id=first_task, execution_date=20211118T000000, start_date=20231001T050442, end_date=20231001T050444
[2023-10-01 05:04:45,008] {taskinstance.py:1220} INFO - 0 downstream tasks scheduled from follow-on schedule check
[2023-10-01 05:04:45,243] {local_task_job.py:146} INFO - Task exited with return code 0
[2023-10-01 05:21:11,385] {taskinstance.py:851} INFO - Dependencies all met for <TaskInstance: our_first_dag_v1.first_task 2021-11-18T00:00:00+00:00 [queued]>
[2023-10-01 05:21:12,388] {taskinstance.py:851} INFO - Dependencies all met for <TaskInstance: our_first_dag_v1.first_task 2021-11-18T00:00:00+00:00 [queued]>
[2023-10-01 05:21:12,395] {taskinstance.py:1042} INFO - 
--------------------------------------------------------------------------------
[2023-10-01 05:21:12,397] {taskinstance.py:1043} INFO - Starting attempt 1 of 6
[2023-10-01 05:21:12,400] {taskinstance.py:1044} INFO - 
--------------------------------------------------------------------------------
[2023-10-01 05:21:13,789] {taskinstance.py:1063} INFO - Executing <Task(BashOperator): first_task> on 2021-11-18T00:00:00+00:00
[2023-10-01 05:21:14,015] {standard_task_runner.py:52} INFO - Started process 618 to run task
[2023-10-01 05:21:14,249] {standard_task_runner.py:76} INFO - Running: ['airflow', 'tasks', 'run', 'our_first_dag_v1', 'first_task', '2021-11-18T00:00:00+00:00', '--job-id', '113', '--pool', 'default_pool', '--raw', '--subdir', 'DAGS_FOLDER/our_first_dag.py', '--cfg-path', '/tmp/tmp7k3ypl7f', '--error-file', '/tmp/tmpqiful90s']
[2023-10-01 05:21:14,300] {standard_task_runner.py:77} INFO - Job 113: Subtask first_task
[2023-10-01 05:21:15,267] {logging_mixin.py:104} INFO - Running <TaskInstance: our_first_dag_v1.first_task 2021-11-18T00:00:00+00:00 [running]> on host d4ed655215d1
[2023-10-01 05:21:15,751] {taskinstance.py:1257} INFO - Exporting the following env vars:
AIRFLOW_CTX_DAG_OWNER=coder2j
AIRFLOW_CTX_DAG_ID=our_first_dag_v1
AIRFLOW_CTX_TASK_ID=first_task
AIRFLOW_CTX_EXECUTION_DATE=2021-11-18T00:00:00+00:00
AIRFLOW_CTX_DAG_RUN_ID=scheduled__2021-11-18T00:00:00+00:00
[2023-10-01 05:21:15,772] {bash.py:135} INFO - Tmp dir root location: 
 /tmp
[2023-10-01 05:21:15,780] {bash.py:158} INFO - Running command: echo hello world, this is the first task!
[2023-10-01 05:21:15,985] {bash.py:169} INFO - Output:
[2023-10-01 05:21:15,997] {bash.py:173} INFO - hello world, this is the first task!
[2023-10-01 05:21:16,004] {bash.py:177} INFO - Command exited with return code 0
[2023-10-01 05:21:16,252] {taskinstance.py:1166} INFO - Marking task as SUCCESS. dag_id=our_first_dag_v1, task_id=first_task, execution_date=20211118T000000, start_date=20231001T052111, end_date=20231001T052116
[2023-10-01 05:21:16,415] {taskinstance.py:1220} INFO - 0 downstream tasks scheduled from follow-on schedule check
[2023-10-01 05:21:16,480] {local_task_job.py:146} INFO - Task exited with return code 0
