[2023-10-01 05:33:28,097] {taskinstance.py:851} INFO - Dependencies all met for <TaskInstance: our_second_dag_v2.first_task 2021-08-12T00:00:00+00:00 [queued]>
[2023-10-01 05:33:28,493] {taskinstance.py:851} INFO - Dependencies all met for <TaskInstance: our_second_dag_v2.first_task 2021-08-12T00:00:00+00:00 [queued]>
[2023-10-01 05:33:28,496] {taskinstance.py:1042} INFO - 
--------------------------------------------------------------------------------
[2023-10-01 05:33:28,497] {taskinstance.py:1043} INFO - Starting attempt 1 of 6
[2023-10-01 05:33:28,500] {taskinstance.py:1044} INFO - 
--------------------------------------------------------------------------------
[2023-10-01 05:33:28,723] {taskinstance.py:1063} INFO - Executing <Task(BashOperator): first_task> on 2021-08-12T00:00:00+00:00
[2023-10-01 05:33:28,786] {standard_task_runner.py:52} INFO - Started process 1155 to run task
[2023-10-01 05:33:28,914] {standard_task_runner.py:76} INFO - Running: ['airflow', 'tasks', 'run', 'our_second_dag_v2', 'first_task', '2021-08-12T00:00:00+00:00', '--job-id', '139', '--pool', 'default_pool', '--raw', '--subdir', 'DAGS_FOLDER/our_second_dag.py', '--cfg-path', '/tmp/tmp0jx39w1i', '--error-file', '/tmp/tmpo6826yip']
[2023-10-01 05:33:28,953] {standard_task_runner.py:77} INFO - Job 139: Subtask first_task
[2023-10-01 05:33:29,570] {logging_mixin.py:104} INFO - Running <TaskInstance: our_second_dag_v2.first_task 2021-08-12T00:00:00+00:00 [running]> on host d4ed655215d1
[2023-10-01 05:33:30,397] {taskinstance.py:1257} INFO - Exporting the following env vars:
AIRFLOW_CTX_DAG_OWNER=coder2j
AIRFLOW_CTX_DAG_ID=our_second_dag_v2
AIRFLOW_CTX_TASK_ID=first_task
AIRFLOW_CTX_EXECUTION_DATE=2021-08-12T00:00:00+00:00
AIRFLOW_CTX_DAG_RUN_ID=scheduled__2021-08-12T00:00:00+00:00
[2023-10-01 05:33:30,440] {bash.py:135} INFO - Tmp dir root location: 
 /tmp
[2023-10-01 05:33:30,470] {bash.py:158} INFO - Running command: echo hello world, this is the first task!
[2023-10-01 05:33:30,677] {bash.py:169} INFO - Output:
[2023-10-01 05:33:30,734] {bash.py:173} INFO - hello world, this is the first task!
[2023-10-01 05:33:30,768] {bash.py:177} INFO - Command exited with return code 0
[2023-10-01 05:33:31,114] {taskinstance.py:1166} INFO - Marking task as SUCCESS. dag_id=our_second_dag_v2, task_id=first_task, execution_date=20210812T000000, start_date=20231001T053328, end_date=20231001T053331
[2023-10-01 05:33:32,272] {taskinstance.py:1220} INFO - 0 downstream tasks scheduled from follow-on schedule check
[2023-10-01 05:33:32,738] {local_task_job.py:146} INFO - Task exited with return code 0
