[2023-10-01 07:51:35,308] {taskinstance.py:851} INFO - Dependencies all met for <TaskInstance: our_seventh_dag_v7.greet 2022-08-30T00:00:00+00:00 [queued]>
[2023-10-01 07:51:35,565] {taskinstance.py:851} INFO - Dependencies all met for <TaskInstance: our_seventh_dag_v7.greet 2022-08-30T00:00:00+00:00 [queued]>
[2023-10-01 07:51:35,587] {taskinstance.py:1042} INFO - 
--------------------------------------------------------------------------------
[2023-10-01 07:51:35,589] {taskinstance.py:1043} INFO - Starting attempt 1 of 6
[2023-10-01 07:51:35,591] {taskinstance.py:1044} INFO - 
--------------------------------------------------------------------------------
[2023-10-01 07:51:35,966] {taskinstance.py:1063} INFO - Executing <Task(PythonOperator): greet> on 2022-08-30T00:00:00+00:00
[2023-10-01 07:51:36,135] {standard_task_runner.py:52} INFO - Started process 22211 to run task
[2023-10-01 07:51:36,243] {standard_task_runner.py:76} INFO - Running: ['airflow', 'tasks', 'run', 'our_seventh_dag_v7', 'greet', '2022-08-30T00:00:00+00:00', '--job-id', '2131', '--pool', 'default_pool', '--raw', '--subdir', 'DAGS_FOLDER/our_seventh_dag.py', '--cfg-path', '/tmp/tmprpn8vc5n', '--error-file', '/tmp/tmp9lc1xvva']
[2023-10-01 07:51:36,375] {standard_task_runner.py:77} INFO - Job 2131: Subtask greet
[2023-10-01 07:51:37,164] {logging_mixin.py:104} INFO - Running <TaskInstance: our_seventh_dag_v7.greet 2022-08-30T00:00:00+00:00 [running]> on host d4ed655215d1
[2023-10-01 07:51:37,555] {taskinstance.py:1257} INFO - Exporting the following env vars:
AIRFLOW_CTX_DAG_OWNER=svastikkka
AIRFLOW_CTX_DAG_ID=our_seventh_dag_v7
AIRFLOW_CTX_TASK_ID=greet
AIRFLOW_CTX_EXECUTION_DATE=2022-08-30T00:00:00+00:00
AIRFLOW_CTX_DAG_RUN_ID=scheduled__2022-08-30T00:00:00+00:00
[2023-10-01 07:51:37,632] {logging_mixin.py:104} INFO - Hello My name is Manshu Sharma and I am 26 years old.
[2023-10-01 07:51:37,640] {python.py:118} INFO - Done. Returned value was: None
[2023-10-01 07:51:37,707] {taskinstance.py:1166} INFO - Marking task as SUCCESS. dag_id=our_seventh_dag_v7, task_id=greet, execution_date=20220830T000000, start_date=20231001T075135, end_date=20231001T075137
[2023-10-01 07:51:37,916] {taskinstance.py:1220} INFO - 0 downstream tasks scheduled from follow-on schedule check
[2023-10-01 07:51:38,010] {local_task_job.py:146} INFO - Task exited with return code 0
