[2023-10-01 07:36:00,795] {taskinstance.py:851} INFO - Dependencies all met for <TaskInstance: our_seventh_dag_v7.greet 2021-08-19T00:00:00+00:00 [queued]>
[2023-10-01 07:36:00,857] {taskinstance.py:851} INFO - Dependencies all met for <TaskInstance: our_seventh_dag_v7.greet 2021-08-19T00:00:00+00:00 [queued]>
[2023-10-01 07:36:00,860] {taskinstance.py:1042} INFO - 
--------------------------------------------------------------------------------
[2023-10-01 07:36:00,873] {taskinstance.py:1043} INFO - Starting attempt 1 of 6
[2023-10-01 07:36:00,878] {taskinstance.py:1044} INFO - 
--------------------------------------------------------------------------------
[2023-10-01 07:36:00,928] {taskinstance.py:1063} INFO - Executing <Task(PythonOperator): greet> on 2021-08-19T00:00:00+00:00
[2023-10-01 07:36:00,950] {standard_task_runner.py:52} INFO - Started process 18156 to run task
[2023-10-01 07:36:01,014] {standard_task_runner.py:76} INFO - Running: ['airflow', 'tasks', 'run', 'our_seventh_dag_v7', 'greet', '2021-08-19T00:00:00+00:00', '--job-id', '1365', '--pool', 'default_pool', '--raw', '--subdir', 'DAGS_FOLDER/our_seventh_dag.py', '--cfg-path', '/tmp/tmp0v47_54n', '--error-file', '/tmp/tmpvy8f6vef']
[2023-10-01 07:36:01,052] {standard_task_runner.py:77} INFO - Job 1365: Subtask greet
[2023-10-01 07:36:01,294] {logging_mixin.py:104} INFO - Running <TaskInstance: our_seventh_dag_v7.greet 2021-08-19T00:00:00+00:00 [running]> on host d4ed655215d1
[2023-10-01 07:36:01,409] {taskinstance.py:1257} INFO - Exporting the following env vars:
AIRFLOW_CTX_DAG_OWNER=svastikkka
AIRFLOW_CTX_DAG_ID=our_seventh_dag_v7
AIRFLOW_CTX_TASK_ID=greet
AIRFLOW_CTX_EXECUTION_DATE=2021-08-19T00:00:00+00:00
AIRFLOW_CTX_DAG_RUN_ID=scheduled__2021-08-19T00:00:00+00:00
[2023-10-01 07:36:01,443] {logging_mixin.py:104} INFO - Hello My name is Manshu Sharma and I am 26 years old.
[2023-10-01 07:36:01,444] {python.py:118} INFO - Done. Returned value was: None
[2023-10-01 07:36:01,466] {taskinstance.py:1166} INFO - Marking task as SUCCESS. dag_id=our_seventh_dag_v7, task_id=greet, execution_date=20210819T000000, start_date=20231001T073600, end_date=20231001T073601
[2023-10-01 07:36:01,516] {taskinstance.py:1220} INFO - 0 downstream tasks scheduled from follow-on schedule check
[2023-10-01 07:36:01,546] {local_task_job.py:146} INFO - Task exited with return code 0
