[2023-10-01 06:56:59,616] {taskinstance.py:851} INFO - Dependencies all met for <TaskInstance: our_sixth_dag_v6.greet 2021-12-04T00:00:00+00:00 [queued]>
[2023-10-01 06:56:59,808] {taskinstance.py:851} INFO - Dependencies all met for <TaskInstance: our_sixth_dag_v6.greet 2021-12-04T00:00:00+00:00 [queued]>
[2023-10-01 06:56:59,813] {taskinstance.py:1042} INFO - 
--------------------------------------------------------------------------------
[2023-10-01 06:56:59,819] {taskinstance.py:1043} INFO - Starting attempt 1 of 6
[2023-10-01 06:56:59,821] {taskinstance.py:1044} INFO - 
--------------------------------------------------------------------------------
[2023-10-01 06:56:59,928] {taskinstance.py:1063} INFO - Executing <Task(PythonOperator): greet> on 2021-12-04T00:00:00+00:00
[2023-10-01 06:56:59,983] {standard_task_runner.py:52} INFO - Started process 11548 to run task
[2023-10-01 06:57:00,090] {standard_task_runner.py:76} INFO - Running: ['airflow', 'tasks', 'run', 'our_sixth_dag_v6', 'greet', '2021-12-04T00:00:00+00:00', '--job-id', '1313', '--pool', 'default_pool', '--raw', '--subdir', 'DAGS_FOLDER/our_sixth_dag.py', '--cfg-path', '/tmp/tmp_afogilc', '--error-file', '/tmp/tmpf4a_8zwy']
[2023-10-01 06:57:00,159] {standard_task_runner.py:77} INFO - Job 1313: Subtask greet
[2023-10-01 06:57:00,955] {logging_mixin.py:104} INFO - Running <TaskInstance: our_sixth_dag_v6.greet 2021-12-04T00:00:00+00:00 [running]> on host d4ed655215d1
[2023-10-01 06:57:01,487] {taskinstance.py:1257} INFO - Exporting the following env vars:
AIRFLOW_CTX_DAG_OWNER=svastikkka
AIRFLOW_CTX_DAG_ID=our_sixth_dag_v6
AIRFLOW_CTX_TASK_ID=greet
AIRFLOW_CTX_EXECUTION_DATE=2021-12-04T00:00:00+00:00
AIRFLOW_CTX_DAG_RUN_ID=scheduled__2021-12-04T00:00:00+00:00
[2023-10-01 06:57:01,585] {logging_mixin.py:104} INFO - Hello My name is Manshu and I am 26 years old.
[2023-10-01 06:57:01,595] {python.py:118} INFO - Done. Returned value was: None
[2023-10-01 06:57:01,761] {taskinstance.py:1166} INFO - Marking task as SUCCESS. dag_id=our_sixth_dag_v6, task_id=greet, execution_date=20211204T000000, start_date=20231001T065659, end_date=20231001T065701
[2023-10-01 06:57:02,795] {taskinstance.py:1220} INFO - 0 downstream tasks scheduled from follow-on schedule check
[2023-10-01 06:57:02,925] {local_task_job.py:146} INFO - Task exited with return code 0
