[2023-10-01 07:42:07,915] {taskinstance.py:851} INFO - Dependencies all met for <TaskInstance: our_seventh_dag_v7.get_name 2021-11-29T00:00:00+00:00 [queued]>
[2023-10-01 07:42:08,174] {taskinstance.py:851} INFO - Dependencies all met for <TaskInstance: our_seventh_dag_v7.get_name 2021-11-29T00:00:00+00:00 [queued]>
[2023-10-01 07:42:08,176] {taskinstance.py:1042} INFO - 
--------------------------------------------------------------------------------
[2023-10-01 07:42:08,178] {taskinstance.py:1043} INFO - Starting attempt 1 of 6
[2023-10-01 07:42:08,179] {taskinstance.py:1044} INFO - 
--------------------------------------------------------------------------------
[2023-10-01 07:42:08,336] {taskinstance.py:1063} INFO - Executing <Task(PythonOperator): get_name> on 2021-11-29T00:00:00+00:00
[2023-10-01 07:42:08,396] {standard_task_runner.py:52} INFO - Started process 19465 to run task
[2023-10-01 07:42:08,482] {standard_task_runner.py:76} INFO - Running: ['airflow', 'tasks', 'run', 'our_seventh_dag_v7', 'get_name', '2021-11-29T00:00:00+00:00', '--job-id', '1576', '--pool', 'default_pool', '--raw', '--subdir', 'DAGS_FOLDER/our_seventh_dag.py', '--cfg-path', '/tmp/tmp7mqprfis', '--error-file', '/tmp/tmp5au3ki4c']
[2023-10-01 07:42:08,527] {standard_task_runner.py:77} INFO - Job 1576: Subtask get_name
[2023-10-01 07:42:09,329] {logging_mixin.py:104} INFO - Running <TaskInstance: our_seventh_dag_v7.get_name 2021-11-29T00:00:00+00:00 [running]> on host d4ed655215d1
[2023-10-01 07:42:10,054] {taskinstance.py:1257} INFO - Exporting the following env vars:
AIRFLOW_CTX_DAG_OWNER=svastikkka
AIRFLOW_CTX_DAG_ID=our_seventh_dag_v7
AIRFLOW_CTX_TASK_ID=get_name
AIRFLOW_CTX_EXECUTION_DATE=2021-11-29T00:00:00+00:00
AIRFLOW_CTX_DAG_RUN_ID=scheduled__2021-11-29T00:00:00+00:00
[2023-10-01 07:42:10,376] {python.py:118} INFO - Done. Returned value was: None
[2023-10-01 07:42:10,739] {taskinstance.py:1166} INFO - Marking task as SUCCESS. dag_id=our_seventh_dag_v7, task_id=get_name, execution_date=20211129T000000, start_date=20231001T074207, end_date=20231001T074210
[2023-10-01 07:42:12,993] {taskinstance.py:1220} INFO - 0 downstream tasks scheduled from follow-on schedule check
[2023-10-01 07:42:13,155] {local_task_job.py:146} INFO - Task exited with return code 0
