[2023-10-01 06:14:56,469] {taskinstance.py:851} INFO - Dependencies all met for <TaskInstance: our_fourth_dag_v4.second_task 2021-10-24T00:00:00+00:00 [queued]>
[2023-10-01 06:14:57,105] {taskinstance.py:851} INFO - Dependencies all met for <TaskInstance: our_fourth_dag_v4.second_task 2021-10-24T00:00:00+00:00 [queued]>
[2023-10-01 06:14:57,327] {taskinstance.py:1042} INFO - 
--------------------------------------------------------------------------------
[2023-10-01 06:14:57,330] {taskinstance.py:1043} INFO - Starting attempt 1 of 6
[2023-10-01 06:14:57,726] {taskinstance.py:1044} INFO - 
--------------------------------------------------------------------------------
[2023-10-01 06:14:59,659] {taskinstance.py:1063} INFO - Executing <Task(BashOperator): second_task> on 2021-10-24T00:00:00+00:00
[2023-10-01 06:14:59,846] {standard_task_runner.py:52} INFO - Started process 5263 to run task
[2023-10-01 06:14:59,917] {standard_task_runner.py:76} INFO - Running: ['airflow', 'tasks', 'run', 'our_fourth_dag_v4', 'second_task', '2021-10-24T00:00:00+00:00', '--job-id', '699', '--pool', 'default_pool', '--raw', '--subdir', 'DAGS_FOLDER/our_fourth_dag.py', '--cfg-path', '/tmp/tmpqn2ns573', '--error-file', '/tmp/tmp8jgc07ri']
[2023-10-01 06:15:00,034] {standard_task_runner.py:77} INFO - Job 699: Subtask second_task
[2023-10-01 06:15:03,114] {logging_mixin.py:104} INFO - Running <TaskInstance: our_fourth_dag_v4.second_task 2021-10-24T00:00:00+00:00 [running]> on host d4ed655215d1
[2023-10-01 06:15:04,936] {taskinstance.py:1257} INFO - Exporting the following env vars:
AIRFLOW_CTX_DAG_OWNER=svastikkka
AIRFLOW_CTX_DAG_ID=our_fourth_dag_v4
AIRFLOW_CTX_TASK_ID=second_task
AIRFLOW_CTX_EXECUTION_DATE=2021-10-24T00:00:00+00:00
AIRFLOW_CTX_DAG_RUN_ID=scheduled__2021-10-24T00:00:00+00:00
[2023-10-01 06:15:05,032] {bash.py:135} INFO - Tmp dir root location: 
 /tmp
[2023-10-01 06:15:05,322] {bash.py:158} INFO - Running command: echo hey, I am task2 and will be running after task1!
[2023-10-01 06:15:05,859] {bash.py:169} INFO - Output:
[2023-10-01 06:15:05,911] {bash.py:173} INFO - hey, I am task2 and will be running after task1!
[2023-10-01 06:15:05,925] {bash.py:177} INFO - Command exited with return code 0
[2023-10-01 06:15:06,382] {taskinstance.py:1166} INFO - Marking task as SUCCESS. dag_id=our_fourth_dag_v4, task_id=second_task, execution_date=20211024T000000, start_date=20231001T061456, end_date=20231001T061506
[2023-10-01 06:15:07,909] {taskinstance.py:1220} INFO - 0 downstream tasks scheduled from follow-on schedule check
[2023-10-01 06:15:08,149] {local_task_job.py:146} INFO - Task exited with return code 0
