[2023-10-01 07:54:04,001] {taskinstance.py:851} INFO - Dependencies all met for <TaskInstance: our_seventh_dag_v7.get_name 2022-11-10T00:00:00+00:00 [queued]>
[2023-10-01 07:54:04,311] {taskinstance.py:851} INFO - Dependencies all met for <TaskInstance: our_seventh_dag_v7.get_name 2022-11-10T00:00:00+00:00 [queued]>
[2023-10-01 07:54:04,316] {taskinstance.py:1042} INFO - 
--------------------------------------------------------------------------------
[2023-10-01 07:54:04,319] {taskinstance.py:1043} INFO - Starting attempt 1 of 6
[2023-10-01 07:54:04,322] {taskinstance.py:1044} INFO - 
--------------------------------------------------------------------------------
[2023-10-01 07:54:04,468] {taskinstance.py:1063} INFO - Executing <Task(PythonOperator): get_name> on 2022-11-10T00:00:00+00:00
[2023-10-01 07:54:04,519] {standard_task_runner.py:52} INFO - Started process 22904 to run task
[2023-10-01 07:54:04,684] {standard_task_runner.py:76} INFO - Running: ['airflow', 'tasks', 'run', 'our_seventh_dag_v7', 'get_name', '2022-11-10T00:00:00+00:00', '--job-id', '2268', '--pool', 'default_pool', '--raw', '--subdir', 'DAGS_FOLDER/our_seventh_dag.py', '--cfg-path', '/tmp/tmprew4mu_f', '--error-file', '/tmp/tmphadq8j03']
[2023-10-01 07:54:04,782] {standard_task_runner.py:77} INFO - Job 2268: Subtask get_name
[2023-10-01 07:54:05,477] {logging_mixin.py:104} INFO - Running <TaskInstance: our_seventh_dag_v7.get_name 2022-11-10T00:00:00+00:00 [running]> on host d4ed655215d1
[2023-10-01 07:54:06,023] {taskinstance.py:1257} INFO - Exporting the following env vars:
AIRFLOW_CTX_DAG_OWNER=svastikkka
AIRFLOW_CTX_DAG_ID=our_seventh_dag_v7
AIRFLOW_CTX_TASK_ID=get_name
AIRFLOW_CTX_EXECUTION_DATE=2022-11-10T00:00:00+00:00
AIRFLOW_CTX_DAG_RUN_ID=scheduled__2022-11-10T00:00:00+00:00
[2023-10-01 07:54:06,283] {python.py:118} INFO - Done. Returned value was: None
[2023-10-01 07:54:06,390] {taskinstance.py:1166} INFO - Marking task as SUCCESS. dag_id=our_seventh_dag_v7, task_id=get_name, execution_date=20221110T000000, start_date=20231001T075404, end_date=20231001T075406
[2023-10-01 07:54:06,867] {taskinstance.py:1220} INFO - 1 downstream tasks scheduled from follow-on schedule check
[2023-10-01 07:54:06,989] {local_task_job.py:146} INFO - Task exited with return code 0
