[2023-10-01 07:45:50,957] {taskinstance.py:851} INFO - Dependencies all met for <TaskInstance: our_seventh_dag_v7.get_name 2022-03-10T00:00:00+00:00 [queued]>
[2023-10-01 07:45:51,242] {taskinstance.py:851} INFO - Dependencies all met for <TaskInstance: our_seventh_dag_v7.get_name 2022-03-10T00:00:00+00:00 [queued]>
[2023-10-01 07:45:51,244] {taskinstance.py:1042} INFO - 
--------------------------------------------------------------------------------
[2023-10-01 07:45:51,245] {taskinstance.py:1043} INFO - Starting attempt 1 of 6
[2023-10-01 07:45:51,246] {taskinstance.py:1044} INFO - 
--------------------------------------------------------------------------------
[2023-10-01 07:45:51,375] {taskinstance.py:1063} INFO - Executing <Task(PythonOperator): get_name> on 2022-03-10T00:00:00+00:00
[2023-10-01 07:45:51,386] {standard_task_runner.py:52} INFO - Started process 20493 to run task
[2023-10-01 07:45:51,427] {standard_task_runner.py:76} INFO - Running: ['airflow', 'tasks', 'run', 'our_seventh_dag_v7', 'get_name', '2022-03-10T00:00:00+00:00', '--job-id', '1778', '--pool', 'default_pool', '--raw', '--subdir', 'DAGS_FOLDER/our_seventh_dag.py', '--cfg-path', '/tmp/tmpg003gr8x', '--error-file', '/tmp/tmp2kuiz4cz']
[2023-10-01 07:45:51,450] {standard_task_runner.py:77} INFO - Job 1778: Subtask get_name
[2023-10-01 07:45:52,157] {logging_mixin.py:104} INFO - Running <TaskInstance: our_seventh_dag_v7.get_name 2022-03-10T00:00:00+00:00 [running]> on host d4ed655215d1
[2023-10-01 07:45:52,799] {taskinstance.py:1257} INFO - Exporting the following env vars:
AIRFLOW_CTX_DAG_OWNER=svastikkka
AIRFLOW_CTX_DAG_ID=our_seventh_dag_v7
AIRFLOW_CTX_TASK_ID=get_name
AIRFLOW_CTX_EXECUTION_DATE=2022-03-10T00:00:00+00:00
AIRFLOW_CTX_DAG_RUN_ID=scheduled__2022-03-10T00:00:00+00:00
[2023-10-01 07:45:52,980] {python.py:118} INFO - Done. Returned value was: None
[2023-10-01 07:45:53,008] {taskinstance.py:1166} INFO - Marking task as SUCCESS. dag_id=our_seventh_dag_v7, task_id=get_name, execution_date=20220310T000000, start_date=20231001T074550, end_date=20231001T074553
[2023-10-01 07:45:54,082] {taskinstance.py:1220} INFO - 0 downstream tasks scheduled from follow-on schedule check
[2023-10-01 07:45:54,252] {local_task_job.py:146} INFO - Task exited with return code 0
