[2023-10-01 06:42:32,255] {taskinstance.py:851} INFO - Dependencies all met for <TaskInstance: our_sixth_dag_v6.get_name 2021-08-17T00:00:00+00:00 [queued]>
[2023-10-01 06:42:32,458] {taskinstance.py:851} INFO - Dependencies all met for <TaskInstance: our_sixth_dag_v6.get_name 2021-08-17T00:00:00+00:00 [queued]>
[2023-10-01 06:42:32,460] {taskinstance.py:1042} INFO - 
--------------------------------------------------------------------------------
[2023-10-01 06:42:32,462] {taskinstance.py:1043} INFO - Starting attempt 1 of 6
[2023-10-01 06:42:32,463] {taskinstance.py:1044} INFO - 
--------------------------------------------------------------------------------
[2023-10-01 06:42:32,658] {taskinstance.py:1063} INFO - Executing <Task(PythonOperator): get_name> on 2021-08-17T00:00:00+00:00
[2023-10-01 06:42:32,722] {standard_task_runner.py:52} INFO - Started process 9322 to run task
[2023-10-01 06:42:32,810] {standard_task_runner.py:76} INFO - Running: ['airflow', 'tasks', 'run', 'our_sixth_dag_v6', 'get_name', '2021-08-17T00:00:00+00:00', '--job-id', '1106', '--pool', 'default_pool', '--raw', '--subdir', 'DAGS_FOLDER/our_sixth_dag.py', '--cfg-path', '/tmp/tmp111fd9qt', '--error-file', '/tmp/tmplqd5cbbq']
[2023-10-01 06:42:32,855] {standard_task_runner.py:77} INFO - Job 1106: Subtask get_name
[2023-10-01 06:42:33,516] {logging_mixin.py:104} INFO - Running <TaskInstance: our_sixth_dag_v6.get_name 2021-08-17T00:00:00+00:00 [running]> on host d4ed655215d1
[2023-10-01 06:42:34,123] {taskinstance.py:1257} INFO - Exporting the following env vars:
AIRFLOW_CTX_DAG_OWNER=svastikkka
AIRFLOW_CTX_DAG_ID=our_sixth_dag_v6
AIRFLOW_CTX_TASK_ID=get_name
AIRFLOW_CTX_EXECUTION_DATE=2021-08-17T00:00:00+00:00
AIRFLOW_CTX_DAG_RUN_ID=scheduled__2021-08-17T00:00:00+00:00
[2023-10-01 06:42:34,141] {python.py:118} INFO - Done. Returned value was: Manshu
[2023-10-01 06:42:34,339] {taskinstance.py:1166} INFO - Marking task as SUCCESS. dag_id=our_sixth_dag_v6, task_id=get_name, execution_date=20210817T000000, start_date=20231001T064232, end_date=20231001T064234
[2023-10-01 06:42:35,231] {taskinstance.py:1220} INFO - 0 downstream tasks scheduled from follow-on schedule check
[2023-10-01 06:42:35,447] {local_task_job.py:146} INFO - Task exited with return code 0
