[2023-10-01 07:59:35,210] {taskinstance.py:851} INFO - Dependencies all met for <TaskInstance: our_seventh_dag_v7.greet 2023-01-18T00:00:00+00:00 [queued]>
[2023-10-01 07:59:35,924] {taskinstance.py:851} INFO - Dependencies all met for <TaskInstance: our_seventh_dag_v7.greet 2023-01-18T00:00:00+00:00 [queued]>
[2023-10-01 07:59:35,926] {taskinstance.py:1042} INFO - 
--------------------------------------------------------------------------------
[2023-10-01 07:59:35,929] {taskinstance.py:1043} INFO - Starting attempt 1 of 6
[2023-10-01 07:59:35,933] {taskinstance.py:1044} INFO - 
--------------------------------------------------------------------------------
[2023-10-01 07:59:36,120] {taskinstance.py:1063} INFO - Executing <Task(PythonOperator): greet> on 2023-01-18T00:00:00+00:00
[2023-10-01 07:59:36,162] {standard_task_runner.py:52} INFO - Started process 23969 to run task
[2023-10-01 07:59:36,277] {standard_task_runner.py:76} INFO - Running: ['airflow', 'tasks', 'run', 'our_seventh_dag_v7', 'greet', '2023-01-18T00:00:00+00:00', '--job-id', '2415', '--pool', 'default_pool', '--raw', '--subdir', 'DAGS_FOLDER/our_seventh_dag.py', '--cfg-path', '/tmp/tmpzl91b5wt', '--error-file', '/tmp/tmpef1bd_l6']
[2023-10-01 07:59:36,365] {standard_task_runner.py:77} INFO - Job 2415: Subtask greet
[2023-10-01 07:59:37,690] {logging_mixin.py:104} INFO - Running <TaskInstance: our_seventh_dag_v7.greet 2023-01-18T00:00:00+00:00 [running]> on host d4ed655215d1
[2023-10-01 07:59:39,471] {taskinstance.py:1257} INFO - Exporting the following env vars:
AIRFLOW_CTX_DAG_OWNER=svastikkka
AIRFLOW_CTX_DAG_ID=our_seventh_dag_v7
AIRFLOW_CTX_TASK_ID=greet
AIRFLOW_CTX_EXECUTION_DATE=2023-01-18T00:00:00+00:00
AIRFLOW_CTX_DAG_RUN_ID=scheduled__2023-01-18T00:00:00+00:00
[2023-10-01 07:59:39,800] {logging_mixin.py:104} INFO - Hello My name is Manshu Sharma and I am 26 years old.
[2023-10-01 07:59:39,832] {python.py:118} INFO - Done. Returned value was: None
[2023-10-01 07:59:39,971] {taskinstance.py:1166} INFO - Marking task as SUCCESS. dag_id=our_seventh_dag_v7, task_id=greet, execution_date=20230118T000000, start_date=20231001T075935, end_date=20231001T075939
[2023-10-01 07:59:40,771] {taskinstance.py:1220} INFO - 0 downstream tasks scheduled from follow-on schedule check
[2023-10-01 07:59:41,138] {local_task_job.py:146} INFO - Task exited with return code 0
