[2023-10-01 07:58:44,966] {taskinstance.py:851} INFO - Dependencies all met for <TaskInstance: our_seventh_dag_v7.greet 2023-01-12T00:00:00+00:00 [queued]>
[2023-10-01 07:58:45,913] {taskinstance.py:851} INFO - Dependencies all met for <TaskInstance: our_seventh_dag_v7.greet 2023-01-12T00:00:00+00:00 [queued]>
[2023-10-01 07:58:45,916] {taskinstance.py:1042} INFO - 
--------------------------------------------------------------------------------
[2023-10-01 07:58:45,918] {taskinstance.py:1043} INFO - Starting attempt 1 of 6
[2023-10-01 07:58:45,922] {taskinstance.py:1044} INFO - 
--------------------------------------------------------------------------------
[2023-10-01 07:58:46,192] {taskinstance.py:1063} INFO - Executing <Task(PythonOperator): greet> on 2023-01-12T00:00:00+00:00
[2023-10-01 07:58:46,611] {standard_task_runner.py:52} INFO - Started process 23843 to run task
[2023-10-01 07:58:46,895] {standard_task_runner.py:76} INFO - Running: ['airflow', 'tasks', 'run', 'our_seventh_dag_v7', 'greet', '2023-01-12T00:00:00+00:00', '--job-id', '2403', '--pool', 'default_pool', '--raw', '--subdir', 'DAGS_FOLDER/our_seventh_dag.py', '--cfg-path', '/tmp/tmp4poyv5i5', '--error-file', '/tmp/tmpipvbybr6']
[2023-10-01 07:58:46,986] {standard_task_runner.py:77} INFO - Job 2403: Subtask greet
[2023-10-01 07:58:47,750] {logging_mixin.py:104} INFO - Running <TaskInstance: our_seventh_dag_v7.greet 2023-01-12T00:00:00+00:00 [running]> on host d4ed655215d1
[2023-10-01 07:58:48,483] {taskinstance.py:1257} INFO - Exporting the following env vars:
AIRFLOW_CTX_DAG_OWNER=svastikkka
AIRFLOW_CTX_DAG_ID=our_seventh_dag_v7
AIRFLOW_CTX_TASK_ID=greet
AIRFLOW_CTX_EXECUTION_DATE=2023-01-12T00:00:00+00:00
AIRFLOW_CTX_DAG_RUN_ID=scheduled__2023-01-12T00:00:00+00:00
[2023-10-01 07:58:48,682] {logging_mixin.py:104} INFO - Hello My name is Manshu Sharma and I am 26 years old.
[2023-10-01 07:58:48,707] {python.py:118} INFO - Done. Returned value was: None
[2023-10-01 07:58:49,114] {taskinstance.py:1166} INFO - Marking task as SUCCESS. dag_id=our_seventh_dag_v7, task_id=greet, execution_date=20230112T000000, start_date=20231001T075845, end_date=20231001T075849
[2023-10-01 07:58:51,725] {taskinstance.py:1220} INFO - 0 downstream tasks scheduled from follow-on schedule check
[2023-10-01 07:58:52,390] {local_task_job.py:146} INFO - Task exited with return code 0
