[2023-10-01 07:48:40,020] {taskinstance.py:851} INFO - Dependencies all met for <TaskInstance: our_seventh_dag_v7.get_name 2022-06-04T00:00:00+00:00 [queued]>
[2023-10-01 07:48:40,211] {taskinstance.py:851} INFO - Dependencies all met for <TaskInstance: our_seventh_dag_v7.get_name 2022-06-04T00:00:00+00:00 [queued]>
[2023-10-01 07:48:40,213] {taskinstance.py:1042} INFO - 
--------------------------------------------------------------------------------
[2023-10-01 07:48:40,214] {taskinstance.py:1043} INFO - Starting attempt 1 of 6
[2023-10-01 07:48:40,217] {taskinstance.py:1044} INFO - 
--------------------------------------------------------------------------------
[2023-10-01 07:48:40,409] {taskinstance.py:1063} INFO - Executing <Task(PythonOperator): get_name> on 2022-06-04T00:00:00+00:00
[2023-10-01 07:48:40,435] {standard_task_runner.py:52} INFO - Started process 21326 to run task
[2023-10-01 07:48:40,500] {standard_task_runner.py:76} INFO - Running: ['airflow', 'tasks', 'run', 'our_seventh_dag_v7', 'get_name', '2022-06-04T00:00:00+00:00', '--job-id', '1949', '--pool', 'default_pool', '--raw', '--subdir', 'DAGS_FOLDER/our_seventh_dag.py', '--cfg-path', '/tmp/tmp_j2otan5', '--error-file', '/tmp/tmptachk4yt']
[2023-10-01 07:48:40,579] {standard_task_runner.py:77} INFO - Job 1949: Subtask get_name
[2023-10-01 07:48:40,820] {logging_mixin.py:104} INFO - Running <TaskInstance: our_seventh_dag_v7.get_name 2022-06-04T00:00:00+00:00 [running]> on host d4ed655215d1
[2023-10-01 07:48:41,103] {taskinstance.py:1257} INFO - Exporting the following env vars:
AIRFLOW_CTX_DAG_OWNER=svastikkka
AIRFLOW_CTX_DAG_ID=our_seventh_dag_v7
AIRFLOW_CTX_TASK_ID=get_name
AIRFLOW_CTX_EXECUTION_DATE=2022-06-04T00:00:00+00:00
AIRFLOW_CTX_DAG_RUN_ID=scheduled__2022-06-04T00:00:00+00:00
[2023-10-01 07:48:41,357] {python.py:118} INFO - Done. Returned value was: None
[2023-10-01 07:48:41,535] {taskinstance.py:1166} INFO - Marking task as SUCCESS. dag_id=our_seventh_dag_v7, task_id=get_name, execution_date=20220604T000000, start_date=20231001T074840, end_date=20231001T074841
[2023-10-01 07:48:42,708] {taskinstance.py:1220} INFO - 0 downstream tasks scheduled from follow-on schedule check
[2023-10-01 07:48:42,817] {local_task_job.py:146} INFO - Task exited with return code 0
