[2023-10-01 05:58:50,004] {taskinstance.py:851} INFO - Dependencies all met for <TaskInstance: our_third_dag_v3.first_task 2021-09-12T00:00:00+00:00 [queued]>
[2023-10-01 05:58:50,384] {taskinstance.py:851} INFO - Dependencies all met for <TaskInstance: our_third_dag_v3.first_task 2021-09-12T00:00:00+00:00 [queued]>
[2023-10-01 05:58:50,403] {taskinstance.py:1042} INFO - 
--------------------------------------------------------------------------------
[2023-10-01 05:58:50,408] {taskinstance.py:1043} INFO - Starting attempt 1 of 6
[2023-10-01 05:58:50,417] {taskinstance.py:1044} INFO - 
--------------------------------------------------------------------------------
[2023-10-01 05:58:50,651] {taskinstance.py:1063} INFO - Executing <Task(BashOperator): first_task> on 2021-09-12T00:00:00+00:00
[2023-10-01 05:58:51,203] {standard_task_runner.py:52} INFO - Started process 2889 to run task
[2023-10-01 05:58:51,431] {standard_task_runner.py:76} INFO - Running: ['airflow', 'tasks', 'run', 'our_third_dag_v3', 'first_task', '2021-09-12T00:00:00+00:00', '--job-id', '276', '--pool', 'default_pool', '--raw', '--subdir', 'DAGS_FOLDER/our_third_dag.py', '--cfg-path', '/tmp/tmpymv8jpt6', '--error-file', '/tmp/tmpjwfr2g9z']
[2023-10-01 05:58:51,599] {standard_task_runner.py:77} INFO - Job 276: Subtask first_task
[2023-10-01 05:58:52,769] {logging_mixin.py:104} INFO - Running <TaskInstance: our_third_dag_v3.first_task 2021-09-12T00:00:00+00:00 [running]> on host d4ed655215d1
[2023-10-01 05:58:53,606] {taskinstance.py:1257} INFO - Exporting the following env vars:
AIRFLOW_CTX_DAG_OWNER=coder2j
AIRFLOW_CTX_DAG_ID=our_third_dag_v3
AIRFLOW_CTX_TASK_ID=first_task
AIRFLOW_CTX_EXECUTION_DATE=2021-09-12T00:00:00+00:00
AIRFLOW_CTX_DAG_RUN_ID=scheduled__2021-09-12T00:00:00+00:00
[2023-10-01 05:58:53,617] {bash.py:135} INFO - Tmp dir root location: 
 /tmp
[2023-10-01 05:58:53,657] {bash.py:158} INFO - Running command: echo hello world, this is the first task!
[2023-10-01 05:58:54,073] {bash.py:169} INFO - Output:
[2023-10-01 05:58:54,108] {bash.py:173} INFO - hello world, this is the first task!
[2023-10-01 05:58:54,117] {bash.py:177} INFO - Command exited with return code 0
[2023-10-01 05:58:54,505] {taskinstance.py:1166} INFO - Marking task as SUCCESS. dag_id=our_third_dag_v3, task_id=first_task, execution_date=20210912T000000, start_date=20231001T055850, end_date=20231001T055854
[2023-10-01 05:58:55,082] {taskinstance.py:1220} INFO - 2 downstream tasks scheduled from follow-on schedule check
[2023-10-01 05:58:55,346] {local_task_job.py:146} INFO - Task exited with return code 0
