[2023-10-01 05:52:37,049] {taskinstance.py:851} INFO - Dependencies all met for <TaskInstance: our_third_dag_v3.thrid_task 2021-07-30T00:00:00+00:00 [queued]>
[2023-10-01 05:52:38,383] {taskinstance.py:851} INFO - Dependencies all met for <TaskInstance: our_third_dag_v3.thrid_task 2021-07-30T00:00:00+00:00 [queued]>
[2023-10-01 05:52:38,394] {taskinstance.py:1042} INFO - 
--------------------------------------------------------------------------------
[2023-10-01 05:52:38,411] {taskinstance.py:1043} INFO - Starting attempt 1 of 6
[2023-10-01 05:52:38,422] {taskinstance.py:1044} INFO - 
--------------------------------------------------------------------------------
[2023-10-01 05:52:41,277] {taskinstance.py:1063} INFO - Executing <Task(BashOperator): thrid_task> on 2021-07-30T00:00:00+00:00
[2023-10-01 05:52:42,450] {standard_task_runner.py:52} INFO - Started process 2297 to run task
[2023-10-01 05:52:43,205] {standard_task_runner.py:76} INFO - Running: ['airflow', 'tasks', 'run', 'our_third_dag_v3', 'thrid_task', '2021-07-30T00:00:00+00:00', '--job-id', '165', '--pool', 'default_pool', '--raw', '--subdir', 'DAGS_FOLDER/our_third_dag.py', '--cfg-path', '/tmp/tmpimqslrhu', '--error-file', '/tmp/tmpbeqmdcnd']
[2023-10-01 05:52:45,395] {standard_task_runner.py:77} INFO - Job 165: Subtask thrid_task
[2023-10-01 05:52:59,927] {logging_mixin.py:104} INFO - Running <TaskInstance: our_third_dag_v3.thrid_task 2021-07-30T00:00:00+00:00 [running]> on host d4ed655215d1
[2023-10-01 05:53:10,837] {taskinstance.py:1257} INFO - Exporting the following env vars:
AIRFLOW_CTX_DAG_OWNER=coder2j
AIRFLOW_CTX_DAG_ID=our_third_dag_v3
AIRFLOW_CTX_TASK_ID=thrid_task
AIRFLOW_CTX_EXECUTION_DATE=2021-07-30T00:00:00+00:00
AIRFLOW_CTX_DAG_RUN_ID=scheduled__2021-07-30T00:00:00+00:00
[2023-10-01 05:53:11,161] {bash.py:135} INFO - Tmp dir root location: 
 /tmp
[2023-10-01 05:53:11,402] {bash.py:158} INFO - Running command: echo hey, I am task3 and will be running after task1 at the same time as task2!
[2023-10-01 05:53:13,124] {bash.py:169} INFO - Output:
[2023-10-01 05:53:13,176] {bash.py:173} INFO - hey, I am task3 and will be running after task1 at the same time as task2!
[2023-10-01 05:53:13,226] {bash.py:177} INFO - Command exited with return code 0
[2023-10-01 05:53:14,429] {taskinstance.py:1166} INFO - Marking task as SUCCESS. dag_id=our_third_dag_v3, task_id=thrid_task, execution_date=20210730T000000, start_date=20231001T055237, end_date=20231001T055314
[2023-10-01 05:53:18,333] {taskinstance.py:1220} INFO - 0 downstream tasks scheduled from follow-on schedule check
[2023-10-01 05:53:18,898] {local_task_job.py:188} WARNING - State of this instance has been externally set to success. Terminating instance.
[2023-10-01 05:53:21,348] {process_utils.py:100} INFO - Sending Signals.SIGTERM to GPID 2297
[2023-10-01 05:53:21,688] {process_utils.py:66} INFO - Process psutil.Process(pid=2297, status='terminated', exitcode=0, started='05:52:41') (2297) terminated with exit code 0
