[2023-10-01 10:17:12,728] {taskinstance.py:851} INFO - Dependencies all met for <TaskInstance: postgres_v2.create_postgres_connection 2021-08-11T00:00:00+00:00 [queued]>
[2023-10-01 10:17:16,974] {taskinstance.py:851} INFO - Dependencies all met for <TaskInstance: postgres_v2.create_postgres_connection 2021-08-11T00:00:00+00:00 [queued]>
[2023-10-01 10:17:17,014] {taskinstance.py:1042} INFO - 
--------------------------------------------------------------------------------
[2023-10-01 10:17:17,026] {taskinstance.py:1043} INFO - Starting attempt 1 of 6
[2023-10-01 10:17:17,030] {taskinstance.py:1044} INFO - 
--------------------------------------------------------------------------------
[2023-10-01 10:17:18,577] {taskinstance.py:1063} INFO - Executing <Task(PostgresOperator): create_postgres_connection> on 2021-08-11T00:00:00+00:00
[2023-10-01 10:17:23,598] {standard_task_runner.py:52} INFO - Started process 47840 to run task
[2023-10-01 10:17:24,235] {standard_task_runner.py:76} INFO - Running: ['airflow', 'tasks', 'run', 'postgres_v2', 'create_postgres_connection', '2021-08-11T00:00:00+00:00', '--job-id', '2721', '--pool', 'default_pool', '--raw', '--subdir', 'DAGS_FOLDER/postgresql_example_2.py', '--cfg-path', '/tmp/tmpo133y0k_', '--error-file', '/tmp/tmpnnpi5dc0']
[2023-10-01 10:17:24,500] {standard_task_runner.py:77} INFO - Job 2721: Subtask create_postgres_connection
[2023-10-01 10:17:28,728] {logging_mixin.py:104} INFO - Running <TaskInstance: postgres_v2.create_postgres_connection 2021-08-11T00:00:00+00:00 [running]> on host d4ed655215d1
[2023-10-01 10:17:29,937] {taskinstance.py:1257} INFO - Exporting the following env vars:
AIRFLOW_CTX_DAG_OWNER=svastikkka
AIRFLOW_CTX_DAG_ID=postgres_v2
AIRFLOW_CTX_TASK_ID=create_postgres_connection
AIRFLOW_CTX_EXECUTION_DATE=2021-08-11T00:00:00+00:00
AIRFLOW_CTX_DAG_RUN_ID=scheduled__2021-08-11T00:00:00+00:00
[2023-10-01 10:17:29,943] {postgres.py:69} INFO - Executing: create table if not exists dags_run(
        dt  date,
        dag_id character varying,
        primary key (dt,dag_id)
        )
[2023-10-01 10:17:30,300] {base.py:74} INFO - Using connection to: id: posgres_testing. Host: host.docker.internal, Port: 5432, Schema: testing, Login: airflow, Password: XXXXXXXX, extra: None
[2023-10-01 10:17:30,364] {dbapi.py:180} INFO - Running statement: create table if not exists dags_run(
        dt  date,
        dag_id character varying,
        primary key (dt,dag_id)
        ), parameters: None
[2023-10-01 10:17:30,393] {dbapi.py:186} INFO - Rows affected: -1
[2023-10-01 10:17:30,400] {postgres.py:73} INFO - NOTICE:  relation "dags_run" already exists, skipping

[2023-10-01 10:17:30,615] {taskinstance.py:1166} INFO - Marking task as SUCCESS. dag_id=postgres_v2, task_id=create_postgres_connection, execution_date=20210811T000000, start_date=20231001T101712, end_date=20231001T101730
[2023-10-01 10:17:40,332] {local_task_job.py:188} WARNING - State of this instance has been externally set to success. Terminating instance.
[2023-10-01 10:17:41,843] {process_utils.py:100} INFO - Sending Signals.SIGTERM to GPID 47840
[2023-10-01 10:17:49,412] {taskinstance.py:1239} ERROR - Received SIGTERM. Terminating subprocesses.
[2023-10-01 10:17:54,063] {process_utils.py:66} INFO - Process psutil.Process(pid=47840, status='terminated', exitcode=1, started='10:17:23') (47840) terminated with exit code 1
