[2023-10-01 05:03:22,988] {taskinstance.py:851} INFO - Dependencies all met for <TaskInstance: our_first_dag_v1.first_task 2021-09-20T00:00:00+00:00 [queued]>
[2023-10-01 05:03:23,223] {taskinstance.py:851} INFO - Dependencies all met for <TaskInstance: our_first_dag_v1.first_task 2021-09-20T00:00:00+00:00 [queued]>
[2023-10-01 05:03:23,228] {taskinstance.py:1042} INFO - 
--------------------------------------------------------------------------------
[2023-10-01 05:03:23,236] {taskinstance.py:1043} INFO - Starting attempt 1 of 6
[2023-10-01 05:03:23,239] {taskinstance.py:1044} INFO - 
--------------------------------------------------------------------------------
[2023-10-01 05:03:23,353] {taskinstance.py:1063} INFO - Executing <Task(BashOperator): first_task> on 2021-09-20T00:00:00+00:00
[2023-10-01 05:03:23,371] {standard_task_runner.py:52} INFO - Started process 1172 to run task
[2023-10-01 05:03:23,393] {standard_task_runner.py:76} INFO - Running: ['airflow', 'tasks', 'run', 'our_first_dag_v1', 'first_task', '2021-09-20T00:00:00+00:00', '--job-id', '144', '--pool', 'default_pool', '--raw', '--subdir', 'DAGS_FOLDER/our_first_dag.py', '--cfg-path', '/tmp/tmpcrrjzj14', '--error-file', '/tmp/tmpdxtu8f7k']
[2023-10-01 05:03:23,414] {standard_task_runner.py:77} INFO - Job 144: Subtask first_task
[2023-10-01 05:03:23,812] {logging_mixin.py:104} INFO - Running <TaskInstance: our_first_dag_v1.first_task 2021-09-20T00:00:00+00:00 [running]> on host c25e1f8124bc
[2023-10-01 05:03:24,142] {taskinstance.py:1257} INFO - Exporting the following env vars:
AIRFLOW_CTX_DAG_OWNER=coder2j
AIRFLOW_CTX_DAG_ID=our_first_dag_v1
AIRFLOW_CTX_TASK_ID=first_task
AIRFLOW_CTX_EXECUTION_DATE=2021-09-20T00:00:00+00:00
AIRFLOW_CTX_DAG_RUN_ID=scheduled__2021-09-20T00:00:00+00:00
[2023-10-01 05:03:24,148] {bash.py:135} INFO - Tmp dir root location: 
 /tmp
[2023-10-01 05:03:24,208] {bash.py:158} INFO - Running command: echo hello world, this is the first task!
[2023-10-01 05:03:24,396] {bash.py:169} INFO - Output:
[2023-10-01 05:03:24,449] {bash.py:173} INFO - hello world, this is the first task!
[2023-10-01 05:03:24,457] {bash.py:177} INFO - Command exited with return code 0
[2023-10-01 05:03:24,657] {taskinstance.py:1166} INFO - Marking task as SUCCESS. dag_id=our_first_dag_v1, task_id=first_task, execution_date=20210920T000000, start_date=20231001T050323, end_date=20231001T050324
[2023-10-01 05:03:24,940] {taskinstance.py:1220} INFO - 0 downstream tasks scheduled from follow-on schedule check
[2023-10-01 05:03:25,163] {local_task_job.py:146} INFO - Task exited with return code 0
[2023-10-01 05:19:35,794] {taskinstance.py:851} INFO - Dependencies all met for <TaskInstance: our_first_dag_v1.first_task 2021-09-20T00:00:00+00:00 [queued]>
[2023-10-01 05:19:35,953] {taskinstance.py:851} INFO - Dependencies all met for <TaskInstance: our_first_dag_v1.first_task 2021-09-20T00:00:00+00:00 [queued]>
[2023-10-01 05:19:35,955] {taskinstance.py:1042} INFO - 
--------------------------------------------------------------------------------
[2023-10-01 05:19:35,958] {taskinstance.py:1043} INFO - Starting attempt 1 of 6
[2023-10-01 05:19:35,960] {taskinstance.py:1044} INFO - 
--------------------------------------------------------------------------------
[2023-10-01 05:19:36,025] {taskinstance.py:1063} INFO - Executing <Task(BashOperator): first_task> on 2021-09-20T00:00:00+00:00
[2023-10-01 05:19:36,070] {standard_task_runner.py:52} INFO - Started process 407 to run task
[2023-10-01 05:19:36,129] {standard_task_runner.py:76} INFO - Running: ['airflow', 'tasks', 'run', 'our_first_dag_v1', 'first_task', '2021-09-20T00:00:00+00:00', '--job-id', '54', '--pool', 'default_pool', '--raw', '--subdir', 'DAGS_FOLDER/our_first_dag.py', '--cfg-path', '/tmp/tmp2n4k83h8', '--error-file', '/tmp/tmp85m79y_m']
[2023-10-01 05:19:36,152] {standard_task_runner.py:77} INFO - Job 54: Subtask first_task
[2023-10-01 05:19:36,532] {logging_mixin.py:104} INFO - Running <TaskInstance: our_first_dag_v1.first_task 2021-09-20T00:00:00+00:00 [running]> on host d4ed655215d1
[2023-10-01 05:19:36,816] {taskinstance.py:1257} INFO - Exporting the following env vars:
AIRFLOW_CTX_DAG_OWNER=coder2j
AIRFLOW_CTX_DAG_ID=our_first_dag_v1
AIRFLOW_CTX_TASK_ID=first_task
AIRFLOW_CTX_EXECUTION_DATE=2021-09-20T00:00:00+00:00
AIRFLOW_CTX_DAG_RUN_ID=scheduled__2021-09-20T00:00:00+00:00
[2023-10-01 05:19:36,824] {bash.py:135} INFO - Tmp dir root location: 
 /tmp
[2023-10-01 05:19:36,850] {bash.py:158} INFO - Running command: echo hello world, this is the first task!
[2023-10-01 05:19:36,907] {bash.py:169} INFO - Output:
[2023-10-01 05:19:36,913] {bash.py:173} INFO - hello world, this is the first task!
[2023-10-01 05:19:36,916] {bash.py:177} INFO - Command exited with return code 0
[2023-10-01 05:19:37,028] {taskinstance.py:1166} INFO - Marking task as SUCCESS. dag_id=our_first_dag_v1, task_id=first_task, execution_date=20210920T000000, start_date=20231001T051935, end_date=20231001T051937
[2023-10-01 05:19:37,415] {taskinstance.py:1220} INFO - 0 downstream tasks scheduled from follow-on schedule check
[2023-10-01 05:19:37,543] {local_task_job.py:146} INFO - Task exited with return code 0
