[2023-10-01 07:45:57,426] {taskinstance.py:851} INFO - Dependencies all met for <TaskInstance: our_seventh_dag_v7.get_name 2022-03-13T00:00:00+00:00 [queued]>
[2023-10-01 07:45:58,795] {taskinstance.py:851} INFO - Dependencies all met for <TaskInstance: our_seventh_dag_v7.get_name 2022-03-13T00:00:00+00:00 [queued]>
[2023-10-01 07:45:58,870] {taskinstance.py:1042} INFO - 
--------------------------------------------------------------------------------
[2023-10-01 07:45:58,903] {taskinstance.py:1043} INFO - Starting attempt 1 of 6
[2023-10-01 07:45:58,936] {taskinstance.py:1044} INFO - 
--------------------------------------------------------------------------------
[2023-10-01 07:45:59,066] {taskinstance.py:1063} INFO - Executing <Task(PythonOperator): get_name> on 2022-03-13T00:00:00+00:00
[2023-10-01 07:45:59,189] {standard_task_runner.py:52} INFO - Started process 20536 to run task
[2023-10-01 07:45:59,399] {standard_task_runner.py:76} INFO - Running: ['airflow', 'tasks', 'run', 'our_seventh_dag_v7', 'get_name', '2022-03-13T00:00:00+00:00', '--job-id', '1784', '--pool', 'default_pool', '--raw', '--subdir', 'DAGS_FOLDER/our_seventh_dag.py', '--cfg-path', '/tmp/tmpi_m91_1o', '--error-file', '/tmp/tmpflrun04n']
[2023-10-01 07:45:59,466] {standard_task_runner.py:77} INFO - Job 1784: Subtask get_name
[2023-10-01 07:46:00,150] {logging_mixin.py:104} INFO - Running <TaskInstance: our_seventh_dag_v7.get_name 2022-03-13T00:00:00+00:00 [running]> on host d4ed655215d1
[2023-10-01 07:46:00,569] {taskinstance.py:1257} INFO - Exporting the following env vars:
AIRFLOW_CTX_DAG_OWNER=svastikkka
AIRFLOW_CTX_DAG_ID=our_seventh_dag_v7
AIRFLOW_CTX_TASK_ID=get_name
AIRFLOW_CTX_EXECUTION_DATE=2022-03-13T00:00:00+00:00
AIRFLOW_CTX_DAG_RUN_ID=scheduled__2022-03-13T00:00:00+00:00
[2023-10-01 07:46:00,740] {python.py:118} INFO - Done. Returned value was: None
[2023-10-01 07:46:00,819] {taskinstance.py:1166} INFO - Marking task as SUCCESS. dag_id=our_seventh_dag_v7, task_id=get_name, execution_date=20220313T000000, start_date=20231001T074557, end_date=20231001T074600
[2023-10-01 07:46:01,055] {taskinstance.py:1220} INFO - 1 downstream tasks scheduled from follow-on schedule check
[2023-10-01 07:46:01,125] {local_task_job.py:146} INFO - Task exited with return code 0
