[2023-10-01 05:02:29,032] {taskinstance.py:851} INFO - Dependencies all met for <TaskInstance: our_first_dag_v1.first_task 2021-08-18T00:00:00+00:00 [queued]>
[2023-10-01 05:02:29,252] {taskinstance.py:851} INFO - Dependencies all met for <TaskInstance: our_first_dag_v1.first_task 2021-08-18T00:00:00+00:00 [queued]>
[2023-10-01 05:02:29,254] {taskinstance.py:1042} INFO - 
--------------------------------------------------------------------------------
[2023-10-01 05:02:29,257] {taskinstance.py:1043} INFO - Starting attempt 1 of 6
[2023-10-01 05:02:29,261] {taskinstance.py:1044} INFO - 
--------------------------------------------------------------------------------
[2023-10-01 05:02:29,375] {taskinstance.py:1063} INFO - Executing <Task(BashOperator): first_task> on 2021-08-18T00:00:00+00:00
[2023-10-01 05:02:29,410] {standard_task_runner.py:52} INFO - Started process 1051 to run task
[2023-10-01 05:02:29,464] {standard_task_runner.py:76} INFO - Running: ['airflow', 'tasks', 'run', 'our_first_dag_v1', 'first_task', '2021-08-18T00:00:00+00:00', '--job-id', '111', '--pool', 'default_pool', '--raw', '--subdir', 'DAGS_FOLDER/our_first_dag.py', '--cfg-path', '/tmp/tmpr9t6jpvx', '--error-file', '/tmp/tmpjq3agupl']
[2023-10-01 05:02:29,481] {standard_task_runner.py:77} INFO - Job 111: Subtask first_task
[2023-10-01 05:02:29,910] {logging_mixin.py:104} INFO - Running <TaskInstance: our_first_dag_v1.first_task 2021-08-18T00:00:00+00:00 [running]> on host c25e1f8124bc
[2023-10-01 05:02:30,400] {taskinstance.py:1257} INFO - Exporting the following env vars:
AIRFLOW_CTX_DAG_OWNER=coder2j
AIRFLOW_CTX_DAG_ID=our_first_dag_v1
AIRFLOW_CTX_TASK_ID=first_task
AIRFLOW_CTX_EXECUTION_DATE=2021-08-18T00:00:00+00:00
AIRFLOW_CTX_DAG_RUN_ID=scheduled__2021-08-18T00:00:00+00:00
[2023-10-01 05:02:30,405] {bash.py:135} INFO - Tmp dir root location: 
 /tmp
[2023-10-01 05:02:30,433] {bash.py:158} INFO - Running command: echo hello world, this is the first task!
[2023-10-01 05:02:30,588] {bash.py:169} INFO - Output:
[2023-10-01 05:02:30,625] {bash.py:173} INFO - hello world, this is the first task!
[2023-10-01 05:02:30,632] {bash.py:177} INFO - Command exited with return code 0
[2023-10-01 05:02:30,805] {taskinstance.py:1166} INFO - Marking task as SUCCESS. dag_id=our_first_dag_v1, task_id=first_task, execution_date=20210818T000000, start_date=20231001T050229, end_date=20231001T050230
[2023-10-01 05:02:31,475] {taskinstance.py:1220} INFO - 0 downstream tasks scheduled from follow-on schedule check
[2023-10-01 05:02:31,616] {local_task_job.py:146} INFO - Task exited with return code 0
[2023-10-01 05:18:49,408] {taskinstance.py:851} INFO - Dependencies all met for <TaskInstance: our_first_dag_v1.first_task 2021-08-18T00:00:00+00:00 [queued]>
[2023-10-01 05:18:49,721] {taskinstance.py:851} INFO - Dependencies all met for <TaskInstance: our_first_dag_v1.first_task 2021-08-18T00:00:00+00:00 [queued]>
[2023-10-01 05:18:49,724] {taskinstance.py:1042} INFO - 
--------------------------------------------------------------------------------
[2023-10-01 05:18:49,726] {taskinstance.py:1043} INFO - Starting attempt 1 of 6
[2023-10-01 05:18:49,728] {taskinstance.py:1044} INFO - 
--------------------------------------------------------------------------------
[2023-10-01 05:18:49,989] {taskinstance.py:1063} INFO - Executing <Task(BashOperator): first_task> on 2021-08-18T00:00:00+00:00
[2023-10-01 05:18:50,108] {standard_task_runner.py:52} INFO - Started process 290 to run task
[2023-10-01 05:18:50,379] {standard_task_runner.py:76} INFO - Running: ['airflow', 'tasks', 'run', 'our_first_dag_v1', 'first_task', '2021-08-18T00:00:00+00:00', '--job-id', '21', '--pool', 'default_pool', '--raw', '--subdir', 'DAGS_FOLDER/our_first_dag.py', '--cfg-path', '/tmp/tmpx_g68po_', '--error-file', '/tmp/tmp4dxjo8kr']
[2023-10-01 05:18:50,479] {standard_task_runner.py:77} INFO - Job 21: Subtask first_task
[2023-10-01 05:18:51,799] {logging_mixin.py:104} INFO - Running <TaskInstance: our_first_dag_v1.first_task 2021-08-18T00:00:00+00:00 [running]> on host d4ed655215d1
[2023-10-01 05:18:52,860] {taskinstance.py:1257} INFO - Exporting the following env vars:
AIRFLOW_CTX_DAG_OWNER=coder2j
AIRFLOW_CTX_DAG_ID=our_first_dag_v1
AIRFLOW_CTX_TASK_ID=first_task
AIRFLOW_CTX_EXECUTION_DATE=2021-08-18T00:00:00+00:00
AIRFLOW_CTX_DAG_RUN_ID=scheduled__2021-08-18T00:00:00+00:00
[2023-10-01 05:18:52,878] {bash.py:135} INFO - Tmp dir root location: 
 /tmp
[2023-10-01 05:18:52,904] {bash.py:158} INFO - Running command: echo hello world, this is the first task!
[2023-10-01 05:18:52,990] {bash.py:169} INFO - Output:
[2023-10-01 05:18:53,011] {bash.py:173} INFO - hello world, this is the first task!
[2023-10-01 05:18:53,018] {bash.py:177} INFO - Command exited with return code 0
[2023-10-01 05:18:53,214] {taskinstance.py:1166} INFO - Marking task as SUCCESS. dag_id=our_first_dag_v1, task_id=first_task, execution_date=20210818T000000, start_date=20231001T051849, end_date=20231001T051853
[2023-10-01 05:18:53,546] {taskinstance.py:1220} INFO - 0 downstream tasks scheduled from follow-on schedule check
[2023-10-01 05:18:53,652] {local_task_job.py:146} INFO - Task exited with return code 0
