[2023-10-01 05:04:16,525] {taskinstance.py:851} INFO - Dependencies all met for <TaskInstance: our_first_dag_v1.first_task 2021-10-31T00:00:00+00:00 [queued]>
[2023-10-01 05:04:16,685] {taskinstance.py:851} INFO - Dependencies all met for <TaskInstance: our_first_dag_v1.first_task 2021-10-31T00:00:00+00:00 [queued]>
[2023-10-01 05:04:16,688] {taskinstance.py:1042} INFO - 
--------------------------------------------------------------------------------
[2023-10-01 05:04:16,690] {taskinstance.py:1043} INFO - Starting attempt 1 of 6
[2023-10-01 05:04:16,692] {taskinstance.py:1044} INFO - 
--------------------------------------------------------------------------------
[2023-10-01 05:04:16,801] {taskinstance.py:1063} INFO - Executing <Task(BashOperator): first_task> on 2021-10-31T00:00:00+00:00
[2023-10-01 05:04:16,818] {standard_task_runner.py:52} INFO - Started process 1318 to run task
[2023-10-01 05:04:16,843] {standard_task_runner.py:76} INFO - Running: ['airflow', 'tasks', 'run', 'our_first_dag_v1', 'first_task', '2021-10-31T00:00:00+00:00', '--job-id', '185', '--pool', 'default_pool', '--raw', '--subdir', 'DAGS_FOLDER/our_first_dag.py', '--cfg-path', '/tmp/tmp61pn9msx', '--error-file', '/tmp/tmposdeqgth']
[2023-10-01 05:04:16,872] {standard_task_runner.py:77} INFO - Job 185: Subtask first_task
[2023-10-01 05:04:17,252] {logging_mixin.py:104} INFO - Running <TaskInstance: our_first_dag_v1.first_task 2021-10-31T00:00:00+00:00 [running]> on host c25e1f8124bc
[2023-10-01 05:04:17,628] {taskinstance.py:1257} INFO - Exporting the following env vars:
AIRFLOW_CTX_DAG_OWNER=coder2j
AIRFLOW_CTX_DAG_ID=our_first_dag_v1
AIRFLOW_CTX_TASK_ID=first_task
AIRFLOW_CTX_EXECUTION_DATE=2021-10-31T00:00:00+00:00
AIRFLOW_CTX_DAG_RUN_ID=scheduled__2021-10-31T00:00:00+00:00
[2023-10-01 05:04:17,630] {bash.py:135} INFO - Tmp dir root location: 
 /tmp
[2023-10-01 05:04:17,634] {bash.py:158} INFO - Running command: echo hello world, this is the first task!
[2023-10-01 05:04:17,690] {bash.py:169} INFO - Output:
[2023-10-01 05:04:17,718] {bash.py:173} INFO - hello world, this is the first task!
[2023-10-01 05:04:17,725] {bash.py:177} INFO - Command exited with return code 0
[2023-10-01 05:04:17,837] {taskinstance.py:1166} INFO - Marking task as SUCCESS. dag_id=our_first_dag_v1, task_id=first_task, execution_date=20211031T000000, start_date=20231001T050416, end_date=20231001T050417
[2023-10-01 05:04:17,948] {taskinstance.py:1220} INFO - 0 downstream tasks scheduled from follow-on schedule check
[2023-10-01 05:04:18,019] {local_task_job.py:146} INFO - Task exited with return code 0
[2023-10-01 05:20:20,162] {taskinstance.py:851} INFO - Dependencies all met for <TaskInstance: our_first_dag_v1.first_task 2021-10-31T00:00:00+00:00 [queued]>
[2023-10-01 05:20:20,250] {taskinstance.py:851} INFO - Dependencies all met for <TaskInstance: our_first_dag_v1.first_task 2021-10-31T00:00:00+00:00 [queued]>
[2023-10-01 05:20:20,254] {taskinstance.py:1042} INFO - 
--------------------------------------------------------------------------------
[2023-10-01 05:20:20,255] {taskinstance.py:1043} INFO - Starting attempt 1 of 6
[2023-10-01 05:20:20,257] {taskinstance.py:1044} INFO - 
--------------------------------------------------------------------------------
[2023-10-01 05:20:20,342] {taskinstance.py:1063} INFO - Executing <Task(BashOperator): first_task> on 2021-10-31T00:00:00+00:00
[2023-10-01 05:20:20,355] {standard_task_runner.py:52} INFO - Started process 549 to run task
[2023-10-01 05:20:20,420] {standard_task_runner.py:76} INFO - Running: ['airflow', 'tasks', 'run', 'our_first_dag_v1', 'first_task', '2021-10-31T00:00:00+00:00', '--job-id', '95', '--pool', 'default_pool', '--raw', '--subdir', 'DAGS_FOLDER/our_first_dag.py', '--cfg-path', '/tmp/tmpfh_xynd_', '--error-file', '/tmp/tmpy2v2r46v']
[2023-10-01 05:20:20,453] {standard_task_runner.py:77} INFO - Job 95: Subtask first_task
[2023-10-01 05:20:20,948] {logging_mixin.py:104} INFO - Running <TaskInstance: our_first_dag_v1.first_task 2021-10-31T00:00:00+00:00 [running]> on host d4ed655215d1
[2023-10-01 05:20:21,440] {taskinstance.py:1257} INFO - Exporting the following env vars:
AIRFLOW_CTX_DAG_OWNER=coder2j
AIRFLOW_CTX_DAG_ID=our_first_dag_v1
AIRFLOW_CTX_TASK_ID=first_task
AIRFLOW_CTX_EXECUTION_DATE=2021-10-31T00:00:00+00:00
AIRFLOW_CTX_DAG_RUN_ID=scheduled__2021-10-31T00:00:00+00:00
[2023-10-01 05:20:21,445] {bash.py:135} INFO - Tmp dir root location: 
 /tmp
[2023-10-01 05:20:21,454] {bash.py:158} INFO - Running command: echo hello world, this is the first task!
[2023-10-01 05:20:21,546] {bash.py:169} INFO - Output:
[2023-10-01 05:20:21,582] {bash.py:173} INFO - hello world, this is the first task!
[2023-10-01 05:20:21,588] {bash.py:177} INFO - Command exited with return code 0
[2023-10-01 05:20:21,689] {taskinstance.py:1166} INFO - Marking task as SUCCESS. dag_id=our_first_dag_v1, task_id=first_task, execution_date=20211031T000000, start_date=20231001T052020, end_date=20231001T052021
[2023-10-01 05:20:21,820] {taskinstance.py:1220} INFO - 0 downstream tasks scheduled from follow-on schedule check
[2023-10-01 05:20:21,915] {local_task_job.py:146} INFO - Task exited with return code 0
