[2023-10-01 06:28:39,725] {taskinstance.py:851} INFO - Dependencies all met for <TaskInstance: our_fifth_dag_v5.greet 2021-08-11T00:00:00+00:00 [queued]>
[2023-10-01 06:28:40,047] {taskinstance.py:851} INFO - Dependencies all met for <TaskInstance: our_fifth_dag_v5.greet 2021-08-11T00:00:00+00:00 [queued]>
[2023-10-01 06:28:40,049] {taskinstance.py:1042} INFO - 
--------------------------------------------------------------------------------
[2023-10-01 06:28:40,057] {taskinstance.py:1043} INFO - Starting attempt 1 of 6
[2023-10-01 06:28:40,060] {taskinstance.py:1044} INFO - 
--------------------------------------------------------------------------------
[2023-10-01 06:28:41,540] {taskinstance.py:1063} INFO - Executing <Task(PythonOperator): greet> on 2021-08-11T00:00:00+00:00
[2023-10-01 06:28:41,930] {standard_task_runner.py:52} INFO - Started process 7325 to run task
[2023-10-01 06:28:43,061] {standard_task_runner.py:76} INFO - Running: ['airflow', 'tasks', 'run', 'our_fifth_dag_v5', 'greet', '2021-08-11T00:00:00+00:00', '--job-id', '1032', '--pool', 'default_pool', '--raw', '--subdir', 'DAGS_FOLDER/our_fifth_dag.py', '--cfg-path', '/tmp/tmpbbp62435', '--error-file', '/tmp/tmpi7usrr10']
[2023-10-01 06:28:43,104] {standard_task_runner.py:77} INFO - Job 1032: Subtask greet
[2023-10-01 06:28:45,405] {logging_mixin.py:104} INFO - Running <TaskInstance: our_fifth_dag_v5.greet 2021-08-11T00:00:00+00:00 [running]> on host d4ed655215d1
[2023-10-01 06:28:46,774] {taskinstance.py:1257} INFO - Exporting the following env vars:
AIRFLOW_CTX_DAG_OWNER=coder2j
AIRFLOW_CTX_DAG_ID=our_fifth_dag_v5
AIRFLOW_CTX_TASK_ID=greet
AIRFLOW_CTX_EXECUTION_DATE=2021-08-11T00:00:00+00:00
AIRFLOW_CTX_DAG_RUN_ID=scheduled__2021-08-11T00:00:00+00:00
[2023-10-01 06:28:46,816] {logging_mixin.py:104} INFO - Hello how are you
[2023-10-01 06:28:46,825] {python.py:118} INFO - Done. Returned value was: None
[2023-10-01 06:28:46,975] {taskinstance.py:1166} INFO - Marking task as SUCCESS. dag_id=our_fifth_dag_v5, task_id=greet, execution_date=20210811T000000, start_date=20231001T062839, end_date=20231001T062846
[2023-10-01 06:28:47,761] {local_task_job.py:188} WARNING - State of this instance has been externally set to success. Terminating instance.
[2023-10-01 06:28:47,871] {process_utils.py:100} INFO - Sending Signals.SIGTERM to GPID 7325
[2023-10-01 06:28:48,152] {taskinstance.py:1239} ERROR - Received SIGTERM. Terminating subprocesses.
[2023-10-01 06:28:48,357] {process_utils.py:66} INFO - Process psutil.Process(pid=7325, status='terminated', exitcode=1, started='06:28:41') (7325) terminated with exit code 1
