[2023-10-01 07:40:29,759] {taskinstance.py:851} INFO - Dependencies all met for <TaskInstance: our_seventh_dag_v7.greet 2021-10-14T00:00:00+00:00 [queued]>
[2023-10-01 07:40:30,020] {taskinstance.py:851} INFO - Dependencies all met for <TaskInstance: our_seventh_dag_v7.greet 2021-10-14T00:00:00+00:00 [queued]>
[2023-10-01 07:40:30,021] {taskinstance.py:1042} INFO - 
--------------------------------------------------------------------------------
[2023-10-01 07:40:30,023] {taskinstance.py:1043} INFO - Starting attempt 1 of 6
[2023-10-01 07:40:30,024] {taskinstance.py:1044} INFO - 
--------------------------------------------------------------------------------
[2023-10-01 07:40:30,078] {taskinstance.py:1063} INFO - Executing <Task(PythonOperator): greet> on 2021-10-14T00:00:00+00:00
[2023-10-01 07:40:30,111] {standard_task_runner.py:52} INFO - Started process 19017 to run task
[2023-10-01 07:40:30,178] {standard_task_runner.py:76} INFO - Running: ['airflow', 'tasks', 'run', 'our_seventh_dag_v7', 'greet', '2021-10-14T00:00:00+00:00', '--job-id', '1492', '--pool', 'default_pool', '--raw', '--subdir', 'DAGS_FOLDER/our_seventh_dag.py', '--cfg-path', '/tmp/tmp5d7jo6xq', '--error-file', '/tmp/tmpgag9t6iv']
[2023-10-01 07:40:30,206] {standard_task_runner.py:77} INFO - Job 1492: Subtask greet
[2023-10-01 07:40:30,660] {logging_mixin.py:104} INFO - Running <TaskInstance: our_seventh_dag_v7.greet 2021-10-14T00:00:00+00:00 [running]> on host d4ed655215d1
[2023-10-01 07:40:31,007] {taskinstance.py:1257} INFO - Exporting the following env vars:
AIRFLOW_CTX_DAG_OWNER=svastikkka
AIRFLOW_CTX_DAG_ID=our_seventh_dag_v7
AIRFLOW_CTX_TASK_ID=greet
AIRFLOW_CTX_EXECUTION_DATE=2021-10-14T00:00:00+00:00
AIRFLOW_CTX_DAG_RUN_ID=scheduled__2021-10-14T00:00:00+00:00
[2023-10-01 07:40:31,298] {logging_mixin.py:104} INFO - Hello My name is Manshu Sharma and I am 26 years old.
[2023-10-01 07:40:31,299] {python.py:118} INFO - Done. Returned value was: None
[2023-10-01 07:40:31,408] {taskinstance.py:1166} INFO - Marking task as SUCCESS. dag_id=our_seventh_dag_v7, task_id=greet, execution_date=20211014T000000, start_date=20231001T074029, end_date=20231001T074031
[2023-10-01 07:40:35,267] {local_task_job.py:188} WARNING - State of this instance has been externally set to success. Terminating instance.
[2023-10-01 07:40:35,281] {process_utils.py:100} INFO - Sending Signals.SIGTERM to GPID 19017
[2023-10-01 07:40:40,277] {taskinstance.py:1239} ERROR - Received SIGTERM. Terminating subprocesses.
[2023-10-01 07:40:41,785] {process_utils.py:66} INFO - Process psutil.Process(pid=19017, status='terminated', exitcode=1, started='07:40:29') (19017) terminated with exit code 1
