[2023-10-01 06:18:27,971] {taskinstance.py:851} INFO - Dependencies all met for <TaskInstance: our_fourth_dag_v4.first_task 2021-12-22T00:00:00+00:00 [queued]>
[2023-10-01 06:18:28,179] {taskinstance.py:851} INFO - Dependencies all met for <TaskInstance: our_fourth_dag_v4.first_task 2021-12-22T00:00:00+00:00 [queued]>
[2023-10-01 06:18:28,188] {taskinstance.py:1042} INFO - 
--------------------------------------------------------------------------------
[2023-10-01 06:18:28,202] {taskinstance.py:1043} INFO - Starting attempt 1 of 6
[2023-10-01 06:18:28,204] {taskinstance.py:1044} INFO - 
--------------------------------------------------------------------------------
[2023-10-01 06:18:28,475] {taskinstance.py:1063} INFO - Executing <Task(BashOperator): first_task> on 2021-12-22T00:00:00+00:00
[2023-10-01 06:18:28,496] {standard_task_runner.py:52} INFO - Started process 6041 to run task
[2023-10-01 06:18:28,654] {standard_task_runner.py:76} INFO - Running: ['airflow', 'tasks', 'run', 'our_fourth_dag_v4', 'first_task', '2021-12-22T00:00:00+00:00', '--job-id', '860', '--pool', 'default_pool', '--raw', '--subdir', 'DAGS_FOLDER/our_fourth_dag.py', '--cfg-path', '/tmp/tmpwcbzoax5', '--error-file', '/tmp/tmpef30h2y5']
[2023-10-01 06:18:28,750] {standard_task_runner.py:77} INFO - Job 860: Subtask first_task
[2023-10-01 06:18:29,588] {logging_mixin.py:104} INFO - Running <TaskInstance: our_fourth_dag_v4.first_task 2021-12-22T00:00:00+00:00 [running]> on host d4ed655215d1
[2023-10-01 06:18:30,165] {taskinstance.py:1257} INFO - Exporting the following env vars:
AIRFLOW_CTX_DAG_OWNER=svastikkka
AIRFLOW_CTX_DAG_ID=our_fourth_dag_v4
AIRFLOW_CTX_TASK_ID=first_task
AIRFLOW_CTX_EXECUTION_DATE=2021-12-22T00:00:00+00:00
AIRFLOW_CTX_DAG_RUN_ID=scheduled__2021-12-22T00:00:00+00:00
[2023-10-01 06:18:30,168] {bash.py:135} INFO - Tmp dir root location: 
 /tmp
[2023-10-01 06:18:30,188] {bash.py:158} INFO - Running command: echo hello world, this is the first task!
[2023-10-01 06:18:30,463] {bash.py:169} INFO - Output:
[2023-10-01 06:18:30,491] {bash.py:173} INFO - hello world, this is the first task!
[2023-10-01 06:18:30,506] {bash.py:177} INFO - Command exited with return code 0
[2023-10-01 06:18:30,872] {taskinstance.py:1166} INFO - Marking task as SUCCESS. dag_id=our_fourth_dag_v4, task_id=first_task, execution_date=20211222T000000, start_date=20231001T061827, end_date=20231001T061830
[2023-10-01 06:18:31,681] {taskinstance.py:1220} INFO - 2 downstream tasks scheduled from follow-on schedule check
[2023-10-01 06:18:31,923] {local_task_job.py:146} INFO - Task exited with return code 0
