[2023-10-01 05:53:52,052] {taskinstance.py:851} INFO - Dependencies all met for <TaskInstance: our_third_dag_v3.second_task 2021-08-07T00:00:00+00:00 [queued]>
[2023-10-01 05:53:52,517] {taskinstance.py:851} INFO - Dependencies all met for <TaskInstance: our_third_dag_v3.second_task 2021-08-07T00:00:00+00:00 [queued]>
[2023-10-01 05:53:52,520] {taskinstance.py:1042} INFO - 
--------------------------------------------------------------------------------
[2023-10-01 05:53:52,523] {taskinstance.py:1043} INFO - Starting attempt 1 of 6
[2023-10-01 05:53:52,525] {taskinstance.py:1044} INFO - 
--------------------------------------------------------------------------------
[2023-10-01 05:53:52,774] {taskinstance.py:1063} INFO - Executing <Task(BashOperator): second_task> on 2021-08-07T00:00:00+00:00
[2023-10-01 05:53:52,827] {standard_task_runner.py:52} INFO - Started process 2373 to run task
[2023-10-01 05:53:53,400] {standard_task_runner.py:76} INFO - Running: ['airflow', 'tasks', 'run', 'our_third_dag_v3', 'second_task', '2021-08-07T00:00:00+00:00', '--job-id', '183', '--pool', 'default_pool', '--raw', '--subdir', 'DAGS_FOLDER/our_third_dag.py', '--cfg-path', '/tmp/tmp61ilx5fs', '--error-file', '/tmp/tmp_ed6xh6o']
[2023-10-01 05:53:53,691] {standard_task_runner.py:77} INFO - Job 183: Subtask second_task
[2023-10-01 05:53:56,322] {logging_mixin.py:104} INFO - Running <TaskInstance: our_third_dag_v3.second_task 2021-08-07T00:00:00+00:00 [running]> on host d4ed655215d1
[2023-10-01 05:54:04,154] {taskinstance.py:1257} INFO - Exporting the following env vars:
AIRFLOW_CTX_DAG_OWNER=coder2j
AIRFLOW_CTX_DAG_ID=our_third_dag_v3
AIRFLOW_CTX_TASK_ID=second_task
AIRFLOW_CTX_EXECUTION_DATE=2021-08-07T00:00:00+00:00
AIRFLOW_CTX_DAG_RUN_ID=scheduled__2021-08-07T00:00:00+00:00
[2023-10-01 05:54:04,213] {bash.py:135} INFO - Tmp dir root location: 
 /tmp
[2023-10-01 05:54:04,246] {bash.py:158} INFO - Running command: echo hey, I am task2 and will be running after task1!
[2023-10-01 05:54:08,862] {bash.py:169} INFO - Output:
[2023-10-01 05:54:09,580] {bash.py:173} INFO - hey, I am task2 and will be running after task1!
[2023-10-01 05:54:09,668] {bash.py:177} INFO - Command exited with return code 0
[2023-10-01 05:54:12,891] {taskinstance.py:1166} INFO - Marking task as SUCCESS. dag_id=our_third_dag_v3, task_id=second_task, execution_date=20210807T000000, start_date=20231001T055352, end_date=20231001T055412
[2023-10-01 05:54:23,205] {local_task_job.py:188} WARNING - State of this instance has been externally set to success. Terminating instance.
[2023-10-01 05:54:25,043] {process_utils.py:100} INFO - Sending Signals.SIGTERM to GPID 2373
[2023-10-01 05:54:27,559] {taskinstance.py:1239} ERROR - Received SIGTERM. Terminating subprocesses.
[2023-10-01 05:54:27,609] {bash.py:185} INFO - Sending SIGTERM signal to bash process group
[2023-10-01 05:54:38,248] {process_utils.py:66} INFO - Process psutil.Process(pid=2373, status='terminated', exitcode=1, started='05:53:51') (2373) terminated with exit code 1
