[2023-10-01 07:39:02,774] {taskinstance.py:851} INFO - Dependencies all met for <TaskInstance: our_seventh_dag_v7.greet 2021-09-15T00:00:00+00:00 [queued]>
[2023-10-01 07:39:03,046] {taskinstance.py:851} INFO - Dependencies all met for <TaskInstance: our_seventh_dag_v7.greet 2021-09-15T00:00:00+00:00 [queued]>
[2023-10-01 07:39:03,048] {taskinstance.py:1042} INFO - 
--------------------------------------------------------------------------------
[2023-10-01 07:39:03,051] {taskinstance.py:1043} INFO - Starting attempt 1 of 6
[2023-10-01 07:39:03,058] {taskinstance.py:1044} INFO - 
--------------------------------------------------------------------------------
[2023-10-01 07:39:03,280] {taskinstance.py:1063} INFO - Executing <Task(PythonOperator): greet> on 2021-09-15T00:00:00+00:00
[2023-10-01 07:39:03,377] {standard_task_runner.py:52} INFO - Started process 18672 to run task
[2023-10-01 07:39:03,477] {standard_task_runner.py:76} INFO - Running: ['airflow', 'tasks', 'run', 'our_seventh_dag_v7', 'greet', '2021-09-15T00:00:00+00:00', '--job-id', '1433', '--pool', 'default_pool', '--raw', '--subdir', 'DAGS_FOLDER/our_seventh_dag.py', '--cfg-path', '/tmp/tmpzu5k8c0s', '--error-file', '/tmp/tmp2uvwniia']
[2023-10-01 07:39:03,606] {standard_task_runner.py:77} INFO - Job 1433: Subtask greet
[2023-10-01 07:39:04,543] {logging_mixin.py:104} INFO - Running <TaskInstance: our_seventh_dag_v7.greet 2021-09-15T00:00:00+00:00 [running]> on host d4ed655215d1
[2023-10-01 07:39:05,240] {taskinstance.py:1257} INFO - Exporting the following env vars:
AIRFLOW_CTX_DAG_OWNER=svastikkka
AIRFLOW_CTX_DAG_ID=our_seventh_dag_v7
AIRFLOW_CTX_TASK_ID=greet
AIRFLOW_CTX_EXECUTION_DATE=2021-09-15T00:00:00+00:00
AIRFLOW_CTX_DAG_RUN_ID=scheduled__2021-09-15T00:00:00+00:00
[2023-10-01 07:39:05,553] {logging_mixin.py:104} INFO - Hello My name is Manshu Sharma and I am 26 years old.
[2023-10-01 07:39:05,555] {python.py:118} INFO - Done. Returned value was: None
[2023-10-01 07:39:05,740] {taskinstance.py:1166} INFO - Marking task as SUCCESS. dag_id=our_seventh_dag_v7, task_id=greet, execution_date=20210915T000000, start_date=20231001T073902, end_date=20231001T073905
[2023-10-01 07:39:06,208] {taskinstance.py:1220} INFO - 0 downstream tasks scheduled from follow-on schedule check
[2023-10-01 07:39:06,573] {local_task_job.py:146} INFO - Task exited with return code 0
