[2023-10-01 05:55:28,573] {taskinstance.py:851} INFO - Dependencies all met for <TaskInstance: our_third_dag_v3.first_task 2021-08-19T00:00:00+00:00 [queued]>
[2023-10-01 05:55:28,991] {taskinstance.py:851} INFO - Dependencies all met for <TaskInstance: our_third_dag_v3.first_task 2021-08-19T00:00:00+00:00 [queued]>
[2023-10-01 05:55:28,994] {taskinstance.py:1042} INFO - 
--------------------------------------------------------------------------------
[2023-10-01 05:55:29,009] {taskinstance.py:1043} INFO - Starting attempt 1 of 6
[2023-10-01 05:55:29,019] {taskinstance.py:1044} INFO - 
--------------------------------------------------------------------------------
[2023-10-01 05:55:29,486] {taskinstance.py:1063} INFO - Executing <Task(BashOperator): first_task> on 2021-08-19T00:00:00+00:00
[2023-10-01 05:55:29,739] {standard_task_runner.py:52} INFO - Started process 2513 to run task
[2023-10-01 05:55:29,857] {standard_task_runner.py:76} INFO - Running: ['airflow', 'tasks', 'run', 'our_third_dag_v3', 'first_task', '2021-08-19T00:00:00+00:00', '--job-id', '205', '--pool', 'default_pool', '--raw', '--subdir', 'DAGS_FOLDER/our_third_dag.py', '--cfg-path', '/tmp/tmplvduxeyf', '--error-file', '/tmp/tmp38_p8rex']
[2023-10-01 05:55:29,962] {standard_task_runner.py:77} INFO - Job 205: Subtask first_task
[2023-10-01 05:55:33,592] {logging_mixin.py:104} INFO - Running <TaskInstance: our_third_dag_v3.first_task 2021-08-19T00:00:00+00:00 [running]> on host d4ed655215d1
[2023-10-01 05:55:34,984] {taskinstance.py:1257} INFO - Exporting the following env vars:
AIRFLOW_CTX_DAG_OWNER=coder2j
AIRFLOW_CTX_DAG_ID=our_third_dag_v3
AIRFLOW_CTX_TASK_ID=first_task
AIRFLOW_CTX_EXECUTION_DATE=2021-08-19T00:00:00+00:00
AIRFLOW_CTX_DAG_RUN_ID=scheduled__2021-08-19T00:00:00+00:00
[2023-10-01 05:55:35,026] {bash.py:135} INFO - Tmp dir root location: 
 /tmp
[2023-10-01 05:55:35,190] {bash.py:158} INFO - Running command: echo hello world, this is the first task!
[2023-10-01 05:55:35,591] {bash.py:169} INFO - Output:
[2023-10-01 05:55:35,844] {bash.py:173} INFO - hello world, this is the first task!
[2023-10-01 05:55:35,882] {bash.py:177} INFO - Command exited with return code 0
[2023-10-01 05:55:36,628] {taskinstance.py:1166} INFO - Marking task as SUCCESS. dag_id=our_third_dag_v3, task_id=first_task, execution_date=20210819T000000, start_date=20231001T055528, end_date=20231001T055536
[2023-10-01 05:55:43,556] {local_task_job.py:188} WARNING - State of this instance has been externally set to success. Terminating instance.
[2023-10-01 05:55:43,692] {process_utils.py:100} INFO - Sending Signals.SIGTERM to GPID 2513
[2023-10-01 05:55:44,357] {taskinstance.py:1239} ERROR - Received SIGTERM. Terminating subprocesses.
[2023-10-01 05:55:44,405] {bash.py:185} INFO - Sending SIGTERM signal to bash process group
[2023-10-01 05:55:45,284] {process_utils.py:66} INFO - Process psutil.Process(pid=2513, status='terminated', exitcode=1, started='05:55:28') (2513) terminated with exit code 1
