[2023-10-01 05:31:59,799] {taskinstance.py:851} INFO - Dependencies all met for <TaskInstance: our_second_dag_v2.first_task 2021-08-01T00:00:00+00:00 [queued]>
[2023-10-01 05:32:00,155] {taskinstance.py:851} INFO - Dependencies all met for <TaskInstance: our_second_dag_v2.first_task 2021-08-01T00:00:00+00:00 [queued]>
[2023-10-01 05:32:00,158] {taskinstance.py:1042} INFO - 
--------------------------------------------------------------------------------
[2023-10-01 05:32:00,161] {taskinstance.py:1043} INFO - Starting attempt 1 of 6
[2023-10-01 05:32:00,163] {taskinstance.py:1044} INFO - 
--------------------------------------------------------------------------------
[2023-10-01 05:32:00,424] {taskinstance.py:1063} INFO - Executing <Task(BashOperator): first_task> on 2021-08-01T00:00:00+00:00
[2023-10-01 05:32:00,563] {standard_task_runner.py:52} INFO - Started process 1037 to run task
[2023-10-01 05:32:00,948] {standard_task_runner.py:76} INFO - Running: ['airflow', 'tasks', 'run', 'our_second_dag_v2', 'first_task', '2021-08-01T00:00:00+00:00', '--job-id', '117', '--pool', 'default_pool', '--raw', '--subdir', 'DAGS_FOLDER/our_second_dag.py', '--cfg-path', '/tmp/tmpek9lwc_q', '--error-file', '/tmp/tmpqknnj39e']
[2023-10-01 05:32:01,183] {standard_task_runner.py:77} INFO - Job 117: Subtask first_task
[2023-10-01 05:32:11,632] {logging_mixin.py:104} INFO - Running <TaskInstance: our_second_dag_v2.first_task 2021-08-01T00:00:00+00:00 [running]> on host d4ed655215d1
[2023-10-01 05:32:19,991] {taskinstance.py:1257} INFO - Exporting the following env vars:
AIRFLOW_CTX_DAG_OWNER=coder2j
AIRFLOW_CTX_DAG_ID=our_second_dag_v2
AIRFLOW_CTX_TASK_ID=first_task
AIRFLOW_CTX_EXECUTION_DATE=2021-08-01T00:00:00+00:00
AIRFLOW_CTX_DAG_RUN_ID=scheduled__2021-08-01T00:00:00+00:00
[2023-10-01 05:32:20,235] {bash.py:135} INFO - Tmp dir root location: 
 /tmp
[2023-10-01 05:32:20,581] {bash.py:158} INFO - Running command: echo hello world, this is the first task!
[2023-10-01 05:32:23,497] {bash.py:169} INFO - Output:
[2023-10-01 05:32:23,584] {bash.py:173} INFO - hello world, this is the first task!
[2023-10-01 05:32:23,721] {bash.py:177} INFO - Command exited with return code 0
[2023-10-01 05:32:29,702] {taskinstance.py:1166} INFO - Marking task as SUCCESS. dag_id=our_second_dag_v2, task_id=first_task, execution_date=20210801T000000, start_date=20231001T053159, end_date=20231001T053229
[2023-10-01 05:32:30,451] {taskinstance.py:1220} INFO - 1 downstream tasks scheduled from follow-on schedule check
[2023-10-01 05:32:31,092] {local_task_job.py:146} INFO - Task exited with return code 0
