[2023-10-01 05:03:25,913] {taskinstance.py:851} INFO - Dependencies all met for <TaskInstance: our_first_dag_v1.first_task 2021-09-23T00:00:00+00:00 [queued]>
[2023-10-01 05:03:26,101] {taskinstance.py:851} INFO - Dependencies all met for <TaskInstance: our_first_dag_v1.first_task 2021-09-23T00:00:00+00:00 [queued]>
[2023-10-01 05:03:26,106] {taskinstance.py:1042} INFO - 
--------------------------------------------------------------------------------
[2023-10-01 05:03:26,110] {taskinstance.py:1043} INFO - Starting attempt 1 of 6
[2023-10-01 05:03:26,115] {taskinstance.py:1044} INFO - 
--------------------------------------------------------------------------------
[2023-10-01 05:03:26,204] {taskinstance.py:1063} INFO - Executing <Task(BashOperator): first_task> on 2021-09-23T00:00:00+00:00
[2023-10-01 05:03:26,258] {standard_task_runner.py:52} INFO - Started process 1185 to run task
[2023-10-01 05:03:26,340] {standard_task_runner.py:76} INFO - Running: ['airflow', 'tasks', 'run', 'our_first_dag_v1', 'first_task', '2021-09-23T00:00:00+00:00', '--job-id', '147', '--pool', 'default_pool', '--raw', '--subdir', 'DAGS_FOLDER/our_first_dag.py', '--cfg-path', '/tmp/tmppeynbyd7', '--error-file', '/tmp/tmp3x7bkzkt']
[2023-10-01 05:03:26,371] {standard_task_runner.py:77} INFO - Job 147: Subtask first_task
[2023-10-01 05:03:27,143] {logging_mixin.py:104} INFO - Running <TaskInstance: our_first_dag_v1.first_task 2021-09-23T00:00:00+00:00 [running]> on host c25e1f8124bc
[2023-10-01 05:03:27,655] {taskinstance.py:1257} INFO - Exporting the following env vars:
AIRFLOW_CTX_DAG_OWNER=coder2j
AIRFLOW_CTX_DAG_ID=our_first_dag_v1
AIRFLOW_CTX_TASK_ID=first_task
AIRFLOW_CTX_EXECUTION_DATE=2021-09-23T00:00:00+00:00
AIRFLOW_CTX_DAG_RUN_ID=scheduled__2021-09-23T00:00:00+00:00
[2023-10-01 05:03:27,665] {bash.py:135} INFO - Tmp dir root location: 
 /tmp
[2023-10-01 05:03:27,680] {bash.py:158} INFO - Running command: echo hello world, this is the first task!
[2023-10-01 05:03:27,825] {bash.py:169} INFO - Output:
[2023-10-01 05:03:27,858] {bash.py:173} INFO - hello world, this is the first task!
[2023-10-01 05:03:27,861] {bash.py:177} INFO - Command exited with return code 0
[2023-10-01 05:03:28,074] {taskinstance.py:1166} INFO - Marking task as SUCCESS. dag_id=our_first_dag_v1, task_id=first_task, execution_date=20210923T000000, start_date=20231001T050325, end_date=20231001T050328
[2023-10-01 05:03:28,332] {taskinstance.py:1220} INFO - 0 downstream tasks scheduled from follow-on schedule check
[2023-10-01 05:03:28,420] {local_task_job.py:146} INFO - Task exited with return code 0
[2023-10-01 05:19:40,459] {taskinstance.py:851} INFO - Dependencies all met for <TaskInstance: our_first_dag_v1.first_task 2021-09-23T00:00:00+00:00 [queued]>
[2023-10-01 05:19:40,798] {taskinstance.py:851} INFO - Dependencies all met for <TaskInstance: our_first_dag_v1.first_task 2021-09-23T00:00:00+00:00 [queued]>
[2023-10-01 05:19:40,822] {taskinstance.py:1042} INFO - 
--------------------------------------------------------------------------------
[2023-10-01 05:19:40,824] {taskinstance.py:1043} INFO - Starting attempt 1 of 6
[2023-10-01 05:19:40,825] {taskinstance.py:1044} INFO - 
--------------------------------------------------------------------------------
[2023-10-01 05:19:41,108] {taskinstance.py:1063} INFO - Executing <Task(BashOperator): first_task> on 2021-09-23T00:00:00+00:00
[2023-10-01 05:19:41,197] {standard_task_runner.py:52} INFO - Started process 419 to run task
[2023-10-01 05:19:41,298] {standard_task_runner.py:76} INFO - Running: ['airflow', 'tasks', 'run', 'our_first_dag_v1', 'first_task', '2021-09-23T00:00:00+00:00', '--job-id', '57', '--pool', 'default_pool', '--raw', '--subdir', 'DAGS_FOLDER/our_first_dag.py', '--cfg-path', '/tmp/tmp94ua5wql', '--error-file', '/tmp/tmpl3c_42_i']
[2023-10-01 05:19:41,411] {standard_task_runner.py:77} INFO - Job 57: Subtask first_task
[2023-10-01 05:19:41,959] {logging_mixin.py:104} INFO - Running <TaskInstance: our_first_dag_v1.first_task 2021-09-23T00:00:00+00:00 [running]> on host d4ed655215d1
[2023-10-01 05:19:42,428] {taskinstance.py:1257} INFO - Exporting the following env vars:
AIRFLOW_CTX_DAG_OWNER=coder2j
AIRFLOW_CTX_DAG_ID=our_first_dag_v1
AIRFLOW_CTX_TASK_ID=first_task
AIRFLOW_CTX_EXECUTION_DATE=2021-09-23T00:00:00+00:00
AIRFLOW_CTX_DAG_RUN_ID=scheduled__2021-09-23T00:00:00+00:00
[2023-10-01 05:19:42,435] {bash.py:135} INFO - Tmp dir root location: 
 /tmp
[2023-10-01 05:19:42,451] {bash.py:158} INFO - Running command: echo hello world, this is the first task!
[2023-10-01 05:19:42,543] {bash.py:169} INFO - Output:
[2023-10-01 05:19:42,562] {bash.py:173} INFO - hello world, this is the first task!
[2023-10-01 05:19:42,565] {bash.py:177} INFO - Command exited with return code 0
[2023-10-01 05:19:42,763] {taskinstance.py:1166} INFO - Marking task as SUCCESS. dag_id=our_first_dag_v1, task_id=first_task, execution_date=20210923T000000, start_date=20231001T051940, end_date=20231001T051942
[2023-10-01 05:19:42,986] {taskinstance.py:1220} INFO - 0 downstream tasks scheduled from follow-on schedule check
[2023-10-01 05:19:43,109] {local_task_job.py:146} INFO - Task exited with return code 0
