[2023-10-01 07:39:44,966] {taskinstance.py:851} INFO - Dependencies all met for <TaskInstance: our_seventh_dag_v7.greet 2021-09-27T00:00:00+00:00 [queued]>
[2023-10-01 07:39:45,135] {taskinstance.py:851} INFO - Dependencies all met for <TaskInstance: our_seventh_dag_v7.greet 2021-09-27T00:00:00+00:00 [queued]>
[2023-10-01 07:39:45,136] {taskinstance.py:1042} INFO - 
--------------------------------------------------------------------------------
[2023-10-01 07:39:45,139] {taskinstance.py:1043} INFO - Starting attempt 1 of 6
[2023-10-01 07:39:45,140] {taskinstance.py:1044} INFO - 
--------------------------------------------------------------------------------
[2023-10-01 07:39:45,291] {taskinstance.py:1063} INFO - Executing <Task(PythonOperator): greet> on 2021-09-27T00:00:00+00:00
[2023-10-01 07:39:45,343] {standard_task_runner.py:52} INFO - Started process 18826 to run task
[2023-10-01 07:39:45,372] {standard_task_runner.py:76} INFO - Running: ['airflow', 'tasks', 'run', 'our_seventh_dag_v7', 'greet', '2021-09-27T00:00:00+00:00', '--job-id', '1457', '--pool', 'default_pool', '--raw', '--subdir', 'DAGS_FOLDER/our_seventh_dag.py', '--cfg-path', '/tmp/tmpn6hs1js1', '--error-file', '/tmp/tmptxhpv7ha']
[2023-10-01 07:39:45,462] {standard_task_runner.py:77} INFO - Job 1457: Subtask greet
[2023-10-01 07:39:46,164] {logging_mixin.py:104} INFO - Running <TaskInstance: our_seventh_dag_v7.greet 2021-09-27T00:00:00+00:00 [running]> on host d4ed655215d1
[2023-10-01 07:39:46,741] {taskinstance.py:1257} INFO - Exporting the following env vars:
AIRFLOW_CTX_DAG_OWNER=svastikkka
AIRFLOW_CTX_DAG_ID=our_seventh_dag_v7
AIRFLOW_CTX_TASK_ID=greet
AIRFLOW_CTX_EXECUTION_DATE=2021-09-27T00:00:00+00:00
AIRFLOW_CTX_DAG_RUN_ID=scheduled__2021-09-27T00:00:00+00:00
[2023-10-01 07:39:46,871] {logging_mixin.py:104} INFO - Hello My name is Manshu Sharma and I am 26 years old.
[2023-10-01 07:39:46,878] {python.py:118} INFO - Done. Returned value was: None
[2023-10-01 07:39:46,983] {taskinstance.py:1166} INFO - Marking task as SUCCESS. dag_id=our_seventh_dag_v7, task_id=greet, execution_date=20210927T000000, start_date=20231001T073944, end_date=20231001T073946
[2023-10-01 07:39:47,550] {taskinstance.py:1220} INFO - 0 downstream tasks scheduled from follow-on schedule check
[2023-10-01 07:39:47,610] {local_task_job.py:146} INFO - Task exited with return code 0
