[2023-10-01 06:18:42,763] {taskinstance.py:851} INFO - Dependencies all met for <TaskInstance: our_fourth_dag_v4.second_task 2021-12-23T00:00:00+00:00 [queued]>
[2023-10-01 06:18:43,170] {taskinstance.py:851} INFO - Dependencies all met for <TaskInstance: our_fourth_dag_v4.second_task 2021-12-23T00:00:00+00:00 [queued]>
[2023-10-01 06:18:43,179] {taskinstance.py:1042} INFO - 
--------------------------------------------------------------------------------
[2023-10-01 06:18:43,185] {taskinstance.py:1043} INFO - Starting attempt 1 of 6
[2023-10-01 06:18:43,192] {taskinstance.py:1044} INFO - 
--------------------------------------------------------------------------------
[2023-10-01 06:18:43,936] {taskinstance.py:1063} INFO - Executing <Task(BashOperator): second_task> on 2021-12-23T00:00:00+00:00
[2023-10-01 06:18:44,853] {standard_task_runner.py:52} INFO - Started process 6109 to run task
[2023-10-01 06:18:45,041] {standard_task_runner.py:76} INFO - Running: ['airflow', 'tasks', 'run', 'our_fourth_dag_v4', 'second_task', '2021-12-23T00:00:00+00:00', '--job-id', '875', '--pool', 'default_pool', '--raw', '--subdir', 'DAGS_FOLDER/our_fourth_dag.py', '--cfg-path', '/tmp/tmpgdubykj8', '--error-file', '/tmp/tmpkscoy922']
[2023-10-01 06:18:45,617] {standard_task_runner.py:77} INFO - Job 875: Subtask second_task
[2023-10-01 06:18:46,394] {logging_mixin.py:104} INFO - Running <TaskInstance: our_fourth_dag_v4.second_task 2021-12-23T00:00:00+00:00 [running]> on host d4ed655215d1
[2023-10-01 06:18:47,673] {taskinstance.py:1257} INFO - Exporting the following env vars:
AIRFLOW_CTX_DAG_OWNER=svastikkka
AIRFLOW_CTX_DAG_ID=our_fourth_dag_v4
AIRFLOW_CTX_TASK_ID=second_task
AIRFLOW_CTX_EXECUTION_DATE=2021-12-23T00:00:00+00:00
AIRFLOW_CTX_DAG_RUN_ID=scheduled__2021-12-23T00:00:00+00:00
[2023-10-01 06:18:47,707] {bash.py:135} INFO - Tmp dir root location: 
 /tmp
[2023-10-01 06:18:47,826] {bash.py:158} INFO - Running command: echo hey, I am task2 and will be running after task1!
[2023-10-01 06:18:48,726] {bash.py:169} INFO - Output:
[2023-10-01 06:18:48,865] {bash.py:173} INFO - hey, I am task2 and will be running after task1!
[2023-10-01 06:18:48,870] {bash.py:177} INFO - Command exited with return code 0
[2023-10-01 06:18:49,909] {taskinstance.py:1166} INFO - Marking task as SUCCESS. dag_id=our_fourth_dag_v4, task_id=second_task, execution_date=20211223T000000, start_date=20231001T061842, end_date=20231001T061849
[2023-10-01 06:18:50,733] {taskinstance.py:1220} INFO - 0 downstream tasks scheduled from follow-on schedule check
[2023-10-01 06:18:51,221] {local_task_job.py:146} INFO - Task exited with return code 0
