[2023-10-01 07:59:34,741] {taskinstance.py:851} INFO - Dependencies all met for <TaskInstance: our_seventh_dag_v7.get_name 2023-01-23T00:00:00+00:00 [queued]>
[2023-10-01 07:59:34,991] {taskinstance.py:851} INFO - Dependencies all met for <TaskInstance: our_seventh_dag_v7.get_name 2023-01-23T00:00:00+00:00 [queued]>
[2023-10-01 07:59:35,001] {taskinstance.py:1042} INFO - 
--------------------------------------------------------------------------------
[2023-10-01 07:59:35,010] {taskinstance.py:1043} INFO - Starting attempt 1 of 6
[2023-10-01 07:59:35,021] {taskinstance.py:1044} INFO - 
--------------------------------------------------------------------------------
[2023-10-01 07:59:35,206] {taskinstance.py:1063} INFO - Executing <Task(PythonOperator): get_name> on 2023-01-23T00:00:00+00:00
[2023-10-01 07:59:35,283] {standard_task_runner.py:52} INFO - Started process 23961 to run task
[2023-10-01 07:59:35,741] {standard_task_runner.py:76} INFO - Running: ['airflow', 'tasks', 'run', 'our_seventh_dag_v7', 'get_name', '2023-01-23T00:00:00+00:00', '--job-id', '2414', '--pool', 'default_pool', '--raw', '--subdir', 'DAGS_FOLDER/our_seventh_dag.py', '--cfg-path', '/tmp/tmporng2ply', '--error-file', '/tmp/tmp6shq4b3z']
[2023-10-01 07:59:35,863] {standard_task_runner.py:77} INFO - Job 2414: Subtask get_name
[2023-10-01 07:59:37,637] {logging_mixin.py:104} INFO - Running <TaskInstance: our_seventh_dag_v7.get_name 2023-01-23T00:00:00+00:00 [running]> on host d4ed655215d1
[2023-10-01 07:59:39,059] {taskinstance.py:1257} INFO - Exporting the following env vars:
AIRFLOW_CTX_DAG_OWNER=svastikkka
AIRFLOW_CTX_DAG_ID=our_seventh_dag_v7
AIRFLOW_CTX_TASK_ID=get_name
AIRFLOW_CTX_EXECUTION_DATE=2023-01-23T00:00:00+00:00
AIRFLOW_CTX_DAG_RUN_ID=scheduled__2023-01-23T00:00:00+00:00
[2023-10-01 07:59:39,618] {python.py:118} INFO - Done. Returned value was: None
[2023-10-01 07:59:39,773] {taskinstance.py:1166} INFO - Marking task as SUCCESS. dag_id=our_seventh_dag_v7, task_id=get_name, execution_date=20230123T000000, start_date=20231001T075934, end_date=20231001T075939
[2023-10-01 07:59:40,709] {taskinstance.py:1220} INFO - 1 downstream tasks scheduled from follow-on schedule check
[2023-10-01 07:59:46,229] {local_task_job.py:146} INFO - Task exited with return code 0
