[2023-10-01 04:58:18,526] {taskinstance.py:851} INFO - Dependencies all met for <TaskInstance: our_first_dag_v5.first_task 2021-08-09T00:00:00+00:00 [queued]>
[2023-10-01 04:58:18,765] {taskinstance.py:851} INFO - Dependencies all met for <TaskInstance: our_first_dag_v5.first_task 2021-08-09T00:00:00+00:00 [queued]>
[2023-10-01 04:58:18,768] {taskinstance.py:1042} INFO - 
--------------------------------------------------------------------------------
[2023-10-01 04:58:18,771] {taskinstance.py:1043} INFO - Starting attempt 1 of 6
[2023-10-01 04:58:18,775] {taskinstance.py:1044} INFO - 
--------------------------------------------------------------------------------
[2023-10-01 04:58:18,873] {taskinstance.py:1063} INFO - Executing <Task(BashOperator): first_task> on 2021-08-09T00:00:00+00:00
[2023-10-01 04:58:18,940] {standard_task_runner.py:52} INFO - Started process 677 to run task
[2023-10-01 04:58:19,016] {standard_task_runner.py:76} INFO - Running: ['airflow', 'tasks', 'run', 'our_first_dag_v5', 'first_task', '2021-08-09T00:00:00+00:00', '--job-id', '21', '--pool', 'default_pool', '--raw', '--subdir', 'DAGS_FOLDER/our_first_dag.py', '--cfg-path', '/tmp/tmpya4ifoq4', '--error-file', '/tmp/tmpfhr_6osu']
[2023-10-01 04:58:19,122] {standard_task_runner.py:77} INFO - Job 21: Subtask first_task
[2023-10-01 04:58:19,640] {logging_mixin.py:104} INFO - Running <TaskInstance: our_first_dag_v5.first_task 2021-08-09T00:00:00+00:00 [running]> on host c25e1f8124bc
[2023-10-01 04:58:20,406] {taskinstance.py:1257} INFO - Exporting the following env vars:
AIRFLOW_CTX_DAG_OWNER=coder2j
AIRFLOW_CTX_DAG_ID=our_first_dag_v5
AIRFLOW_CTX_TASK_ID=first_task
AIRFLOW_CTX_EXECUTION_DATE=2021-08-09T00:00:00+00:00
AIRFLOW_CTX_DAG_RUN_ID=scheduled__2021-08-09T00:00:00+00:00
[2023-10-01 04:58:20,424] {bash.py:135} INFO - Tmp dir root location: 
 /tmp
[2023-10-01 04:58:20,434] {bash.py:158} INFO - Running command: echo hello world, this is the first task!
[2023-10-01 04:58:20,553] {bash.py:169} INFO - Output:
[2023-10-01 04:58:20,589] {bash.py:173} INFO - hello world, this is the first task!
[2023-10-01 04:58:20,616] {bash.py:177} INFO - Command exited with return code 0
[2023-10-01 04:58:20,856] {taskinstance.py:1166} INFO - Marking task as SUCCESS. dag_id=our_first_dag_v5, task_id=first_task, execution_date=20210809T000000, start_date=20231001T045818, end_date=20231001T045820
[2023-10-01 04:58:21,023] {taskinstance.py:1220} INFO - 0 downstream tasks scheduled from follow-on schedule check
[2023-10-01 04:58:21,185] {local_task_job.py:146} INFO - Task exited with return code 0
