[2023-10-01 07:46:47,884] {taskinstance.py:851} INFO - Dependencies all met for <TaskInstance: our_seventh_dag_v7.greet 2022-04-04T00:00:00+00:00 [queued]>
[2023-10-01 07:46:48,172] {taskinstance.py:851} INFO - Dependencies all met for <TaskInstance: our_seventh_dag_v7.greet 2022-04-04T00:00:00+00:00 [queued]>
[2023-10-01 07:46:48,181] {taskinstance.py:1042} INFO - 
--------------------------------------------------------------------------------
[2023-10-01 07:46:48,190] {taskinstance.py:1043} INFO - Starting attempt 1 of 6
[2023-10-01 07:46:48,196] {taskinstance.py:1044} INFO - 
--------------------------------------------------------------------------------
[2023-10-01 07:46:48,337] {taskinstance.py:1063} INFO - Executing <Task(PythonOperator): greet> on 2022-04-04T00:00:00+00:00
[2023-10-01 07:46:48,422] {standard_task_runner.py:52} INFO - Started process 20778 to run task
[2023-10-01 07:46:48,519] {standard_task_runner.py:76} INFO - Running: ['airflow', 'tasks', 'run', 'our_seventh_dag_v7', 'greet', '2022-04-04T00:00:00+00:00', '--job-id', '1833', '--pool', 'default_pool', '--raw', '--subdir', 'DAGS_FOLDER/our_seventh_dag.py', '--cfg-path', '/tmp/tmpe_sh9sz4', '--error-file', '/tmp/tmpnuvbh1q6']
[2023-10-01 07:46:48,570] {standard_task_runner.py:77} INFO - Job 1833: Subtask greet
[2023-10-01 07:46:49,111] {logging_mixin.py:104} INFO - Running <TaskInstance: our_seventh_dag_v7.greet 2022-04-04T00:00:00+00:00 [running]> on host d4ed655215d1
[2023-10-01 07:46:49,566] {taskinstance.py:1257} INFO - Exporting the following env vars:
AIRFLOW_CTX_DAG_OWNER=svastikkka
AIRFLOW_CTX_DAG_ID=our_seventh_dag_v7
AIRFLOW_CTX_TASK_ID=greet
AIRFLOW_CTX_EXECUTION_DATE=2022-04-04T00:00:00+00:00
AIRFLOW_CTX_DAG_RUN_ID=scheduled__2022-04-04T00:00:00+00:00
[2023-10-01 07:46:49,740] {logging_mixin.py:104} INFO - Hello My name is Manshu Sharma and I am 26 years old.
[2023-10-01 07:46:49,743] {python.py:118} INFO - Done. Returned value was: None
[2023-10-01 07:46:49,960] {taskinstance.py:1166} INFO - Marking task as SUCCESS. dag_id=our_seventh_dag_v7, task_id=greet, execution_date=20220404T000000, start_date=20231001T074647, end_date=20231001T074649
[2023-10-01 07:46:50,262] {taskinstance.py:1220} INFO - 0 downstream tasks scheduled from follow-on schedule check
[2023-10-01 07:46:50,380] {local_task_job.py:146} INFO - Task exited with return code 0
