[2023-10-01 10:19:26,994] {taskinstance.py:851} INFO - Dependencies all met for <TaskInstance: postgres_v2.delete_data_from_table 2021-08-15T00:00:00+00:00 [queued]>
[2023-10-01 10:19:27,380] {taskinstance.py:851} INFO - Dependencies all met for <TaskInstance: postgres_v2.delete_data_from_table 2021-08-15T00:00:00+00:00 [queued]>
[2023-10-01 10:19:27,385] {taskinstance.py:1042} INFO - 
--------------------------------------------------------------------------------
[2023-10-01 10:19:27,414] {taskinstance.py:1043} INFO - Starting attempt 1 of 6
[2023-10-01 10:19:27,419] {taskinstance.py:1044} INFO - 
--------------------------------------------------------------------------------
[2023-10-01 10:19:28,109] {taskinstance.py:1063} INFO - Executing <Task(PostgresOperator): delete_data_from_table> on 2021-08-15T00:00:00+00:00
[2023-10-01 10:19:28,219] {standard_task_runner.py:52} INFO - Started process 48149 to run task
[2023-10-01 10:19:28,281] {standard_task_runner.py:76} INFO - Running: ['airflow', 'tasks', 'run', 'postgres_v2', 'delete_data_from_table', '2021-08-15T00:00:00+00:00', '--job-id', '2754', '--pool', 'default_pool', '--raw', '--subdir', 'DAGS_FOLDER/postgresql_example_2.py', '--cfg-path', '/tmp/tmpg01n36bi', '--error-file', '/tmp/tmpto4ngeum']
[2023-10-01 10:19:28,317] {standard_task_runner.py:77} INFO - Job 2754: Subtask delete_data_from_table
[2023-10-01 10:19:30,779] {logging_mixin.py:104} INFO - Running <TaskInstance: postgres_v2.delete_data_from_table 2021-08-15T00:00:00+00:00 [running]> on host d4ed655215d1
[2023-10-01 10:19:32,319] {taskinstance.py:1257} INFO - Exporting the following env vars:
AIRFLOW_CTX_DAG_OWNER=svastikkka
AIRFLOW_CTX_DAG_ID=postgres_v2
AIRFLOW_CTX_TASK_ID=delete_data_from_table
AIRFLOW_CTX_EXECUTION_DATE=2021-08-15T00:00:00+00:00
AIRFLOW_CTX_DAG_RUN_ID=scheduled__2021-08-15T00:00:00+00:00
[2023-10-01 10:19:32,323] {postgres.py:69} INFO - Executing: 
            delete from dags_run where dt = '2021-08-15' and dag_id = 'postgres_v2';
        
[2023-10-01 10:19:32,551] {base.py:74} INFO - Using connection to: id: posgres_testing. Host: host.docker.internal, Port: 5432, Schema: testing, Login: airflow, Password: XXXXXXXX, extra: None
[2023-10-01 10:19:32,658] {dbapi.py:180} INFO - Running statement: 
            delete from dags_run where dt = '2021-08-15' and dag_id = 'postgres_v2';
        , parameters: None
[2023-10-01 10:19:32,672] {dbapi.py:186} INFO - Rows affected: 0
[2023-10-01 10:19:32,888] {taskinstance.py:1166} INFO - Marking task as SUCCESS. dag_id=postgres_v2, task_id=delete_data_from_table, execution_date=20210815T000000, start_date=20231001T101926, end_date=20231001T101932
[2023-10-01 10:19:33,421] {taskinstance.py:1220} INFO - 1 downstream tasks scheduled from follow-on schedule check
[2023-10-01 10:19:33,706] {local_task_job.py:146} INFO - Task exited with return code 0
