[2023-10-01 10:02:29,592] {taskinstance.py:851} INFO - Dependencies all met for <TaskInstance: postgres_v1.insert_into_table 2021-09-03T00:00:00+00:00 [queued]>
[2023-10-01 10:02:29,833] {taskinstance.py:851} INFO - Dependencies all met for <TaskInstance: postgres_v1.insert_into_table 2021-09-03T00:00:00+00:00 [queued]>
[2023-10-01 10:02:29,835] {taskinstance.py:1042} INFO - 
--------------------------------------------------------------------------------
[2023-10-01 10:02:29,841] {taskinstance.py:1043} INFO - Starting attempt 2 of 6
[2023-10-01 10:02:29,846] {taskinstance.py:1044} INFO - 
--------------------------------------------------------------------------------
[2023-10-01 10:02:29,952] {taskinstance.py:1063} INFO - Executing <Task(PostgresOperator): insert_into_table> on 2021-09-03T00:00:00+00:00
[2023-10-01 10:02:30,035] {standard_task_runner.py:52} INFO - Started process 44833 to run task
[2023-10-01 10:02:30,138] {standard_task_runner.py:76} INFO - Running: ['airflow', 'tasks', 'run', 'postgres_v1', 'insert_into_table', '2021-09-03T00:00:00+00:00', '--job-id', '2655', '--pool', 'default_pool', '--raw', '--subdir', 'DAGS_FOLDER/1_postgresql.py', '--cfg-path', '/tmp/tmpn6ik_4ny', '--error-file', '/tmp/tmppy18bdj8']
[2023-10-01 10:02:30,179] {standard_task_runner.py:77} INFO - Job 2655: Subtask insert_into_table
[2023-10-01 10:02:30,863] {logging_mixin.py:104} INFO - Running <TaskInstance: postgres_v1.insert_into_table 2021-09-03T00:00:00+00:00 [running]> on host d4ed655215d1
[2023-10-01 10:02:31,243] {taskinstance.py:1257} INFO - Exporting the following env vars:
AIRFLOW_CTX_DAG_OWNER=svastikkka
AIRFLOW_CTX_DAG_ID=postgres_v1
AIRFLOW_CTX_TASK_ID=insert_into_table
AIRFLOW_CTX_EXECUTION_DATE=2021-09-03T00:00:00+00:00
AIRFLOW_CTX_DAG_RUN_ID=scheduled__2021-09-03T00:00:00+00:00
[2023-10-01 10:02:31,254] {postgres.py:69} INFO - Executing: 
            insert into dag_runs (dt, dag_id) values ('2021-09-03', 'postgres_v1')
        
[2023-10-01 10:02:31,319] {base.py:74} INFO - Using connection to: id: posgres_testing. Host: host.docker.internal, Port: 5432, Schema: testing, Login: airflow, Password: XXXXXXXX, extra: None
[2023-10-01 10:02:31,417] {dbapi.py:180} INFO - Running statement: 
            insert into dag_runs (dt, dag_id) values ('2021-09-03', 'postgres_v1')
        , parameters: None
[2023-10-01 10:02:31,483] {taskinstance.py:1455} ERROR - relation "dag_runs" does not exist
LINE 2:             insert into dag_runs (dt, dag_id) values ('2021-...
                                ^
Traceback (most recent call last):
  File "/home/airflow/.local/lib/python3.6/site-packages/airflow/models/taskinstance.py", line 1112, in _run_raw_task
    self._prepare_and_execute_task_with_callbacks(context, task)
  File "/home/airflow/.local/lib/python3.6/site-packages/airflow/models/taskinstance.py", line 1285, in _prepare_and_execute_task_with_callbacks
    result = self._execute_task(context, task_copy)
  File "/home/airflow/.local/lib/python3.6/site-packages/airflow/models/taskinstance.py", line 1315, in _execute_task
    result = task_copy.execute(context=context)
  File "/home/airflow/.local/lib/python3.6/site-packages/airflow/providers/postgres/operators/postgres.py", line 71, in execute
    self.hook.run(self.sql, self.autocommit, parameters=self.parameters)
  File "/home/airflow/.local/lib/python3.6/site-packages/airflow/hooks/dbapi.py", line 184, in run
    cur.execute(sql_statement)
psycopg2.errors.UndefinedTable: relation "dag_runs" does not exist
LINE 2:             insert into dag_runs (dt, dag_id) values ('2021-...
                                ^

[2023-10-01 10:02:31,520] {taskinstance.py:1503} INFO - Marking task as UP_FOR_RETRY. dag_id=postgres_v1, task_id=insert_into_table, execution_date=20210903T000000, start_date=20231001T100229, end_date=20231001T100231
[2023-10-01 10:02:31,693] {local_task_job.py:146} INFO - Task exited with return code 1
