[2023-10-01 05:02:25,757] {taskinstance.py:851} INFO - Dependencies all met for <TaskInstance: our_first_dag_v1.first_task 2021-08-15T00:00:00+00:00 [queued]>
[2023-10-01 05:02:25,917] {taskinstance.py:851} INFO - Dependencies all met for <TaskInstance: our_first_dag_v1.first_task 2021-08-15T00:00:00+00:00 [queued]>
[2023-10-01 05:02:25,920] {taskinstance.py:1042} INFO - 
--------------------------------------------------------------------------------
[2023-10-01 05:02:25,922] {taskinstance.py:1043} INFO - Starting attempt 1 of 6
[2023-10-01 05:02:25,924] {taskinstance.py:1044} INFO - 
--------------------------------------------------------------------------------
[2023-10-01 05:02:26,027] {taskinstance.py:1063} INFO - Executing <Task(BashOperator): first_task> on 2021-08-15T00:00:00+00:00
[2023-10-01 05:02:26,057] {standard_task_runner.py:52} INFO - Started process 1044 to run task
[2023-10-01 05:02:26,198] {standard_task_runner.py:76} INFO - Running: ['airflow', 'tasks', 'run', 'our_first_dag_v1', 'first_task', '2021-08-15T00:00:00+00:00', '--job-id', '108', '--pool', 'default_pool', '--raw', '--subdir', 'DAGS_FOLDER/our_first_dag.py', '--cfg-path', '/tmp/tmphy4np5hq', '--error-file', '/tmp/tmpc688la56']
[2023-10-01 05:02:26,242] {standard_task_runner.py:77} INFO - Job 108: Subtask first_task
[2023-10-01 05:02:26,648] {logging_mixin.py:104} INFO - Running <TaskInstance: our_first_dag_v1.first_task 2021-08-15T00:00:00+00:00 [running]> on host c25e1f8124bc
[2023-10-01 05:02:26,893] {taskinstance.py:1257} INFO - Exporting the following env vars:
AIRFLOW_CTX_DAG_OWNER=coder2j
AIRFLOW_CTX_DAG_ID=our_first_dag_v1
AIRFLOW_CTX_TASK_ID=first_task
AIRFLOW_CTX_EXECUTION_DATE=2021-08-15T00:00:00+00:00
AIRFLOW_CTX_DAG_RUN_ID=scheduled__2021-08-15T00:00:00+00:00
[2023-10-01 05:02:26,896] {bash.py:135} INFO - Tmp dir root location: 
 /tmp
[2023-10-01 05:02:26,908] {bash.py:158} INFO - Running command: echo hello world, this is the first task!
[2023-10-01 05:02:26,981] {bash.py:169} INFO - Output:
[2023-10-01 05:02:27,009] {bash.py:173} INFO - hello world, this is the first task!
[2023-10-01 05:02:27,022] {bash.py:177} INFO - Command exited with return code 0
[2023-10-01 05:02:27,183] {taskinstance.py:1166} INFO - Marking task as SUCCESS. dag_id=our_first_dag_v1, task_id=first_task, execution_date=20210815T000000, start_date=20231001T050225, end_date=20231001T050227
[2023-10-01 05:02:27,440] {taskinstance.py:1220} INFO - 0 downstream tasks scheduled from follow-on schedule check
[2023-10-01 05:02:27,557] {local_task_job.py:146} INFO - Task exited with return code 0
[2023-10-01 05:18:34,606] {taskinstance.py:851} INFO - Dependencies all met for <TaskInstance: our_first_dag_v1.first_task 2021-08-15T00:00:00+00:00 [queued]>
[2023-10-01 05:18:34,735] {taskinstance.py:851} INFO - Dependencies all met for <TaskInstance: our_first_dag_v1.first_task 2021-08-15T00:00:00+00:00 [queued]>
[2023-10-01 05:18:34,736] {taskinstance.py:1042} INFO - 
--------------------------------------------------------------------------------
[2023-10-01 05:18:34,744] {taskinstance.py:1043} INFO - Starting attempt 1 of 6
[2023-10-01 05:18:34,745] {taskinstance.py:1044} INFO - 
--------------------------------------------------------------------------------
[2023-10-01 05:18:34,927] {taskinstance.py:1063} INFO - Executing <Task(BashOperator): first_task> on 2021-08-15T00:00:00+00:00
[2023-10-01 05:18:35,131] {standard_task_runner.py:52} INFO - Started process 278 to run task
[2023-10-01 05:18:35,223] {standard_task_runner.py:76} INFO - Running: ['airflow', 'tasks', 'run', 'our_first_dag_v1', 'first_task', '2021-08-15T00:00:00+00:00', '--job-id', '18', '--pool', 'default_pool', '--raw', '--subdir', 'DAGS_FOLDER/our_first_dag.py', '--cfg-path', '/tmp/tmpwgt39tgz', '--error-file', '/tmp/tmpqjz1gfth']
[2023-10-01 05:18:35,254] {standard_task_runner.py:77} INFO - Job 18: Subtask first_task
[2023-10-01 05:18:35,717] {logging_mixin.py:104} INFO - Running <TaskInstance: our_first_dag_v1.first_task 2021-08-15T00:00:00+00:00 [running]> on host d4ed655215d1
[2023-10-01 05:18:36,134] {taskinstance.py:1257} INFO - Exporting the following env vars:
AIRFLOW_CTX_DAG_OWNER=coder2j
AIRFLOW_CTX_DAG_ID=our_first_dag_v1
AIRFLOW_CTX_TASK_ID=first_task
AIRFLOW_CTX_EXECUTION_DATE=2021-08-15T00:00:00+00:00
AIRFLOW_CTX_DAG_RUN_ID=scheduled__2021-08-15T00:00:00+00:00
[2023-10-01 05:18:36,142] {bash.py:135} INFO - Tmp dir root location: 
 /tmp
[2023-10-01 05:18:36,149] {bash.py:158} INFO - Running command: echo hello world, this is the first task!
[2023-10-01 05:18:36,260] {bash.py:169} INFO - Output:
[2023-10-01 05:18:36,336] {bash.py:173} INFO - hello world, this is the first task!
[2023-10-01 05:18:36,341] {bash.py:177} INFO - Command exited with return code 0
[2023-10-01 05:18:36,551] {taskinstance.py:1166} INFO - Marking task as SUCCESS. dag_id=our_first_dag_v1, task_id=first_task, execution_date=20210815T000000, start_date=20231001T051834, end_date=20231001T051836
[2023-10-01 05:18:36,783] {taskinstance.py:1220} INFO - 0 downstream tasks scheduled from follow-on schedule check
[2023-10-01 05:18:36,825] {local_task_job.py:146} INFO - Task exited with return code 0
