[2023-10-01 09:18:53,952] {taskinstance.py:851} INFO - Dependencies all met for <TaskInstance: cron.first_task 2021-08-27T00:00:00+00:00 [queued]>
[2023-10-01 09:18:54,063] {taskinstance.py:851} INFO - Dependencies all met for <TaskInstance: cron.first_task 2021-08-27T00:00:00+00:00 [queued]>
[2023-10-01 09:18:54,065] {taskinstance.py:1042} INFO - 
--------------------------------------------------------------------------------
[2023-10-01 09:18:54,072] {taskinstance.py:1043} INFO - Starting attempt 1 of 6
[2023-10-01 09:18:54,074] {taskinstance.py:1044} INFO - 
--------------------------------------------------------------------------------
[2023-10-01 09:18:54,132] {taskinstance.py:1063} INFO - Executing <Task(BashOperator): first_task> on 2021-08-27T00:00:00+00:00
[2023-10-01 09:18:54,165] {standard_task_runner.py:52} INFO - Started process 34695 to run task
[2023-10-01 09:18:54,469] {standard_task_runner.py:76} INFO - Running: ['airflow', 'tasks', 'run', 'cron', 'first_task', '2021-08-27T00:00:00+00:00', '--job-id', '2519', '--pool', 'default_pool', '--raw', '--subdir', 'DAGS_FOLDER/cron.py', '--cfg-path', '/tmp/tmpb3clccwx', '--error-file', '/tmp/tmpl07eqd_c']
[2023-10-01 09:18:54,584] {standard_task_runner.py:77} INFO - Job 2519: Subtask first_task
[2023-10-01 09:18:55,889] {logging_mixin.py:104} INFO - Running <TaskInstance: cron.first_task 2021-08-27T00:00:00+00:00 [running]> on host d4ed655215d1
[2023-10-01 09:18:56,293] {taskinstance.py:1257} INFO - Exporting the following env vars:
AIRFLOW_CTX_DAG_OWNER=svastikkka
AIRFLOW_CTX_DAG_ID=cron
AIRFLOW_CTX_TASK_ID=first_task
AIRFLOW_CTX_EXECUTION_DATE=2021-08-27T00:00:00+00:00
AIRFLOW_CTX_DAG_RUN_ID=scheduled__2021-08-27T00:00:00+00:00
[2023-10-01 09:18:56,311] {bash.py:135} INFO - Tmp dir root location: 
 /tmp
[2023-10-01 09:18:56,324] {bash.py:158} INFO - Running command: echo hello world, this is the first task!
[2023-10-01 09:18:56,458] {bash.py:169} INFO - Output:
[2023-10-01 09:18:56,462] {bash.py:173} INFO - hello world, this is the first task!
[2023-10-01 09:18:56,491] {bash.py:177} INFO - Command exited with return code 0
[2023-10-01 09:18:56,915] {taskinstance.py:1166} INFO - Marking task as SUCCESS. dag_id=cron, task_id=first_task, execution_date=20210827T000000, start_date=20231001T091853, end_date=20231001T091856
[2023-10-01 09:18:57,227] {taskinstance.py:1220} INFO - 0 downstream tasks scheduled from follow-on schedule check
[2023-10-01 09:18:57,490] {local_task_job.py:146} INFO - Task exited with return code 0
