[2023-10-01 09:58:49,376] {taskinstance.py:851} INFO - Dependencies all met for <TaskInstance: postgres_v1.insert_into_table 2021-08-26T00:00:00+00:00 [queued]>
[2023-10-01 09:58:50,004] {taskinstance.py:851} INFO - Dependencies all met for <TaskInstance: postgres_v1.insert_into_table 2021-08-26T00:00:00+00:00 [queued]>
[2023-10-01 09:58:50,008] {taskinstance.py:1042} INFO - 
--------------------------------------------------------------------------------
[2023-10-01 09:58:50,009] {taskinstance.py:1043} INFO - Starting attempt 1 of 6
[2023-10-01 09:58:50,015] {taskinstance.py:1044} INFO - 
--------------------------------------------------------------------------------
[2023-10-01 09:58:51,204] {taskinstance.py:1063} INFO - Executing <Task(PostgresOperator): insert_into_table> on 2021-08-26T00:00:00+00:00
[2023-10-01 09:58:51,940] {standard_task_runner.py:52} INFO - Started process 44116 to run task
[2023-10-01 09:58:52,531] {standard_task_runner.py:76} INFO - Running: ['airflow', 'tasks', 'run', 'postgres_v1', 'insert_into_table', '2021-08-26T00:00:00+00:00', '--job-id', '2623', '--pool', 'default_pool', '--raw', '--subdir', 'DAGS_FOLDER/1_postgresql.py', '--cfg-path', '/tmp/tmp0tro70su', '--error-file', '/tmp/tmplfrxs0wb']
[2023-10-01 09:58:57,356] {standard_task_runner.py:77} INFO - Job 2623: Subtask insert_into_table
[2023-10-01 09:59:18,016] {logging_mixin.py:104} INFO - Running <TaskInstance: postgres_v1.insert_into_table 2021-08-26T00:00:00+00:00 [running]> on host d4ed655215d1
[2023-10-01 09:59:26,269] {taskinstance.py:1257} INFO - Exporting the following env vars:
AIRFLOW_CTX_DAG_OWNER=svastikkka
AIRFLOW_CTX_DAG_ID=postgres_v1
AIRFLOW_CTX_TASK_ID=insert_into_table
AIRFLOW_CTX_EXECUTION_DATE=2021-08-26T00:00:00+00:00
AIRFLOW_CTX_DAG_RUN_ID=scheduled__2021-08-26T00:00:00+00:00
[2023-10-01 09:59:26,846] {postgres.py:69} INFO - Executing: 
            insert into dag_runs (dt, dag_id) values ('2021-08-26', 'postgres_v1')
        
[2023-10-01 09:59:28,423] {taskinstance.py:1455} ERROR - The conn_id `postgres_localhost` isn't defined
Traceback (most recent call last):
  File "/home/airflow/.local/lib/python3.6/site-packages/airflow/models/taskinstance.py", line 1112, in _run_raw_task
    self._prepare_and_execute_task_with_callbacks(context, task)
  File "/home/airflow/.local/lib/python3.6/site-packages/airflow/models/taskinstance.py", line 1285, in _prepare_and_execute_task_with_callbacks
    result = self._execute_task(context, task_copy)
  File "/home/airflow/.local/lib/python3.6/site-packages/airflow/models/taskinstance.py", line 1315, in _execute_task
    result = task_copy.execute(context=context)
  File "/home/airflow/.local/lib/python3.6/site-packages/airflow/providers/postgres/operators/postgres.py", line 71, in execute
    self.hook.run(self.sql, self.autocommit, parameters=self.parameters)
  File "/home/airflow/.local/lib/python3.6/site-packages/airflow/hooks/dbapi.py", line 173, in run
    with closing(self.get_conn()) as conn:
  File "/home/airflow/.local/lib/python3.6/site-packages/airflow/providers/postgres/hooks/postgres.py", line 83, in get_conn
    conn = self.connection or self.get_connection(conn_id)
  File "/home/airflow/.local/lib/python3.6/site-packages/airflow/hooks/base.py", line 63, in get_connection
    conn = Connection.get_connection_from_secrets(conn_id)
  File "/home/airflow/.local/lib/python3.6/site-packages/airflow/models/connection.py", line 354, in get_connection_from_secrets
    raise AirflowNotFoundException(f"The conn_id `{conn_id}` isn't defined")
airflow.exceptions.AirflowNotFoundException: The conn_id `postgres_localhost` isn't defined
[2023-10-01 09:59:29,016] {taskinstance.py:1503} INFO - Marking task as UP_FOR_RETRY. dag_id=postgres_v1, task_id=insert_into_table, execution_date=20210826T000000, start_date=20231001T095849, end_date=20231001T095928
[2023-10-01 09:59:29,507] {local_task_job.py:188} WARNING - State of this instance has been externally set to None. Terminating instance.
[2023-10-01 09:59:29,594] {process_utils.py:100} INFO - Sending Signals.SIGTERM to GPID 44116
[2023-10-01 09:59:29,670] {taskinstance.py:1239} ERROR - Received SIGTERM. Terminating subprocesses.
[2023-10-01 09:59:30,399] {process_utils.py:66} INFO - Process psutil.Process(pid=44116, status='terminated', exitcode=1, started='09:58:51') (44116) terminated with exit code 1
