[2023-10-01 10:06:18,827] {taskinstance.py:851} INFO - Dependencies all met for <TaskInstance: postgres_v1.insert_into_table 2021-08-26T00:00:00+00:00 [queued]>
[2023-10-01 10:06:18,929] {taskinstance.py:851} INFO - Dependencies all met for <TaskInstance: postgres_v1.insert_into_table 2021-08-26T00:00:00+00:00 [queued]>
[2023-10-01 10:06:18,931] {taskinstance.py:1042} INFO - 
--------------------------------------------------------------------------------
[2023-10-01 10:06:18,936] {taskinstance.py:1043} INFO - Starting attempt 5 of 6
[2023-10-01 10:06:18,938] {taskinstance.py:1044} INFO - 
--------------------------------------------------------------------------------
[2023-10-01 10:06:19,044] {taskinstance.py:1063} INFO - Executing <Task(PostgresOperator): insert_into_table> on 2021-08-26T00:00:00+00:00
[2023-10-01 10:06:19,077] {standard_task_runner.py:52} INFO - Started process 45836 to run task
[2023-10-01 10:06:19,112] {standard_task_runner.py:76} INFO - Running: ['airflow', 'tasks', 'run', 'postgres_v1', 'insert_into_table', '2021-08-26T00:00:00+00:00', '--job-id', '2681', '--pool', 'default_pool', '--raw', '--subdir', 'DAGS_FOLDER/1_postgresql.py', '--cfg-path', '/tmp/tmpry_qx0kf', '--error-file', '/tmp/tmpim0t0x1x']
[2023-10-01 10:06:19,147] {standard_task_runner.py:77} INFO - Job 2681: Subtask insert_into_table
[2023-10-01 10:06:19,658] {logging_mixin.py:104} INFO - Running <TaskInstance: postgres_v1.insert_into_table 2021-08-26T00:00:00+00:00 [running]> on host d4ed655215d1
[2023-10-01 10:06:21,611] {taskinstance.py:1257} INFO - Exporting the following env vars:
AIRFLOW_CTX_DAG_OWNER=svastikkka
AIRFLOW_CTX_DAG_ID=postgres_v1
AIRFLOW_CTX_TASK_ID=insert_into_table
AIRFLOW_CTX_EXECUTION_DATE=2021-08-26T00:00:00+00:00
AIRFLOW_CTX_DAG_RUN_ID=scheduled__2021-08-26T00:00:00+00:00
[2023-10-01 10:06:21,746] {postgres.py:69} INFO - Executing: 
            insert into dags_run (dt, dag_id) values ('2021-08-26', 'postgres_v1')
        
[2023-10-01 10:06:21,976] {base.py:74} INFO - Using connection to: id: posgres_testing. Host: host.docker.internal, Port: 5432, Schema: testing, Login: airflow, Password: XXXXXXXX, extra: None
[2023-10-01 10:06:22,123] {dbapi.py:180} INFO - Running statement: 
            insert into dags_run (dt, dag_id) values ('2021-08-26', 'postgres_v1')
        , parameters: None
[2023-10-01 10:06:22,146] {dbapi.py:186} INFO - Rows affected: 1
[2023-10-01 10:06:22,304] {taskinstance.py:1166} INFO - Marking task as SUCCESS. dag_id=postgres_v1, task_id=insert_into_table, execution_date=20210826T000000, start_date=20231001T100618, end_date=20231001T100622
[2023-10-01 10:06:22,630] {taskinstance.py:1220} INFO - 0 downstream tasks scheduled from follow-on schedule check
[2023-10-01 10:06:22,811] {local_task_job.py:146} INFO - Task exited with return code 0
