[2023-10-01 08:06:56,476] {taskinstance.py:851} INFO - Dependencies all met for <TaskInstance: our_eight_dag_v8.get_age 2021-08-06T00:00:00+00:00 [queued]>
[2023-10-01 08:06:57,683] {taskinstance.py:851} INFO - Dependencies all met for <TaskInstance: our_eight_dag_v8.get_age 2021-08-06T00:00:00+00:00 [queued]>
[2023-10-01 08:06:57,698] {taskinstance.py:1042} INFO - 
--------------------------------------------------------------------------------
[2023-10-01 08:06:57,704] {taskinstance.py:1043} INFO - Starting attempt 1 of 6
[2023-10-01 08:06:57,707] {taskinstance.py:1044} INFO - 
--------------------------------------------------------------------------------
[2023-10-01 08:06:57,760] {taskinstance.py:1063} INFO - Executing <Task(PythonOperator): get_age> on 2021-08-06T00:00:00+00:00
[2023-10-01 08:06:58,090] {standard_task_runner.py:52} INFO - Started process 24685 to run task
[2023-10-01 08:06:58,763] {standard_task_runner.py:76} INFO - Running: ['airflow', 'tasks', 'run', 'our_eight_dag_v8', 'get_age', '2021-08-06T00:00:00+00:00', '--job-id', '2445', '--pool', 'default_pool', '--raw', '--subdir', 'DAGS_FOLDER/our_eight_dag.py', '--cfg-path', '/tmp/tmp9zymb7um', '--error-file', '/tmp/tmps1viqut5']
[2023-10-01 08:06:59,293] {standard_task_runner.py:77} INFO - Job 2445: Subtask get_age
[2023-10-01 08:07:03,903] {logging_mixin.py:104} INFO - Running <TaskInstance: our_eight_dag_v8.get_age 2021-08-06T00:00:00+00:00 [running]> on host d4ed655215d1
[2023-10-01 08:07:10,453] {taskinstance.py:1257} INFO - Exporting the following env vars:
AIRFLOW_CTX_DAG_OWNER=svastikkka
AIRFLOW_CTX_DAG_ID=our_eight_dag_v8
AIRFLOW_CTX_TASK_ID=get_age
AIRFLOW_CTX_EXECUTION_DATE=2021-08-06T00:00:00+00:00
AIRFLOW_CTX_DAG_RUN_ID=scheduled__2021-08-06T00:00:00+00:00
[2023-10-01 08:07:11,438] {python.py:118} INFO - Done. Returned value was: None
[2023-10-01 08:07:12,673] {taskinstance.py:1166} INFO - Marking task as SUCCESS. dag_id=our_eight_dag_v8, task_id=get_age, execution_date=20210806T000000, start_date=20231001T080656, end_date=20231001T080712
[2023-10-01 08:07:19,969] {local_task_job.py:188} WARNING - State of this instance has been externally set to success. Terminating instance.
[2023-10-01 08:07:20,280] {process_utils.py:100} INFO - Sending Signals.SIGTERM to GPID 24685
[2023-10-01 08:07:20,802] {taskinstance.py:1239} ERROR - Received SIGTERM. Terminating subprocesses.
[2023-10-01 08:07:21,113] {process_utils.py:66} INFO - Process psutil.Process(pid=24685, status='terminated', exitcode=1, started='08:06:57') (24685) terminated with exit code 1
