[2023-10-01 06:52:06,705] {taskinstance.py:851} INFO - Dependencies all met for <TaskInstance: our_sixth_dag_v6.greet 2021-09-13T00:00:00+00:00 [queued]>
[2023-10-01 06:52:07,050] {taskinstance.py:851} INFO - Dependencies all met for <TaskInstance: our_sixth_dag_v6.greet 2021-09-13T00:00:00+00:00 [queued]>
[2023-10-01 06:52:07,059] {taskinstance.py:1042} INFO - 
--------------------------------------------------------------------------------
[2023-10-01 06:52:07,061] {taskinstance.py:1043} INFO - Starting attempt 1 of 6
[2023-10-01 06:52:07,071] {taskinstance.py:1044} INFO - 
--------------------------------------------------------------------------------
[2023-10-01 06:52:07,216] {taskinstance.py:1063} INFO - Executing <Task(PythonOperator): greet> on 2021-09-13T00:00:00+00:00
[2023-10-01 06:52:07,291] {standard_task_runner.py:52} INFO - Started process 10587 to run task
[2023-10-01 06:52:07,375] {standard_task_runner.py:76} INFO - Running: ['airflow', 'tasks', 'run', 'our_sixth_dag_v6', 'greet', '2021-09-13T00:00:00+00:00', '--job-id', '1148', '--pool', 'default_pool', '--raw', '--subdir', 'DAGS_FOLDER/our_sixth_dag.py', '--cfg-path', '/tmp/tmp7jy6chc4', '--error-file', '/tmp/tmphvmxiodf']
[2023-10-01 06:52:07,438] {standard_task_runner.py:77} INFO - Job 1148: Subtask greet
[2023-10-01 06:52:08,520] {logging_mixin.py:104} INFO - Running <TaskInstance: our_sixth_dag_v6.greet 2021-09-13T00:00:00+00:00 [running]> on host d4ed655215d1
[2023-10-01 06:52:08,895] {taskinstance.py:1257} INFO - Exporting the following env vars:
AIRFLOW_CTX_DAG_OWNER=svastikkka
AIRFLOW_CTX_DAG_ID=our_sixth_dag_v6
AIRFLOW_CTX_TASK_ID=greet
AIRFLOW_CTX_EXECUTION_DATE=2021-09-13T00:00:00+00:00
AIRFLOW_CTX_DAG_RUN_ID=scheduled__2021-09-13T00:00:00+00:00
[2023-10-01 06:52:09,040] {logging_mixin.py:104} INFO - Hello My name is Manshu and I am 20 years old.
[2023-10-01 06:52:09,051] {python.py:118} INFO - Done. Returned value was: None
[2023-10-01 06:52:09,200] {taskinstance.py:1166} INFO - Marking task as SUCCESS. dag_id=our_sixth_dag_v6, task_id=greet, execution_date=20210913T000000, start_date=20231001T065206, end_date=20231001T065209
[2023-10-01 06:52:09,343] {taskinstance.py:1220} INFO - 0 downstream tasks scheduled from follow-on schedule check
[2023-10-01 06:52:09,464] {local_task_job.py:146} INFO - Task exited with return code 0
