[2023-10-01 07:47:50,803] {taskinstance.py:851} INFO - Dependencies all met for <TaskInstance: our_seventh_dag_v7.greet 2022-05-04T00:00:00+00:00 [queued]>
[2023-10-01 07:47:50,982] {taskinstance.py:851} INFO - Dependencies all met for <TaskInstance: our_seventh_dag_v7.greet 2022-05-04T00:00:00+00:00 [queued]>
[2023-10-01 07:47:50,985] {taskinstance.py:1042} INFO - 
--------------------------------------------------------------------------------
[2023-10-01 07:47:50,986] {taskinstance.py:1043} INFO - Starting attempt 1 of 6
[2023-10-01 07:47:50,994] {taskinstance.py:1044} INFO - 
--------------------------------------------------------------------------------
[2023-10-01 07:47:51,106] {taskinstance.py:1063} INFO - Executing <Task(PythonOperator): greet> on 2022-05-04T00:00:00+00:00
[2023-10-01 07:47:51,140] {standard_task_runner.py:52} INFO - Started process 21079 to run task
[2023-10-01 07:47:51,217] {standard_task_runner.py:76} INFO - Running: ['airflow', 'tasks', 'run', 'our_seventh_dag_v7', 'greet', '2022-05-04T00:00:00+00:00', '--job-id', '1895', '--pool', 'default_pool', '--raw', '--subdir', 'DAGS_FOLDER/our_seventh_dag.py', '--cfg-path', '/tmp/tmpmul31gc3', '--error-file', '/tmp/tmpwx0cyq9c']
[2023-10-01 07:47:51,249] {standard_task_runner.py:77} INFO - Job 1895: Subtask greet
[2023-10-01 07:47:51,844] {logging_mixin.py:104} INFO - Running <TaskInstance: our_seventh_dag_v7.greet 2022-05-04T00:00:00+00:00 [running]> on host d4ed655215d1
[2023-10-01 07:47:52,781] {taskinstance.py:1257} INFO - Exporting the following env vars:
AIRFLOW_CTX_DAG_OWNER=svastikkka
AIRFLOW_CTX_DAG_ID=our_seventh_dag_v7
AIRFLOW_CTX_TASK_ID=greet
AIRFLOW_CTX_EXECUTION_DATE=2022-05-04T00:00:00+00:00
AIRFLOW_CTX_DAG_RUN_ID=scheduled__2022-05-04T00:00:00+00:00
[2023-10-01 07:47:52,919] {logging_mixin.py:104} INFO - Hello My name is Manshu Sharma and I am 26 years old.
[2023-10-01 07:47:52,926] {python.py:118} INFO - Done. Returned value was: None
[2023-10-01 07:47:53,040] {taskinstance.py:1166} INFO - Marking task as SUCCESS. dag_id=our_seventh_dag_v7, task_id=greet, execution_date=20220504T000000, start_date=20231001T074750, end_date=20231001T074753
[2023-10-01 07:47:54,103] {taskinstance.py:1220} INFO - 0 downstream tasks scheduled from follow-on schedule check
[2023-10-01 07:47:54,308] {local_task_job.py:146} INFO - Task exited with return code 0
