[2023-10-01 05:06:26,888] {taskinstance.py:851} INFO - Dependencies all met for <TaskInstance: our_first_dag_v1.first_task 2022-02-06T00:00:00+00:00 [queued]>
[2023-10-01 05:06:27,087] {taskinstance.py:851} INFO - Dependencies all met for <TaskInstance: our_first_dag_v1.first_task 2022-02-06T00:00:00+00:00 [queued]>
[2023-10-01 05:06:27,088] {taskinstance.py:1042} INFO - 
--------------------------------------------------------------------------------
[2023-10-01 05:06:27,090] {taskinstance.py:1043} INFO - Starting attempt 1 of 6
[2023-10-01 05:06:27,097] {taskinstance.py:1044} INFO - 
--------------------------------------------------------------------------------
[2023-10-01 05:06:27,163] {taskinstance.py:1063} INFO - Executing <Task(BashOperator): first_task> on 2022-02-06T00:00:00+00:00
[2023-10-01 05:06:27,201] {standard_task_runner.py:52} INFO - Started process 1668 to run task
[2023-10-01 05:06:27,311] {standard_task_runner.py:76} INFO - Running: ['airflow', 'tasks', 'run', 'our_first_dag_v1', 'first_task', '2022-02-06T00:00:00+00:00', '--job-id', '283', '--pool', 'default_pool', '--raw', '--subdir', 'DAGS_FOLDER/our_first_dag.py', '--cfg-path', '/tmp/tmp7rylmum5', '--error-file', '/tmp/tmpf4biz59d']
[2023-10-01 05:06:27,396] {standard_task_runner.py:77} INFO - Job 283: Subtask first_task
[2023-10-01 05:06:28,082] {logging_mixin.py:104} INFO - Running <TaskInstance: our_first_dag_v1.first_task 2022-02-06T00:00:00+00:00 [running]> on host c25e1f8124bc
[2023-10-01 05:06:28,401] {taskinstance.py:1257} INFO - Exporting the following env vars:
AIRFLOW_CTX_DAG_OWNER=coder2j
AIRFLOW_CTX_DAG_ID=our_first_dag_v1
AIRFLOW_CTX_TASK_ID=first_task
AIRFLOW_CTX_EXECUTION_DATE=2022-02-06T00:00:00+00:00
AIRFLOW_CTX_DAG_RUN_ID=scheduled__2022-02-06T00:00:00+00:00
[2023-10-01 05:06:28,414] {bash.py:135} INFO - Tmp dir root location: 
 /tmp
[2023-10-01 05:06:28,427] {bash.py:158} INFO - Running command: echo hello world, this is the first task!
[2023-10-01 05:06:28,514] {bash.py:169} INFO - Output:
[2023-10-01 05:06:28,535] {bash.py:173} INFO - hello world, this is the first task!
[2023-10-01 05:06:28,539] {bash.py:177} INFO - Command exited with return code 0
[2023-10-01 05:06:28,711] {taskinstance.py:1166} INFO - Marking task as SUCCESS. dag_id=our_first_dag_v1, task_id=first_task, execution_date=20220206T000000, start_date=20231001T050626, end_date=20231001T050628
[2023-10-01 05:06:28,908] {taskinstance.py:1220} INFO - 0 downstream tasks scheduled from follow-on schedule check
[2023-10-01 05:06:29,037] {local_task_job.py:146} INFO - Task exited with return code 0
