[2023-10-01 06:01:41,506] {taskinstance.py:851} INFO - Dependencies all met for <TaskInstance: our_third_dag_v3.second_task 2021-10-08T00:00:00+00:00 [queued]>
[2023-10-01 06:01:41,884] {taskinstance.py:851} INFO - Dependencies all met for <TaskInstance: our_third_dag_v3.second_task 2021-10-08T00:00:00+00:00 [queued]>
[2023-10-01 06:01:41,896] {taskinstance.py:1042} INFO - 
--------------------------------------------------------------------------------
[2023-10-01 06:01:41,900] {taskinstance.py:1043} INFO - Starting attempt 1 of 6
[2023-10-01 06:01:41,903] {taskinstance.py:1044} INFO - 
--------------------------------------------------------------------------------
[2023-10-01 06:01:42,039] {taskinstance.py:1063} INFO - Executing <Task(BashOperator): second_task> on 2021-10-08T00:00:00+00:00
[2023-10-01 06:01:42,127] {standard_task_runner.py:52} INFO - Started process 3313 to run task
[2023-10-01 06:01:42,277] {standard_task_runner.py:76} INFO - Running: ['airflow', 'tasks', 'run', 'our_third_dag_v3', 'second_task', '2021-10-08T00:00:00+00:00', '--job-id', '369', '--pool', 'default_pool', '--raw', '--subdir', 'DAGS_FOLDER/our_third_dag.py', '--cfg-path', '/tmp/tmp98appc03', '--error-file', '/tmp/tmp1m48gx2p']
[2023-10-01 06:01:42,417] {standard_task_runner.py:77} INFO - Job 369: Subtask second_task
[2023-10-01 06:01:44,051] {logging_mixin.py:104} INFO - Running <TaskInstance: our_third_dag_v3.second_task 2021-10-08T00:00:00+00:00 [running]> on host d4ed655215d1
[2023-10-01 06:01:45,697] {taskinstance.py:1257} INFO - Exporting the following env vars:
AIRFLOW_CTX_DAG_OWNER=coder2j
AIRFLOW_CTX_DAG_ID=our_third_dag_v3
AIRFLOW_CTX_TASK_ID=second_task
AIRFLOW_CTX_EXECUTION_DATE=2021-10-08T00:00:00+00:00
AIRFLOW_CTX_DAG_RUN_ID=scheduled__2021-10-08T00:00:00+00:00
[2023-10-01 06:01:45,720] {bash.py:135} INFO - Tmp dir root location: 
 /tmp
[2023-10-01 06:01:45,743] {bash.py:158} INFO - Running command: echo hey, I am task2 and will be running after task1!
[2023-10-01 06:01:46,350] {bash.py:169} INFO - Output:
[2023-10-01 06:01:46,497] {bash.py:173} INFO - hey, I am task2 and will be running after task1!
[2023-10-01 06:01:46,532] {bash.py:177} INFO - Command exited with return code 0
[2023-10-01 06:01:46,912] {taskinstance.py:1166} INFO - Marking task as SUCCESS. dag_id=our_third_dag_v3, task_id=second_task, execution_date=20211008T000000, start_date=20231001T060141, end_date=20231001T060146
[2023-10-01 06:01:48,380] {local_task_job.py:188} WARNING - State of this instance has been externally set to success. Terminating instance.
[2023-10-01 06:01:48,399] {process_utils.py:100} INFO - Sending Signals.SIGTERM to GPID 3313
[2023-10-01 06:01:51,373] {taskinstance.py:1239} ERROR - Received SIGTERM. Terminating subprocesses.
[2023-10-01 06:01:51,749] {bash.py:185} INFO - Sending SIGTERM signal to bash process group
[2023-10-01 06:01:53,871] {process_utils.py:66} INFO - Process psutil.Process(pid=3313, status='terminated', exitcode=1, started='06:01:41') (3313) terminated with exit code 1
