[2023-10-01 10:06:57,919] {taskinstance.py:851} INFO - Dependencies all met for <TaskInstance: postgres_v1.create_postgres_connection 2021-09-11T00:00:00+00:00 [queued]>
[2023-10-01 10:07:00,789] {taskinstance.py:851} INFO - Dependencies all met for <TaskInstance: postgres_v1.create_postgres_connection 2021-09-11T00:00:00+00:00 [queued]>
[2023-10-01 10:07:00,792] {taskinstance.py:1042} INFO - 
--------------------------------------------------------------------------------
[2023-10-01 10:07:00,805] {taskinstance.py:1043} INFO - Starting attempt 1 of 6
[2023-10-01 10:07:00,807] {taskinstance.py:1044} INFO - 
--------------------------------------------------------------------------------
[2023-10-01 10:07:01,243] {taskinstance.py:1063} INFO - Executing <Task(PostgresOperator): create_postgres_connection> on 2021-09-11T00:00:00+00:00
[2023-10-01 10:07:01,419] {standard_task_runner.py:52} INFO - Started process 45955 to run task
[2023-10-01 10:07:01,662] {standard_task_runner.py:76} INFO - Running: ['airflow', 'tasks', 'run', 'postgres_v1', 'create_postgres_connection', '2021-09-11T00:00:00+00:00', '--job-id', '2693', '--pool', 'default_pool', '--raw', '--subdir', 'DAGS_FOLDER/1_postgresql.py', '--cfg-path', '/tmp/tmp0obbampq', '--error-file', '/tmp/tmpy9iabgmc']
[2023-10-01 10:07:01,701] {standard_task_runner.py:77} INFO - Job 2693: Subtask create_postgres_connection
[2023-10-01 10:07:02,542] {logging_mixin.py:104} INFO - Running <TaskInstance: postgres_v1.create_postgres_connection 2021-09-11T00:00:00+00:00 [running]> on host d4ed655215d1
[2023-10-01 10:07:15,038] {taskinstance.py:1257} INFO - Exporting the following env vars:
AIRFLOW_CTX_DAG_OWNER=svastikkka
AIRFLOW_CTX_DAG_ID=postgres_v1
AIRFLOW_CTX_TASK_ID=create_postgres_connection
AIRFLOW_CTX_EXECUTION_DATE=2021-09-11T00:00:00+00:00
AIRFLOW_CTX_DAG_RUN_ID=scheduled__2021-09-11T00:00:00+00:00
[2023-10-01 10:07:15,439] {postgres.py:69} INFO - Executing: create table if not exists dags_run(
        dt  date,
        dag_id character varying,
        primary key (dt,dag_id)
        )
[2023-10-01 10:07:16,436] {base.py:74} INFO - Using connection to: id: posgres_testing. Host: host.docker.internal, Port: 5432, Schema: testing, Login: airflow, Password: XXXXXXXX, extra: None
[2023-10-01 10:07:16,627] {dbapi.py:180} INFO - Running statement: create table if not exists dags_run(
        dt  date,
        dag_id character varying,
        primary key (dt,dag_id)
        ), parameters: None
[2023-10-01 10:07:16,649] {dbapi.py:186} INFO - Rows affected: -1
[2023-10-01 10:07:16,690] {postgres.py:73} INFO - NOTICE:  relation "dags_run" already exists, skipping

[2023-10-01 10:07:17,385] {taskinstance.py:1166} INFO - Marking task as SUCCESS. dag_id=postgres_v1, task_id=create_postgres_connection, execution_date=20210911T000000, start_date=20231001T100659, end_date=20231001T100717
[2023-10-01 10:07:18,720] {taskinstance.py:1220} INFO - 1 downstream tasks scheduled from follow-on schedule check
[2023-10-01 10:07:18,952] {local_task_job.py:146} INFO - Task exited with return code 0
