[2023-10-01 08:08:01,727] {taskinstance.py:851} INFO - Dependencies all met for <TaskInstance: our_eight_dag_v8.get_name 2021-08-11T00:00:00+00:00 [queued]>
[2023-10-01 08:08:03,842] {taskinstance.py:851} INFO - Dependencies all met for <TaskInstance: our_eight_dag_v8.get_name 2021-08-11T00:00:00+00:00 [queued]>
[2023-10-01 08:08:03,853] {taskinstance.py:1042} INFO - 
--------------------------------------------------------------------------------
[2023-10-01 08:08:03,866] {taskinstance.py:1043} INFO - Starting attempt 1 of 6
[2023-10-01 08:08:03,893] {taskinstance.py:1044} INFO - 
--------------------------------------------------------------------------------
[2023-10-01 08:08:04,896] {taskinstance.py:1063} INFO - Executing <Task(PythonOperator): get_name> on 2021-08-11T00:00:00+00:00
[2023-10-01 08:08:04,979] {standard_task_runner.py:52} INFO - Started process 24776 to run task
[2023-10-01 08:08:05,106] {standard_task_runner.py:76} INFO - Running: ['airflow', 'tasks', 'run', 'our_eight_dag_v8', 'get_name', '2021-08-11T00:00:00+00:00', '--job-id', '2462', '--pool', 'default_pool', '--raw', '--subdir', 'DAGS_FOLDER/our_eight_dag.py', '--cfg-path', '/tmp/tmp4d2xkrkk', '--error-file', '/tmp/tmpsnffdsf1']
[2023-10-01 08:08:05,750] {standard_task_runner.py:77} INFO - Job 2462: Subtask get_name
[2023-10-01 08:08:07,953] {logging_mixin.py:104} INFO - Running <TaskInstance: our_eight_dag_v8.get_name 2021-08-11T00:00:00+00:00 [running]> on host d4ed655215d1
[2023-10-01 08:08:09,221] {taskinstance.py:1257} INFO - Exporting the following env vars:
AIRFLOW_CTX_DAG_OWNER=svastikkka
AIRFLOW_CTX_DAG_ID=our_eight_dag_v8
AIRFLOW_CTX_TASK_ID=get_name
AIRFLOW_CTX_EXECUTION_DATE=2021-08-11T00:00:00+00:00
AIRFLOW_CTX_DAG_RUN_ID=scheduled__2021-08-11T00:00:00+00:00
[2023-10-01 08:08:09,781] {python.py:118} INFO - Done. Returned value was: None
[2023-10-01 08:08:09,922] {taskinstance.py:1166} INFO - Marking task as SUCCESS. dag_id=our_eight_dag_v8, task_id=get_name, execution_date=20210811T000000, start_date=20231001T080801, end_date=20231001T080809
[2023-10-01 08:08:10,352] {taskinstance.py:1220} INFO - 0 downstream tasks scheduled from follow-on schedule check
[2023-10-01 08:08:10,366] {local_task_job.py:188} WARNING - State of this instance has been externally set to success. Terminating instance.
[2023-10-01 08:08:10,454] {process_utils.py:100} INFO - Sending Signals.SIGTERM to GPID 24776
[2023-10-01 08:08:10,593] {process_utils.py:66} INFO - Process psutil.Process(pid=24776, status='terminated', exitcode=0, started='08:08:04') (24776) terminated with exit code 0
