[2023-10-01 07:52:37,099] {taskinstance.py:851} INFO - Dependencies all met for <TaskInstance: our_seventh_dag_v7.greet 2022-09-28T00:00:00+00:00 [queued]>
[2023-10-01 07:52:38,466] {taskinstance.py:851} INFO - Dependencies all met for <TaskInstance: our_seventh_dag_v7.greet 2022-09-28T00:00:00+00:00 [queued]>
[2023-10-01 07:52:38,474] {taskinstance.py:1042} INFO - 
--------------------------------------------------------------------------------
[2023-10-01 07:52:38,501] {taskinstance.py:1043} INFO - Starting attempt 1 of 6
[2023-10-01 07:52:38,505] {taskinstance.py:1044} INFO - 
--------------------------------------------------------------------------------
[2023-10-01 07:52:39,036] {taskinstance.py:1063} INFO - Executing <Task(PythonOperator): greet> on 2022-09-28T00:00:00+00:00
[2023-10-01 07:52:39,122] {standard_task_runner.py:52} INFO - Started process 22497 to run task
[2023-10-01 07:52:39,341] {standard_task_runner.py:76} INFO - Running: ['airflow', 'tasks', 'run', 'our_seventh_dag_v7', 'greet', '2022-09-28T00:00:00+00:00', '--job-id', '2189', '--pool', 'default_pool', '--raw', '--subdir', 'DAGS_FOLDER/our_seventh_dag.py', '--cfg-path', '/tmp/tmpkk5ppr0d', '--error-file', '/tmp/tmplx333vuo']
[2023-10-01 07:52:39,538] {standard_task_runner.py:77} INFO - Job 2189: Subtask greet
[2023-10-01 07:52:41,112] {logging_mixin.py:104} INFO - Running <TaskInstance: our_seventh_dag_v7.greet 2022-09-28T00:00:00+00:00 [running]> on host d4ed655215d1
[2023-10-01 07:52:42,152] {taskinstance.py:1257} INFO - Exporting the following env vars:
AIRFLOW_CTX_DAG_OWNER=svastikkka
AIRFLOW_CTX_DAG_ID=our_seventh_dag_v7
AIRFLOW_CTX_TASK_ID=greet
AIRFLOW_CTX_EXECUTION_DATE=2022-09-28T00:00:00+00:00
AIRFLOW_CTX_DAG_RUN_ID=scheduled__2022-09-28T00:00:00+00:00
[2023-10-01 07:52:42,277] {logging_mixin.py:104} INFO - Hello My name is Manshu Sharma and I am 26 years old.
[2023-10-01 07:52:42,280] {python.py:118} INFO - Done. Returned value was: None
[2023-10-01 07:52:42,430] {taskinstance.py:1166} INFO - Marking task as SUCCESS. dag_id=our_seventh_dag_v7, task_id=greet, execution_date=20220928T000000, start_date=20231001T075237, end_date=20231001T075242
[2023-10-01 07:52:42,987] {taskinstance.py:1220} INFO - 0 downstream tasks scheduled from follow-on schedule check
[2023-10-01 07:52:43,300] {local_task_job.py:146} INFO - Task exited with return code 0
