[2023-10-01 06:16:41,448] {taskinstance.py:851} INFO - Dependencies all met for <TaskInstance: our_fourth_dag_v4.second_task 2021-11-15T00:00:00+00:00 [queued]>
[2023-10-01 06:16:41,634] {taskinstance.py:851} INFO - Dependencies all met for <TaskInstance: our_fourth_dag_v4.second_task 2021-11-15T00:00:00+00:00 [queued]>
[2023-10-01 06:16:41,635] {taskinstance.py:1042} INFO - 
--------------------------------------------------------------------------------
[2023-10-01 06:16:41,650] {taskinstance.py:1043} INFO - Starting attempt 1 of 6
[2023-10-01 06:16:41,652] {taskinstance.py:1044} INFO - 
--------------------------------------------------------------------------------
[2023-10-01 06:16:41,727] {taskinstance.py:1063} INFO - Executing <Task(BashOperator): second_task> on 2021-11-15T00:00:00+00:00
[2023-10-01 06:16:41,758] {standard_task_runner.py:52} INFO - Started process 5577 to run task
[2023-10-01 06:16:41,921] {standard_task_runner.py:76} INFO - Running: ['airflow', 'tasks', 'run', 'our_fourth_dag_v4', 'second_task', '2021-11-15T00:00:00+00:00', '--job-id', '762', '--pool', 'default_pool', '--raw', '--subdir', 'DAGS_FOLDER/our_fourth_dag.py', '--cfg-path', '/tmp/tmp75ufqroe', '--error-file', '/tmp/tmpb28bixx4']
[2023-10-01 06:16:42,059] {standard_task_runner.py:77} INFO - Job 762: Subtask second_task
[2023-10-01 06:16:43,072] {logging_mixin.py:104} INFO - Running <TaskInstance: our_fourth_dag_v4.second_task 2021-11-15T00:00:00+00:00 [running]> on host d4ed655215d1
[2023-10-01 06:16:44,115] {taskinstance.py:1257} INFO - Exporting the following env vars:
AIRFLOW_CTX_DAG_OWNER=svastikkka
AIRFLOW_CTX_DAG_ID=our_fourth_dag_v4
AIRFLOW_CTX_TASK_ID=second_task
AIRFLOW_CTX_EXECUTION_DATE=2021-11-15T00:00:00+00:00
AIRFLOW_CTX_DAG_RUN_ID=scheduled__2021-11-15T00:00:00+00:00
[2023-10-01 06:16:44,174] {bash.py:135} INFO - Tmp dir root location: 
 /tmp
[2023-10-01 06:16:44,247] {bash.py:158} INFO - Running command: echo hey, I am task2 and will be running after task1!
[2023-10-01 06:16:44,493] {bash.py:169} INFO - Output:
[2023-10-01 06:16:44,601] {bash.py:173} INFO - hey, I am task2 and will be running after task1!
[2023-10-01 06:16:44,617] {bash.py:177} INFO - Command exited with return code 0
[2023-10-01 06:16:45,172] {taskinstance.py:1166} INFO - Marking task as SUCCESS. dag_id=our_fourth_dag_v4, task_id=second_task, execution_date=20211115T000000, start_date=20231001T061641, end_date=20231001T061645
[2023-10-01 06:16:45,775] {taskinstance.py:1220} INFO - 0 downstream tasks scheduled from follow-on schedule check
[2023-10-01 06:16:45,815] {local_task_job.py:146} INFO - Task exited with return code 0
