[2023-10-01 07:42:22,181] {taskinstance.py:851} INFO - Dependencies all met for <TaskInstance: our_seventh_dag_v7.get_name 2021-12-05T00:00:00+00:00 [queued]>
[2023-10-01 07:42:22,270] {taskinstance.py:851} INFO - Dependencies all met for <TaskInstance: our_seventh_dag_v7.get_name 2021-12-05T00:00:00+00:00 [queued]>
[2023-10-01 07:42:22,274] {taskinstance.py:1042} INFO - 
--------------------------------------------------------------------------------
[2023-10-01 07:42:22,276] {taskinstance.py:1043} INFO - Starting attempt 1 of 6
[2023-10-01 07:42:22,278] {taskinstance.py:1044} INFO - 
--------------------------------------------------------------------------------
[2023-10-01 07:42:22,309] {taskinstance.py:1063} INFO - Executing <Task(PythonOperator): get_name> on 2021-12-05T00:00:00+00:00
[2023-10-01 07:42:22,328] {standard_task_runner.py:52} INFO - Started process 19534 to run task
[2023-10-01 07:42:22,387] {standard_task_runner.py:76} INFO - Running: ['airflow', 'tasks', 'run', 'our_seventh_dag_v7', 'get_name', '2021-12-05T00:00:00+00:00', '--job-id', '1589', '--pool', 'default_pool', '--raw', '--subdir', 'DAGS_FOLDER/our_seventh_dag.py', '--cfg-path', '/tmp/tmp94oexxzc', '--error-file', '/tmp/tmp4anrk2ew']
[2023-10-01 07:42:22,437] {standard_task_runner.py:77} INFO - Job 1589: Subtask get_name
[2023-10-01 07:42:23,552] {logging_mixin.py:104} INFO - Running <TaskInstance: our_seventh_dag_v7.get_name 2021-12-05T00:00:00+00:00 [running]> on host d4ed655215d1
[2023-10-01 07:42:24,418] {taskinstance.py:1257} INFO - Exporting the following env vars:
AIRFLOW_CTX_DAG_OWNER=svastikkka
AIRFLOW_CTX_DAG_ID=our_seventh_dag_v7
AIRFLOW_CTX_TASK_ID=get_name
AIRFLOW_CTX_EXECUTION_DATE=2021-12-05T00:00:00+00:00
AIRFLOW_CTX_DAG_RUN_ID=scheduled__2021-12-05T00:00:00+00:00
[2023-10-01 07:42:24,621] {python.py:118} INFO - Done. Returned value was: None
[2023-10-01 07:42:24,723] {taskinstance.py:1166} INFO - Marking task as SUCCESS. dag_id=our_seventh_dag_v7, task_id=get_name, execution_date=20211205T000000, start_date=20231001T074222, end_date=20231001T074224
[2023-10-01 07:42:24,892] {taskinstance.py:1220} INFO - 1 downstream tasks scheduled from follow-on schedule check
[2023-10-01 07:42:25,002] {local_task_job.py:146} INFO - Task exited with return code 0
