[2023-10-01 07:36:46,408] {taskinstance.py:851} INFO - Dependencies all met for <TaskInstance: our_seventh_dag_v7.greet 2021-08-07T00:00:00+00:00 [queued]>
[2023-10-01 07:36:46,586] {taskinstance.py:851} INFO - Dependencies all met for <TaskInstance: our_seventh_dag_v7.greet 2021-08-07T00:00:00+00:00 [queued]>
[2023-10-01 07:36:46,588] {taskinstance.py:1042} INFO - 
--------------------------------------------------------------------------------
[2023-10-01 07:36:46,589] {taskinstance.py:1043} INFO - Starting attempt 2 of 6
[2023-10-01 07:36:46,591] {taskinstance.py:1044} INFO - 
--------------------------------------------------------------------------------
[2023-10-01 07:36:46,662] {taskinstance.py:1063} INFO - Executing <Task(PythonOperator): greet> on 2021-08-07T00:00:00+00:00
[2023-10-01 07:36:46,702] {standard_task_runner.py:52} INFO - Started process 18306 to run task
[2023-10-01 07:36:46,741] {standard_task_runner.py:76} INFO - Running: ['airflow', 'tasks', 'run', 'our_seventh_dag_v7', 'greet', '2021-08-07T00:00:00+00:00', '--job-id', '1383', '--pool', 'default_pool', '--raw', '--subdir', 'DAGS_FOLDER/our_seventh_dag.py', '--cfg-path', '/tmp/tmp0uu9rod1', '--error-file', '/tmp/tmp721zwjqq']
[2023-10-01 07:36:46,775] {standard_task_runner.py:77} INFO - Job 1383: Subtask greet
[2023-10-01 07:36:47,230] {logging_mixin.py:104} INFO - Running <TaskInstance: our_seventh_dag_v7.greet 2021-08-07T00:00:00+00:00 [running]> on host d4ed655215d1
[2023-10-01 07:36:47,528] {taskinstance.py:1257} INFO - Exporting the following env vars:
AIRFLOW_CTX_DAG_OWNER=svastikkka
AIRFLOW_CTX_DAG_ID=our_seventh_dag_v7
AIRFLOW_CTX_TASK_ID=greet
AIRFLOW_CTX_EXECUTION_DATE=2021-08-07T00:00:00+00:00
AIRFLOW_CTX_DAG_RUN_ID=scheduled__2021-08-07T00:00:00+00:00
[2023-10-01 07:36:47,626] {logging_mixin.py:104} INFO - Hello My name is Manshu, The great  Sharma and I am 26 years old.
[2023-10-01 07:36:47,628] {python.py:118} INFO - Done. Returned value was: None
[2023-10-01 07:36:47,683] {taskinstance.py:1166} INFO - Marking task as SUCCESS. dag_id=our_seventh_dag_v7, task_id=greet, execution_date=20210807T000000, start_date=20231001T073646, end_date=20231001T073647
[2023-10-01 07:36:48,044] {taskinstance.py:1220} INFO - 0 downstream tasks scheduled from follow-on schedule check
[2023-10-01 07:36:48,114] {local_task_job.py:146} INFO - Task exited with return code 0
