[2023-10-01 06:16:04,746] {taskinstance.py:851} INFO - Dependencies all met for <TaskInstance: our_fourth_dag_v4.first_task 2021-11-15T00:00:00+00:00 [queued]>
[2023-10-01 06:16:05,327] {taskinstance.py:851} INFO - Dependencies all met for <TaskInstance: our_fourth_dag_v4.first_task 2021-11-15T00:00:00+00:00 [queued]>
[2023-10-01 06:16:05,329] {taskinstance.py:1042} INFO - 
--------------------------------------------------------------------------------
[2023-10-01 06:16:05,331] {taskinstance.py:1043} INFO - Starting attempt 1 of 6
[2023-10-01 06:16:05,332] {taskinstance.py:1044} INFO - 
--------------------------------------------------------------------------------
[2023-10-01 06:16:05,505] {taskinstance.py:1063} INFO - Executing <Task(BashOperator): first_task> on 2021-11-15T00:00:00+00:00
[2023-10-01 06:16:05,663] {standard_task_runner.py:52} INFO - Started process 5510 to run task
[2023-10-01 06:16:05,732] {standard_task_runner.py:76} INFO - Running: ['airflow', 'tasks', 'run', 'our_fourth_dag_v4', 'first_task', '2021-11-15T00:00:00+00:00', '--job-id', '748', '--pool', 'default_pool', '--raw', '--subdir', 'DAGS_FOLDER/our_fourth_dag.py', '--cfg-path', '/tmp/tmpi4zxgqcw', '--error-file', '/tmp/tmp3ysjmw5b']
[2023-10-01 06:16:05,780] {standard_task_runner.py:77} INFO - Job 748: Subtask first_task
[2023-10-01 06:16:14,940] {logging_mixin.py:104} INFO - Running <TaskInstance: our_fourth_dag_v4.first_task 2021-11-15T00:00:00+00:00 [running]> on host d4ed655215d1
[2023-10-01 06:16:17,762] {taskinstance.py:1257} INFO - Exporting the following env vars:
AIRFLOW_CTX_DAG_OWNER=svastikkka
AIRFLOW_CTX_DAG_ID=our_fourth_dag_v4
AIRFLOW_CTX_TASK_ID=first_task
AIRFLOW_CTX_EXECUTION_DATE=2021-11-15T00:00:00+00:00
AIRFLOW_CTX_DAG_RUN_ID=scheduled__2021-11-15T00:00:00+00:00
[2023-10-01 06:16:17,888] {bash.py:135} INFO - Tmp dir root location: 
 /tmp
[2023-10-01 06:16:18,035] {bash.py:158} INFO - Running command: echo hello world, this is the first task!
[2023-10-01 06:16:18,557] {bash.py:169} INFO - Output:
[2023-10-01 06:16:18,700] {bash.py:173} INFO - hello world, this is the first task!
[2023-10-01 06:16:18,717] {bash.py:177} INFO - Command exited with return code 0
[2023-10-01 06:16:19,360] {taskinstance.py:1166} INFO - Marking task as SUCCESS. dag_id=our_fourth_dag_v4, task_id=first_task, execution_date=20211115T000000, start_date=20231001T061604, end_date=20231001T061619
[2023-10-01 06:16:20,154] {local_task_job.py:188} WARNING - State of this instance has been externally set to success. Terminating instance.
[2023-10-01 06:16:20,530] {process_utils.py:100} INFO - Sending Signals.SIGTERM to GPID 5510
[2023-10-01 06:16:24,106] {taskinstance.py:1239} ERROR - Received SIGTERM. Terminating subprocesses.
[2023-10-01 06:16:24,114] {bash.py:185} INFO - Sending SIGTERM signal to bash process group
[2023-10-01 06:16:25,253] {process_utils.py:66} INFO - Process psutil.Process(pid=5510, status='terminated', exitcode=1, started='06:16:05') (5510) terminated with exit code 1
