[2023-10-01 06:11:19,239] {taskinstance.py:851} INFO - Dependencies all met for <TaskInstance: our_fourth_dag_v4.thrid_task 2021-09-11T00:00:00+00:00 [queued]>
[2023-10-01 06:11:19,459] {taskinstance.py:851} INFO - Dependencies all met for <TaskInstance: our_fourth_dag_v4.thrid_task 2021-09-11T00:00:00+00:00 [queued]>
[2023-10-01 06:11:19,469] {taskinstance.py:1042} INFO - 
--------------------------------------------------------------------------------
[2023-10-01 06:11:19,474] {taskinstance.py:1043} INFO - Starting attempt 1 of 6
[2023-10-01 06:11:19,482] {taskinstance.py:1044} INFO - 
--------------------------------------------------------------------------------
[2023-10-01 06:11:19,670] {taskinstance.py:1063} INFO - Executing <Task(BashOperator): thrid_task> on 2021-09-11T00:00:00+00:00
[2023-10-01 06:11:19,720] {standard_task_runner.py:52} INFO - Started process 4571 to run task
[2023-10-01 06:11:19,866] {standard_task_runner.py:76} INFO - Running: ['airflow', 'tasks', 'run', 'our_fourth_dag_v4', 'thrid_task', '2021-09-11T00:00:00+00:00', '--job-id', '567', '--pool', 'default_pool', '--raw', '--subdir', 'DAGS_FOLDER/our_fourth_dag.py', '--cfg-path', '/tmp/tmpj4e2rkfp', '--error-file', '/tmp/tmppqgeu64v']
[2023-10-01 06:11:19,980] {standard_task_runner.py:77} INFO - Job 567: Subtask thrid_task
[2023-10-01 06:11:21,023] {logging_mixin.py:104} INFO - Running <TaskInstance: our_fourth_dag_v4.thrid_task 2021-09-11T00:00:00+00:00 [running]> on host d4ed655215d1
[2023-10-01 06:11:22,128] {taskinstance.py:1257} INFO - Exporting the following env vars:
AIRFLOW_CTX_DAG_OWNER=svastikkka
AIRFLOW_CTX_DAG_ID=our_fourth_dag_v4
AIRFLOW_CTX_TASK_ID=thrid_task
AIRFLOW_CTX_EXECUTION_DATE=2021-09-11T00:00:00+00:00
AIRFLOW_CTX_DAG_RUN_ID=scheduled__2021-09-11T00:00:00+00:00
[2023-10-01 06:11:22,135] {bash.py:135} INFO - Tmp dir root location: 
 /tmp
[2023-10-01 06:11:22,145] {bash.py:158} INFO - Running command: echo hey, I am task3 and will be running after task1 at the same time as task2!
[2023-10-01 06:11:22,241] {bash.py:169} INFO - Output:
[2023-10-01 06:11:22,273] {bash.py:173} INFO - hey, I am task3 and will be running after task1 at the same time as task2!
[2023-10-01 06:11:22,290] {bash.py:177} INFO - Command exited with return code 0
[2023-10-01 06:11:22,559] {taskinstance.py:1166} INFO - Marking task as SUCCESS. dag_id=our_fourth_dag_v4, task_id=thrid_task, execution_date=20210911T000000, start_date=20231001T061119, end_date=20231001T061122
[2023-10-01 06:11:24,703] {taskinstance.py:1220} INFO - 0 downstream tasks scheduled from follow-on schedule check
[2023-10-01 06:11:25,208] {local_task_job.py:146} INFO - Task exited with return code 0
