[2023-10-01 05:01:59,112] {taskinstance.py:851} INFO - Dependencies all met for <TaskInstance: our_first_dag_v1.first_task 2021-07-31T00:00:00+00:00 [queued]>
[2023-10-01 05:01:59,224] {taskinstance.py:851} INFO - Dependencies all met for <TaskInstance: our_first_dag_v1.first_task 2021-07-31T00:00:00+00:00 [queued]>
[2023-10-01 05:01:59,231] {taskinstance.py:1042} INFO - 
--------------------------------------------------------------------------------
[2023-10-01 05:01:59,232] {taskinstance.py:1043} INFO - Starting attempt 1 of 6
[2023-10-01 05:01:59,235] {taskinstance.py:1044} INFO - 
--------------------------------------------------------------------------------
[2023-10-01 05:01:59,350] {taskinstance.py:1063} INFO - Executing <Task(BashOperator): first_task> on 2021-07-31T00:00:00+00:00
[2023-10-01 05:01:59,435] {standard_task_runner.py:52} INFO - Started process 989 to run task
[2023-10-01 05:01:59,510] {standard_task_runner.py:76} INFO - Running: ['airflow', 'tasks', 'run', 'our_first_dag_v1', 'first_task', '2021-07-31T00:00:00+00:00', '--job-id', '93', '--pool', 'default_pool', '--raw', '--subdir', 'DAGS_FOLDER/our_first_dag.py', '--cfg-path', '/tmp/tmpi1jedmww', '--error-file', '/tmp/tmpz56etbr3']
[2023-10-01 05:01:59,568] {standard_task_runner.py:77} INFO - Job 93: Subtask first_task
[2023-10-01 05:02:00,269] {logging_mixin.py:104} INFO - Running <TaskInstance: our_first_dag_v1.first_task 2021-07-31T00:00:00+00:00 [running]> on host c25e1f8124bc
[2023-10-01 05:02:00,803] {taskinstance.py:1257} INFO - Exporting the following env vars:
AIRFLOW_CTX_DAG_OWNER=coder2j
AIRFLOW_CTX_DAG_ID=our_first_dag_v1
AIRFLOW_CTX_TASK_ID=first_task
AIRFLOW_CTX_EXECUTION_DATE=2021-07-31T00:00:00+00:00
AIRFLOW_CTX_DAG_RUN_ID=scheduled__2021-07-31T00:00:00+00:00
[2023-10-01 05:02:00,816] {bash.py:135} INFO - Tmp dir root location: 
 /tmp
[2023-10-01 05:02:00,842] {bash.py:158} INFO - Running command: echo hello world, this is the first task!
[2023-10-01 05:02:01,095] {bash.py:169} INFO - Output:
[2023-10-01 05:02:01,117] {bash.py:173} INFO - hello world, this is the first task!
[2023-10-01 05:02:01,126] {bash.py:177} INFO - Command exited with return code 0
[2023-10-01 05:02:01,499] {taskinstance.py:1166} INFO - Marking task as SUCCESS. dag_id=our_first_dag_v1, task_id=first_task, execution_date=20210731T000000, start_date=20231001T050159, end_date=20231001T050201
[2023-10-01 05:02:06,243] {local_task_job.py:188} WARNING - State of this instance has been externally set to success. Terminating instance.
[2023-10-01 05:02:06,569] {process_utils.py:100} INFO - Sending Signals.SIGTERM to GPID 989
[2023-10-01 05:02:06,612] {taskinstance.py:1239} ERROR - Received SIGTERM. Terminating subprocesses.
[2023-10-01 05:02:06,668] {bash.py:185} INFO - Sending SIGTERM signal to bash process group
[2023-10-01 05:02:07,726] {process_utils.py:66} INFO - Process psutil.Process(pid=989, status='terminated', exitcode=1, started='05:01:58') (989) terminated with exit code 1
[2023-10-01 05:17:57,534] {taskinstance.py:851} INFO - Dependencies all met for <TaskInstance: our_first_dag_v1.first_task 2021-07-31T00:00:00+00:00 [queued]>
[2023-10-01 05:17:57,971] {taskinstance.py:851} INFO - Dependencies all met for <TaskInstance: our_first_dag_v1.first_task 2021-07-31T00:00:00+00:00 [queued]>
[2023-10-01 05:17:57,977] {taskinstance.py:1042} INFO - 
--------------------------------------------------------------------------------
[2023-10-01 05:17:57,985] {taskinstance.py:1043} INFO - Starting attempt 1 of 6
[2023-10-01 05:17:57,987] {taskinstance.py:1044} INFO - 
--------------------------------------------------------------------------------
[2023-10-01 05:17:58,231] {taskinstance.py:1063} INFO - Executing <Task(BashOperator): first_task> on 2021-07-31T00:00:00+00:00
[2023-10-01 05:17:58,362] {standard_task_runner.py:52} INFO - Started process 228 to run task
[2023-10-01 05:17:58,393] {standard_task_runner.py:76} INFO - Running: ['airflow', 'tasks', 'run', 'our_first_dag_v1', 'first_task', '2021-07-31T00:00:00+00:00', '--job-id', '3', '--pool', 'default_pool', '--raw', '--subdir', 'DAGS_FOLDER/our_first_dag.py', '--cfg-path', '/tmp/tmp68xw1gpl', '--error-file', '/tmp/tmpxjwowlx8']
[2023-10-01 05:17:58,498] {standard_task_runner.py:77} INFO - Job 3: Subtask first_task
[2023-10-01 05:17:59,536] {logging_mixin.py:104} INFO - Running <TaskInstance: our_first_dag_v1.first_task 2021-07-31T00:00:00+00:00 [running]> on host d4ed655215d1
[2023-10-01 05:18:10,090] {taskinstance.py:1257} INFO - Exporting the following env vars:
AIRFLOW_CTX_DAG_OWNER=coder2j
AIRFLOW_CTX_DAG_ID=our_first_dag_v1
AIRFLOW_CTX_TASK_ID=first_task
AIRFLOW_CTX_EXECUTION_DATE=2021-07-31T00:00:00+00:00
AIRFLOW_CTX_DAG_RUN_ID=scheduled__2021-07-31T00:00:00+00:00
[2023-10-01 05:18:10,115] {bash.py:135} INFO - Tmp dir root location: 
 /tmp
[2023-10-01 05:18:10,120] {bash.py:158} INFO - Running command: echo hello world, this is the first task!
[2023-10-01 05:18:10,361] {bash.py:169} INFO - Output:
[2023-10-01 05:18:10,701] {bash.py:173} INFO - hello world, this is the first task!
[2023-10-01 05:18:10,774] {bash.py:177} INFO - Command exited with return code 0
[2023-10-01 05:18:14,772] {taskinstance.py:1166} INFO - Marking task as SUCCESS. dag_id=our_first_dag_v1, task_id=first_task, execution_date=20210731T000000, start_date=20231001T051757, end_date=20231001T051814
[2023-10-01 05:18:16,437] {local_task_job.py:188} WARNING - State of this instance has been externally set to success. Terminating instance.
[2023-10-01 05:18:16,721] {process_utils.py:100} INFO - Sending Signals.SIGTERM to GPID 228
[2023-10-01 05:18:16,807] {taskinstance.py:1239} ERROR - Received SIGTERM. Terminating subprocesses.
[2023-10-01 05:18:16,817] {bash.py:185} INFO - Sending SIGTERM signal to bash process group
[2023-10-01 05:18:17,474] {process_utils.py:66} INFO - Process psutil.Process(pid=228, status='terminated', exitcode=1, started='05:17:58') (228) terminated with exit code 1
