[2023-10-01 16:13:10,579] {taskinstance.py:851} INFO - Dependencies all met for <TaskInstance: backup_postgres.perform_postgresql_backup 2023-10-01T16:06:47.869737+00:00 [queued]>
[2023-10-01 16:13:10,612] {taskinstance.py:851} INFO - Dependencies all met for <TaskInstance: backup_postgres.perform_postgresql_backup 2023-10-01T16:06:47.869737+00:00 [queued]>
[2023-10-01 16:13:10,614] {taskinstance.py:1042} INFO - 
--------------------------------------------------------------------------------
[2023-10-01 16:13:10,616] {taskinstance.py:1043} INFO - Starting attempt 4 of 6
[2023-10-01 16:13:10,618] {taskinstance.py:1044} INFO - 
--------------------------------------------------------------------------------
[2023-10-01 16:13:10,658] {taskinstance.py:1063} INFO - Executing <Task(BashOperator): perform_postgresql_backup> on 2023-10-01T16:06:47.869737+00:00
[2023-10-01 16:13:10,665] {standard_task_runner.py:52} INFO - Started process 9566 to run task
[2023-10-01 16:13:10,686] {standard_task_runner.py:76} INFO - Running: ['airflow', 'tasks', 'run', 'backup_postgres', 'perform_postgresql_backup', '2023-10-01T16:06:47.869737+00:00', '--job-id', '33', '--pool', 'default_pool', '--raw', '--subdir', 'DAGS_FOLDER/backup_postgres.py', '--cfg-path', '/tmp/tmph30oibue', '--error-file', '/tmp/tmpbkul9zg_']
[2023-10-01 16:13:10,702] {standard_task_runner.py:77} INFO - Job 33: Subtask perform_postgresql_backup
[2023-10-01 16:13:10,840] {logging_mixin.py:104} INFO - Running <TaskInstance: backup_postgres.perform_postgresql_backup 2023-10-01T16:06:47.869737+00:00 [running]> on host 55885b568803
[2023-10-01 16:13:10,942] {taskinstance.py:1257} INFO - Exporting the following env vars:
AIRFLOW_CTX_DAG_OWNER=svastikkka
AIRFLOW_CTX_DAG_ID=backup_postgres
AIRFLOW_CTX_TASK_ID=perform_postgresql_backup
AIRFLOW_CTX_EXECUTION_DATE=2023-10-01T16:06:47.869737+00:00
AIRFLOW_CTX_DAG_RUN_ID=manual__2023-10-01T16:06:47.869737+00:00
[2023-10-01 16:13:10,956] {bash.py:135} INFO - Tmp dir root location: 
 /tmp
[2023-10-01 16:13:10,958] {bash.py:158} INFO - Running command: export PGPASSWORD='airflow' && pg_dump -U airflow -h host.docker.internal -d airflow -f /tmp/backup.sql
[2023-10-01 16:13:11,003] {bash.py:169} INFO - Output:
[2023-10-01 16:13:11,688] {bash.py:173} INFO - pg_dump: server version: 13.12 (Debian 13.12-1.pgdg120+1); pg_dump version: 11.14 (Debian 11.14-0+deb10u1)
[2023-10-01 16:13:11,698] {bash.py:173} INFO - pg_dump: aborting because of server version mismatch
[2023-10-01 16:13:11,704] {bash.py:177} INFO - Command exited with return code 1
[2023-10-01 16:13:11,851] {taskinstance.py:1455} ERROR - Bash command failed. The command returned a non-zero exit code.
Traceback (most recent call last):
  File "/home/airflow/.local/lib/python3.6/site-packages/airflow/models/taskinstance.py", line 1112, in _run_raw_task
    self._prepare_and_execute_task_with_callbacks(context, task)
  File "/home/airflow/.local/lib/python3.6/site-packages/airflow/models/taskinstance.py", line 1285, in _prepare_and_execute_task_with_callbacks
    result = self._execute_task(context, task_copy)
  File "/home/airflow/.local/lib/python3.6/site-packages/airflow/models/taskinstance.py", line 1315, in _execute_task
    result = task_copy.execute(context=context)
  File "/home/airflow/.local/lib/python3.6/site-packages/airflow/operators/bash.py", line 180, in execute
    raise AirflowException('Bash command failed. The command returned a non-zero exit code.')
airflow.exceptions.AirflowException: Bash command failed. The command returned a non-zero exit code.
[2023-10-01 16:13:11,876] {taskinstance.py:1503} INFO - Marking task as UP_FOR_RETRY. dag_id=backup_postgres, task_id=perform_postgresql_backup, execution_date=20231001T160647, start_date=20231001T161310, end_date=20231001T161311
[2023-10-01 16:13:12,273] {local_task_job.py:146} INFO - Task exited with return code 1
