[2023-10-01 16:17:22,975] {taskinstance.py:851} INFO - Dependencies all met for <TaskInstance: backup_postgres.perform_postgresql_backup 2023-10-01T16:06:47.869737+00:00 [queued]>
[2023-10-01 16:17:23,057] {taskinstance.py:851} INFO - Dependencies all met for <TaskInstance: backup_postgres.perform_postgresql_backup 2023-10-01T16:06:47.869737+00:00 [queued]>
[2023-10-01 16:17:23,065] {taskinstance.py:1042} INFO - 
--------------------------------------------------------------------------------
[2023-10-01 16:17:23,070] {taskinstance.py:1043} INFO - Starting attempt 6 of 6
[2023-10-01 16:17:23,074] {taskinstance.py:1044} INFO - 
--------------------------------------------------------------------------------
[2023-10-01 16:17:23,160] {taskinstance.py:1063} INFO - Executing <Task(BashOperator): perform_postgresql_backup> on 2023-10-01T16:06:47.869737+00:00
[2023-10-01 16:17:23,172] {standard_task_runner.py:52} INFO - Started process 10909 to run task
[2023-10-01 16:17:23,200] {standard_task_runner.py:76} INFO - Running: ['airflow', 'tasks', 'run', 'backup_postgres', 'perform_postgresql_backup', '2023-10-01T16:06:47.869737+00:00', '--job-id', '42', '--pool', 'default_pool', '--raw', '--subdir', 'DAGS_FOLDER/backup_postgres.py', '--cfg-path', '/tmp/tmpdh5cre4_', '--error-file', '/tmp/tmpo4vpwd0w']
[2023-10-01 16:17:23,213] {standard_task_runner.py:77} INFO - Job 42: Subtask perform_postgresql_backup
[2023-10-01 16:17:23,342] {logging_mixin.py:104} INFO - Running <TaskInstance: backup_postgres.perform_postgresql_backup 2023-10-01T16:06:47.869737+00:00 [running]> on host 55885b568803
[2023-10-01 16:17:23,502] {taskinstance.py:1257} INFO - Exporting the following env vars:
AIRFLOW_CTX_DAG_OWNER=svastikkka
AIRFLOW_CTX_DAG_ID=backup_postgres
AIRFLOW_CTX_TASK_ID=perform_postgresql_backup
AIRFLOW_CTX_EXECUTION_DATE=2023-10-01T16:06:47.869737+00:00
AIRFLOW_CTX_DAG_RUN_ID=manual__2023-10-01T16:06:47.869737+00:00
[2023-10-01 16:17:23,508] {bash.py:135} INFO - Tmp dir root location: 
 /tmp
[2023-10-01 16:17:23,515] {bash.py:158} INFO - Running command: docker run --rm postgres:13 pg_dump -U airflow -h {conn_params['host']} -d airflow -f /tmp/backup.sql
[2023-10-01 16:17:23,547] {bash.py:169} INFO - Output:
[2023-10-01 16:17:23,581] {bash.py:173} INFO - bash: docker: command not found
[2023-10-01 16:17:23,588] {bash.py:177} INFO - Command exited with return code 127
[2023-10-01 16:17:23,684] {taskinstance.py:1455} ERROR - Bash command failed. The command returned a non-zero exit code.
Traceback (most recent call last):
  File "/home/airflow/.local/lib/python3.6/site-packages/airflow/models/taskinstance.py", line 1112, in _run_raw_task
    self._prepare_and_execute_task_with_callbacks(context, task)
  File "/home/airflow/.local/lib/python3.6/site-packages/airflow/models/taskinstance.py", line 1285, in _prepare_and_execute_task_with_callbacks
    result = self._execute_task(context, task_copy)
  File "/home/airflow/.local/lib/python3.6/site-packages/airflow/models/taskinstance.py", line 1315, in _execute_task
    result = task_copy.execute(context=context)
  File "/home/airflow/.local/lib/python3.6/site-packages/airflow/operators/bash.py", line 180, in execute
    raise AirflowException('Bash command failed. The command returned a non-zero exit code.')
airflow.exceptions.AirflowException: Bash command failed. The command returned a non-zero exit code.
[2023-10-01 16:17:24,493] {taskinstance.py:1503} INFO - Marking task as FAILED. dag_id=backup_postgres, task_id=perform_postgresql_backup, execution_date=20231001T160647, start_date=20231001T161722, end_date=20231001T161724
[2023-10-01 16:17:26,676] {local_task_job.py:146} INFO - Task exited with return code 1
