[2023-10-01 10:14:19,714] {taskinstance.py:851} INFO - Dependencies all met for <TaskInstance: postgres_v2.create_postgres_connection 2021-08-04T00:00:00+00:00 [queued]>
[2023-10-01 10:14:20,340] {taskinstance.py:851} INFO - Dependencies all met for <TaskInstance: postgres_v2.create_postgres_connection 2021-08-04T00:00:00+00:00 [queued]>
[2023-10-01 10:14:20,345] {taskinstance.py:1042} INFO - 
--------------------------------------------------------------------------------
[2023-10-01 10:14:20,349] {taskinstance.py:1043} INFO - Starting attempt 1 of 6
[2023-10-01 10:14:20,353] {taskinstance.py:1044} INFO - 
--------------------------------------------------------------------------------
[2023-10-01 10:14:20,617] {taskinstance.py:1063} INFO - Executing <Task(PostgresOperator): create_postgres_connection> on 2021-08-04T00:00:00+00:00
[2023-10-01 10:14:21,081] {standard_task_runner.py:52} INFO - Started process 47709 to run task
[2023-10-01 10:14:21,699] {standard_task_runner.py:76} INFO - Running: ['airflow', 'tasks', 'run', 'postgres_v2', 'create_postgres_connection', '2021-08-04T00:00:00+00:00', '--job-id', '2705', '--pool', 'default_pool', '--raw', '--subdir', 'DAGS_FOLDER/postgresql_example_2.py', '--cfg-path', '/tmp/tmpjhstdu98', '--error-file', '/tmp/tmpe220n3qx']
[2023-10-01 10:14:23,127] {standard_task_runner.py:77} INFO - Job 2705: Subtask create_postgres_connection
[2023-10-01 10:14:36,296] {logging_mixin.py:104} INFO - Running <TaskInstance: postgres_v2.create_postgres_connection 2021-08-04T00:00:00+00:00 [running]> on host d4ed655215d1
[2023-10-01 10:14:42,674] {taskinstance.py:1257} INFO - Exporting the following env vars:
AIRFLOW_CTX_DAG_OWNER=svastikkka
AIRFLOW_CTX_DAG_ID=postgres_v2
AIRFLOW_CTX_TASK_ID=create_postgres_connection
AIRFLOW_CTX_EXECUTION_DATE=2021-08-04T00:00:00+00:00
AIRFLOW_CTX_DAG_RUN_ID=scheduled__2021-08-04T00:00:00+00:00
[2023-10-01 10:14:43,392] {postgres.py:69} INFO - Executing: create table if not exists dags_run(
        dt  date,
        dag_id character varying,
        primary key (dt,dag_id)
        )
[2023-10-01 10:14:48,901] {base.py:74} INFO - Using connection to: id: posgres_testing. Host: host.docker.internal, Port: 5432, Schema: testing, Login: airflow, Password: XXXXXXXX, extra: None
[2023-10-01 10:14:52,152] {dbapi.py:180} INFO - Running statement: create table if not exists dags_run(
        dt  date,
        dag_id character varying,
        primary key (dt,dag_id)
        ), parameters: None
[2023-10-01 10:14:52,410] {dbapi.py:186} INFO - Rows affected: -1
[2023-10-01 10:14:52,518] {postgres.py:73} INFO - NOTICE:  relation "dags_run" already exists, skipping

[2023-10-01 10:14:53,640] {taskinstance.py:1166} INFO - Marking task as SUCCESS. dag_id=postgres_v2, task_id=create_postgres_connection, execution_date=20210804T000000, start_date=20231001T101419, end_date=20231001T101453
[2023-10-01 10:14:56,847] {local_task_job.py:188} WARNING - State of this instance has been externally set to success. Terminating instance.
[2023-10-01 10:14:57,231] {process_utils.py:100} INFO - Sending Signals.SIGTERM to GPID 47709
[2023-10-01 10:14:57,279] {taskinstance.py:1239} ERROR - Received SIGTERM. Terminating subprocesses.
[2023-10-01 10:14:59,420] {process_utils.py:66} INFO - Process psutil.Process(pid=47709, status='terminated', exitcode=1, started='10:14:20') (47709) terminated with exit code 1
