[2023-10-01 07:49:51,516] {taskinstance.py:851} INFO - Dependencies all met for <TaskInstance: our_seventh_dag_v7.greet 2022-07-06T00:00:00+00:00 [queued]>
[2023-10-01 07:49:51,655] {taskinstance.py:851} INFO - Dependencies all met for <TaskInstance: our_seventh_dag_v7.greet 2022-07-06T00:00:00+00:00 [queued]>
[2023-10-01 07:49:51,662] {taskinstance.py:1042} INFO - 
--------------------------------------------------------------------------------
[2023-10-01 07:49:51,669] {taskinstance.py:1043} INFO - Starting attempt 1 of 6
[2023-10-01 07:49:51,674] {taskinstance.py:1044} INFO - 
--------------------------------------------------------------------------------
[2023-10-01 07:49:51,751] {taskinstance.py:1063} INFO - Executing <Task(PythonOperator): greet> on 2022-07-06T00:00:00+00:00
[2023-10-01 07:49:51,776] {standard_task_runner.py:52} INFO - Started process 21681 to run task
[2023-10-01 07:49:51,851] {standard_task_runner.py:76} INFO - Running: ['airflow', 'tasks', 'run', 'our_seventh_dag_v7', 'greet', '2022-07-06T00:00:00+00:00', '--job-id', '2022', '--pool', 'default_pool', '--raw', '--subdir', 'DAGS_FOLDER/our_seventh_dag.py', '--cfg-path', '/tmp/tmpwxdvb2uy', '--error-file', '/tmp/tmpc0cfq73j']
[2023-10-01 07:49:51,915] {standard_task_runner.py:77} INFO - Job 2022: Subtask greet
[2023-10-01 07:49:52,737] {logging_mixin.py:104} INFO - Running <TaskInstance: our_seventh_dag_v7.greet 2022-07-06T00:00:00+00:00 [running]> on host d4ed655215d1
[2023-10-01 07:49:53,212] {taskinstance.py:1257} INFO - Exporting the following env vars:
AIRFLOW_CTX_DAG_OWNER=svastikkka
AIRFLOW_CTX_DAG_ID=our_seventh_dag_v7
AIRFLOW_CTX_TASK_ID=greet
AIRFLOW_CTX_EXECUTION_DATE=2022-07-06T00:00:00+00:00
AIRFLOW_CTX_DAG_RUN_ID=scheduled__2022-07-06T00:00:00+00:00
[2023-10-01 07:49:53,361] {logging_mixin.py:104} INFO - Hello My name is Manshu Sharma and I am 26 years old.
[2023-10-01 07:49:53,367] {python.py:118} INFO - Done. Returned value was: None
[2023-10-01 07:49:53,453] {taskinstance.py:1166} INFO - Marking task as SUCCESS. dag_id=our_seventh_dag_v7, task_id=greet, execution_date=20220706T000000, start_date=20231001T074951, end_date=20231001T074953
[2023-10-01 07:49:54,054] {taskinstance.py:1220} INFO - 0 downstream tasks scheduled from follow-on schedule check
[2023-10-01 07:49:54,194] {local_task_job.py:146} INFO - Task exited with return code 0
