[2023-10-01 07:47:48,436] {taskinstance.py:851} INFO - Dependencies all met for <TaskInstance: our_seventh_dag_v7.get_name 2022-05-07T00:00:00+00:00 [queued]>
[2023-10-01 07:47:48,577] {taskinstance.py:851} INFO - Dependencies all met for <TaskInstance: our_seventh_dag_v7.get_name 2022-05-07T00:00:00+00:00 [queued]>
[2023-10-01 07:47:48,579] {taskinstance.py:1042} INFO - 
--------------------------------------------------------------------------------
[2023-10-01 07:47:48,581] {taskinstance.py:1043} INFO - Starting attempt 1 of 6
[2023-10-01 07:47:48,584] {taskinstance.py:1044} INFO - 
--------------------------------------------------------------------------------
[2023-10-01 07:47:48,749] {taskinstance.py:1063} INFO - Executing <Task(PythonOperator): get_name> on 2022-05-07T00:00:00+00:00
[2023-10-01 07:47:48,810] {standard_task_runner.py:52} INFO - Started process 21070 to run task
[2023-10-01 07:47:48,942] {standard_task_runner.py:76} INFO - Running: ['airflow', 'tasks', 'run', 'our_seventh_dag_v7', 'get_name', '2022-05-07T00:00:00+00:00', '--job-id', '1893', '--pool', 'default_pool', '--raw', '--subdir', 'DAGS_FOLDER/our_seventh_dag.py', '--cfg-path', '/tmp/tmpchlp9v0c', '--error-file', '/tmp/tmpxgymnxhg']
[2023-10-01 07:47:49,003] {standard_task_runner.py:77} INFO - Job 1893: Subtask get_name
[2023-10-01 07:47:49,535] {logging_mixin.py:104} INFO - Running <TaskInstance: our_seventh_dag_v7.get_name 2022-05-07T00:00:00+00:00 [running]> on host d4ed655215d1
[2023-10-01 07:47:49,946] {taskinstance.py:1257} INFO - Exporting the following env vars:
AIRFLOW_CTX_DAG_OWNER=svastikkka
AIRFLOW_CTX_DAG_ID=our_seventh_dag_v7
AIRFLOW_CTX_TASK_ID=get_name
AIRFLOW_CTX_EXECUTION_DATE=2022-05-07T00:00:00+00:00
AIRFLOW_CTX_DAG_RUN_ID=scheduled__2022-05-07T00:00:00+00:00
[2023-10-01 07:47:50,127] {python.py:118} INFO - Done. Returned value was: None
[2023-10-01 07:47:50,181] {taskinstance.py:1166} INFO - Marking task as SUCCESS. dag_id=our_seventh_dag_v7, task_id=get_name, execution_date=20220507T000000, start_date=20231001T074748, end_date=20231001T074750
[2023-10-01 07:47:50,606] {taskinstance.py:1220} INFO - 1 downstream tasks scheduled from follow-on schedule check
[2023-10-01 07:47:50,677] {local_task_job.py:146} INFO - Task exited with return code 0
