[2023-10-01 08:08:23,580] {taskinstance.py:851} INFO - Dependencies all met for <TaskInstance: our_eight_dag_v8.greet 2021-08-09T00:00:00+00:00 [queued]>
[2023-10-01 08:08:24,260] {taskinstance.py:851} INFO - Dependencies all met for <TaskInstance: our_eight_dag_v8.greet 2021-08-09T00:00:00+00:00 [queued]>
[2023-10-01 08:08:24,262] {taskinstance.py:1042} INFO - 
--------------------------------------------------------------------------------
[2023-10-01 08:08:24,266] {taskinstance.py:1043} INFO - Starting attempt 1 of 6
[2023-10-01 08:08:24,280] {taskinstance.py:1044} INFO - 
--------------------------------------------------------------------------------
[2023-10-01 08:08:24,508] {taskinstance.py:1063} INFO - Executing <Task(PythonOperator): greet> on 2021-08-09T00:00:00+00:00
[2023-10-01 08:08:24,621] {standard_task_runner.py:52} INFO - Started process 24839 to run task
[2023-10-01 08:08:24,801] {standard_task_runner.py:76} INFO - Running: ['airflow', 'tasks', 'run', 'our_eight_dag_v8', 'greet', '2021-08-09T00:00:00+00:00', '--job-id', '2471', '--pool', 'default_pool', '--raw', '--subdir', 'DAGS_FOLDER/our_eight_dag.py', '--cfg-path', '/tmp/tmpats1i48p', '--error-file', '/tmp/tmptehv6sur']
[2023-10-01 08:08:24,961] {standard_task_runner.py:77} INFO - Job 2471: Subtask greet
[2023-10-01 08:08:33,506] {logging_mixin.py:104} INFO - Running <TaskInstance: our_eight_dag_v8.greet 2021-08-09T00:00:00+00:00 [running]> on host d4ed655215d1
[2023-10-01 08:08:41,030] {taskinstance.py:1257} INFO - Exporting the following env vars:
AIRFLOW_CTX_DAG_OWNER=svastikkka
AIRFLOW_CTX_DAG_ID=our_eight_dag_v8
AIRFLOW_CTX_TASK_ID=greet
AIRFLOW_CTX_EXECUTION_DATE=2021-08-09T00:00:00+00:00
AIRFLOW_CTX_DAG_RUN_ID=scheduled__2021-08-09T00:00:00+00:00
[2023-10-01 08:08:42,118] {logging_mixin.py:104} INFO - Hello My name is Manshu Sharma and I am 21 years old.
[2023-10-01 08:08:42,261] {python.py:118} INFO - Done. Returned value was: None
[2023-10-01 08:08:43,379] {taskinstance.py:1166} INFO - Marking task as SUCCESS. dag_id=our_eight_dag_v8, task_id=greet, execution_date=20210809T000000, start_date=20231001T080823, end_date=20231001T080843
[2023-10-01 08:08:48,282] {taskinstance.py:1220} INFO - 0 downstream tasks scheduled from follow-on schedule check
[2023-10-01 08:08:48,476] {local_task_job.py:188} WARNING - State of this instance has been externally set to success. Terminating instance.
[2023-10-01 08:08:48,697] {process_utils.py:100} INFO - Sending Signals.SIGTERM to GPID 24839
[2023-10-01 08:08:48,950] {process_utils.py:66} INFO - Process psutil.Process(pid=24839, status='terminated', exitcode=0, started='08:08:24') (24839) terminated with exit code 0
