[2023-10-01 08:03:16,627] {taskinstance.py:851} INFO - Dependencies all met for <TaskInstance: our_eight_dag_v8.get_name 2021-07-30T00:00:00+00:00 [queued]>
[2023-10-01 08:03:17,125] {taskinstance.py:851} INFO - Dependencies all met for <TaskInstance: our_eight_dag_v8.get_name 2021-07-30T00:00:00+00:00 [queued]>
[2023-10-01 08:03:17,128] {taskinstance.py:1042} INFO - 
--------------------------------------------------------------------------------
[2023-10-01 08:03:17,132] {taskinstance.py:1043} INFO - Starting attempt 1 of 6
[2023-10-01 08:03:17,135] {taskinstance.py:1044} INFO - 
--------------------------------------------------------------------------------
[2023-10-01 08:03:19,123] {taskinstance.py:1063} INFO - Executing <Task(PythonOperator): get_name> on 2021-07-30T00:00:00+00:00
[2023-10-01 08:03:19,736] {standard_task_runner.py:52} INFO - Started process 24651 to run task
[2023-10-01 08:03:20,042] {standard_task_runner.py:76} INFO - Running: ['airflow', 'tasks', 'run', 'our_eight_dag_v8', 'get_name', '2021-07-30T00:00:00+00:00', '--job-id', '2432', '--pool', 'default_pool', '--raw', '--subdir', 'DAGS_FOLDER/our_eight_dag.py', '--cfg-path', '/tmp/tmpqgnk2q4i', '--error-file', '/tmp/tmpxgdl3vo2']
[2023-10-01 08:03:20,250] {standard_task_runner.py:77} INFO - Job 2432: Subtask get_name
[2023-10-01 08:04:01,625] {logging_mixin.py:104} INFO - Running <TaskInstance: our_eight_dag_v8.get_name 2021-07-30T00:00:00+00:00 [running]> on host d4ed655215d1
[2023-10-01 08:04:53,178] {taskinstance.py:1257} INFO - Exporting the following env vars:
AIRFLOW_CTX_DAG_OWNER=svastikkka
AIRFLOW_CTX_DAG_ID=our_eight_dag_v8
AIRFLOW_CTX_TASK_ID=get_name
AIRFLOW_CTX_EXECUTION_DATE=2021-07-30T00:00:00+00:00
AIRFLOW_CTX_DAG_RUN_ID=scheduled__2021-07-30T00:00:00+00:00
[2023-10-01 08:05:01,726] {python.py:118} INFO - Done. Returned value was: None
[2023-10-01 08:05:03,372] {taskinstance.py:1166} INFO - Marking task as SUCCESS. dag_id=our_eight_dag_v8, task_id=get_name, execution_date=20210730T000000, start_date=20231001T080316, end_date=20231001T080503
[2023-10-01 08:05:42,568] {taskinstance.py:1220} INFO - 1 downstream tasks scheduled from follow-on schedule check
[2023-10-01 08:05:42,690] {local_task_job.py:188} WARNING - State of this instance has been externally set to success. Terminating instance.
[2023-10-01 08:05:45,890] {process_utils.py:100} INFO - Sending Signals.SIGTERM to GPID 24651
[2023-10-01 08:05:52,106] {process_utils.py:66} INFO - Process psutil.Process(pid=24651, status='terminated', exitcode=0, started='08:03:19') (24651) terminated with exit code 0
