[2023-10-01 05:02:56,234] {taskinstance.py:851} INFO - Dependencies all met for <TaskInstance: our_first_dag_v1.first_task 2021-09-06T00:00:00+00:00 [queued]>
[2023-10-01 05:02:56,478] {taskinstance.py:851} INFO - Dependencies all met for <TaskInstance: our_first_dag_v1.first_task 2021-09-06T00:00:00+00:00 [queued]>
[2023-10-01 05:02:56,479] {taskinstance.py:1042} INFO - 
--------------------------------------------------------------------------------
[2023-10-01 05:02:56,485] {taskinstance.py:1043} INFO - Starting attempt 1 of 6
[2023-10-01 05:02:56,486] {taskinstance.py:1044} INFO - 
--------------------------------------------------------------------------------
[2023-10-01 05:02:56,583] {taskinstance.py:1063} INFO - Executing <Task(BashOperator): first_task> on 2021-09-06T00:00:00+00:00
[2023-10-01 05:02:56,647] {standard_task_runner.py:52} INFO - Started process 1120 to run task
[2023-10-01 05:02:56,708] {standard_task_runner.py:76} INFO - Running: ['airflow', 'tasks', 'run', 'our_first_dag_v1', 'first_task', '2021-09-06T00:00:00+00:00', '--job-id', '130', '--pool', 'default_pool', '--raw', '--subdir', 'DAGS_FOLDER/our_first_dag.py', '--cfg-path', '/tmp/tmpw1n4wwdi', '--error-file', '/tmp/tmpb374q10p']
[2023-10-01 05:02:56,762] {standard_task_runner.py:77} INFO - Job 130: Subtask first_task
[2023-10-01 05:02:57,515] {logging_mixin.py:104} INFO - Running <TaskInstance: our_first_dag_v1.first_task 2021-09-06T00:00:00+00:00 [running]> on host c25e1f8124bc
[2023-10-01 05:02:58,724] {taskinstance.py:1257} INFO - Exporting the following env vars:
AIRFLOW_CTX_DAG_OWNER=coder2j
AIRFLOW_CTX_DAG_ID=our_first_dag_v1
AIRFLOW_CTX_TASK_ID=first_task
AIRFLOW_CTX_EXECUTION_DATE=2021-09-06T00:00:00+00:00
AIRFLOW_CTX_DAG_RUN_ID=scheduled__2021-09-06T00:00:00+00:00
[2023-10-01 05:02:58,727] {bash.py:135} INFO - Tmp dir root location: 
 /tmp
[2023-10-01 05:02:58,748] {bash.py:158} INFO - Running command: echo hello world, this is the first task!
[2023-10-01 05:02:58,867] {bash.py:169} INFO - Output:
[2023-10-01 05:02:58,890] {bash.py:173} INFO - hello world, this is the first task!
[2023-10-01 05:02:58,893] {bash.py:177} INFO - Command exited with return code 0
[2023-10-01 05:02:59,125] {taskinstance.py:1166} INFO - Marking task as SUCCESS. dag_id=our_first_dag_v1, task_id=first_task, execution_date=20210906T000000, start_date=20231001T050256, end_date=20231001T050259
[2023-10-01 05:02:59,797] {taskinstance.py:1220} INFO - 0 downstream tasks scheduled from follow-on schedule check
[2023-10-01 05:02:59,887] {local_task_job.py:146} INFO - Task exited with return code 0
[2023-10-01 05:19:18,141] {taskinstance.py:851} INFO - Dependencies all met for <TaskInstance: our_first_dag_v1.first_task 2021-09-06T00:00:00+00:00 [queued]>
[2023-10-01 05:19:18,383] {taskinstance.py:851} INFO - Dependencies all met for <TaskInstance: our_first_dag_v1.first_task 2021-09-06T00:00:00+00:00 [queued]>
[2023-10-01 05:19:18,389] {taskinstance.py:1042} INFO - 
--------------------------------------------------------------------------------
[2023-10-01 05:19:18,544] {taskinstance.py:1043} INFO - Starting attempt 1 of 6
[2023-10-01 05:19:18,940] {taskinstance.py:1044} INFO - 
--------------------------------------------------------------------------------
[2023-10-01 05:19:19,233] {taskinstance.py:1063} INFO - Executing <Task(BashOperator): first_task> on 2021-09-06T00:00:00+00:00
[2023-10-01 05:19:19,242] {standard_task_runner.py:52} INFO - Started process 359 to run task
[2023-10-01 05:19:19,290] {standard_task_runner.py:76} INFO - Running: ['airflow', 'tasks', 'run', 'our_first_dag_v1', 'first_task', '2021-09-06T00:00:00+00:00', '--job-id', '40', '--pool', 'default_pool', '--raw', '--subdir', 'DAGS_FOLDER/our_first_dag.py', '--cfg-path', '/tmp/tmpc3rl9t9d', '--error-file', '/tmp/tmpxp9pp7mn']
[2023-10-01 05:19:19,327] {standard_task_runner.py:77} INFO - Job 40: Subtask first_task
[2023-10-01 05:19:19,998] {logging_mixin.py:104} INFO - Running <TaskInstance: our_first_dag_v1.first_task 2021-09-06T00:00:00+00:00 [running]> on host d4ed655215d1
[2023-10-01 05:19:20,583] {taskinstance.py:1257} INFO - Exporting the following env vars:
AIRFLOW_CTX_DAG_OWNER=coder2j
AIRFLOW_CTX_DAG_ID=our_first_dag_v1
AIRFLOW_CTX_TASK_ID=first_task
AIRFLOW_CTX_EXECUTION_DATE=2021-09-06T00:00:00+00:00
AIRFLOW_CTX_DAG_RUN_ID=scheduled__2021-09-06T00:00:00+00:00
[2023-10-01 05:19:20,590] {bash.py:135} INFO - Tmp dir root location: 
 /tmp
[2023-10-01 05:19:20,608] {bash.py:158} INFO - Running command: echo hello world, this is the first task!
[2023-10-01 05:19:20,707] {bash.py:169} INFO - Output:
[2023-10-01 05:19:20,737] {bash.py:173} INFO - hello world, this is the first task!
[2023-10-01 05:19:20,739] {bash.py:177} INFO - Command exited with return code 0
[2023-10-01 05:19:21,022] {taskinstance.py:1166} INFO - Marking task as SUCCESS. dag_id=our_first_dag_v1, task_id=first_task, execution_date=20210906T000000, start_date=20231001T051918, end_date=20231001T051921
[2023-10-01 05:19:21,388] {taskinstance.py:1220} INFO - 0 downstream tasks scheduled from follow-on schedule check
[2023-10-01 05:19:21,561] {local_task_job.py:146} INFO - Task exited with return code 0
