[2023-10-01 04:59:26,696] {taskinstance.py:851} INFO - Dependencies all met for <TaskInstance: our_first_dag_v5.first_task 2021-09-13T00:00:00+00:00 [queued]>
[2023-10-01 04:59:26,920] {taskinstance.py:851} INFO - Dependencies all met for <TaskInstance: our_first_dag_v5.first_task 2021-09-13T00:00:00+00:00 [queued]>
[2023-10-01 04:59:26,923] {taskinstance.py:1042} INFO - 
--------------------------------------------------------------------------------
[2023-10-01 04:59:26,926] {taskinstance.py:1043} INFO - Starting attempt 1 of 6
[2023-10-01 04:59:26,937] {taskinstance.py:1044} INFO - 
--------------------------------------------------------------------------------
[2023-10-01 04:59:27,090] {taskinstance.py:1063} INFO - Executing <Task(BashOperator): first_task> on 2021-09-13T00:00:00+00:00
[2023-10-01 04:59:27,151] {standard_task_runner.py:52} INFO - Started process 806 to run task
[2023-10-01 04:59:27,324] {standard_task_runner.py:76} INFO - Running: ['airflow', 'tasks', 'run', 'our_first_dag_v5', 'first_task', '2021-09-13T00:00:00+00:00', '--job-id', '55', '--pool', 'default_pool', '--raw', '--subdir', 'DAGS_FOLDER/our_first_dag.py', '--cfg-path', '/tmp/tmpk4ae6d12', '--error-file', '/tmp/tmpw87hmf3c']
[2023-10-01 04:59:27,388] {standard_task_runner.py:77} INFO - Job 55: Subtask first_task
[2023-10-01 04:59:28,840] {logging_mixin.py:104} INFO - Running <TaskInstance: our_first_dag_v5.first_task 2021-09-13T00:00:00+00:00 [running]> on host c25e1f8124bc
[2023-10-01 04:59:30,657] {taskinstance.py:1257} INFO - Exporting the following env vars:
AIRFLOW_CTX_DAG_OWNER=coder2j
AIRFLOW_CTX_DAG_ID=our_first_dag_v5
AIRFLOW_CTX_TASK_ID=first_task
AIRFLOW_CTX_EXECUTION_DATE=2021-09-13T00:00:00+00:00
AIRFLOW_CTX_DAG_RUN_ID=scheduled__2021-09-13T00:00:00+00:00
[2023-10-01 04:59:30,677] {bash.py:135} INFO - Tmp dir root location: 
 /tmp
[2023-10-01 04:59:30,696] {bash.py:158} INFO - Running command: echo hello world, this is the first task!
[2023-10-01 04:59:30,823] {bash.py:169} INFO - Output:
[2023-10-01 04:59:30,840] {bash.py:173} INFO - hello world, this is the first task!
[2023-10-01 04:59:30,860] {bash.py:177} INFO - Command exited with return code 0
[2023-10-01 04:59:31,298] {taskinstance.py:1166} INFO - Marking task as SUCCESS. dag_id=our_first_dag_v5, task_id=first_task, execution_date=20210913T000000, start_date=20231001T045926, end_date=20231001T045931
[2023-10-01 04:59:32,424] {local_task_job.py:188} WARNING - State of this instance has been externally set to success. Terminating instance.
[2023-10-01 04:59:32,432] {process_utils.py:100} INFO - Sending Signals.SIGTERM to GPID 806
[2023-10-01 04:59:34,345] {taskinstance.py:1239} ERROR - Received SIGTERM. Terminating subprocesses.
[2023-10-01 04:59:34,348] {bash.py:185} INFO - Sending SIGTERM signal to bash process group
[2023-10-01 04:59:34,708] {process_utils.py:66} INFO - Process psutil.Process(pid=806, status='terminated', exitcode=1, started='04:59:27') (806) terminated with exit code 1
