[2023-10-01 06:53:14,723] {taskinstance.py:851} INFO - Dependencies all met for <TaskInstance: our_sixth_dag_v6.get_name 2021-10-07T00:00:00+00:00 [queued]>
[2023-10-01 06:53:14,837] {taskinstance.py:851} INFO - Dependencies all met for <TaskInstance: our_sixth_dag_v6.get_name 2021-10-07T00:00:00+00:00 [queued]>
[2023-10-01 06:53:14,839] {taskinstance.py:1042} INFO - 
--------------------------------------------------------------------------------
[2023-10-01 06:53:14,841] {taskinstance.py:1043} INFO - Starting attempt 1 of 6
[2023-10-01 06:53:14,843] {taskinstance.py:1044} INFO - 
--------------------------------------------------------------------------------
[2023-10-01 06:53:14,927] {taskinstance.py:1063} INFO - Executing <Task(PythonOperator): get_name> on 2021-10-07T00:00:00+00:00
[2023-10-01 06:53:14,952] {standard_task_runner.py:52} INFO - Started process 10815 to run task
[2023-10-01 06:53:14,985] {standard_task_runner.py:76} INFO - Running: ['airflow', 'tasks', 'run', 'our_sixth_dag_v6', 'get_name', '2021-10-07T00:00:00+00:00', '--job-id', '1188', '--pool', 'default_pool', '--raw', '--subdir', 'DAGS_FOLDER/our_sixth_dag.py', '--cfg-path', '/tmp/tmpuman92al', '--error-file', '/tmp/tmpky_y7pul']
[2023-10-01 06:53:15,024] {standard_task_runner.py:77} INFO - Job 1188: Subtask get_name
[2023-10-01 06:53:15,366] {logging_mixin.py:104} INFO - Running <TaskInstance: our_sixth_dag_v6.get_name 2021-10-07T00:00:00+00:00 [running]> on host d4ed655215d1
[2023-10-01 06:53:16,190] {taskinstance.py:1257} INFO - Exporting the following env vars:
AIRFLOW_CTX_DAG_OWNER=svastikkka
AIRFLOW_CTX_DAG_ID=our_sixth_dag_v6
AIRFLOW_CTX_TASK_ID=get_name
AIRFLOW_CTX_EXECUTION_DATE=2021-10-07T00:00:00+00:00
AIRFLOW_CTX_DAG_RUN_ID=scheduled__2021-10-07T00:00:00+00:00
[2023-10-01 06:53:16,198] {python.py:118} INFO - Done. Returned value was: Manshu
[2023-10-01 06:53:16,534] {taskinstance.py:1166} INFO - Marking task as SUCCESS. dag_id=our_sixth_dag_v6, task_id=get_name, execution_date=20211007T000000, start_date=20231001T065314, end_date=20231001T065316
[2023-10-01 06:53:20,764] {local_task_job.py:188} WARNING - State of this instance has been externally set to success. Terminating instance.
[2023-10-01 06:53:20,913] {taskinstance.py:1220} INFO - 0 downstream tasks scheduled from follow-on schedule check
[2023-10-01 06:53:20,892] {process_utils.py:100} INFO - Sending Signals.SIGTERM to GPID 10815
[2023-10-01 06:53:20,964] {taskinstance.py:1239} ERROR - Received SIGTERM. Terminating subprocesses.
[2023-10-01 06:53:21,260] {process_utils.py:66} INFO - Process psutil.Process(pid=10815, status='terminated', exitcode=1, started='06:53:14') (10815) terminated with exit code 1
