[2023-10-01 06:25:29,090] {taskinstance.py:851} INFO - Dependencies all met for <TaskInstance: our_fourth_dag_v4.first_task 2022-02-09T00:00:00+00:00 [queued]>
[2023-10-01 06:25:30,023] {taskinstance.py:851} INFO - Dependencies all met for <TaskInstance: our_fourth_dag_v4.first_task 2022-02-09T00:00:00+00:00 [queued]>
[2023-10-01 06:25:30,025] {taskinstance.py:1042} INFO - 
--------------------------------------------------------------------------------
[2023-10-01 06:25:30,028] {taskinstance.py:1043} INFO - Starting attempt 1 of 6
[2023-10-01 06:25:30,030] {taskinstance.py:1044} INFO - 
--------------------------------------------------------------------------------
[2023-10-01 06:25:31,237] {taskinstance.py:1063} INFO - Executing <Task(BashOperator): first_task> on 2022-02-09T00:00:00+00:00
[2023-10-01 06:25:31,563] {standard_task_runner.py:52} INFO - Started process 6947 to run task
[2023-10-01 06:25:31,743] {standard_task_runner.py:76} INFO - Running: ['airflow', 'tasks', 'run', 'our_fourth_dag_v4', 'first_task', '2022-02-09T00:00:00+00:00', '--job-id', '1007', '--pool', 'default_pool', '--raw', '--subdir', 'DAGS_FOLDER/our_fourth_dag.py', '--cfg-path', '/tmp/tmpjn2edzin', '--error-file', '/tmp/tmp1xdug7g4']
[2023-10-01 06:25:31,918] {standard_task_runner.py:77} INFO - Job 1007: Subtask first_task
[2023-10-01 06:25:37,404] {logging_mixin.py:104} INFO - Running <TaskInstance: our_fourth_dag_v4.first_task 2022-02-09T00:00:00+00:00 [running]> on host d4ed655215d1
[2023-10-01 06:25:40,466] {taskinstance.py:1257} INFO - Exporting the following env vars:
AIRFLOW_CTX_DAG_OWNER=svastikkka
AIRFLOW_CTX_DAG_ID=our_fourth_dag_v4
AIRFLOW_CTX_TASK_ID=first_task
AIRFLOW_CTX_EXECUTION_DATE=2022-02-09T00:00:00+00:00
AIRFLOW_CTX_DAG_RUN_ID=scheduled__2022-02-09T00:00:00+00:00
[2023-10-01 06:25:40,510] {bash.py:135} INFO - Tmp dir root location: 
 /tmp
[2023-10-01 06:25:40,517] {bash.py:158} INFO - Running command: echo hello world, this is the first task!
[2023-10-01 06:25:41,137] {bash.py:169} INFO - Output:
[2023-10-01 06:25:41,207] {bash.py:173} INFO - hello world, this is the first task!
[2023-10-01 06:25:41,216] {bash.py:177} INFO - Command exited with return code 0
[2023-10-01 06:25:42,072] {taskinstance.py:1166} INFO - Marking task as SUCCESS. dag_id=our_fourth_dag_v4, task_id=first_task, execution_date=20220209T000000, start_date=20231001T062529, end_date=20231001T062542
[2023-10-01 06:25:43,345] {taskinstance.py:1220} INFO - 2 downstream tasks scheduled from follow-on schedule check
[2023-10-01 06:25:43,351] {local_task_job.py:188} WARNING - State of this instance has been externally set to success. Terminating instance.
[2023-10-01 06:25:43,432] {process_utils.py:100} INFO - Sending Signals.SIGTERM to GPID 6947
[2023-10-01 06:25:43,496] {process_utils.py:66} INFO - Process psutil.Process(pid=6947, status='terminated', exitcode=0, started='06:25:30') (6947) terminated with exit code 0
