[2023-10-01 06:14:37,611] {taskinstance.py:851} INFO - Dependencies all met for <TaskInstance: our_fourth_dag_v4.first_task 2021-10-26T00:00:00+00:00 [queued]>
[2023-10-01 06:14:37,846] {taskinstance.py:851} INFO - Dependencies all met for <TaskInstance: our_fourth_dag_v4.first_task 2021-10-26T00:00:00+00:00 [queued]>
[2023-10-01 06:14:37,857] {taskinstance.py:1042} INFO - 
--------------------------------------------------------------------------------
[2023-10-01 06:14:37,863] {taskinstance.py:1043} INFO - Starting attempt 1 of 6
[2023-10-01 06:14:37,867] {taskinstance.py:1044} INFO - 
--------------------------------------------------------------------------------
[2023-10-01 06:14:38,027] {taskinstance.py:1063} INFO - Executing <Task(BashOperator): first_task> on 2021-10-26T00:00:00+00:00
[2023-10-01 06:14:38,081] {standard_task_runner.py:52} INFO - Started process 5207 to run task
[2023-10-01 06:14:38,253] {standard_task_runner.py:76} INFO - Running: ['airflow', 'tasks', 'run', 'our_fourth_dag_v4', 'first_task', '2021-10-26T00:00:00+00:00', '--job-id', '688', '--pool', 'default_pool', '--raw', '--subdir', 'DAGS_FOLDER/our_fourth_dag.py', '--cfg-path', '/tmp/tmpokspfdyw', '--error-file', '/tmp/tmp4601i65p']
[2023-10-01 06:14:38,311] {standard_task_runner.py:77} INFO - Job 688: Subtask first_task
[2023-10-01 06:14:38,959] {logging_mixin.py:104} INFO - Running <TaskInstance: our_fourth_dag_v4.first_task 2021-10-26T00:00:00+00:00 [running]> on host d4ed655215d1
[2023-10-01 06:14:39,752] {taskinstance.py:1257} INFO - Exporting the following env vars:
AIRFLOW_CTX_DAG_OWNER=svastikkka
AIRFLOW_CTX_DAG_ID=our_fourth_dag_v4
AIRFLOW_CTX_TASK_ID=first_task
AIRFLOW_CTX_EXECUTION_DATE=2021-10-26T00:00:00+00:00
AIRFLOW_CTX_DAG_RUN_ID=scheduled__2021-10-26T00:00:00+00:00
[2023-10-01 06:14:39,756] {bash.py:135} INFO - Tmp dir root location: 
 /tmp
[2023-10-01 06:14:39,775] {bash.py:158} INFO - Running command: echo hello world, this is the first task!
[2023-10-01 06:14:40,541] {bash.py:169} INFO - Output:
[2023-10-01 06:14:40,708] {bash.py:173} INFO - hello world, this is the first task!
[2023-10-01 06:14:40,775] {bash.py:177} INFO - Command exited with return code 0
[2023-10-01 06:14:42,014] {taskinstance.py:1166} INFO - Marking task as SUCCESS. dag_id=our_fourth_dag_v4, task_id=first_task, execution_date=20211026T000000, start_date=20231001T061437, end_date=20231001T061442
[2023-10-01 06:14:44,974] {local_task_job.py:188} WARNING - State of this instance has been externally set to success. Terminating instance.
[2023-10-01 06:14:45,198] {process_utils.py:100} INFO - Sending Signals.SIGTERM to GPID 5207
[2023-10-01 06:14:46,921] {taskinstance.py:1239} ERROR - Received SIGTERM. Terminating subprocesses.
[2023-10-01 06:14:46,923] {bash.py:185} INFO - Sending SIGTERM signal to bash process group
[2023-10-01 06:14:47,250] {process_utils.py:66} INFO - Process psutil.Process(pid=5207, status='terminated', exitcode=1, started='06:14:37') (5207) terminated with exit code 1
