[2023-10-01 05:52:42,770] {taskinstance.py:851} INFO - Dependencies all met for <TaskInstance: our_third_dag_v3.second_task 2021-08-04T00:00:00+00:00 [queued]>
[2023-10-01 05:52:52,301] {taskinstance.py:851} INFO - Dependencies all met for <TaskInstance: our_third_dag_v3.second_task 2021-08-04T00:00:00+00:00 [queued]>
[2023-10-01 05:52:52,793] {taskinstance.py:1042} INFO - 
--------------------------------------------------------------------------------
[2023-10-01 05:52:52,820] {taskinstance.py:1043} INFO - Starting attempt 1 of 6
[2023-10-01 05:52:52,833] {taskinstance.py:1044} INFO - 
--------------------------------------------------------------------------------
[2023-10-01 05:52:54,648] {taskinstance.py:1063} INFO - Executing <Task(BashOperator): second_task> on 2021-08-04T00:00:00+00:00
[2023-10-01 05:52:57,040] {standard_task_runner.py:52} INFO - Started process 2305 to run task
[2023-10-01 05:52:58,067] {standard_task_runner.py:76} INFO - Running: ['airflow', 'tasks', 'run', 'our_third_dag_v3', 'second_task', '2021-08-04T00:00:00+00:00', '--job-id', '169', '--pool', 'default_pool', '--raw', '--subdir', 'DAGS_FOLDER/our_third_dag.py', '--cfg-path', '/tmp/tmptun2me64', '--error-file', '/tmp/tmpdjo7acer']
[2023-10-01 05:52:58,432] {standard_task_runner.py:77} INFO - Job 169: Subtask second_task
[2023-10-01 05:53:09,747] {logging_mixin.py:104} INFO - Running <TaskInstance: our_third_dag_v3.second_task 2021-08-04T00:00:00+00:00 [running]> on host d4ed655215d1
[2023-10-01 05:53:14,596] {taskinstance.py:1257} INFO - Exporting the following env vars:
AIRFLOW_CTX_DAG_OWNER=coder2j
AIRFLOW_CTX_DAG_ID=our_third_dag_v3
AIRFLOW_CTX_TASK_ID=second_task
AIRFLOW_CTX_EXECUTION_DATE=2021-08-04T00:00:00+00:00
AIRFLOW_CTX_DAG_RUN_ID=scheduled__2021-08-04T00:00:00+00:00
[2023-10-01 05:53:14,929] {bash.py:135} INFO - Tmp dir root location: 
 /tmp
[2023-10-01 05:53:15,178] {bash.py:158} INFO - Running command: echo hey, I am task2 and will be running after task1!
[2023-10-01 05:53:15,883] {bash.py:169} INFO - Output:
[2023-10-01 05:53:16,010] {bash.py:173} INFO - hey, I am task2 and will be running after task1!
[2023-10-01 05:53:16,047] {bash.py:177} INFO - Command exited with return code 0
[2023-10-01 05:53:17,497] {taskinstance.py:1166} INFO - Marking task as SUCCESS. dag_id=our_third_dag_v3, task_id=second_task, execution_date=20210804T000000, start_date=20231001T055243, end_date=20231001T055317
[2023-10-01 05:53:18,955] {taskinstance.py:1220} INFO - 0 downstream tasks scheduled from follow-on schedule check
[2023-10-01 05:53:19,275] {local_task_job.py:188} WARNING - State of this instance has been externally set to success. Terminating instance.
[2023-10-01 05:53:21,572] {process_utils.py:100} INFO - Sending Signals.SIGTERM to GPID 2305
[2023-10-01 05:53:22,034] {process_utils.py:66} INFO - Process psutil.Process(pid=2305, status='terminated', exitcode=0, started='05:52:55') (2305) terminated with exit code 0
