[2023-10-01 08:08:17,301] {taskinstance.py:851} INFO - Dependencies all met for <TaskInstance: our_eight_dag_v8.get_age 2021-08-13T00:00:00+00:00 [queued]>
[2023-10-01 08:08:17,736] {taskinstance.py:851} INFO - Dependencies all met for <TaskInstance: our_eight_dag_v8.get_age 2021-08-13T00:00:00+00:00 [queued]>
[2023-10-01 08:08:19,891] {taskinstance.py:1042} INFO - 
--------------------------------------------------------------------------------
[2023-10-01 08:08:20,031] {taskinstance.py:1043} INFO - Starting attempt 1 of 6
[2023-10-01 08:08:21,380] {taskinstance.py:1044} INFO - 
--------------------------------------------------------------------------------
[2023-10-01 08:08:23,040] {taskinstance.py:1063} INFO - Executing <Task(PythonOperator): get_age> on 2021-08-13T00:00:00+00:00
[2023-10-01 08:08:23,205] {standard_task_runner.py:52} INFO - Started process 24833 to run task
[2023-10-01 08:08:23,330] {standard_task_runner.py:76} INFO - Running: ['airflow', 'tasks', 'run', 'our_eight_dag_v8', 'get_age', '2021-08-13T00:00:00+00:00', '--job-id', '2468', '--pool', 'default_pool', '--raw', '--subdir', 'DAGS_FOLDER/our_eight_dag.py', '--cfg-path', '/tmp/tmp_frktfub', '--error-file', '/tmp/tmpcwhcr65_']
[2023-10-01 08:08:23,518] {standard_task_runner.py:77} INFO - Job 2468: Subtask get_age
[2023-10-01 08:08:24,935] {logging_mixin.py:104} INFO - Running <TaskInstance: our_eight_dag_v8.get_age 2021-08-13T00:00:00+00:00 [running]> on host d4ed655215d1
[2023-10-01 08:08:27,615] {taskinstance.py:1257} INFO - Exporting the following env vars:
AIRFLOW_CTX_DAG_OWNER=svastikkka
AIRFLOW_CTX_DAG_ID=our_eight_dag_v8
AIRFLOW_CTX_TASK_ID=get_age
AIRFLOW_CTX_EXECUTION_DATE=2021-08-13T00:00:00+00:00
AIRFLOW_CTX_DAG_RUN_ID=scheduled__2021-08-13T00:00:00+00:00
[2023-10-01 08:08:31,467] {python.py:118} INFO - Done. Returned value was: None
[2023-10-01 08:08:32,157] {taskinstance.py:1166} INFO - Marking task as SUCCESS. dag_id=our_eight_dag_v8, task_id=get_age, execution_date=20210813T000000, start_date=20231001T080817, end_date=20231001T080832
[2023-10-01 08:08:38,696] {taskinstance.py:1220} INFO - 1 downstream tasks scheduled from follow-on schedule check
[2023-10-01 08:08:41,046] {local_task_job.py:146} INFO - Task exited with return code 0
