[2023-10-01 07:39:43,835] {taskinstance.py:851} INFO - Dependencies all met for <TaskInstance: our_seventh_dag_v7.get_name 2021-09-30T00:00:00+00:00 [queued]>
[2023-10-01 07:39:43,961] {taskinstance.py:851} INFO - Dependencies all met for <TaskInstance: our_seventh_dag_v7.get_name 2021-09-30T00:00:00+00:00 [queued]>
[2023-10-01 07:39:43,963] {taskinstance.py:1042} INFO - 
--------------------------------------------------------------------------------
[2023-10-01 07:39:43,976] {taskinstance.py:1043} INFO - Starting attempt 1 of 6
[2023-10-01 07:39:43,981] {taskinstance.py:1044} INFO - 
--------------------------------------------------------------------------------
[2023-10-01 07:39:44,028] {taskinstance.py:1063} INFO - Executing <Task(PythonOperator): get_name> on 2021-09-30T00:00:00+00:00
[2023-10-01 07:39:44,049] {standard_task_runner.py:52} INFO - Started process 18816 to run task
[2023-10-01 07:39:44,089] {standard_task_runner.py:76} INFO - Running: ['airflow', 'tasks', 'run', 'our_seventh_dag_v7', 'get_name', '2021-09-30T00:00:00+00:00', '--job-id', '1456', '--pool', 'default_pool', '--raw', '--subdir', 'DAGS_FOLDER/our_seventh_dag.py', '--cfg-path', '/tmp/tmpllzyoq0o', '--error-file', '/tmp/tmpnwc3wcgg']
[2023-10-01 07:39:44,096] {standard_task_runner.py:77} INFO - Job 1456: Subtask get_name
[2023-10-01 07:39:44,347] {logging_mixin.py:104} INFO - Running <TaskInstance: our_seventh_dag_v7.get_name 2021-09-30T00:00:00+00:00 [running]> on host d4ed655215d1
[2023-10-01 07:39:44,987] {taskinstance.py:1257} INFO - Exporting the following env vars:
AIRFLOW_CTX_DAG_OWNER=svastikkka
AIRFLOW_CTX_DAG_ID=our_seventh_dag_v7
AIRFLOW_CTX_TASK_ID=get_name
AIRFLOW_CTX_EXECUTION_DATE=2021-09-30T00:00:00+00:00
AIRFLOW_CTX_DAG_RUN_ID=scheduled__2021-09-30T00:00:00+00:00
[2023-10-01 07:39:45,263] {python.py:118} INFO - Done. Returned value was: None
[2023-10-01 07:39:45,367] {taskinstance.py:1166} INFO - Marking task as SUCCESS. dag_id=our_seventh_dag_v7, task_id=get_name, execution_date=20210930T000000, start_date=20231001T073943, end_date=20231001T073945
[2023-10-01 07:39:45,700] {taskinstance.py:1220} INFO - 1 downstream tasks scheduled from follow-on schedule check
[2023-10-01 07:39:45,873] {local_task_job.py:146} INFO - Task exited with return code 0
