[2023-10-01 07:38:59,541] {taskinstance.py:851} INFO - Dependencies all met for <TaskInstance: our_seventh_dag_v7.greet 2021-09-14T00:00:00+00:00 [queued]>
[2023-10-01 07:38:59,826] {taskinstance.py:851} INFO - Dependencies all met for <TaskInstance: our_seventh_dag_v7.greet 2021-09-14T00:00:00+00:00 [queued]>
[2023-10-01 07:38:59,827] {taskinstance.py:1042} INFO - 
--------------------------------------------------------------------------------
[2023-10-01 07:38:59,829] {taskinstance.py:1043} INFO - Starting attempt 1 of 6
[2023-10-01 07:38:59,831] {taskinstance.py:1044} INFO - 
--------------------------------------------------------------------------------
[2023-10-01 07:39:00,030] {taskinstance.py:1063} INFO - Executing <Task(PythonOperator): greet> on 2021-09-14T00:00:00+00:00
[2023-10-01 07:39:00,110] {standard_task_runner.py:52} INFO - Started process 18660 to run task
[2023-10-01 07:39:00,281] {standard_task_runner.py:76} INFO - Running: ['airflow', 'tasks', 'run', 'our_seventh_dag_v7', 'greet', '2021-09-14T00:00:00+00:00', '--job-id', '1431', '--pool', 'default_pool', '--raw', '--subdir', 'DAGS_FOLDER/our_seventh_dag.py', '--cfg-path', '/tmp/tmpued_mkvq', '--error-file', '/tmp/tmpazq5fhpo']
[2023-10-01 07:39:00,330] {standard_task_runner.py:77} INFO - Job 1431: Subtask greet
[2023-10-01 07:39:01,036] {logging_mixin.py:104} INFO - Running <TaskInstance: our_seventh_dag_v7.greet 2021-09-14T00:00:00+00:00 [running]> on host d4ed655215d1
[2023-10-01 07:39:02,656] {taskinstance.py:1257} INFO - Exporting the following env vars:
AIRFLOW_CTX_DAG_OWNER=svastikkka
AIRFLOW_CTX_DAG_ID=our_seventh_dag_v7
AIRFLOW_CTX_TASK_ID=greet
AIRFLOW_CTX_EXECUTION_DATE=2021-09-14T00:00:00+00:00
AIRFLOW_CTX_DAG_RUN_ID=scheduled__2021-09-14T00:00:00+00:00
[2023-10-01 07:39:02,804] {logging_mixin.py:104} INFO - Hello My name is Manshu Sharma and I am 26 years old.
[2023-10-01 07:39:02,807] {python.py:118} INFO - Done. Returned value was: None
[2023-10-01 07:39:02,873] {taskinstance.py:1166} INFO - Marking task as SUCCESS. dag_id=our_seventh_dag_v7, task_id=greet, execution_date=20210914T000000, start_date=20231001T073859, end_date=20231001T073902
[2023-10-01 07:39:03,237] {taskinstance.py:1220} INFO - 0 downstream tasks scheduled from follow-on schedule check
[2023-10-01 07:39:03,422] {local_task_job.py:146} INFO - Task exited with return code 0
