[2023-10-01 05:55:05,733] {taskinstance.py:851} INFO - Dependencies all met for <TaskInstance: our_third_dag_v3.first_task 2021-08-16T00:00:00+00:00 [queued]>
[2023-10-01 05:55:06,393] {taskinstance.py:851} INFO - Dependencies all met for <TaskInstance: our_third_dag_v3.first_task 2021-08-16T00:00:00+00:00 [queued]>
[2023-10-01 05:55:06,396] {taskinstance.py:1042} INFO - 
--------------------------------------------------------------------------------
[2023-10-01 05:55:06,399] {taskinstance.py:1043} INFO - Starting attempt 1 of 6
[2023-10-01 05:55:06,410] {taskinstance.py:1044} INFO - 
--------------------------------------------------------------------------------
[2023-10-01 05:55:06,730] {taskinstance.py:1063} INFO - Executing <Task(BashOperator): first_task> on 2021-08-16T00:00:00+00:00
[2023-10-01 05:55:06,772] {standard_task_runner.py:52} INFO - Started process 2473 to run task
[2023-10-01 05:55:06,889] {standard_task_runner.py:76} INFO - Running: ['airflow', 'tasks', 'run', 'our_third_dag_v3', 'first_task', '2021-08-16T00:00:00+00:00', '--job-id', '199', '--pool', 'default_pool', '--raw', '--subdir', 'DAGS_FOLDER/our_third_dag.py', '--cfg-path', '/tmp/tmp2u4_441x', '--error-file', '/tmp/tmpvlcdp6ee']
[2023-10-01 05:55:07,007] {standard_task_runner.py:77} INFO - Job 199: Subtask first_task
[2023-10-01 05:55:08,028] {logging_mixin.py:104} INFO - Running <TaskInstance: our_third_dag_v3.first_task 2021-08-16T00:00:00+00:00 [running]> on host d4ed655215d1
[2023-10-01 05:55:09,242] {taskinstance.py:1257} INFO - Exporting the following env vars:
AIRFLOW_CTX_DAG_OWNER=coder2j
AIRFLOW_CTX_DAG_ID=our_third_dag_v3
AIRFLOW_CTX_TASK_ID=first_task
AIRFLOW_CTX_EXECUTION_DATE=2021-08-16T00:00:00+00:00
AIRFLOW_CTX_DAG_RUN_ID=scheduled__2021-08-16T00:00:00+00:00
[2023-10-01 05:55:09,250] {bash.py:135} INFO - Tmp dir root location: 
 /tmp
[2023-10-01 05:55:09,284] {bash.py:158} INFO - Running command: echo hello world, this is the first task!
[2023-10-01 05:55:09,530] {bash.py:169} INFO - Output:
[2023-10-01 05:55:09,579] {bash.py:173} INFO - hello world, this is the first task!
[2023-10-01 05:55:09,588] {bash.py:177} INFO - Command exited with return code 0
[2023-10-01 05:55:10,498] {taskinstance.py:1166} INFO - Marking task as SUCCESS. dag_id=our_third_dag_v3, task_id=first_task, execution_date=20210816T000000, start_date=20231001T055505, end_date=20231001T055510
[2023-10-01 05:55:14,301] {taskinstance.py:1220} INFO - 2 downstream tasks scheduled from follow-on schedule check
[2023-10-01 05:55:17,114] {local_task_job.py:146} INFO - Task exited with return code 0
