[2023-10-01 06:41:39,067] {taskinstance.py:851} INFO - Dependencies all met for <TaskInstance: our_sixth_dag_v6.get_name 2021-07-31T00:00:00+00:00 [queued]>
[2023-10-01 06:41:40,154] {taskinstance.py:851} INFO - Dependencies all met for <TaskInstance: our_sixth_dag_v6.get_name 2021-07-31T00:00:00+00:00 [queued]>
[2023-10-01 06:41:40,155] {taskinstance.py:1042} INFO - 
--------------------------------------------------------------------------------
[2023-10-01 06:41:40,162] {taskinstance.py:1043} INFO - Starting attempt 1 of 6
[2023-10-01 06:41:40,164] {taskinstance.py:1044} INFO - 
--------------------------------------------------------------------------------
[2023-10-01 06:41:40,366] {taskinstance.py:1063} INFO - Executing <Task(PythonOperator): get_name> on 2021-07-31T00:00:00+00:00
[2023-10-01 06:41:40,509] {standard_task_runner.py:52} INFO - Started process 9192 to run task
[2023-10-01 06:41:40,871] {standard_task_runner.py:76} INFO - Running: ['airflow', 'tasks', 'run', 'our_sixth_dag_v6', 'get_name', '2021-07-31T00:00:00+00:00', '--job-id', '1088', '--pool', 'default_pool', '--raw', '--subdir', 'DAGS_FOLDER/our_sixth_dag.py', '--cfg-path', '/tmp/tmp1qxkk34e', '--error-file', '/tmp/tmpv02paktl']
[2023-10-01 06:41:41,371] {standard_task_runner.py:77} INFO - Job 1088: Subtask get_name
[2023-10-01 06:41:44,288] {logging_mixin.py:104} INFO - Running <TaskInstance: our_sixth_dag_v6.get_name 2021-07-31T00:00:00+00:00 [running]> on host d4ed655215d1
[2023-10-01 06:41:47,532] {taskinstance.py:1257} INFO - Exporting the following env vars:
AIRFLOW_CTX_DAG_OWNER=svastikkka
AIRFLOW_CTX_DAG_ID=our_sixth_dag_v6
AIRFLOW_CTX_TASK_ID=get_name
AIRFLOW_CTX_EXECUTION_DATE=2021-07-31T00:00:00+00:00
AIRFLOW_CTX_DAG_RUN_ID=scheduled__2021-07-31T00:00:00+00:00
[2023-10-01 06:41:47,921] {python.py:118} INFO - Done. Returned value was: Manshu
[2023-10-01 06:41:51,374] {taskinstance.py:1166} INFO - Marking task as SUCCESS. dag_id=our_sixth_dag_v6, task_id=get_name, execution_date=20210731T000000, start_date=20231001T064139, end_date=20231001T064151
[2023-10-01 06:41:53,639] {taskinstance.py:1220} INFO - 0 downstream tasks scheduled from follow-on schedule check
[2023-10-01 06:41:54,125] {local_task_job.py:188} WARNING - State of this instance has been externally set to success. Terminating instance.
[2023-10-01 06:41:56,051] {process_utils.py:100} INFO - Sending Signals.SIGTERM to GPID 9192
[2023-10-01 06:41:56,127] {process_utils.py:66} INFO - Process psutil.Process(pid=9192, status='terminated', exitcode=0, started='06:41:40') (9192) terminated with exit code 0
