[2023-10-01 10:04:34,982] {taskinstance.py:851} INFO - Dependencies all met for <TaskInstance: postgres_v1.insert_into_table 2021-09-01T00:00:00+00:00 [queued]>
[2023-10-01 10:04:35,147] {taskinstance.py:851} INFO - Dependencies all met for <TaskInstance: postgres_v1.insert_into_table 2021-09-01T00:00:00+00:00 [queued]>
[2023-10-01 10:04:35,149] {taskinstance.py:1042} INFO - 
--------------------------------------------------------------------------------
[2023-10-01 10:04:35,152] {taskinstance.py:1043} INFO - Starting attempt 3 of 6
[2023-10-01 10:04:35,154] {taskinstance.py:1044} INFO - 
--------------------------------------------------------------------------------
[2023-10-01 10:04:35,254] {taskinstance.py:1063} INFO - Executing <Task(PostgresOperator): insert_into_table> on 2021-09-01T00:00:00+00:00
[2023-10-01 10:04:35,300] {standard_task_runner.py:52} INFO - Started process 45392 to run task
[2023-10-01 10:04:35,350] {standard_task_runner.py:76} INFO - Running: ['airflow', 'tasks', 'run', 'postgres_v1', 'insert_into_table', '2021-09-01T00:00:00+00:00', '--job-id', '2668', '--pool', 'default_pool', '--raw', '--subdir', 'DAGS_FOLDER/1_postgresql.py', '--cfg-path', '/tmp/tmpkmk0i4yo', '--error-file', '/tmp/tmpm4g8fln8']
[2023-10-01 10:04:35,410] {standard_task_runner.py:77} INFO - Job 2668: Subtask insert_into_table
[2023-10-01 10:04:35,897] {logging_mixin.py:104} INFO - Running <TaskInstance: postgres_v1.insert_into_table 2021-09-01T00:00:00+00:00 [running]> on host d4ed655215d1
[2023-10-01 10:04:36,296] {taskinstance.py:1257} INFO - Exporting the following env vars:
AIRFLOW_CTX_DAG_OWNER=svastikkka
AIRFLOW_CTX_DAG_ID=postgres_v1
AIRFLOW_CTX_TASK_ID=insert_into_table
AIRFLOW_CTX_EXECUTION_DATE=2021-09-01T00:00:00+00:00
AIRFLOW_CTX_DAG_RUN_ID=scheduled__2021-09-01T00:00:00+00:00
[2023-10-01 10:04:36,312] {postgres.py:69} INFO - Executing: 
            insert into dag_runs (dt, dag_id) values ('2021-09-01', 'postgres_v1')
        
[2023-10-01 10:04:36,403] {base.py:74} INFO - Using connection to: id: posgres_testing. Host: host.docker.internal, Port: 5432, Schema: testing, Login: airflow, Password: XXXXXXXX, extra: None
[2023-10-01 10:04:36,720] {dbapi.py:180} INFO - Running statement: 
            insert into dag_runs (dt, dag_id) values ('2021-09-01', 'postgres_v1')
        , parameters: None
[2023-10-01 10:04:36,735] {taskinstance.py:1455} ERROR - relation "dag_runs" does not exist
LINE 2:             insert into dag_runs (dt, dag_id) values ('2021-...
                                ^
Traceback (most recent call last):
  File "/home/airflow/.local/lib/python3.6/site-packages/airflow/models/taskinstance.py", line 1112, in _run_raw_task
    self._prepare_and_execute_task_with_callbacks(context, task)
  File "/home/airflow/.local/lib/python3.6/site-packages/airflow/models/taskinstance.py", line 1285, in _prepare_and_execute_task_with_callbacks
    result = self._execute_task(context, task_copy)
  File "/home/airflow/.local/lib/python3.6/site-packages/airflow/models/taskinstance.py", line 1315, in _execute_task
    result = task_copy.execute(context=context)
  File "/home/airflow/.local/lib/python3.6/site-packages/airflow/providers/postgres/operators/postgres.py", line 71, in execute
    self.hook.run(self.sql, self.autocommit, parameters=self.parameters)
  File "/home/airflow/.local/lib/python3.6/site-packages/airflow/hooks/dbapi.py", line 184, in run
    cur.execute(sql_statement)
psycopg2.errors.UndefinedTable: relation "dag_runs" does not exist
LINE 2:             insert into dag_runs (dt, dag_id) values ('2021-...
                                ^

[2023-10-01 10:04:36,748] {taskinstance.py:1503} INFO - Marking task as UP_FOR_RETRY. dag_id=postgres_v1, task_id=insert_into_table, execution_date=20210901T000000, start_date=20231001T100434, end_date=20231001T100436
[2023-10-01 10:04:36,919] {local_task_job.py:146} INFO - Task exited with return code 1
