[2023-10-01 10:07:18,560] {taskinstance.py:851} INFO - Dependencies all met for <TaskInstance: postgres_v1.insert_into_table 2021-09-01T00:00:00+00:00 [queued]>
[2023-10-01 10:07:19,473] {taskinstance.py:851} INFO - Dependencies all met for <TaskInstance: postgres_v1.insert_into_table 2021-09-01T00:00:00+00:00 [queued]>
[2023-10-01 10:07:19,475] {taskinstance.py:1042} INFO - 
--------------------------------------------------------------------------------
[2023-10-01 10:07:19,477] {taskinstance.py:1043} INFO - Starting attempt 4 of 6
[2023-10-01 10:07:19,484] {taskinstance.py:1044} INFO - 
--------------------------------------------------------------------------------
[2023-10-01 10:07:19,813] {taskinstance.py:1063} INFO - Executing <Task(PostgresOperator): insert_into_table> on 2021-09-01T00:00:00+00:00
[2023-10-01 10:07:19,906] {standard_task_runner.py:52} INFO - Started process 45971 to run task
[2023-10-01 10:07:20,346] {standard_task_runner.py:76} INFO - Running: ['airflow', 'tasks', 'run', 'postgres_v1', 'insert_into_table', '2021-09-01T00:00:00+00:00', '--job-id', '2696', '--pool', 'default_pool', '--raw', '--subdir', 'DAGS_FOLDER/1_postgresql.py', '--cfg-path', '/tmp/tmp4_mges_1', '--error-file', '/tmp/tmp83qh6zza']
[2023-10-01 10:07:20,513] {standard_task_runner.py:77} INFO - Job 2696: Subtask insert_into_table
[2023-10-01 10:07:21,878] {logging_mixin.py:104} INFO - Running <TaskInstance: postgres_v1.insert_into_table 2021-09-01T00:00:00+00:00 [running]> on host d4ed655215d1
[2023-10-01 10:07:24,100] {taskinstance.py:1257} INFO - Exporting the following env vars:
AIRFLOW_CTX_DAG_OWNER=svastikkka
AIRFLOW_CTX_DAG_ID=postgres_v1
AIRFLOW_CTX_TASK_ID=insert_into_table
AIRFLOW_CTX_EXECUTION_DATE=2021-09-01T00:00:00+00:00
AIRFLOW_CTX_DAG_RUN_ID=scheduled__2021-09-01T00:00:00+00:00
[2023-10-01 10:07:24,132] {postgres.py:69} INFO - Executing: 
            insert into dags_run (dt, dag_id) values ('2021-09-01', 'postgres_v1')
        
[2023-10-01 10:07:24,515] {base.py:74} INFO - Using connection to: id: posgres_testing. Host: host.docker.internal, Port: 5432, Schema: testing, Login: airflow, Password: XXXXXXXX, extra: None
[2023-10-01 10:07:24,631] {dbapi.py:180} INFO - Running statement: 
            insert into dags_run (dt, dag_id) values ('2021-09-01', 'postgres_v1')
        , parameters: None
[2023-10-01 10:07:24,667] {dbapi.py:186} INFO - Rows affected: 1
[2023-10-01 10:07:25,057] {taskinstance.py:1166} INFO - Marking task as SUCCESS. dag_id=postgres_v1, task_id=insert_into_table, execution_date=20210901T000000, start_date=20231001T100718, end_date=20231001T100725
[2023-10-01 10:07:25,898] {taskinstance.py:1220} INFO - 0 downstream tasks scheduled from follow-on schedule check
[2023-10-01 10:07:26,220] {local_task_job.py:146} INFO - Task exited with return code 0
