[2023-10-01 06:19:41,906] {taskinstance.py:851} INFO - Dependencies all met for <TaskInstance: our_fourth_dag_v4.second_task 2022-01-05T00:00:00+00:00 [queued]>
[2023-10-01 06:19:42,228] {taskinstance.py:851} INFO - Dependencies all met for <TaskInstance: our_fourth_dag_v4.second_task 2022-01-05T00:00:00+00:00 [queued]>
[2023-10-01 06:19:42,229] {taskinstance.py:1042} INFO - 
--------------------------------------------------------------------------------
[2023-10-01 06:19:42,231] {taskinstance.py:1043} INFO - Starting attempt 1 of 6
[2023-10-01 06:19:42,233] {taskinstance.py:1044} INFO - 
--------------------------------------------------------------------------------
[2023-10-01 06:19:42,345] {taskinstance.py:1063} INFO - Executing <Task(BashOperator): second_task> on 2022-01-05T00:00:00+00:00
[2023-10-01 06:19:42,390] {standard_task_runner.py:52} INFO - Started process 6291 to run task
[2023-10-01 06:19:42,448] {standard_task_runner.py:76} INFO - Running: ['airflow', 'tasks', 'run', 'our_fourth_dag_v4', 'second_task', '2022-01-05T00:00:00+00:00', '--job-id', '914', '--pool', 'default_pool', '--raw', '--subdir', 'DAGS_FOLDER/our_fourth_dag.py', '--cfg-path', '/tmp/tmprfvefe5o', '--error-file', '/tmp/tmp7_lrz_dj']
[2023-10-01 06:19:42,475] {standard_task_runner.py:77} INFO - Job 914: Subtask second_task
[2023-10-01 06:19:43,147] {logging_mixin.py:104} INFO - Running <TaskInstance: our_fourth_dag_v4.second_task 2022-01-05T00:00:00+00:00 [running]> on host d4ed655215d1
[2023-10-01 06:19:43,857] {taskinstance.py:1257} INFO - Exporting the following env vars:
AIRFLOW_CTX_DAG_OWNER=svastikkka
AIRFLOW_CTX_DAG_ID=our_fourth_dag_v4
AIRFLOW_CTX_TASK_ID=second_task
AIRFLOW_CTX_EXECUTION_DATE=2022-01-05T00:00:00+00:00
AIRFLOW_CTX_DAG_RUN_ID=scheduled__2022-01-05T00:00:00+00:00
[2023-10-01 06:19:43,866] {bash.py:135} INFO - Tmp dir root location: 
 /tmp
[2023-10-01 06:19:43,875] {bash.py:158} INFO - Running command: echo hey, I am task2 and will be running after task1!
[2023-10-01 06:19:44,018] {bash.py:169} INFO - Output:
[2023-10-01 06:19:44,025] {bash.py:173} INFO - hey, I am task2 and will be running after task1!
[2023-10-01 06:19:44,027] {bash.py:177} INFO - Command exited with return code 0
[2023-10-01 06:19:44,297] {taskinstance.py:1166} INFO - Marking task as SUCCESS. dag_id=our_fourth_dag_v4, task_id=second_task, execution_date=20220105T000000, start_date=20231001T061941, end_date=20231001T061944
[2023-10-01 06:19:45,933] {taskinstance.py:1220} INFO - 0 downstream tasks scheduled from follow-on schedule check
[2023-10-01 06:19:46,116] {local_task_job.py:146} INFO - Task exited with return code 0
