[2023-10-01 07:55:47,988] {taskinstance.py:851} INFO - Dependencies all met for <TaskInstance: our_seventh_dag_v7.greet 2022-12-12T00:00:00+00:00 [queued]>
[2023-10-01 07:55:48,410] {taskinstance.py:851} INFO - Dependencies all met for <TaskInstance: our_seventh_dag_v7.greet 2022-12-12T00:00:00+00:00 [queued]>
[2023-10-01 07:55:48,420] {taskinstance.py:1042} INFO - 
--------------------------------------------------------------------------------
[2023-10-01 07:55:48,435] {taskinstance.py:1043} INFO - Starting attempt 1 of 6
[2023-10-01 07:55:48,436] {taskinstance.py:1044} INFO - 
--------------------------------------------------------------------------------
[2023-10-01 07:55:48,695] {taskinstance.py:1063} INFO - Executing <Task(PythonOperator): greet> on 2022-12-12T00:00:00+00:00
[2023-10-01 07:55:48,890] {standard_task_runner.py:52} INFO - Started process 23317 to run task
[2023-10-01 07:55:49,014] {standard_task_runner.py:76} INFO - Running: ['airflow', 'tasks', 'run', 'our_seventh_dag_v7', 'greet', '2022-12-12T00:00:00+00:00', '--job-id', '2340', '--pool', 'default_pool', '--raw', '--subdir', 'DAGS_FOLDER/our_seventh_dag.py', '--cfg-path', '/tmp/tmp429vux08', '--error-file', '/tmp/tmp_g2k9vf0']
[2023-10-01 07:55:49,118] {standard_task_runner.py:77} INFO - Job 2340: Subtask greet
[2023-10-01 07:55:50,173] {logging_mixin.py:104} INFO - Running <TaskInstance: our_seventh_dag_v7.greet 2022-12-12T00:00:00+00:00 [running]> on host d4ed655215d1
[2023-10-01 07:55:51,375] {taskinstance.py:1257} INFO - Exporting the following env vars:
AIRFLOW_CTX_DAG_OWNER=svastikkka
AIRFLOW_CTX_DAG_ID=our_seventh_dag_v7
AIRFLOW_CTX_TASK_ID=greet
AIRFLOW_CTX_EXECUTION_DATE=2022-12-12T00:00:00+00:00
AIRFLOW_CTX_DAG_RUN_ID=scheduled__2022-12-12T00:00:00+00:00
[2023-10-01 07:55:51,629] {logging_mixin.py:104} INFO - Hello My name is Manshu Sharma and I am 26 years old.
[2023-10-01 07:55:51,634] {python.py:118} INFO - Done. Returned value was: None
[2023-10-01 07:55:51,860] {taskinstance.py:1166} INFO - Marking task as SUCCESS. dag_id=our_seventh_dag_v7, task_id=greet, execution_date=20221212T000000, start_date=20231001T075548, end_date=20231001T075551
[2023-10-01 07:55:52,546] {taskinstance.py:1220} INFO - 0 downstream tasks scheduled from follow-on schedule check
[2023-10-01 07:55:52,768] {local_task_job.py:146} INFO - Task exited with return code 0
